[2025-01-04 13:55:30,675] {taskinstance.py:1159} INFO - Dependencies all met for <TaskInstance: atividade_aula_4.print_hello_world scheduled__2025-01-03T00:00:00+00:00 [queued]>
[2025-01-04 13:55:30,684] {taskinstance.py:1159} INFO - Dependencies all met for <TaskInstance: atividade_aula_4.print_hello_world scheduled__2025-01-03T00:00:00+00:00 [queued]>
[2025-01-04 13:55:30,684] {taskinstance.py:1356} INFO - 
--------------------------------------------------------------------------------
[2025-01-04 13:55:30,684] {taskinstance.py:1357} INFO - Starting attempt 1 of 1
[2025-01-04 13:55:30,684] {taskinstance.py:1358} INFO - 
--------------------------------------------------------------------------------
[2025-01-04 13:55:30,707] {taskinstance.py:1377} INFO - Executing <Task(PythonOperator): print_hello_world> on 2025-01-03 00:00:00+00:00
[2025-01-04 13:55:30,709] {standard_task_runner.py:52} INFO - Started process 10028 to run task
[2025-01-04 13:55:30,712] {standard_task_runner.py:79} INFO - Running: ['airflow', 'tasks', 'run', 'atividade_aula_4', 'print_hello_world', 'scheduled__2025-01-03T00:00:00+00:00', '--job-id', '26', '--raw', '--subdir', 'DAGS_FOLDER/atividade_aula_4.py', '--cfg-path', '/tmp/tmpebzn1azg', '--error-file', '/tmp/tmpc7j4l1d4']
[2025-01-04 13:55:30,713] {standard_task_runner.py:80} INFO - Job 26: Subtask print_hello_world
[2025-01-04 13:55:30,770] {task_command.py:370} INFO - Running <TaskInstance: atividade_aula_4.print_hello_world scheduled__2025-01-03T00:00:00+00:00 [running]> on host daniel-virtual-machine
[2025-01-04 13:55:30,841] {taskinstance.py:1569} INFO - Exporting the following env vars:
AIRFLOW_CTX_DAG_OWNER=airflow
AIRFLOW_CTX_DAG_ID=atividade_aula_4
AIRFLOW_CTX_TASK_ID=print_hello_world
AIRFLOW_CTX_EXECUTION_DATE=2025-01-03T00:00:00+00:00
AIRFLOW_CTX_TRY_NUMBER=1
AIRFLOW_CTX_DAG_RUN_ID=scheduled__2025-01-03T00:00:00+00:00
[2025-01-04 13:55:30,842] {logging_mixin.py:115} INFO - Hello World! Welcome to airflow!
[2025-01-04 13:55:30,842] {python.py:173} INFO - Done. Returned value was: None
[2025-01-04 13:55:30,850] {taskinstance.py:1395} INFO - Marking task as SUCCESS. dag_id=atividade_aula_4, task_id=print_hello_world, execution_date=20250103T000000, start_date=20250104T165530, end_date=20250104T165530
[2025-01-04 13:55:30,889] {local_task_job.py:156} INFO - Task exited with return code 0
[2025-01-04 13:55:30,911] {local_task_job.py:273} INFO - 0 downstream tasks scheduled from follow-on schedule check
