[2025-01-05 10:40:06,776] {taskinstance.py:1159} INFO - Dependencies all met for <TaskInstance: weather_data.cria_pasta manual__2025-01-05T13:40:02.859488+00:00 [queued]>
[2025-01-05 10:40:06,788] {taskinstance.py:1159} INFO - Dependencies all met for <TaskInstance: weather_data.cria_pasta manual__2025-01-05T13:40:02.859488+00:00 [queued]>
[2025-01-05 10:40:06,788] {taskinstance.py:1356} INFO - 
--------------------------------------------------------------------------------
[2025-01-05 10:40:06,788] {taskinstance.py:1357} INFO - Starting attempt 1 of 1
[2025-01-05 10:40:06,788] {taskinstance.py:1358} INFO - 
--------------------------------------------------------------------------------
[2025-01-05 10:40:06,819] {taskinstance.py:1377} INFO - Executing <Task(BashOperator): cria_pasta> on 2025-01-05 13:40:02.859488+00:00
[2025-01-05 10:40:06,828] {standard_task_runner.py:52} INFO - Started process 17855 to run task
[2025-01-05 10:40:06,837] {standard_task_runner.py:79} INFO - Running: ['airflow', 'tasks', 'run', 'weather_data', 'cria_pasta', 'manual__2025-01-05T13:40:02.859488+00:00', '--job-id', '54', '--raw', '--subdir', 'DAGS_FOLDER/weather_data.py', '--cfg-path', '/tmp/tmp269rt0nx', '--error-file', '/tmp/tmpndqm03yc']
[2025-01-05 10:40:06,845] {standard_task_runner.py:80} INFO - Job 54: Subtask cria_pasta
[2025-01-05 10:40:06,975] {task_command.py:370} INFO - Running <TaskInstance: weather_data.cria_pasta manual__2025-01-05T13:40:02.859488+00:00 [running]> on host daniel-virtual-machine
[2025-01-05 10:40:07,076] {taskinstance.py:1569} INFO - Exporting the following env vars:
AIRFLOW_CTX_DAG_OWNER=airflow
AIRFLOW_CTX_DAG_ID=weather_data
AIRFLOW_CTX_TASK_ID=cria_pasta
AIRFLOW_CTX_EXECUTION_DATE=2025-01-05T13:40:02.859488+00:00
AIRFLOW_CTX_TRY_NUMBER=1
AIRFLOW_CTX_DAG_RUN_ID=manual__2025-01-05T13:40:02.859488+00:00
[2025-01-05 10:40:07,080] {subprocess.py:62} INFO - Tmp dir root location: 
 /tmp
[2025-01-05 10:40:07,080] {subprocess.py:74} INFO - Running command: ['bash', '-c', 'mkdir -p "/home/daniel/Documents/Alura/python_apache_airflow_pipeline/week=2024-12-30"']
[2025-01-05 10:40:07,099] {subprocess.py:85} INFO - Output:
[2025-01-05 10:40:07,111] {subprocess.py:96} INFO - Command exited with return code 0
[2025-01-05 10:40:07,163] {taskinstance.py:1395} INFO - Marking task as SUCCESS. dag_id=weather_data, task_id=cria_pasta, execution_date=20250105T134002, start_date=20250105T134006, end_date=20250105T134007
[2025-01-05 10:40:07,223] {local_task_job.py:156} INFO - Task exited with return code 0
[2025-01-05 10:40:07,275] {local_task_job.py:273} INFO - 1 downstream tasks scheduled from follow-on schedule check
