[2025-01-03 23:20:32,693] {taskinstance.py:1159} INFO - Dependencies all met for <TaskInstance: example_branch_datetime_operator_2.datetime_branch scheduled__2025-01-03T00:00:00+00:00 [queued]>
[2025-01-03 23:20:32,704] {taskinstance.py:1159} INFO - Dependencies all met for <TaskInstance: example_branch_datetime_operator_2.datetime_branch scheduled__2025-01-03T00:00:00+00:00 [queued]>
[2025-01-03 23:20:32,705] {taskinstance.py:1356} INFO - 
--------------------------------------------------------------------------------
[2025-01-03 23:20:32,705] {taskinstance.py:1357} INFO - Starting attempt 1 of 1
[2025-01-03 23:20:32,705] {taskinstance.py:1358} INFO - 
--------------------------------------------------------------------------------
[2025-01-03 23:20:32,721] {taskinstance.py:1377} INFO - Executing <Task(BranchDateTimeOperator): datetime_branch> on 2025-01-03 00:00:00+00:00
[2025-01-03 23:20:32,723] {standard_task_runner.py:52} INFO - Started process 4310 to run task
[2025-01-03 23:20:32,734] {standard_task_runner.py:79} INFO - Running: ['airflow', 'tasks', 'run', 'example_branch_datetime_operator_2', 'datetime_branch', 'scheduled__2025-01-03T00:00:00+00:00', '--job-id', '7', '--raw', '--subdir', '/home/daniel/.local/lib/python3.8/site-packages/airflow/example_dags/example_branch_datetime_operator.py', '--cfg-path', '/tmp/tmpppwi616p', '--error-file', '/tmp/tmpvwiczs76']
[2025-01-03 23:20:32,734] {standard_task_runner.py:80} INFO - Job 7: Subtask datetime_branch
[2025-01-03 23:20:32,925] {task_command.py:370} INFO - Running <TaskInstance: example_branch_datetime_operator_2.datetime_branch scheduled__2025-01-03T00:00:00+00:00 [running]> on host daniel-virtual-machine
[2025-01-03 23:20:33,118] {taskinstance.py:1569} INFO - Exporting the following env vars:
AIRFLOW_CTX_DAG_OWNER=airflow
AIRFLOW_CTX_DAG_ID=example_branch_datetime_operator_2
AIRFLOW_CTX_TASK_ID=datetime_branch
AIRFLOW_CTX_EXECUTION_DATE=2025-01-03T00:00:00+00:00
AIRFLOW_CTX_TRY_NUMBER=1
AIRFLOW_CTX_DAG_RUN_ID=scheduled__2025-01-03T00:00:00+00:00
[2025-01-03 23:20:33,125] {skipmixin.py:140} INFO - Following branch ['date_outside_range']
[2025-01-03 23:20:33,127] {skipmixin.py:175} INFO - Skipping tasks ['date_in_range']
[2025-01-03 23:20:33,191] {taskinstance.py:1395} INFO - Marking task as SUCCESS. dag_id=example_branch_datetime_operator_2, task_id=datetime_branch, execution_date=20250103T000000, start_date=20250104T022032, end_date=20250104T022033
[2025-01-03 23:20:33,255] {local_task_job.py:156} INFO - Task exited with return code 0
[2025-01-03 23:20:33,322] {local_task_job.py:273} INFO - 1 downstream tasks scheduled from follow-on schedule check
