[2025-01-05 09:09:17,609] {processor.py:153} INFO - Started process (PID=17686) to work on /home/daniel/Documents/Alura/python_apache_airflow_pipeline/venv/lib/python3.9/site-packages/airflow/example_dags/plugins/workday.py
[2025-01-05 09:09:17,610] {processor.py:641} INFO - Processing file /home/daniel/Documents/Alura/python_apache_airflow_pipeline/venv/lib/python3.9/site-packages/airflow/example_dags/plugins/workday.py for tasks to queue
[2025-01-05 09:09:17,611] {logging_mixin.py:115} INFO - [2025-01-05 09:09:17,611] {dagbag.py:507} INFO - Filling up the DagBag from /home/daniel/Documents/Alura/python_apache_airflow_pipeline/venv/lib/python3.9/site-packages/airflow/example_dags/plugins/workday.py
[2025-01-05 09:09:17,617] {processor.py:653} WARNING - No viable dags retrieved from /home/daniel/Documents/Alura/python_apache_airflow_pipeline/venv/lib/python3.9/site-packages/airflow/example_dags/plugins/workday.py
[2025-01-05 09:09:17,644] {processor.py:161} INFO - Processing /home/daniel/Documents/Alura/python_apache_airflow_pipeline/venv/lib/python3.9/site-packages/airflow/example_dags/plugins/workday.py took 0.042 seconds
[2025-01-05 09:39:29,161] {processor.py:153} INFO - Started process (PID=4991) to work on /home/daniel/Documents/Alura/python_apache_airflow_pipeline/venv/lib/python3.9/site-packages/airflow/example_dags/plugins/workday.py
[2025-01-05 09:39:29,174] {processor.py:641} INFO - Processing file /home/daniel/Documents/Alura/python_apache_airflow_pipeline/venv/lib/python3.9/site-packages/airflow/example_dags/plugins/workday.py for tasks to queue
[2025-01-05 09:39:29,177] {logging_mixin.py:115} INFO - [2025-01-05 09:39:29,177] {dagbag.py:507} INFO - Filling up the DagBag from /home/daniel/Documents/Alura/python_apache_airflow_pipeline/venv/lib/python3.9/site-packages/airflow/example_dags/plugins/workday.py
[2025-01-05 09:39:29,182] {processor.py:653} WARNING - No viable dags retrieved from /home/daniel/Documents/Alura/python_apache_airflow_pipeline/venv/lib/python3.9/site-packages/airflow/example_dags/plugins/workday.py
[2025-01-05 09:39:29,273] {processor.py:161} INFO - Processing /home/daniel/Documents/Alura/python_apache_airflow_pipeline/venv/lib/python3.9/site-packages/airflow/example_dags/plugins/workday.py took 0.123 seconds
[2025-01-05 09:41:11,008] {processor.py:153} INFO - Started process (PID=5684) to work on /home/daniel/Documents/Alura/python_apache_airflow_pipeline/venv/lib/python3.9/site-packages/airflow/example_dags/plugins/workday.py
[2025-01-05 09:41:11,017] {processor.py:641} INFO - Processing file /home/daniel/Documents/Alura/python_apache_airflow_pipeline/venv/lib/python3.9/site-packages/airflow/example_dags/plugins/workday.py for tasks to queue
[2025-01-05 09:41:11,025] {logging_mixin.py:115} INFO - [2025-01-05 09:41:11,024] {dagbag.py:507} INFO - Filling up the DagBag from /home/daniel/Documents/Alura/python_apache_airflow_pipeline/venv/lib/python3.9/site-packages/airflow/example_dags/plugins/workday.py
[2025-01-05 09:41:11,061] {processor.py:653} WARNING - No viable dags retrieved from /home/daniel/Documents/Alura/python_apache_airflow_pipeline/venv/lib/python3.9/site-packages/airflow/example_dags/plugins/workday.py
[2025-01-05 09:41:11,178] {processor.py:161} INFO - Processing /home/daniel/Documents/Alura/python_apache_airflow_pipeline/venv/lib/python3.9/site-packages/airflow/example_dags/plugins/workday.py took 0.250 seconds
[2025-01-05 09:54:44,535] {processor.py:153} INFO - Started process (PID=3568) to work on /home/daniel/Documents/Alura/python_apache_airflow_pipeline/venv/lib/python3.9/site-packages/airflow/example_dags/plugins/workday.py
[2025-01-05 09:54:44,539] {processor.py:641} INFO - Processing file /home/daniel/Documents/Alura/python_apache_airflow_pipeline/venv/lib/python3.9/site-packages/airflow/example_dags/plugins/workday.py for tasks to queue
[2025-01-05 09:54:44,542] {logging_mixin.py:115} INFO - [2025-01-05 09:54:44,541] {dagbag.py:507} INFO - Filling up the DagBag from /home/daniel/Documents/Alura/python_apache_airflow_pipeline/venv/lib/python3.9/site-packages/airflow/example_dags/plugins/workday.py
[2025-01-05 09:54:44,552] {processor.py:653} WARNING - No viable dags retrieved from /home/daniel/Documents/Alura/python_apache_airflow_pipeline/venv/lib/python3.9/site-packages/airflow/example_dags/plugins/workday.py
[2025-01-05 09:54:44,584] {processor.py:161} INFO - Processing /home/daniel/Documents/Alura/python_apache_airflow_pipeline/venv/lib/python3.9/site-packages/airflow/example_dags/plugins/workday.py took 0.060 seconds
[2025-01-05 09:55:26,213] {processor.py:153} INFO - Started process (PID=3900) to work on /home/daniel/Documents/Alura/python_apache_airflow_pipeline/venv/lib/python3.9/site-packages/airflow/example_dags/plugins/workday.py
[2025-01-05 09:55:26,215] {processor.py:641} INFO - Processing file /home/daniel/Documents/Alura/python_apache_airflow_pipeline/venv/lib/python3.9/site-packages/airflow/example_dags/plugins/workday.py for tasks to queue
[2025-01-05 09:55:26,219] {logging_mixin.py:115} INFO - [2025-01-05 09:55:26,219] {dagbag.py:507} INFO - Filling up the DagBag from /home/daniel/Documents/Alura/python_apache_airflow_pipeline/venv/lib/python3.9/site-packages/airflow/example_dags/plugins/workday.py
[2025-01-05 09:55:26,227] {processor.py:653} WARNING - No viable dags retrieved from /home/daniel/Documents/Alura/python_apache_airflow_pipeline/venv/lib/python3.9/site-packages/airflow/example_dags/plugins/workday.py
[2025-01-05 09:55:26,260] {processor.py:161} INFO - Processing /home/daniel/Documents/Alura/python_apache_airflow_pipeline/venv/lib/python3.9/site-packages/airflow/example_dags/plugins/workday.py took 0.055 seconds
[2025-01-05 09:56:08,337] {processor.py:153} INFO - Started process (PID=4259) to work on /home/daniel/Documents/Alura/python_apache_airflow_pipeline/venv/lib/python3.9/site-packages/airflow/example_dags/plugins/workday.py
[2025-01-05 09:56:08,339] {processor.py:641} INFO - Processing file /home/daniel/Documents/Alura/python_apache_airflow_pipeline/venv/lib/python3.9/site-packages/airflow/example_dags/plugins/workday.py for tasks to queue
[2025-01-05 09:56:08,340] {logging_mixin.py:115} INFO - [2025-01-05 09:56:08,340] {dagbag.py:507} INFO - Filling up the DagBag from /home/daniel/Documents/Alura/python_apache_airflow_pipeline/venv/lib/python3.9/site-packages/airflow/example_dags/plugins/workday.py
[2025-01-05 09:56:08,345] {processor.py:653} WARNING - No viable dags retrieved from /home/daniel/Documents/Alura/python_apache_airflow_pipeline/venv/lib/python3.9/site-packages/airflow/example_dags/plugins/workday.py
[2025-01-05 09:56:08,370] {processor.py:161} INFO - Processing /home/daniel/Documents/Alura/python_apache_airflow_pipeline/venv/lib/python3.9/site-packages/airflow/example_dags/plugins/workday.py took 0.040 seconds
[2025-01-05 09:56:49,250] {processor.py:153} INFO - Started process (PID=4662) to work on /home/daniel/Documents/Alura/python_apache_airflow_pipeline/venv/lib/python3.9/site-packages/airflow/example_dags/plugins/workday.py
[2025-01-05 09:56:49,253] {processor.py:641} INFO - Processing file /home/daniel/Documents/Alura/python_apache_airflow_pipeline/venv/lib/python3.9/site-packages/airflow/example_dags/plugins/workday.py for tasks to queue
[2025-01-05 09:56:49,254] {logging_mixin.py:115} INFO - [2025-01-05 09:56:49,254] {dagbag.py:507} INFO - Filling up the DagBag from /home/daniel/Documents/Alura/python_apache_airflow_pipeline/venv/lib/python3.9/site-packages/airflow/example_dags/plugins/workday.py
[2025-01-05 09:56:49,259] {processor.py:653} WARNING - No viable dags retrieved from /home/daniel/Documents/Alura/python_apache_airflow_pipeline/venv/lib/python3.9/site-packages/airflow/example_dags/plugins/workday.py
[2025-01-05 09:56:49,292] {processor.py:161} INFO - Processing /home/daniel/Documents/Alura/python_apache_airflow_pipeline/venv/lib/python3.9/site-packages/airflow/example_dags/plugins/workday.py took 0.050 seconds
[2025-01-05 09:57:38,133] {processor.py:153} INFO - Started process (PID=5091) to work on /home/daniel/Documents/Alura/python_apache_airflow_pipeline/venv/lib/python3.9/site-packages/airflow/example_dags/plugins/workday.py
[2025-01-05 09:57:38,135] {processor.py:641} INFO - Processing file /home/daniel/Documents/Alura/python_apache_airflow_pipeline/venv/lib/python3.9/site-packages/airflow/example_dags/plugins/workday.py for tasks to queue
[2025-01-05 09:57:38,135] {logging_mixin.py:115} INFO - [2025-01-05 09:57:38,135] {dagbag.py:507} INFO - Filling up the DagBag from /home/daniel/Documents/Alura/python_apache_airflow_pipeline/venv/lib/python3.9/site-packages/airflow/example_dags/plugins/workday.py
[2025-01-05 09:57:38,139] {processor.py:653} WARNING - No viable dags retrieved from /home/daniel/Documents/Alura/python_apache_airflow_pipeline/venv/lib/python3.9/site-packages/airflow/example_dags/plugins/workday.py
[2025-01-05 09:57:38,165] {processor.py:161} INFO - Processing /home/daniel/Documents/Alura/python_apache_airflow_pipeline/venv/lib/python3.9/site-packages/airflow/example_dags/plugins/workday.py took 0.038 seconds
[2025-01-05 09:58:17,478] {processor.py:153} INFO - Started process (PID=5555) to work on /home/daniel/Documents/Alura/python_apache_airflow_pipeline/venv/lib/python3.9/site-packages/airflow/example_dags/plugins/workday.py
[2025-01-05 09:58:17,481] {processor.py:641} INFO - Processing file /home/daniel/Documents/Alura/python_apache_airflow_pipeline/venv/lib/python3.9/site-packages/airflow/example_dags/plugins/workday.py for tasks to queue
[2025-01-05 09:58:17,482] {logging_mixin.py:115} INFO - [2025-01-05 09:58:17,482] {dagbag.py:507} INFO - Filling up the DagBag from /home/daniel/Documents/Alura/python_apache_airflow_pipeline/venv/lib/python3.9/site-packages/airflow/example_dags/plugins/workday.py
[2025-01-05 09:58:17,486] {processor.py:653} WARNING - No viable dags retrieved from /home/daniel/Documents/Alura/python_apache_airflow_pipeline/venv/lib/python3.9/site-packages/airflow/example_dags/plugins/workday.py
[2025-01-05 09:58:17,510] {processor.py:161} INFO - Processing /home/daniel/Documents/Alura/python_apache_airflow_pipeline/venv/lib/python3.9/site-packages/airflow/example_dags/plugins/workday.py took 0.040 seconds
[2025-01-05 09:59:01,115] {processor.py:153} INFO - Started process (PID=5980) to work on /home/daniel/Documents/Alura/python_apache_airflow_pipeline/venv/lib/python3.9/site-packages/airflow/example_dags/plugins/workday.py
[2025-01-05 09:59:01,118] {processor.py:641} INFO - Processing file /home/daniel/Documents/Alura/python_apache_airflow_pipeline/venv/lib/python3.9/site-packages/airflow/example_dags/plugins/workday.py for tasks to queue
[2025-01-05 09:59:01,122] {logging_mixin.py:115} INFO - [2025-01-05 09:59:01,122] {dagbag.py:507} INFO - Filling up the DagBag from /home/daniel/Documents/Alura/python_apache_airflow_pipeline/venv/lib/python3.9/site-packages/airflow/example_dags/plugins/workday.py
[2025-01-05 09:59:01,127] {processor.py:653} WARNING - No viable dags retrieved from /home/daniel/Documents/Alura/python_apache_airflow_pipeline/venv/lib/python3.9/site-packages/airflow/example_dags/plugins/workday.py
[2025-01-05 09:59:01,165] {processor.py:161} INFO - Processing /home/daniel/Documents/Alura/python_apache_airflow_pipeline/venv/lib/python3.9/site-packages/airflow/example_dags/plugins/workday.py took 0.074 seconds
[2025-01-05 09:59:38,591] {processor.py:153} INFO - Started process (PID=6467) to work on /home/daniel/Documents/Alura/python_apache_airflow_pipeline/venv/lib/python3.9/site-packages/airflow/example_dags/plugins/workday.py
[2025-01-05 09:59:38,595] {processor.py:641} INFO - Processing file /home/daniel/Documents/Alura/python_apache_airflow_pipeline/venv/lib/python3.9/site-packages/airflow/example_dags/plugins/workday.py for tasks to queue
[2025-01-05 09:59:38,598] {logging_mixin.py:115} INFO - [2025-01-05 09:59:38,598] {dagbag.py:507} INFO - Filling up the DagBag from /home/daniel/Documents/Alura/python_apache_airflow_pipeline/venv/lib/python3.9/site-packages/airflow/example_dags/plugins/workday.py
[2025-01-05 09:59:38,603] {processor.py:653} WARNING - No viable dags retrieved from /home/daniel/Documents/Alura/python_apache_airflow_pipeline/venv/lib/python3.9/site-packages/airflow/example_dags/plugins/workday.py
[2025-01-05 09:59:38,642] {processor.py:161} INFO - Processing /home/daniel/Documents/Alura/python_apache_airflow_pipeline/venv/lib/python3.9/site-packages/airflow/example_dags/plugins/workday.py took 0.060 seconds
[2025-01-05 10:00:24,750] {processor.py:153} INFO - Started process (PID=6727) to work on /home/daniel/Documents/Alura/python_apache_airflow_pipeline/venv/lib/python3.9/site-packages/airflow/example_dags/plugins/workday.py
[2025-01-05 10:00:24,754] {processor.py:641} INFO - Processing file /home/daniel/Documents/Alura/python_apache_airflow_pipeline/venv/lib/python3.9/site-packages/airflow/example_dags/plugins/workday.py for tasks to queue
[2025-01-05 10:00:24,757] {logging_mixin.py:115} INFO - [2025-01-05 10:00:24,757] {dagbag.py:507} INFO - Filling up the DagBag from /home/daniel/Documents/Alura/python_apache_airflow_pipeline/venv/lib/python3.9/site-packages/airflow/example_dags/plugins/workday.py
[2025-01-05 10:00:24,761] {processor.py:653} WARNING - No viable dags retrieved from /home/daniel/Documents/Alura/python_apache_airflow_pipeline/venv/lib/python3.9/site-packages/airflow/example_dags/plugins/workday.py
[2025-01-05 10:00:24,794] {processor.py:161} INFO - Processing /home/daniel/Documents/Alura/python_apache_airflow_pipeline/venv/lib/python3.9/site-packages/airflow/example_dags/plugins/workday.py took 0.051 seconds
[2025-01-05 10:01:12,934] {processor.py:153} INFO - Started process (PID=7126) to work on /home/daniel/Documents/Alura/python_apache_airflow_pipeline/venv/lib/python3.9/site-packages/airflow/example_dags/plugins/workday.py
[2025-01-05 10:01:12,937] {processor.py:641} INFO - Processing file /home/daniel/Documents/Alura/python_apache_airflow_pipeline/venv/lib/python3.9/site-packages/airflow/example_dags/plugins/workday.py for tasks to queue
[2025-01-05 10:01:12,938] {logging_mixin.py:115} INFO - [2025-01-05 10:01:12,938] {dagbag.py:507} INFO - Filling up the DagBag from /home/daniel/Documents/Alura/python_apache_airflow_pipeline/venv/lib/python3.9/site-packages/airflow/example_dags/plugins/workday.py
[2025-01-05 10:01:12,962] {processor.py:653} WARNING - No viable dags retrieved from /home/daniel/Documents/Alura/python_apache_airflow_pipeline/venv/lib/python3.9/site-packages/airflow/example_dags/plugins/workday.py
[2025-01-05 10:01:13,025] {processor.py:161} INFO - Processing /home/daniel/Documents/Alura/python_apache_airflow_pipeline/venv/lib/python3.9/site-packages/airflow/example_dags/plugins/workday.py took 0.103 seconds
[2025-01-05 10:03:05,198] {processor.py:153} INFO - Started process (PID=7888) to work on /home/daniel/Documents/Alura/python_apache_airflow_pipeline/venv/lib/python3.9/site-packages/airflow/example_dags/plugins/workday.py
[2025-01-05 10:03:05,201] {processor.py:641} INFO - Processing file /home/daniel/Documents/Alura/python_apache_airflow_pipeline/venv/lib/python3.9/site-packages/airflow/example_dags/plugins/workday.py for tasks to queue
[2025-01-05 10:03:05,202] {logging_mixin.py:115} INFO - [2025-01-05 10:03:05,202] {dagbag.py:507} INFO - Filling up the DagBag from /home/daniel/Documents/Alura/python_apache_airflow_pipeline/venv/lib/python3.9/site-packages/airflow/example_dags/plugins/workday.py
[2025-01-05 10:03:05,213] {processor.py:653} WARNING - No viable dags retrieved from /home/daniel/Documents/Alura/python_apache_airflow_pipeline/venv/lib/python3.9/site-packages/airflow/example_dags/plugins/workday.py
[2025-01-05 10:03:05,262] {processor.py:161} INFO - Processing /home/daniel/Documents/Alura/python_apache_airflow_pipeline/venv/lib/python3.9/site-packages/airflow/example_dags/plugins/workday.py took 0.077 seconds
[2025-01-05 10:03:58,017] {processor.py:153} INFO - Started process (PID=8114) to work on /home/daniel/Documents/Alura/python_apache_airflow_pipeline/venv/lib/python3.9/site-packages/airflow/example_dags/plugins/workday.py
[2025-01-05 10:03:58,021] {processor.py:641} INFO - Processing file /home/daniel/Documents/Alura/python_apache_airflow_pipeline/venv/lib/python3.9/site-packages/airflow/example_dags/plugins/workday.py for tasks to queue
[2025-01-05 10:03:58,025] {logging_mixin.py:115} INFO - [2025-01-05 10:03:58,022] {dagbag.py:507} INFO - Filling up the DagBag from /home/daniel/Documents/Alura/python_apache_airflow_pipeline/venv/lib/python3.9/site-packages/airflow/example_dags/plugins/workday.py
[2025-01-05 10:03:58,030] {processor.py:653} WARNING - No viable dags retrieved from /home/daniel/Documents/Alura/python_apache_airflow_pipeline/venv/lib/python3.9/site-packages/airflow/example_dags/plugins/workday.py
[2025-01-05 10:03:58,102] {processor.py:161} INFO - Processing /home/daniel/Documents/Alura/python_apache_airflow_pipeline/venv/lib/python3.9/site-packages/airflow/example_dags/plugins/workday.py took 0.104 seconds
[2025-01-05 10:04:52,885] {processor.py:153} INFO - Started process (PID=8231) to work on /home/daniel/Documents/Alura/python_apache_airflow_pipeline/venv/lib/python3.9/site-packages/airflow/example_dags/plugins/workday.py
[2025-01-05 10:04:52,893] {processor.py:641} INFO - Processing file /home/daniel/Documents/Alura/python_apache_airflow_pipeline/venv/lib/python3.9/site-packages/airflow/example_dags/plugins/workday.py for tasks to queue
[2025-01-05 10:04:52,901] {logging_mixin.py:115} INFO - [2025-01-05 10:04:52,901] {dagbag.py:507} INFO - Filling up the DagBag from /home/daniel/Documents/Alura/python_apache_airflow_pipeline/venv/lib/python3.9/site-packages/airflow/example_dags/plugins/workday.py
[2025-01-05 10:04:52,918] {processor.py:653} WARNING - No viable dags retrieved from /home/daniel/Documents/Alura/python_apache_airflow_pipeline/venv/lib/python3.9/site-packages/airflow/example_dags/plugins/workday.py
[2025-01-05 10:04:53,001] {processor.py:161} INFO - Processing /home/daniel/Documents/Alura/python_apache_airflow_pipeline/venv/lib/python3.9/site-packages/airflow/example_dags/plugins/workday.py took 0.144 seconds
[2025-01-05 10:06:41,921] {processor.py:153} INFO - Started process (PID=8642) to work on /home/daniel/Documents/Alura/python_apache_airflow_pipeline/venv/lib/python3.9/site-packages/airflow/example_dags/plugins/workday.py
[2025-01-05 10:06:41,937] {processor.py:641} INFO - Processing file /home/daniel/Documents/Alura/python_apache_airflow_pipeline/venv/lib/python3.9/site-packages/airflow/example_dags/plugins/workday.py for tasks to queue
[2025-01-05 10:06:41,945] {logging_mixin.py:115} INFO - [2025-01-05 10:06:41,941] {dagbag.py:507} INFO - Filling up the DagBag from /home/daniel/Documents/Alura/python_apache_airflow_pipeline/venv/lib/python3.9/site-packages/airflow/example_dags/plugins/workday.py
[2025-01-05 10:06:41,997] {processor.py:653} WARNING - No viable dags retrieved from /home/daniel/Documents/Alura/python_apache_airflow_pipeline/venv/lib/python3.9/site-packages/airflow/example_dags/plugins/workday.py
[2025-01-05 10:06:42,149] {processor.py:161} INFO - Processing /home/daniel/Documents/Alura/python_apache_airflow_pipeline/venv/lib/python3.9/site-packages/airflow/example_dags/plugins/workday.py took 0.264 seconds
[2025-01-05 10:16:33,826] {processor.py:153} INFO - Started process (PID=9241) to work on /home/daniel/Documents/Alura/python_apache_airflow_pipeline/venv/lib/python3.9/site-packages/airflow/example_dags/plugins/workday.py
[2025-01-05 10:16:33,828] {processor.py:641} INFO - Processing file /home/daniel/Documents/Alura/python_apache_airflow_pipeline/venv/lib/python3.9/site-packages/airflow/example_dags/plugins/workday.py for tasks to queue
[2025-01-05 10:16:33,828] {logging_mixin.py:115} INFO - [2025-01-05 10:16:33,828] {dagbag.py:507} INFO - Filling up the DagBag from /home/daniel/Documents/Alura/python_apache_airflow_pipeline/venv/lib/python3.9/site-packages/airflow/example_dags/plugins/workday.py
[2025-01-05 10:16:33,830] {processor.py:653} WARNING - No viable dags retrieved from /home/daniel/Documents/Alura/python_apache_airflow_pipeline/venv/lib/python3.9/site-packages/airflow/example_dags/plugins/workday.py
[2025-01-05 10:16:33,839] {processor.py:161} INFO - Processing /home/daniel/Documents/Alura/python_apache_airflow_pipeline/venv/lib/python3.9/site-packages/airflow/example_dags/plugins/workday.py took 0.016 seconds
[2025-01-05 10:17:09,181] {processor.py:153} INFO - Started process (PID=9549) to work on /home/daniel/Documents/Alura/python_apache_airflow_pipeline/venv/lib/python3.9/site-packages/airflow/example_dags/plugins/workday.py
[2025-01-05 10:17:09,183] {processor.py:641} INFO - Processing file /home/daniel/Documents/Alura/python_apache_airflow_pipeline/venv/lib/python3.9/site-packages/airflow/example_dags/plugins/workday.py for tasks to queue
[2025-01-05 10:17:09,183] {logging_mixin.py:115} INFO - [2025-01-05 10:17:09,183] {dagbag.py:507} INFO - Filling up the DagBag from /home/daniel/Documents/Alura/python_apache_airflow_pipeline/venv/lib/python3.9/site-packages/airflow/example_dags/plugins/workday.py
[2025-01-05 10:17:09,186] {processor.py:653} WARNING - No viable dags retrieved from /home/daniel/Documents/Alura/python_apache_airflow_pipeline/venv/lib/python3.9/site-packages/airflow/example_dags/plugins/workday.py
[2025-01-05 10:17:09,201] {processor.py:161} INFO - Processing /home/daniel/Documents/Alura/python_apache_airflow_pipeline/venv/lib/python3.9/site-packages/airflow/example_dags/plugins/workday.py took 0.024 seconds
[2025-01-05 10:17:46,410] {processor.py:153} INFO - Started process (PID=9789) to work on /home/daniel/Documents/Alura/python_apache_airflow_pipeline/venv/lib/python3.9/site-packages/airflow/example_dags/plugins/workday.py
[2025-01-05 10:17:46,411] {processor.py:641} INFO - Processing file /home/daniel/Documents/Alura/python_apache_airflow_pipeline/venv/lib/python3.9/site-packages/airflow/example_dags/plugins/workday.py for tasks to queue
[2025-01-05 10:17:46,412] {logging_mixin.py:115} INFO - [2025-01-05 10:17:46,412] {dagbag.py:507} INFO - Filling up the DagBag from /home/daniel/Documents/Alura/python_apache_airflow_pipeline/venv/lib/python3.9/site-packages/airflow/example_dags/plugins/workday.py
[2025-01-05 10:17:46,415] {processor.py:653} WARNING - No viable dags retrieved from /home/daniel/Documents/Alura/python_apache_airflow_pipeline/venv/lib/python3.9/site-packages/airflow/example_dags/plugins/workday.py
[2025-01-05 10:17:46,428] {processor.py:161} INFO - Processing /home/daniel/Documents/Alura/python_apache_airflow_pipeline/venv/lib/python3.9/site-packages/airflow/example_dags/plugins/workday.py took 0.021 seconds
[2025-01-05 10:18:23,625] {processor.py:153} INFO - Started process (PID=10006) to work on /home/daniel/Documents/Alura/python_apache_airflow_pipeline/venv/lib/python3.9/site-packages/airflow/example_dags/plugins/workday.py
[2025-01-05 10:18:23,627] {processor.py:641} INFO - Processing file /home/daniel/Documents/Alura/python_apache_airflow_pipeline/venv/lib/python3.9/site-packages/airflow/example_dags/plugins/workday.py for tasks to queue
[2025-01-05 10:18:23,627] {logging_mixin.py:115} INFO - [2025-01-05 10:18:23,627] {dagbag.py:507} INFO - Filling up the DagBag from /home/daniel/Documents/Alura/python_apache_airflow_pipeline/venv/lib/python3.9/site-packages/airflow/example_dags/plugins/workday.py
[2025-01-05 10:18:23,628] {processor.py:653} WARNING - No viable dags retrieved from /home/daniel/Documents/Alura/python_apache_airflow_pipeline/venv/lib/python3.9/site-packages/airflow/example_dags/plugins/workday.py
[2025-01-05 10:18:23,637] {processor.py:161} INFO - Processing /home/daniel/Documents/Alura/python_apache_airflow_pipeline/venv/lib/python3.9/site-packages/airflow/example_dags/plugins/workday.py took 0.015 seconds
[2025-01-05 10:19:01,537] {processor.py:153} INFO - Started process (PID=10393) to work on /home/daniel/Documents/Alura/python_apache_airflow_pipeline/venv/lib/python3.9/site-packages/airflow/example_dags/plugins/workday.py
[2025-01-05 10:19:01,538] {processor.py:641} INFO - Processing file /home/daniel/Documents/Alura/python_apache_airflow_pipeline/venv/lib/python3.9/site-packages/airflow/example_dags/plugins/workday.py for tasks to queue
[2025-01-05 10:19:01,538] {logging_mixin.py:115} INFO - [2025-01-05 10:19:01,538] {dagbag.py:507} INFO - Filling up the DagBag from /home/daniel/Documents/Alura/python_apache_airflow_pipeline/venv/lib/python3.9/site-packages/airflow/example_dags/plugins/workday.py
[2025-01-05 10:19:01,540] {processor.py:653} WARNING - No viable dags retrieved from /home/daniel/Documents/Alura/python_apache_airflow_pipeline/venv/lib/python3.9/site-packages/airflow/example_dags/plugins/workday.py
[2025-01-05 10:19:01,550] {processor.py:161} INFO - Processing /home/daniel/Documents/Alura/python_apache_airflow_pipeline/venv/lib/python3.9/site-packages/airflow/example_dags/plugins/workday.py took 0.016 seconds
[2025-01-05 10:19:39,516] {processor.py:153} INFO - Started process (PID=10585) to work on /home/daniel/Documents/Alura/python_apache_airflow_pipeline/venv/lib/python3.9/site-packages/airflow/example_dags/plugins/workday.py
[2025-01-05 10:19:39,521] {processor.py:641} INFO - Processing file /home/daniel/Documents/Alura/python_apache_airflow_pipeline/venv/lib/python3.9/site-packages/airflow/example_dags/plugins/workday.py for tasks to queue
[2025-01-05 10:19:39,524] {logging_mixin.py:115} INFO - [2025-01-05 10:19:39,523] {dagbag.py:507} INFO - Filling up the DagBag from /home/daniel/Documents/Alura/python_apache_airflow_pipeline/venv/lib/python3.9/site-packages/airflow/example_dags/plugins/workday.py
[2025-01-05 10:19:39,534] {processor.py:653} WARNING - No viable dags retrieved from /home/daniel/Documents/Alura/python_apache_airflow_pipeline/venv/lib/python3.9/site-packages/airflow/example_dags/plugins/workday.py
[2025-01-05 10:19:39,616] {processor.py:161} INFO - Processing /home/daniel/Documents/Alura/python_apache_airflow_pipeline/venv/lib/python3.9/site-packages/airflow/example_dags/plugins/workday.py took 0.120 seconds
[2025-01-05 10:20:18,253] {processor.py:153} INFO - Started process (PID=10801) to work on /home/daniel/Documents/Alura/python_apache_airflow_pipeline/venv/lib/python3.9/site-packages/airflow/example_dags/plugins/workday.py
[2025-01-05 10:20:18,254] {processor.py:641} INFO - Processing file /home/daniel/Documents/Alura/python_apache_airflow_pipeline/venv/lib/python3.9/site-packages/airflow/example_dags/plugins/workday.py for tasks to queue
[2025-01-05 10:20:18,255] {logging_mixin.py:115} INFO - [2025-01-05 10:20:18,255] {dagbag.py:507} INFO - Filling up the DagBag from /home/daniel/Documents/Alura/python_apache_airflow_pipeline/venv/lib/python3.9/site-packages/airflow/example_dags/plugins/workday.py
[2025-01-05 10:20:18,257] {processor.py:653} WARNING - No viable dags retrieved from /home/daniel/Documents/Alura/python_apache_airflow_pipeline/venv/lib/python3.9/site-packages/airflow/example_dags/plugins/workday.py
[2025-01-05 10:20:18,270] {processor.py:161} INFO - Processing /home/daniel/Documents/Alura/python_apache_airflow_pipeline/venv/lib/python3.9/site-packages/airflow/example_dags/plugins/workday.py took 0.021 seconds
[2025-01-05 10:20:57,186] {processor.py:153} INFO - Started process (PID=11138) to work on /home/daniel/Documents/Alura/python_apache_airflow_pipeline/venv/lib/python3.9/site-packages/airflow/example_dags/plugins/workday.py
[2025-01-05 10:20:57,188] {processor.py:641} INFO - Processing file /home/daniel/Documents/Alura/python_apache_airflow_pipeline/venv/lib/python3.9/site-packages/airflow/example_dags/plugins/workday.py for tasks to queue
[2025-01-05 10:20:57,188] {logging_mixin.py:115} INFO - [2025-01-05 10:20:57,188] {dagbag.py:507} INFO - Filling up the DagBag from /home/daniel/Documents/Alura/python_apache_airflow_pipeline/venv/lib/python3.9/site-packages/airflow/example_dags/plugins/workday.py
[2025-01-05 10:20:57,192] {processor.py:653} WARNING - No viable dags retrieved from /home/daniel/Documents/Alura/python_apache_airflow_pipeline/venv/lib/python3.9/site-packages/airflow/example_dags/plugins/workday.py
[2025-01-05 10:20:57,214] {processor.py:161} INFO - Processing /home/daniel/Documents/Alura/python_apache_airflow_pipeline/venv/lib/python3.9/site-packages/airflow/example_dags/plugins/workday.py took 0.034 seconds
[2025-01-05 10:21:58,894] {processor.py:153} INFO - Started process (PID=11983) to work on /home/daniel/Documents/Alura/python_apache_airflow_pipeline/venv/lib/python3.9/site-packages/airflow/example_dags/plugins/workday.py
[2025-01-05 10:21:58,895] {processor.py:641} INFO - Processing file /home/daniel/Documents/Alura/python_apache_airflow_pipeline/venv/lib/python3.9/site-packages/airflow/example_dags/plugins/workday.py for tasks to queue
[2025-01-05 10:21:58,896] {logging_mixin.py:115} INFO - [2025-01-05 10:21:58,896] {dagbag.py:507} INFO - Filling up the DagBag from /home/daniel/Documents/Alura/python_apache_airflow_pipeline/venv/lib/python3.9/site-packages/airflow/example_dags/plugins/workday.py
[2025-01-05 10:21:58,900] {processor.py:653} WARNING - No viable dags retrieved from /home/daniel/Documents/Alura/python_apache_airflow_pipeline/venv/lib/python3.9/site-packages/airflow/example_dags/plugins/workday.py
[2025-01-05 10:21:58,923] {processor.py:161} INFO - Processing /home/daniel/Documents/Alura/python_apache_airflow_pipeline/venv/lib/python3.9/site-packages/airflow/example_dags/plugins/workday.py took 0.036 seconds
[2025-01-05 10:22:45,596] {processor.py:153} INFO - Started process (PID=12607) to work on /home/daniel/Documents/Alura/python_apache_airflow_pipeline/venv/lib/python3.9/site-packages/airflow/example_dags/plugins/workday.py
[2025-01-05 10:22:45,599] {processor.py:641} INFO - Processing file /home/daniel/Documents/Alura/python_apache_airflow_pipeline/venv/lib/python3.9/site-packages/airflow/example_dags/plugins/workday.py for tasks to queue
[2025-01-05 10:22:45,600] {logging_mixin.py:115} INFO - [2025-01-05 10:22:45,599] {dagbag.py:507} INFO - Filling up the DagBag from /home/daniel/Documents/Alura/python_apache_airflow_pipeline/venv/lib/python3.9/site-packages/airflow/example_dags/plugins/workday.py
[2025-01-05 10:22:45,603] {processor.py:653} WARNING - No viable dags retrieved from /home/daniel/Documents/Alura/python_apache_airflow_pipeline/venv/lib/python3.9/site-packages/airflow/example_dags/plugins/workday.py
[2025-01-05 10:22:45,623] {processor.py:161} INFO - Processing /home/daniel/Documents/Alura/python_apache_airflow_pipeline/venv/lib/python3.9/site-packages/airflow/example_dags/plugins/workday.py took 0.035 seconds
[2025-01-05 10:23:29,098] {processor.py:153} INFO - Started process (PID=12909) to work on /home/daniel/Documents/Alura/python_apache_airflow_pipeline/venv/lib/python3.9/site-packages/airflow/example_dags/plugins/workday.py
[2025-01-05 10:23:29,100] {processor.py:641} INFO - Processing file /home/daniel/Documents/Alura/python_apache_airflow_pipeline/venv/lib/python3.9/site-packages/airflow/example_dags/plugins/workday.py for tasks to queue
[2025-01-05 10:23:29,111] {logging_mixin.py:115} INFO - [2025-01-05 10:23:29,111] {dagbag.py:507} INFO - Filling up the DagBag from /home/daniel/Documents/Alura/python_apache_airflow_pipeline/venv/lib/python3.9/site-packages/airflow/example_dags/plugins/workday.py
[2025-01-05 10:23:29,114] {processor.py:653} WARNING - No viable dags retrieved from /home/daniel/Documents/Alura/python_apache_airflow_pipeline/venv/lib/python3.9/site-packages/airflow/example_dags/plugins/workday.py
[2025-01-05 10:23:29,140] {processor.py:161} INFO - Processing /home/daniel/Documents/Alura/python_apache_airflow_pipeline/venv/lib/python3.9/site-packages/airflow/example_dags/plugins/workday.py took 0.051 seconds
[2025-01-05 10:24:08,479] {processor.py:153} INFO - Started process (PID=13204) to work on /home/daniel/Documents/Alura/python_apache_airflow_pipeline/venv/lib/python3.9/site-packages/airflow/example_dags/plugins/workday.py
[2025-01-05 10:24:08,482] {processor.py:641} INFO - Processing file /home/daniel/Documents/Alura/python_apache_airflow_pipeline/venv/lib/python3.9/site-packages/airflow/example_dags/plugins/workday.py for tasks to queue
[2025-01-05 10:24:08,483] {logging_mixin.py:115} INFO - [2025-01-05 10:24:08,483] {dagbag.py:507} INFO - Filling up the DagBag from /home/daniel/Documents/Alura/python_apache_airflow_pipeline/venv/lib/python3.9/site-packages/airflow/example_dags/plugins/workday.py
[2025-01-05 10:24:08,487] {processor.py:653} WARNING - No viable dags retrieved from /home/daniel/Documents/Alura/python_apache_airflow_pipeline/venv/lib/python3.9/site-packages/airflow/example_dags/plugins/workday.py
[2025-01-05 10:24:08,510] {processor.py:161} INFO - Processing /home/daniel/Documents/Alura/python_apache_airflow_pipeline/venv/lib/python3.9/site-packages/airflow/example_dags/plugins/workday.py took 0.037 seconds
[2025-01-05 10:24:59,567] {processor.py:153} INFO - Started process (PID=13849) to work on /home/daniel/Documents/Alura/python_apache_airflow_pipeline/venv/lib/python3.9/site-packages/airflow/example_dags/plugins/workday.py
[2025-01-05 10:24:59,574] {processor.py:641} INFO - Processing file /home/daniel/Documents/Alura/python_apache_airflow_pipeline/venv/lib/python3.9/site-packages/airflow/example_dags/plugins/workday.py for tasks to queue
[2025-01-05 10:24:59,575] {logging_mixin.py:115} INFO - [2025-01-05 10:24:59,575] {dagbag.py:507} INFO - Filling up the DagBag from /home/daniel/Documents/Alura/python_apache_airflow_pipeline/venv/lib/python3.9/site-packages/airflow/example_dags/plugins/workday.py
[2025-01-05 10:24:59,582] {processor.py:653} WARNING - No viable dags retrieved from /home/daniel/Documents/Alura/python_apache_airflow_pipeline/venv/lib/python3.9/site-packages/airflow/example_dags/plugins/workday.py
[2025-01-05 10:24:59,623] {processor.py:161} INFO - Processing /home/daniel/Documents/Alura/python_apache_airflow_pipeline/venv/lib/python3.9/site-packages/airflow/example_dags/plugins/workday.py took 0.071 seconds
[2025-01-05 10:25:53,055] {processor.py:153} INFO - Started process (PID=13964) to work on /home/daniel/Documents/Alura/python_apache_airflow_pipeline/venv/lib/python3.9/site-packages/airflow/example_dags/plugins/workday.py
[2025-01-05 10:25:53,062] {processor.py:641} INFO - Processing file /home/daniel/Documents/Alura/python_apache_airflow_pipeline/venv/lib/python3.9/site-packages/airflow/example_dags/plugins/workday.py for tasks to queue
[2025-01-05 10:25:53,078] {logging_mixin.py:115} INFO - [2025-01-05 10:25:53,078] {dagbag.py:507} INFO - Filling up the DagBag from /home/daniel/Documents/Alura/python_apache_airflow_pipeline/venv/lib/python3.9/site-packages/airflow/example_dags/plugins/workday.py
[2025-01-05 10:25:53,086] {processor.py:653} WARNING - No viable dags retrieved from /home/daniel/Documents/Alura/python_apache_airflow_pipeline/venv/lib/python3.9/site-packages/airflow/example_dags/plugins/workday.py
[2025-01-05 10:25:53,130] {processor.py:161} INFO - Processing /home/daniel/Documents/Alura/python_apache_airflow_pipeline/venv/lib/python3.9/site-packages/airflow/example_dags/plugins/workday.py took 0.087 seconds
[2025-01-05 10:26:38,846] {processor.py:153} INFO - Started process (PID=14263) to work on /home/daniel/Documents/Alura/python_apache_airflow_pipeline/venv/lib/python3.9/site-packages/airflow/example_dags/plugins/workday.py
[2025-01-05 10:26:38,847] {processor.py:641} INFO - Processing file /home/daniel/Documents/Alura/python_apache_airflow_pipeline/venv/lib/python3.9/site-packages/airflow/example_dags/plugins/workday.py for tasks to queue
[2025-01-05 10:26:38,858] {logging_mixin.py:115} INFO - [2025-01-05 10:26:38,858] {dagbag.py:507} INFO - Filling up the DagBag from /home/daniel/Documents/Alura/python_apache_airflow_pipeline/venv/lib/python3.9/site-packages/airflow/example_dags/plugins/workday.py
[2025-01-05 10:26:38,863] {processor.py:653} WARNING - No viable dags retrieved from /home/daniel/Documents/Alura/python_apache_airflow_pipeline/venv/lib/python3.9/site-packages/airflow/example_dags/plugins/workday.py
[2025-01-05 10:26:38,895] {processor.py:161} INFO - Processing /home/daniel/Documents/Alura/python_apache_airflow_pipeline/venv/lib/python3.9/site-packages/airflow/example_dags/plugins/workday.py took 0.065 seconds
[2025-01-05 10:27:37,542] {processor.py:153} INFO - Started process (PID=14790) to work on /home/daniel/Documents/Alura/python_apache_airflow_pipeline/venv/lib/python3.9/site-packages/airflow/example_dags/plugins/workday.py
[2025-01-05 10:27:37,546] {processor.py:641} INFO - Processing file /home/daniel/Documents/Alura/python_apache_airflow_pipeline/venv/lib/python3.9/site-packages/airflow/example_dags/plugins/workday.py for tasks to queue
[2025-01-05 10:27:37,547] {logging_mixin.py:115} INFO - [2025-01-05 10:27:37,547] {dagbag.py:507} INFO - Filling up the DagBag from /home/daniel/Documents/Alura/python_apache_airflow_pipeline/venv/lib/python3.9/site-packages/airflow/example_dags/plugins/workday.py
[2025-01-05 10:27:37,558] {processor.py:653} WARNING - No viable dags retrieved from /home/daniel/Documents/Alura/python_apache_airflow_pipeline/venv/lib/python3.9/site-packages/airflow/example_dags/plugins/workday.py
[2025-01-05 10:27:37,595] {processor.py:161} INFO - Processing /home/daniel/Documents/Alura/python_apache_airflow_pipeline/venv/lib/python3.9/site-packages/airflow/example_dags/plugins/workday.py took 0.069 seconds
[2025-01-05 10:28:50,378] {processor.py:153} INFO - Started process (PID=15218) to work on /home/daniel/Documents/Alura/python_apache_airflow_pipeline/venv/lib/python3.9/site-packages/airflow/example_dags/plugins/workday.py
[2025-01-05 10:28:50,382] {processor.py:641} INFO - Processing file /home/daniel/Documents/Alura/python_apache_airflow_pipeline/venv/lib/python3.9/site-packages/airflow/example_dags/plugins/workday.py for tasks to queue
[2025-01-05 10:28:50,386] {logging_mixin.py:115} INFO - [2025-01-05 10:28:50,386] {dagbag.py:507} INFO - Filling up the DagBag from /home/daniel/Documents/Alura/python_apache_airflow_pipeline/venv/lib/python3.9/site-packages/airflow/example_dags/plugins/workday.py
[2025-01-05 10:28:50,394] {processor.py:653} WARNING - No viable dags retrieved from /home/daniel/Documents/Alura/python_apache_airflow_pipeline/venv/lib/python3.9/site-packages/airflow/example_dags/plugins/workday.py
[2025-01-05 10:28:50,430] {processor.py:161} INFO - Processing /home/daniel/Documents/Alura/python_apache_airflow_pipeline/venv/lib/python3.9/site-packages/airflow/example_dags/plugins/workday.py took 0.068 seconds
[2025-01-05 10:30:35,735] {processor.py:153} INFO - Started process (PID=15574) to work on /home/daniel/Documents/Alura/python_apache_airflow_pipeline/venv/lib/python3.9/site-packages/airflow/example_dags/plugins/workday.py
[2025-01-05 10:30:35,750] {processor.py:641} INFO - Processing file /home/daniel/Documents/Alura/python_apache_airflow_pipeline/venv/lib/python3.9/site-packages/airflow/example_dags/plugins/workday.py for tasks to queue
[2025-01-05 10:30:35,758] {logging_mixin.py:115} INFO - [2025-01-05 10:30:35,758] {dagbag.py:507} INFO - Filling up the DagBag from /home/daniel/Documents/Alura/python_apache_airflow_pipeline/venv/lib/python3.9/site-packages/airflow/example_dags/plugins/workday.py
[2025-01-05 10:30:35,802] {processor.py:653} WARNING - No viable dags retrieved from /home/daniel/Documents/Alura/python_apache_airflow_pipeline/venv/lib/python3.9/site-packages/airflow/example_dags/plugins/workday.py
[2025-01-05 10:30:35,962] {processor.py:161} INFO - Processing /home/daniel/Documents/Alura/python_apache_airflow_pipeline/venv/lib/python3.9/site-packages/airflow/example_dags/plugins/workday.py took 0.284 seconds
[2025-01-05 10:31:55,101] {processor.py:153} INFO - Started process (PID=15953) to work on /home/daniel/Documents/Alura/python_apache_airflow_pipeline/venv/lib/python3.9/site-packages/airflow/example_dags/plugins/workday.py
[2025-01-05 10:31:55,105] {processor.py:641} INFO - Processing file /home/daniel/Documents/Alura/python_apache_airflow_pipeline/venv/lib/python3.9/site-packages/airflow/example_dags/plugins/workday.py for tasks to queue
[2025-01-05 10:31:55,105] {logging_mixin.py:115} INFO - [2025-01-05 10:31:55,105] {dagbag.py:507} INFO - Filling up the DagBag from /home/daniel/Documents/Alura/python_apache_airflow_pipeline/venv/lib/python3.9/site-packages/airflow/example_dags/plugins/workday.py
[2025-01-05 10:31:55,107] {processor.py:653} WARNING - No viable dags retrieved from /home/daniel/Documents/Alura/python_apache_airflow_pipeline/venv/lib/python3.9/site-packages/airflow/example_dags/plugins/workday.py
[2025-01-05 10:31:55,120] {processor.py:161} INFO - Processing /home/daniel/Documents/Alura/python_apache_airflow_pipeline/venv/lib/python3.9/site-packages/airflow/example_dags/plugins/workday.py took 0.022 seconds
[2025-01-05 10:32:29,875] {processor.py:153} INFO - Started process (PID=16258) to work on /home/daniel/Documents/Alura/python_apache_airflow_pipeline/venv/lib/python3.9/site-packages/airflow/example_dags/plugins/workday.py
[2025-01-05 10:32:29,876] {processor.py:641} INFO - Processing file /home/daniel/Documents/Alura/python_apache_airflow_pipeline/venv/lib/python3.9/site-packages/airflow/example_dags/plugins/workday.py for tasks to queue
[2025-01-05 10:32:29,877] {logging_mixin.py:115} INFO - [2025-01-05 10:32:29,877] {dagbag.py:507} INFO - Filling up the DagBag from /home/daniel/Documents/Alura/python_apache_airflow_pipeline/venv/lib/python3.9/site-packages/airflow/example_dags/plugins/workday.py
[2025-01-05 10:32:29,881] {processor.py:653} WARNING - No viable dags retrieved from /home/daniel/Documents/Alura/python_apache_airflow_pipeline/venv/lib/python3.9/site-packages/airflow/example_dags/plugins/workday.py
[2025-01-05 10:32:29,902] {processor.py:161} INFO - Processing /home/daniel/Documents/Alura/python_apache_airflow_pipeline/venv/lib/python3.9/site-packages/airflow/example_dags/plugins/workday.py took 0.030 seconds
[2025-01-05 10:33:12,499] {processor.py:153} INFO - Started process (PID=16738) to work on /home/daniel/Documents/Alura/python_apache_airflow_pipeline/venv/lib/python3.9/site-packages/airflow/example_dags/plugins/workday.py
[2025-01-05 10:33:12,500] {processor.py:641} INFO - Processing file /home/daniel/Documents/Alura/python_apache_airflow_pipeline/venv/lib/python3.9/site-packages/airflow/example_dags/plugins/workday.py for tasks to queue
[2025-01-05 10:33:12,501] {logging_mixin.py:115} INFO - [2025-01-05 10:33:12,501] {dagbag.py:507} INFO - Filling up the DagBag from /home/daniel/Documents/Alura/python_apache_airflow_pipeline/venv/lib/python3.9/site-packages/airflow/example_dags/plugins/workday.py
[2025-01-05 10:33:12,503] {processor.py:653} WARNING - No viable dags retrieved from /home/daniel/Documents/Alura/python_apache_airflow_pipeline/venv/lib/python3.9/site-packages/airflow/example_dags/plugins/workday.py
[2025-01-05 10:33:12,512] {processor.py:161} INFO - Processing /home/daniel/Documents/Alura/python_apache_airflow_pipeline/venv/lib/python3.9/site-packages/airflow/example_dags/plugins/workday.py took 0.017 seconds
[2025-01-05 10:33:47,346] {processor.py:153} INFO - Started process (PID=16781) to work on /home/daniel/Documents/Alura/python_apache_airflow_pipeline/venv/lib/python3.9/site-packages/airflow/example_dags/plugins/workday.py
[2025-01-05 10:33:47,347] {processor.py:641} INFO - Processing file /home/daniel/Documents/Alura/python_apache_airflow_pipeline/venv/lib/python3.9/site-packages/airflow/example_dags/plugins/workday.py for tasks to queue
[2025-01-05 10:33:47,347] {logging_mixin.py:115} INFO - [2025-01-05 10:33:47,347] {dagbag.py:507} INFO - Filling up the DagBag from /home/daniel/Documents/Alura/python_apache_airflow_pipeline/venv/lib/python3.9/site-packages/airflow/example_dags/plugins/workday.py
[2025-01-05 10:33:47,349] {processor.py:653} WARNING - No viable dags retrieved from /home/daniel/Documents/Alura/python_apache_airflow_pipeline/venv/lib/python3.9/site-packages/airflow/example_dags/plugins/workday.py
[2025-01-05 10:33:47,359] {processor.py:161} INFO - Processing /home/daniel/Documents/Alura/python_apache_airflow_pipeline/venv/lib/python3.9/site-packages/airflow/example_dags/plugins/workday.py took 0.016 seconds
[2025-01-05 10:34:24,131] {processor.py:153} INFO - Started process (PID=16818) to work on /home/daniel/Documents/Alura/python_apache_airflow_pipeline/venv/lib/python3.9/site-packages/airflow/example_dags/plugins/workday.py
[2025-01-05 10:34:24,132] {processor.py:641} INFO - Processing file /home/daniel/Documents/Alura/python_apache_airflow_pipeline/venv/lib/python3.9/site-packages/airflow/example_dags/plugins/workday.py for tasks to queue
[2025-01-05 10:34:24,132] {logging_mixin.py:115} INFO - [2025-01-05 10:34:24,132] {dagbag.py:507} INFO - Filling up the DagBag from /home/daniel/Documents/Alura/python_apache_airflow_pipeline/venv/lib/python3.9/site-packages/airflow/example_dags/plugins/workday.py
[2025-01-05 10:34:24,134] {processor.py:653} WARNING - No viable dags retrieved from /home/daniel/Documents/Alura/python_apache_airflow_pipeline/venv/lib/python3.9/site-packages/airflow/example_dags/plugins/workday.py
[2025-01-05 10:34:24,145] {processor.py:161} INFO - Processing /home/daniel/Documents/Alura/python_apache_airflow_pipeline/venv/lib/python3.9/site-packages/airflow/example_dags/plugins/workday.py took 0.017 seconds
[2025-01-05 10:35:00,547] {processor.py:153} INFO - Started process (PID=16861) to work on /home/daniel/Documents/Alura/python_apache_airflow_pipeline/venv/lib/python3.9/site-packages/airflow/example_dags/plugins/workday.py
[2025-01-05 10:35:00,548] {processor.py:641} INFO - Processing file /home/daniel/Documents/Alura/python_apache_airflow_pipeline/venv/lib/python3.9/site-packages/airflow/example_dags/plugins/workday.py for tasks to queue
[2025-01-05 10:35:00,549] {logging_mixin.py:115} INFO - [2025-01-05 10:35:00,549] {dagbag.py:507} INFO - Filling up the DagBag from /home/daniel/Documents/Alura/python_apache_airflow_pipeline/venv/lib/python3.9/site-packages/airflow/example_dags/plugins/workday.py
[2025-01-05 10:35:00,551] {processor.py:653} WARNING - No viable dags retrieved from /home/daniel/Documents/Alura/python_apache_airflow_pipeline/venv/lib/python3.9/site-packages/airflow/example_dags/plugins/workday.py
[2025-01-05 10:35:00,560] {processor.py:161} INFO - Processing /home/daniel/Documents/Alura/python_apache_airflow_pipeline/venv/lib/python3.9/site-packages/airflow/example_dags/plugins/workday.py took 0.016 seconds
[2025-01-05 10:35:39,697] {processor.py:153} INFO - Started process (PID=17009) to work on /home/daniel/Documents/Alura/python_apache_airflow_pipeline/venv/lib/python3.9/site-packages/airflow/example_dags/plugins/workday.py
[2025-01-05 10:35:39,699] {processor.py:641} INFO - Processing file /home/daniel/Documents/Alura/python_apache_airflow_pipeline/venv/lib/python3.9/site-packages/airflow/example_dags/plugins/workday.py for tasks to queue
[2025-01-05 10:35:39,699] {logging_mixin.py:115} INFO - [2025-01-05 10:35:39,699] {dagbag.py:507} INFO - Filling up the DagBag from /home/daniel/Documents/Alura/python_apache_airflow_pipeline/venv/lib/python3.9/site-packages/airflow/example_dags/plugins/workday.py
[2025-01-05 10:35:39,701] {processor.py:653} WARNING - No viable dags retrieved from /home/daniel/Documents/Alura/python_apache_airflow_pipeline/venv/lib/python3.9/site-packages/airflow/example_dags/plugins/workday.py
[2025-01-05 10:35:39,711] {processor.py:161} INFO - Processing /home/daniel/Documents/Alura/python_apache_airflow_pipeline/venv/lib/python3.9/site-packages/airflow/example_dags/plugins/workday.py took 0.016 seconds
[2025-01-05 10:36:19,011] {processor.py:153} INFO - Started process (PID=17048) to work on /home/daniel/Documents/Alura/python_apache_airflow_pipeline/venv/lib/python3.9/site-packages/airflow/example_dags/plugins/workday.py
[2025-01-05 10:36:19,013] {processor.py:641} INFO - Processing file /home/daniel/Documents/Alura/python_apache_airflow_pipeline/venv/lib/python3.9/site-packages/airflow/example_dags/plugins/workday.py for tasks to queue
[2025-01-05 10:36:19,013] {logging_mixin.py:115} INFO - [2025-01-05 10:36:19,013] {dagbag.py:507} INFO - Filling up the DagBag from /home/daniel/Documents/Alura/python_apache_airflow_pipeline/venv/lib/python3.9/site-packages/airflow/example_dags/plugins/workday.py
[2025-01-05 10:36:19,019] {processor.py:653} WARNING - No viable dags retrieved from /home/daniel/Documents/Alura/python_apache_airflow_pipeline/venv/lib/python3.9/site-packages/airflow/example_dags/plugins/workday.py
[2025-01-05 10:36:19,035] {processor.py:161} INFO - Processing /home/daniel/Documents/Alura/python_apache_airflow_pipeline/venv/lib/python3.9/site-packages/airflow/example_dags/plugins/workday.py took 0.029 seconds
[2025-01-05 10:36:55,664] {processor.py:153} INFO - Started process (PID=17095) to work on /home/daniel/Documents/Alura/python_apache_airflow_pipeline/venv/lib/python3.9/site-packages/airflow/example_dags/plugins/workday.py
[2025-01-05 10:36:55,666] {processor.py:641} INFO - Processing file /home/daniel/Documents/Alura/python_apache_airflow_pipeline/venv/lib/python3.9/site-packages/airflow/example_dags/plugins/workday.py for tasks to queue
[2025-01-05 10:36:55,667] {logging_mixin.py:115} INFO - [2025-01-05 10:36:55,667] {dagbag.py:507} INFO - Filling up the DagBag from /home/daniel/Documents/Alura/python_apache_airflow_pipeline/venv/lib/python3.9/site-packages/airflow/example_dags/plugins/workday.py
[2025-01-05 10:36:55,668] {processor.py:653} WARNING - No viable dags retrieved from /home/daniel/Documents/Alura/python_apache_airflow_pipeline/venv/lib/python3.9/site-packages/airflow/example_dags/plugins/workday.py
[2025-01-05 10:36:55,680] {processor.py:161} INFO - Processing /home/daniel/Documents/Alura/python_apache_airflow_pipeline/venv/lib/python3.9/site-packages/airflow/example_dags/plugins/workday.py took 0.020 seconds
[2025-01-05 10:37:32,609] {processor.py:153} INFO - Started process (PID=17190) to work on /home/daniel/Documents/Alura/python_apache_airflow_pipeline/venv/lib/python3.9/site-packages/airflow/example_dags/plugins/workday.py
[2025-01-05 10:37:32,611] {processor.py:641} INFO - Processing file /home/daniel/Documents/Alura/python_apache_airflow_pipeline/venv/lib/python3.9/site-packages/airflow/example_dags/plugins/workday.py for tasks to queue
[2025-01-05 10:37:32,612] {logging_mixin.py:115} INFO - [2025-01-05 10:37:32,611] {dagbag.py:507} INFO - Filling up the DagBag from /home/daniel/Documents/Alura/python_apache_airflow_pipeline/venv/lib/python3.9/site-packages/airflow/example_dags/plugins/workday.py
[2025-01-05 10:37:32,615] {processor.py:653} WARNING - No viable dags retrieved from /home/daniel/Documents/Alura/python_apache_airflow_pipeline/venv/lib/python3.9/site-packages/airflow/example_dags/plugins/workday.py
[2025-01-05 10:37:32,626] {processor.py:161} INFO - Processing /home/daniel/Documents/Alura/python_apache_airflow_pipeline/venv/lib/python3.9/site-packages/airflow/example_dags/plugins/workday.py took 0.021 seconds
[2025-01-05 10:38:10,401] {processor.py:153} INFO - Started process (PID=17453) to work on /home/daniel/Documents/Alura/python_apache_airflow_pipeline/venv/lib/python3.9/site-packages/airflow/example_dags/plugins/workday.py
[2025-01-05 10:38:10,403] {processor.py:641} INFO - Processing file /home/daniel/Documents/Alura/python_apache_airflow_pipeline/venv/lib/python3.9/site-packages/airflow/example_dags/plugins/workday.py for tasks to queue
[2025-01-05 10:38:10,404] {logging_mixin.py:115} INFO - [2025-01-05 10:38:10,404] {dagbag.py:507} INFO - Filling up the DagBag from /home/daniel/Documents/Alura/python_apache_airflow_pipeline/venv/lib/python3.9/site-packages/airflow/example_dags/plugins/workday.py
[2025-01-05 10:38:10,412] {processor.py:653} WARNING - No viable dags retrieved from /home/daniel/Documents/Alura/python_apache_airflow_pipeline/venv/lib/python3.9/site-packages/airflow/example_dags/plugins/workday.py
[2025-01-05 10:38:10,439] {processor.py:161} INFO - Processing /home/daniel/Documents/Alura/python_apache_airflow_pipeline/venv/lib/python3.9/site-packages/airflow/example_dags/plugins/workday.py took 0.047 seconds
[2025-01-05 10:38:52,948] {processor.py:153} INFO - Started process (PID=17548) to work on /home/daniel/Documents/Alura/python_apache_airflow_pipeline/venv/lib/python3.9/site-packages/airflow/example_dags/plugins/workday.py
[2025-01-05 10:38:52,949] {processor.py:641} INFO - Processing file /home/daniel/Documents/Alura/python_apache_airflow_pipeline/venv/lib/python3.9/site-packages/airflow/example_dags/plugins/workday.py for tasks to queue
[2025-01-05 10:38:52,956] {logging_mixin.py:115} INFO - [2025-01-05 10:38:52,952] {dagbag.py:507} INFO - Filling up the DagBag from /home/daniel/Documents/Alura/python_apache_airflow_pipeline/venv/lib/python3.9/site-packages/airflow/example_dags/plugins/workday.py
[2025-01-05 10:38:52,964] {processor.py:653} WARNING - No viable dags retrieved from /home/daniel/Documents/Alura/python_apache_airflow_pipeline/venv/lib/python3.9/site-packages/airflow/example_dags/plugins/workday.py
[2025-01-05 10:38:52,999] {processor.py:161} INFO - Processing /home/daniel/Documents/Alura/python_apache_airflow_pipeline/venv/lib/python3.9/site-packages/airflow/example_dags/plugins/workday.py took 0.058 seconds
[2025-01-05 10:39:36,100] {processor.py:153} INFO - Started process (PID=17690) to work on /home/daniel/Documents/Alura/python_apache_airflow_pipeline/venv/lib/python3.9/site-packages/airflow/example_dags/plugins/workday.py
[2025-01-05 10:39:36,104] {processor.py:641} INFO - Processing file /home/daniel/Documents/Alura/python_apache_airflow_pipeline/venv/lib/python3.9/site-packages/airflow/example_dags/plugins/workday.py for tasks to queue
[2025-01-05 10:39:36,107] {logging_mixin.py:115} INFO - [2025-01-05 10:39:36,107] {dagbag.py:507} INFO - Filling up the DagBag from /home/daniel/Documents/Alura/python_apache_airflow_pipeline/venv/lib/python3.9/site-packages/airflow/example_dags/plugins/workday.py
[2025-01-05 10:39:36,112] {processor.py:653} WARNING - No viable dags retrieved from /home/daniel/Documents/Alura/python_apache_airflow_pipeline/venv/lib/python3.9/site-packages/airflow/example_dags/plugins/workday.py
[2025-01-05 10:39:36,152] {processor.py:161} INFO - Processing /home/daniel/Documents/Alura/python_apache_airflow_pipeline/venv/lib/python3.9/site-packages/airflow/example_dags/plugins/workday.py took 0.067 seconds
[2025-01-05 10:40:26,465] {processor.py:153} INFO - Started process (PID=18076) to work on /home/daniel/Documents/Alura/python_apache_airflow_pipeline/venv/lib/python3.9/site-packages/airflow/example_dags/plugins/workday.py
[2025-01-05 10:40:26,473] {processor.py:641} INFO - Processing file /home/daniel/Documents/Alura/python_apache_airflow_pipeline/venv/lib/python3.9/site-packages/airflow/example_dags/plugins/workday.py for tasks to queue
[2025-01-05 10:40:26,476] {logging_mixin.py:115} INFO - [2025-01-05 10:40:26,475] {dagbag.py:507} INFO - Filling up the DagBag from /home/daniel/Documents/Alura/python_apache_airflow_pipeline/venv/lib/python3.9/site-packages/airflow/example_dags/plugins/workday.py
[2025-01-05 10:40:26,492] {processor.py:653} WARNING - No viable dags retrieved from /home/daniel/Documents/Alura/python_apache_airflow_pipeline/venv/lib/python3.9/site-packages/airflow/example_dags/plugins/workday.py
[2025-01-05 10:40:26,524] {processor.py:161} INFO - Processing /home/daniel/Documents/Alura/python_apache_airflow_pipeline/venv/lib/python3.9/site-packages/airflow/example_dags/plugins/workday.py took 0.068 seconds
[2025-01-05 10:41:13,635] {processor.py:153} INFO - Started process (PID=18178) to work on /home/daniel/Documents/Alura/python_apache_airflow_pipeline/venv/lib/python3.9/site-packages/airflow/example_dags/plugins/workday.py
[2025-01-05 10:41:13,639] {processor.py:641} INFO - Processing file /home/daniel/Documents/Alura/python_apache_airflow_pipeline/venv/lib/python3.9/site-packages/airflow/example_dags/plugins/workday.py for tasks to queue
[2025-01-05 10:41:13,643] {logging_mixin.py:115} INFO - [2025-01-05 10:41:13,643] {dagbag.py:507} INFO - Filling up the DagBag from /home/daniel/Documents/Alura/python_apache_airflow_pipeline/venv/lib/python3.9/site-packages/airflow/example_dags/plugins/workday.py
[2025-01-05 10:41:13,651] {processor.py:653} WARNING - No viable dags retrieved from /home/daniel/Documents/Alura/python_apache_airflow_pipeline/venv/lib/python3.9/site-packages/airflow/example_dags/plugins/workday.py
[2025-01-05 10:41:13,696] {processor.py:161} INFO - Processing /home/daniel/Documents/Alura/python_apache_airflow_pipeline/venv/lib/python3.9/site-packages/airflow/example_dags/plugins/workday.py took 0.075 seconds
[2025-01-05 10:45:28,092] {processor.py:153} INFO - Started process (PID=18555) to work on /home/daniel/Documents/Alura/python_apache_airflow_pipeline/venv/lib/python3.9/site-packages/airflow/example_dags/plugins/workday.py
[2025-01-05 10:45:28,096] {processor.py:641} INFO - Processing file /home/daniel/Documents/Alura/python_apache_airflow_pipeline/venv/lib/python3.9/site-packages/airflow/example_dags/plugins/workday.py for tasks to queue
[2025-01-05 10:45:28,097] {logging_mixin.py:115} INFO - [2025-01-05 10:45:28,097] {dagbag.py:507} INFO - Filling up the DagBag from /home/daniel/Documents/Alura/python_apache_airflow_pipeline/venv/lib/python3.9/site-packages/airflow/example_dags/plugins/workday.py
[2025-01-05 10:45:28,100] {processor.py:653} WARNING - No viable dags retrieved from /home/daniel/Documents/Alura/python_apache_airflow_pipeline/venv/lib/python3.9/site-packages/airflow/example_dags/plugins/workday.py
[2025-01-05 10:45:28,112] {processor.py:161} INFO - Processing /home/daniel/Documents/Alura/python_apache_airflow_pipeline/venv/lib/python3.9/site-packages/airflow/example_dags/plugins/workday.py took 0.023 seconds
[2025-01-05 10:46:07,663] {processor.py:153} INFO - Started process (PID=18804) to work on /home/daniel/Documents/Alura/python_apache_airflow_pipeline/venv/lib/python3.9/site-packages/airflow/example_dags/plugins/workday.py
[2025-01-05 10:46:07,665] {processor.py:641} INFO - Processing file /home/daniel/Documents/Alura/python_apache_airflow_pipeline/venv/lib/python3.9/site-packages/airflow/example_dags/plugins/workday.py for tasks to queue
[2025-01-05 10:46:07,666] {logging_mixin.py:115} INFO - [2025-01-05 10:46:07,665] {dagbag.py:507} INFO - Filling up the DagBag from /home/daniel/Documents/Alura/python_apache_airflow_pipeline/venv/lib/python3.9/site-packages/airflow/example_dags/plugins/workday.py
[2025-01-05 10:46:07,669] {processor.py:653} WARNING - No viable dags retrieved from /home/daniel/Documents/Alura/python_apache_airflow_pipeline/venv/lib/python3.9/site-packages/airflow/example_dags/plugins/workday.py
[2025-01-05 10:46:07,685] {processor.py:161} INFO - Processing /home/daniel/Documents/Alura/python_apache_airflow_pipeline/venv/lib/python3.9/site-packages/airflow/example_dags/plugins/workday.py took 0.026 seconds
[2025-01-05 10:46:47,551] {processor.py:153} INFO - Started process (PID=19013) to work on /home/daniel/Documents/Alura/python_apache_airflow_pipeline/venv/lib/python3.9/site-packages/airflow/example_dags/plugins/workday.py
[2025-01-05 10:46:47,553] {processor.py:641} INFO - Processing file /home/daniel/Documents/Alura/python_apache_airflow_pipeline/venv/lib/python3.9/site-packages/airflow/example_dags/plugins/workday.py for tasks to queue
[2025-01-05 10:46:47,554] {logging_mixin.py:115} INFO - [2025-01-05 10:46:47,554] {dagbag.py:507} INFO - Filling up the DagBag from /home/daniel/Documents/Alura/python_apache_airflow_pipeline/venv/lib/python3.9/site-packages/airflow/example_dags/plugins/workday.py
[2025-01-05 10:46:47,556] {processor.py:653} WARNING - No viable dags retrieved from /home/daniel/Documents/Alura/python_apache_airflow_pipeline/venv/lib/python3.9/site-packages/airflow/example_dags/plugins/workday.py
[2025-01-05 10:46:47,576] {processor.py:161} INFO - Processing /home/daniel/Documents/Alura/python_apache_airflow_pipeline/venv/lib/python3.9/site-packages/airflow/example_dags/plugins/workday.py took 0.030 seconds
[2025-01-05 10:47:25,434] {processor.py:153} INFO - Started process (PID=19285) to work on /home/daniel/Documents/Alura/python_apache_airflow_pipeline/venv/lib/python3.9/site-packages/airflow/example_dags/plugins/workday.py
[2025-01-05 10:47:25,438] {processor.py:641} INFO - Processing file /home/daniel/Documents/Alura/python_apache_airflow_pipeline/venv/lib/python3.9/site-packages/airflow/example_dags/plugins/workday.py for tasks to queue
[2025-01-05 10:47:25,439] {logging_mixin.py:115} INFO - [2025-01-05 10:47:25,439] {dagbag.py:507} INFO - Filling up the DagBag from /home/daniel/Documents/Alura/python_apache_airflow_pipeline/venv/lib/python3.9/site-packages/airflow/example_dags/plugins/workday.py
[2025-01-05 10:47:25,442] {processor.py:653} WARNING - No viable dags retrieved from /home/daniel/Documents/Alura/python_apache_airflow_pipeline/venv/lib/python3.9/site-packages/airflow/example_dags/plugins/workday.py
[2025-01-05 10:47:25,461] {processor.py:161} INFO - Processing /home/daniel/Documents/Alura/python_apache_airflow_pipeline/venv/lib/python3.9/site-packages/airflow/example_dags/plugins/workday.py took 0.035 seconds
[2025-01-05 10:48:05,327] {processor.py:153} INFO - Started process (PID=19334) to work on /home/daniel/Documents/Alura/python_apache_airflow_pipeline/venv/lib/python3.9/site-packages/airflow/example_dags/plugins/workday.py
[2025-01-05 10:48:05,329] {processor.py:641} INFO - Processing file /home/daniel/Documents/Alura/python_apache_airflow_pipeline/venv/lib/python3.9/site-packages/airflow/example_dags/plugins/workday.py for tasks to queue
[2025-01-05 10:48:05,329] {logging_mixin.py:115} INFO - [2025-01-05 10:48:05,329] {dagbag.py:507} INFO - Filling up the DagBag from /home/daniel/Documents/Alura/python_apache_airflow_pipeline/venv/lib/python3.9/site-packages/airflow/example_dags/plugins/workday.py
[2025-01-05 10:48:05,333] {processor.py:653} WARNING - No viable dags retrieved from /home/daniel/Documents/Alura/python_apache_airflow_pipeline/venv/lib/python3.9/site-packages/airflow/example_dags/plugins/workday.py
[2025-01-05 10:48:05,346] {processor.py:161} INFO - Processing /home/daniel/Documents/Alura/python_apache_airflow_pipeline/venv/lib/python3.9/site-packages/airflow/example_dags/plugins/workday.py took 0.022 seconds
[2025-01-05 10:52:34,430] {processor.py:153} INFO - Started process (PID=3820) to work on /home/daniel/Documents/Alura/python_apache_airflow_pipeline/venv/lib/python3.9/site-packages/airflow/example_dags/plugins/workday.py
[2025-01-05 10:52:34,433] {processor.py:641} INFO - Processing file /home/daniel/Documents/Alura/python_apache_airflow_pipeline/venv/lib/python3.9/site-packages/airflow/example_dags/plugins/workday.py for tasks to queue
[2025-01-05 10:52:34,433] {logging_mixin.py:115} INFO - [2025-01-05 10:52:34,433] {dagbag.py:507} INFO - Filling up the DagBag from /home/daniel/Documents/Alura/python_apache_airflow_pipeline/venv/lib/python3.9/site-packages/airflow/example_dags/plugins/workday.py
[2025-01-05 10:52:34,435] {processor.py:653} WARNING - No viable dags retrieved from /home/daniel/Documents/Alura/python_apache_airflow_pipeline/venv/lib/python3.9/site-packages/airflow/example_dags/plugins/workday.py
[2025-01-05 10:52:34,444] {processor.py:161} INFO - Processing /home/daniel/Documents/Alura/python_apache_airflow_pipeline/venv/lib/python3.9/site-packages/airflow/example_dags/plugins/workday.py took 0.017 seconds
[2025-01-05 10:53:11,540] {processor.py:153} INFO - Started process (PID=3922) to work on /home/daniel/Documents/Alura/python_apache_airflow_pipeline/venv/lib/python3.9/site-packages/airflow/example_dags/plugins/workday.py
[2025-01-05 10:53:11,541] {processor.py:641} INFO - Processing file /home/daniel/Documents/Alura/python_apache_airflow_pipeline/venv/lib/python3.9/site-packages/airflow/example_dags/plugins/workday.py for tasks to queue
[2025-01-05 10:53:11,542] {logging_mixin.py:115} INFO - [2025-01-05 10:53:11,541] {dagbag.py:507} INFO - Filling up the DagBag from /home/daniel/Documents/Alura/python_apache_airflow_pipeline/venv/lib/python3.9/site-packages/airflow/example_dags/plugins/workday.py
[2025-01-05 10:53:11,543] {processor.py:653} WARNING - No viable dags retrieved from /home/daniel/Documents/Alura/python_apache_airflow_pipeline/venv/lib/python3.9/site-packages/airflow/example_dags/plugins/workday.py
[2025-01-05 10:53:11,552] {processor.py:161} INFO - Processing /home/daniel/Documents/Alura/python_apache_airflow_pipeline/venv/lib/python3.9/site-packages/airflow/example_dags/plugins/workday.py took 0.015 seconds
[2025-01-05 10:53:46,572] {processor.py:153} INFO - Started process (PID=3961) to work on /home/daniel/Documents/Alura/python_apache_airflow_pipeline/venv/lib/python3.9/site-packages/airflow/example_dags/plugins/workday.py
[2025-01-05 10:53:46,573] {processor.py:641} INFO - Processing file /home/daniel/Documents/Alura/python_apache_airflow_pipeline/venv/lib/python3.9/site-packages/airflow/example_dags/plugins/workday.py for tasks to queue
[2025-01-05 10:53:46,573] {logging_mixin.py:115} INFO - [2025-01-05 10:53:46,573] {dagbag.py:507} INFO - Filling up the DagBag from /home/daniel/Documents/Alura/python_apache_airflow_pipeline/venv/lib/python3.9/site-packages/airflow/example_dags/plugins/workday.py
[2025-01-05 10:53:46,575] {processor.py:653} WARNING - No viable dags retrieved from /home/daniel/Documents/Alura/python_apache_airflow_pipeline/venv/lib/python3.9/site-packages/airflow/example_dags/plugins/workday.py
[2025-01-05 10:53:46,584] {processor.py:161} INFO - Processing /home/daniel/Documents/Alura/python_apache_airflow_pipeline/venv/lib/python3.9/site-packages/airflow/example_dags/plugins/workday.py took 0.014 seconds
[2025-01-05 10:54:22,746] {processor.py:153} INFO - Started process (PID=4006) to work on /home/daniel/Documents/Alura/python_apache_airflow_pipeline/venv/lib/python3.9/site-packages/airflow/example_dags/plugins/workday.py
[2025-01-05 10:54:22,748] {processor.py:641} INFO - Processing file /home/daniel/Documents/Alura/python_apache_airflow_pipeline/venv/lib/python3.9/site-packages/airflow/example_dags/plugins/workday.py for tasks to queue
[2025-01-05 10:54:22,748] {logging_mixin.py:115} INFO - [2025-01-05 10:54:22,748] {dagbag.py:507} INFO - Filling up the DagBag from /home/daniel/Documents/Alura/python_apache_airflow_pipeline/venv/lib/python3.9/site-packages/airflow/example_dags/plugins/workday.py
[2025-01-05 10:54:22,750] {processor.py:653} WARNING - No viable dags retrieved from /home/daniel/Documents/Alura/python_apache_airflow_pipeline/venv/lib/python3.9/site-packages/airflow/example_dags/plugins/workday.py
[2025-01-05 10:54:22,760] {processor.py:161} INFO - Processing /home/daniel/Documents/Alura/python_apache_airflow_pipeline/venv/lib/python3.9/site-packages/airflow/example_dags/plugins/workday.py took 0.017 seconds
[2025-01-05 10:54:59,055] {processor.py:153} INFO - Started process (PID=4050) to work on /home/daniel/Documents/Alura/python_apache_airflow_pipeline/venv/lib/python3.9/site-packages/airflow/example_dags/plugins/workday.py
[2025-01-05 10:54:59,056] {processor.py:641} INFO - Processing file /home/daniel/Documents/Alura/python_apache_airflow_pipeline/venv/lib/python3.9/site-packages/airflow/example_dags/plugins/workday.py for tasks to queue
[2025-01-05 10:54:59,056] {logging_mixin.py:115} INFO - [2025-01-05 10:54:59,056] {dagbag.py:507} INFO - Filling up the DagBag from /home/daniel/Documents/Alura/python_apache_airflow_pipeline/venv/lib/python3.9/site-packages/airflow/example_dags/plugins/workday.py
[2025-01-05 10:54:59,058] {processor.py:653} WARNING - No viable dags retrieved from /home/daniel/Documents/Alura/python_apache_airflow_pipeline/venv/lib/python3.9/site-packages/airflow/example_dags/plugins/workday.py
[2025-01-05 10:54:59,069] {processor.py:161} INFO - Processing /home/daniel/Documents/Alura/python_apache_airflow_pipeline/venv/lib/python3.9/site-packages/airflow/example_dags/plugins/workday.py took 0.017 seconds
[2025-01-05 10:55:34,102] {processor.py:153} INFO - Started process (PID=4096) to work on /home/daniel/Documents/Alura/python_apache_airflow_pipeline/venv/lib/python3.9/site-packages/airflow/example_dags/plugins/workday.py
[2025-01-05 10:55:34,103] {processor.py:641} INFO - Processing file /home/daniel/Documents/Alura/python_apache_airflow_pipeline/venv/lib/python3.9/site-packages/airflow/example_dags/plugins/workday.py for tasks to queue
[2025-01-05 10:55:34,104] {logging_mixin.py:115} INFO - [2025-01-05 10:55:34,103] {dagbag.py:507} INFO - Filling up the DagBag from /home/daniel/Documents/Alura/python_apache_airflow_pipeline/venv/lib/python3.9/site-packages/airflow/example_dags/plugins/workday.py
[2025-01-05 10:55:34,105] {processor.py:653} WARNING - No viable dags retrieved from /home/daniel/Documents/Alura/python_apache_airflow_pipeline/venv/lib/python3.9/site-packages/airflow/example_dags/plugins/workday.py
[2025-01-05 10:55:34,117] {processor.py:161} INFO - Processing /home/daniel/Documents/Alura/python_apache_airflow_pipeline/venv/lib/python3.9/site-packages/airflow/example_dags/plugins/workday.py took 0.018 seconds
[2025-01-05 10:56:10,851] {processor.py:153} INFO - Started process (PID=4154) to work on /home/daniel/Documents/Alura/python_apache_airflow_pipeline/venv/lib/python3.9/site-packages/airflow/example_dags/plugins/workday.py
[2025-01-05 10:56:10,852] {processor.py:641} INFO - Processing file /home/daniel/Documents/Alura/python_apache_airflow_pipeline/venv/lib/python3.9/site-packages/airflow/example_dags/plugins/workday.py for tasks to queue
[2025-01-05 10:56:10,853] {logging_mixin.py:115} INFO - [2025-01-05 10:56:10,853] {dagbag.py:507} INFO - Filling up the DagBag from /home/daniel/Documents/Alura/python_apache_airflow_pipeline/venv/lib/python3.9/site-packages/airflow/example_dags/plugins/workday.py
[2025-01-05 10:56:10,856] {processor.py:653} WARNING - No viable dags retrieved from /home/daniel/Documents/Alura/python_apache_airflow_pipeline/venv/lib/python3.9/site-packages/airflow/example_dags/plugins/workday.py
[2025-01-05 10:56:10,871] {processor.py:161} INFO - Processing /home/daniel/Documents/Alura/python_apache_airflow_pipeline/venv/lib/python3.9/site-packages/airflow/example_dags/plugins/workday.py took 0.023 seconds
[2025-01-05 10:56:46,369] {processor.py:153} INFO - Started process (PID=4194) to work on /home/daniel/Documents/Alura/python_apache_airflow_pipeline/venv/lib/python3.9/site-packages/airflow/example_dags/plugins/workday.py
[2025-01-05 10:56:46,371] {processor.py:641} INFO - Processing file /home/daniel/Documents/Alura/python_apache_airflow_pipeline/venv/lib/python3.9/site-packages/airflow/example_dags/plugins/workday.py for tasks to queue
[2025-01-05 10:56:46,371] {logging_mixin.py:115} INFO - [2025-01-05 10:56:46,371] {dagbag.py:507} INFO - Filling up the DagBag from /home/daniel/Documents/Alura/python_apache_airflow_pipeline/venv/lib/python3.9/site-packages/airflow/example_dags/plugins/workday.py
[2025-01-05 10:56:46,373] {processor.py:653} WARNING - No viable dags retrieved from /home/daniel/Documents/Alura/python_apache_airflow_pipeline/venv/lib/python3.9/site-packages/airflow/example_dags/plugins/workday.py
[2025-01-05 10:56:46,384] {processor.py:161} INFO - Processing /home/daniel/Documents/Alura/python_apache_airflow_pipeline/venv/lib/python3.9/site-packages/airflow/example_dags/plugins/workday.py took 0.018 seconds
[2025-01-05 10:57:23,547] {processor.py:153} INFO - Started process (PID=4292) to work on /home/daniel/Documents/Alura/python_apache_airflow_pipeline/venv/lib/python3.9/site-packages/airflow/example_dags/plugins/workday.py
[2025-01-05 10:57:23,548] {processor.py:641} INFO - Processing file /home/daniel/Documents/Alura/python_apache_airflow_pipeline/venv/lib/python3.9/site-packages/airflow/example_dags/plugins/workday.py for tasks to queue
[2025-01-05 10:57:23,549] {logging_mixin.py:115} INFO - [2025-01-05 10:57:23,549] {dagbag.py:507} INFO - Filling up the DagBag from /home/daniel/Documents/Alura/python_apache_airflow_pipeline/venv/lib/python3.9/site-packages/airflow/example_dags/plugins/workday.py
[2025-01-05 10:57:23,552] {processor.py:653} WARNING - No viable dags retrieved from /home/daniel/Documents/Alura/python_apache_airflow_pipeline/venv/lib/python3.9/site-packages/airflow/example_dags/plugins/workday.py
[2025-01-05 10:57:23,562] {processor.py:161} INFO - Processing /home/daniel/Documents/Alura/python_apache_airflow_pipeline/venv/lib/python3.9/site-packages/airflow/example_dags/plugins/workday.py took 0.018 seconds
[2025-01-05 10:58:08,428] {processor.py:153} INFO - Started process (PID=4708) to work on /home/daniel/Documents/Alura/python_apache_airflow_pipeline/venv/lib/python3.9/site-packages/airflow/example_dags/plugins/workday.py
[2025-01-05 10:58:08,430] {processor.py:641} INFO - Processing file /home/daniel/Documents/Alura/python_apache_airflow_pipeline/venv/lib/python3.9/site-packages/airflow/example_dags/plugins/workday.py for tasks to queue
[2025-01-05 10:58:08,431] {logging_mixin.py:115} INFO - [2025-01-05 10:58:08,431] {dagbag.py:507} INFO - Filling up the DagBag from /home/daniel/Documents/Alura/python_apache_airflow_pipeline/venv/lib/python3.9/site-packages/airflow/example_dags/plugins/workday.py
[2025-01-05 10:58:08,433] {processor.py:653} WARNING - No viable dags retrieved from /home/daniel/Documents/Alura/python_apache_airflow_pipeline/venv/lib/python3.9/site-packages/airflow/example_dags/plugins/workday.py
[2025-01-05 10:58:08,451] {processor.py:161} INFO - Processing /home/daniel/Documents/Alura/python_apache_airflow_pipeline/venv/lib/python3.9/site-packages/airflow/example_dags/plugins/workday.py took 0.031 seconds
