[2025-01-03 19:59:14,128] {processor.py:153} INFO - Started process (PID=18479) to work on /home/daniel/Documents/Alura/python_apache_airflow_pipeline/venv/lib/python3.9/site-packages/airflow/example_dags/subdags/subdag.py
[2025-01-03 19:59:14,128] {processor.py:641} INFO - Processing file /home/daniel/Documents/Alura/python_apache_airflow_pipeline/venv/lib/python3.9/site-packages/airflow/example_dags/subdags/subdag.py for tasks to queue
[2025-01-03 19:59:14,129] {logging_mixin.py:115} INFO - [2025-01-03 19:59:14,129] {dagbag.py:507} INFO - Filling up the DagBag from /home/daniel/Documents/Alura/python_apache_airflow_pipeline/venv/lib/python3.9/site-packages/airflow/example_dags/subdags/subdag.py
[2025-01-03 19:59:14,130] {processor.py:653} WARNING - No viable dags retrieved from /home/daniel/Documents/Alura/python_apache_airflow_pipeline/venv/lib/python3.9/site-packages/airflow/example_dags/subdags/subdag.py
[2025-01-03 19:59:14,140] {processor.py:161} INFO - Processing /home/daniel/Documents/Alura/python_apache_airflow_pipeline/venv/lib/python3.9/site-packages/airflow/example_dags/subdags/subdag.py took 0.016 seconds
[2025-01-03 20:00:00,929] {processor.py:153} INFO - Started process (PID=19025) to work on /home/daniel/Documents/Alura/python_apache_airflow_pipeline/venv/lib/python3.9/site-packages/airflow/example_dags/subdags/subdag.py
[2025-01-03 20:00:00,932] {processor.py:641} INFO - Processing file /home/daniel/Documents/Alura/python_apache_airflow_pipeline/venv/lib/python3.9/site-packages/airflow/example_dags/subdags/subdag.py for tasks to queue
[2025-01-03 20:00:00,933] {logging_mixin.py:115} INFO - [2025-01-03 20:00:00,932] {dagbag.py:507} INFO - Filling up the DagBag from /home/daniel/Documents/Alura/python_apache_airflow_pipeline/venv/lib/python3.9/site-packages/airflow/example_dags/subdags/subdag.py
[2025-01-03 20:00:00,936] {processor.py:653} WARNING - No viable dags retrieved from /home/daniel/Documents/Alura/python_apache_airflow_pipeline/venv/lib/python3.9/site-packages/airflow/example_dags/subdags/subdag.py
[2025-01-03 20:00:00,948] {processor.py:161} INFO - Processing /home/daniel/Documents/Alura/python_apache_airflow_pipeline/venv/lib/python3.9/site-packages/airflow/example_dags/subdags/subdag.py took 0.022 seconds
[2025-01-03 20:00:36,167] {processor.py:153} INFO - Started process (PID=19740) to work on /home/daniel/Documents/Alura/python_apache_airflow_pipeline/venv/lib/python3.9/site-packages/airflow/example_dags/subdags/subdag.py
[2025-01-03 20:00:36,168] {processor.py:641} INFO - Processing file /home/daniel/Documents/Alura/python_apache_airflow_pipeline/venv/lib/python3.9/site-packages/airflow/example_dags/subdags/subdag.py for tasks to queue
[2025-01-03 20:00:36,168] {logging_mixin.py:115} INFO - [2025-01-03 20:00:36,168] {dagbag.py:507} INFO - Filling up the DagBag from /home/daniel/Documents/Alura/python_apache_airflow_pipeline/venv/lib/python3.9/site-packages/airflow/example_dags/subdags/subdag.py
[2025-01-03 20:00:36,170] {processor.py:653} WARNING - No viable dags retrieved from /home/daniel/Documents/Alura/python_apache_airflow_pipeline/venv/lib/python3.9/site-packages/airflow/example_dags/subdags/subdag.py
[2025-01-03 20:00:36,183] {processor.py:161} INFO - Processing /home/daniel/Documents/Alura/python_apache_airflow_pipeline/venv/lib/python3.9/site-packages/airflow/example_dags/subdags/subdag.py took 0.019 seconds
[2025-01-03 20:01:09,553] {processor.py:153} INFO - Started process (PID=19939) to work on /home/daniel/Documents/Alura/python_apache_airflow_pipeline/venv/lib/python3.9/site-packages/airflow/example_dags/subdags/subdag.py
[2025-01-03 20:01:09,554] {processor.py:641} INFO - Processing file /home/daniel/Documents/Alura/python_apache_airflow_pipeline/venv/lib/python3.9/site-packages/airflow/example_dags/subdags/subdag.py for tasks to queue
[2025-01-03 20:01:09,554] {logging_mixin.py:115} INFO - [2025-01-03 20:01:09,554] {dagbag.py:507} INFO - Filling up the DagBag from /home/daniel/Documents/Alura/python_apache_airflow_pipeline/venv/lib/python3.9/site-packages/airflow/example_dags/subdags/subdag.py
[2025-01-03 20:01:09,555] {processor.py:653} WARNING - No viable dags retrieved from /home/daniel/Documents/Alura/python_apache_airflow_pipeline/venv/lib/python3.9/site-packages/airflow/example_dags/subdags/subdag.py
[2025-01-03 20:01:09,564] {processor.py:161} INFO - Processing /home/daniel/Documents/Alura/python_apache_airflow_pipeline/venv/lib/python3.9/site-packages/airflow/example_dags/subdags/subdag.py took 0.014 seconds
[2025-01-03 20:01:44,761] {processor.py:153} INFO - Started process (PID=20267) to work on /home/daniel/Documents/Alura/python_apache_airflow_pipeline/venv/lib/python3.9/site-packages/airflow/example_dags/subdags/subdag.py
[2025-01-03 20:01:44,762] {processor.py:641} INFO - Processing file /home/daniel/Documents/Alura/python_apache_airflow_pipeline/venv/lib/python3.9/site-packages/airflow/example_dags/subdags/subdag.py for tasks to queue
[2025-01-03 20:01:44,763] {logging_mixin.py:115} INFO - [2025-01-03 20:01:44,763] {dagbag.py:507} INFO - Filling up the DagBag from /home/daniel/Documents/Alura/python_apache_airflow_pipeline/venv/lib/python3.9/site-packages/airflow/example_dags/subdags/subdag.py
[2025-01-03 20:01:44,765] {processor.py:653} WARNING - No viable dags retrieved from /home/daniel/Documents/Alura/python_apache_airflow_pipeline/venv/lib/python3.9/site-packages/airflow/example_dags/subdags/subdag.py
[2025-01-03 20:01:44,781] {processor.py:161} INFO - Processing /home/daniel/Documents/Alura/python_apache_airflow_pipeline/venv/lib/python3.9/site-packages/airflow/example_dags/subdags/subdag.py took 0.022 seconds
[2025-01-03 20:02:17,026] {processor.py:153} INFO - Started process (PID=20632) to work on /home/daniel/Documents/Alura/python_apache_airflow_pipeline/venv/lib/python3.9/site-packages/airflow/example_dags/subdags/subdag.py
[2025-01-03 20:02:17,027] {processor.py:641} INFO - Processing file /home/daniel/Documents/Alura/python_apache_airflow_pipeline/venv/lib/python3.9/site-packages/airflow/example_dags/subdags/subdag.py for tasks to queue
[2025-01-03 20:02:17,028] {logging_mixin.py:115} INFO - [2025-01-03 20:02:17,028] {dagbag.py:507} INFO - Filling up the DagBag from /home/daniel/Documents/Alura/python_apache_airflow_pipeline/venv/lib/python3.9/site-packages/airflow/example_dags/subdags/subdag.py
[2025-01-03 20:02:17,029] {processor.py:653} WARNING - No viable dags retrieved from /home/daniel/Documents/Alura/python_apache_airflow_pipeline/venv/lib/python3.9/site-packages/airflow/example_dags/subdags/subdag.py
[2025-01-03 20:02:17,037] {processor.py:161} INFO - Processing /home/daniel/Documents/Alura/python_apache_airflow_pipeline/venv/lib/python3.9/site-packages/airflow/example_dags/subdags/subdag.py took 0.014 seconds
[2025-01-03 20:02:50,989] {processor.py:153} INFO - Started process (PID=20914) to work on /home/daniel/Documents/Alura/python_apache_airflow_pipeline/venv/lib/python3.9/site-packages/airflow/example_dags/subdags/subdag.py
[2025-01-03 20:02:50,990] {processor.py:641} INFO - Processing file /home/daniel/Documents/Alura/python_apache_airflow_pipeline/venv/lib/python3.9/site-packages/airflow/example_dags/subdags/subdag.py for tasks to queue
[2025-01-03 20:02:50,990] {logging_mixin.py:115} INFO - [2025-01-03 20:02:50,990] {dagbag.py:507} INFO - Filling up the DagBag from /home/daniel/Documents/Alura/python_apache_airflow_pipeline/venv/lib/python3.9/site-packages/airflow/example_dags/subdags/subdag.py
[2025-01-03 20:02:50,992] {processor.py:653} WARNING - No viable dags retrieved from /home/daniel/Documents/Alura/python_apache_airflow_pipeline/venv/lib/python3.9/site-packages/airflow/example_dags/subdags/subdag.py
[2025-01-03 20:02:51,002] {processor.py:161} INFO - Processing /home/daniel/Documents/Alura/python_apache_airflow_pipeline/venv/lib/python3.9/site-packages/airflow/example_dags/subdags/subdag.py took 0.016 seconds
[2025-01-03 20:03:24,949] {processor.py:153} INFO - Started process (PID=21246) to work on /home/daniel/Documents/Alura/python_apache_airflow_pipeline/venv/lib/python3.9/site-packages/airflow/example_dags/subdags/subdag.py
[2025-01-03 20:03:24,950] {processor.py:641} INFO - Processing file /home/daniel/Documents/Alura/python_apache_airflow_pipeline/venv/lib/python3.9/site-packages/airflow/example_dags/subdags/subdag.py for tasks to queue
[2025-01-03 20:03:24,950] {logging_mixin.py:115} INFO - [2025-01-03 20:03:24,950] {dagbag.py:507} INFO - Filling up the DagBag from /home/daniel/Documents/Alura/python_apache_airflow_pipeline/venv/lib/python3.9/site-packages/airflow/example_dags/subdags/subdag.py
[2025-01-03 20:03:24,952] {processor.py:653} WARNING - No viable dags retrieved from /home/daniel/Documents/Alura/python_apache_airflow_pipeline/venv/lib/python3.9/site-packages/airflow/example_dags/subdags/subdag.py
[2025-01-03 20:03:24,961] {processor.py:161} INFO - Processing /home/daniel/Documents/Alura/python_apache_airflow_pipeline/venv/lib/python3.9/site-packages/airflow/example_dags/subdags/subdag.py took 0.015 seconds
[2025-01-03 20:03:58,694] {processor.py:153} INFO - Started process (PID=21451) to work on /home/daniel/Documents/Alura/python_apache_airflow_pipeline/venv/lib/python3.9/site-packages/airflow/example_dags/subdags/subdag.py
[2025-01-03 20:03:58,696] {processor.py:641} INFO - Processing file /home/daniel/Documents/Alura/python_apache_airflow_pipeline/venv/lib/python3.9/site-packages/airflow/example_dags/subdags/subdag.py for tasks to queue
[2025-01-03 20:03:58,696] {logging_mixin.py:115} INFO - [2025-01-03 20:03:58,696] {dagbag.py:507} INFO - Filling up the DagBag from /home/daniel/Documents/Alura/python_apache_airflow_pipeline/venv/lib/python3.9/site-packages/airflow/example_dags/subdags/subdag.py
[2025-01-03 20:03:58,697] {processor.py:653} WARNING - No viable dags retrieved from /home/daniel/Documents/Alura/python_apache_airflow_pipeline/venv/lib/python3.9/site-packages/airflow/example_dags/subdags/subdag.py
[2025-01-03 20:03:58,706] {processor.py:161} INFO - Processing /home/daniel/Documents/Alura/python_apache_airflow_pipeline/venv/lib/python3.9/site-packages/airflow/example_dags/subdags/subdag.py took 0.015 seconds
[2025-01-03 20:04:33,266] {processor.py:153} INFO - Started process (PID=21649) to work on /home/daniel/Documents/Alura/python_apache_airflow_pipeline/venv/lib/python3.9/site-packages/airflow/example_dags/subdags/subdag.py
[2025-01-03 20:04:33,267] {processor.py:641} INFO - Processing file /home/daniel/Documents/Alura/python_apache_airflow_pipeline/venv/lib/python3.9/site-packages/airflow/example_dags/subdags/subdag.py for tasks to queue
[2025-01-03 20:04:33,267] {logging_mixin.py:115} INFO - [2025-01-03 20:04:33,267] {dagbag.py:507} INFO - Filling up the DagBag from /home/daniel/Documents/Alura/python_apache_airflow_pipeline/venv/lib/python3.9/site-packages/airflow/example_dags/subdags/subdag.py
[2025-01-03 20:04:33,269] {processor.py:653} WARNING - No viable dags retrieved from /home/daniel/Documents/Alura/python_apache_airflow_pipeline/venv/lib/python3.9/site-packages/airflow/example_dags/subdags/subdag.py
[2025-01-03 20:04:33,277] {processor.py:161} INFO - Processing /home/daniel/Documents/Alura/python_apache_airflow_pipeline/venv/lib/python3.9/site-packages/airflow/example_dags/subdags/subdag.py took 0.014 seconds
[2025-01-03 20:05:04,800] {processor.py:153} INFO - Started process (PID=21823) to work on /home/daniel/Documents/Alura/python_apache_airflow_pipeline/venv/lib/python3.9/site-packages/airflow/example_dags/subdags/subdag.py
[2025-01-03 20:05:04,801] {processor.py:641} INFO - Processing file /home/daniel/Documents/Alura/python_apache_airflow_pipeline/venv/lib/python3.9/site-packages/airflow/example_dags/subdags/subdag.py for tasks to queue
[2025-01-03 20:05:04,801] {logging_mixin.py:115} INFO - [2025-01-03 20:05:04,801] {dagbag.py:507} INFO - Filling up the DagBag from /home/daniel/Documents/Alura/python_apache_airflow_pipeline/venv/lib/python3.9/site-packages/airflow/example_dags/subdags/subdag.py
[2025-01-03 20:05:04,802] {processor.py:653} WARNING - No viable dags retrieved from /home/daniel/Documents/Alura/python_apache_airflow_pipeline/venv/lib/python3.9/site-packages/airflow/example_dags/subdags/subdag.py
[2025-01-03 20:05:04,813] {processor.py:161} INFO - Processing /home/daniel/Documents/Alura/python_apache_airflow_pipeline/venv/lib/python3.9/site-packages/airflow/example_dags/subdags/subdag.py took 0.016 seconds
[2025-01-03 20:05:36,211] {processor.py:153} INFO - Started process (PID=22094) to work on /home/daniel/Documents/Alura/python_apache_airflow_pipeline/venv/lib/python3.9/site-packages/airflow/example_dags/subdags/subdag.py
[2025-01-03 20:05:36,212] {processor.py:641} INFO - Processing file /home/daniel/Documents/Alura/python_apache_airflow_pipeline/venv/lib/python3.9/site-packages/airflow/example_dags/subdags/subdag.py for tasks to queue
[2025-01-03 20:05:36,213] {logging_mixin.py:115} INFO - [2025-01-03 20:05:36,213] {dagbag.py:507} INFO - Filling up the DagBag from /home/daniel/Documents/Alura/python_apache_airflow_pipeline/venv/lib/python3.9/site-packages/airflow/example_dags/subdags/subdag.py
[2025-01-03 20:05:36,216] {processor.py:653} WARNING - No viable dags retrieved from /home/daniel/Documents/Alura/python_apache_airflow_pipeline/venv/lib/python3.9/site-packages/airflow/example_dags/subdags/subdag.py
[2025-01-03 20:05:36,228] {processor.py:161} INFO - Processing /home/daniel/Documents/Alura/python_apache_airflow_pipeline/venv/lib/python3.9/site-packages/airflow/example_dags/subdags/subdag.py took 0.020 seconds
[2025-01-03 20:06:10,454] {processor.py:153} INFO - Started process (PID=22275) to work on /home/daniel/Documents/Alura/python_apache_airflow_pipeline/venv/lib/python3.9/site-packages/airflow/example_dags/subdags/subdag.py
[2025-01-03 20:06:10,455] {processor.py:641} INFO - Processing file /home/daniel/Documents/Alura/python_apache_airflow_pipeline/venv/lib/python3.9/site-packages/airflow/example_dags/subdags/subdag.py for tasks to queue
[2025-01-03 20:06:10,456] {logging_mixin.py:115} INFO - [2025-01-03 20:06:10,455] {dagbag.py:507} INFO - Filling up the DagBag from /home/daniel/Documents/Alura/python_apache_airflow_pipeline/venv/lib/python3.9/site-packages/airflow/example_dags/subdags/subdag.py
[2025-01-03 20:06:10,457] {processor.py:653} WARNING - No viable dags retrieved from /home/daniel/Documents/Alura/python_apache_airflow_pipeline/venv/lib/python3.9/site-packages/airflow/example_dags/subdags/subdag.py
[2025-01-03 20:06:10,465] {processor.py:161} INFO - Processing /home/daniel/Documents/Alura/python_apache_airflow_pipeline/venv/lib/python3.9/site-packages/airflow/example_dags/subdags/subdag.py took 0.015 seconds
[2025-01-03 20:06:44,122] {processor.py:153} INFO - Started process (PID=22482) to work on /home/daniel/Documents/Alura/python_apache_airflow_pipeline/venv/lib/python3.9/site-packages/airflow/example_dags/subdags/subdag.py
[2025-01-03 20:06:44,123] {processor.py:641} INFO - Processing file /home/daniel/Documents/Alura/python_apache_airflow_pipeline/venv/lib/python3.9/site-packages/airflow/example_dags/subdags/subdag.py for tasks to queue
[2025-01-03 20:06:44,124] {logging_mixin.py:115} INFO - [2025-01-03 20:06:44,124] {dagbag.py:507} INFO - Filling up the DagBag from /home/daniel/Documents/Alura/python_apache_airflow_pipeline/venv/lib/python3.9/site-packages/airflow/example_dags/subdags/subdag.py
[2025-01-03 20:06:44,125] {processor.py:653} WARNING - No viable dags retrieved from /home/daniel/Documents/Alura/python_apache_airflow_pipeline/venv/lib/python3.9/site-packages/airflow/example_dags/subdags/subdag.py
[2025-01-03 20:06:44,133] {processor.py:161} INFO - Processing /home/daniel/Documents/Alura/python_apache_airflow_pipeline/venv/lib/python3.9/site-packages/airflow/example_dags/subdags/subdag.py took 0.014 seconds
[2025-01-03 20:07:18,365] {processor.py:153} INFO - Started process (PID=22674) to work on /home/daniel/Documents/Alura/python_apache_airflow_pipeline/venv/lib/python3.9/site-packages/airflow/example_dags/subdags/subdag.py
[2025-01-03 20:07:18,366] {processor.py:641} INFO - Processing file /home/daniel/Documents/Alura/python_apache_airflow_pipeline/venv/lib/python3.9/site-packages/airflow/example_dags/subdags/subdag.py for tasks to queue
[2025-01-03 20:07:18,367] {logging_mixin.py:115} INFO - [2025-01-03 20:07:18,367] {dagbag.py:507} INFO - Filling up the DagBag from /home/daniel/Documents/Alura/python_apache_airflow_pipeline/venv/lib/python3.9/site-packages/airflow/example_dags/subdags/subdag.py
[2025-01-03 20:07:18,368] {processor.py:653} WARNING - No viable dags retrieved from /home/daniel/Documents/Alura/python_apache_airflow_pipeline/venv/lib/python3.9/site-packages/airflow/example_dags/subdags/subdag.py
[2025-01-03 20:07:18,376] {processor.py:161} INFO - Processing /home/daniel/Documents/Alura/python_apache_airflow_pipeline/venv/lib/python3.9/site-packages/airflow/example_dags/subdags/subdag.py took 0.014 seconds
[2025-01-03 20:07:51,217] {processor.py:153} INFO - Started process (PID=22865) to work on /home/daniel/Documents/Alura/python_apache_airflow_pipeline/venv/lib/python3.9/site-packages/airflow/example_dags/subdags/subdag.py
[2025-01-03 20:07:51,218] {processor.py:641} INFO - Processing file /home/daniel/Documents/Alura/python_apache_airflow_pipeline/venv/lib/python3.9/site-packages/airflow/example_dags/subdags/subdag.py for tasks to queue
[2025-01-03 20:07:51,218] {logging_mixin.py:115} INFO - [2025-01-03 20:07:51,218] {dagbag.py:507} INFO - Filling up the DagBag from /home/daniel/Documents/Alura/python_apache_airflow_pipeline/venv/lib/python3.9/site-packages/airflow/example_dags/subdags/subdag.py
[2025-01-03 20:07:51,219] {processor.py:653} WARNING - No viable dags retrieved from /home/daniel/Documents/Alura/python_apache_airflow_pipeline/venv/lib/python3.9/site-packages/airflow/example_dags/subdags/subdag.py
[2025-01-03 20:07:51,228] {processor.py:161} INFO - Processing /home/daniel/Documents/Alura/python_apache_airflow_pipeline/venv/lib/python3.9/site-packages/airflow/example_dags/subdags/subdag.py took 0.014 seconds
[2025-01-03 20:08:23,866] {processor.py:153} INFO - Started process (PID=23047) to work on /home/daniel/Documents/Alura/python_apache_airflow_pipeline/venv/lib/python3.9/site-packages/airflow/example_dags/subdags/subdag.py
[2025-01-03 20:08:23,867] {processor.py:641} INFO - Processing file /home/daniel/Documents/Alura/python_apache_airflow_pipeline/venv/lib/python3.9/site-packages/airflow/example_dags/subdags/subdag.py for tasks to queue
[2025-01-03 20:08:23,867] {logging_mixin.py:115} INFO - [2025-01-03 20:08:23,867] {dagbag.py:507} INFO - Filling up the DagBag from /home/daniel/Documents/Alura/python_apache_airflow_pipeline/venv/lib/python3.9/site-packages/airflow/example_dags/subdags/subdag.py
[2025-01-03 20:08:23,868] {processor.py:653} WARNING - No viable dags retrieved from /home/daniel/Documents/Alura/python_apache_airflow_pipeline/venv/lib/python3.9/site-packages/airflow/example_dags/subdags/subdag.py
[2025-01-03 20:08:23,877] {processor.py:161} INFO - Processing /home/daniel/Documents/Alura/python_apache_airflow_pipeline/venv/lib/python3.9/site-packages/airflow/example_dags/subdags/subdag.py took 0.014 seconds
[2025-01-03 20:08:56,533] {processor.py:153} INFO - Started process (PID=23233) to work on /home/daniel/Documents/Alura/python_apache_airflow_pipeline/venv/lib/python3.9/site-packages/airflow/example_dags/subdags/subdag.py
[2025-01-03 20:08:56,534] {processor.py:641} INFO - Processing file /home/daniel/Documents/Alura/python_apache_airflow_pipeline/venv/lib/python3.9/site-packages/airflow/example_dags/subdags/subdag.py for tasks to queue
[2025-01-03 20:08:56,534] {logging_mixin.py:115} INFO - [2025-01-03 20:08:56,534] {dagbag.py:507} INFO - Filling up the DagBag from /home/daniel/Documents/Alura/python_apache_airflow_pipeline/venv/lib/python3.9/site-packages/airflow/example_dags/subdags/subdag.py
[2025-01-03 20:08:56,535] {processor.py:653} WARNING - No viable dags retrieved from /home/daniel/Documents/Alura/python_apache_airflow_pipeline/venv/lib/python3.9/site-packages/airflow/example_dags/subdags/subdag.py
[2025-01-03 20:08:56,544] {processor.py:161} INFO - Processing /home/daniel/Documents/Alura/python_apache_airflow_pipeline/venv/lib/python3.9/site-packages/airflow/example_dags/subdags/subdag.py took 0.014 seconds
[2025-01-03 20:09:28,518] {processor.py:153} INFO - Started process (PID=23415) to work on /home/daniel/Documents/Alura/python_apache_airflow_pipeline/venv/lib/python3.9/site-packages/airflow/example_dags/subdags/subdag.py
[2025-01-03 20:09:28,519] {processor.py:641} INFO - Processing file /home/daniel/Documents/Alura/python_apache_airflow_pipeline/venv/lib/python3.9/site-packages/airflow/example_dags/subdags/subdag.py for tasks to queue
[2025-01-03 20:09:28,519] {logging_mixin.py:115} INFO - [2025-01-03 20:09:28,519] {dagbag.py:507} INFO - Filling up the DagBag from /home/daniel/Documents/Alura/python_apache_airflow_pipeline/venv/lib/python3.9/site-packages/airflow/example_dags/subdags/subdag.py
[2025-01-03 20:09:28,520] {processor.py:653} WARNING - No viable dags retrieved from /home/daniel/Documents/Alura/python_apache_airflow_pipeline/venv/lib/python3.9/site-packages/airflow/example_dags/subdags/subdag.py
[2025-01-03 20:09:28,530] {processor.py:161} INFO - Processing /home/daniel/Documents/Alura/python_apache_airflow_pipeline/venv/lib/python3.9/site-packages/airflow/example_dags/subdags/subdag.py took 0.014 seconds
[2025-01-03 20:10:04,062] {processor.py:153} INFO - Started process (PID=23614) to work on /home/daniel/Documents/Alura/python_apache_airflow_pipeline/venv/lib/python3.9/site-packages/airflow/example_dags/subdags/subdag.py
[2025-01-03 20:10:04,063] {processor.py:641} INFO - Processing file /home/daniel/Documents/Alura/python_apache_airflow_pipeline/venv/lib/python3.9/site-packages/airflow/example_dags/subdags/subdag.py for tasks to queue
[2025-01-03 20:10:04,063] {logging_mixin.py:115} INFO - [2025-01-03 20:10:04,063] {dagbag.py:507} INFO - Filling up the DagBag from /home/daniel/Documents/Alura/python_apache_airflow_pipeline/venv/lib/python3.9/site-packages/airflow/example_dags/subdags/subdag.py
[2025-01-03 20:10:04,065] {processor.py:653} WARNING - No viable dags retrieved from /home/daniel/Documents/Alura/python_apache_airflow_pipeline/venv/lib/python3.9/site-packages/airflow/example_dags/subdags/subdag.py
[2025-01-03 20:10:04,076] {processor.py:161} INFO - Processing /home/daniel/Documents/Alura/python_apache_airflow_pipeline/venv/lib/python3.9/site-packages/airflow/example_dags/subdags/subdag.py took 0.016 seconds
[2025-01-03 20:10:36,467] {processor.py:153} INFO - Started process (PID=23803) to work on /home/daniel/Documents/Alura/python_apache_airflow_pipeline/venv/lib/python3.9/site-packages/airflow/example_dags/subdags/subdag.py
[2025-01-03 20:10:36,468] {processor.py:641} INFO - Processing file /home/daniel/Documents/Alura/python_apache_airflow_pipeline/venv/lib/python3.9/site-packages/airflow/example_dags/subdags/subdag.py for tasks to queue
[2025-01-03 20:10:36,468] {logging_mixin.py:115} INFO - [2025-01-03 20:10:36,468] {dagbag.py:507} INFO - Filling up the DagBag from /home/daniel/Documents/Alura/python_apache_airflow_pipeline/venv/lib/python3.9/site-packages/airflow/example_dags/subdags/subdag.py
[2025-01-03 20:10:36,469] {processor.py:653} WARNING - No viable dags retrieved from /home/daniel/Documents/Alura/python_apache_airflow_pipeline/venv/lib/python3.9/site-packages/airflow/example_dags/subdags/subdag.py
[2025-01-03 20:10:36,479] {processor.py:161} INFO - Processing /home/daniel/Documents/Alura/python_apache_airflow_pipeline/venv/lib/python3.9/site-packages/airflow/example_dags/subdags/subdag.py took 0.015 seconds
[2025-01-03 20:11:10,135] {processor.py:153} INFO - Started process (PID=23983) to work on /home/daniel/Documents/Alura/python_apache_airflow_pipeline/venv/lib/python3.9/site-packages/airflow/example_dags/subdags/subdag.py
[2025-01-03 20:11:10,136] {processor.py:641} INFO - Processing file /home/daniel/Documents/Alura/python_apache_airflow_pipeline/venv/lib/python3.9/site-packages/airflow/example_dags/subdags/subdag.py for tasks to queue
[2025-01-03 20:11:10,136] {logging_mixin.py:115} INFO - [2025-01-03 20:11:10,136] {dagbag.py:507} INFO - Filling up the DagBag from /home/daniel/Documents/Alura/python_apache_airflow_pipeline/venv/lib/python3.9/site-packages/airflow/example_dags/subdags/subdag.py
[2025-01-03 20:11:10,138] {processor.py:653} WARNING - No viable dags retrieved from /home/daniel/Documents/Alura/python_apache_airflow_pipeline/venv/lib/python3.9/site-packages/airflow/example_dags/subdags/subdag.py
[2025-01-03 20:11:10,148] {processor.py:161} INFO - Processing /home/daniel/Documents/Alura/python_apache_airflow_pipeline/venv/lib/python3.9/site-packages/airflow/example_dags/subdags/subdag.py took 0.016 seconds
[2025-01-03 20:11:45,362] {processor.py:153} INFO - Started process (PID=24174) to work on /home/daniel/Documents/Alura/python_apache_airflow_pipeline/venv/lib/python3.9/site-packages/airflow/example_dags/subdags/subdag.py
[2025-01-03 20:11:45,363] {processor.py:641} INFO - Processing file /home/daniel/Documents/Alura/python_apache_airflow_pipeline/venv/lib/python3.9/site-packages/airflow/example_dags/subdags/subdag.py for tasks to queue
[2025-01-03 20:11:45,364] {logging_mixin.py:115} INFO - [2025-01-03 20:11:45,364] {dagbag.py:507} INFO - Filling up the DagBag from /home/daniel/Documents/Alura/python_apache_airflow_pipeline/venv/lib/python3.9/site-packages/airflow/example_dags/subdags/subdag.py
[2025-01-03 20:11:45,365] {processor.py:653} WARNING - No viable dags retrieved from /home/daniel/Documents/Alura/python_apache_airflow_pipeline/venv/lib/python3.9/site-packages/airflow/example_dags/subdags/subdag.py
[2025-01-03 20:11:45,375] {processor.py:161} INFO - Processing /home/daniel/Documents/Alura/python_apache_airflow_pipeline/venv/lib/python3.9/site-packages/airflow/example_dags/subdags/subdag.py took 0.015 seconds
[2025-01-03 20:12:19,174] {processor.py:153} INFO - Started process (PID=24358) to work on /home/daniel/Documents/Alura/python_apache_airflow_pipeline/venv/lib/python3.9/site-packages/airflow/example_dags/subdags/subdag.py
[2025-01-03 20:12:19,175] {processor.py:641} INFO - Processing file /home/daniel/Documents/Alura/python_apache_airflow_pipeline/venv/lib/python3.9/site-packages/airflow/example_dags/subdags/subdag.py for tasks to queue
[2025-01-03 20:12:19,175] {logging_mixin.py:115} INFO - [2025-01-03 20:12:19,175] {dagbag.py:507} INFO - Filling up the DagBag from /home/daniel/Documents/Alura/python_apache_airflow_pipeline/venv/lib/python3.9/site-packages/airflow/example_dags/subdags/subdag.py
[2025-01-03 20:12:19,176] {processor.py:653} WARNING - No viable dags retrieved from /home/daniel/Documents/Alura/python_apache_airflow_pipeline/venv/lib/python3.9/site-packages/airflow/example_dags/subdags/subdag.py
[2025-01-03 20:12:19,185] {processor.py:161} INFO - Processing /home/daniel/Documents/Alura/python_apache_airflow_pipeline/venv/lib/python3.9/site-packages/airflow/example_dags/subdags/subdag.py took 0.014 seconds
[2025-01-03 20:12:52,283] {processor.py:153} INFO - Started process (PID=24550) to work on /home/daniel/Documents/Alura/python_apache_airflow_pipeline/venv/lib/python3.9/site-packages/airflow/example_dags/subdags/subdag.py
[2025-01-03 20:12:52,284] {processor.py:641} INFO - Processing file /home/daniel/Documents/Alura/python_apache_airflow_pipeline/venv/lib/python3.9/site-packages/airflow/example_dags/subdags/subdag.py for tasks to queue
[2025-01-03 20:12:52,285] {logging_mixin.py:115} INFO - [2025-01-03 20:12:52,284] {dagbag.py:507} INFO - Filling up the DagBag from /home/daniel/Documents/Alura/python_apache_airflow_pipeline/venv/lib/python3.9/site-packages/airflow/example_dags/subdags/subdag.py
[2025-01-03 20:12:52,287] {processor.py:653} WARNING - No viable dags retrieved from /home/daniel/Documents/Alura/python_apache_airflow_pipeline/venv/lib/python3.9/site-packages/airflow/example_dags/subdags/subdag.py
[2025-01-03 20:12:52,295] {processor.py:161} INFO - Processing /home/daniel/Documents/Alura/python_apache_airflow_pipeline/venv/lib/python3.9/site-packages/airflow/example_dags/subdags/subdag.py took 0.015 seconds
[2025-01-03 20:13:23,728] {processor.py:153} INFO - Started process (PID=24737) to work on /home/daniel/Documents/Alura/python_apache_airflow_pipeline/venv/lib/python3.9/site-packages/airflow/example_dags/subdags/subdag.py
[2025-01-03 20:13:23,729] {processor.py:641} INFO - Processing file /home/daniel/Documents/Alura/python_apache_airflow_pipeline/venv/lib/python3.9/site-packages/airflow/example_dags/subdags/subdag.py for tasks to queue
[2025-01-03 20:13:23,729] {logging_mixin.py:115} INFO - [2025-01-03 20:13:23,729] {dagbag.py:507} INFO - Filling up the DagBag from /home/daniel/Documents/Alura/python_apache_airflow_pipeline/venv/lib/python3.9/site-packages/airflow/example_dags/subdags/subdag.py
[2025-01-03 20:13:23,730] {processor.py:653} WARNING - No viable dags retrieved from /home/daniel/Documents/Alura/python_apache_airflow_pipeline/venv/lib/python3.9/site-packages/airflow/example_dags/subdags/subdag.py
[2025-01-03 20:13:23,741] {processor.py:161} INFO - Processing /home/daniel/Documents/Alura/python_apache_airflow_pipeline/venv/lib/python3.9/site-packages/airflow/example_dags/subdags/subdag.py took 0.015 seconds
[2025-01-03 20:13:55,634] {processor.py:153} INFO - Started process (PID=24924) to work on /home/daniel/Documents/Alura/python_apache_airflow_pipeline/venv/lib/python3.9/site-packages/airflow/example_dags/subdags/subdag.py
[2025-01-03 20:13:55,635] {processor.py:641} INFO - Processing file /home/daniel/Documents/Alura/python_apache_airflow_pipeline/venv/lib/python3.9/site-packages/airflow/example_dags/subdags/subdag.py for tasks to queue
[2025-01-03 20:13:55,636] {logging_mixin.py:115} INFO - [2025-01-03 20:13:55,636] {dagbag.py:507} INFO - Filling up the DagBag from /home/daniel/Documents/Alura/python_apache_airflow_pipeline/venv/lib/python3.9/site-packages/airflow/example_dags/subdags/subdag.py
[2025-01-03 20:13:55,637] {processor.py:653} WARNING - No viable dags retrieved from /home/daniel/Documents/Alura/python_apache_airflow_pipeline/venv/lib/python3.9/site-packages/airflow/example_dags/subdags/subdag.py
[2025-01-03 20:13:55,646] {processor.py:161} INFO - Processing /home/daniel/Documents/Alura/python_apache_airflow_pipeline/venv/lib/python3.9/site-packages/airflow/example_dags/subdags/subdag.py took 0.015 seconds
[2025-01-03 20:14:30,473] {processor.py:153} INFO - Started process (PID=25116) to work on /home/daniel/Documents/Alura/python_apache_airflow_pipeline/venv/lib/python3.9/site-packages/airflow/example_dags/subdags/subdag.py
[2025-01-03 20:14:30,474] {processor.py:641} INFO - Processing file /home/daniel/Documents/Alura/python_apache_airflow_pipeline/venv/lib/python3.9/site-packages/airflow/example_dags/subdags/subdag.py for tasks to queue
[2025-01-03 20:14:30,474] {logging_mixin.py:115} INFO - [2025-01-03 20:14:30,474] {dagbag.py:507} INFO - Filling up the DagBag from /home/daniel/Documents/Alura/python_apache_airflow_pipeline/venv/lib/python3.9/site-packages/airflow/example_dags/subdags/subdag.py
[2025-01-03 20:14:30,475] {processor.py:653} WARNING - No viable dags retrieved from /home/daniel/Documents/Alura/python_apache_airflow_pipeline/venv/lib/python3.9/site-packages/airflow/example_dags/subdags/subdag.py
[2025-01-03 20:14:30,485] {processor.py:161} INFO - Processing /home/daniel/Documents/Alura/python_apache_airflow_pipeline/venv/lib/python3.9/site-packages/airflow/example_dags/subdags/subdag.py took 0.015 seconds
[2025-01-03 20:15:02,398] {processor.py:153} INFO - Started process (PID=25299) to work on /home/daniel/Documents/Alura/python_apache_airflow_pipeline/venv/lib/python3.9/site-packages/airflow/example_dags/subdags/subdag.py
[2025-01-03 20:15:02,399] {processor.py:641} INFO - Processing file /home/daniel/Documents/Alura/python_apache_airflow_pipeline/venv/lib/python3.9/site-packages/airflow/example_dags/subdags/subdag.py for tasks to queue
[2025-01-03 20:15:02,400] {logging_mixin.py:115} INFO - [2025-01-03 20:15:02,400] {dagbag.py:507} INFO - Filling up the DagBag from /home/daniel/Documents/Alura/python_apache_airflow_pipeline/venv/lib/python3.9/site-packages/airflow/example_dags/subdags/subdag.py
[2025-01-03 20:15:02,401] {processor.py:653} WARNING - No viable dags retrieved from /home/daniel/Documents/Alura/python_apache_airflow_pipeline/venv/lib/python3.9/site-packages/airflow/example_dags/subdags/subdag.py
[2025-01-03 20:15:02,410] {processor.py:161} INFO - Processing /home/daniel/Documents/Alura/python_apache_airflow_pipeline/venv/lib/python3.9/site-packages/airflow/example_dags/subdags/subdag.py took 0.015 seconds
[2025-01-03 20:15:36,632] {processor.py:153} INFO - Started process (PID=25493) to work on /home/daniel/Documents/Alura/python_apache_airflow_pipeline/venv/lib/python3.9/site-packages/airflow/example_dags/subdags/subdag.py
[2025-01-03 20:15:36,633] {processor.py:641} INFO - Processing file /home/daniel/Documents/Alura/python_apache_airflow_pipeline/venv/lib/python3.9/site-packages/airflow/example_dags/subdags/subdag.py for tasks to queue
[2025-01-03 20:15:36,634] {logging_mixin.py:115} INFO - [2025-01-03 20:15:36,634] {dagbag.py:507} INFO - Filling up the DagBag from /home/daniel/Documents/Alura/python_apache_airflow_pipeline/venv/lib/python3.9/site-packages/airflow/example_dags/subdags/subdag.py
[2025-01-03 20:15:36,635] {processor.py:653} WARNING - No viable dags retrieved from /home/daniel/Documents/Alura/python_apache_airflow_pipeline/venv/lib/python3.9/site-packages/airflow/example_dags/subdags/subdag.py
[2025-01-03 20:15:36,644] {processor.py:161} INFO - Processing /home/daniel/Documents/Alura/python_apache_airflow_pipeline/venv/lib/python3.9/site-packages/airflow/example_dags/subdags/subdag.py took 0.015 seconds
[2025-01-03 20:16:10,402] {processor.py:153} INFO - Started process (PID=25687) to work on /home/daniel/Documents/Alura/python_apache_airflow_pipeline/venv/lib/python3.9/site-packages/airflow/example_dags/subdags/subdag.py
[2025-01-03 20:16:10,403] {processor.py:641} INFO - Processing file /home/daniel/Documents/Alura/python_apache_airflow_pipeline/venv/lib/python3.9/site-packages/airflow/example_dags/subdags/subdag.py for tasks to queue
[2025-01-03 20:16:10,403] {logging_mixin.py:115} INFO - [2025-01-03 20:16:10,403] {dagbag.py:507} INFO - Filling up the DagBag from /home/daniel/Documents/Alura/python_apache_airflow_pipeline/venv/lib/python3.9/site-packages/airflow/example_dags/subdags/subdag.py
[2025-01-03 20:16:10,404] {processor.py:653} WARNING - No viable dags retrieved from /home/daniel/Documents/Alura/python_apache_airflow_pipeline/venv/lib/python3.9/site-packages/airflow/example_dags/subdags/subdag.py
[2025-01-03 20:16:10,414] {processor.py:161} INFO - Processing /home/daniel/Documents/Alura/python_apache_airflow_pipeline/venv/lib/python3.9/site-packages/airflow/example_dags/subdags/subdag.py took 0.015 seconds
[2025-01-03 20:16:42,927] {processor.py:153} INFO - Started process (PID=25871) to work on /home/daniel/Documents/Alura/python_apache_airflow_pipeline/venv/lib/python3.9/site-packages/airflow/example_dags/subdags/subdag.py
[2025-01-03 20:16:42,928] {processor.py:641} INFO - Processing file /home/daniel/Documents/Alura/python_apache_airflow_pipeline/venv/lib/python3.9/site-packages/airflow/example_dags/subdags/subdag.py for tasks to queue
[2025-01-03 20:16:42,928] {logging_mixin.py:115} INFO - [2025-01-03 20:16:42,928] {dagbag.py:507} INFO - Filling up the DagBag from /home/daniel/Documents/Alura/python_apache_airflow_pipeline/venv/lib/python3.9/site-packages/airflow/example_dags/subdags/subdag.py
[2025-01-03 20:16:42,930] {processor.py:653} WARNING - No viable dags retrieved from /home/daniel/Documents/Alura/python_apache_airflow_pipeline/venv/lib/python3.9/site-packages/airflow/example_dags/subdags/subdag.py
[2025-01-03 20:16:42,942] {processor.py:161} INFO - Processing /home/daniel/Documents/Alura/python_apache_airflow_pipeline/venv/lib/python3.9/site-packages/airflow/example_dags/subdags/subdag.py took 0.017 seconds
[2025-01-03 20:17:15,880] {processor.py:153} INFO - Started process (PID=26048) to work on /home/daniel/Documents/Alura/python_apache_airflow_pipeline/venv/lib/python3.9/site-packages/airflow/example_dags/subdags/subdag.py
[2025-01-03 20:17:15,881] {processor.py:641} INFO - Processing file /home/daniel/Documents/Alura/python_apache_airflow_pipeline/venv/lib/python3.9/site-packages/airflow/example_dags/subdags/subdag.py for tasks to queue
[2025-01-03 20:17:15,882] {logging_mixin.py:115} INFO - [2025-01-03 20:17:15,882] {dagbag.py:507} INFO - Filling up the DagBag from /home/daniel/Documents/Alura/python_apache_airflow_pipeline/venv/lib/python3.9/site-packages/airflow/example_dags/subdags/subdag.py
[2025-01-03 20:17:15,883] {processor.py:653} WARNING - No viable dags retrieved from /home/daniel/Documents/Alura/python_apache_airflow_pipeline/venv/lib/python3.9/site-packages/airflow/example_dags/subdags/subdag.py
[2025-01-03 20:17:15,892] {processor.py:161} INFO - Processing /home/daniel/Documents/Alura/python_apache_airflow_pipeline/venv/lib/python3.9/site-packages/airflow/example_dags/subdags/subdag.py took 0.015 seconds
[2025-01-03 20:17:48,850] {processor.py:153} INFO - Started process (PID=26235) to work on /home/daniel/Documents/Alura/python_apache_airflow_pipeline/venv/lib/python3.9/site-packages/airflow/example_dags/subdags/subdag.py
[2025-01-03 20:17:48,851] {processor.py:641} INFO - Processing file /home/daniel/Documents/Alura/python_apache_airflow_pipeline/venv/lib/python3.9/site-packages/airflow/example_dags/subdags/subdag.py for tasks to queue
[2025-01-03 20:17:48,851] {logging_mixin.py:115} INFO - [2025-01-03 20:17:48,851] {dagbag.py:507} INFO - Filling up the DagBag from /home/daniel/Documents/Alura/python_apache_airflow_pipeline/venv/lib/python3.9/site-packages/airflow/example_dags/subdags/subdag.py
[2025-01-03 20:17:48,852] {processor.py:653} WARNING - No viable dags retrieved from /home/daniel/Documents/Alura/python_apache_airflow_pipeline/venv/lib/python3.9/site-packages/airflow/example_dags/subdags/subdag.py
[2025-01-03 20:17:48,861] {processor.py:161} INFO - Processing /home/daniel/Documents/Alura/python_apache_airflow_pipeline/venv/lib/python3.9/site-packages/airflow/example_dags/subdags/subdag.py took 0.016 seconds
[2025-01-03 20:18:21,260] {processor.py:153} INFO - Started process (PID=26422) to work on /home/daniel/Documents/Alura/python_apache_airflow_pipeline/venv/lib/python3.9/site-packages/airflow/example_dags/subdags/subdag.py
[2025-01-03 20:18:21,261] {processor.py:641} INFO - Processing file /home/daniel/Documents/Alura/python_apache_airflow_pipeline/venv/lib/python3.9/site-packages/airflow/example_dags/subdags/subdag.py for tasks to queue
[2025-01-03 20:18:21,261] {logging_mixin.py:115} INFO - [2025-01-03 20:18:21,261] {dagbag.py:507} INFO - Filling up the DagBag from /home/daniel/Documents/Alura/python_apache_airflow_pipeline/venv/lib/python3.9/site-packages/airflow/example_dags/subdags/subdag.py
[2025-01-03 20:18:21,262] {processor.py:653} WARNING - No viable dags retrieved from /home/daniel/Documents/Alura/python_apache_airflow_pipeline/venv/lib/python3.9/site-packages/airflow/example_dags/subdags/subdag.py
[2025-01-03 20:18:21,272] {processor.py:161} INFO - Processing /home/daniel/Documents/Alura/python_apache_airflow_pipeline/venv/lib/python3.9/site-packages/airflow/example_dags/subdags/subdag.py took 0.015 seconds
[2025-01-03 20:18:53,197] {processor.py:153} INFO - Started process (PID=26603) to work on /home/daniel/Documents/Alura/python_apache_airflow_pipeline/venv/lib/python3.9/site-packages/airflow/example_dags/subdags/subdag.py
[2025-01-03 20:18:53,198] {processor.py:641} INFO - Processing file /home/daniel/Documents/Alura/python_apache_airflow_pipeline/venv/lib/python3.9/site-packages/airflow/example_dags/subdags/subdag.py for tasks to queue
[2025-01-03 20:18:53,199] {logging_mixin.py:115} INFO - [2025-01-03 20:18:53,199] {dagbag.py:507} INFO - Filling up the DagBag from /home/daniel/Documents/Alura/python_apache_airflow_pipeline/venv/lib/python3.9/site-packages/airflow/example_dags/subdags/subdag.py
[2025-01-03 20:18:53,200] {processor.py:653} WARNING - No viable dags retrieved from /home/daniel/Documents/Alura/python_apache_airflow_pipeline/venv/lib/python3.9/site-packages/airflow/example_dags/subdags/subdag.py
[2025-01-03 20:18:53,208] {processor.py:161} INFO - Processing /home/daniel/Documents/Alura/python_apache_airflow_pipeline/venv/lib/python3.9/site-packages/airflow/example_dags/subdags/subdag.py took 0.015 seconds
[2025-01-03 20:19:26,883] {processor.py:153} INFO - Started process (PID=26792) to work on /home/daniel/Documents/Alura/python_apache_airflow_pipeline/venv/lib/python3.9/site-packages/airflow/example_dags/subdags/subdag.py
[2025-01-03 20:19:26,884] {processor.py:641} INFO - Processing file /home/daniel/Documents/Alura/python_apache_airflow_pipeline/venv/lib/python3.9/site-packages/airflow/example_dags/subdags/subdag.py for tasks to queue
[2025-01-03 20:19:26,885] {logging_mixin.py:115} INFO - [2025-01-03 20:19:26,885] {dagbag.py:507} INFO - Filling up the DagBag from /home/daniel/Documents/Alura/python_apache_airflow_pipeline/venv/lib/python3.9/site-packages/airflow/example_dags/subdags/subdag.py
[2025-01-03 20:19:26,886] {processor.py:653} WARNING - No viable dags retrieved from /home/daniel/Documents/Alura/python_apache_airflow_pipeline/venv/lib/python3.9/site-packages/airflow/example_dags/subdags/subdag.py
[2025-01-03 20:19:26,899] {processor.py:161} INFO - Processing /home/daniel/Documents/Alura/python_apache_airflow_pipeline/venv/lib/python3.9/site-packages/airflow/example_dags/subdags/subdag.py took 0.020 seconds
[2025-01-03 20:19:58,742] {processor.py:153} INFO - Started process (PID=26969) to work on /home/daniel/Documents/Alura/python_apache_airflow_pipeline/venv/lib/python3.9/site-packages/airflow/example_dags/subdags/subdag.py
[2025-01-03 20:19:58,743] {processor.py:641} INFO - Processing file /home/daniel/Documents/Alura/python_apache_airflow_pipeline/venv/lib/python3.9/site-packages/airflow/example_dags/subdags/subdag.py for tasks to queue
[2025-01-03 20:19:58,743] {logging_mixin.py:115} INFO - [2025-01-03 20:19:58,743] {dagbag.py:507} INFO - Filling up the DagBag from /home/daniel/Documents/Alura/python_apache_airflow_pipeline/venv/lib/python3.9/site-packages/airflow/example_dags/subdags/subdag.py
[2025-01-03 20:19:58,744] {processor.py:653} WARNING - No viable dags retrieved from /home/daniel/Documents/Alura/python_apache_airflow_pipeline/venv/lib/python3.9/site-packages/airflow/example_dags/subdags/subdag.py
[2025-01-03 20:19:58,754] {processor.py:161} INFO - Processing /home/daniel/Documents/Alura/python_apache_airflow_pipeline/venv/lib/python3.9/site-packages/airflow/example_dags/subdags/subdag.py took 0.015 seconds
[2025-01-03 20:20:32,691] {processor.py:153} INFO - Started process (PID=27173) to work on /home/daniel/Documents/Alura/python_apache_airflow_pipeline/venv/lib/python3.9/site-packages/airflow/example_dags/subdags/subdag.py
[2025-01-03 20:20:32,692] {processor.py:641} INFO - Processing file /home/daniel/Documents/Alura/python_apache_airflow_pipeline/venv/lib/python3.9/site-packages/airflow/example_dags/subdags/subdag.py for tasks to queue
[2025-01-03 20:20:32,693] {logging_mixin.py:115} INFO - [2025-01-03 20:20:32,693] {dagbag.py:507} INFO - Filling up the DagBag from /home/daniel/Documents/Alura/python_apache_airflow_pipeline/venv/lib/python3.9/site-packages/airflow/example_dags/subdags/subdag.py
[2025-01-03 20:20:32,694] {processor.py:653} WARNING - No viable dags retrieved from /home/daniel/Documents/Alura/python_apache_airflow_pipeline/venv/lib/python3.9/site-packages/airflow/example_dags/subdags/subdag.py
[2025-01-03 20:20:32,704] {processor.py:161} INFO - Processing /home/daniel/Documents/Alura/python_apache_airflow_pipeline/venv/lib/python3.9/site-packages/airflow/example_dags/subdags/subdag.py took 0.015 seconds
[2025-01-03 20:21:05,350] {processor.py:153} INFO - Started process (PID=27349) to work on /home/daniel/Documents/Alura/python_apache_airflow_pipeline/venv/lib/python3.9/site-packages/airflow/example_dags/subdags/subdag.py
[2025-01-03 20:21:05,351] {processor.py:641} INFO - Processing file /home/daniel/Documents/Alura/python_apache_airflow_pipeline/venv/lib/python3.9/site-packages/airflow/example_dags/subdags/subdag.py for tasks to queue
[2025-01-03 20:21:05,351] {logging_mixin.py:115} INFO - [2025-01-03 20:21:05,351] {dagbag.py:507} INFO - Filling up the DagBag from /home/daniel/Documents/Alura/python_apache_airflow_pipeline/venv/lib/python3.9/site-packages/airflow/example_dags/subdags/subdag.py
[2025-01-03 20:21:05,352] {processor.py:653} WARNING - No viable dags retrieved from /home/daniel/Documents/Alura/python_apache_airflow_pipeline/venv/lib/python3.9/site-packages/airflow/example_dags/subdags/subdag.py
[2025-01-03 20:21:05,361] {processor.py:161} INFO - Processing /home/daniel/Documents/Alura/python_apache_airflow_pipeline/venv/lib/python3.9/site-packages/airflow/example_dags/subdags/subdag.py took 0.014 seconds
[2025-01-03 20:21:37,494] {processor.py:153} INFO - Started process (PID=27544) to work on /home/daniel/Documents/Alura/python_apache_airflow_pipeline/venv/lib/python3.9/site-packages/airflow/example_dags/subdags/subdag.py
[2025-01-03 20:21:37,495] {processor.py:641} INFO - Processing file /home/daniel/Documents/Alura/python_apache_airflow_pipeline/venv/lib/python3.9/site-packages/airflow/example_dags/subdags/subdag.py for tasks to queue
[2025-01-03 20:21:37,496] {logging_mixin.py:115} INFO - [2025-01-03 20:21:37,496] {dagbag.py:507} INFO - Filling up the DagBag from /home/daniel/Documents/Alura/python_apache_airflow_pipeline/venv/lib/python3.9/site-packages/airflow/example_dags/subdags/subdag.py
[2025-01-03 20:21:37,497] {processor.py:653} WARNING - No viable dags retrieved from /home/daniel/Documents/Alura/python_apache_airflow_pipeline/venv/lib/python3.9/site-packages/airflow/example_dags/subdags/subdag.py
[2025-01-03 20:21:37,506] {processor.py:161} INFO - Processing /home/daniel/Documents/Alura/python_apache_airflow_pipeline/venv/lib/python3.9/site-packages/airflow/example_dags/subdags/subdag.py took 0.015 seconds
[2025-01-03 20:22:09,480] {processor.py:153} INFO - Started process (PID=27717) to work on /home/daniel/Documents/Alura/python_apache_airflow_pipeline/venv/lib/python3.9/site-packages/airflow/example_dags/subdags/subdag.py
[2025-01-03 20:22:09,481] {processor.py:641} INFO - Processing file /home/daniel/Documents/Alura/python_apache_airflow_pipeline/venv/lib/python3.9/site-packages/airflow/example_dags/subdags/subdag.py for tasks to queue
[2025-01-03 20:22:09,481] {logging_mixin.py:115} INFO - [2025-01-03 20:22:09,481] {dagbag.py:507} INFO - Filling up the DagBag from /home/daniel/Documents/Alura/python_apache_airflow_pipeline/venv/lib/python3.9/site-packages/airflow/example_dags/subdags/subdag.py
[2025-01-03 20:22:09,482] {processor.py:653} WARNING - No viable dags retrieved from /home/daniel/Documents/Alura/python_apache_airflow_pipeline/venv/lib/python3.9/site-packages/airflow/example_dags/subdags/subdag.py
[2025-01-03 20:22:09,492] {processor.py:161} INFO - Processing /home/daniel/Documents/Alura/python_apache_airflow_pipeline/venv/lib/python3.9/site-packages/airflow/example_dags/subdags/subdag.py took 0.015 seconds
[2025-01-03 20:22:41,324] {processor.py:153} INFO - Started process (PID=27897) to work on /home/daniel/Documents/Alura/python_apache_airflow_pipeline/venv/lib/python3.9/site-packages/airflow/example_dags/subdags/subdag.py
[2025-01-03 20:22:41,325] {processor.py:641} INFO - Processing file /home/daniel/Documents/Alura/python_apache_airflow_pipeline/venv/lib/python3.9/site-packages/airflow/example_dags/subdags/subdag.py for tasks to queue
[2025-01-03 20:22:41,325] {logging_mixin.py:115} INFO - [2025-01-03 20:22:41,325] {dagbag.py:507} INFO - Filling up the DagBag from /home/daniel/Documents/Alura/python_apache_airflow_pipeline/venv/lib/python3.9/site-packages/airflow/example_dags/subdags/subdag.py
[2025-01-03 20:22:41,326] {processor.py:653} WARNING - No viable dags retrieved from /home/daniel/Documents/Alura/python_apache_airflow_pipeline/venv/lib/python3.9/site-packages/airflow/example_dags/subdags/subdag.py
[2025-01-03 20:22:41,336] {processor.py:161} INFO - Processing /home/daniel/Documents/Alura/python_apache_airflow_pipeline/venv/lib/python3.9/site-packages/airflow/example_dags/subdags/subdag.py took 0.015 seconds
[2025-01-03 20:23:13,606] {processor.py:153} INFO - Started process (PID=28077) to work on /home/daniel/Documents/Alura/python_apache_airflow_pipeline/venv/lib/python3.9/site-packages/airflow/example_dags/subdags/subdag.py
[2025-01-03 20:23:13,607] {processor.py:641} INFO - Processing file /home/daniel/Documents/Alura/python_apache_airflow_pipeline/venv/lib/python3.9/site-packages/airflow/example_dags/subdags/subdag.py for tasks to queue
[2025-01-03 20:23:13,607] {logging_mixin.py:115} INFO - [2025-01-03 20:23:13,607] {dagbag.py:507} INFO - Filling up the DagBag from /home/daniel/Documents/Alura/python_apache_airflow_pipeline/venv/lib/python3.9/site-packages/airflow/example_dags/subdags/subdag.py
[2025-01-03 20:23:13,609] {processor.py:653} WARNING - No viable dags retrieved from /home/daniel/Documents/Alura/python_apache_airflow_pipeline/venv/lib/python3.9/site-packages/airflow/example_dags/subdags/subdag.py
[2025-01-03 20:23:13,618] {processor.py:161} INFO - Processing /home/daniel/Documents/Alura/python_apache_airflow_pipeline/venv/lib/python3.9/site-packages/airflow/example_dags/subdags/subdag.py took 0.015 seconds
[2025-01-03 20:23:45,877] {processor.py:153} INFO - Started process (PID=28265) to work on /home/daniel/Documents/Alura/python_apache_airflow_pipeline/venv/lib/python3.9/site-packages/airflow/example_dags/subdags/subdag.py
[2025-01-03 20:23:45,878] {processor.py:641} INFO - Processing file /home/daniel/Documents/Alura/python_apache_airflow_pipeline/venv/lib/python3.9/site-packages/airflow/example_dags/subdags/subdag.py for tasks to queue
[2025-01-03 20:23:45,879] {logging_mixin.py:115} INFO - [2025-01-03 20:23:45,879] {dagbag.py:507} INFO - Filling up the DagBag from /home/daniel/Documents/Alura/python_apache_airflow_pipeline/venv/lib/python3.9/site-packages/airflow/example_dags/subdags/subdag.py
[2025-01-03 20:23:45,880] {processor.py:653} WARNING - No viable dags retrieved from /home/daniel/Documents/Alura/python_apache_airflow_pipeline/venv/lib/python3.9/site-packages/airflow/example_dags/subdags/subdag.py
[2025-01-03 20:23:45,889] {processor.py:161} INFO - Processing /home/daniel/Documents/Alura/python_apache_airflow_pipeline/venv/lib/python3.9/site-packages/airflow/example_dags/subdags/subdag.py took 0.015 seconds
[2025-01-03 20:24:22,914] {processor.py:153} INFO - Started process (PID=28462) to work on /home/daniel/Documents/Alura/python_apache_airflow_pipeline/venv/lib/python3.9/site-packages/airflow/example_dags/subdags/subdag.py
[2025-01-03 20:24:22,915] {processor.py:641} INFO - Processing file /home/daniel/Documents/Alura/python_apache_airflow_pipeline/venv/lib/python3.9/site-packages/airflow/example_dags/subdags/subdag.py for tasks to queue
[2025-01-03 20:24:22,915] {logging_mixin.py:115} INFO - [2025-01-03 20:24:22,915] {dagbag.py:507} INFO - Filling up the DagBag from /home/daniel/Documents/Alura/python_apache_airflow_pipeline/venv/lib/python3.9/site-packages/airflow/example_dags/subdags/subdag.py
[2025-01-03 20:24:22,916] {processor.py:653} WARNING - No viable dags retrieved from /home/daniel/Documents/Alura/python_apache_airflow_pipeline/venv/lib/python3.9/site-packages/airflow/example_dags/subdags/subdag.py
[2025-01-03 20:24:22,925] {processor.py:161} INFO - Processing /home/daniel/Documents/Alura/python_apache_airflow_pipeline/venv/lib/python3.9/site-packages/airflow/example_dags/subdags/subdag.py took 0.014 seconds
[2025-01-03 20:24:53,734] {processor.py:153} INFO - Started process (PID=28640) to work on /home/daniel/Documents/Alura/python_apache_airflow_pipeline/venv/lib/python3.9/site-packages/airflow/example_dags/subdags/subdag.py
[2025-01-03 20:24:53,735] {processor.py:641} INFO - Processing file /home/daniel/Documents/Alura/python_apache_airflow_pipeline/venv/lib/python3.9/site-packages/airflow/example_dags/subdags/subdag.py for tasks to queue
[2025-01-03 20:24:53,735] {logging_mixin.py:115} INFO - [2025-01-03 20:24:53,735] {dagbag.py:507} INFO - Filling up the DagBag from /home/daniel/Documents/Alura/python_apache_airflow_pipeline/venv/lib/python3.9/site-packages/airflow/example_dags/subdags/subdag.py
[2025-01-03 20:24:53,736] {processor.py:653} WARNING - No viable dags retrieved from /home/daniel/Documents/Alura/python_apache_airflow_pipeline/venv/lib/python3.9/site-packages/airflow/example_dags/subdags/subdag.py
[2025-01-03 20:24:53,747] {processor.py:161} INFO - Processing /home/daniel/Documents/Alura/python_apache_airflow_pipeline/venv/lib/python3.9/site-packages/airflow/example_dags/subdags/subdag.py took 0.016 seconds
[2025-01-03 20:25:26,416] {processor.py:153} INFO - Started process (PID=28828) to work on /home/daniel/Documents/Alura/python_apache_airflow_pipeline/venv/lib/python3.9/site-packages/airflow/example_dags/subdags/subdag.py
[2025-01-03 20:25:26,417] {processor.py:641} INFO - Processing file /home/daniel/Documents/Alura/python_apache_airflow_pipeline/venv/lib/python3.9/site-packages/airflow/example_dags/subdags/subdag.py for tasks to queue
[2025-01-03 20:25:26,417] {logging_mixin.py:115} INFO - [2025-01-03 20:25:26,417] {dagbag.py:507} INFO - Filling up the DagBag from /home/daniel/Documents/Alura/python_apache_airflow_pipeline/venv/lib/python3.9/site-packages/airflow/example_dags/subdags/subdag.py
[2025-01-03 20:25:26,419] {processor.py:653} WARNING - No viable dags retrieved from /home/daniel/Documents/Alura/python_apache_airflow_pipeline/venv/lib/python3.9/site-packages/airflow/example_dags/subdags/subdag.py
[2025-01-03 20:25:26,428] {processor.py:161} INFO - Processing /home/daniel/Documents/Alura/python_apache_airflow_pipeline/venv/lib/python3.9/site-packages/airflow/example_dags/subdags/subdag.py took 0.015 seconds
[2025-01-03 20:25:57,939] {processor.py:153} INFO - Started process (PID=29002) to work on /home/daniel/Documents/Alura/python_apache_airflow_pipeline/venv/lib/python3.9/site-packages/airflow/example_dags/subdags/subdag.py
[2025-01-03 20:25:57,940] {processor.py:641} INFO - Processing file /home/daniel/Documents/Alura/python_apache_airflow_pipeline/venv/lib/python3.9/site-packages/airflow/example_dags/subdags/subdag.py for tasks to queue
[2025-01-03 20:25:57,940] {logging_mixin.py:115} INFO - [2025-01-03 20:25:57,940] {dagbag.py:507} INFO - Filling up the DagBag from /home/daniel/Documents/Alura/python_apache_airflow_pipeline/venv/lib/python3.9/site-packages/airflow/example_dags/subdags/subdag.py
[2025-01-03 20:25:57,942] {processor.py:653} WARNING - No viable dags retrieved from /home/daniel/Documents/Alura/python_apache_airflow_pipeline/venv/lib/python3.9/site-packages/airflow/example_dags/subdags/subdag.py
[2025-01-03 20:25:57,952] {processor.py:161} INFO - Processing /home/daniel/Documents/Alura/python_apache_airflow_pipeline/venv/lib/python3.9/site-packages/airflow/example_dags/subdags/subdag.py took 0.015 seconds
[2025-01-03 20:26:31,678] {processor.py:153} INFO - Started process (PID=29199) to work on /home/daniel/Documents/Alura/python_apache_airflow_pipeline/venv/lib/python3.9/site-packages/airflow/example_dags/subdags/subdag.py
[2025-01-03 20:26:31,679] {processor.py:641} INFO - Processing file /home/daniel/Documents/Alura/python_apache_airflow_pipeline/venv/lib/python3.9/site-packages/airflow/example_dags/subdags/subdag.py for tasks to queue
[2025-01-03 20:26:31,680] {logging_mixin.py:115} INFO - [2025-01-03 20:26:31,680] {dagbag.py:507} INFO - Filling up the DagBag from /home/daniel/Documents/Alura/python_apache_airflow_pipeline/venv/lib/python3.9/site-packages/airflow/example_dags/subdags/subdag.py
[2025-01-03 20:26:31,681] {processor.py:653} WARNING - No viable dags retrieved from /home/daniel/Documents/Alura/python_apache_airflow_pipeline/venv/lib/python3.9/site-packages/airflow/example_dags/subdags/subdag.py
[2025-01-03 20:26:31,691] {processor.py:161} INFO - Processing /home/daniel/Documents/Alura/python_apache_airflow_pipeline/venv/lib/python3.9/site-packages/airflow/example_dags/subdags/subdag.py took 0.016 seconds
[2025-01-03 20:27:06,251] {processor.py:153} INFO - Started process (PID=29391) to work on /home/daniel/Documents/Alura/python_apache_airflow_pipeline/venv/lib/python3.9/site-packages/airflow/example_dags/subdags/subdag.py
[2025-01-03 20:27:06,251] {processor.py:641} INFO - Processing file /home/daniel/Documents/Alura/python_apache_airflow_pipeline/venv/lib/python3.9/site-packages/airflow/example_dags/subdags/subdag.py for tasks to queue
[2025-01-03 20:27:06,252] {logging_mixin.py:115} INFO - [2025-01-03 20:27:06,252] {dagbag.py:507} INFO - Filling up the DagBag from /home/daniel/Documents/Alura/python_apache_airflow_pipeline/venv/lib/python3.9/site-packages/airflow/example_dags/subdags/subdag.py
[2025-01-03 20:27:06,253] {processor.py:653} WARNING - No viable dags retrieved from /home/daniel/Documents/Alura/python_apache_airflow_pipeline/venv/lib/python3.9/site-packages/airflow/example_dags/subdags/subdag.py
[2025-01-03 20:27:06,264] {processor.py:161} INFO - Processing /home/daniel/Documents/Alura/python_apache_airflow_pipeline/venv/lib/python3.9/site-packages/airflow/example_dags/subdags/subdag.py took 0.015 seconds
[2025-01-03 20:27:39,204] {processor.py:153} INFO - Started process (PID=29584) to work on /home/daniel/Documents/Alura/python_apache_airflow_pipeline/venv/lib/python3.9/site-packages/airflow/example_dags/subdags/subdag.py
[2025-01-03 20:27:39,205] {processor.py:641} INFO - Processing file /home/daniel/Documents/Alura/python_apache_airflow_pipeline/venv/lib/python3.9/site-packages/airflow/example_dags/subdags/subdag.py for tasks to queue
[2025-01-03 20:27:39,205] {logging_mixin.py:115} INFO - [2025-01-03 20:27:39,205] {dagbag.py:507} INFO - Filling up the DagBag from /home/daniel/Documents/Alura/python_apache_airflow_pipeline/venv/lib/python3.9/site-packages/airflow/example_dags/subdags/subdag.py
[2025-01-03 20:27:39,207] {processor.py:653} WARNING - No viable dags retrieved from /home/daniel/Documents/Alura/python_apache_airflow_pipeline/venv/lib/python3.9/site-packages/airflow/example_dags/subdags/subdag.py
[2025-01-03 20:27:39,216] {processor.py:161} INFO - Processing /home/daniel/Documents/Alura/python_apache_airflow_pipeline/venv/lib/python3.9/site-packages/airflow/example_dags/subdags/subdag.py took 0.015 seconds
[2025-01-03 20:28:11,862] {processor.py:153} INFO - Started process (PID=29765) to work on /home/daniel/Documents/Alura/python_apache_airflow_pipeline/venv/lib/python3.9/site-packages/airflow/example_dags/subdags/subdag.py
[2025-01-03 20:28:11,864] {processor.py:641} INFO - Processing file /home/daniel/Documents/Alura/python_apache_airflow_pipeline/venv/lib/python3.9/site-packages/airflow/example_dags/subdags/subdag.py for tasks to queue
[2025-01-03 20:28:11,864] {logging_mixin.py:115} INFO - [2025-01-03 20:28:11,864] {dagbag.py:507} INFO - Filling up the DagBag from /home/daniel/Documents/Alura/python_apache_airflow_pipeline/venv/lib/python3.9/site-packages/airflow/example_dags/subdags/subdag.py
[2025-01-03 20:28:11,865] {processor.py:653} WARNING - No viable dags retrieved from /home/daniel/Documents/Alura/python_apache_airflow_pipeline/venv/lib/python3.9/site-packages/airflow/example_dags/subdags/subdag.py
[2025-01-03 20:28:11,874] {processor.py:161} INFO - Processing /home/daniel/Documents/Alura/python_apache_airflow_pipeline/venv/lib/python3.9/site-packages/airflow/example_dags/subdags/subdag.py took 0.014 seconds
[2025-01-03 20:28:45,611] {processor.py:153} INFO - Started process (PID=29961) to work on /home/daniel/Documents/Alura/python_apache_airflow_pipeline/venv/lib/python3.9/site-packages/airflow/example_dags/subdags/subdag.py
[2025-01-03 20:28:45,612] {processor.py:641} INFO - Processing file /home/daniel/Documents/Alura/python_apache_airflow_pipeline/venv/lib/python3.9/site-packages/airflow/example_dags/subdags/subdag.py for tasks to queue
[2025-01-03 20:28:45,613] {logging_mixin.py:115} INFO - [2025-01-03 20:28:45,613] {dagbag.py:507} INFO - Filling up the DagBag from /home/daniel/Documents/Alura/python_apache_airflow_pipeline/venv/lib/python3.9/site-packages/airflow/example_dags/subdags/subdag.py
[2025-01-03 20:28:45,614] {processor.py:653} WARNING - No viable dags retrieved from /home/daniel/Documents/Alura/python_apache_airflow_pipeline/venv/lib/python3.9/site-packages/airflow/example_dags/subdags/subdag.py
[2025-01-03 20:28:45,622] {processor.py:161} INFO - Processing /home/daniel/Documents/Alura/python_apache_airflow_pipeline/venv/lib/python3.9/site-packages/airflow/example_dags/subdags/subdag.py took 0.015 seconds
[2025-01-03 20:29:17,023] {processor.py:153} INFO - Started process (PID=30136) to work on /home/daniel/Documents/Alura/python_apache_airflow_pipeline/venv/lib/python3.9/site-packages/airflow/example_dags/subdags/subdag.py
[2025-01-03 20:29:17,024] {processor.py:641} INFO - Processing file /home/daniel/Documents/Alura/python_apache_airflow_pipeline/venv/lib/python3.9/site-packages/airflow/example_dags/subdags/subdag.py for tasks to queue
[2025-01-03 20:29:17,024] {logging_mixin.py:115} INFO - [2025-01-03 20:29:17,024] {dagbag.py:507} INFO - Filling up the DagBag from /home/daniel/Documents/Alura/python_apache_airflow_pipeline/venv/lib/python3.9/site-packages/airflow/example_dags/subdags/subdag.py
[2025-01-03 20:29:17,025] {processor.py:653} WARNING - No viable dags retrieved from /home/daniel/Documents/Alura/python_apache_airflow_pipeline/venv/lib/python3.9/site-packages/airflow/example_dags/subdags/subdag.py
[2025-01-03 20:29:17,034] {processor.py:161} INFO - Processing /home/daniel/Documents/Alura/python_apache_airflow_pipeline/venv/lib/python3.9/site-packages/airflow/example_dags/subdags/subdag.py took 0.015 seconds
[2025-01-03 20:29:50,739] {processor.py:153} INFO - Started process (PID=30333) to work on /home/daniel/Documents/Alura/python_apache_airflow_pipeline/venv/lib/python3.9/site-packages/airflow/example_dags/subdags/subdag.py
[2025-01-03 20:29:50,740] {processor.py:641} INFO - Processing file /home/daniel/Documents/Alura/python_apache_airflow_pipeline/venv/lib/python3.9/site-packages/airflow/example_dags/subdags/subdag.py for tasks to queue
[2025-01-03 20:29:50,741] {logging_mixin.py:115} INFO - [2025-01-03 20:29:50,741] {dagbag.py:507} INFO - Filling up the DagBag from /home/daniel/Documents/Alura/python_apache_airflow_pipeline/venv/lib/python3.9/site-packages/airflow/example_dags/subdags/subdag.py
[2025-01-03 20:29:50,742] {processor.py:653} WARNING - No viable dags retrieved from /home/daniel/Documents/Alura/python_apache_airflow_pipeline/venv/lib/python3.9/site-packages/airflow/example_dags/subdags/subdag.py
[2025-01-03 20:29:50,751] {processor.py:161} INFO - Processing /home/daniel/Documents/Alura/python_apache_airflow_pipeline/venv/lib/python3.9/site-packages/airflow/example_dags/subdags/subdag.py took 0.014 seconds
[2025-01-03 20:30:22,660] {processor.py:153} INFO - Started process (PID=30501) to work on /home/daniel/Documents/Alura/python_apache_airflow_pipeline/venv/lib/python3.9/site-packages/airflow/example_dags/subdags/subdag.py
[2025-01-03 20:30:22,661] {processor.py:641} INFO - Processing file /home/daniel/Documents/Alura/python_apache_airflow_pipeline/venv/lib/python3.9/site-packages/airflow/example_dags/subdags/subdag.py for tasks to queue
[2025-01-03 20:30:22,661] {logging_mixin.py:115} INFO - [2025-01-03 20:30:22,661] {dagbag.py:507} INFO - Filling up the DagBag from /home/daniel/Documents/Alura/python_apache_airflow_pipeline/venv/lib/python3.9/site-packages/airflow/example_dags/subdags/subdag.py
[2025-01-03 20:30:22,662] {processor.py:653} WARNING - No viable dags retrieved from /home/daniel/Documents/Alura/python_apache_airflow_pipeline/venv/lib/python3.9/site-packages/airflow/example_dags/subdags/subdag.py
[2025-01-03 20:30:22,671] {processor.py:161} INFO - Processing /home/daniel/Documents/Alura/python_apache_airflow_pipeline/venv/lib/python3.9/site-packages/airflow/example_dags/subdags/subdag.py took 0.015 seconds
[2025-01-03 20:30:55,750] {processor.py:153} INFO - Started process (PID=30701) to work on /home/daniel/Documents/Alura/python_apache_airflow_pipeline/venv/lib/python3.9/site-packages/airflow/example_dags/subdags/subdag.py
[2025-01-03 20:30:55,751] {processor.py:641} INFO - Processing file /home/daniel/Documents/Alura/python_apache_airflow_pipeline/venv/lib/python3.9/site-packages/airflow/example_dags/subdags/subdag.py for tasks to queue
[2025-01-03 20:30:55,752] {logging_mixin.py:115} INFO - [2025-01-03 20:30:55,752] {dagbag.py:507} INFO - Filling up the DagBag from /home/daniel/Documents/Alura/python_apache_airflow_pipeline/venv/lib/python3.9/site-packages/airflow/example_dags/subdags/subdag.py
[2025-01-03 20:30:55,753] {processor.py:653} WARNING - No viable dags retrieved from /home/daniel/Documents/Alura/python_apache_airflow_pipeline/venv/lib/python3.9/site-packages/airflow/example_dags/subdags/subdag.py
[2025-01-03 20:30:55,762] {processor.py:161} INFO - Processing /home/daniel/Documents/Alura/python_apache_airflow_pipeline/venv/lib/python3.9/site-packages/airflow/example_dags/subdags/subdag.py took 0.015 seconds
[2025-01-03 20:31:28,288] {processor.py:153} INFO - Started process (PID=30880) to work on /home/daniel/Documents/Alura/python_apache_airflow_pipeline/venv/lib/python3.9/site-packages/airflow/example_dags/subdags/subdag.py
[2025-01-03 20:31:28,289] {processor.py:641} INFO - Processing file /home/daniel/Documents/Alura/python_apache_airflow_pipeline/venv/lib/python3.9/site-packages/airflow/example_dags/subdags/subdag.py for tasks to queue
[2025-01-03 20:31:28,290] {logging_mixin.py:115} INFO - [2025-01-03 20:31:28,289] {dagbag.py:507} INFO - Filling up the DagBag from /home/daniel/Documents/Alura/python_apache_airflow_pipeline/venv/lib/python3.9/site-packages/airflow/example_dags/subdags/subdag.py
[2025-01-03 20:31:28,291] {processor.py:653} WARNING - No viable dags retrieved from /home/daniel/Documents/Alura/python_apache_airflow_pipeline/venv/lib/python3.9/site-packages/airflow/example_dags/subdags/subdag.py
[2025-01-03 20:31:28,299] {processor.py:161} INFO - Processing /home/daniel/Documents/Alura/python_apache_airflow_pipeline/venv/lib/python3.9/site-packages/airflow/example_dags/subdags/subdag.py took 0.014 seconds
[2025-01-03 20:32:00,251] {processor.py:153} INFO - Started process (PID=31067) to work on /home/daniel/Documents/Alura/python_apache_airflow_pipeline/venv/lib/python3.9/site-packages/airflow/example_dags/subdags/subdag.py
[2025-01-03 20:32:00,252] {processor.py:641} INFO - Processing file /home/daniel/Documents/Alura/python_apache_airflow_pipeline/venv/lib/python3.9/site-packages/airflow/example_dags/subdags/subdag.py for tasks to queue
[2025-01-03 20:32:00,253] {logging_mixin.py:115} INFO - [2025-01-03 20:32:00,253] {dagbag.py:507} INFO - Filling up the DagBag from /home/daniel/Documents/Alura/python_apache_airflow_pipeline/venv/lib/python3.9/site-packages/airflow/example_dags/subdags/subdag.py
[2025-01-03 20:32:00,254] {processor.py:653} WARNING - No viable dags retrieved from /home/daniel/Documents/Alura/python_apache_airflow_pipeline/venv/lib/python3.9/site-packages/airflow/example_dags/subdags/subdag.py
[2025-01-03 20:32:00,264] {processor.py:161} INFO - Processing /home/daniel/Documents/Alura/python_apache_airflow_pipeline/venv/lib/python3.9/site-packages/airflow/example_dags/subdags/subdag.py took 0.015 seconds
[2025-01-03 20:32:32,511] {processor.py:153} INFO - Started process (PID=31259) to work on /home/daniel/Documents/Alura/python_apache_airflow_pipeline/venv/lib/python3.9/site-packages/airflow/example_dags/subdags/subdag.py
[2025-01-03 20:32:32,512] {processor.py:641} INFO - Processing file /home/daniel/Documents/Alura/python_apache_airflow_pipeline/venv/lib/python3.9/site-packages/airflow/example_dags/subdags/subdag.py for tasks to queue
[2025-01-03 20:32:32,512] {logging_mixin.py:115} INFO - [2025-01-03 20:32:32,512] {dagbag.py:507} INFO - Filling up the DagBag from /home/daniel/Documents/Alura/python_apache_airflow_pipeline/venv/lib/python3.9/site-packages/airflow/example_dags/subdags/subdag.py
[2025-01-03 20:32:32,513] {processor.py:653} WARNING - No viable dags retrieved from /home/daniel/Documents/Alura/python_apache_airflow_pipeline/venv/lib/python3.9/site-packages/airflow/example_dags/subdags/subdag.py
[2025-01-03 20:32:32,522] {processor.py:161} INFO - Processing /home/daniel/Documents/Alura/python_apache_airflow_pipeline/venv/lib/python3.9/site-packages/airflow/example_dags/subdags/subdag.py took 0.014 seconds
[2025-01-03 20:33:04,745] {processor.py:153} INFO - Started process (PID=31444) to work on /home/daniel/Documents/Alura/python_apache_airflow_pipeline/venv/lib/python3.9/site-packages/airflow/example_dags/subdags/subdag.py
[2025-01-03 20:33:04,746] {processor.py:641} INFO - Processing file /home/daniel/Documents/Alura/python_apache_airflow_pipeline/venv/lib/python3.9/site-packages/airflow/example_dags/subdags/subdag.py for tasks to queue
[2025-01-03 20:33:04,746] {logging_mixin.py:115} INFO - [2025-01-03 20:33:04,746] {dagbag.py:507} INFO - Filling up the DagBag from /home/daniel/Documents/Alura/python_apache_airflow_pipeline/venv/lib/python3.9/site-packages/airflow/example_dags/subdags/subdag.py
[2025-01-03 20:33:04,748] {processor.py:653} WARNING - No viable dags retrieved from /home/daniel/Documents/Alura/python_apache_airflow_pipeline/venv/lib/python3.9/site-packages/airflow/example_dags/subdags/subdag.py
[2025-01-03 20:33:04,758] {processor.py:161} INFO - Processing /home/daniel/Documents/Alura/python_apache_airflow_pipeline/venv/lib/python3.9/site-packages/airflow/example_dags/subdags/subdag.py took 0.016 seconds
[2025-01-03 20:33:36,709] {processor.py:153} INFO - Started process (PID=31626) to work on /home/daniel/Documents/Alura/python_apache_airflow_pipeline/venv/lib/python3.9/site-packages/airflow/example_dags/subdags/subdag.py
[2025-01-03 20:33:36,709] {processor.py:641} INFO - Processing file /home/daniel/Documents/Alura/python_apache_airflow_pipeline/venv/lib/python3.9/site-packages/airflow/example_dags/subdags/subdag.py for tasks to queue
[2025-01-03 20:33:36,710] {logging_mixin.py:115} INFO - [2025-01-03 20:33:36,710] {dagbag.py:507} INFO - Filling up the DagBag from /home/daniel/Documents/Alura/python_apache_airflow_pipeline/venv/lib/python3.9/site-packages/airflow/example_dags/subdags/subdag.py
[2025-01-03 20:33:36,711] {processor.py:653} WARNING - No viable dags retrieved from /home/daniel/Documents/Alura/python_apache_airflow_pipeline/venv/lib/python3.9/site-packages/airflow/example_dags/subdags/subdag.py
[2025-01-03 20:33:36,721] {processor.py:161} INFO - Processing /home/daniel/Documents/Alura/python_apache_airflow_pipeline/venv/lib/python3.9/site-packages/airflow/example_dags/subdags/subdag.py took 0.015 seconds
[2025-01-03 20:34:11,552] {processor.py:153} INFO - Started process (PID=31820) to work on /home/daniel/Documents/Alura/python_apache_airflow_pipeline/venv/lib/python3.9/site-packages/airflow/example_dags/subdags/subdag.py
[2025-01-03 20:34:11,554] {processor.py:641} INFO - Processing file /home/daniel/Documents/Alura/python_apache_airflow_pipeline/venv/lib/python3.9/site-packages/airflow/example_dags/subdags/subdag.py for tasks to queue
[2025-01-03 20:34:11,554] {logging_mixin.py:115} INFO - [2025-01-03 20:34:11,554] {dagbag.py:507} INFO - Filling up the DagBag from /home/daniel/Documents/Alura/python_apache_airflow_pipeline/venv/lib/python3.9/site-packages/airflow/example_dags/subdags/subdag.py
[2025-01-03 20:34:11,555] {processor.py:653} WARNING - No viable dags retrieved from /home/daniel/Documents/Alura/python_apache_airflow_pipeline/venv/lib/python3.9/site-packages/airflow/example_dags/subdags/subdag.py
[2025-01-03 20:34:11,565] {processor.py:161} INFO - Processing /home/daniel/Documents/Alura/python_apache_airflow_pipeline/venv/lib/python3.9/site-packages/airflow/example_dags/subdags/subdag.py took 0.015 seconds
[2025-01-03 20:34:42,339] {processor.py:153} INFO - Started process (PID=31999) to work on /home/daniel/Documents/Alura/python_apache_airflow_pipeline/venv/lib/python3.9/site-packages/airflow/example_dags/subdags/subdag.py
[2025-01-03 20:34:42,340] {processor.py:641} INFO - Processing file /home/daniel/Documents/Alura/python_apache_airflow_pipeline/venv/lib/python3.9/site-packages/airflow/example_dags/subdags/subdag.py for tasks to queue
[2025-01-03 20:34:42,340] {logging_mixin.py:115} INFO - [2025-01-03 20:34:42,340] {dagbag.py:507} INFO - Filling up the DagBag from /home/daniel/Documents/Alura/python_apache_airflow_pipeline/venv/lib/python3.9/site-packages/airflow/example_dags/subdags/subdag.py
[2025-01-03 20:34:42,342] {processor.py:653} WARNING - No viable dags retrieved from /home/daniel/Documents/Alura/python_apache_airflow_pipeline/venv/lib/python3.9/site-packages/airflow/example_dags/subdags/subdag.py
[2025-01-03 20:34:42,351] {processor.py:161} INFO - Processing /home/daniel/Documents/Alura/python_apache_airflow_pipeline/venv/lib/python3.9/site-packages/airflow/example_dags/subdags/subdag.py took 0.015 seconds
[2025-01-03 20:35:13,175] {processor.py:153} INFO - Started process (PID=32172) to work on /home/daniel/Documents/Alura/python_apache_airflow_pipeline/venv/lib/python3.9/site-packages/airflow/example_dags/subdags/subdag.py
[2025-01-03 20:35:13,176] {processor.py:641} INFO - Processing file /home/daniel/Documents/Alura/python_apache_airflow_pipeline/venv/lib/python3.9/site-packages/airflow/example_dags/subdags/subdag.py for tasks to queue
[2025-01-03 20:35:13,177] {logging_mixin.py:115} INFO - [2025-01-03 20:35:13,177] {dagbag.py:507} INFO - Filling up the DagBag from /home/daniel/Documents/Alura/python_apache_airflow_pipeline/venv/lib/python3.9/site-packages/airflow/example_dags/subdags/subdag.py
[2025-01-03 20:35:13,178] {processor.py:653} WARNING - No viable dags retrieved from /home/daniel/Documents/Alura/python_apache_airflow_pipeline/venv/lib/python3.9/site-packages/airflow/example_dags/subdags/subdag.py
[2025-01-03 20:35:13,186] {processor.py:161} INFO - Processing /home/daniel/Documents/Alura/python_apache_airflow_pipeline/venv/lib/python3.9/site-packages/airflow/example_dags/subdags/subdag.py took 0.014 seconds
[2025-01-03 20:35:46,309] {processor.py:153} INFO - Started process (PID=32354) to work on /home/daniel/Documents/Alura/python_apache_airflow_pipeline/venv/lib/python3.9/site-packages/airflow/example_dags/subdags/subdag.py
[2025-01-03 20:35:46,310] {processor.py:641} INFO - Processing file /home/daniel/Documents/Alura/python_apache_airflow_pipeline/venv/lib/python3.9/site-packages/airflow/example_dags/subdags/subdag.py for tasks to queue
[2025-01-03 20:35:46,311] {logging_mixin.py:115} INFO - [2025-01-03 20:35:46,311] {dagbag.py:507} INFO - Filling up the DagBag from /home/daniel/Documents/Alura/python_apache_airflow_pipeline/venv/lib/python3.9/site-packages/airflow/example_dags/subdags/subdag.py
[2025-01-03 20:35:46,312] {processor.py:653} WARNING - No viable dags retrieved from /home/daniel/Documents/Alura/python_apache_airflow_pipeline/venv/lib/python3.9/site-packages/airflow/example_dags/subdags/subdag.py
[2025-01-03 20:35:46,320] {processor.py:161} INFO - Processing /home/daniel/Documents/Alura/python_apache_airflow_pipeline/venv/lib/python3.9/site-packages/airflow/example_dags/subdags/subdag.py took 0.015 seconds
[2025-01-03 20:36:17,152] {processor.py:153} INFO - Started process (PID=32522) to work on /home/daniel/Documents/Alura/python_apache_airflow_pipeline/venv/lib/python3.9/site-packages/airflow/example_dags/subdags/subdag.py
[2025-01-03 20:36:17,153] {processor.py:641} INFO - Processing file /home/daniel/Documents/Alura/python_apache_airflow_pipeline/venv/lib/python3.9/site-packages/airflow/example_dags/subdags/subdag.py for tasks to queue
[2025-01-03 20:36:17,153] {logging_mixin.py:115} INFO - [2025-01-03 20:36:17,153] {dagbag.py:507} INFO - Filling up the DagBag from /home/daniel/Documents/Alura/python_apache_airflow_pipeline/venv/lib/python3.9/site-packages/airflow/example_dags/subdags/subdag.py
[2025-01-03 20:36:17,154] {processor.py:653} WARNING - No viable dags retrieved from /home/daniel/Documents/Alura/python_apache_airflow_pipeline/venv/lib/python3.9/site-packages/airflow/example_dags/subdags/subdag.py
[2025-01-03 20:36:17,163] {processor.py:161} INFO - Processing /home/daniel/Documents/Alura/python_apache_airflow_pipeline/venv/lib/python3.9/site-packages/airflow/example_dags/subdags/subdag.py took 0.014 seconds
[2025-01-03 20:36:50,811] {processor.py:153} INFO - Started process (PID=32720) to work on /home/daniel/Documents/Alura/python_apache_airflow_pipeline/venv/lib/python3.9/site-packages/airflow/example_dags/subdags/subdag.py
[2025-01-03 20:36:50,812] {processor.py:641} INFO - Processing file /home/daniel/Documents/Alura/python_apache_airflow_pipeline/venv/lib/python3.9/site-packages/airflow/example_dags/subdags/subdag.py for tasks to queue
[2025-01-03 20:36:50,812] {logging_mixin.py:115} INFO - [2025-01-03 20:36:50,812] {dagbag.py:507} INFO - Filling up the DagBag from /home/daniel/Documents/Alura/python_apache_airflow_pipeline/venv/lib/python3.9/site-packages/airflow/example_dags/subdags/subdag.py
[2025-01-03 20:36:50,814] {processor.py:653} WARNING - No viable dags retrieved from /home/daniel/Documents/Alura/python_apache_airflow_pipeline/venv/lib/python3.9/site-packages/airflow/example_dags/subdags/subdag.py
[2025-01-03 20:36:50,822] {processor.py:161} INFO - Processing /home/daniel/Documents/Alura/python_apache_airflow_pipeline/venv/lib/python3.9/site-packages/airflow/example_dags/subdags/subdag.py took 0.014 seconds
[2025-01-03 20:37:25,507] {processor.py:153} INFO - Started process (PID=32911) to work on /home/daniel/Documents/Alura/python_apache_airflow_pipeline/venv/lib/python3.9/site-packages/airflow/example_dags/subdags/subdag.py
[2025-01-03 20:37:25,508] {processor.py:641} INFO - Processing file /home/daniel/Documents/Alura/python_apache_airflow_pipeline/venv/lib/python3.9/site-packages/airflow/example_dags/subdags/subdag.py for tasks to queue
[2025-01-03 20:37:25,508] {logging_mixin.py:115} INFO - [2025-01-03 20:37:25,508] {dagbag.py:507} INFO - Filling up the DagBag from /home/daniel/Documents/Alura/python_apache_airflow_pipeline/venv/lib/python3.9/site-packages/airflow/example_dags/subdags/subdag.py
[2025-01-03 20:37:25,509] {processor.py:653} WARNING - No viable dags retrieved from /home/daniel/Documents/Alura/python_apache_airflow_pipeline/venv/lib/python3.9/site-packages/airflow/example_dags/subdags/subdag.py
[2025-01-03 20:37:25,518] {processor.py:161} INFO - Processing /home/daniel/Documents/Alura/python_apache_airflow_pipeline/venv/lib/python3.9/site-packages/airflow/example_dags/subdags/subdag.py took 0.014 seconds
[2025-01-03 20:37:57,599] {processor.py:153} INFO - Started process (PID=33095) to work on /home/daniel/Documents/Alura/python_apache_airflow_pipeline/venv/lib/python3.9/site-packages/airflow/example_dags/subdags/subdag.py
[2025-01-03 20:37:57,600] {processor.py:641} INFO - Processing file /home/daniel/Documents/Alura/python_apache_airflow_pipeline/venv/lib/python3.9/site-packages/airflow/example_dags/subdags/subdag.py for tasks to queue
[2025-01-03 20:37:57,600] {logging_mixin.py:115} INFO - [2025-01-03 20:37:57,600] {dagbag.py:507} INFO - Filling up the DagBag from /home/daniel/Documents/Alura/python_apache_airflow_pipeline/venv/lib/python3.9/site-packages/airflow/example_dags/subdags/subdag.py
[2025-01-03 20:37:57,601] {processor.py:653} WARNING - No viable dags retrieved from /home/daniel/Documents/Alura/python_apache_airflow_pipeline/venv/lib/python3.9/site-packages/airflow/example_dags/subdags/subdag.py
[2025-01-03 20:37:57,610] {processor.py:161} INFO - Processing /home/daniel/Documents/Alura/python_apache_airflow_pipeline/venv/lib/python3.9/site-packages/airflow/example_dags/subdags/subdag.py took 0.014 seconds
[2025-01-03 20:54:17,163] {processor.py:153} INFO - Started process (PID=33728) to work on /home/daniel/Documents/Alura/python_apache_airflow_pipeline/venv/lib/python3.9/site-packages/airflow/example_dags/subdags/subdag.py
[2025-01-03 20:54:17,164] {processor.py:641} INFO - Processing file /home/daniel/Documents/Alura/python_apache_airflow_pipeline/venv/lib/python3.9/site-packages/airflow/example_dags/subdags/subdag.py for tasks to queue
[2025-01-03 20:54:17,164] {logging_mixin.py:115} INFO - [2025-01-03 20:54:17,164] {dagbag.py:507} INFO - Filling up the DagBag from /home/daniel/Documents/Alura/python_apache_airflow_pipeline/venv/lib/python3.9/site-packages/airflow/example_dags/subdags/subdag.py
[2025-01-03 20:54:17,165] {processor.py:653} WARNING - No viable dags retrieved from /home/daniel/Documents/Alura/python_apache_airflow_pipeline/venv/lib/python3.9/site-packages/airflow/example_dags/subdags/subdag.py
[2025-01-03 20:54:17,176] {processor.py:161} INFO - Processing /home/daniel/Documents/Alura/python_apache_airflow_pipeline/venv/lib/python3.9/site-packages/airflow/example_dags/subdags/subdag.py took 0.016 seconds
[2025-01-03 20:54:51,005] {processor.py:153} INFO - Started process (PID=33917) to work on /home/daniel/Documents/Alura/python_apache_airflow_pipeline/venv/lib/python3.9/site-packages/airflow/example_dags/subdags/subdag.py
[2025-01-03 20:54:51,006] {processor.py:641} INFO - Processing file /home/daniel/Documents/Alura/python_apache_airflow_pipeline/venv/lib/python3.9/site-packages/airflow/example_dags/subdags/subdag.py for tasks to queue
[2025-01-03 20:54:51,006] {logging_mixin.py:115} INFO - [2025-01-03 20:54:51,006] {dagbag.py:507} INFO - Filling up the DagBag from /home/daniel/Documents/Alura/python_apache_airflow_pipeline/venv/lib/python3.9/site-packages/airflow/example_dags/subdags/subdag.py
[2025-01-03 20:54:51,007] {processor.py:653} WARNING - No viable dags retrieved from /home/daniel/Documents/Alura/python_apache_airflow_pipeline/venv/lib/python3.9/site-packages/airflow/example_dags/subdags/subdag.py
[2025-01-03 20:54:51,019] {processor.py:161} INFO - Processing /home/daniel/Documents/Alura/python_apache_airflow_pipeline/venv/lib/python3.9/site-packages/airflow/example_dags/subdags/subdag.py took 0.017 seconds
[2025-01-03 20:55:23,136] {processor.py:153} INFO - Started process (PID=34096) to work on /home/daniel/Documents/Alura/python_apache_airflow_pipeline/venv/lib/python3.9/site-packages/airflow/example_dags/subdags/subdag.py
[2025-01-03 20:55:23,137] {processor.py:641} INFO - Processing file /home/daniel/Documents/Alura/python_apache_airflow_pipeline/venv/lib/python3.9/site-packages/airflow/example_dags/subdags/subdag.py for tasks to queue
[2025-01-03 20:55:23,137] {logging_mixin.py:115} INFO - [2025-01-03 20:55:23,137] {dagbag.py:507} INFO - Filling up the DagBag from /home/daniel/Documents/Alura/python_apache_airflow_pipeline/venv/lib/python3.9/site-packages/airflow/example_dags/subdags/subdag.py
[2025-01-03 20:55:23,139] {processor.py:653} WARNING - No viable dags retrieved from /home/daniel/Documents/Alura/python_apache_airflow_pipeline/venv/lib/python3.9/site-packages/airflow/example_dags/subdags/subdag.py
[2025-01-03 20:55:23,150] {processor.py:161} INFO - Processing /home/daniel/Documents/Alura/python_apache_airflow_pipeline/venv/lib/python3.9/site-packages/airflow/example_dags/subdags/subdag.py took 0.017 seconds
[2025-01-03 20:55:54,663] {processor.py:153} INFO - Started process (PID=34288) to work on /home/daniel/Documents/Alura/python_apache_airflow_pipeline/venv/lib/python3.9/site-packages/airflow/example_dags/subdags/subdag.py
[2025-01-03 20:55:54,664] {processor.py:641} INFO - Processing file /home/daniel/Documents/Alura/python_apache_airflow_pipeline/venv/lib/python3.9/site-packages/airflow/example_dags/subdags/subdag.py for tasks to queue
[2025-01-03 20:55:54,664] {logging_mixin.py:115} INFO - [2025-01-03 20:55:54,664] {dagbag.py:507} INFO - Filling up the DagBag from /home/daniel/Documents/Alura/python_apache_airflow_pipeline/venv/lib/python3.9/site-packages/airflow/example_dags/subdags/subdag.py
[2025-01-03 20:55:54,665] {processor.py:653} WARNING - No viable dags retrieved from /home/daniel/Documents/Alura/python_apache_airflow_pipeline/venv/lib/python3.9/site-packages/airflow/example_dags/subdags/subdag.py
[2025-01-03 20:55:54,676] {processor.py:161} INFO - Processing /home/daniel/Documents/Alura/python_apache_airflow_pipeline/venv/lib/python3.9/site-packages/airflow/example_dags/subdags/subdag.py took 0.017 seconds
[2025-01-03 20:56:26,626] {processor.py:153} INFO - Started process (PID=34469) to work on /home/daniel/Documents/Alura/python_apache_airflow_pipeline/venv/lib/python3.9/site-packages/airflow/example_dags/subdags/subdag.py
[2025-01-03 20:56:26,627] {processor.py:641} INFO - Processing file /home/daniel/Documents/Alura/python_apache_airflow_pipeline/venv/lib/python3.9/site-packages/airflow/example_dags/subdags/subdag.py for tasks to queue
[2025-01-03 20:56:26,628] {logging_mixin.py:115} INFO - [2025-01-03 20:56:26,628] {dagbag.py:507} INFO - Filling up the DagBag from /home/daniel/Documents/Alura/python_apache_airflow_pipeline/venv/lib/python3.9/site-packages/airflow/example_dags/subdags/subdag.py
[2025-01-03 20:56:26,629] {processor.py:653} WARNING - No viable dags retrieved from /home/daniel/Documents/Alura/python_apache_airflow_pipeline/venv/lib/python3.9/site-packages/airflow/example_dags/subdags/subdag.py
[2025-01-03 20:56:26,640] {processor.py:161} INFO - Processing /home/daniel/Documents/Alura/python_apache_airflow_pipeline/venv/lib/python3.9/site-packages/airflow/example_dags/subdags/subdag.py took 0.016 seconds
