[2025-01-03 19:59:08,990] {processor.py:153} INFO - Started process (PID=18433) to work on /home/daniel/Documents/Alura/python_apache_airflow_pipeline/venv/lib/python3.9/site-packages/airflow/example_dags/example_trigger_controller_dag.py
[2025-01-03 19:59:08,991] {processor.py:641} INFO - Processing file /home/daniel/Documents/Alura/python_apache_airflow_pipeline/venv/lib/python3.9/site-packages/airflow/example_dags/example_trigger_controller_dag.py for tasks to queue
[2025-01-03 19:59:08,991] {logging_mixin.py:115} INFO - [2025-01-03 19:59:08,991] {dagbag.py:507} INFO - Filling up the DagBag from /home/daniel/Documents/Alura/python_apache_airflow_pipeline/venv/lib/python3.9/site-packages/airflow/example_dags/example_trigger_controller_dag.py
[2025-01-03 19:59:08,994] {processor.py:651} INFO - DAG(s) dict_keys(['example_trigger_controller_dag']) retrieved from /home/daniel/Documents/Alura/python_apache_airflow_pipeline/venv/lib/python3.9/site-packages/airflow/example_dags/example_trigger_controller_dag.py
[2025-01-03 19:59:09,053] {logging_mixin.py:115} INFO - [2025-01-03 19:59:09,053] {manager.py:508} INFO - Created Permission View: can edit on DAG:example_trigger_controller_dag
[2025-01-03 19:59:09,064] {logging_mixin.py:115} INFO - [2025-01-03 19:59:09,063] {manager.py:508} INFO - Created Permission View: can read on DAG:example_trigger_controller_dag
[2025-01-03 19:59:09,073] {logging_mixin.py:115} INFO - [2025-01-03 19:59:09,073] {manager.py:508} INFO - Created Permission View: can delete on DAG:example_trigger_controller_dag
[2025-01-03 19:59:09,074] {logging_mixin.py:115} INFO - [2025-01-03 19:59:09,073] {dag.py:2379} INFO - Sync 1 DAGs
[2025-01-03 19:59:09,079] {logging_mixin.py:115} INFO - [2025-01-03 19:59:09,079] {dag.py:2398} INFO - Creating ORM DAG for example_trigger_controller_dag
[2025-01-03 19:59:09,086] {logging_mixin.py:115} INFO - [2025-01-03 19:59:09,086] {dag.py:2927} INFO - Setting next_dagrun for example_trigger_controller_dag to 2021-01-01T00:00:00+00:00, run_after=2021-01-01T00:00:00+00:00
[2025-01-03 19:59:09,102] {processor.py:161} INFO - Processing /home/daniel/Documents/Alura/python_apache_airflow_pipeline/venv/lib/python3.9/site-packages/airflow/example_dags/example_trigger_controller_dag.py took 0.115 seconds
[2025-01-03 19:59:56,926] {processor.py:153} INFO - Started process (PID=18950) to work on /home/daniel/Documents/Alura/python_apache_airflow_pipeline/venv/lib/python3.9/site-packages/airflow/example_dags/example_trigger_controller_dag.py
[2025-01-03 19:59:56,928] {processor.py:641} INFO - Processing file /home/daniel/Documents/Alura/python_apache_airflow_pipeline/venv/lib/python3.9/site-packages/airflow/example_dags/example_trigger_controller_dag.py for tasks to queue
[2025-01-03 19:59:56,928] {logging_mixin.py:115} INFO - [2025-01-03 19:59:56,928] {dagbag.py:507} INFO - Filling up the DagBag from /home/daniel/Documents/Alura/python_apache_airflow_pipeline/venv/lib/python3.9/site-packages/airflow/example_dags/example_trigger_controller_dag.py
[2025-01-03 19:59:56,934] {processor.py:651} INFO - DAG(s) dict_keys(['example_trigger_controller_dag']) retrieved from /home/daniel/Documents/Alura/python_apache_airflow_pipeline/venv/lib/python3.9/site-packages/airflow/example_dags/example_trigger_controller_dag.py
[2025-01-03 19:59:56,955] {logging_mixin.py:115} INFO - [2025-01-03 19:59:56,955] {dag.py:2379} INFO - Sync 1 DAGs
[2025-01-03 19:59:56,975] {logging_mixin.py:115} INFO - [2025-01-03 19:59:56,975] {dag.py:2927} INFO - Setting next_dagrun for example_trigger_controller_dag to 2021-01-01T00:00:00+00:00, run_after=2021-01-01T00:00:00+00:00
[2025-01-03 19:59:56,992] {processor.py:161} INFO - Processing /home/daniel/Documents/Alura/python_apache_airflow_pipeline/venv/lib/python3.9/site-packages/airflow/example_dags/example_trigger_controller_dag.py took 0.070 seconds
[2025-01-03 20:00:29,921] {processor.py:153} INFO - Started process (PID=19590) to work on /home/daniel/Documents/Alura/python_apache_airflow_pipeline/venv/lib/python3.9/site-packages/airflow/example_dags/example_trigger_controller_dag.py
[2025-01-03 20:00:29,924] {processor.py:641} INFO - Processing file /home/daniel/Documents/Alura/python_apache_airflow_pipeline/venv/lib/python3.9/site-packages/airflow/example_dags/example_trigger_controller_dag.py for tasks to queue
[2025-01-03 20:00:29,927] {logging_mixin.py:115} INFO - [2025-01-03 20:00:29,926] {dagbag.py:507} INFO - Filling up the DagBag from /home/daniel/Documents/Alura/python_apache_airflow_pipeline/venv/lib/python3.9/site-packages/airflow/example_dags/example_trigger_controller_dag.py
[2025-01-03 20:00:29,947] {processor.py:651} INFO - DAG(s) dict_keys(['example_trigger_controller_dag']) retrieved from /home/daniel/Documents/Alura/python_apache_airflow_pipeline/venv/lib/python3.9/site-packages/airflow/example_dags/example_trigger_controller_dag.py
[2025-01-03 20:00:30,033] {logging_mixin.py:115} INFO - [2025-01-03 20:00:30,033] {dag.py:2379} INFO - Sync 1 DAGs
[2025-01-03 20:00:30,093] {logging_mixin.py:115} INFO - [2025-01-03 20:00:30,093] {dag.py:2927} INFO - Setting next_dagrun for example_trigger_controller_dag to 2021-01-01T00:00:00+00:00, run_after=2021-01-01T00:00:00+00:00
[2025-01-03 20:00:30,140] {processor.py:161} INFO - Processing /home/daniel/Documents/Alura/python_apache_airflow_pipeline/venv/lib/python3.9/site-packages/airflow/example_dags/example_trigger_controller_dag.py took 0.242 seconds
[2025-01-03 20:01:04,539] {processor.py:153} INFO - Started process (PID=19915) to work on /home/daniel/Documents/Alura/python_apache_airflow_pipeline/venv/lib/python3.9/site-packages/airflow/example_dags/example_trigger_controller_dag.py
[2025-01-03 20:01:04,540] {processor.py:641} INFO - Processing file /home/daniel/Documents/Alura/python_apache_airflow_pipeline/venv/lib/python3.9/site-packages/airflow/example_dags/example_trigger_controller_dag.py for tasks to queue
[2025-01-03 20:01:04,541] {logging_mixin.py:115} INFO - [2025-01-03 20:01:04,541] {dagbag.py:507} INFO - Filling up the DagBag from /home/daniel/Documents/Alura/python_apache_airflow_pipeline/venv/lib/python3.9/site-packages/airflow/example_dags/example_trigger_controller_dag.py
[2025-01-03 20:01:04,545] {processor.py:651} INFO - DAG(s) dict_keys(['example_trigger_controller_dag']) retrieved from /home/daniel/Documents/Alura/python_apache_airflow_pipeline/venv/lib/python3.9/site-packages/airflow/example_dags/example_trigger_controller_dag.py
[2025-01-03 20:01:04,560] {logging_mixin.py:115} INFO - [2025-01-03 20:01:04,560] {dag.py:2379} INFO - Sync 1 DAGs
[2025-01-03 20:01:04,578] {logging_mixin.py:115} INFO - [2025-01-03 20:01:04,578] {dag.py:2927} INFO - Setting next_dagrun for example_trigger_controller_dag to 2021-01-01T00:00:00+00:00, run_after=2021-01-01T00:00:00+00:00
[2025-01-03 20:01:04,589] {processor.py:161} INFO - Processing /home/daniel/Documents/Alura/python_apache_airflow_pipeline/venv/lib/python3.9/site-packages/airflow/example_dags/example_trigger_controller_dag.py took 0.053 seconds
[2025-01-03 20:01:38,816] {processor.py:153} INFO - Started process (PID=20206) to work on /home/daniel/Documents/Alura/python_apache_airflow_pipeline/venv/lib/python3.9/site-packages/airflow/example_dags/example_trigger_controller_dag.py
[2025-01-03 20:01:38,817] {processor.py:641} INFO - Processing file /home/daniel/Documents/Alura/python_apache_airflow_pipeline/venv/lib/python3.9/site-packages/airflow/example_dags/example_trigger_controller_dag.py for tasks to queue
[2025-01-03 20:01:38,818] {logging_mixin.py:115} INFO - [2025-01-03 20:01:38,818] {dagbag.py:507} INFO - Filling up the DagBag from /home/daniel/Documents/Alura/python_apache_airflow_pipeline/venv/lib/python3.9/site-packages/airflow/example_dags/example_trigger_controller_dag.py
[2025-01-03 20:01:38,820] {processor.py:651} INFO - DAG(s) dict_keys(['example_trigger_controller_dag']) retrieved from /home/daniel/Documents/Alura/python_apache_airflow_pipeline/venv/lib/python3.9/site-packages/airflow/example_dags/example_trigger_controller_dag.py
[2025-01-03 20:01:38,865] {logging_mixin.py:115} INFO - [2025-01-03 20:01:38,864] {dag.py:2379} INFO - Sync 1 DAGs
[2025-01-03 20:01:38,882] {logging_mixin.py:115} INFO - [2025-01-03 20:01:38,882] {dag.py:2927} INFO - Setting next_dagrun for example_trigger_controller_dag to 2021-01-01T00:00:00+00:00, run_after=2021-01-01T00:00:00+00:00
[2025-01-03 20:01:38,909] {processor.py:161} INFO - Processing /home/daniel/Documents/Alura/python_apache_airflow_pipeline/venv/lib/python3.9/site-packages/airflow/example_dags/example_trigger_controller_dag.py took 0.095 seconds
