[2025-01-03 19:59:24,697] {processor.py:153} INFO - Started process (PID=18567) to work on /home/daniel/Documents/Alura/python_apache_airflow_pipeline/venv/lib/python3.9/site-packages/airflow/example_dags/example_nested_branch_dag.py
[2025-01-03 19:59:24,698] {processor.py:641} INFO - Processing file /home/daniel/Documents/Alura/python_apache_airflow_pipeline/venv/lib/python3.9/site-packages/airflow/example_dags/example_nested_branch_dag.py for tasks to queue
[2025-01-03 19:59:24,699] {logging_mixin.py:115} INFO - [2025-01-03 19:59:24,699] {dagbag.py:507} INFO - Filling up the DagBag from /home/daniel/Documents/Alura/python_apache_airflow_pipeline/venv/lib/python3.9/site-packages/airflow/example_dags/example_nested_branch_dag.py
[2025-01-03 19:59:24,707] {processor.py:651} INFO - DAG(s) dict_keys(['example_nested_branch_dag']) retrieved from /home/daniel/Documents/Alura/python_apache_airflow_pipeline/venv/lib/python3.9/site-packages/airflow/example_dags/example_nested_branch_dag.py
[2025-01-03 19:59:24,763] {logging_mixin.py:115} INFO - [2025-01-03 19:59:24,763] {manager.py:508} INFO - Created Permission View: can edit on DAG:example_nested_branch_dag
[2025-01-03 19:59:24,774] {logging_mixin.py:115} INFO - [2025-01-03 19:59:24,774] {manager.py:508} INFO - Created Permission View: can read on DAG:example_nested_branch_dag
[2025-01-03 19:59:24,782] {logging_mixin.py:115} INFO - [2025-01-03 19:59:24,782] {manager.py:508} INFO - Created Permission View: can delete on DAG:example_nested_branch_dag
[2025-01-03 19:59:24,782] {logging_mixin.py:115} INFO - [2025-01-03 19:59:24,782] {dag.py:2379} INFO - Sync 1 DAGs
[2025-01-03 19:59:24,788] {logging_mixin.py:115} INFO - [2025-01-03 19:59:24,788] {dag.py:2398} INFO - Creating ORM DAG for example_nested_branch_dag
[2025-01-03 19:59:24,796] {logging_mixin.py:115} INFO - [2025-01-03 19:59:24,796] {dag.py:2927} INFO - Setting next_dagrun for example_nested_branch_dag to 2025-01-02T00:00:00+00:00, run_after=2025-01-03T00:00:00+00:00
[2025-01-03 19:59:24,813] {processor.py:161} INFO - Processing /home/daniel/Documents/Alura/python_apache_airflow_pipeline/venv/lib/python3.9/site-packages/airflow/example_dags/example_nested_branch_dag.py took 0.118 seconds
[2025-01-03 20:00:10,841] {processor.py:153} INFO - Started process (PID=19233) to work on /home/daniel/Documents/Alura/python_apache_airflow_pipeline/venv/lib/python3.9/site-packages/airflow/example_dags/example_nested_branch_dag.py
[2025-01-03 20:00:10,842] {processor.py:641} INFO - Processing file /home/daniel/Documents/Alura/python_apache_airflow_pipeline/venv/lib/python3.9/site-packages/airflow/example_dags/example_nested_branch_dag.py for tasks to queue
[2025-01-03 20:00:10,842] {logging_mixin.py:115} INFO - [2025-01-03 20:00:10,842] {dagbag.py:507} INFO - Filling up the DagBag from /home/daniel/Documents/Alura/python_apache_airflow_pipeline/venv/lib/python3.9/site-packages/airflow/example_dags/example_nested_branch_dag.py
[2025-01-03 20:00:10,851] {processor.py:651} INFO - DAG(s) dict_keys(['example_nested_branch_dag']) retrieved from /home/daniel/Documents/Alura/python_apache_airflow_pipeline/venv/lib/python3.9/site-packages/airflow/example_dags/example_nested_branch_dag.py
[2025-01-03 20:00:10,895] {logging_mixin.py:115} INFO - [2025-01-03 20:00:10,895] {dag.py:2379} INFO - Sync 1 DAGs
[2025-01-03 20:00:10,960] {logging_mixin.py:115} INFO - [2025-01-03 20:00:10,960] {dag.py:2927} INFO - Setting next_dagrun for example_nested_branch_dag to 2025-01-02T00:00:00+00:00, run_after=2025-01-03T00:00:00+00:00
[2025-01-03 20:00:10,990] {processor.py:161} INFO - Processing /home/daniel/Documents/Alura/python_apache_airflow_pipeline/venv/lib/python3.9/site-packages/airflow/example_dags/example_nested_branch_dag.py took 0.152 seconds
[2025-01-03 20:00:46,244] {processor.py:153} INFO - Started process (PID=19812) to work on /home/daniel/Documents/Alura/python_apache_airflow_pipeline/venv/lib/python3.9/site-packages/airflow/example_dags/example_nested_branch_dag.py
[2025-01-03 20:00:46,245] {processor.py:641} INFO - Processing file /home/daniel/Documents/Alura/python_apache_airflow_pipeline/venv/lib/python3.9/site-packages/airflow/example_dags/example_nested_branch_dag.py for tasks to queue
[2025-01-03 20:00:46,246] {logging_mixin.py:115} INFO - [2025-01-03 20:00:46,246] {dagbag.py:507} INFO - Filling up the DagBag from /home/daniel/Documents/Alura/python_apache_airflow_pipeline/venv/lib/python3.9/site-packages/airflow/example_dags/example_nested_branch_dag.py
[2025-01-03 20:00:46,257] {processor.py:651} INFO - DAG(s) dict_keys(['example_nested_branch_dag']) retrieved from /home/daniel/Documents/Alura/python_apache_airflow_pipeline/venv/lib/python3.9/site-packages/airflow/example_dags/example_nested_branch_dag.py
[2025-01-03 20:00:46,270] {logging_mixin.py:115} INFO - [2025-01-03 20:00:46,270] {dag.py:2379} INFO - Sync 1 DAGs
[2025-01-03 20:00:46,287] {logging_mixin.py:115} INFO - [2025-01-03 20:00:46,287] {dag.py:2927} INFO - Setting next_dagrun for example_nested_branch_dag to 2025-01-02T00:00:00+00:00, run_after=2025-01-03T00:00:00+00:00
[2025-01-03 20:00:46,298] {processor.py:161} INFO - Processing /home/daniel/Documents/Alura/python_apache_airflow_pipeline/venv/lib/python3.9/site-packages/airflow/example_dags/example_nested_branch_dag.py took 0.057 seconds
[2025-01-03 20:01:18,690] {processor.py:153} INFO - Started process (PID=19990) to work on /home/daniel/Documents/Alura/python_apache_airflow_pipeline/venv/lib/python3.9/site-packages/airflow/example_dags/example_nested_branch_dag.py
[2025-01-03 20:01:18,691] {processor.py:641} INFO - Processing file /home/daniel/Documents/Alura/python_apache_airflow_pipeline/venv/lib/python3.9/site-packages/airflow/example_dags/example_nested_branch_dag.py for tasks to queue
[2025-01-03 20:01:18,692] {logging_mixin.py:115} INFO - [2025-01-03 20:01:18,692] {dagbag.py:507} INFO - Filling up the DagBag from /home/daniel/Documents/Alura/python_apache_airflow_pipeline/venv/lib/python3.9/site-packages/airflow/example_dags/example_nested_branch_dag.py
[2025-01-03 20:01:18,701] {processor.py:651} INFO - DAG(s) dict_keys(['example_nested_branch_dag']) retrieved from /home/daniel/Documents/Alura/python_apache_airflow_pipeline/venv/lib/python3.9/site-packages/airflow/example_dags/example_nested_branch_dag.py
[2025-01-03 20:01:18,715] {logging_mixin.py:115} INFO - [2025-01-03 20:01:18,715] {dag.py:2379} INFO - Sync 1 DAGs
[2025-01-03 20:01:18,732] {logging_mixin.py:115} INFO - [2025-01-03 20:01:18,732] {dag.py:2927} INFO - Setting next_dagrun for example_nested_branch_dag to 2025-01-02T00:00:00+00:00, run_after=2025-01-03T00:00:00+00:00
[2025-01-03 20:01:18,750] {processor.py:161} INFO - Processing /home/daniel/Documents/Alura/python_apache_airflow_pipeline/venv/lib/python3.9/site-packages/airflow/example_dags/example_nested_branch_dag.py took 0.064 seconds
