[2025-01-03 19:58:57,808] {processor.py:153} INFO - Started process (PID=18329) to work on /home/daniel/Documents/Alura/python_apache_airflow_pipeline/venv/lib/python3.9/site-packages/airflow/example_dags/example_skip_dag.py
[2025-01-03 19:58:57,811] {processor.py:641} INFO - Processing file /home/daniel/Documents/Alura/python_apache_airflow_pipeline/venv/lib/python3.9/site-packages/airflow/example_dags/example_skip_dag.py for tasks to queue
[2025-01-03 19:58:57,813] {logging_mixin.py:115} INFO - [2025-01-03 19:58:57,813] {dagbag.py:507} INFO - Filling up the DagBag from /home/daniel/Documents/Alura/python_apache_airflow_pipeline/venv/lib/python3.9/site-packages/airflow/example_dags/example_skip_dag.py
[2025-01-03 19:58:57,870] {processor.py:651} INFO - DAG(s) dict_keys(['example_skip_dag']) retrieved from /home/daniel/Documents/Alura/python_apache_airflow_pipeline/venv/lib/python3.9/site-packages/airflow/example_dags/example_skip_dag.py
[2025-01-03 19:58:58,259] {logging_mixin.py:115} INFO - [2025-01-03 19:58:58,258] {manager.py:508} INFO - Created Permission View: can edit on DAG:example_skip_dag
[2025-01-03 19:58:58,288] {logging_mixin.py:115} INFO - [2025-01-03 19:58:58,288] {manager.py:508} INFO - Created Permission View: can read on DAG:example_skip_dag
[2025-01-03 19:58:58,305] {logging_mixin.py:115} INFO - [2025-01-03 19:58:58,305] {manager.py:508} INFO - Created Permission View: can delete on DAG:example_skip_dag
[2025-01-03 19:58:58,305] {logging_mixin.py:115} INFO - [2025-01-03 19:58:58,305] {dag.py:2379} INFO - Sync 1 DAGs
[2025-01-03 19:58:58,340] {logging_mixin.py:115} INFO - [2025-01-03 19:58:58,340] {dag.py:2398} INFO - Creating ORM DAG for example_skip_dag
[2025-01-03 19:58:58,372] {logging_mixin.py:115} INFO - [2025-01-03 19:58:58,372] {dag.py:2927} INFO - Setting next_dagrun for example_skip_dag to 2025-01-02T22:58:58.371434+00:00, run_after=2025-01-03T22:58:58.371434+00:00
[2025-01-03 19:58:58,424] {processor.py:161} INFO - Processing /home/daniel/Documents/Alura/python_apache_airflow_pipeline/venv/lib/python3.9/site-packages/airflow/example_dags/example_skip_dag.py took 0.671 seconds
[2025-01-03 19:59:47,005] {processor.py:153} INFO - Started process (PID=18815) to work on /home/daniel/Documents/Alura/python_apache_airflow_pipeline/venv/lib/python3.9/site-packages/airflow/example_dags/example_skip_dag.py
[2025-01-03 19:59:47,011] {processor.py:641} INFO - Processing file /home/daniel/Documents/Alura/python_apache_airflow_pipeline/venv/lib/python3.9/site-packages/airflow/example_dags/example_skip_dag.py for tasks to queue
[2025-01-03 19:59:47,012] {logging_mixin.py:115} INFO - [2025-01-03 19:59:47,012] {dagbag.py:507} INFO - Filling up the DagBag from /home/daniel/Documents/Alura/python_apache_airflow_pipeline/venv/lib/python3.9/site-packages/airflow/example_dags/example_skip_dag.py
[2025-01-03 19:59:47,024] {processor.py:651} INFO - DAG(s) dict_keys(['example_skip_dag']) retrieved from /home/daniel/Documents/Alura/python_apache_airflow_pipeline/venv/lib/python3.9/site-packages/airflow/example_dags/example_skip_dag.py
[2025-01-03 19:59:47,063] {logging_mixin.py:115} INFO - [2025-01-03 19:59:47,063] {dag.py:2379} INFO - Sync 1 DAGs
[2025-01-03 19:59:47,096] {logging_mixin.py:115} INFO - [2025-01-03 19:59:47,096] {dag.py:2927} INFO - Setting next_dagrun for example_skip_dag to 2025-01-02T22:59:47.096604+00:00, run_after=2025-01-03T22:59:47.096604+00:00
[2025-01-03 19:59:47,134] {processor.py:161} INFO - Processing /home/daniel/Documents/Alura/python_apache_airflow_pipeline/venv/lib/python3.9/site-packages/airflow/example_dags/example_skip_dag.py took 0.132 seconds
[2025-01-03 20:00:19,780] {processor.py:153} INFO - Started process (PID=19307) to work on /home/daniel/Documents/Alura/python_apache_airflow_pipeline/venv/lib/python3.9/site-packages/airflow/example_dags/example_skip_dag.py
[2025-01-03 20:00:19,781] {processor.py:641} INFO - Processing file /home/daniel/Documents/Alura/python_apache_airflow_pipeline/venv/lib/python3.9/site-packages/airflow/example_dags/example_skip_dag.py for tasks to queue
[2025-01-03 20:00:19,782] {logging_mixin.py:115} INFO - [2025-01-03 20:00:19,782] {dagbag.py:507} INFO - Filling up the DagBag from /home/daniel/Documents/Alura/python_apache_airflow_pipeline/venv/lib/python3.9/site-packages/airflow/example_dags/example_skip_dag.py
[2025-01-03 20:00:19,789] {processor.py:651} INFO - DAG(s) dict_keys(['example_skip_dag']) retrieved from /home/daniel/Documents/Alura/python_apache_airflow_pipeline/venv/lib/python3.9/site-packages/airflow/example_dags/example_skip_dag.py
[2025-01-03 20:00:19,806] {logging_mixin.py:115} INFO - [2025-01-03 20:00:19,806] {dag.py:2379} INFO - Sync 1 DAGs
[2025-01-03 20:00:19,826] {logging_mixin.py:115} INFO - [2025-01-03 20:00:19,826] {dag.py:2927} INFO - Setting next_dagrun for example_skip_dag to 2025-01-02T23:00:19.826185+00:00, run_after=2025-01-03T23:00:19.826185+00:00
[2025-01-03 20:00:19,843] {processor.py:161} INFO - Processing /home/daniel/Documents/Alura/python_apache_airflow_pipeline/venv/lib/python3.9/site-packages/airflow/example_dags/example_skip_dag.py took 0.067 seconds
[2025-01-03 20:00:55,292] {processor.py:153} INFO - Started process (PID=19863) to work on /home/daniel/Documents/Alura/python_apache_airflow_pipeline/venv/lib/python3.9/site-packages/airflow/example_dags/example_skip_dag.py
[2025-01-03 20:00:55,292] {processor.py:641} INFO - Processing file /home/daniel/Documents/Alura/python_apache_airflow_pipeline/venv/lib/python3.9/site-packages/airflow/example_dags/example_skip_dag.py for tasks to queue
[2025-01-03 20:00:55,293] {logging_mixin.py:115} INFO - [2025-01-03 20:00:55,293] {dagbag.py:507} INFO - Filling up the DagBag from /home/daniel/Documents/Alura/python_apache_airflow_pipeline/venv/lib/python3.9/site-packages/airflow/example_dags/example_skip_dag.py
[2025-01-03 20:00:55,297] {processor.py:651} INFO - DAG(s) dict_keys(['example_skip_dag']) retrieved from /home/daniel/Documents/Alura/python_apache_airflow_pipeline/venv/lib/python3.9/site-packages/airflow/example_dags/example_skip_dag.py
[2025-01-03 20:00:55,314] {logging_mixin.py:115} INFO - [2025-01-03 20:00:55,313] {dag.py:2379} INFO - Sync 1 DAGs
[2025-01-03 20:00:55,334] {logging_mixin.py:115} INFO - [2025-01-03 20:00:55,334] {dag.py:2927} INFO - Setting next_dagrun for example_skip_dag to 2025-01-02T23:00:55.334328+00:00, run_after=2025-01-03T23:00:55.334328+00:00
[2025-01-03 20:00:55,357] {processor.py:161} INFO - Processing /home/daniel/Documents/Alura/python_apache_airflow_pipeline/venv/lib/python3.9/site-packages/airflow/example_dags/example_skip_dag.py took 0.068 seconds
[2025-01-03 20:01:26,144] {processor.py:153} INFO - Started process (PID=20054) to work on /home/daniel/Documents/Alura/python_apache_airflow_pipeline/venv/lib/python3.9/site-packages/airflow/example_dags/example_skip_dag.py
[2025-01-03 20:01:26,146] {processor.py:641} INFO - Processing file /home/daniel/Documents/Alura/python_apache_airflow_pipeline/venv/lib/python3.9/site-packages/airflow/example_dags/example_skip_dag.py for tasks to queue
[2025-01-03 20:01:26,148] {logging_mixin.py:115} INFO - [2025-01-03 20:01:26,148] {dagbag.py:507} INFO - Filling up the DagBag from /home/daniel/Documents/Alura/python_apache_airflow_pipeline/venv/lib/python3.9/site-packages/airflow/example_dags/example_skip_dag.py
[2025-01-03 20:01:26,168] {processor.py:651} INFO - DAG(s) dict_keys(['example_skip_dag']) retrieved from /home/daniel/Documents/Alura/python_apache_airflow_pipeline/venv/lib/python3.9/site-packages/airflow/example_dags/example_skip_dag.py
[2025-01-03 20:01:26,232] {logging_mixin.py:115} INFO - [2025-01-03 20:01:26,231] {dag.py:2379} INFO - Sync 1 DAGs
[2025-01-03 20:01:26,301] {logging_mixin.py:115} INFO - [2025-01-03 20:01:26,301] {dag.py:2927} INFO - Setting next_dagrun for example_skip_dag to 2025-01-02T23:01:26.300417+00:00, run_after=2025-01-03T23:01:26.300417+00:00
[2025-01-03 20:01:26,327] {processor.py:161} INFO - Processing /home/daniel/Documents/Alura/python_apache_airflow_pipeline/venv/lib/python3.9/site-packages/airflow/example_dags/example_skip_dag.py took 0.203 seconds
[2025-01-03 20:02:00,460] {processor.py:153} INFO - Started process (PID=20414) to work on /home/daniel/Documents/Alura/python_apache_airflow_pipeline/venv/lib/python3.9/site-packages/airflow/example_dags/example_skip_dag.py
[2025-01-03 20:02:00,461] {processor.py:641} INFO - Processing file /home/daniel/Documents/Alura/python_apache_airflow_pipeline/venv/lib/python3.9/site-packages/airflow/example_dags/example_skip_dag.py for tasks to queue
[2025-01-03 20:02:00,461] {logging_mixin.py:115} INFO - [2025-01-03 20:02:00,461] {dagbag.py:507} INFO - Filling up the DagBag from /home/daniel/Documents/Alura/python_apache_airflow_pipeline/venv/lib/python3.9/site-packages/airflow/example_dags/example_skip_dag.py
[2025-01-03 20:02:00,465] {processor.py:651} INFO - DAG(s) dict_keys(['example_skip_dag']) retrieved from /home/daniel/Documents/Alura/python_apache_airflow_pipeline/venv/lib/python3.9/site-packages/airflow/example_dags/example_skip_dag.py
[2025-01-03 20:02:00,478] {logging_mixin.py:115} INFO - [2025-01-03 20:02:00,478] {dag.py:2379} INFO - Sync 1 DAGs
[2025-01-03 20:02:00,493] {logging_mixin.py:115} INFO - [2025-01-03 20:02:00,493] {dag.py:2927} INFO - Setting next_dagrun for example_skip_dag to 2025-01-02T23:02:00.492984+00:00, run_after=2025-01-03T23:02:00.492984+00:00
[2025-01-03 20:02:00,504] {processor.py:161} INFO - Processing /home/daniel/Documents/Alura/python_apache_airflow_pipeline/venv/lib/python3.9/site-packages/airflow/example_dags/example_skip_dag.py took 0.046 seconds
