[2025-01-03 19:59:22,233] {processor.py:153} INFO - Started process (PID=18565) to work on /home/daniel/Documents/Alura/python_apache_airflow_pipeline/venv/lib/python3.9/site-packages/airflow/example_dags/example_branch_labels.py
[2025-01-03 19:59:22,234] {processor.py:641} INFO - Processing file /home/daniel/Documents/Alura/python_apache_airflow_pipeline/venv/lib/python3.9/site-packages/airflow/example_dags/example_branch_labels.py for tasks to queue
[2025-01-03 19:59:22,234] {logging_mixin.py:115} INFO - [2025-01-03 19:59:22,234] {dagbag.py:507} INFO - Filling up the DagBag from /home/daniel/Documents/Alura/python_apache_airflow_pipeline/venv/lib/python3.9/site-packages/airflow/example_dags/example_branch_labels.py
[2025-01-03 19:59:22,239] {processor.py:651} INFO - DAG(s) dict_keys(['example_branch_labels']) retrieved from /home/daniel/Documents/Alura/python_apache_airflow_pipeline/venv/lib/python3.9/site-packages/airflow/example_dags/example_branch_labels.py
[2025-01-03 19:59:22,297] {logging_mixin.py:115} INFO - [2025-01-03 19:59:22,297] {manager.py:508} INFO - Created Permission View: can edit on DAG:example_branch_labels
[2025-01-03 19:59:22,308] {logging_mixin.py:115} INFO - [2025-01-03 19:59:22,308] {manager.py:508} INFO - Created Permission View: can read on DAG:example_branch_labels
[2025-01-03 19:59:22,316] {logging_mixin.py:115} INFO - [2025-01-03 19:59:22,316] {manager.py:508} INFO - Created Permission View: can delete on DAG:example_branch_labels
[2025-01-03 19:59:22,316] {logging_mixin.py:115} INFO - [2025-01-03 19:59:22,316] {dag.py:2379} INFO - Sync 1 DAGs
[2025-01-03 19:59:22,322] {logging_mixin.py:115} INFO - [2025-01-03 19:59:22,322] {dag.py:2398} INFO - Creating ORM DAG for example_branch_labels
[2025-01-03 19:59:22,330] {logging_mixin.py:115} INFO - [2025-01-03 19:59:22,330] {dag.py:2927} INFO - Setting next_dagrun for example_branch_labels to 2025-01-02T00:00:00+00:00, run_after=2025-01-03T00:00:00+00:00
[2025-01-03 19:59:22,346] {processor.py:161} INFO - Processing /home/daniel/Documents/Alura/python_apache_airflow_pipeline/venv/lib/python3.9/site-packages/airflow/example_dags/example_branch_labels.py took 0.115 seconds
[2025-01-03 20:00:08,373] {processor.py:153} INFO - Started process (PID=19220) to work on /home/daniel/Documents/Alura/python_apache_airflow_pipeline/venv/lib/python3.9/site-packages/airflow/example_dags/example_branch_labels.py
[2025-01-03 20:00:08,377] {processor.py:641} INFO - Processing file /home/daniel/Documents/Alura/python_apache_airflow_pipeline/venv/lib/python3.9/site-packages/airflow/example_dags/example_branch_labels.py for tasks to queue
[2025-01-03 20:00:08,378] {logging_mixin.py:115} INFO - [2025-01-03 20:00:08,377] {dagbag.py:507} INFO - Filling up the DagBag from /home/daniel/Documents/Alura/python_apache_airflow_pipeline/venv/lib/python3.9/site-packages/airflow/example_dags/example_branch_labels.py
[2025-01-03 20:00:08,386] {processor.py:651} INFO - DAG(s) dict_keys(['example_branch_labels']) retrieved from /home/daniel/Documents/Alura/python_apache_airflow_pipeline/venv/lib/python3.9/site-packages/airflow/example_dags/example_branch_labels.py
[2025-01-03 20:00:08,411] {logging_mixin.py:115} INFO - [2025-01-03 20:00:08,410] {dag.py:2379} INFO - Sync 1 DAGs
[2025-01-03 20:00:08,453] {logging_mixin.py:115} INFO - [2025-01-03 20:00:08,453] {dag.py:2927} INFO - Setting next_dagrun for example_branch_labels to 2025-01-02T00:00:00+00:00, run_after=2025-01-03T00:00:00+00:00
[2025-01-03 20:00:08,478] {processor.py:161} INFO - Processing /home/daniel/Documents/Alura/python_apache_airflow_pipeline/venv/lib/python3.9/site-packages/airflow/example_dags/example_branch_labels.py took 0.107 seconds
[2025-01-03 20:00:43,872] {processor.py:153} INFO - Started process (PID=19800) to work on /home/daniel/Documents/Alura/python_apache_airflow_pipeline/venv/lib/python3.9/site-packages/airflow/example_dags/example_branch_labels.py
[2025-01-03 20:00:43,873] {processor.py:641} INFO - Processing file /home/daniel/Documents/Alura/python_apache_airflow_pipeline/venv/lib/python3.9/site-packages/airflow/example_dags/example_branch_labels.py for tasks to queue
[2025-01-03 20:00:43,873] {logging_mixin.py:115} INFO - [2025-01-03 20:00:43,873] {dagbag.py:507} INFO - Filling up the DagBag from /home/daniel/Documents/Alura/python_apache_airflow_pipeline/venv/lib/python3.9/site-packages/airflow/example_dags/example_branch_labels.py
[2025-01-03 20:00:43,878] {processor.py:651} INFO - DAG(s) dict_keys(['example_branch_labels']) retrieved from /home/daniel/Documents/Alura/python_apache_airflow_pipeline/venv/lib/python3.9/site-packages/airflow/example_dags/example_branch_labels.py
[2025-01-03 20:00:43,892] {logging_mixin.py:115} INFO - [2025-01-03 20:00:43,892] {dag.py:2379} INFO - Sync 1 DAGs
[2025-01-03 20:00:43,912] {logging_mixin.py:115} INFO - [2025-01-03 20:00:43,912] {dag.py:2927} INFO - Setting next_dagrun for example_branch_labels to 2025-01-02T00:00:00+00:00, run_after=2025-01-03T00:00:00+00:00
[2025-01-03 20:00:43,925] {processor.py:161} INFO - Processing /home/daniel/Documents/Alura/python_apache_airflow_pipeline/venv/lib/python3.9/site-packages/airflow/example_dags/example_branch_labels.py took 0.056 seconds
[2025-01-03 20:01:17,410] {processor.py:153} INFO - Started process (PID=19981) to work on /home/daniel/Documents/Alura/python_apache_airflow_pipeline/venv/lib/python3.9/site-packages/airflow/example_dags/example_branch_labels.py
[2025-01-03 20:01:17,411] {processor.py:641} INFO - Processing file /home/daniel/Documents/Alura/python_apache_airflow_pipeline/venv/lib/python3.9/site-packages/airflow/example_dags/example_branch_labels.py for tasks to queue
[2025-01-03 20:01:17,411] {logging_mixin.py:115} INFO - [2025-01-03 20:01:17,411] {dagbag.py:507} INFO - Filling up the DagBag from /home/daniel/Documents/Alura/python_apache_airflow_pipeline/venv/lib/python3.9/site-packages/airflow/example_dags/example_branch_labels.py
[2025-01-03 20:01:17,416] {processor.py:651} INFO - DAG(s) dict_keys(['example_branch_labels']) retrieved from /home/daniel/Documents/Alura/python_apache_airflow_pipeline/venv/lib/python3.9/site-packages/airflow/example_dags/example_branch_labels.py
[2025-01-03 20:01:17,429] {logging_mixin.py:115} INFO - [2025-01-03 20:01:17,429] {dag.py:2379} INFO - Sync 1 DAGs
[2025-01-03 20:01:17,451] {logging_mixin.py:115} INFO - [2025-01-03 20:01:17,450] {dag.py:2927} INFO - Setting next_dagrun for example_branch_labels to 2025-01-02T00:00:00+00:00, run_after=2025-01-03T00:00:00+00:00
[2025-01-03 20:01:17,467] {processor.py:161} INFO - Processing /home/daniel/Documents/Alura/python_apache_airflow_pipeline/venv/lib/python3.9/site-packages/airflow/example_dags/example_branch_labels.py took 0.060 seconds
