[2025-01-03 19:59:19,468] {processor.py:153} INFO - Started process (PID=18538) to work on /home/daniel/Documents/Alura/python_apache_airflow_pipeline/venv/lib/python3.9/site-packages/airflow/example_dags/example_branch_datetime_operator.py
[2025-01-03 19:59:19,469] {processor.py:641} INFO - Processing file /home/daniel/Documents/Alura/python_apache_airflow_pipeline/venv/lib/python3.9/site-packages/airflow/example_dags/example_branch_datetime_operator.py for tasks to queue
[2025-01-03 19:59:19,470] {logging_mixin.py:115} INFO - [2025-01-03 19:59:19,469] {dagbag.py:507} INFO - Filling up the DagBag from /home/daniel/Documents/Alura/python_apache_airflow_pipeline/venv/lib/python3.9/site-packages/airflow/example_dags/example_branch_datetime_operator.py
[2025-01-03 19:59:19,476] {processor.py:651} INFO - DAG(s) dict_keys(['example_branch_datetime_operator_2']) retrieved from /home/daniel/Documents/Alura/python_apache_airflow_pipeline/venv/lib/python3.9/site-packages/airflow/example_dags/example_branch_datetime_operator.py
[2025-01-03 19:59:19,532] {logging_mixin.py:115} INFO - [2025-01-03 19:59:19,532] {manager.py:508} INFO - Created Permission View: can edit on DAG:example_branch_datetime_operator_2
[2025-01-03 19:59:19,542] {logging_mixin.py:115} INFO - [2025-01-03 19:59:19,542] {manager.py:508} INFO - Created Permission View: can read on DAG:example_branch_datetime_operator_2
[2025-01-03 19:59:19,550] {logging_mixin.py:115} INFO - [2025-01-03 19:59:19,550] {manager.py:508} INFO - Created Permission View: can delete on DAG:example_branch_datetime_operator_2
[2025-01-03 19:59:19,551] {logging_mixin.py:115} INFO - [2025-01-03 19:59:19,551] {dag.py:2379} INFO - Sync 1 DAGs
[2025-01-03 19:59:19,557] {logging_mixin.py:115} INFO - [2025-01-03 19:59:19,557] {dag.py:2398} INFO - Creating ORM DAG for example_branch_datetime_operator_2
[2025-01-03 19:59:19,566] {logging_mixin.py:115} INFO - [2025-01-03 19:59:19,566] {dag.py:2927} INFO - Setting next_dagrun for example_branch_datetime_operator_2 to 2025-01-02T00:00:00+00:00, run_after=2025-01-03T00:00:00+00:00
[2025-01-03 19:59:19,583] {processor.py:161} INFO - Processing /home/daniel/Documents/Alura/python_apache_airflow_pipeline/venv/lib/python3.9/site-packages/airflow/example_dags/example_branch_datetime_operator.py took 0.119 seconds
[2025-01-03 20:00:05,924] {processor.py:153} INFO - Started process (PID=19199) to work on /home/daniel/Documents/Alura/python_apache_airflow_pipeline/venv/lib/python3.9/site-packages/airflow/example_dags/example_branch_datetime_operator.py
[2025-01-03 20:00:05,925] {processor.py:641} INFO - Processing file /home/daniel/Documents/Alura/python_apache_airflow_pipeline/venv/lib/python3.9/site-packages/airflow/example_dags/example_branch_datetime_operator.py for tasks to queue
[2025-01-03 20:00:05,926] {logging_mixin.py:115} INFO - [2025-01-03 20:00:05,926] {dagbag.py:507} INFO - Filling up the DagBag from /home/daniel/Documents/Alura/python_apache_airflow_pipeline/venv/lib/python3.9/site-packages/airflow/example_dags/example_branch_datetime_operator.py
[2025-01-03 20:00:05,934] {processor.py:651} INFO - DAG(s) dict_keys(['example_branch_datetime_operator_2']) retrieved from /home/daniel/Documents/Alura/python_apache_airflow_pipeline/venv/lib/python3.9/site-packages/airflow/example_dags/example_branch_datetime_operator.py
[2025-01-03 20:00:05,954] {logging_mixin.py:115} INFO - [2025-01-03 20:00:05,954] {dag.py:2379} INFO - Sync 1 DAGs
[2025-01-03 20:00:05,972] {logging_mixin.py:115} INFO - [2025-01-03 20:00:05,972] {dag.py:2927} INFO - Setting next_dagrun for example_branch_datetime_operator_2 to 2025-01-02T00:00:00+00:00, run_after=2025-01-03T00:00:00+00:00
[2025-01-03 20:00:05,990] {processor.py:161} INFO - Processing /home/daniel/Documents/Alura/python_apache_airflow_pipeline/venv/lib/python3.9/site-packages/airflow/example_dags/example_branch_datetime_operator.py took 0.069 seconds
[2025-01-03 20:00:41,188] {processor.py:153} INFO - Started process (PID=19778) to work on /home/daniel/Documents/Alura/python_apache_airflow_pipeline/venv/lib/python3.9/site-packages/airflow/example_dags/example_branch_datetime_operator.py
[2025-01-03 20:00:41,189] {processor.py:641} INFO - Processing file /home/daniel/Documents/Alura/python_apache_airflow_pipeline/venv/lib/python3.9/site-packages/airflow/example_dags/example_branch_datetime_operator.py for tasks to queue
[2025-01-03 20:00:41,189] {logging_mixin.py:115} INFO - [2025-01-03 20:00:41,189] {dagbag.py:507} INFO - Filling up the DagBag from /home/daniel/Documents/Alura/python_apache_airflow_pipeline/venv/lib/python3.9/site-packages/airflow/example_dags/example_branch_datetime_operator.py
[2025-01-03 20:00:41,198] {processor.py:651} INFO - DAG(s) dict_keys(['example_branch_datetime_operator_2']) retrieved from /home/daniel/Documents/Alura/python_apache_airflow_pipeline/venv/lib/python3.9/site-packages/airflow/example_dags/example_branch_datetime_operator.py
[2025-01-03 20:00:41,213] {logging_mixin.py:115} INFO - [2025-01-03 20:00:41,213] {dag.py:2379} INFO - Sync 1 DAGs
[2025-01-03 20:00:41,247] {logging_mixin.py:115} INFO - [2025-01-03 20:00:41,246] {dag.py:2927} INFO - Setting next_dagrun for example_branch_datetime_operator_2 to 2025-01-02T00:00:00+00:00, run_after=2025-01-03T00:00:00+00:00
[2025-01-03 20:00:41,268] {processor.py:161} INFO - Processing /home/daniel/Documents/Alura/python_apache_airflow_pipeline/venv/lib/python3.9/site-packages/airflow/example_dags/example_branch_datetime_operator.py took 0.084 seconds
[2025-01-03 20:01:14,692] {processor.py:153} INFO - Started process (PID=19966) to work on /home/daniel/Documents/Alura/python_apache_airflow_pipeline/venv/lib/python3.9/site-packages/airflow/example_dags/example_branch_datetime_operator.py
[2025-01-03 20:01:14,693] {processor.py:641} INFO - Processing file /home/daniel/Documents/Alura/python_apache_airflow_pipeline/venv/lib/python3.9/site-packages/airflow/example_dags/example_branch_datetime_operator.py for tasks to queue
[2025-01-03 20:01:14,693] {logging_mixin.py:115} INFO - [2025-01-03 20:01:14,693] {dagbag.py:507} INFO - Filling up the DagBag from /home/daniel/Documents/Alura/python_apache_airflow_pipeline/venv/lib/python3.9/site-packages/airflow/example_dags/example_branch_datetime_operator.py
[2025-01-03 20:01:14,700] {processor.py:651} INFO - DAG(s) dict_keys(['example_branch_datetime_operator_2']) retrieved from /home/daniel/Documents/Alura/python_apache_airflow_pipeline/venv/lib/python3.9/site-packages/airflow/example_dags/example_branch_datetime_operator.py
[2025-01-03 20:01:14,713] {logging_mixin.py:115} INFO - [2025-01-03 20:01:14,713] {dag.py:2379} INFO - Sync 1 DAGs
[2025-01-03 20:01:14,728] {logging_mixin.py:115} INFO - [2025-01-03 20:01:14,728] {dag.py:2927} INFO - Setting next_dagrun for example_branch_datetime_operator_2 to 2025-01-02T00:00:00+00:00, run_after=2025-01-03T00:00:00+00:00
[2025-01-03 20:01:14,739] {processor.py:161} INFO - Processing /home/daniel/Documents/Alura/python_apache_airflow_pipeline/venv/lib/python3.9/site-packages/airflow/example_dags/example_branch_datetime_operator.py took 0.050 seconds
[2025-01-03 20:01:49,051] {processor.py:153} INFO - Started process (PID=20298) to work on /home/daniel/Documents/Alura/python_apache_airflow_pipeline/venv/lib/python3.9/site-packages/airflow/example_dags/example_branch_datetime_operator.py
[2025-01-03 20:01:49,052] {processor.py:641} INFO - Processing file /home/daniel/Documents/Alura/python_apache_airflow_pipeline/venv/lib/python3.9/site-packages/airflow/example_dags/example_branch_datetime_operator.py for tasks to queue
[2025-01-03 20:01:49,052] {logging_mixin.py:115} INFO - [2025-01-03 20:01:49,052] {dagbag.py:507} INFO - Filling up the DagBag from /home/daniel/Documents/Alura/python_apache_airflow_pipeline/venv/lib/python3.9/site-packages/airflow/example_dags/example_branch_datetime_operator.py
[2025-01-03 20:01:49,058] {processor.py:651} INFO - DAG(s) dict_keys(['example_branch_datetime_operator_2']) retrieved from /home/daniel/Documents/Alura/python_apache_airflow_pipeline/venv/lib/python3.9/site-packages/airflow/example_dags/example_branch_datetime_operator.py
[2025-01-03 20:01:49,085] {logging_mixin.py:115} INFO - [2025-01-03 20:01:49,085] {dag.py:2379} INFO - Sync 1 DAGs
[2025-01-03 20:01:49,113] {logging_mixin.py:115} INFO - [2025-01-03 20:01:49,113] {dag.py:2927} INFO - Setting next_dagrun for example_branch_datetime_operator_2 to 2025-01-02T00:00:00+00:00, run_after=2025-01-03T00:00:00+00:00
[2025-01-03 20:01:49,132] {processor.py:161} INFO - Processing /home/daniel/Documents/Alura/python_apache_airflow_pipeline/venv/lib/python3.9/site-packages/airflow/example_dags/example_branch_datetime_operator.py took 0.084 seconds
