[2025-01-03 19:59:15,257] {processor.py:153} INFO - Started process (PID=18481) to work on /home/daniel/Documents/Alura/python_apache_airflow_pipeline/venv/lib/python3.9/site-packages/airflow/example_dags/example_short_circuit_operator.py
[2025-01-03 19:59:15,258] {processor.py:641} INFO - Processing file /home/daniel/Documents/Alura/python_apache_airflow_pipeline/venv/lib/python3.9/site-packages/airflow/example_dags/example_short_circuit_operator.py for tasks to queue
[2025-01-03 19:59:15,258] {logging_mixin.py:115} INFO - [2025-01-03 19:59:15,258] {dagbag.py:507} INFO - Filling up the DagBag from /home/daniel/Documents/Alura/python_apache_airflow_pipeline/venv/lib/python3.9/site-packages/airflow/example_dags/example_short_circuit_operator.py
[2025-01-03 19:59:15,269] {processor.py:651} INFO - DAG(s) dict_keys(['example_short_circuit_operator']) retrieved from /home/daniel/Documents/Alura/python_apache_airflow_pipeline/venv/lib/python3.9/site-packages/airflow/example_dags/example_short_circuit_operator.py
[2025-01-03 19:59:15,336] {logging_mixin.py:115} INFO - [2025-01-03 19:59:15,336] {manager.py:508} INFO - Created Permission View: can edit on DAG:example_short_circuit_operator
[2025-01-03 19:59:15,344] {logging_mixin.py:115} INFO - [2025-01-03 19:59:15,344] {manager.py:508} INFO - Created Permission View: can read on DAG:example_short_circuit_operator
[2025-01-03 19:59:15,351] {logging_mixin.py:115} INFO - [2025-01-03 19:59:15,351] {manager.py:508} INFO - Created Permission View: can delete on DAG:example_short_circuit_operator
[2025-01-03 19:59:15,351] {logging_mixin.py:115} INFO - [2025-01-03 19:59:15,351] {dag.py:2379} INFO - Sync 1 DAGs
[2025-01-03 19:59:15,363] {logging_mixin.py:115} INFO - [2025-01-03 19:59:15,363] {dag.py:2398} INFO - Creating ORM DAG for example_short_circuit_operator
[2025-01-03 19:59:15,371] {logging_mixin.py:115} INFO - [2025-01-03 19:59:15,371] {dag.py:2927} INFO - Setting next_dagrun for example_short_circuit_operator to 2025-01-02T22:59:15.371169+00:00, run_after=2025-01-03T22:59:15.371169+00:00
[2025-01-03 19:59:15,387] {processor.py:161} INFO - Processing /home/daniel/Documents/Alura/python_apache_airflow_pipeline/venv/lib/python3.9/site-packages/airflow/example_dags/example_short_circuit_operator.py took 0.133 seconds
[2025-01-03 20:00:02,071] {processor.py:153} INFO - Started process (PID=19060) to work on /home/daniel/Documents/Alura/python_apache_airflow_pipeline/venv/lib/python3.9/site-packages/airflow/example_dags/example_short_circuit_operator.py
[2025-01-03 20:00:02,073] {processor.py:641} INFO - Processing file /home/daniel/Documents/Alura/python_apache_airflow_pipeline/venv/lib/python3.9/site-packages/airflow/example_dags/example_short_circuit_operator.py for tasks to queue
[2025-01-03 20:00:02,073] {logging_mixin.py:115} INFO - [2025-01-03 20:00:02,073] {dagbag.py:507} INFO - Filling up the DagBag from /home/daniel/Documents/Alura/python_apache_airflow_pipeline/venv/lib/python3.9/site-packages/airflow/example_dags/example_short_circuit_operator.py
[2025-01-03 20:00:02,080] {processor.py:651} INFO - DAG(s) dict_keys(['example_short_circuit_operator']) retrieved from /home/daniel/Documents/Alura/python_apache_airflow_pipeline/venv/lib/python3.9/site-packages/airflow/example_dags/example_short_circuit_operator.py
[2025-01-03 20:00:02,094] {logging_mixin.py:115} INFO - [2025-01-03 20:00:02,094] {dag.py:2379} INFO - Sync 1 DAGs
[2025-01-03 20:00:02,109] {logging_mixin.py:115} INFO - [2025-01-03 20:00:02,109] {dag.py:2927} INFO - Setting next_dagrun for example_short_circuit_operator to 2025-01-02T23:00:02.109481+00:00, run_after=2025-01-03T23:00:02.109481+00:00
[2025-01-03 20:00:02,119] {processor.py:161} INFO - Processing /home/daniel/Documents/Alura/python_apache_airflow_pipeline/venv/lib/python3.9/site-packages/airflow/example_dags/example_short_circuit_operator.py took 0.050 seconds
[2025-01-03 20:00:36,751] {processor.py:153} INFO - Started process (PID=19744) to work on /home/daniel/Documents/Alura/python_apache_airflow_pipeline/venv/lib/python3.9/site-packages/airflow/example_dags/example_short_circuit_operator.py
[2025-01-03 20:00:36,752] {processor.py:641} INFO - Processing file /home/daniel/Documents/Alura/python_apache_airflow_pipeline/venv/lib/python3.9/site-packages/airflow/example_dags/example_short_circuit_operator.py for tasks to queue
[2025-01-03 20:00:36,753] {logging_mixin.py:115} INFO - [2025-01-03 20:00:36,752] {dagbag.py:507} INFO - Filling up the DagBag from /home/daniel/Documents/Alura/python_apache_airflow_pipeline/venv/lib/python3.9/site-packages/airflow/example_dags/example_short_circuit_operator.py
[2025-01-03 20:00:36,760] {processor.py:651} INFO - DAG(s) dict_keys(['example_short_circuit_operator']) retrieved from /home/daniel/Documents/Alura/python_apache_airflow_pipeline/venv/lib/python3.9/site-packages/airflow/example_dags/example_short_circuit_operator.py
[2025-01-03 20:00:36,779] {logging_mixin.py:115} INFO - [2025-01-03 20:00:36,779] {dag.py:2379} INFO - Sync 1 DAGs
[2025-01-03 20:00:36,796] {logging_mixin.py:115} INFO - [2025-01-03 20:00:36,796] {dag.py:2927} INFO - Setting next_dagrun for example_short_circuit_operator to 2025-01-02T23:00:36.794305+00:00, run_after=2025-01-03T23:00:36.794305+00:00
[2025-01-03 20:00:36,809] {processor.py:161} INFO - Processing /home/daniel/Documents/Alura/python_apache_airflow_pipeline/venv/lib/python3.9/site-packages/airflow/example_dags/example_short_circuit_operator.py took 0.061 seconds
[2025-01-03 20:01:10,683] {processor.py:153} INFO - Started process (PID=19944) to work on /home/daniel/Documents/Alura/python_apache_airflow_pipeline/venv/lib/python3.9/site-packages/airflow/example_dags/example_short_circuit_operator.py
[2025-01-03 20:01:10,684] {processor.py:641} INFO - Processing file /home/daniel/Documents/Alura/python_apache_airflow_pipeline/venv/lib/python3.9/site-packages/airflow/example_dags/example_short_circuit_operator.py for tasks to queue
[2025-01-03 20:01:10,684] {logging_mixin.py:115} INFO - [2025-01-03 20:01:10,684] {dagbag.py:507} INFO - Filling up the DagBag from /home/daniel/Documents/Alura/python_apache_airflow_pipeline/venv/lib/python3.9/site-packages/airflow/example_dags/example_short_circuit_operator.py
[2025-01-03 20:01:10,691] {processor.py:651} INFO - DAG(s) dict_keys(['example_short_circuit_operator']) retrieved from /home/daniel/Documents/Alura/python_apache_airflow_pipeline/venv/lib/python3.9/site-packages/airflow/example_dags/example_short_circuit_operator.py
[2025-01-03 20:01:10,704] {logging_mixin.py:115} INFO - [2025-01-03 20:01:10,704] {dag.py:2379} INFO - Sync 1 DAGs
[2025-01-03 20:01:10,719] {logging_mixin.py:115} INFO - [2025-01-03 20:01:10,719] {dag.py:2927} INFO - Setting next_dagrun for example_short_circuit_operator to 2025-01-02T23:01:10.719552+00:00, run_after=2025-01-03T23:01:10.719552+00:00
[2025-01-03 20:01:10,733] {processor.py:161} INFO - Processing /home/daniel/Documents/Alura/python_apache_airflow_pipeline/venv/lib/python3.9/site-packages/airflow/example_dags/example_short_circuit_operator.py took 0.053 seconds
