[2025-01-03 19:59:30,966] {processor.py:153} INFO - Started process (PID=18648) to work on /home/daniel/Documents/Alura/python_apache_airflow_pipeline/venv/lib/python3.9/site-packages/airflow/example_dags/example_branch_operator_decorator.py
[2025-01-03 19:59:30,967] {processor.py:641} INFO - Processing file /home/daniel/Documents/Alura/python_apache_airflow_pipeline/venv/lib/python3.9/site-packages/airflow/example_dags/example_branch_operator_decorator.py for tasks to queue
[2025-01-03 19:59:30,967] {logging_mixin.py:115} INFO - [2025-01-03 19:59:30,967] {dagbag.py:507} INFO - Filling up the DagBag from /home/daniel/Documents/Alura/python_apache_airflow_pipeline/venv/lib/python3.9/site-packages/airflow/example_dags/example_branch_operator_decorator.py
[2025-01-03 19:59:30,984] {processor.py:651} INFO - DAG(s) dict_keys(['example_branch_python_operator_decorator']) retrieved from /home/daniel/Documents/Alura/python_apache_airflow_pipeline/venv/lib/python3.9/site-packages/airflow/example_dags/example_branch_operator_decorator.py
[2025-01-03 19:59:31,057] {logging_mixin.py:115} INFO - [2025-01-03 19:59:31,057] {manager.py:508} INFO - Created Permission View: can edit on DAG:example_branch_python_operator_decorator
[2025-01-03 19:59:31,074] {logging_mixin.py:115} INFO - [2025-01-03 19:59:31,074] {manager.py:508} INFO - Created Permission View: can read on DAG:example_branch_python_operator_decorator
[2025-01-03 19:59:31,088] {logging_mixin.py:115} INFO - [2025-01-03 19:59:31,088] {manager.py:508} INFO - Created Permission View: can delete on DAG:example_branch_python_operator_decorator
[2025-01-03 19:59:31,089] {logging_mixin.py:115} INFO - [2025-01-03 19:59:31,089] {dag.py:2379} INFO - Sync 1 DAGs
[2025-01-03 19:59:31,107] {logging_mixin.py:115} INFO - [2025-01-03 19:59:31,106] {dag.py:2398} INFO - Creating ORM DAG for example_branch_python_operator_decorator
[2025-01-03 19:59:31,119] {logging_mixin.py:115} INFO - [2025-01-03 19:59:31,119] {dag.py:2927} INFO - Setting next_dagrun for example_branch_python_operator_decorator to 2025-01-02T00:00:00+00:00, run_after=2025-01-03T00:00:00+00:00
[2025-01-03 19:59:31,138] {processor.py:161} INFO - Processing /home/daniel/Documents/Alura/python_apache_airflow_pipeline/venv/lib/python3.9/site-packages/airflow/example_dags/example_branch_operator_decorator.py took 0.175 seconds
[2025-01-03 20:00:16,052] {processor.py:153} INFO - Started process (PID=19280) to work on /home/daniel/Documents/Alura/python_apache_airflow_pipeline/venv/lib/python3.9/site-packages/airflow/example_dags/example_branch_operator_decorator.py
[2025-01-03 20:00:16,053] {processor.py:641} INFO - Processing file /home/daniel/Documents/Alura/python_apache_airflow_pipeline/venv/lib/python3.9/site-packages/airflow/example_dags/example_branch_operator_decorator.py for tasks to queue
[2025-01-03 20:00:16,054] {logging_mixin.py:115} INFO - [2025-01-03 20:00:16,054] {dagbag.py:507} INFO - Filling up the DagBag from /home/daniel/Documents/Alura/python_apache_airflow_pipeline/venv/lib/python3.9/site-packages/airflow/example_dags/example_branch_operator_decorator.py
[2025-01-03 20:00:16,072] {processor.py:651} INFO - DAG(s) dict_keys(['example_branch_python_operator_decorator']) retrieved from /home/daniel/Documents/Alura/python_apache_airflow_pipeline/venv/lib/python3.9/site-packages/airflow/example_dags/example_branch_operator_decorator.py
[2025-01-03 20:00:16,087] {logging_mixin.py:115} INFO - [2025-01-03 20:00:16,087] {dag.py:2379} INFO - Sync 1 DAGs
[2025-01-03 20:00:16,106] {logging_mixin.py:115} INFO - [2025-01-03 20:00:16,105] {dag.py:2927} INFO - Setting next_dagrun for example_branch_python_operator_decorator to 2025-01-02T00:00:00+00:00, run_after=2025-01-03T00:00:00+00:00
[2025-01-03 20:00:16,119] {processor.py:161} INFO - Processing /home/daniel/Documents/Alura/python_apache_airflow_pipeline/venv/lib/python3.9/site-packages/airflow/example_dags/example_branch_operator_decorator.py took 0.069 seconds
[2025-01-03 20:00:52,414] {processor.py:153} INFO - Started process (PID=19847) to work on /home/daniel/Documents/Alura/python_apache_airflow_pipeline/venv/lib/python3.9/site-packages/airflow/example_dags/example_branch_operator_decorator.py
[2025-01-03 20:00:52,415] {processor.py:641} INFO - Processing file /home/daniel/Documents/Alura/python_apache_airflow_pipeline/venv/lib/python3.9/site-packages/airflow/example_dags/example_branch_operator_decorator.py for tasks to queue
[2025-01-03 20:00:52,416] {logging_mixin.py:115} INFO - [2025-01-03 20:00:52,416] {dagbag.py:507} INFO - Filling up the DagBag from /home/daniel/Documents/Alura/python_apache_airflow_pipeline/venv/lib/python3.9/site-packages/airflow/example_dags/example_branch_operator_decorator.py
[2025-01-03 20:00:52,438] {processor.py:651} INFO - DAG(s) dict_keys(['example_branch_python_operator_decorator']) retrieved from /home/daniel/Documents/Alura/python_apache_airflow_pipeline/venv/lib/python3.9/site-packages/airflow/example_dags/example_branch_operator_decorator.py
[2025-01-03 20:00:52,457] {logging_mixin.py:115} INFO - [2025-01-03 20:00:52,457] {dag.py:2379} INFO - Sync 1 DAGs
[2025-01-03 20:00:52,483] {logging_mixin.py:115} INFO - [2025-01-03 20:00:52,483] {dag.py:2927} INFO - Setting next_dagrun for example_branch_python_operator_decorator to 2025-01-02T00:00:00+00:00, run_after=2025-01-03T00:00:00+00:00
[2025-01-03 20:00:52,499] {processor.py:161} INFO - Processing /home/daniel/Documents/Alura/python_apache_airflow_pipeline/venv/lib/python3.9/site-packages/airflow/example_dags/example_branch_operator_decorator.py took 0.087 seconds
