[2025-01-03 19:59:06,119] {processor.py:153} INFO - Started process (PID=18402) to work on /home/daniel/Documents/Alura/python_apache_airflow_pipeline/venv/lib/python3.9/site-packages/airflow/example_dags/example_task_group_decorator.py
[2025-01-03 19:59:06,119] {processor.py:641} INFO - Processing file /home/daniel/Documents/Alura/python_apache_airflow_pipeline/venv/lib/python3.9/site-packages/airflow/example_dags/example_task_group_decorator.py for tasks to queue
[2025-01-03 19:59:06,120] {logging_mixin.py:115} INFO - [2025-01-03 19:59:06,120] {dagbag.py:507} INFO - Filling up the DagBag from /home/daniel/Documents/Alura/python_apache_airflow_pipeline/venv/lib/python3.9/site-packages/airflow/example_dags/example_task_group_decorator.py
[2025-01-03 19:59:06,140] {processor.py:651} INFO - DAG(s) dict_keys(['example_task_group_decorator']) retrieved from /home/daniel/Documents/Alura/python_apache_airflow_pipeline/venv/lib/python3.9/site-packages/airflow/example_dags/example_task_group_decorator.py
[2025-01-03 19:59:06,205] {logging_mixin.py:115} INFO - [2025-01-03 19:59:06,205] {manager.py:508} INFO - Created Permission View: can edit on DAG:example_task_group_decorator
[2025-01-03 19:59:06,215] {logging_mixin.py:115} INFO - [2025-01-03 19:59:06,215] {manager.py:508} INFO - Created Permission View: can read on DAG:example_task_group_decorator
[2025-01-03 19:59:06,224] {logging_mixin.py:115} INFO - [2025-01-03 19:59:06,223] {manager.py:508} INFO - Created Permission View: can delete on DAG:example_task_group_decorator
[2025-01-03 19:59:06,224] {logging_mixin.py:115} INFO - [2025-01-03 19:59:06,224] {dag.py:2379} INFO - Sync 1 DAGs
[2025-01-03 19:59:06,229] {logging_mixin.py:115} INFO - [2025-01-03 19:59:06,229] {dag.py:2398} INFO - Creating ORM DAG for example_task_group_decorator
[2025-01-03 19:59:06,237] {logging_mixin.py:115} INFO - [2025-01-03 19:59:06,237] {dag.py:2927} INFO - Setting next_dagrun for example_task_group_decorator to 2025-01-02T22:59:06.237105+00:00, run_after=2025-01-03T22:59:06.237105+00:00
[2025-01-03 19:59:06,253] {processor.py:161} INFO - Processing /home/daniel/Documents/Alura/python_apache_airflow_pipeline/venv/lib/python3.9/site-packages/airflow/example_dags/example_task_group_decorator.py took 0.137 seconds
[2025-01-03 19:59:54,083] {processor.py:153} INFO - Started process (PID=18898) to work on /home/daniel/Documents/Alura/python_apache_airflow_pipeline/venv/lib/python3.9/site-packages/airflow/example_dags/example_task_group_decorator.py
[2025-01-03 19:59:54,084] {processor.py:641} INFO - Processing file /home/daniel/Documents/Alura/python_apache_airflow_pipeline/venv/lib/python3.9/site-packages/airflow/example_dags/example_task_group_decorator.py for tasks to queue
[2025-01-03 19:59:54,085] {logging_mixin.py:115} INFO - [2025-01-03 19:59:54,085] {dagbag.py:507} INFO - Filling up the DagBag from /home/daniel/Documents/Alura/python_apache_airflow_pipeline/venv/lib/python3.9/site-packages/airflow/example_dags/example_task_group_decorator.py
[2025-01-03 19:59:54,103] {processor.py:651} INFO - DAG(s) dict_keys(['example_task_group_decorator']) retrieved from /home/daniel/Documents/Alura/python_apache_airflow_pipeline/venv/lib/python3.9/site-packages/airflow/example_dags/example_task_group_decorator.py
[2025-01-03 19:59:54,138] {logging_mixin.py:115} INFO - [2025-01-03 19:59:54,137] {dag.py:2379} INFO - Sync 1 DAGs
[2025-01-03 19:59:54,148] {logging_mixin.py:115} INFO - [2025-01-03 19:59:54,148] {dag.py:2927} INFO - Setting next_dagrun for example_task_group_decorator to 2025-01-02T22:59:54.147839+00:00, run_after=2025-01-03T22:59:54.147839+00:00
[2025-01-03 19:59:54,159] {processor.py:161} INFO - Processing /home/daniel/Documents/Alura/python_apache_airflow_pipeline/venv/lib/python3.9/site-packages/airflow/example_dags/example_task_group_decorator.py took 0.078 seconds
[2025-01-03 20:00:26,231] {processor.py:153} INFO - Started process (PID=19516) to work on /home/daniel/Documents/Alura/python_apache_airflow_pipeline/venv/lib/python3.9/site-packages/airflow/example_dags/example_task_group_decorator.py
[2025-01-03 20:00:26,236] {processor.py:641} INFO - Processing file /home/daniel/Documents/Alura/python_apache_airflow_pipeline/venv/lib/python3.9/site-packages/airflow/example_dags/example_task_group_decorator.py for tasks to queue
[2025-01-03 20:00:26,239] {logging_mixin.py:115} INFO - [2025-01-03 20:00:26,239] {dagbag.py:507} INFO - Filling up the DagBag from /home/daniel/Documents/Alura/python_apache_airflow_pipeline/venv/lib/python3.9/site-packages/airflow/example_dags/example_task_group_decorator.py
[2025-01-03 20:00:26,338] {processor.py:651} INFO - DAG(s) dict_keys(['example_task_group_decorator']) retrieved from /home/daniel/Documents/Alura/python_apache_airflow_pipeline/venv/lib/python3.9/site-packages/airflow/example_dags/example_task_group_decorator.py
[2025-01-03 20:00:26,520] {logging_mixin.py:115} INFO - [2025-01-03 20:00:26,520] {dag.py:2379} INFO - Sync 1 DAGs
[2025-01-03 20:00:26,586] {logging_mixin.py:115} INFO - [2025-01-03 20:00:26,586] {dag.py:2927} INFO - Setting next_dagrun for example_task_group_decorator to 2025-01-02T23:00:26.583659+00:00, run_after=2025-01-03T23:00:26.583659+00:00
[2025-01-03 20:00:26,623] {processor.py:161} INFO - Processing /home/daniel/Documents/Alura/python_apache_airflow_pipeline/venv/lib/python3.9/site-packages/airflow/example_dags/example_task_group_decorator.py took 0.422 seconds
[2025-01-03 20:01:01,545] {processor.py:153} INFO - Started process (PID=19897) to work on /home/daniel/Documents/Alura/python_apache_airflow_pipeline/venv/lib/python3.9/site-packages/airflow/example_dags/example_task_group_decorator.py
[2025-01-03 20:01:01,546] {processor.py:641} INFO - Processing file /home/daniel/Documents/Alura/python_apache_airflow_pipeline/venv/lib/python3.9/site-packages/airflow/example_dags/example_task_group_decorator.py for tasks to queue
[2025-01-03 20:01:01,546] {logging_mixin.py:115} INFO - [2025-01-03 20:01:01,546] {dagbag.py:507} INFO - Filling up the DagBag from /home/daniel/Documents/Alura/python_apache_airflow_pipeline/venv/lib/python3.9/site-packages/airflow/example_dags/example_task_group_decorator.py
[2025-01-03 20:01:01,565] {processor.py:651} INFO - DAG(s) dict_keys(['example_task_group_decorator']) retrieved from /home/daniel/Documents/Alura/python_apache_airflow_pipeline/venv/lib/python3.9/site-packages/airflow/example_dags/example_task_group_decorator.py
[2025-01-03 20:01:01,598] {logging_mixin.py:115} INFO - [2025-01-03 20:01:01,598] {dag.py:2379} INFO - Sync 1 DAGs
[2025-01-03 20:01:01,608] {logging_mixin.py:115} INFO - [2025-01-03 20:01:01,608] {dag.py:2927} INFO - Setting next_dagrun for example_task_group_decorator to 2025-01-02T23:01:01.608553+00:00, run_after=2025-01-03T23:01:01.608553+00:00
[2025-01-03 20:01:01,620] {processor.py:161} INFO - Processing /home/daniel/Documents/Alura/python_apache_airflow_pipeline/venv/lib/python3.9/site-packages/airflow/example_dags/example_task_group_decorator.py took 0.078 seconds
