[2025-01-03 19:59:23,471] {processor.py:153} INFO - Started process (PID=18566) to work on /home/daniel/Documents/Alura/python_apache_airflow_pipeline/venv/lib/python3.9/site-packages/airflow/example_dags/example_dag_decorator.py
[2025-01-03 19:59:23,471] {processor.py:641} INFO - Processing file /home/daniel/Documents/Alura/python_apache_airflow_pipeline/venv/lib/python3.9/site-packages/airflow/example_dags/example_dag_decorator.py for tasks to queue
[2025-01-03 19:59:23,472] {logging_mixin.py:115} INFO - [2025-01-03 19:59:23,472] {dagbag.py:507} INFO - Filling up the DagBag from /home/daniel/Documents/Alura/python_apache_airflow_pipeline/venv/lib/python3.9/site-packages/airflow/example_dags/example_dag_decorator.py
[2025-01-03 19:59:23,504] {processor.py:651} INFO - DAG(s) dict_keys(['example_dag_decorator']) retrieved from /home/daniel/Documents/Alura/python_apache_airflow_pipeline/venv/lib/python3.9/site-packages/airflow/example_dags/example_dag_decorator.py
[2025-01-03 19:59:23,557] {logging_mixin.py:115} INFO - [2025-01-03 19:59:23,557] {manager.py:508} INFO - Created Permission View: can edit on DAG:example_dag_decorator
[2025-01-03 19:59:23,566] {logging_mixin.py:115} INFO - [2025-01-03 19:59:23,566] {manager.py:508} INFO - Created Permission View: can read on DAG:example_dag_decorator
[2025-01-03 19:59:23,573] {logging_mixin.py:115} INFO - [2025-01-03 19:59:23,573] {manager.py:508} INFO - Created Permission View: can delete on DAG:example_dag_decorator
[2025-01-03 19:59:23,573] {logging_mixin.py:115} INFO - [2025-01-03 19:59:23,573] {dag.py:2379} INFO - Sync 1 DAGs
[2025-01-03 19:59:23,579] {logging_mixin.py:115} INFO - [2025-01-03 19:59:23,579] {dag.py:2398} INFO - Creating ORM DAG for example_dag_decorator
[2025-01-03 19:59:23,586] {logging_mixin.py:115} INFO - [2025-01-03 19:59:23,586] {dag.py:2927} INFO - Setting next_dagrun for example_dag_decorator to None, run_after=None
[2025-01-03 19:59:23,602] {processor.py:161} INFO - Processing /home/daniel/Documents/Alura/python_apache_airflow_pipeline/venv/lib/python3.9/site-packages/airflow/example_dags/example_dag_decorator.py took 0.134 seconds
[2025-01-03 20:00:09,608] {processor.py:153} INFO - Started process (PID=19227) to work on /home/daniel/Documents/Alura/python_apache_airflow_pipeline/venv/lib/python3.9/site-packages/airflow/example_dags/example_dag_decorator.py
[2025-01-03 20:00:09,609] {processor.py:641} INFO - Processing file /home/daniel/Documents/Alura/python_apache_airflow_pipeline/venv/lib/python3.9/site-packages/airflow/example_dags/example_dag_decorator.py for tasks to queue
[2025-01-03 20:00:09,609] {logging_mixin.py:115} INFO - [2025-01-03 20:00:09,609] {dagbag.py:507} INFO - Filling up the DagBag from /home/daniel/Documents/Alura/python_apache_airflow_pipeline/venv/lib/python3.9/site-packages/airflow/example_dags/example_dag_decorator.py
[2025-01-03 20:00:09,630] {processor.py:651} INFO - DAG(s) dict_keys(['example_dag_decorator']) retrieved from /home/daniel/Documents/Alura/python_apache_airflow_pipeline/venv/lib/python3.9/site-packages/airflow/example_dags/example_dag_decorator.py
[2025-01-03 20:00:09,680] {logging_mixin.py:115} INFO - [2025-01-03 20:00:09,680] {dag.py:2379} INFO - Sync 1 DAGs
[2025-01-03 20:00:09,719] {logging_mixin.py:115} INFO - [2025-01-03 20:00:09,719] {dag.py:2927} INFO - Setting next_dagrun for example_dag_decorator to None, run_after=None
[2025-01-03 20:00:09,740] {processor.py:161} INFO - Processing /home/daniel/Documents/Alura/python_apache_airflow_pipeline/venv/lib/python3.9/site-packages/airflow/example_dags/example_dag_decorator.py took 0.135 seconds
[2025-01-03 20:00:45,004] {processor.py:153} INFO - Started process (PID=19806) to work on /home/daniel/Documents/Alura/python_apache_airflow_pipeline/venv/lib/python3.9/site-packages/airflow/example_dags/example_dag_decorator.py
[2025-01-03 20:00:45,005] {processor.py:641} INFO - Processing file /home/daniel/Documents/Alura/python_apache_airflow_pipeline/venv/lib/python3.9/site-packages/airflow/example_dags/example_dag_decorator.py for tasks to queue
[2025-01-03 20:00:45,007] {logging_mixin.py:115} INFO - [2025-01-03 20:00:45,007] {dagbag.py:507} INFO - Filling up the DagBag from /home/daniel/Documents/Alura/python_apache_airflow_pipeline/venv/lib/python3.9/site-packages/airflow/example_dags/example_dag_decorator.py
[2025-01-03 20:00:45,034] {processor.py:651} INFO - DAG(s) dict_keys(['example_dag_decorator']) retrieved from /home/daniel/Documents/Alura/python_apache_airflow_pipeline/venv/lib/python3.9/site-packages/airflow/example_dags/example_dag_decorator.py
[2025-01-03 20:00:45,092] {logging_mixin.py:115} INFO - [2025-01-03 20:00:45,092] {dag.py:2379} INFO - Sync 1 DAGs
[2025-01-03 20:00:45,109] {logging_mixin.py:115} INFO - [2025-01-03 20:00:45,109] {dag.py:2927} INFO - Setting next_dagrun for example_dag_decorator to None, run_after=None
[2025-01-03 20:00:45,124] {processor.py:161} INFO - Processing /home/daniel/Documents/Alura/python_apache_airflow_pipeline/venv/lib/python3.9/site-packages/airflow/example_dags/example_dag_decorator.py took 0.123 seconds
[2025-01-03 20:01:18,550] {processor.py:153} INFO - Started process (PID=19988) to work on /home/daniel/Documents/Alura/python_apache_airflow_pipeline/venv/lib/python3.9/site-packages/airflow/example_dags/example_dag_decorator.py
[2025-01-03 20:01:18,551] {processor.py:641} INFO - Processing file /home/daniel/Documents/Alura/python_apache_airflow_pipeline/venv/lib/python3.9/site-packages/airflow/example_dags/example_dag_decorator.py for tasks to queue
[2025-01-03 20:01:18,552] {logging_mixin.py:115} INFO - [2025-01-03 20:01:18,552] {dagbag.py:507} INFO - Filling up the DagBag from /home/daniel/Documents/Alura/python_apache_airflow_pipeline/venv/lib/python3.9/site-packages/airflow/example_dags/example_dag_decorator.py
[2025-01-03 20:01:18,576] {processor.py:651} INFO - DAG(s) dict_keys(['example_dag_decorator']) retrieved from /home/daniel/Documents/Alura/python_apache_airflow_pipeline/venv/lib/python3.9/site-packages/airflow/example_dags/example_dag_decorator.py
[2025-01-03 20:01:18,612] {logging_mixin.py:115} INFO - [2025-01-03 20:01:18,612] {dag.py:2379} INFO - Sync 1 DAGs
[2025-01-03 20:01:18,623] {logging_mixin.py:115} INFO - [2025-01-03 20:01:18,623] {dag.py:2927} INFO - Setting next_dagrun for example_dag_decorator to None, run_after=None
[2025-01-03 20:01:18,636] {processor.py:161} INFO - Processing /home/daniel/Documents/Alura/python_apache_airflow_pipeline/venv/lib/python3.9/site-packages/airflow/example_dags/example_dag_decorator.py took 0.089 seconds
