[2025-01-03 19:59:32,710] {processor.py:153} INFO - Started process (PID=18664) to work on /home/daniel/Documents/Alura/python_apache_airflow_pipeline/venv/lib/python3.9/site-packages/airflow/example_dags/example_bash_operator.py
[2025-01-03 19:59:32,711] {processor.py:641} INFO - Processing file /home/daniel/Documents/Alura/python_apache_airflow_pipeline/venv/lib/python3.9/site-packages/airflow/example_dags/example_bash_operator.py for tasks to queue
[2025-01-03 19:59:32,711] {logging_mixin.py:115} INFO - [2025-01-03 19:59:32,711] {dagbag.py:507} INFO - Filling up the DagBag from /home/daniel/Documents/Alura/python_apache_airflow_pipeline/venv/lib/python3.9/site-packages/airflow/example_dags/example_bash_operator.py
[2025-01-03 19:59:32,724] {processor.py:651} INFO - DAG(s) dict_keys(['example_bash_operator']) retrieved from /home/daniel/Documents/Alura/python_apache_airflow_pipeline/venv/lib/python3.9/site-packages/airflow/example_dags/example_bash_operator.py
[2025-01-03 19:59:32,781] {logging_mixin.py:115} INFO - [2025-01-03 19:59:32,781] {manager.py:508} INFO - Created Permission View: can edit on DAG:example_bash_operator
[2025-01-03 19:59:32,791] {logging_mixin.py:115} INFO - [2025-01-03 19:59:32,791] {manager.py:508} INFO - Created Permission View: can read on DAG:example_bash_operator
[2025-01-03 19:59:32,800] {logging_mixin.py:115} INFO - [2025-01-03 19:59:32,800] {manager.py:508} INFO - Created Permission View: can delete on DAG:example_bash_operator
[2025-01-03 19:59:32,800] {logging_mixin.py:115} INFO - [2025-01-03 19:59:32,800] {dag.py:2379} INFO - Sync 1 DAGs
[2025-01-03 19:59:32,806] {logging_mixin.py:115} INFO - [2025-01-03 19:59:32,806] {dag.py:2398} INFO - Creating ORM DAG for example_bash_operator
[2025-01-03 19:59:32,813] {logging_mixin.py:115} INFO - [2025-01-03 19:59:32,813] {dag.py:2927} INFO - Setting next_dagrun for example_bash_operator to 2025-01-02T00:00:00+00:00, run_after=2025-01-03T00:00:00+00:00
[2025-01-03 19:59:32,830] {processor.py:161} INFO - Processing /home/daniel/Documents/Alura/python_apache_airflow_pipeline/venv/lib/python3.9/site-packages/airflow/example_dags/example_bash_operator.py took 0.123 seconds
[2025-01-03 20:00:17,519] {processor.py:153} INFO - Started process (PID=19290) to work on /home/daniel/Documents/Alura/python_apache_airflow_pipeline/venv/lib/python3.9/site-packages/airflow/example_dags/example_bash_operator.py
[2025-01-03 20:00:17,520] {processor.py:641} INFO - Processing file /home/daniel/Documents/Alura/python_apache_airflow_pipeline/venv/lib/python3.9/site-packages/airflow/example_dags/example_bash_operator.py for tasks to queue
[2025-01-03 20:00:17,520] {logging_mixin.py:115} INFO - [2025-01-03 20:00:17,520] {dagbag.py:507} INFO - Filling up the DagBag from /home/daniel/Documents/Alura/python_apache_airflow_pipeline/venv/lib/python3.9/site-packages/airflow/example_dags/example_bash_operator.py
[2025-01-03 20:00:17,541] {processor.py:651} INFO - DAG(s) dict_keys(['example_bash_operator']) retrieved from /home/daniel/Documents/Alura/python_apache_airflow_pipeline/venv/lib/python3.9/site-packages/airflow/example_dags/example_bash_operator.py
[2025-01-03 20:00:17,558] {logging_mixin.py:115} INFO - [2025-01-03 20:00:17,558] {dag.py:2379} INFO - Sync 1 DAGs
[2025-01-03 20:00:17,578] {logging_mixin.py:115} INFO - [2025-01-03 20:00:17,578] {dag.py:2927} INFO - Setting next_dagrun for example_bash_operator to 2025-01-02T00:00:00+00:00, run_after=2025-01-03T00:00:00+00:00
[2025-01-03 20:00:17,591] {processor.py:161} INFO - Processing /home/daniel/Documents/Alura/python_apache_airflow_pipeline/venv/lib/python3.9/site-packages/airflow/example_dags/example_bash_operator.py took 0.080 seconds
[2025-01-03 20:00:54,154] {processor.py:153} INFO - Started process (PID=19858) to work on /home/daniel/Documents/Alura/python_apache_airflow_pipeline/venv/lib/python3.9/site-packages/airflow/example_dags/example_bash_operator.py
[2025-01-03 20:00:54,155] {processor.py:641} INFO - Processing file /home/daniel/Documents/Alura/python_apache_airflow_pipeline/venv/lib/python3.9/site-packages/airflow/example_dags/example_bash_operator.py for tasks to queue
[2025-01-03 20:00:54,156] {logging_mixin.py:115} INFO - [2025-01-03 20:00:54,155] {dagbag.py:507} INFO - Filling up the DagBag from /home/daniel/Documents/Alura/python_apache_airflow_pipeline/venv/lib/python3.9/site-packages/airflow/example_dags/example_bash_operator.py
[2025-01-03 20:00:54,167] {processor.py:651} INFO - DAG(s) dict_keys(['example_bash_operator']) retrieved from /home/daniel/Documents/Alura/python_apache_airflow_pipeline/venv/lib/python3.9/site-packages/airflow/example_dags/example_bash_operator.py
[2025-01-03 20:00:54,183] {logging_mixin.py:115} INFO - [2025-01-03 20:00:54,183] {dag.py:2379} INFO - Sync 1 DAGs
[2025-01-03 20:00:54,203] {logging_mixin.py:115} INFO - [2025-01-03 20:00:54,203] {dag.py:2927} INFO - Setting next_dagrun for example_bash_operator to 2025-01-02T00:00:00+00:00, run_after=2025-01-03T00:00:00+00:00
[2025-01-03 20:00:54,218] {processor.py:161} INFO - Processing /home/daniel/Documents/Alura/python_apache_airflow_pipeline/venv/lib/python3.9/site-packages/airflow/example_dags/example_bash_operator.py took 0.066 seconds
