[2025-01-03 19:59:02,524] {processor.py:153} INFO - Started process (PID=18365) to work on /home/daniel/Documents/Alura/python_apache_airflow_pipeline/venv/lib/python3.9/site-packages/airflow/example_dags/example_time_delta_sensor_async.py
[2025-01-03 19:59:02,524] {processor.py:641} INFO - Processing file /home/daniel/Documents/Alura/python_apache_airflow_pipeline/venv/lib/python3.9/site-packages/airflow/example_dags/example_time_delta_sensor_async.py for tasks to queue
[2025-01-03 19:59:02,525] {logging_mixin.py:115} INFO - [2025-01-03 19:59:02,525] {dagbag.py:507} INFO - Filling up the DagBag from /home/daniel/Documents/Alura/python_apache_airflow_pipeline/venv/lib/python3.9/site-packages/airflow/example_dags/example_time_delta_sensor_async.py
[2025-01-03 19:59:02,529] {processor.py:651} INFO - DAG(s) dict_keys(['example_time_delta_sensor_async']) retrieved from /home/daniel/Documents/Alura/python_apache_airflow_pipeline/venv/lib/python3.9/site-packages/airflow/example_dags/example_time_delta_sensor_async.py
[2025-01-03 19:59:02,605] {logging_mixin.py:115} INFO - [2025-01-03 19:59:02,605] {manager.py:508} INFO - Created Permission View: can edit on DAG:example_time_delta_sensor_async
[2025-01-03 19:59:02,615] {logging_mixin.py:115} INFO - [2025-01-03 19:59:02,615] {manager.py:508} INFO - Created Permission View: can read on DAG:example_time_delta_sensor_async
[2025-01-03 19:59:02,624] {logging_mixin.py:115} INFO - [2025-01-03 19:59:02,624] {manager.py:508} INFO - Created Permission View: can delete on DAG:example_time_delta_sensor_async
[2025-01-03 19:59:02,624] {logging_mixin.py:115} INFO - [2025-01-03 19:59:02,624] {dag.py:2379} INFO - Sync 1 DAGs
[2025-01-03 19:59:02,638] {logging_mixin.py:115} INFO - [2025-01-03 19:59:02,637] {dag.py:2398} INFO - Creating ORM DAG for example_time_delta_sensor_async
[2025-01-03 19:59:02,649] {logging_mixin.py:115} INFO - [2025-01-03 19:59:02,649] {dag.py:2927} INFO - Setting next_dagrun for example_time_delta_sensor_async to None, run_after=None
[2025-01-03 19:59:02,666] {processor.py:161} INFO - Processing /home/daniel/Documents/Alura/python_apache_airflow_pipeline/venv/lib/python3.9/site-packages/airflow/example_dags/example_time_delta_sensor_async.py took 0.144 seconds
[2025-01-03 19:59:50,684] {processor.py:153} INFO - Started process (PID=18858) to work on /home/daniel/Documents/Alura/python_apache_airflow_pipeline/venv/lib/python3.9/site-packages/airflow/example_dags/example_time_delta_sensor_async.py
[2025-01-03 19:59:50,686] {processor.py:641} INFO - Processing file /home/daniel/Documents/Alura/python_apache_airflow_pipeline/venv/lib/python3.9/site-packages/airflow/example_dags/example_time_delta_sensor_async.py for tasks to queue
[2025-01-03 19:59:50,686] {logging_mixin.py:115} INFO - [2025-01-03 19:59:50,686] {dagbag.py:507} INFO - Filling up the DagBag from /home/daniel/Documents/Alura/python_apache_airflow_pipeline/venv/lib/python3.9/site-packages/airflow/example_dags/example_time_delta_sensor_async.py
[2025-01-03 19:59:50,691] {processor.py:651} INFO - DAG(s) dict_keys(['example_time_delta_sensor_async']) retrieved from /home/daniel/Documents/Alura/python_apache_airflow_pipeline/venv/lib/python3.9/site-packages/airflow/example_dags/example_time_delta_sensor_async.py
[2025-01-03 19:59:50,709] {logging_mixin.py:115} INFO - [2025-01-03 19:59:50,709] {dag.py:2379} INFO - Sync 1 DAGs
[2025-01-03 19:59:50,723] {logging_mixin.py:115} INFO - [2025-01-03 19:59:50,723] {dag.py:2927} INFO - Setting next_dagrun for example_time_delta_sensor_async to None, run_after=None
[2025-01-03 19:59:50,735] {processor.py:161} INFO - Processing /home/daniel/Documents/Alura/python_apache_airflow_pipeline/venv/lib/python3.9/site-packages/airflow/example_dags/example_time_delta_sensor_async.py took 0.055 seconds
[2025-01-03 20:00:22,904] {processor.py:153} INFO - Started process (PID=19387) to work on /home/daniel/Documents/Alura/python_apache_airflow_pipeline/venv/lib/python3.9/site-packages/airflow/example_dags/example_time_delta_sensor_async.py
[2025-01-03 20:00:22,908] {processor.py:641} INFO - Processing file /home/daniel/Documents/Alura/python_apache_airflow_pipeline/venv/lib/python3.9/site-packages/airflow/example_dags/example_time_delta_sensor_async.py for tasks to queue
[2025-01-03 20:00:22,910] {logging_mixin.py:115} INFO - [2025-01-03 20:00:22,910] {dagbag.py:507} INFO - Filling up the DagBag from /home/daniel/Documents/Alura/python_apache_airflow_pipeline/venv/lib/python3.9/site-packages/airflow/example_dags/example_time_delta_sensor_async.py
[2025-01-03 20:00:22,945] {processor.py:651} INFO - DAG(s) dict_keys(['example_time_delta_sensor_async']) retrieved from /home/daniel/Documents/Alura/python_apache_airflow_pipeline/venv/lib/python3.9/site-packages/airflow/example_dags/example_time_delta_sensor_async.py
[2025-01-03 20:00:23,055] {logging_mixin.py:115} INFO - [2025-01-03 20:00:23,055] {dag.py:2379} INFO - Sync 1 DAGs
[2025-01-03 20:00:23,129] {logging_mixin.py:115} INFO - [2025-01-03 20:00:23,129] {dag.py:2927} INFO - Setting next_dagrun for example_time_delta_sensor_async to None, run_after=None
[2025-01-03 20:00:23,156] {processor.py:161} INFO - Processing /home/daniel/Documents/Alura/python_apache_airflow_pipeline/venv/lib/python3.9/site-packages/airflow/example_dags/example_time_delta_sensor_async.py took 0.277 seconds
[2025-01-03 20:00:58,154] {processor.py:153} INFO - Started process (PID=19881) to work on /home/daniel/Documents/Alura/python_apache_airflow_pipeline/venv/lib/python3.9/site-packages/airflow/example_dags/example_time_delta_sensor_async.py
[2025-01-03 20:00:58,155] {processor.py:641} INFO - Processing file /home/daniel/Documents/Alura/python_apache_airflow_pipeline/venv/lib/python3.9/site-packages/airflow/example_dags/example_time_delta_sensor_async.py for tasks to queue
[2025-01-03 20:00:58,156] {logging_mixin.py:115} INFO - [2025-01-03 20:00:58,156] {dagbag.py:507} INFO - Filling up the DagBag from /home/daniel/Documents/Alura/python_apache_airflow_pipeline/venv/lib/python3.9/site-packages/airflow/example_dags/example_time_delta_sensor_async.py
[2025-01-03 20:00:58,162] {processor.py:651} INFO - DAG(s) dict_keys(['example_time_delta_sensor_async']) retrieved from /home/daniel/Documents/Alura/python_apache_airflow_pipeline/venv/lib/python3.9/site-packages/airflow/example_dags/example_time_delta_sensor_async.py
[2025-01-03 20:00:58,188] {logging_mixin.py:115} INFO - [2025-01-03 20:00:58,187] {dag.py:2379} INFO - Sync 1 DAGs
[2025-01-03 20:00:58,228] {logging_mixin.py:115} INFO - [2025-01-03 20:00:58,227] {dag.py:2927} INFO - Setting next_dagrun for example_time_delta_sensor_async to None, run_after=None
[2025-01-03 20:00:58,256] {processor.py:161} INFO - Processing /home/daniel/Documents/Alura/python_apache_airflow_pipeline/venv/lib/python3.9/site-packages/airflow/example_dags/example_time_delta_sensor_async.py took 0.105 seconds
