[2025-01-03 19:59:21,926] {processor.py:153} INFO - Started process (PID=18564) to work on /home/daniel/Documents/Alura/python_apache_airflow_pipeline/venv/lib/python3.9/site-packages/airflow/example_dags/example_external_task_marker_dag.py
[2025-01-03 19:59:21,927] {processor.py:641} INFO - Processing file /home/daniel/Documents/Alura/python_apache_airflow_pipeline/venv/lib/python3.9/site-packages/airflow/example_dags/example_external_task_marker_dag.py for tasks to queue
[2025-01-03 19:59:21,927] {logging_mixin.py:115} INFO - [2025-01-03 19:59:21,927] {dagbag.py:507} INFO - Filling up the DagBag from /home/daniel/Documents/Alura/python_apache_airflow_pipeline/venv/lib/python3.9/site-packages/airflow/example_dags/example_external_task_marker_dag.py
[2025-01-03 19:59:21,931] {processor.py:651} INFO - DAG(s) dict_keys(['example_external_task_marker_parent', 'example_external_task_marker_child']) retrieved from /home/daniel/Documents/Alura/python_apache_airflow_pipeline/venv/lib/python3.9/site-packages/airflow/example_dags/example_external_task_marker_dag.py
[2025-01-03 19:59:21,988] {logging_mixin.py:115} INFO - [2025-01-03 19:59:21,987] {manager.py:508} INFO - Created Permission View: can edit on DAG:example_external_task_marker_parent
[2025-01-03 19:59:21,997] {logging_mixin.py:115} INFO - [2025-01-03 19:59:21,997] {manager.py:508} INFO - Created Permission View: can read on DAG:example_external_task_marker_parent
[2025-01-03 19:59:22,005] {logging_mixin.py:115} INFO - [2025-01-03 19:59:22,005] {manager.py:508} INFO - Created Permission View: can delete on DAG:example_external_task_marker_parent
[2025-01-03 19:59:22,024] {logging_mixin.py:115} INFO - [2025-01-03 19:59:22,024] {manager.py:508} INFO - Created Permission View: can edit on DAG:example_external_task_marker_child
[2025-01-03 19:59:22,031] {logging_mixin.py:115} INFO - [2025-01-03 19:59:22,031] {manager.py:508} INFO - Created Permission View: can read on DAG:example_external_task_marker_child
[2025-01-03 19:59:22,039] {logging_mixin.py:115} INFO - [2025-01-03 19:59:22,039] {manager.py:508} INFO - Created Permission View: can delete on DAG:example_external_task_marker_child
[2025-01-03 19:59:22,039] {logging_mixin.py:115} INFO - [2025-01-03 19:59:22,039] {dag.py:2379} INFO - Sync 2 DAGs
[2025-01-03 19:59:22,045] {logging_mixin.py:115} INFO - [2025-01-03 19:59:22,045] {dag.py:2398} INFO - Creating ORM DAG for example_external_task_marker_parent
[2025-01-03 19:59:22,045] {logging_mixin.py:115} INFO - [2025-01-03 19:59:22,045] {dag.py:2398} INFO - Creating ORM DAG for example_external_task_marker_child
[2025-01-03 19:59:22,052] {logging_mixin.py:115} INFO - [2025-01-03 19:59:22,052] {dag.py:2927} INFO - Setting next_dagrun for example_external_task_marker_child to None, run_after=None
[2025-01-03 19:59:22,052] {logging_mixin.py:115} INFO - [2025-01-03 19:59:22,052] {dag.py:2927} INFO - Setting next_dagrun for example_external_task_marker_parent to None, run_after=None
[2025-01-03 19:59:22,067] {processor.py:161} INFO - Processing /home/daniel/Documents/Alura/python_apache_airflow_pipeline/venv/lib/python3.9/site-packages/airflow/example_dags/example_external_task_marker_dag.py took 0.143 seconds
[2025-01-03 20:00:07,235] {processor.py:153} INFO - Started process (PID=19214) to work on /home/daniel/Documents/Alura/python_apache_airflow_pipeline/venv/lib/python3.9/site-packages/airflow/example_dags/example_external_task_marker_dag.py
[2025-01-03 20:00:07,236] {processor.py:641} INFO - Processing file /home/daniel/Documents/Alura/python_apache_airflow_pipeline/venv/lib/python3.9/site-packages/airflow/example_dags/example_external_task_marker_dag.py for tasks to queue
[2025-01-03 20:00:07,237] {logging_mixin.py:115} INFO - [2025-01-03 20:00:07,237] {dagbag.py:507} INFO - Filling up the DagBag from /home/daniel/Documents/Alura/python_apache_airflow_pipeline/venv/lib/python3.9/site-packages/airflow/example_dags/example_external_task_marker_dag.py
[2025-01-03 20:00:07,242] {processor.py:651} INFO - DAG(s) dict_keys(['example_external_task_marker_parent', 'example_external_task_marker_child']) retrieved from /home/daniel/Documents/Alura/python_apache_airflow_pipeline/venv/lib/python3.9/site-packages/airflow/example_dags/example_external_task_marker_dag.py
[2025-01-03 20:00:07,276] {logging_mixin.py:115} INFO - [2025-01-03 20:00:07,276] {dag.py:2379} INFO - Sync 2 DAGs
[2025-01-03 20:00:07,302] {logging_mixin.py:115} INFO - [2025-01-03 20:00:07,302] {dag.py:2927} INFO - Setting next_dagrun for example_external_task_marker_child to None, run_after=None
[2025-01-03 20:00:07,303] {logging_mixin.py:115} INFO - [2025-01-03 20:00:07,303] {dag.py:2927} INFO - Setting next_dagrun for example_external_task_marker_parent to None, run_after=None
[2025-01-03 20:00:07,321] {processor.py:161} INFO - Processing /home/daniel/Documents/Alura/python_apache_airflow_pipeline/venv/lib/python3.9/site-packages/airflow/example_dags/example_external_task_marker_dag.py took 0.090 seconds
[2025-01-03 20:00:42,709] {processor.py:153} INFO - Started process (PID=19794) to work on /home/daniel/Documents/Alura/python_apache_airflow_pipeline/venv/lib/python3.9/site-packages/airflow/example_dags/example_external_task_marker_dag.py
[2025-01-03 20:00:42,710] {processor.py:641} INFO - Processing file /home/daniel/Documents/Alura/python_apache_airflow_pipeline/venv/lib/python3.9/site-packages/airflow/example_dags/example_external_task_marker_dag.py for tasks to queue
[2025-01-03 20:00:42,711] {logging_mixin.py:115} INFO - [2025-01-03 20:00:42,710] {dagbag.py:507} INFO - Filling up the DagBag from /home/daniel/Documents/Alura/python_apache_airflow_pipeline/venv/lib/python3.9/site-packages/airflow/example_dags/example_external_task_marker_dag.py
[2025-01-03 20:00:42,718] {processor.py:651} INFO - DAG(s) dict_keys(['example_external_task_marker_parent', 'example_external_task_marker_child']) retrieved from /home/daniel/Documents/Alura/python_apache_airflow_pipeline/venv/lib/python3.9/site-packages/airflow/example_dags/example_external_task_marker_dag.py
[2025-01-03 20:00:42,743] {logging_mixin.py:115} INFO - [2025-01-03 20:00:42,743] {dag.py:2379} INFO - Sync 2 DAGs
[2025-01-03 20:00:42,766] {logging_mixin.py:115} INFO - [2025-01-03 20:00:42,765] {dag.py:2927} INFO - Setting next_dagrun for example_external_task_marker_child to None, run_after=None
[2025-01-03 20:00:42,766] {logging_mixin.py:115} INFO - [2025-01-03 20:00:42,766] {dag.py:2927} INFO - Setting next_dagrun for example_external_task_marker_parent to None, run_after=None
[2025-01-03 20:00:42,790] {processor.py:161} INFO - Processing /home/daniel/Documents/Alura/python_apache_airflow_pipeline/venv/lib/python3.9/site-packages/airflow/example_dags/example_external_task_marker_dag.py took 0.084 seconds
[2025-01-03 20:01:16,679] {processor.py:153} INFO - Started process (PID=19975) to work on /home/daniel/Documents/Alura/python_apache_airflow_pipeline/venv/lib/python3.9/site-packages/airflow/example_dags/example_external_task_marker_dag.py
[2025-01-03 20:01:16,680] {processor.py:641} INFO - Processing file /home/daniel/Documents/Alura/python_apache_airflow_pipeline/venv/lib/python3.9/site-packages/airflow/example_dags/example_external_task_marker_dag.py for tasks to queue
[2025-01-03 20:01:16,680] {logging_mixin.py:115} INFO - [2025-01-03 20:01:16,680] {dagbag.py:507} INFO - Filling up the DagBag from /home/daniel/Documents/Alura/python_apache_airflow_pipeline/venv/lib/python3.9/site-packages/airflow/example_dags/example_external_task_marker_dag.py
[2025-01-03 20:01:16,684] {processor.py:651} INFO - DAG(s) dict_keys(['example_external_task_marker_parent', 'example_external_task_marker_child']) retrieved from /home/daniel/Documents/Alura/python_apache_airflow_pipeline/venv/lib/python3.9/site-packages/airflow/example_dags/example_external_task_marker_dag.py
[2025-01-03 20:01:16,704] {logging_mixin.py:115} INFO - [2025-01-03 20:01:16,704] {dag.py:2379} INFO - Sync 2 DAGs
[2025-01-03 20:01:16,719] {logging_mixin.py:115} INFO - [2025-01-03 20:01:16,719] {dag.py:2927} INFO - Setting next_dagrun for example_external_task_marker_child to None, run_after=None
[2025-01-03 20:01:16,719] {logging_mixin.py:115} INFO - [2025-01-03 20:01:16,719] {dag.py:2927} INFO - Setting next_dagrun for example_external_task_marker_parent to None, run_after=None
[2025-01-03 20:01:16,735] {processor.py:161} INFO - Processing /home/daniel/Documents/Alura/python_apache_airflow_pipeline/venv/lib/python3.9/site-packages/airflow/example_dags/example_external_task_marker_dag.py took 0.058 seconds
[2025-01-03 20:01:51,325] {processor.py:153} INFO - Started process (PID=20314) to work on /home/daniel/Documents/Alura/python_apache_airflow_pipeline/venv/lib/python3.9/site-packages/airflow/example_dags/example_external_task_marker_dag.py
[2025-01-03 20:01:51,326] {processor.py:641} INFO - Processing file /home/daniel/Documents/Alura/python_apache_airflow_pipeline/venv/lib/python3.9/site-packages/airflow/example_dags/example_external_task_marker_dag.py for tasks to queue
[2025-01-03 20:01:51,327] {logging_mixin.py:115} INFO - [2025-01-03 20:01:51,327] {dagbag.py:507} INFO - Filling up the DagBag from /home/daniel/Documents/Alura/python_apache_airflow_pipeline/venv/lib/python3.9/site-packages/airflow/example_dags/example_external_task_marker_dag.py
[2025-01-03 20:01:51,331] {processor.py:651} INFO - DAG(s) dict_keys(['example_external_task_marker_parent', 'example_external_task_marker_child']) retrieved from /home/daniel/Documents/Alura/python_apache_airflow_pipeline/venv/lib/python3.9/site-packages/airflow/example_dags/example_external_task_marker_dag.py
[2025-01-03 20:01:51,353] {logging_mixin.py:115} INFO - [2025-01-03 20:01:51,353] {dag.py:2379} INFO - Sync 2 DAGs
[2025-01-03 20:01:51,373] {logging_mixin.py:115} INFO - [2025-01-03 20:01:51,372] {dag.py:2927} INFO - Setting next_dagrun for example_external_task_marker_child to None, run_after=None
[2025-01-03 20:01:51,373] {logging_mixin.py:115} INFO - [2025-01-03 20:01:51,373] {dag.py:2927} INFO - Setting next_dagrun for example_external_task_marker_parent to None, run_after=None
[2025-01-03 20:01:51,388] {processor.py:161} INFO - Processing /home/daniel/Documents/Alura/python_apache_airflow_pipeline/venv/lib/python3.9/site-packages/airflow/example_dags/example_external_task_marker_dag.py took 0.066 seconds
