[2025-01-03 19:59:25,925] {processor.py:153} INFO - Started process (PID=18591) to work on /home/daniel/Documents/Alura/python_apache_airflow_pipeline/venv/lib/python3.9/site-packages/airflow/example_dags/example_latest_only_with_trigger.py
[2025-01-03 19:59:25,926] {processor.py:641} INFO - Processing file /home/daniel/Documents/Alura/python_apache_airflow_pipeline/venv/lib/python3.9/site-packages/airflow/example_dags/example_latest_only_with_trigger.py for tasks to queue
[2025-01-03 19:59:25,926] {logging_mixin.py:115} INFO - [2025-01-03 19:59:25,926] {dagbag.py:507} INFO - Filling up the DagBag from /home/daniel/Documents/Alura/python_apache_airflow_pipeline/venv/lib/python3.9/site-packages/airflow/example_dags/example_latest_only_with_trigger.py
[2025-01-03 19:59:25,931] {processor.py:651} INFO - DAG(s) dict_keys(['latest_only_with_trigger']) retrieved from /home/daniel/Documents/Alura/python_apache_airflow_pipeline/venv/lib/python3.9/site-packages/airflow/example_dags/example_latest_only_with_trigger.py
[2025-01-03 19:59:25,992] {logging_mixin.py:115} INFO - [2025-01-03 19:59:25,992] {manager.py:508} INFO - Created Permission View: can edit on DAG:latest_only_with_trigger
[2025-01-03 19:59:26,001] {logging_mixin.py:115} INFO - [2025-01-03 19:59:26,001] {manager.py:508} INFO - Created Permission View: can read on DAG:latest_only_with_trigger
[2025-01-03 19:59:26,008] {logging_mixin.py:115} INFO - [2025-01-03 19:59:26,008] {manager.py:508} INFO - Created Permission View: can delete on DAG:latest_only_with_trigger
[2025-01-03 19:59:26,009] {logging_mixin.py:115} INFO - [2025-01-03 19:59:26,008] {dag.py:2379} INFO - Sync 1 DAGs
[2025-01-03 19:59:26,015] {logging_mixin.py:115} INFO - [2025-01-03 19:59:26,015] {dag.py:2398} INFO - Creating ORM DAG for latest_only_with_trigger
[2025-01-03 19:59:26,023] {logging_mixin.py:115} INFO - [2025-01-03 19:59:26,023] {dag.py:2927} INFO - Setting next_dagrun for latest_only_with_trigger to 2025-01-03T18:59:26.023363+00:00, run_after=2025-01-03T22:59:26.023363+00:00
[2025-01-03 19:59:26,038] {processor.py:161} INFO - Processing /home/daniel/Documents/Alura/python_apache_airflow_pipeline/venv/lib/python3.9/site-packages/airflow/example_dags/example_latest_only_with_trigger.py took 0.115 seconds
[2025-01-03 20:00:11,232] {processor.py:153} INFO - Started process (PID=19238) to work on /home/daniel/Documents/Alura/python_apache_airflow_pipeline/venv/lib/python3.9/site-packages/airflow/example_dags/example_latest_only_with_trigger.py
[2025-01-03 20:00:11,234] {processor.py:641} INFO - Processing file /home/daniel/Documents/Alura/python_apache_airflow_pipeline/venv/lib/python3.9/site-packages/airflow/example_dags/example_latest_only_with_trigger.py for tasks to queue
[2025-01-03 20:00:11,235] {logging_mixin.py:115} INFO - [2025-01-03 20:00:11,235] {dagbag.py:507} INFO - Filling up the DagBag from /home/daniel/Documents/Alura/python_apache_airflow_pipeline/venv/lib/python3.9/site-packages/airflow/example_dags/example_latest_only_with_trigger.py
[2025-01-03 20:00:11,240] {processor.py:651} INFO - DAG(s) dict_keys(['latest_only_with_trigger']) retrieved from /home/daniel/Documents/Alura/python_apache_airflow_pipeline/venv/lib/python3.9/site-packages/airflow/example_dags/example_latest_only_with_trigger.py
[2025-01-03 20:00:11,258] {logging_mixin.py:115} INFO - [2025-01-03 20:00:11,258] {dag.py:2379} INFO - Sync 1 DAGs
[2025-01-03 20:00:11,281] {logging_mixin.py:115} INFO - [2025-01-03 20:00:11,281] {dag.py:2927} INFO - Setting next_dagrun for latest_only_with_trigger to 2025-01-03T19:00:11.281164+00:00, run_after=2025-01-03T23:00:11.281164+00:00
[2025-01-03 20:00:11,293] {processor.py:161} INFO - Processing /home/daniel/Documents/Alura/python_apache_airflow_pipeline/venv/lib/python3.9/site-packages/airflow/example_dags/example_latest_only_with_trigger.py took 0.065 seconds
[2025-01-03 20:00:46,412] {processor.py:153} INFO - Started process (PID=19814) to work on /home/daniel/Documents/Alura/python_apache_airflow_pipeline/venv/lib/python3.9/site-packages/airflow/example_dags/example_latest_only_with_trigger.py
[2025-01-03 20:00:46,414] {processor.py:641} INFO - Processing file /home/daniel/Documents/Alura/python_apache_airflow_pipeline/venv/lib/python3.9/site-packages/airflow/example_dags/example_latest_only_with_trigger.py for tasks to queue
[2025-01-03 20:00:46,416] {logging_mixin.py:115} INFO - [2025-01-03 20:00:46,415] {dagbag.py:507} INFO - Filling up the DagBag from /home/daniel/Documents/Alura/python_apache_airflow_pipeline/venv/lib/python3.9/site-packages/airflow/example_dags/example_latest_only_with_trigger.py
[2025-01-03 20:00:46,425] {processor.py:651} INFO - DAG(s) dict_keys(['latest_only_with_trigger']) retrieved from /home/daniel/Documents/Alura/python_apache_airflow_pipeline/venv/lib/python3.9/site-packages/airflow/example_dags/example_latest_only_with_trigger.py
[2025-01-03 20:00:46,446] {logging_mixin.py:115} INFO - [2025-01-03 20:00:46,446] {dag.py:2379} INFO - Sync 1 DAGs
[2025-01-03 20:00:46,466] {logging_mixin.py:115} INFO - [2025-01-03 20:00:46,465] {dag.py:2927} INFO - Setting next_dagrun for latest_only_with_trigger to 2025-01-03T19:00:46.465305+00:00, run_after=2025-01-03T23:00:46.465305+00:00
[2025-01-03 20:00:46,482] {processor.py:161} INFO - Processing /home/daniel/Documents/Alura/python_apache_airflow_pipeline/venv/lib/python3.9/site-packages/airflow/example_dags/example_latest_only_with_trigger.py took 0.072 seconds
[2025-01-03 20:01:19,835] {processor.py:153} INFO - Started process (PID=20001) to work on /home/daniel/Documents/Alura/python_apache_airflow_pipeline/venv/lib/python3.9/site-packages/airflow/example_dags/example_latest_only_with_trigger.py
[2025-01-03 20:01:19,837] {processor.py:641} INFO - Processing file /home/daniel/Documents/Alura/python_apache_airflow_pipeline/venv/lib/python3.9/site-packages/airflow/example_dags/example_latest_only_with_trigger.py for tasks to queue
[2025-01-03 20:01:19,838] {logging_mixin.py:115} INFO - [2025-01-03 20:01:19,838] {dagbag.py:507} INFO - Filling up the DagBag from /home/daniel/Documents/Alura/python_apache_airflow_pipeline/venv/lib/python3.9/site-packages/airflow/example_dags/example_latest_only_with_trigger.py
[2025-01-03 20:01:19,846] {processor.py:651} INFO - DAG(s) dict_keys(['latest_only_with_trigger']) retrieved from /home/daniel/Documents/Alura/python_apache_airflow_pipeline/venv/lib/python3.9/site-packages/airflow/example_dags/example_latest_only_with_trigger.py
[2025-01-03 20:01:19,866] {logging_mixin.py:115} INFO - [2025-01-03 20:01:19,866] {dag.py:2379} INFO - Sync 1 DAGs
[2025-01-03 20:01:19,889] {logging_mixin.py:115} INFO - [2025-01-03 20:01:19,889] {dag.py:2927} INFO - Setting next_dagrun for latest_only_with_trigger to 2025-01-03T19:01:19.889336+00:00, run_after=2025-01-03T23:01:19.889336+00:00
[2025-01-03 20:01:19,909] {processor.py:161} INFO - Processing /home/daniel/Documents/Alura/python_apache_airflow_pipeline/venv/lib/python3.9/site-packages/airflow/example_dags/example_latest_only_with_trigger.py took 0.077 seconds
