[2025-01-03 19:59:16,995] {processor.py:153} INFO - Started process (PID=18508) to work on /home/daniel/Documents/Alura/python_apache_airflow_pipeline/venv/lib/python3.9/site-packages/airflow/example_dags/example_branch_python_dop_operator_3.py
[2025-01-03 19:59:16,996] {processor.py:641} INFO - Processing file /home/daniel/Documents/Alura/python_apache_airflow_pipeline/venv/lib/python3.9/site-packages/airflow/example_dags/example_branch_python_dop_operator_3.py for tasks to queue
[2025-01-03 19:59:16,996] {logging_mixin.py:115} INFO - [2025-01-03 19:59:16,996] {dagbag.py:507} INFO - Filling up the DagBag from /home/daniel/Documents/Alura/python_apache_airflow_pipeline/venv/lib/python3.9/site-packages/airflow/example_dags/example_branch_python_dop_operator_3.py
[2025-01-03 19:59:17,005] {processor.py:651} INFO - DAG(s) dict_keys(['example_branch_dop_operator_v3']) retrieved from /home/daniel/Documents/Alura/python_apache_airflow_pipeline/venv/lib/python3.9/site-packages/airflow/example_dags/example_branch_python_dop_operator_3.py
[2025-01-03 19:59:17,060] {logging_mixin.py:115} INFO - [2025-01-03 19:59:17,060] {manager.py:508} INFO - Created Permission View: can edit on DAG:example_branch_dop_operator_v3
[2025-01-03 19:59:17,070] {logging_mixin.py:115} INFO - [2025-01-03 19:59:17,070] {manager.py:508} INFO - Created Permission View: can read on DAG:example_branch_dop_operator_v3
[2025-01-03 19:59:17,079] {logging_mixin.py:115} INFO - [2025-01-03 19:59:17,079] {manager.py:508} INFO - Created Permission View: can delete on DAG:example_branch_dop_operator_v3
[2025-01-03 19:59:17,079] {logging_mixin.py:115} INFO - [2025-01-03 19:59:17,079] {dag.py:2379} INFO - Sync 1 DAGs
[2025-01-03 19:59:17,085] {logging_mixin.py:115} INFO - [2025-01-03 19:59:17,085] {dag.py:2398} INFO - Creating ORM DAG for example_branch_dop_operator_v3
[2025-01-03 19:59:17,095] {logging_mixin.py:115} INFO - [2025-01-03 19:59:17,094] {dag.py:2927} INFO - Setting next_dagrun for example_branch_dop_operator_v3 to 2025-01-03T22:58:00+00:00, run_after=2025-01-03T22:59:00+00:00
[2025-01-03 19:59:17,111] {processor.py:161} INFO - Processing /home/daniel/Documents/Alura/python_apache_airflow_pipeline/venv/lib/python3.9/site-packages/airflow/example_dags/example_branch_python_dop_operator_3.py took 0.118 seconds
[2025-01-03 20:00:04,339] {processor.py:153} INFO - Started process (PID=19192) to work on /home/daniel/Documents/Alura/python_apache_airflow_pipeline/venv/lib/python3.9/site-packages/airflow/example_dags/example_branch_python_dop_operator_3.py
[2025-01-03 20:00:04,340] {processor.py:641} INFO - Processing file /home/daniel/Documents/Alura/python_apache_airflow_pipeline/venv/lib/python3.9/site-packages/airflow/example_dags/example_branch_python_dop_operator_3.py for tasks to queue
[2025-01-03 20:00:04,341] {logging_mixin.py:115} INFO - [2025-01-03 20:00:04,341] {dagbag.py:507} INFO - Filling up the DagBag from /home/daniel/Documents/Alura/python_apache_airflow_pipeline/venv/lib/python3.9/site-packages/airflow/example_dags/example_branch_python_dop_operator_3.py
[2025-01-03 20:00:04,353] {processor.py:651} INFO - DAG(s) dict_keys(['example_branch_dop_operator_v3']) retrieved from /home/daniel/Documents/Alura/python_apache_airflow_pipeline/venv/lib/python3.9/site-packages/airflow/example_dags/example_branch_python_dop_operator_3.py
[2025-01-03 20:00:04,372] {logging_mixin.py:115} INFO - [2025-01-03 20:00:04,372] {dag.py:2379} INFO - Sync 1 DAGs
[2025-01-03 20:00:04,396] {logging_mixin.py:115} INFO - [2025-01-03 20:00:04,396] {dag.py:2927} INFO - Setting next_dagrun for example_branch_dop_operator_v3 to 2025-01-03T22:59:00+00:00, run_after=2025-01-03T23:00:00+00:00
[2025-01-03 20:00:04,412] {processor.py:161} INFO - Processing /home/daniel/Documents/Alura/python_apache_airflow_pipeline/venv/lib/python3.9/site-packages/airflow/example_dags/example_branch_python_dop_operator_3.py took 0.077 seconds
[2025-01-03 20:00:38,717] {processor.py:153} INFO - Started process (PID=19764) to work on /home/daniel/Documents/Alura/python_apache_airflow_pipeline/venv/lib/python3.9/site-packages/airflow/example_dags/example_branch_python_dop_operator_3.py
[2025-01-03 20:00:38,718] {processor.py:641} INFO - Processing file /home/daniel/Documents/Alura/python_apache_airflow_pipeline/venv/lib/python3.9/site-packages/airflow/example_dags/example_branch_python_dop_operator_3.py for tasks to queue
[2025-01-03 20:00:38,719] {logging_mixin.py:115} INFO - [2025-01-03 20:00:38,719] {dagbag.py:507} INFO - Filling up the DagBag from /home/daniel/Documents/Alura/python_apache_airflow_pipeline/venv/lib/python3.9/site-packages/airflow/example_dags/example_branch_python_dop_operator_3.py
[2025-01-03 20:00:38,732] {processor.py:651} INFO - DAG(s) dict_keys(['example_branch_dop_operator_v3']) retrieved from /home/daniel/Documents/Alura/python_apache_airflow_pipeline/venv/lib/python3.9/site-packages/airflow/example_dags/example_branch_python_dop_operator_3.py
[2025-01-03 20:00:38,749] {logging_mixin.py:115} INFO - [2025-01-03 20:00:38,748] {dag.py:2379} INFO - Sync 1 DAGs
[2025-01-03 20:00:38,769] {logging_mixin.py:115} INFO - [2025-01-03 20:00:38,769] {dag.py:2927} INFO - Setting next_dagrun for example_branch_dop_operator_v3 to 2025-01-03T22:59:00+00:00, run_after=2025-01-03T23:00:00+00:00
[2025-01-03 20:00:38,780] {processor.py:161} INFO - Processing /home/daniel/Documents/Alura/python_apache_airflow_pipeline/venv/lib/python3.9/site-packages/airflow/example_dags/example_branch_python_dop_operator_3.py took 0.069 seconds
[2025-01-03 20:01:13,061] {processor.py:153} INFO - Started process (PID=19955) to work on /home/daniel/Documents/Alura/python_apache_airflow_pipeline/venv/lib/python3.9/site-packages/airflow/example_dags/example_branch_python_dop_operator_3.py
[2025-01-03 20:01:13,062] {processor.py:641} INFO - Processing file /home/daniel/Documents/Alura/python_apache_airflow_pipeline/venv/lib/python3.9/site-packages/airflow/example_dags/example_branch_python_dop_operator_3.py for tasks to queue
[2025-01-03 20:01:13,062] {logging_mixin.py:115} INFO - [2025-01-03 20:01:13,062] {dagbag.py:507} INFO - Filling up the DagBag from /home/daniel/Documents/Alura/python_apache_airflow_pipeline/venv/lib/python3.9/site-packages/airflow/example_dags/example_branch_python_dop_operator_3.py
[2025-01-03 20:01:13,072] {processor.py:651} INFO - DAG(s) dict_keys(['example_branch_dop_operator_v3']) retrieved from /home/daniel/Documents/Alura/python_apache_airflow_pipeline/venv/lib/python3.9/site-packages/airflow/example_dags/example_branch_python_dop_operator_3.py
[2025-01-03 20:01:13,087] {logging_mixin.py:115} INFO - [2025-01-03 20:01:13,086] {dag.py:2379} INFO - Sync 1 DAGs
[2025-01-03 20:01:13,109] {logging_mixin.py:115} INFO - [2025-01-03 20:01:13,109] {dag.py:2927} INFO - Setting next_dagrun for example_branch_dop_operator_v3 to 2025-01-03T23:00:00+00:00, run_after=2025-01-03T23:01:00+00:00
[2025-01-03 20:01:13,122] {processor.py:161} INFO - Processing /home/daniel/Documents/Alura/python_apache_airflow_pipeline/venv/lib/python3.9/site-packages/airflow/example_dags/example_branch_python_dop_operator_3.py took 0.064 seconds
[2025-01-03 20:01:47,071] {processor.py:153} INFO - Started process (PID=20284) to work on /home/daniel/Documents/Alura/python_apache_airflow_pipeline/venv/lib/python3.9/site-packages/airflow/example_dags/example_branch_python_dop_operator_3.py
[2025-01-03 20:01:47,073] {processor.py:641} INFO - Processing file /home/daniel/Documents/Alura/python_apache_airflow_pipeline/venv/lib/python3.9/site-packages/airflow/example_dags/example_branch_python_dop_operator_3.py for tasks to queue
[2025-01-03 20:01:47,074] {logging_mixin.py:115} INFO - [2025-01-03 20:01:47,074] {dagbag.py:507} INFO - Filling up the DagBag from /home/daniel/Documents/Alura/python_apache_airflow_pipeline/venv/lib/python3.9/site-packages/airflow/example_dags/example_branch_python_dop_operator_3.py
[2025-01-03 20:01:47,105] {processor.py:651} INFO - DAG(s) dict_keys(['example_branch_dop_operator_v3']) retrieved from /home/daniel/Documents/Alura/python_apache_airflow_pipeline/venv/lib/python3.9/site-packages/airflow/example_dags/example_branch_python_dop_operator_3.py
[2025-01-03 20:01:47,124] {logging_mixin.py:115} INFO - [2025-01-03 20:01:47,124] {dag.py:2379} INFO - Sync 1 DAGs
[2025-01-03 20:01:47,153] {logging_mixin.py:115} INFO - [2025-01-03 20:01:47,153] {dag.py:2927} INFO - Setting next_dagrun for example_branch_dop_operator_v3 to 2025-01-03T23:00:00+00:00, run_after=2025-01-03T23:01:00+00:00
[2025-01-03 20:01:47,171] {processor.py:161} INFO - Processing /home/daniel/Documents/Alura/python_apache_airflow_pipeline/venv/lib/python3.9/site-packages/airflow/example_dags/example_branch_python_dop_operator_3.py took 0.118 seconds
