[2025-01-03 19:59:26,424] {processor.py:153} INFO - Started process (PID=18592) to work on /home/daniel/Documents/Alura/python_apache_airflow_pipeline/venv/lib/python3.9/site-packages/airflow/example_dags/example_branch_day_of_week_operator.py
[2025-01-03 19:59:26,424] {processor.py:641} INFO - Processing file /home/daniel/Documents/Alura/python_apache_airflow_pipeline/venv/lib/python3.9/site-packages/airflow/example_dags/example_branch_day_of_week_operator.py for tasks to queue
[2025-01-03 19:59:26,425] {logging_mixin.py:115} INFO - [2025-01-03 19:59:26,425] {dagbag.py:507} INFO - Filling up the DagBag from /home/daniel/Documents/Alura/python_apache_airflow_pipeline/venv/lib/python3.9/site-packages/airflow/example_dags/example_branch_day_of_week_operator.py
[2025-01-03 19:59:26,432] {processor.py:651} INFO - DAG(s) dict_keys(['example_weekday_branch_operator']) retrieved from /home/daniel/Documents/Alura/python_apache_airflow_pipeline/venv/lib/python3.9/site-packages/airflow/example_dags/example_branch_day_of_week_operator.py
[2025-01-03 19:59:26,492] {logging_mixin.py:115} INFO - [2025-01-03 19:59:26,492] {manager.py:508} INFO - Created Permission View: can edit on DAG:example_weekday_branch_operator
[2025-01-03 19:59:26,503] {logging_mixin.py:115} INFO - [2025-01-03 19:59:26,503] {manager.py:508} INFO - Created Permission View: can read on DAG:example_weekday_branch_operator
[2025-01-03 19:59:26,511] {logging_mixin.py:115} INFO - [2025-01-03 19:59:26,511] {manager.py:508} INFO - Created Permission View: can delete on DAG:example_weekday_branch_operator
[2025-01-03 19:59:26,512] {logging_mixin.py:115} INFO - [2025-01-03 19:59:26,512] {dag.py:2379} INFO - Sync 1 DAGs
[2025-01-03 19:59:26,518] {logging_mixin.py:115} INFO - [2025-01-03 19:59:26,518] {dag.py:2398} INFO - Creating ORM DAG for example_weekday_branch_operator
[2025-01-03 19:59:26,526] {logging_mixin.py:115} INFO - [2025-01-03 19:59:26,526] {dag.py:2927} INFO - Setting next_dagrun for example_weekday_branch_operator to 2025-01-02T00:00:00+00:00, run_after=2025-01-03T00:00:00+00:00
[2025-01-03 19:59:26,544] {processor.py:161} INFO - Processing /home/daniel/Documents/Alura/python_apache_airflow_pipeline/venv/lib/python3.9/site-packages/airflow/example_dags/example_branch_day_of_week_operator.py took 0.123 seconds
[2025-01-03 20:00:12,410] {processor.py:153} INFO - Started process (PID=19247) to work on /home/daniel/Documents/Alura/python_apache_airflow_pipeline/venv/lib/python3.9/site-packages/airflow/example_dags/example_branch_day_of_week_operator.py
[2025-01-03 20:00:12,412] {processor.py:641} INFO - Processing file /home/daniel/Documents/Alura/python_apache_airflow_pipeline/venv/lib/python3.9/site-packages/airflow/example_dags/example_branch_day_of_week_operator.py for tasks to queue
[2025-01-03 20:00:12,413] {logging_mixin.py:115} INFO - [2025-01-03 20:00:12,413] {dagbag.py:507} INFO - Filling up the DagBag from /home/daniel/Documents/Alura/python_apache_airflow_pipeline/venv/lib/python3.9/site-packages/airflow/example_dags/example_branch_day_of_week_operator.py
[2025-01-03 20:00:12,438] {processor.py:651} INFO - DAG(s) dict_keys(['example_weekday_branch_operator']) retrieved from /home/daniel/Documents/Alura/python_apache_airflow_pipeline/venv/lib/python3.9/site-packages/airflow/example_dags/example_branch_day_of_week_operator.py
[2025-01-03 20:00:12,527] {logging_mixin.py:115} INFO - [2025-01-03 20:00:12,526] {dag.py:2379} INFO - Sync 1 DAGs
[2025-01-03 20:00:12,597] {logging_mixin.py:115} INFO - [2025-01-03 20:00:12,597] {dag.py:2927} INFO - Setting next_dagrun for example_weekday_branch_operator to 2025-01-02T00:00:00+00:00, run_after=2025-01-03T00:00:00+00:00
[2025-01-03 20:00:12,622] {processor.py:161} INFO - Processing /home/daniel/Documents/Alura/python_apache_airflow_pipeline/venv/lib/python3.9/site-packages/airflow/example_dags/example_branch_day_of_week_operator.py took 0.226 seconds
[2025-01-03 20:00:46,887] {processor.py:153} INFO - Started process (PID=19819) to work on /home/daniel/Documents/Alura/python_apache_airflow_pipeline/venv/lib/python3.9/site-packages/airflow/example_dags/example_branch_day_of_week_operator.py
[2025-01-03 20:00:46,888] {processor.py:641} INFO - Processing file /home/daniel/Documents/Alura/python_apache_airflow_pipeline/venv/lib/python3.9/site-packages/airflow/example_dags/example_branch_day_of_week_operator.py for tasks to queue
[2025-01-03 20:00:46,888] {logging_mixin.py:115} INFO - [2025-01-03 20:00:46,888] {dagbag.py:507} INFO - Filling up the DagBag from /home/daniel/Documents/Alura/python_apache_airflow_pipeline/venv/lib/python3.9/site-packages/airflow/example_dags/example_branch_day_of_week_operator.py
[2025-01-03 20:00:46,901] {processor.py:651} INFO - DAG(s) dict_keys(['example_weekday_branch_operator']) retrieved from /home/daniel/Documents/Alura/python_apache_airflow_pipeline/venv/lib/python3.9/site-packages/airflow/example_dags/example_branch_day_of_week_operator.py
[2025-01-03 20:00:46,926] {logging_mixin.py:115} INFO - [2025-01-03 20:00:46,926] {dag.py:2379} INFO - Sync 1 DAGs
[2025-01-03 20:00:46,948] {logging_mixin.py:115} INFO - [2025-01-03 20:00:46,948] {dag.py:2927} INFO - Setting next_dagrun for example_weekday_branch_operator to 2025-01-02T00:00:00+00:00, run_after=2025-01-03T00:00:00+00:00
[2025-01-03 20:00:46,963] {processor.py:161} INFO - Processing /home/daniel/Documents/Alura/python_apache_airflow_pipeline/venv/lib/python3.9/site-packages/airflow/example_dags/example_branch_day_of_week_operator.py took 0.080 seconds
[2025-01-03 20:01:20,964] {processor.py:153} INFO - Started process (PID=20007) to work on /home/daniel/Documents/Alura/python_apache_airflow_pipeline/venv/lib/python3.9/site-packages/airflow/example_dags/example_branch_day_of_week_operator.py
[2025-01-03 20:01:20,965] {processor.py:641} INFO - Processing file /home/daniel/Documents/Alura/python_apache_airflow_pipeline/venv/lib/python3.9/site-packages/airflow/example_dags/example_branch_day_of_week_operator.py for tasks to queue
[2025-01-03 20:01:20,965] {logging_mixin.py:115} INFO - [2025-01-03 20:01:20,965] {dagbag.py:507} INFO - Filling up the DagBag from /home/daniel/Documents/Alura/python_apache_airflow_pipeline/venv/lib/python3.9/site-packages/airflow/example_dags/example_branch_day_of_week_operator.py
[2025-01-03 20:01:20,971] {processor.py:651} INFO - DAG(s) dict_keys(['example_weekday_branch_operator']) retrieved from /home/daniel/Documents/Alura/python_apache_airflow_pipeline/venv/lib/python3.9/site-packages/airflow/example_dags/example_branch_day_of_week_operator.py
[2025-01-03 20:01:20,985] {logging_mixin.py:115} INFO - [2025-01-03 20:01:20,985] {dag.py:2379} INFO - Sync 1 DAGs
[2025-01-03 20:01:21,000] {logging_mixin.py:115} INFO - [2025-01-03 20:01:21,000] {dag.py:2927} INFO - Setting next_dagrun for example_weekday_branch_operator to 2025-01-02T00:00:00+00:00, run_after=2025-01-03T00:00:00+00:00
[2025-01-03 20:01:21,014] {processor.py:161} INFO - Processing /home/daniel/Documents/Alura/python_apache_airflow_pipeline/venv/lib/python3.9/site-packages/airflow/example_dags/example_branch_day_of_week_operator.py took 0.053 seconds
[2025-01-03 20:01:57,591] {processor.py:153} INFO - Started process (PID=20375) to work on /home/daniel/Documents/Alura/python_apache_airflow_pipeline/venv/lib/python3.9/site-packages/airflow/example_dags/example_branch_day_of_week_operator.py
[2025-01-03 20:01:57,592] {processor.py:641} INFO - Processing file /home/daniel/Documents/Alura/python_apache_airflow_pipeline/venv/lib/python3.9/site-packages/airflow/example_dags/example_branch_day_of_week_operator.py for tasks to queue
[2025-01-03 20:01:57,593] {logging_mixin.py:115} INFO - [2025-01-03 20:01:57,593] {dagbag.py:507} INFO - Filling up the DagBag from /home/daniel/Documents/Alura/python_apache_airflow_pipeline/venv/lib/python3.9/site-packages/airflow/example_dags/example_branch_day_of_week_operator.py
[2025-01-03 20:01:57,599] {processor.py:651} INFO - DAG(s) dict_keys(['example_weekday_branch_operator']) retrieved from /home/daniel/Documents/Alura/python_apache_airflow_pipeline/venv/lib/python3.9/site-packages/airflow/example_dags/example_branch_day_of_week_operator.py
[2025-01-03 20:01:57,612] {logging_mixin.py:115} INFO - [2025-01-03 20:01:57,612] {dag.py:2379} INFO - Sync 1 DAGs
[2025-01-03 20:01:57,629] {logging_mixin.py:115} INFO - [2025-01-03 20:01:57,629] {dag.py:2927} INFO - Setting next_dagrun for example_weekday_branch_operator to 2025-01-02T00:00:00+00:00, run_after=2025-01-03T00:00:00+00:00
[2025-01-03 20:01:57,640] {processor.py:161} INFO - Processing /home/daniel/Documents/Alura/python_apache_airflow_pipeline/venv/lib/python3.9/site-packages/airflow/example_dags/example_branch_day_of_week_operator.py took 0.051 seconds
