[2025-01-03 19:59:20,696] {processor.py:153} INFO - Started process (PID=18539) to work on /home/daniel/Documents/Alura/python_apache_airflow_pipeline/venv/lib/python3.9/site-packages/airflow/example_dags/example_python_operator.py
[2025-01-03 19:59:20,696] {processor.py:641} INFO - Processing file /home/daniel/Documents/Alura/python_apache_airflow_pipeline/venv/lib/python3.9/site-packages/airflow/example_dags/example_python_operator.py for tasks to queue
[2025-01-03 19:59:20,697] {logging_mixin.py:115} INFO - [2025-01-03 19:59:20,697] {dagbag.py:507} INFO - Filling up the DagBag from /home/daniel/Documents/Alura/python_apache_airflow_pipeline/venv/lib/python3.9/site-packages/airflow/example_dags/example_python_operator.py
[2025-01-03 19:59:20,715] {logging_mixin.py:115} INFO - [2025-01-03 19:59:20,715] {example_python_operator.py:68} WARNING - The virtalenv_python example task requires virtualenv, please install it.
[2025-01-03 19:59:20,715] {processor.py:651} INFO - DAG(s) dict_keys(['example_python_operator']) retrieved from /home/daniel/Documents/Alura/python_apache_airflow_pipeline/venv/lib/python3.9/site-packages/airflow/example_dags/example_python_operator.py
[2025-01-03 19:59:20,768] {logging_mixin.py:115} INFO - [2025-01-03 19:59:20,768] {manager.py:508} INFO - Created Permission View: can edit on DAG:example_python_operator
[2025-01-03 19:59:20,776] {logging_mixin.py:115} INFO - [2025-01-03 19:59:20,776] {manager.py:508} INFO - Created Permission View: can read on DAG:example_python_operator
[2025-01-03 19:59:20,783] {logging_mixin.py:115} INFO - [2025-01-03 19:59:20,783] {manager.py:508} INFO - Created Permission View: can delete on DAG:example_python_operator
[2025-01-03 19:59:20,783] {logging_mixin.py:115} INFO - [2025-01-03 19:59:20,783] {dag.py:2379} INFO - Sync 1 DAGs
[2025-01-03 19:59:20,789] {logging_mixin.py:115} INFO - [2025-01-03 19:59:20,789] {dag.py:2398} INFO - Creating ORM DAG for example_python_operator
[2025-01-03 19:59:20,796] {logging_mixin.py:115} INFO - [2025-01-03 19:59:20,796] {dag.py:2927} INFO - Setting next_dagrun for example_python_operator to None, run_after=None
[2025-01-03 19:59:20,809] {processor.py:161} INFO - Processing /home/daniel/Documents/Alura/python_apache_airflow_pipeline/venv/lib/python3.9/site-packages/airflow/example_dags/example_python_operator.py took 0.116 seconds
[2025-01-03 20:00:06,072] {processor.py:153} INFO - Started process (PID=19202) to work on /home/daniel/Documents/Alura/python_apache_airflow_pipeline/venv/lib/python3.9/site-packages/airflow/example_dags/example_python_operator.py
[2025-01-03 20:00:06,073] {processor.py:641} INFO - Processing file /home/daniel/Documents/Alura/python_apache_airflow_pipeline/venv/lib/python3.9/site-packages/airflow/example_dags/example_python_operator.py for tasks to queue
[2025-01-03 20:00:06,074] {logging_mixin.py:115} INFO - [2025-01-03 20:00:06,074] {dagbag.py:507} INFO - Filling up the DagBag from /home/daniel/Documents/Alura/python_apache_airflow_pipeline/venv/lib/python3.9/site-packages/airflow/example_dags/example_python_operator.py
[2025-01-03 20:00:06,099] {logging_mixin.py:115} INFO - [2025-01-03 20:00:06,098] {example_python_operator.py:68} WARNING - The virtalenv_python example task requires virtualenv, please install it.
[2025-01-03 20:00:06,099] {processor.py:651} INFO - DAG(s) dict_keys(['example_python_operator']) retrieved from /home/daniel/Documents/Alura/python_apache_airflow_pipeline/venv/lib/python3.9/site-packages/airflow/example_dags/example_python_operator.py
[2025-01-03 20:00:06,113] {logging_mixin.py:115} INFO - [2025-01-03 20:00:06,113] {dag.py:2379} INFO - Sync 1 DAGs
[2025-01-03 20:00:06,130] {logging_mixin.py:115} INFO - [2025-01-03 20:00:06,130] {dag.py:2927} INFO - Setting next_dagrun for example_python_operator to None, run_after=None
[2025-01-03 20:00:06,146] {processor.py:161} INFO - Processing /home/daniel/Documents/Alura/python_apache_airflow_pipeline/venv/lib/python3.9/site-packages/airflow/example_dags/example_python_operator.py took 0.077 seconds
[2025-01-03 20:00:42,317] {processor.py:153} INFO - Started process (PID=19791) to work on /home/daniel/Documents/Alura/python_apache_airflow_pipeline/venv/lib/python3.9/site-packages/airflow/example_dags/example_python_operator.py
[2025-01-03 20:00:42,319] {processor.py:641} INFO - Processing file /home/daniel/Documents/Alura/python_apache_airflow_pipeline/venv/lib/python3.9/site-packages/airflow/example_dags/example_python_operator.py for tasks to queue
[2025-01-03 20:00:42,320] {logging_mixin.py:115} INFO - [2025-01-03 20:00:42,320] {dagbag.py:507} INFO - Filling up the DagBag from /home/daniel/Documents/Alura/python_apache_airflow_pipeline/venv/lib/python3.9/site-packages/airflow/example_dags/example_python_operator.py
[2025-01-03 20:00:42,342] {logging_mixin.py:115} INFO - [2025-01-03 20:00:42,342] {example_python_operator.py:68} WARNING - The virtalenv_python example task requires virtualenv, please install it.
[2025-01-03 20:00:42,343] {processor.py:651} INFO - DAG(s) dict_keys(['example_python_operator']) retrieved from /home/daniel/Documents/Alura/python_apache_airflow_pipeline/venv/lib/python3.9/site-packages/airflow/example_dags/example_python_operator.py
[2025-01-03 20:00:42,365] {logging_mixin.py:115} INFO - [2025-01-03 20:00:42,365] {dag.py:2379} INFO - Sync 1 DAGs
[2025-01-03 20:00:42,391] {logging_mixin.py:115} INFO - [2025-01-03 20:00:42,391] {dag.py:2927} INFO - Setting next_dagrun for example_python_operator to None, run_after=None
[2025-01-03 20:00:42,403] {processor.py:161} INFO - Processing /home/daniel/Documents/Alura/python_apache_airflow_pipeline/venv/lib/python3.9/site-packages/airflow/example_dags/example_python_operator.py took 0.092 seconds
[2025-01-03 20:01:15,824] {processor.py:153} INFO - Started process (PID=19970) to work on /home/daniel/Documents/Alura/python_apache_airflow_pipeline/venv/lib/python3.9/site-packages/airflow/example_dags/example_python_operator.py
[2025-01-03 20:01:15,825] {processor.py:641} INFO - Processing file /home/daniel/Documents/Alura/python_apache_airflow_pipeline/venv/lib/python3.9/site-packages/airflow/example_dags/example_python_operator.py for tasks to queue
[2025-01-03 20:01:15,826] {logging_mixin.py:115} INFO - [2025-01-03 20:01:15,826] {dagbag.py:507} INFO - Filling up the DagBag from /home/daniel/Documents/Alura/python_apache_airflow_pipeline/venv/lib/python3.9/site-packages/airflow/example_dags/example_python_operator.py
[2025-01-03 20:01:15,839] {logging_mixin.py:115} INFO - [2025-01-03 20:01:15,839] {example_python_operator.py:68} WARNING - The virtalenv_python example task requires virtualenv, please install it.
[2025-01-03 20:01:15,839] {processor.py:651} INFO - DAG(s) dict_keys(['example_python_operator']) retrieved from /home/daniel/Documents/Alura/python_apache_airflow_pipeline/venv/lib/python3.9/site-packages/airflow/example_dags/example_python_operator.py
[2025-01-03 20:01:15,852] {logging_mixin.py:115} INFO - [2025-01-03 20:01:15,851] {dag.py:2379} INFO - Sync 1 DAGs
[2025-01-03 20:01:15,866] {logging_mixin.py:115} INFO - [2025-01-03 20:01:15,866] {dag.py:2927} INFO - Setting next_dagrun for example_python_operator to None, run_after=None
[2025-01-03 20:01:15,877] {processor.py:161} INFO - Processing /home/daniel/Documents/Alura/python_apache_airflow_pipeline/venv/lib/python3.9/site-packages/airflow/example_dags/example_python_operator.py took 0.055 seconds
