[2025-01-03 19:59:18,234] {processor.py:153} INFO - Started process (PID=18520) to work on /home/daniel/Documents/Alura/python_apache_airflow_pipeline/venv/lib/python3.9/site-packages/airflow/example_dags/example_branch_operator.py
[2025-01-03 19:59:18,235] {processor.py:641} INFO - Processing file /home/daniel/Documents/Alura/python_apache_airflow_pipeline/venv/lib/python3.9/site-packages/airflow/example_dags/example_branch_operator.py for tasks to queue
[2025-01-03 19:59:18,235] {logging_mixin.py:115} INFO - [2025-01-03 19:59:18,235] {dagbag.py:507} INFO - Filling up the DagBag from /home/daniel/Documents/Alura/python_apache_airflow_pipeline/venv/lib/python3.9/site-packages/airflow/example_dags/example_branch_operator.py
[2025-01-03 19:59:18,243] {processor.py:651} INFO - DAG(s) dict_keys(['example_branch_operator']) retrieved from /home/daniel/Documents/Alura/python_apache_airflow_pipeline/venv/lib/python3.9/site-packages/airflow/example_dags/example_branch_operator.py
[2025-01-03 19:59:18,299] {logging_mixin.py:115} INFO - [2025-01-03 19:59:18,299] {manager.py:508} INFO - Created Permission View: can edit on DAG:example_branch_operator
[2025-01-03 19:59:18,309] {logging_mixin.py:115} INFO - [2025-01-03 19:59:18,309] {manager.py:508} INFO - Created Permission View: can read on DAG:example_branch_operator
[2025-01-03 19:59:18,316] {logging_mixin.py:115} INFO - [2025-01-03 19:59:18,316] {manager.py:508} INFO - Created Permission View: can delete on DAG:example_branch_operator
[2025-01-03 19:59:18,317] {logging_mixin.py:115} INFO - [2025-01-03 19:59:18,317] {dag.py:2379} INFO - Sync 1 DAGs
[2025-01-03 19:59:18,323] {logging_mixin.py:115} INFO - [2025-01-03 19:59:18,322] {dag.py:2398} INFO - Creating ORM DAG for example_branch_operator
[2025-01-03 19:59:18,330] {logging_mixin.py:115} INFO - [2025-01-03 19:59:18,330] {dag.py:2927} INFO - Setting next_dagrun for example_branch_operator to 2025-01-02T00:00:00+00:00, run_after=2025-01-03T00:00:00+00:00
[2025-01-03 19:59:18,348] {processor.py:161} INFO - Processing /home/daniel/Documents/Alura/python_apache_airflow_pipeline/venv/lib/python3.9/site-packages/airflow/example_dags/example_branch_operator.py took 0.117 seconds
[2025-01-03 20:00:05,470] {processor.py:153} INFO - Started process (PID=19196) to work on /home/daniel/Documents/Alura/python_apache_airflow_pipeline/venv/lib/python3.9/site-packages/airflow/example_dags/example_branch_operator.py
[2025-01-03 20:00:05,471] {processor.py:641} INFO - Processing file /home/daniel/Documents/Alura/python_apache_airflow_pipeline/venv/lib/python3.9/site-packages/airflow/example_dags/example_branch_operator.py for tasks to queue
[2025-01-03 20:00:05,472] {logging_mixin.py:115} INFO - [2025-01-03 20:00:05,472] {dagbag.py:507} INFO - Filling up the DagBag from /home/daniel/Documents/Alura/python_apache_airflow_pipeline/venv/lib/python3.9/site-packages/airflow/example_dags/example_branch_operator.py
[2025-01-03 20:00:05,483] {processor.py:651} INFO - DAG(s) dict_keys(['example_branch_operator']) retrieved from /home/daniel/Documents/Alura/python_apache_airflow_pipeline/venv/lib/python3.9/site-packages/airflow/example_dags/example_branch_operator.py
[2025-01-03 20:00:05,502] {logging_mixin.py:115} INFO - [2025-01-03 20:00:05,501] {dag.py:2379} INFO - Sync 1 DAGs
[2025-01-03 20:00:05,523] {logging_mixin.py:115} INFO - [2025-01-03 20:00:05,523] {dag.py:2927} INFO - Setting next_dagrun for example_branch_operator to 2025-01-02T00:00:00+00:00, run_after=2025-01-03T00:00:00+00:00
[2025-01-03 20:00:05,540] {processor.py:161} INFO - Processing /home/daniel/Documents/Alura/python_apache_airflow_pipeline/venv/lib/python3.9/site-packages/airflow/example_dags/example_branch_operator.py took 0.073 seconds
[2025-01-03 20:00:39,884] {processor.py:153} INFO - Started process (PID=19773) to work on /home/daniel/Documents/Alura/python_apache_airflow_pipeline/venv/lib/python3.9/site-packages/airflow/example_dags/example_branch_operator.py
[2025-01-03 20:00:39,890] {processor.py:641} INFO - Processing file /home/daniel/Documents/Alura/python_apache_airflow_pipeline/venv/lib/python3.9/site-packages/airflow/example_dags/example_branch_operator.py for tasks to queue
[2025-01-03 20:00:39,893] {logging_mixin.py:115} INFO - [2025-01-03 20:00:39,893] {dagbag.py:507} INFO - Filling up the DagBag from /home/daniel/Documents/Alura/python_apache_airflow_pipeline/venv/lib/python3.9/site-packages/airflow/example_dags/example_branch_operator.py
[2025-01-03 20:00:39,950] {processor.py:651} INFO - DAG(s) dict_keys(['example_branch_operator']) retrieved from /home/daniel/Documents/Alura/python_apache_airflow_pipeline/venv/lib/python3.9/site-packages/airflow/example_dags/example_branch_operator.py
[2025-01-03 20:00:40,043] {logging_mixin.py:115} INFO - [2025-01-03 20:00:40,043] {dag.py:2379} INFO - Sync 1 DAGs
[2025-01-03 20:00:40,113] {logging_mixin.py:115} INFO - [2025-01-03 20:00:40,113] {dag.py:2927} INFO - Setting next_dagrun for example_branch_operator to 2025-01-02T00:00:00+00:00, run_after=2025-01-03T00:00:00+00:00
[2025-01-03 20:00:40,140] {processor.py:161} INFO - Processing /home/daniel/Documents/Alura/python_apache_airflow_pipeline/venv/lib/python3.9/site-packages/airflow/example_dags/example_branch_operator.py took 0.275 seconds
[2025-01-03 20:01:13,554] {processor.py:153} INFO - Started process (PID=19960) to work on /home/daniel/Documents/Alura/python_apache_airflow_pipeline/venv/lib/python3.9/site-packages/airflow/example_dags/example_branch_operator.py
[2025-01-03 20:01:13,555] {processor.py:641} INFO - Processing file /home/daniel/Documents/Alura/python_apache_airflow_pipeline/venv/lib/python3.9/site-packages/airflow/example_dags/example_branch_operator.py for tasks to queue
[2025-01-03 20:01:13,556] {logging_mixin.py:115} INFO - [2025-01-03 20:01:13,556] {dagbag.py:507} INFO - Filling up the DagBag from /home/daniel/Documents/Alura/python_apache_airflow_pipeline/venv/lib/python3.9/site-packages/airflow/example_dags/example_branch_operator.py
[2025-01-03 20:01:13,566] {processor.py:651} INFO - DAG(s) dict_keys(['example_branch_operator']) retrieved from /home/daniel/Documents/Alura/python_apache_airflow_pipeline/venv/lib/python3.9/site-packages/airflow/example_dags/example_branch_operator.py
[2025-01-03 20:01:13,580] {logging_mixin.py:115} INFO - [2025-01-03 20:01:13,580] {dag.py:2379} INFO - Sync 1 DAGs
[2025-01-03 20:01:13,596] {logging_mixin.py:115} INFO - [2025-01-03 20:01:13,595] {dag.py:2927} INFO - Setting next_dagrun for example_branch_operator to 2025-01-02T00:00:00+00:00, run_after=2025-01-03T00:00:00+00:00
[2025-01-03 20:01:13,608] {processor.py:161} INFO - Processing /home/daniel/Documents/Alura/python_apache_airflow_pipeline/venv/lib/python3.9/site-packages/airflow/example_dags/example_branch_operator.py took 0.057 seconds
