[2025-01-03 19:58:59,666] {processor.py:153} INFO - Started process (PID=18332) to work on /home/daniel/Documents/Alura/python_apache_airflow_pipeline/venv/lib/python3.9/site-packages/airflow/example_dags/example_trigger_target_dag.py
[2025-01-03 19:58:59,668] {processor.py:641} INFO - Processing file /home/daniel/Documents/Alura/python_apache_airflow_pipeline/venv/lib/python3.9/site-packages/airflow/example_dags/example_trigger_target_dag.py for tasks to queue
[2025-01-03 19:58:59,670] {logging_mixin.py:115} INFO - [2025-01-03 19:58:59,670] {dagbag.py:507} INFO - Filling up the DagBag from /home/daniel/Documents/Alura/python_apache_airflow_pipeline/venv/lib/python3.9/site-packages/airflow/example_dags/example_trigger_target_dag.py
[2025-01-03 19:58:59,813] {processor.py:651} INFO - DAG(s) dict_keys(['example_trigger_target_dag']) retrieved from /home/daniel/Documents/Alura/python_apache_airflow_pipeline/venv/lib/python3.9/site-packages/airflow/example_dags/example_trigger_target_dag.py
[2025-01-03 19:59:00,120] {logging_mixin.py:115} INFO - [2025-01-03 19:59:00,120] {manager.py:508} INFO - Created Permission View: can edit on DAG:example_trigger_target_dag
[2025-01-03 19:59:00,140] {logging_mixin.py:115} INFO - [2025-01-03 19:59:00,140] {manager.py:508} INFO - Created Permission View: can read on DAG:example_trigger_target_dag
[2025-01-03 19:59:00,160] {logging_mixin.py:115} INFO - [2025-01-03 19:59:00,160] {manager.py:508} INFO - Created Permission View: can delete on DAG:example_trigger_target_dag
[2025-01-03 19:59:00,160] {logging_mixin.py:115} INFO - [2025-01-03 19:59:00,160] {dag.py:2379} INFO - Sync 1 DAGs
[2025-01-03 19:59:00,202] {logging_mixin.py:115} INFO - [2025-01-03 19:59:00,202] {dag.py:2398} INFO - Creating ORM DAG for example_trigger_target_dag
[2025-01-03 19:59:00,233] {logging_mixin.py:115} INFO - [2025-01-03 19:59:00,233] {dag.py:2927} INFO - Setting next_dagrun for example_trigger_target_dag to None, run_after=None
[2025-01-03 19:59:00,266] {processor.py:161} INFO - Processing /home/daniel/Documents/Alura/python_apache_airflow_pipeline/venv/lib/python3.9/site-packages/airflow/example_dags/example_trigger_target_dag.py took 0.642 seconds
[2025-01-03 19:59:48,299] {processor.py:153} INFO - Started process (PID=18836) to work on /home/daniel/Documents/Alura/python_apache_airflow_pipeline/venv/lib/python3.9/site-packages/airflow/example_dags/example_trigger_target_dag.py
[2025-01-03 19:59:48,314] {processor.py:641} INFO - Processing file /home/daniel/Documents/Alura/python_apache_airflow_pipeline/venv/lib/python3.9/site-packages/airflow/example_dags/example_trigger_target_dag.py for tasks to queue
[2025-01-03 19:59:48,315] {logging_mixin.py:115} INFO - [2025-01-03 19:59:48,315] {dagbag.py:507} INFO - Filling up the DagBag from /home/daniel/Documents/Alura/python_apache_airflow_pipeline/venv/lib/python3.9/site-packages/airflow/example_dags/example_trigger_target_dag.py
[2025-01-03 19:59:48,341] {processor.py:651} INFO - DAG(s) dict_keys(['example_trigger_target_dag']) retrieved from /home/daniel/Documents/Alura/python_apache_airflow_pipeline/venv/lib/python3.9/site-packages/airflow/example_dags/example_trigger_target_dag.py
[2025-01-03 19:59:48,373] {logging_mixin.py:115} INFO - [2025-01-03 19:59:48,372] {dag.py:2379} INFO - Sync 1 DAGs
[2025-01-03 19:59:48,416] {logging_mixin.py:115} INFO - [2025-01-03 19:59:48,415] {dag.py:2927} INFO - Setting next_dagrun for example_trigger_target_dag to None, run_after=None
[2025-01-03 19:59:48,446] {processor.py:161} INFO - Processing /home/daniel/Documents/Alura/python_apache_airflow_pipeline/venv/lib/python3.9/site-packages/airflow/example_dags/example_trigger_target_dag.py took 0.151 seconds
[2025-01-03 20:00:20,911] {processor.py:153} INFO - Started process (PID=19313) to work on /home/daniel/Documents/Alura/python_apache_airflow_pipeline/venv/lib/python3.9/site-packages/airflow/example_dags/example_trigger_target_dag.py
[2025-01-03 20:00:20,912] {processor.py:641} INFO - Processing file /home/daniel/Documents/Alura/python_apache_airflow_pipeline/venv/lib/python3.9/site-packages/airflow/example_dags/example_trigger_target_dag.py for tasks to queue
[2025-01-03 20:00:20,913] {logging_mixin.py:115} INFO - [2025-01-03 20:00:20,913] {dagbag.py:507} INFO - Filling up the DagBag from /home/daniel/Documents/Alura/python_apache_airflow_pipeline/venv/lib/python3.9/site-packages/airflow/example_dags/example_trigger_target_dag.py
[2025-01-03 20:00:20,927] {processor.py:651} INFO - DAG(s) dict_keys(['example_trigger_target_dag']) retrieved from /home/daniel/Documents/Alura/python_apache_airflow_pipeline/venv/lib/python3.9/site-packages/airflow/example_dags/example_trigger_target_dag.py
[2025-01-03 20:00:20,940] {logging_mixin.py:115} INFO - [2025-01-03 20:00:20,940] {dag.py:2379} INFO - Sync 1 DAGs
[2025-01-03 20:00:20,956] {logging_mixin.py:115} INFO - [2025-01-03 20:00:20,955] {dag.py:2927} INFO - Setting next_dagrun for example_trigger_target_dag to None, run_after=None
[2025-01-03 20:00:20,970] {processor.py:161} INFO - Processing /home/daniel/Documents/Alura/python_apache_airflow_pipeline/venv/lib/python3.9/site-packages/airflow/example_dags/example_trigger_target_dag.py took 0.062 seconds
[2025-01-03 20:00:56,423] {processor.py:153} INFO - Started process (PID=19870) to work on /home/daniel/Documents/Alura/python_apache_airflow_pipeline/venv/lib/python3.9/site-packages/airflow/example_dags/example_trigger_target_dag.py
[2025-01-03 20:00:56,425] {processor.py:641} INFO - Processing file /home/daniel/Documents/Alura/python_apache_airflow_pipeline/venv/lib/python3.9/site-packages/airflow/example_dags/example_trigger_target_dag.py for tasks to queue
[2025-01-03 20:00:56,425] {logging_mixin.py:115} INFO - [2025-01-03 20:00:56,425] {dagbag.py:507} INFO - Filling up the DagBag from /home/daniel/Documents/Alura/python_apache_airflow_pipeline/venv/lib/python3.9/site-packages/airflow/example_dags/example_trigger_target_dag.py
[2025-01-03 20:00:56,447] {processor.py:651} INFO - DAG(s) dict_keys(['example_trigger_target_dag']) retrieved from /home/daniel/Documents/Alura/python_apache_airflow_pipeline/venv/lib/python3.9/site-packages/airflow/example_dags/example_trigger_target_dag.py
[2025-01-03 20:00:56,467] {logging_mixin.py:115} INFO - [2025-01-03 20:00:56,467] {dag.py:2379} INFO - Sync 1 DAGs
[2025-01-03 20:00:56,489] {logging_mixin.py:115} INFO - [2025-01-03 20:00:56,489] {dag.py:2927} INFO - Setting next_dagrun for example_trigger_target_dag to None, run_after=None
[2025-01-03 20:00:56,505] {processor.py:161} INFO - Processing /home/daniel/Documents/Alura/python_apache_airflow_pipeline/venv/lib/python3.9/site-packages/airflow/example_dags/example_trigger_target_dag.py took 0.085 seconds
