[2025-01-03 19:59:06,523] {processor.py:153} INFO - Started process (PID=18403) to work on /home/daniel/Documents/Alura/python_apache_airflow_pipeline/venv/lib/python3.9/site-packages/airflow/example_dags/example_sla_dag.py
[2025-01-03 19:59:06,524] {processor.py:641} INFO - Processing file /home/daniel/Documents/Alura/python_apache_airflow_pipeline/venv/lib/python3.9/site-packages/airflow/example_dags/example_sla_dag.py for tasks to queue
[2025-01-03 19:59:06,524] {logging_mixin.py:115} INFO - [2025-01-03 19:59:06,524] {dagbag.py:507} INFO - Filling up the DagBag from /home/daniel/Documents/Alura/python_apache_airflow_pipeline/venv/lib/python3.9/site-packages/airflow/example_dags/example_sla_dag.py
[2025-01-03 19:59:06,538] {processor.py:651} INFO - DAG(s) dict_keys(['example_sla_dag']) retrieved from /home/daniel/Documents/Alura/python_apache_airflow_pipeline/venv/lib/python3.9/site-packages/airflow/example_dags/example_sla_dag.py
[2025-01-03 19:59:06,595] {logging_mixin.py:115} INFO - [2025-01-03 19:59:06,595] {manager.py:508} INFO - Created Permission View: can edit on DAG:example_sla_dag
[2025-01-03 19:59:06,606] {logging_mixin.py:115} INFO - [2025-01-03 19:59:06,606] {manager.py:508} INFO - Created Permission View: can read on DAG:example_sla_dag
[2025-01-03 19:59:06,614] {logging_mixin.py:115} INFO - [2025-01-03 19:59:06,614] {manager.py:508} INFO - Created Permission View: can delete on DAG:example_sla_dag
[2025-01-03 19:59:06,614] {logging_mixin.py:115} INFO - [2025-01-03 19:59:06,614] {dag.py:2379} INFO - Sync 1 DAGs
[2025-01-03 19:59:06,621] {logging_mixin.py:115} INFO - [2025-01-03 19:59:06,620] {dag.py:2398} INFO - Creating ORM DAG for example_sla_dag
[2025-01-03 19:59:06,628] {logging_mixin.py:115} INFO - [2025-01-03 19:59:06,628] {dag.py:2927} INFO - Setting next_dagrun for example_sla_dag to 2025-01-03T22:56:00+00:00, run_after=2025-01-03T22:58:00+00:00
[2025-01-03 19:59:06,646] {processor.py:161} INFO - Processing /home/daniel/Documents/Alura/python_apache_airflow_pipeline/venv/lib/python3.9/site-packages/airflow/example_dags/example_sla_dag.py took 0.126 seconds
[2025-01-03 19:59:55,213] {processor.py:153} INFO - Started process (PID=18913) to work on /home/daniel/Documents/Alura/python_apache_airflow_pipeline/venv/lib/python3.9/site-packages/airflow/example_dags/example_sla_dag.py
[2025-01-03 19:59:55,214] {processor.py:641} INFO - Processing file /home/daniel/Documents/Alura/python_apache_airflow_pipeline/venv/lib/python3.9/site-packages/airflow/example_dags/example_sla_dag.py for tasks to queue
[2025-01-03 19:59:55,215] {logging_mixin.py:115} INFO - [2025-01-03 19:59:55,215] {dagbag.py:507} INFO - Filling up the DagBag from /home/daniel/Documents/Alura/python_apache_airflow_pipeline/venv/lib/python3.9/site-packages/airflow/example_dags/example_sla_dag.py
[2025-01-03 19:59:55,233] {processor.py:651} INFO - DAG(s) dict_keys(['example_sla_dag']) retrieved from /home/daniel/Documents/Alura/python_apache_airflow_pipeline/venv/lib/python3.9/site-packages/airflow/example_dags/example_sla_dag.py
[2025-01-03 19:59:55,252] {logging_mixin.py:115} INFO - [2025-01-03 19:59:55,252] {dag.py:2379} INFO - Sync 1 DAGs
[2025-01-03 19:59:55,274] {logging_mixin.py:115} INFO - [2025-01-03 19:59:55,274] {dag.py:2927} INFO - Setting next_dagrun for example_sla_dag to 2025-01-03T22:56:00+00:00, run_after=2025-01-03T22:58:00+00:00
[2025-01-03 19:59:55,288] {processor.py:161} INFO - Processing /home/daniel/Documents/Alura/python_apache_airflow_pipeline/venv/lib/python3.9/site-packages/airflow/example_dags/example_sla_dag.py took 0.079 seconds
[2025-01-03 20:00:26,888] {processor.py:153} INFO - Started process (PID=19550) to work on /home/daniel/Documents/Alura/python_apache_airflow_pipeline/venv/lib/python3.9/site-packages/airflow/example_dags/example_sla_dag.py
[2025-01-03 20:00:26,891] {processor.py:641} INFO - Processing file /home/daniel/Documents/Alura/python_apache_airflow_pipeline/venv/lib/python3.9/site-packages/airflow/example_dags/example_sla_dag.py for tasks to queue
[2025-01-03 20:00:26,895] {logging_mixin.py:115} INFO - [2025-01-03 20:00:26,895] {dagbag.py:507} INFO - Filling up the DagBag from /home/daniel/Documents/Alura/python_apache_airflow_pipeline/venv/lib/python3.9/site-packages/airflow/example_dags/example_sla_dag.py
[2025-01-03 20:00:26,979] {processor.py:651} INFO - DAG(s) dict_keys(['example_sla_dag']) retrieved from /home/daniel/Documents/Alura/python_apache_airflow_pipeline/venv/lib/python3.9/site-packages/airflow/example_dags/example_sla_dag.py
[2025-01-03 20:00:27,066] {logging_mixin.py:115} INFO - [2025-01-03 20:00:27,065] {dag.py:2379} INFO - Sync 1 DAGs
[2025-01-03 20:00:27,169] {logging_mixin.py:115} INFO - [2025-01-03 20:00:27,169] {dag.py:2927} INFO - Setting next_dagrun for example_sla_dag to 2025-01-03T22:58:00+00:00, run_after=2025-01-03T23:00:00+00:00
[2025-01-03 20:00:27,209] {processor.py:161} INFO - Processing /home/daniel/Documents/Alura/python_apache_airflow_pipeline/venv/lib/python3.9/site-packages/airflow/example_dags/example_sla_dag.py took 0.350 seconds
[2025-01-03 20:01:02,681] {processor.py:153} INFO - Started process (PID=19905) to work on /home/daniel/Documents/Alura/python_apache_airflow_pipeline/venv/lib/python3.9/site-packages/airflow/example_dags/example_sla_dag.py
[2025-01-03 20:01:02,682] {processor.py:641} INFO - Processing file /home/daniel/Documents/Alura/python_apache_airflow_pipeline/venv/lib/python3.9/site-packages/airflow/example_dags/example_sla_dag.py for tasks to queue
[2025-01-03 20:01:02,682] {logging_mixin.py:115} INFO - [2025-01-03 20:01:02,682] {dagbag.py:507} INFO - Filling up the DagBag from /home/daniel/Documents/Alura/python_apache_airflow_pipeline/venv/lib/python3.9/site-packages/airflow/example_dags/example_sla_dag.py
[2025-01-03 20:01:02,695] {processor.py:651} INFO - DAG(s) dict_keys(['example_sla_dag']) retrieved from /home/daniel/Documents/Alura/python_apache_airflow_pipeline/venv/lib/python3.9/site-packages/airflow/example_dags/example_sla_dag.py
[2025-01-03 20:01:02,708] {logging_mixin.py:115} INFO - [2025-01-03 20:01:02,708] {dag.py:2379} INFO - Sync 1 DAGs
[2025-01-03 20:01:02,724] {logging_mixin.py:115} INFO - [2025-01-03 20:01:02,724] {dag.py:2927} INFO - Setting next_dagrun for example_sla_dag to 2025-01-03T22:58:00+00:00, run_after=2025-01-03T23:00:00+00:00
[2025-01-03 20:01:02,736] {processor.py:161} INFO - Processing /home/daniel/Documents/Alura/python_apache_airflow_pipeline/venv/lib/python3.9/site-packages/airflow/example_dags/example_sla_dag.py took 0.058 seconds
[2025-01-03 20:01:36,703] {processor.py:153} INFO - Started process (PID=20135) to work on /home/daniel/Documents/Alura/python_apache_airflow_pipeline/venv/lib/python3.9/site-packages/airflow/example_dags/example_sla_dag.py
[2025-01-03 20:01:36,703] {processor.py:641} INFO - Processing file /home/daniel/Documents/Alura/python_apache_airflow_pipeline/venv/lib/python3.9/site-packages/airflow/example_dags/example_sla_dag.py for tasks to queue
[2025-01-03 20:01:36,704] {logging_mixin.py:115} INFO - [2025-01-03 20:01:36,704] {dagbag.py:507} INFO - Filling up the DagBag from /home/daniel/Documents/Alura/python_apache_airflow_pipeline/venv/lib/python3.9/site-packages/airflow/example_dags/example_sla_dag.py
[2025-01-03 20:01:36,716] {processor.py:651} INFO - DAG(s) dict_keys(['example_sla_dag']) retrieved from /home/daniel/Documents/Alura/python_apache_airflow_pipeline/venv/lib/python3.9/site-packages/airflow/example_dags/example_sla_dag.py
[2025-01-03 20:01:36,732] {logging_mixin.py:115} INFO - [2025-01-03 20:01:36,732] {dag.py:2379} INFO - Sync 1 DAGs
[2025-01-03 20:01:36,750] {logging_mixin.py:115} INFO - [2025-01-03 20:01:36,750] {dag.py:2927} INFO - Setting next_dagrun for example_sla_dag to 2025-01-03T22:58:00+00:00, run_after=2025-01-03T23:00:00+00:00
[2025-01-03 20:01:36,761] {processor.py:161} INFO - Processing /home/daniel/Documents/Alura/python_apache_airflow_pipeline/venv/lib/python3.9/site-packages/airflow/example_dags/example_sla_dag.py took 0.062 seconds
