[2025-01-03 19:58:56,291] {processor.py:153} INFO - Started process (PID=18324) to work on /home/daniel/Documents/Alura/python_apache_airflow_pipeline/venv/lib/python3.9/site-packages/airflow/example_dags/example_task_group.py
[2025-01-03 19:58:56,294] {processor.py:641} INFO - Processing file /home/daniel/Documents/Alura/python_apache_airflow_pipeline/venv/lib/python3.9/site-packages/airflow/example_dags/example_task_group.py for tasks to queue
[2025-01-03 19:58:56,296] {logging_mixin.py:115} INFO - [2025-01-03 19:58:56,296] {dagbag.py:507} INFO - Filling up the DagBag from /home/daniel/Documents/Alura/python_apache_airflow_pipeline/venv/lib/python3.9/site-packages/airflow/example_dags/example_task_group.py
[2025-01-03 19:58:56,333] {processor.py:651} INFO - DAG(s) dict_keys(['example_task_group']) retrieved from /home/daniel/Documents/Alura/python_apache_airflow_pipeline/venv/lib/python3.9/site-packages/airflow/example_dags/example_task_group.py
[2025-01-03 19:58:56,511] {logging_mixin.py:115} INFO - [2025-01-03 19:58:56,511] {manager.py:508} INFO - Created Permission View: can edit on DAG:example_task_group
[2025-01-03 19:58:56,525] {logging_mixin.py:115} INFO - [2025-01-03 19:58:56,525] {manager.py:508} INFO - Created Permission View: can read on DAG:example_task_group
[2025-01-03 19:58:56,535] {logging_mixin.py:115} INFO - [2025-01-03 19:58:56,535] {manager.py:508} INFO - Created Permission View: can delete on DAG:example_task_group
[2025-01-03 19:58:56,536] {logging_mixin.py:115} INFO - [2025-01-03 19:58:56,535] {dag.py:2379} INFO - Sync 1 DAGs
[2025-01-03 19:58:56,555] {logging_mixin.py:115} INFO - [2025-01-03 19:58:56,555] {dag.py:2398} INFO - Creating ORM DAG for example_task_group
[2025-01-03 19:58:56,576] {logging_mixin.py:115} INFO - [2025-01-03 19:58:56,576] {dag.py:2927} INFO - Setting next_dagrun for example_task_group to 2025-01-02T22:58:56.575459+00:00, run_after=2025-01-03T22:58:56.575459+00:00
[2025-01-03 19:58:56,602] {processor.py:161} INFO - Processing /home/daniel/Documents/Alura/python_apache_airflow_pipeline/venv/lib/python3.9/site-packages/airflow/example_dags/example_task_group.py took 0.330 seconds
[2025-01-03 19:59:45,835] {processor.py:153} INFO - Started process (PID=18797) to work on /home/daniel/Documents/Alura/python_apache_airflow_pipeline/venv/lib/python3.9/site-packages/airflow/example_dags/example_task_group.py
[2025-01-03 19:59:45,836] {processor.py:641} INFO - Processing file /home/daniel/Documents/Alura/python_apache_airflow_pipeline/venv/lib/python3.9/site-packages/airflow/example_dags/example_task_group.py for tasks to queue
[2025-01-03 19:59:45,837] {logging_mixin.py:115} INFO - [2025-01-03 19:59:45,837] {dagbag.py:507} INFO - Filling up the DagBag from /home/daniel/Documents/Alura/python_apache_airflow_pipeline/venv/lib/python3.9/site-packages/airflow/example_dags/example_task_group.py
[2025-01-03 19:59:45,847] {processor.py:651} INFO - DAG(s) dict_keys(['example_task_group']) retrieved from /home/daniel/Documents/Alura/python_apache_airflow_pipeline/venv/lib/python3.9/site-packages/airflow/example_dags/example_task_group.py
[2025-01-03 19:59:45,863] {logging_mixin.py:115} INFO - [2025-01-03 19:59:45,863] {dag.py:2379} INFO - Sync 1 DAGs
[2025-01-03 19:59:45,886] {logging_mixin.py:115} INFO - [2025-01-03 19:59:45,886] {dag.py:2927} INFO - Setting next_dagrun for example_task_group to 2025-01-02T22:59:45.886231+00:00, run_after=2025-01-03T22:59:45.886231+00:00
[2025-01-03 19:59:45,902] {processor.py:161} INFO - Processing /home/daniel/Documents/Alura/python_apache_airflow_pipeline/venv/lib/python3.9/site-packages/airflow/example_dags/example_task_group.py took 0.071 seconds
[2025-01-03 20:00:18,646] {processor.py:153} INFO - Started process (PID=19300) to work on /home/daniel/Documents/Alura/python_apache_airflow_pipeline/venv/lib/python3.9/site-packages/airflow/example_dags/example_task_group.py
[2025-01-03 20:00:18,647] {processor.py:641} INFO - Processing file /home/daniel/Documents/Alura/python_apache_airflow_pipeline/venv/lib/python3.9/site-packages/airflow/example_dags/example_task_group.py for tasks to queue
[2025-01-03 20:00:18,648] {logging_mixin.py:115} INFO - [2025-01-03 20:00:18,648] {dagbag.py:507} INFO - Filling up the DagBag from /home/daniel/Documents/Alura/python_apache_airflow_pipeline/venv/lib/python3.9/site-packages/airflow/example_dags/example_task_group.py
[2025-01-03 20:00:18,656] {processor.py:651} INFO - DAG(s) dict_keys(['example_task_group']) retrieved from /home/daniel/Documents/Alura/python_apache_airflow_pipeline/venv/lib/python3.9/site-packages/airflow/example_dags/example_task_group.py
[2025-01-03 20:00:18,674] {logging_mixin.py:115} INFO - [2025-01-03 20:00:18,673] {dag.py:2379} INFO - Sync 1 DAGs
[2025-01-03 20:00:18,693] {logging_mixin.py:115} INFO - [2025-01-03 20:00:18,692] {dag.py:2927} INFO - Setting next_dagrun for example_task_group to 2025-01-02T23:00:18.692733+00:00, run_after=2025-01-03T23:00:18.692733+00:00
[2025-01-03 20:00:18,712] {processor.py:161} INFO - Processing /home/daniel/Documents/Alura/python_apache_airflow_pipeline/venv/lib/python3.9/site-packages/airflow/example_dags/example_task_group.py took 0.069 seconds
[2025-01-03 20:00:49,011] {processor.py:153} INFO - Started process (PID=19829) to work on /home/daniel/Documents/Alura/python_apache_airflow_pipeline/venv/lib/python3.9/site-packages/airflow/example_dags/example_task_group.py
[2025-01-03 20:00:49,012] {processor.py:641} INFO - Processing file /home/daniel/Documents/Alura/python_apache_airflow_pipeline/venv/lib/python3.9/site-packages/airflow/example_dags/example_task_group.py for tasks to queue
[2025-01-03 20:00:49,012] {logging_mixin.py:115} INFO - [2025-01-03 20:00:49,012] {dagbag.py:507} INFO - Filling up the DagBag from /home/daniel/Documents/Alura/python_apache_airflow_pipeline/venv/lib/python3.9/site-packages/airflow/example_dags/example_task_group.py
[2025-01-03 20:00:49,020] {processor.py:651} INFO - DAG(s) dict_keys(['example_task_group']) retrieved from /home/daniel/Documents/Alura/python_apache_airflow_pipeline/venv/lib/python3.9/site-packages/airflow/example_dags/example_task_group.py
[2025-01-03 20:00:49,035] {logging_mixin.py:115} INFO - [2025-01-03 20:00:49,035] {dag.py:2379} INFO - Sync 1 DAGs
[2025-01-03 20:00:49,050] {logging_mixin.py:115} INFO - [2025-01-03 20:00:49,050] {dag.py:2927} INFO - Setting next_dagrun for example_task_group to 2025-01-02T23:00:49.049831+00:00, run_after=2025-01-03T23:00:49.049831+00:00
[2025-01-03 20:00:49,061] {processor.py:161} INFO - Processing /home/daniel/Documents/Alura/python_apache_airflow_pipeline/venv/lib/python3.9/site-packages/airflow/example_dags/example_task_group.py took 0.053 seconds
[2025-01-03 20:01:22,103] {processor.py:153} INFO - Started process (PID=20013) to work on /home/daniel/Documents/Alura/python_apache_airflow_pipeline/venv/lib/python3.9/site-packages/airflow/example_dags/example_task_group.py
[2025-01-03 20:01:22,104] {processor.py:641} INFO - Processing file /home/daniel/Documents/Alura/python_apache_airflow_pipeline/venv/lib/python3.9/site-packages/airflow/example_dags/example_task_group.py for tasks to queue
[2025-01-03 20:01:22,104] {logging_mixin.py:115} INFO - [2025-01-03 20:01:22,104] {dagbag.py:507} INFO - Filling up the DagBag from /home/daniel/Documents/Alura/python_apache_airflow_pipeline/venv/lib/python3.9/site-packages/airflow/example_dags/example_task_group.py
[2025-01-03 20:01:22,110] {processor.py:651} INFO - DAG(s) dict_keys(['example_task_group']) retrieved from /home/daniel/Documents/Alura/python_apache_airflow_pipeline/venv/lib/python3.9/site-packages/airflow/example_dags/example_task_group.py
[2025-01-03 20:01:22,125] {logging_mixin.py:115} INFO - [2025-01-03 20:01:22,125] {dag.py:2379} INFO - Sync 1 DAGs
[2025-01-03 20:01:22,143] {logging_mixin.py:115} INFO - [2025-01-03 20:01:22,143] {dag.py:2927} INFO - Setting next_dagrun for example_task_group to 2025-01-02T23:01:22.143146+00:00, run_after=2025-01-03T23:01:22.143146+00:00
[2025-01-03 20:01:22,156] {processor.py:161} INFO - Processing /home/daniel/Documents/Alura/python_apache_airflow_pipeline/venv/lib/python3.9/site-packages/airflow/example_dags/example_task_group.py took 0.056 seconds
