[2025-01-03 19:59:07,760] {processor.py:153} INFO - Started process (PID=18418) to work on /home/daniel/Documents/Alura/python_apache_airflow_pipeline/venv/lib/python3.9/site-packages/airflow/example_dags/tutorial_taskflow_api_etl.py
[2025-01-03 19:59:07,761] {processor.py:641} INFO - Processing file /home/daniel/Documents/Alura/python_apache_airflow_pipeline/venv/lib/python3.9/site-packages/airflow/example_dags/tutorial_taskflow_api_etl.py for tasks to queue
[2025-01-03 19:59:07,761] {logging_mixin.py:115} INFO - [2025-01-03 19:59:07,761] {dagbag.py:507} INFO - Filling up the DagBag from /home/daniel/Documents/Alura/python_apache_airflow_pipeline/venv/lib/python3.9/site-packages/airflow/example_dags/tutorial_taskflow_api_etl.py
[2025-01-03 19:59:07,774] {processor.py:651} INFO - DAG(s) dict_keys(['tutorial_taskflow_api_etl']) retrieved from /home/daniel/Documents/Alura/python_apache_airflow_pipeline/venv/lib/python3.9/site-packages/airflow/example_dags/tutorial_taskflow_api_etl.py
[2025-01-03 19:59:07,838] {logging_mixin.py:115} INFO - [2025-01-03 19:59:07,837] {manager.py:508} INFO - Created Permission View: can edit on DAG:tutorial_taskflow_api_etl
[2025-01-03 19:59:07,846] {logging_mixin.py:115} INFO - [2025-01-03 19:59:07,846] {manager.py:508} INFO - Created Permission View: can read on DAG:tutorial_taskflow_api_etl
[2025-01-03 19:59:07,854] {logging_mixin.py:115} INFO - [2025-01-03 19:59:07,853] {manager.py:508} INFO - Created Permission View: can delete on DAG:tutorial_taskflow_api_etl
[2025-01-03 19:59:07,854] {logging_mixin.py:115} INFO - [2025-01-03 19:59:07,854] {dag.py:2379} INFO - Sync 1 DAGs
[2025-01-03 19:59:07,861] {logging_mixin.py:115} INFO - [2025-01-03 19:59:07,861] {dag.py:2398} INFO - Creating ORM DAG for tutorial_taskflow_api_etl
[2025-01-03 19:59:07,875] {logging_mixin.py:115} INFO - [2025-01-03 19:59:07,874] {dag.py:2927} INFO - Setting next_dagrun for tutorial_taskflow_api_etl to None, run_after=None
[2025-01-03 19:59:07,891] {processor.py:161} INFO - Processing /home/daniel/Documents/Alura/python_apache_airflow_pipeline/venv/lib/python3.9/site-packages/airflow/example_dags/tutorial_taskflow_api_etl.py took 0.133 seconds
[2025-01-03 19:59:55,780] {processor.py:153} INFO - Started process (PID=18926) to work on /home/daniel/Documents/Alura/python_apache_airflow_pipeline/venv/lib/python3.9/site-packages/airflow/example_dags/tutorial_taskflow_api_etl.py
[2025-01-03 19:59:55,781] {processor.py:641} INFO - Processing file /home/daniel/Documents/Alura/python_apache_airflow_pipeline/venv/lib/python3.9/site-packages/airflow/example_dags/tutorial_taskflow_api_etl.py for tasks to queue
[2025-01-03 19:59:55,781] {logging_mixin.py:115} INFO - [2025-01-03 19:59:55,781] {dagbag.py:507} INFO - Filling up the DagBag from /home/daniel/Documents/Alura/python_apache_airflow_pipeline/venv/lib/python3.9/site-packages/airflow/example_dags/tutorial_taskflow_api_etl.py
[2025-01-03 19:59:55,793] {processor.py:651} INFO - DAG(s) dict_keys(['tutorial_taskflow_api_etl']) retrieved from /home/daniel/Documents/Alura/python_apache_airflow_pipeline/venv/lib/python3.9/site-packages/airflow/example_dags/tutorial_taskflow_api_etl.py
[2025-01-03 19:59:55,830] {logging_mixin.py:115} INFO - [2025-01-03 19:59:55,830] {dag.py:2379} INFO - Sync 1 DAGs
[2025-01-03 19:59:55,844] {logging_mixin.py:115} INFO - [2025-01-03 19:59:55,844] {dag.py:2927} INFO - Setting next_dagrun for tutorial_taskflow_api_etl to None, run_after=None
[2025-01-03 19:59:55,861] {processor.py:161} INFO - Processing /home/daniel/Documents/Alura/python_apache_airflow_pipeline/venv/lib/python3.9/site-packages/airflow/example_dags/tutorial_taskflow_api_etl.py took 0.084 seconds
[2025-01-03 20:00:28,376] {processor.py:153} INFO - Started process (PID=19574) to work on /home/daniel/Documents/Alura/python_apache_airflow_pipeline/venv/lib/python3.9/site-packages/airflow/example_dags/tutorial_taskflow_api_etl.py
[2025-01-03 20:00:28,381] {processor.py:641} INFO - Processing file /home/daniel/Documents/Alura/python_apache_airflow_pipeline/venv/lib/python3.9/site-packages/airflow/example_dags/tutorial_taskflow_api_etl.py for tasks to queue
[2025-01-03 20:00:28,384] {logging_mixin.py:115} INFO - [2025-01-03 20:00:28,384] {dagbag.py:507} INFO - Filling up the DagBag from /home/daniel/Documents/Alura/python_apache_airflow_pipeline/venv/lib/python3.9/site-packages/airflow/example_dags/tutorial_taskflow_api_etl.py
[2025-01-03 20:00:28,482] {processor.py:651} INFO - DAG(s) dict_keys(['tutorial_taskflow_api_etl']) retrieved from /home/daniel/Documents/Alura/python_apache_airflow_pipeline/venv/lib/python3.9/site-packages/airflow/example_dags/tutorial_taskflow_api_etl.py
[2025-01-03 20:00:28,718] {logging_mixin.py:115} INFO - [2025-01-03 20:00:28,718] {dag.py:2379} INFO - Sync 1 DAGs
[2025-01-03 20:00:28,788] {logging_mixin.py:115} INFO - [2025-01-03 20:00:28,788] {dag.py:2927} INFO - Setting next_dagrun for tutorial_taskflow_api_etl to None, run_after=None
[2025-01-03 20:00:28,826] {processor.py:161} INFO - Processing /home/daniel/Documents/Alura/python_apache_airflow_pipeline/venv/lib/python3.9/site-packages/airflow/example_dags/tutorial_taskflow_api_etl.py took 0.480 seconds
[2025-01-03 20:01:03,400] {processor.py:153} INFO - Started process (PID=19909) to work on /home/daniel/Documents/Alura/python_apache_airflow_pipeline/venv/lib/python3.9/site-packages/airflow/example_dags/tutorial_taskflow_api_etl.py
[2025-01-03 20:01:03,401] {processor.py:641} INFO - Processing file /home/daniel/Documents/Alura/python_apache_airflow_pipeline/venv/lib/python3.9/site-packages/airflow/example_dags/tutorial_taskflow_api_etl.py for tasks to queue
[2025-01-03 20:01:03,401] {logging_mixin.py:115} INFO - [2025-01-03 20:01:03,401] {dagbag.py:507} INFO - Filling up the DagBag from /home/daniel/Documents/Alura/python_apache_airflow_pipeline/venv/lib/python3.9/site-packages/airflow/example_dags/tutorial_taskflow_api_etl.py
[2025-01-03 20:01:03,412] {processor.py:651} INFO - DAG(s) dict_keys(['tutorial_taskflow_api_etl']) retrieved from /home/daniel/Documents/Alura/python_apache_airflow_pipeline/venv/lib/python3.9/site-packages/airflow/example_dags/tutorial_taskflow_api_etl.py
[2025-01-03 20:01:03,446] {logging_mixin.py:115} INFO - [2025-01-03 20:01:03,446] {dag.py:2379} INFO - Sync 1 DAGs
[2025-01-03 20:01:03,457] {logging_mixin.py:115} INFO - [2025-01-03 20:01:03,457] {dag.py:2927} INFO - Setting next_dagrun for tutorial_taskflow_api_etl to None, run_after=None
[2025-01-03 20:01:03,469] {processor.py:161} INFO - Processing /home/daniel/Documents/Alura/python_apache_airflow_pipeline/venv/lib/python3.9/site-packages/airflow/example_dags/tutorial_taskflow_api_etl.py took 0.073 seconds
