[2025-01-05 09:08:54,586] {taskinstance.py:1159} INFO - Dependencies all met for <TaskInstance: atividade_aula_4.print_hello_world scheduled__2025-01-04T00:00:00+00:00 [queued]>
[2025-01-05 09:08:54,596] {taskinstance.py:1159} INFO - Dependencies all met for <TaskInstance: atividade_aula_4.print_hello_world scheduled__2025-01-04T00:00:00+00:00 [queued]>
[2025-01-05 09:08:54,596] {taskinstance.py:1356} INFO - 
--------------------------------------------------------------------------------
[2025-01-05 09:08:54,596] {taskinstance.py:1357} INFO - Starting attempt 1 of 1
[2025-01-05 09:08:54,596] {taskinstance.py:1358} INFO - 
--------------------------------------------------------------------------------
[2025-01-05 09:08:54,636] {taskinstance.py:1377} INFO - Executing <Task(PythonOperator): print_hello_world> on 2025-01-04 00:00:00+00:00
[2025-01-05 09:08:54,638] {standard_task_runner.py:52} INFO - Started process 17244 to run task
[2025-01-05 09:08:54,656] {standard_task_runner.py:79} INFO - Running: ['airflow', 'tasks', 'run', 'atividade_aula_4', 'print_hello_world', 'scheduled__2025-01-04T00:00:00+00:00', '--job-id', '29', '--raw', '--subdir', 'DAGS_FOLDER/atividade_aula_4.py', '--cfg-path', '/tmp/tmp2knop1f9', '--error-file', '/tmp/tmpnlu89r71']
[2025-01-05 09:08:54,657] {standard_task_runner.py:80} INFO - Job 29: Subtask print_hello_world
[2025-01-05 09:08:54,965] {task_command.py:370} INFO - Running <TaskInstance: atividade_aula_4.print_hello_world scheduled__2025-01-04T00:00:00+00:00 [running]> on host daniel-virtual-machine
[2025-01-05 09:08:55,200] {taskinstance.py:1569} INFO - Exporting the following env vars:
AIRFLOW_CTX_DAG_OWNER=airflow
AIRFLOW_CTX_DAG_ID=atividade_aula_4
AIRFLOW_CTX_TASK_ID=print_hello_world
AIRFLOW_CTX_EXECUTION_DATE=2025-01-04T00:00:00+00:00
AIRFLOW_CTX_TRY_NUMBER=1
AIRFLOW_CTX_DAG_RUN_ID=scheduled__2025-01-04T00:00:00+00:00
[2025-01-05 09:08:55,216] {logging_mixin.py:115} INFO - Hello World! Welcome to airflow!
[2025-01-05 09:08:55,233] {python.py:173} INFO - Done. Returned value was: None
[2025-01-05 09:08:55,241] {taskinstance.py:1395} INFO - Marking task as SUCCESS. dag_id=atividade_aula_4, task_id=print_hello_world, execution_date=20250104T000000, start_date=20250105T120854, end_date=20250105T120855
[2025-01-05 09:08:55,305] {local_task_job.py:156} INFO - Task exited with return code 0
[2025-01-05 09:08:55,342] {local_task_job.py:273} INFO - 0 downstream tasks scheduled from follow-on schedule check
