[2025-01-05 09:39:44,804] {processor.py:153} INFO - Started process (PID=5085) to work on /home/daniel/Documents/Alura/python_apache_airflow_pipeline/venv/lib/python3.9/site-packages/airflow/example_dags/example_branch_labels.py
[2025-01-05 09:39:44,808] {processor.py:641} INFO - Processing file /home/daniel/Documents/Alura/python_apache_airflow_pipeline/venv/lib/python3.9/site-packages/airflow/example_dags/example_branch_labels.py for tasks to queue
[2025-01-05 09:39:44,809] {logging_mixin.py:115} INFO - [2025-01-05 09:39:44,809] {dagbag.py:507} INFO - Filling up the DagBag from /home/daniel/Documents/Alura/python_apache_airflow_pipeline/venv/lib/python3.9/site-packages/airflow/example_dags/example_branch_labels.py
[2025-01-05 09:39:44,865] {processor.py:651} INFO - DAG(s) dict_keys(['example_branch_labels']) retrieved from /home/daniel/Documents/Alura/python_apache_airflow_pipeline/venv/lib/python3.9/site-packages/airflow/example_dags/example_branch_labels.py
[2025-01-05 09:39:45,049] {logging_mixin.py:115} INFO - [2025-01-05 09:39:45,049] {dag.py:2379} INFO - Sync 1 DAGs
[2025-01-05 09:39:45,277] {logging_mixin.py:115} INFO - [2025-01-05 09:39:45,277] {dag.py:2927} INFO - Setting next_dagrun for example_branch_labels to 2025-01-04T00:00:00+00:00, run_after=2025-01-05T00:00:00+00:00
[2025-01-05 09:39:45,372] {processor.py:161} INFO - Processing /home/daniel/Documents/Alura/python_apache_airflow_pipeline/venv/lib/python3.9/site-packages/airflow/example_dags/example_branch_labels.py took 0.580 seconds
[2025-01-05 09:54:54,848] {processor.py:153} INFO - Started process (PID=3628) to work on /home/daniel/Documents/Alura/python_apache_airflow_pipeline/venv/lib/python3.9/site-packages/airflow/example_dags/example_branch_labels.py
[2025-01-05 09:54:54,860] {processor.py:641} INFO - Processing file /home/daniel/Documents/Alura/python_apache_airflow_pipeline/venv/lib/python3.9/site-packages/airflow/example_dags/example_branch_labels.py for tasks to queue
[2025-01-05 09:54:54,862] {logging_mixin.py:115} INFO - [2025-01-05 09:54:54,862] {dagbag.py:507} INFO - Filling up the DagBag from /home/daniel/Documents/Alura/python_apache_airflow_pipeline/venv/lib/python3.9/site-packages/airflow/example_dags/example_branch_labels.py
[2025-01-05 09:54:54,876] {processor.py:651} INFO - DAG(s) dict_keys(['example_branch_labels']) retrieved from /home/daniel/Documents/Alura/python_apache_airflow_pipeline/venv/lib/python3.9/site-packages/airflow/example_dags/example_branch_labels.py
[2025-01-05 09:54:54,915] {logging_mixin.py:115} INFO - [2025-01-05 09:54:54,913] {dag.py:2379} INFO - Sync 1 DAGs
[2025-01-05 09:54:54,982] {logging_mixin.py:115} INFO - [2025-01-05 09:54:54,982] {dag.py:2927} INFO - Setting next_dagrun for example_branch_labels to 2025-01-04T00:00:00+00:00, run_after=2025-01-05T00:00:00+00:00
[2025-01-05 09:54:55,021] {processor.py:161} INFO - Processing /home/daniel/Documents/Alura/python_apache_airflow_pipeline/venv/lib/python3.9/site-packages/airflow/example_dags/example_branch_labels.py took 0.179 seconds
[2025-01-05 09:55:37,488] {processor.py:153} INFO - Started process (PID=4042) to work on /home/daniel/Documents/Alura/python_apache_airflow_pipeline/venv/lib/python3.9/site-packages/airflow/example_dags/example_branch_labels.py
[2025-01-05 09:55:37,490] {processor.py:641} INFO - Processing file /home/daniel/Documents/Alura/python_apache_airflow_pipeline/venv/lib/python3.9/site-packages/airflow/example_dags/example_branch_labels.py for tasks to queue
[2025-01-05 09:55:37,491] {logging_mixin.py:115} INFO - [2025-01-05 09:55:37,491] {dagbag.py:507} INFO - Filling up the DagBag from /home/daniel/Documents/Alura/python_apache_airflow_pipeline/venv/lib/python3.9/site-packages/airflow/example_dags/example_branch_labels.py
[2025-01-05 09:55:37,505] {processor.py:651} INFO - DAG(s) dict_keys(['example_branch_labels']) retrieved from /home/daniel/Documents/Alura/python_apache_airflow_pipeline/venv/lib/python3.9/site-packages/airflow/example_dags/example_branch_labels.py
[2025-01-05 09:55:37,534] {logging_mixin.py:115} INFO - [2025-01-05 09:55:37,534] {dag.py:2379} INFO - Sync 1 DAGs
[2025-01-05 09:55:37,580] {logging_mixin.py:115} INFO - [2025-01-05 09:55:37,579] {dag.py:2927} INFO - Setting next_dagrun for example_branch_labels to 2025-01-04T00:00:00+00:00, run_after=2025-01-05T00:00:00+00:00
[2025-01-05 09:55:37,609] {processor.py:161} INFO - Processing /home/daniel/Documents/Alura/python_apache_airflow_pipeline/venv/lib/python3.9/site-packages/airflow/example_dags/example_branch_labels.py took 0.130 seconds
[2025-01-05 09:56:18,714] {processor.py:153} INFO - Started process (PID=4373) to work on /home/daniel/Documents/Alura/python_apache_airflow_pipeline/venv/lib/python3.9/site-packages/airflow/example_dags/example_branch_labels.py
[2025-01-05 09:56:18,718] {processor.py:641} INFO - Processing file /home/daniel/Documents/Alura/python_apache_airflow_pipeline/venv/lib/python3.9/site-packages/airflow/example_dags/example_branch_labels.py for tasks to queue
[2025-01-05 09:56:18,720] {logging_mixin.py:115} INFO - [2025-01-05 09:56:18,719] {dagbag.py:507} INFO - Filling up the DagBag from /home/daniel/Documents/Alura/python_apache_airflow_pipeline/venv/lib/python3.9/site-packages/airflow/example_dags/example_branch_labels.py
[2025-01-05 09:56:18,747] {processor.py:651} INFO - DAG(s) dict_keys(['example_branch_labels']) retrieved from /home/daniel/Documents/Alura/python_apache_airflow_pipeline/venv/lib/python3.9/site-packages/airflow/example_dags/example_branch_labels.py
[2025-01-05 09:56:18,808] {logging_mixin.py:115} INFO - [2025-01-05 09:56:18,808] {dag.py:2379} INFO - Sync 1 DAGs
[2025-01-05 09:56:18,882] {logging_mixin.py:115} INFO - [2025-01-05 09:56:18,882] {dag.py:2927} INFO - Setting next_dagrun for example_branch_labels to 2025-01-04T00:00:00+00:00, run_after=2025-01-05T00:00:00+00:00
[2025-01-05 09:56:18,909] {processor.py:161} INFO - Processing /home/daniel/Documents/Alura/python_apache_airflow_pipeline/venv/lib/python3.9/site-packages/airflow/example_dags/example_branch_labels.py took 0.206 seconds
[2025-01-05 09:57:02,438] {processor.py:153} INFO - Started process (PID=4815) to work on /home/daniel/Documents/Alura/python_apache_airflow_pipeline/venv/lib/python3.9/site-packages/airflow/example_dags/example_branch_labels.py
[2025-01-05 09:57:02,441] {processor.py:641} INFO - Processing file /home/daniel/Documents/Alura/python_apache_airflow_pipeline/venv/lib/python3.9/site-packages/airflow/example_dags/example_branch_labels.py for tasks to queue
[2025-01-05 09:57:02,442] {logging_mixin.py:115} INFO - [2025-01-05 09:57:02,442] {dagbag.py:507} INFO - Filling up the DagBag from /home/daniel/Documents/Alura/python_apache_airflow_pipeline/venv/lib/python3.9/site-packages/airflow/example_dags/example_branch_labels.py
[2025-01-05 09:57:02,450] {processor.py:651} INFO - DAG(s) dict_keys(['example_branch_labels']) retrieved from /home/daniel/Documents/Alura/python_apache_airflow_pipeline/venv/lib/python3.9/site-packages/airflow/example_dags/example_branch_labels.py
[2025-01-05 09:57:02,478] {logging_mixin.py:115} INFO - [2025-01-05 09:57:02,478] {dag.py:2379} INFO - Sync 1 DAGs
[2025-01-05 09:57:02,510] {logging_mixin.py:115} INFO - [2025-01-05 09:57:02,510] {dag.py:2927} INFO - Setting next_dagrun for example_branch_labels to 2025-01-04T00:00:00+00:00, run_after=2025-01-05T00:00:00+00:00
[2025-01-05 09:57:02,540] {processor.py:161} INFO - Processing /home/daniel/Documents/Alura/python_apache_airflow_pipeline/venv/lib/python3.9/site-packages/airflow/example_dags/example_branch_labels.py took 0.105 seconds
[2025-01-05 09:58:27,897] {processor.py:153} INFO - Started process (PID=5674) to work on /home/daniel/Documents/Alura/python_apache_airflow_pipeline/venv/lib/python3.9/site-packages/airflow/example_dags/example_branch_labels.py
[2025-01-05 09:58:27,905] {processor.py:641} INFO - Processing file /home/daniel/Documents/Alura/python_apache_airflow_pipeline/venv/lib/python3.9/site-packages/airflow/example_dags/example_branch_labels.py for tasks to queue
[2025-01-05 09:58:27,907] {logging_mixin.py:115} INFO - [2025-01-05 09:58:27,907] {dagbag.py:507} INFO - Filling up the DagBag from /home/daniel/Documents/Alura/python_apache_airflow_pipeline/venv/lib/python3.9/site-packages/airflow/example_dags/example_branch_labels.py
[2025-01-05 09:58:27,931] {processor.py:651} INFO - DAG(s) dict_keys(['example_branch_labels']) retrieved from /home/daniel/Documents/Alura/python_apache_airflow_pipeline/venv/lib/python3.9/site-packages/airflow/example_dags/example_branch_labels.py
[2025-01-05 09:58:28,009] {logging_mixin.py:115} INFO - [2025-01-05 09:58:28,008] {dag.py:2379} INFO - Sync 1 DAGs
[2025-01-05 09:58:28,088] {logging_mixin.py:115} INFO - [2025-01-05 09:58:28,087] {dag.py:2927} INFO - Setting next_dagrun for example_branch_labels to 2025-01-04T00:00:00+00:00, run_after=2025-01-05T00:00:00+00:00
[2025-01-05 09:58:28,142] {processor.py:161} INFO - Processing /home/daniel/Documents/Alura/python_apache_airflow_pipeline/venv/lib/python3.9/site-packages/airflow/example_dags/example_branch_labels.py took 0.256 seconds
[2025-01-05 09:59:49,782] {processor.py:153} INFO - Started process (PID=6524) to work on /home/daniel/Documents/Alura/python_apache_airflow_pipeline/venv/lib/python3.9/site-packages/airflow/example_dags/example_branch_labels.py
[2025-01-05 09:59:49,787] {processor.py:641} INFO - Processing file /home/daniel/Documents/Alura/python_apache_airflow_pipeline/venv/lib/python3.9/site-packages/airflow/example_dags/example_branch_labels.py for tasks to queue
[2025-01-05 09:59:49,793] {logging_mixin.py:115} INFO - [2025-01-05 09:59:49,790] {dagbag.py:507} INFO - Filling up the DagBag from /home/daniel/Documents/Alura/python_apache_airflow_pipeline/venv/lib/python3.9/site-packages/airflow/example_dags/example_branch_labels.py
[2025-01-05 09:59:49,822] {processor.py:651} INFO - DAG(s) dict_keys(['example_branch_labels']) retrieved from /home/daniel/Documents/Alura/python_apache_airflow_pipeline/venv/lib/python3.9/site-packages/airflow/example_dags/example_branch_labels.py
[2025-01-05 09:59:49,874] {logging_mixin.py:115} INFO - [2025-01-05 09:59:49,873] {dag.py:2379} INFO - Sync 1 DAGs
[2025-01-05 09:59:49,974] {logging_mixin.py:115} INFO - [2025-01-05 09:59:49,974] {dag.py:2927} INFO - Setting next_dagrun for example_branch_labels to 2025-01-04T00:00:00+00:00, run_after=2025-01-05T00:00:00+00:00
[2025-01-05 09:59:50,018] {processor.py:161} INFO - Processing /home/daniel/Documents/Alura/python_apache_airflow_pipeline/venv/lib/python3.9/site-packages/airflow/example_dags/example_branch_labels.py took 0.245 seconds
[2025-01-05 10:00:37,842] {processor.py:153} INFO - Started process (PID=6826) to work on /home/daniel/Documents/Alura/python_apache_airflow_pipeline/venv/lib/python3.9/site-packages/airflow/example_dags/example_branch_labels.py
[2025-01-05 10:00:37,847] {processor.py:641} INFO - Processing file /home/daniel/Documents/Alura/python_apache_airflow_pipeline/venv/lib/python3.9/site-packages/airflow/example_dags/example_branch_labels.py for tasks to queue
[2025-01-05 10:00:37,850] {logging_mixin.py:115} INFO - [2025-01-05 10:00:37,850] {dagbag.py:507} INFO - Filling up the DagBag from /home/daniel/Documents/Alura/python_apache_airflow_pipeline/venv/lib/python3.9/site-packages/airflow/example_dags/example_branch_labels.py
[2025-01-05 10:00:37,875] {processor.py:651} INFO - DAG(s) dict_keys(['example_branch_labels']) retrieved from /home/daniel/Documents/Alura/python_apache_airflow_pipeline/venv/lib/python3.9/site-packages/airflow/example_dags/example_branch_labels.py
[2025-01-05 10:00:37,921] {logging_mixin.py:115} INFO - [2025-01-05 10:00:37,921] {dag.py:2379} INFO - Sync 1 DAGs
[2025-01-05 10:00:37,978] {logging_mixin.py:115} INFO - [2025-01-05 10:00:37,977] {dag.py:2927} INFO - Setting next_dagrun for example_branch_labels to 2025-01-04T00:00:00+00:00, run_after=2025-01-05T00:00:00+00:00
[2025-01-05 10:00:38,013] {processor.py:161} INFO - Processing /home/daniel/Documents/Alura/python_apache_airflow_pipeline/venv/lib/python3.9/site-packages/airflow/example_dags/example_branch_labels.py took 0.180 seconds
[2025-01-05 10:03:14,513] {processor.py:153} INFO - Started process (PID=7946) to work on /home/daniel/Documents/Alura/python_apache_airflow_pipeline/venv/lib/python3.9/site-packages/airflow/example_dags/example_branch_labels.py
[2025-01-05 10:03:14,517] {processor.py:641} INFO - Processing file /home/daniel/Documents/Alura/python_apache_airflow_pipeline/venv/lib/python3.9/site-packages/airflow/example_dags/example_branch_labels.py for tasks to queue
[2025-01-05 10:03:14,525] {logging_mixin.py:115} INFO - [2025-01-05 10:03:14,525] {dagbag.py:507} INFO - Filling up the DagBag from /home/daniel/Documents/Alura/python_apache_airflow_pipeline/venv/lib/python3.9/site-packages/airflow/example_dags/example_branch_labels.py
[2025-01-05 10:03:14,550] {processor.py:651} INFO - DAG(s) dict_keys(['example_branch_labels']) retrieved from /home/daniel/Documents/Alura/python_apache_airflow_pipeline/venv/lib/python3.9/site-packages/airflow/example_dags/example_branch_labels.py
[2025-01-05 10:03:14,650] {logging_mixin.py:115} INFO - [2025-01-05 10:03:14,650] {dag.py:2379} INFO - Sync 1 DAGs
[2025-01-05 10:03:14,746] {logging_mixin.py:115} INFO - [2025-01-05 10:03:14,746] {dag.py:2927} INFO - Setting next_dagrun for example_branch_labels to 2025-01-04T00:00:00+00:00, run_after=2025-01-05T00:00:00+00:00
[2025-01-05 10:03:14,802] {processor.py:161} INFO - Processing /home/daniel/Documents/Alura/python_apache_airflow_pipeline/venv/lib/python3.9/site-packages/airflow/example_dags/example_branch_labels.py took 0.321 seconds
[2025-01-05 10:04:10,337] {processor.py:153} INFO - Started process (PID=8175) to work on /home/daniel/Documents/Alura/python_apache_airflow_pipeline/venv/lib/python3.9/site-packages/airflow/example_dags/example_branch_labels.py
[2025-01-05 10:04:10,341] {processor.py:641} INFO - Processing file /home/daniel/Documents/Alura/python_apache_airflow_pipeline/venv/lib/python3.9/site-packages/airflow/example_dags/example_branch_labels.py for tasks to queue
[2025-01-05 10:04:10,342] {logging_mixin.py:115} INFO - [2025-01-05 10:04:10,342] {dagbag.py:507} INFO - Filling up the DagBag from /home/daniel/Documents/Alura/python_apache_airflow_pipeline/venv/lib/python3.9/site-packages/airflow/example_dags/example_branch_labels.py
[2025-01-05 10:04:10,377] {processor.py:651} INFO - DAG(s) dict_keys(['example_branch_labels']) retrieved from /home/daniel/Documents/Alura/python_apache_airflow_pipeline/venv/lib/python3.9/site-packages/airflow/example_dags/example_branch_labels.py
[2025-01-05 10:04:10,437] {logging_mixin.py:115} INFO - [2025-01-05 10:04:10,437] {dag.py:2379} INFO - Sync 1 DAGs
[2025-01-05 10:04:10,509] {logging_mixin.py:115} INFO - [2025-01-05 10:04:10,509] {dag.py:2927} INFO - Setting next_dagrun for example_branch_labels to 2025-01-04T00:00:00+00:00, run_after=2025-01-05T00:00:00+00:00
[2025-01-05 10:04:10,569] {processor.py:161} INFO - Processing /home/daniel/Documents/Alura/python_apache_airflow_pipeline/venv/lib/python3.9/site-packages/airflow/example_dags/example_branch_labels.py took 0.252 seconds
[2025-01-05 10:05:08,481] {processor.py:153} INFO - Started process (PID=8246) to work on /home/daniel/Documents/Alura/python_apache_airflow_pipeline/venv/lib/python3.9/site-packages/airflow/example_dags/example_branch_labels.py
[2025-01-05 10:05:08,493] {processor.py:641} INFO - Processing file /home/daniel/Documents/Alura/python_apache_airflow_pipeline/venv/lib/python3.9/site-packages/airflow/example_dags/example_branch_labels.py for tasks to queue
[2025-01-05 10:05:08,501] {logging_mixin.py:115} INFO - [2025-01-05 10:05:08,501] {dagbag.py:507} INFO - Filling up the DagBag from /home/daniel/Documents/Alura/python_apache_airflow_pipeline/venv/lib/python3.9/site-packages/airflow/example_dags/example_branch_labels.py
[2025-01-05 10:05:08,565] {processor.py:651} INFO - DAG(s) dict_keys(['example_branch_labels']) retrieved from /home/daniel/Documents/Alura/python_apache_airflow_pipeline/venv/lib/python3.9/site-packages/airflow/example_dags/example_branch_labels.py
[2025-01-05 10:05:08,794] {logging_mixin.py:115} INFO - [2025-01-05 10:05:08,793] {dag.py:2379} INFO - Sync 1 DAGs
[2025-01-05 10:05:09,065] {logging_mixin.py:115} INFO - [2025-01-05 10:05:09,061] {dag.py:2927} INFO - Setting next_dagrun for example_branch_labels to 2025-01-04T00:00:00+00:00, run_after=2025-01-05T00:00:00+00:00
[2025-01-05 10:05:09,197] {processor.py:161} INFO - Processing /home/daniel/Documents/Alura/python_apache_airflow_pipeline/venv/lib/python3.9/site-packages/airflow/example_dags/example_branch_labels.py took 0.744 seconds
[2025-01-05 10:16:41,837] {processor.py:153} INFO - Started process (PID=9250) to work on /home/daniel/Documents/Alura/python_apache_airflow_pipeline/venv/lib/python3.9/site-packages/airflow/example_dags/example_branch_labels.py
[2025-01-05 10:16:41,839] {processor.py:641} INFO - Processing file /home/daniel/Documents/Alura/python_apache_airflow_pipeline/venv/lib/python3.9/site-packages/airflow/example_dags/example_branch_labels.py for tasks to queue
[2025-01-05 10:16:41,839] {logging_mixin.py:115} INFO - [2025-01-05 10:16:41,839] {dagbag.py:507} INFO - Filling up the DagBag from /home/daniel/Documents/Alura/python_apache_airflow_pipeline/venv/lib/python3.9/site-packages/airflow/example_dags/example_branch_labels.py
[2025-01-05 10:16:41,848] {processor.py:651} INFO - DAG(s) dict_keys(['example_branch_labels']) retrieved from /home/daniel/Documents/Alura/python_apache_airflow_pipeline/venv/lib/python3.9/site-packages/airflow/example_dags/example_branch_labels.py
[2025-01-05 10:16:41,869] {logging_mixin.py:115} INFO - [2025-01-05 10:16:41,868] {dag.py:2379} INFO - Sync 1 DAGs
[2025-01-05 10:16:41,891] {logging_mixin.py:115} INFO - [2025-01-05 10:16:41,891] {dag.py:2927} INFO - Setting next_dagrun for example_branch_labels to 2025-01-04T00:00:00+00:00, run_after=2025-01-05T00:00:00+00:00
[2025-01-05 10:16:41,910] {processor.py:161} INFO - Processing /home/daniel/Documents/Alura/python_apache_airflow_pipeline/venv/lib/python3.9/site-packages/airflow/example_dags/example_branch_labels.py took 0.077 seconds
[2025-01-05 10:17:18,177] {processor.py:153} INFO - Started process (PID=9609) to work on /home/daniel/Documents/Alura/python_apache_airflow_pipeline/venv/lib/python3.9/site-packages/airflow/example_dags/example_branch_labels.py
[2025-01-05 10:17:18,178] {processor.py:641} INFO - Processing file /home/daniel/Documents/Alura/python_apache_airflow_pipeline/venv/lib/python3.9/site-packages/airflow/example_dags/example_branch_labels.py for tasks to queue
[2025-01-05 10:17:18,178] {logging_mixin.py:115} INFO - [2025-01-05 10:17:18,178] {dagbag.py:507} INFO - Filling up the DagBag from /home/daniel/Documents/Alura/python_apache_airflow_pipeline/venv/lib/python3.9/site-packages/airflow/example_dags/example_branch_labels.py
[2025-01-05 10:17:18,185] {processor.py:651} INFO - DAG(s) dict_keys(['example_branch_labels']) retrieved from /home/daniel/Documents/Alura/python_apache_airflow_pipeline/venv/lib/python3.9/site-packages/airflow/example_dags/example_branch_labels.py
[2025-01-05 10:17:18,203] {logging_mixin.py:115} INFO - [2025-01-05 10:17:18,203] {dag.py:2379} INFO - Sync 1 DAGs
[2025-01-05 10:17:18,223] {logging_mixin.py:115} INFO - [2025-01-05 10:17:18,223] {dag.py:2927} INFO - Setting next_dagrun for example_branch_labels to 2025-01-04T00:00:00+00:00, run_after=2025-01-05T00:00:00+00:00
[2025-01-05 10:17:18,238] {processor.py:161} INFO - Processing /home/daniel/Documents/Alura/python_apache_airflow_pipeline/venv/lib/python3.9/site-packages/airflow/example_dags/example_branch_labels.py took 0.063 seconds
[2025-01-05 10:17:54,412] {processor.py:153} INFO - Started process (PID=9850) to work on /home/daniel/Documents/Alura/python_apache_airflow_pipeline/venv/lib/python3.9/site-packages/airflow/example_dags/example_branch_labels.py
[2025-01-05 10:17:54,415] {processor.py:641} INFO - Processing file /home/daniel/Documents/Alura/python_apache_airflow_pipeline/venv/lib/python3.9/site-packages/airflow/example_dags/example_branch_labels.py for tasks to queue
[2025-01-05 10:17:54,416] {logging_mixin.py:115} INFO - [2025-01-05 10:17:54,415] {dagbag.py:507} INFO - Filling up the DagBag from /home/daniel/Documents/Alura/python_apache_airflow_pipeline/venv/lib/python3.9/site-packages/airflow/example_dags/example_branch_labels.py
[2025-01-05 10:17:54,422] {processor.py:651} INFO - DAG(s) dict_keys(['example_branch_labels']) retrieved from /home/daniel/Documents/Alura/python_apache_airflow_pipeline/venv/lib/python3.9/site-packages/airflow/example_dags/example_branch_labels.py
[2025-01-05 10:17:54,439] {logging_mixin.py:115} INFO - [2025-01-05 10:17:54,439] {dag.py:2379} INFO - Sync 1 DAGs
[2025-01-05 10:17:54,458] {logging_mixin.py:115} INFO - [2025-01-05 10:17:54,458] {dag.py:2927} INFO - Setting next_dagrun for example_branch_labels to 2025-01-04T00:00:00+00:00, run_after=2025-01-05T00:00:00+00:00
[2025-01-05 10:17:54,473] {processor.py:161} INFO - Processing /home/daniel/Documents/Alura/python_apache_airflow_pipeline/venv/lib/python3.9/site-packages/airflow/example_dags/example_branch_labels.py took 0.064 seconds
[2025-01-05 10:18:31,560] {processor.py:153} INFO - Started process (PID=10063) to work on /home/daniel/Documents/Alura/python_apache_airflow_pipeline/venv/lib/python3.9/site-packages/airflow/example_dags/example_branch_labels.py
[2025-01-05 10:18:31,561] {processor.py:641} INFO - Processing file /home/daniel/Documents/Alura/python_apache_airflow_pipeline/venv/lib/python3.9/site-packages/airflow/example_dags/example_branch_labels.py for tasks to queue
[2025-01-05 10:18:31,561] {logging_mixin.py:115} INFO - [2025-01-05 10:18:31,561] {dagbag.py:507} INFO - Filling up the DagBag from /home/daniel/Documents/Alura/python_apache_airflow_pipeline/venv/lib/python3.9/site-packages/airflow/example_dags/example_branch_labels.py
[2025-01-05 10:18:31,567] {processor.py:651} INFO - DAG(s) dict_keys(['example_branch_labels']) retrieved from /home/daniel/Documents/Alura/python_apache_airflow_pipeline/venv/lib/python3.9/site-packages/airflow/example_dags/example_branch_labels.py
[2025-01-05 10:18:31,584] {logging_mixin.py:115} INFO - [2025-01-05 10:18:31,584] {dag.py:2379} INFO - Sync 1 DAGs
[2025-01-05 10:18:31,600] {logging_mixin.py:115} INFO - [2025-01-05 10:18:31,599] {dag.py:2927} INFO - Setting next_dagrun for example_branch_labels to 2025-01-04T00:00:00+00:00, run_after=2025-01-05T00:00:00+00:00
[2025-01-05 10:18:31,611] {processor.py:161} INFO - Processing /home/daniel/Documents/Alura/python_apache_airflow_pipeline/venv/lib/python3.9/site-packages/airflow/example_dags/example_branch_labels.py took 0.055 seconds
[2025-01-05 10:19:10,904] {processor.py:153} INFO - Started process (PID=10402) to work on /home/daniel/Documents/Alura/python_apache_airflow_pipeline/venv/lib/python3.9/site-packages/airflow/example_dags/example_branch_labels.py
[2025-01-05 10:19:10,906] {processor.py:641} INFO - Processing file /home/daniel/Documents/Alura/python_apache_airflow_pipeline/venv/lib/python3.9/site-packages/airflow/example_dags/example_branch_labels.py for tasks to queue
[2025-01-05 10:19:10,907] {logging_mixin.py:115} INFO - [2025-01-05 10:19:10,907] {dagbag.py:507} INFO - Filling up the DagBag from /home/daniel/Documents/Alura/python_apache_airflow_pipeline/venv/lib/python3.9/site-packages/airflow/example_dags/example_branch_labels.py
[2025-01-05 10:19:10,917] {processor.py:651} INFO - DAG(s) dict_keys(['example_branch_labels']) retrieved from /home/daniel/Documents/Alura/python_apache_airflow_pipeline/venv/lib/python3.9/site-packages/airflow/example_dags/example_branch_labels.py
[2025-01-05 10:19:10,944] {logging_mixin.py:115} INFO - [2025-01-05 10:19:10,944] {dag.py:2379} INFO - Sync 1 DAGs
[2025-01-05 10:19:10,972] {logging_mixin.py:115} INFO - [2025-01-05 10:19:10,972] {dag.py:2927} INFO - Setting next_dagrun for example_branch_labels to 2025-01-04T00:00:00+00:00, run_after=2025-01-05T00:00:00+00:00
[2025-01-05 10:19:10,996] {processor.py:161} INFO - Processing /home/daniel/Documents/Alura/python_apache_airflow_pipeline/venv/lib/python3.9/site-packages/airflow/example_dags/example_branch_labels.py took 0.100 seconds
[2025-01-05 10:19:49,948] {processor.py:153} INFO - Started process (PID=10643) to work on /home/daniel/Documents/Alura/python_apache_airflow_pipeline/venv/lib/python3.9/site-packages/airflow/example_dags/example_branch_labels.py
[2025-01-05 10:19:49,953] {processor.py:641} INFO - Processing file /home/daniel/Documents/Alura/python_apache_airflow_pipeline/venv/lib/python3.9/site-packages/airflow/example_dags/example_branch_labels.py for tasks to queue
[2025-01-05 10:19:49,954] {logging_mixin.py:115} INFO - [2025-01-05 10:19:49,954] {dagbag.py:507} INFO - Filling up the DagBag from /home/daniel/Documents/Alura/python_apache_airflow_pipeline/venv/lib/python3.9/site-packages/airflow/example_dags/example_branch_labels.py
[2025-01-05 10:19:49,964] {processor.py:651} INFO - DAG(s) dict_keys(['example_branch_labels']) retrieved from /home/daniel/Documents/Alura/python_apache_airflow_pipeline/venv/lib/python3.9/site-packages/airflow/example_dags/example_branch_labels.py
[2025-01-05 10:19:49,987] {logging_mixin.py:115} INFO - [2025-01-05 10:19:49,986] {dag.py:2379} INFO - Sync 1 DAGs
[2025-01-05 10:19:50,014] {logging_mixin.py:115} INFO - [2025-01-05 10:19:50,014] {dag.py:2927} INFO - Setting next_dagrun for example_branch_labels to 2025-01-04T00:00:00+00:00, run_after=2025-01-05T00:00:00+00:00
[2025-01-05 10:19:50,031] {processor.py:161} INFO - Processing /home/daniel/Documents/Alura/python_apache_airflow_pipeline/venv/lib/python3.9/site-packages/airflow/example_dags/example_branch_labels.py took 0.088 seconds
[2025-01-05 10:20:35,691] {processor.py:153} INFO - Started process (PID=10925) to work on /home/daniel/Documents/Alura/python_apache_airflow_pipeline/venv/lib/python3.9/site-packages/airflow/example_dags/example_branch_labels.py
[2025-01-05 10:20:35,692] {processor.py:641} INFO - Processing file /home/daniel/Documents/Alura/python_apache_airflow_pipeline/venv/lib/python3.9/site-packages/airflow/example_dags/example_branch_labels.py for tasks to queue
[2025-01-05 10:20:35,694] {logging_mixin.py:115} INFO - [2025-01-05 10:20:35,694] {dagbag.py:507} INFO - Filling up the DagBag from /home/daniel/Documents/Alura/python_apache_airflow_pipeline/venv/lib/python3.9/site-packages/airflow/example_dags/example_branch_labels.py
[2025-01-05 10:20:35,699] {processor.py:651} INFO - DAG(s) dict_keys(['example_branch_labels']) retrieved from /home/daniel/Documents/Alura/python_apache_airflow_pipeline/venv/lib/python3.9/site-packages/airflow/example_dags/example_branch_labels.py
[2025-01-05 10:20:35,719] {logging_mixin.py:115} INFO - [2025-01-05 10:20:35,719] {dag.py:2379} INFO - Sync 1 DAGs
[2025-01-05 10:20:35,742] {logging_mixin.py:115} INFO - [2025-01-05 10:20:35,742] {dag.py:2927} INFO - Setting next_dagrun for example_branch_labels to 2025-01-04T00:00:00+00:00, run_after=2025-01-05T00:00:00+00:00
[2025-01-05 10:20:35,760] {processor.py:161} INFO - Processing /home/daniel/Documents/Alura/python_apache_airflow_pipeline/venv/lib/python3.9/site-packages/airflow/example_dags/example_branch_labels.py took 0.073 seconds
[2025-01-05 10:22:11,908] {processor.py:153} INFO - Started process (PID=12180) to work on /home/daniel/Documents/Alura/python_apache_airflow_pipeline/venv/lib/python3.9/site-packages/airflow/example_dags/example_branch_labels.py
[2025-01-05 10:22:11,911] {processor.py:641} INFO - Processing file /home/daniel/Documents/Alura/python_apache_airflow_pipeline/venv/lib/python3.9/site-packages/airflow/example_dags/example_branch_labels.py for tasks to queue
[2025-01-05 10:22:11,912] {logging_mixin.py:115} INFO - [2025-01-05 10:22:11,912] {dagbag.py:507} INFO - Filling up the DagBag from /home/daniel/Documents/Alura/python_apache_airflow_pipeline/venv/lib/python3.9/site-packages/airflow/example_dags/example_branch_labels.py
[2025-01-05 10:22:11,929] {processor.py:651} INFO - DAG(s) dict_keys(['example_branch_labels']) retrieved from /home/daniel/Documents/Alura/python_apache_airflow_pipeline/venv/lib/python3.9/site-packages/airflow/example_dags/example_branch_labels.py
[2025-01-05 10:22:11,986] {logging_mixin.py:115} INFO - [2025-01-05 10:22:11,985] {dag.py:2379} INFO - Sync 1 DAGs
[2025-01-05 10:22:12,039] {logging_mixin.py:115} INFO - [2025-01-05 10:22:12,039] {dag.py:2927} INFO - Setting next_dagrun for example_branch_labels to 2025-01-04T00:00:00+00:00, run_after=2025-01-05T00:00:00+00:00
[2025-01-05 10:22:12,099] {processor.py:161} INFO - Processing /home/daniel/Documents/Alura/python_apache_airflow_pipeline/venv/lib/python3.9/site-packages/airflow/example_dags/example_branch_labels.py took 0.208 seconds
[2025-01-05 10:22:54,595] {processor.py:153} INFO - Started process (PID=12644) to work on /home/daniel/Documents/Alura/python_apache_airflow_pipeline/venv/lib/python3.9/site-packages/airflow/example_dags/example_branch_labels.py
[2025-01-05 10:22:54,602] {processor.py:641} INFO - Processing file /home/daniel/Documents/Alura/python_apache_airflow_pipeline/venv/lib/python3.9/site-packages/airflow/example_dags/example_branch_labels.py for tasks to queue
[2025-01-05 10:22:54,603] {logging_mixin.py:115} INFO - [2025-01-05 10:22:54,603] {dagbag.py:507} INFO - Filling up the DagBag from /home/daniel/Documents/Alura/python_apache_airflow_pipeline/venv/lib/python3.9/site-packages/airflow/example_dags/example_branch_labels.py
[2025-01-05 10:22:54,615] {processor.py:651} INFO - DAG(s) dict_keys(['example_branch_labels']) retrieved from /home/daniel/Documents/Alura/python_apache_airflow_pipeline/venv/lib/python3.9/site-packages/airflow/example_dags/example_branch_labels.py
[2025-01-05 10:22:54,646] {logging_mixin.py:115} INFO - [2025-01-05 10:22:54,646] {dag.py:2379} INFO - Sync 1 DAGs
[2025-01-05 10:22:54,675] {logging_mixin.py:115} INFO - [2025-01-05 10:22:54,675] {dag.py:2927} INFO - Setting next_dagrun for example_branch_labels to 2025-01-04T00:00:00+00:00, run_after=2025-01-05T00:00:00+00:00
[2025-01-05 10:22:54,707] {processor.py:161} INFO - Processing /home/daniel/Documents/Alura/python_apache_airflow_pipeline/venv/lib/python3.9/site-packages/airflow/example_dags/example_branch_labels.py took 0.117 seconds
[2025-01-05 10:23:39,224] {processor.py:153} INFO - Started process (PID=13021) to work on /home/daniel/Documents/Alura/python_apache_airflow_pipeline/venv/lib/python3.9/site-packages/airflow/example_dags/example_branch_labels.py
[2025-01-05 10:23:39,226] {processor.py:641} INFO - Processing file /home/daniel/Documents/Alura/python_apache_airflow_pipeline/venv/lib/python3.9/site-packages/airflow/example_dags/example_branch_labels.py for tasks to queue
[2025-01-05 10:23:39,227] {logging_mixin.py:115} INFO - [2025-01-05 10:23:39,227] {dagbag.py:507} INFO - Filling up the DagBag from /home/daniel/Documents/Alura/python_apache_airflow_pipeline/venv/lib/python3.9/site-packages/airflow/example_dags/example_branch_labels.py
[2025-01-05 10:23:39,236] {processor.py:651} INFO - DAG(s) dict_keys(['example_branch_labels']) retrieved from /home/daniel/Documents/Alura/python_apache_airflow_pipeline/venv/lib/python3.9/site-packages/airflow/example_dags/example_branch_labels.py
[2025-01-05 10:23:39,266] {logging_mixin.py:115} INFO - [2025-01-05 10:23:39,264] {dag.py:2379} INFO - Sync 1 DAGs
[2025-01-05 10:23:39,314] {logging_mixin.py:115} INFO - [2025-01-05 10:23:39,314] {dag.py:2927} INFO - Setting next_dagrun for example_branch_labels to 2025-01-04T00:00:00+00:00, run_after=2025-01-05T00:00:00+00:00
[2025-01-05 10:23:39,344] {processor.py:161} INFO - Processing /home/daniel/Documents/Alura/python_apache_airflow_pipeline/venv/lib/python3.9/site-packages/airflow/example_dags/example_branch_labels.py took 0.124 seconds
[2025-01-05 10:24:18,928] {processor.py:153} INFO - Started process (PID=13296) to work on /home/daniel/Documents/Alura/python_apache_airflow_pipeline/venv/lib/python3.9/site-packages/airflow/example_dags/example_branch_labels.py
[2025-01-05 10:24:18,930] {processor.py:641} INFO - Processing file /home/daniel/Documents/Alura/python_apache_airflow_pipeline/venv/lib/python3.9/site-packages/airflow/example_dags/example_branch_labels.py for tasks to queue
[2025-01-05 10:24:18,931] {logging_mixin.py:115} INFO - [2025-01-05 10:24:18,931] {dagbag.py:507} INFO - Filling up the DagBag from /home/daniel/Documents/Alura/python_apache_airflow_pipeline/venv/lib/python3.9/site-packages/airflow/example_dags/example_branch_labels.py
[2025-01-05 10:24:18,947] {processor.py:651} INFO - DAG(s) dict_keys(['example_branch_labels']) retrieved from /home/daniel/Documents/Alura/python_apache_airflow_pipeline/venv/lib/python3.9/site-packages/airflow/example_dags/example_branch_labels.py
[2025-01-05 10:24:18,982] {logging_mixin.py:115} INFO - [2025-01-05 10:24:18,982] {dag.py:2379} INFO - Sync 1 DAGs
[2025-01-05 10:24:19,031] {logging_mixin.py:115} INFO - [2025-01-05 10:24:19,031] {dag.py:2927} INFO - Setting next_dagrun for example_branch_labels to 2025-01-04T00:00:00+00:00, run_after=2025-01-05T00:00:00+00:00
[2025-01-05 10:24:19,068] {processor.py:161} INFO - Processing /home/daniel/Documents/Alura/python_apache_airflow_pipeline/venv/lib/python3.9/site-packages/airflow/example_dags/example_branch_labels.py took 0.149 seconds
[2025-01-05 10:25:16,982] {processor.py:153} INFO - Started process (PID=13863) to work on /home/daniel/Documents/Alura/python_apache_airflow_pipeline/venv/lib/python3.9/site-packages/airflow/example_dags/example_branch_labels.py
[2025-01-05 10:25:16,987] {processor.py:641} INFO - Processing file /home/daniel/Documents/Alura/python_apache_airflow_pipeline/venv/lib/python3.9/site-packages/airflow/example_dags/example_branch_labels.py for tasks to queue
[2025-01-05 10:25:16,991] {logging_mixin.py:115} INFO - [2025-01-05 10:25:16,990] {dagbag.py:507} INFO - Filling up the DagBag from /home/daniel/Documents/Alura/python_apache_airflow_pipeline/venv/lib/python3.9/site-packages/airflow/example_dags/example_branch_labels.py
[2025-01-05 10:25:17,022] {processor.py:651} INFO - DAG(s) dict_keys(['example_branch_labels']) retrieved from /home/daniel/Documents/Alura/python_apache_airflow_pipeline/venv/lib/python3.9/site-packages/airflow/example_dags/example_branch_labels.py
[2025-01-05 10:25:17,086] {logging_mixin.py:115} INFO - [2025-01-05 10:25:17,083] {dag.py:2379} INFO - Sync 1 DAGs
[2025-01-05 10:25:17,139] {logging_mixin.py:115} INFO - [2025-01-05 10:25:17,139] {dag.py:2927} INFO - Setting next_dagrun for example_branch_labels to 2025-01-04T00:00:00+00:00, run_after=2025-01-05T00:00:00+00:00
[2025-01-05 10:25:17,174] {processor.py:161} INFO - Processing /home/daniel/Documents/Alura/python_apache_airflow_pipeline/venv/lib/python3.9/site-packages/airflow/example_dags/example_branch_labels.py took 0.200 seconds
[2025-01-05 10:26:16,542] {processor.py:153} INFO - Started process (PID=14113) to work on /home/daniel/Documents/Alura/python_apache_airflow_pipeline/venv/lib/python3.9/site-packages/airflow/example_dags/example_branch_labels.py
[2025-01-05 10:26:16,546] {processor.py:641} INFO - Processing file /home/daniel/Documents/Alura/python_apache_airflow_pipeline/venv/lib/python3.9/site-packages/airflow/example_dags/example_branch_labels.py for tasks to queue
[2025-01-05 10:26:16,550] {logging_mixin.py:115} INFO - [2025-01-05 10:26:16,550] {dagbag.py:507} INFO - Filling up the DagBag from /home/daniel/Documents/Alura/python_apache_airflow_pipeline/venv/lib/python3.9/site-packages/airflow/example_dags/example_branch_labels.py
[2025-01-05 10:26:16,570] {processor.py:651} INFO - DAG(s) dict_keys(['example_branch_labels']) retrieved from /home/daniel/Documents/Alura/python_apache_airflow_pipeline/venv/lib/python3.9/site-packages/airflow/example_dags/example_branch_labels.py
[2025-01-05 10:26:16,615] {logging_mixin.py:115} INFO - [2025-01-05 10:26:16,615] {dag.py:2379} INFO - Sync 1 DAGs
[2025-01-05 10:26:16,667] {logging_mixin.py:115} INFO - [2025-01-05 10:26:16,667] {dag.py:2927} INFO - Setting next_dagrun for example_branch_labels to 2025-01-04T00:00:00+00:00, run_after=2025-01-05T00:00:00+00:00
[2025-01-05 10:26:16,703] {processor.py:161} INFO - Processing /home/daniel/Documents/Alura/python_apache_airflow_pipeline/venv/lib/python3.9/site-packages/airflow/example_dags/example_branch_labels.py took 0.172 seconds
[2025-01-05 10:27:21,146] {processor.py:153} INFO - Started process (PID=14668) to work on /home/daniel/Documents/Alura/python_apache_airflow_pipeline/venv/lib/python3.9/site-packages/airflow/example_dags/example_branch_labels.py
[2025-01-05 10:27:21,154] {processor.py:641} INFO - Processing file /home/daniel/Documents/Alura/python_apache_airflow_pipeline/venv/lib/python3.9/site-packages/airflow/example_dags/example_branch_labels.py for tasks to queue
[2025-01-05 10:27:21,155] {logging_mixin.py:115} INFO - [2025-01-05 10:27:21,155] {dagbag.py:507} INFO - Filling up the DagBag from /home/daniel/Documents/Alura/python_apache_airflow_pipeline/venv/lib/python3.9/site-packages/airflow/example_dags/example_branch_labels.py
[2025-01-05 10:27:21,183] {processor.py:651} INFO - DAG(s) dict_keys(['example_branch_labels']) retrieved from /home/daniel/Documents/Alura/python_apache_airflow_pipeline/venv/lib/python3.9/site-packages/airflow/example_dags/example_branch_labels.py
[2025-01-05 10:27:21,251] {logging_mixin.py:115} INFO - [2025-01-05 10:27:21,251] {dag.py:2379} INFO - Sync 1 DAGs
[2025-01-05 10:27:21,350] {logging_mixin.py:115} INFO - [2025-01-05 10:27:21,347] {dag.py:2927} INFO - Setting next_dagrun for example_branch_labels to 2025-01-04T00:00:00+00:00, run_after=2025-01-05T00:00:00+00:00
[2025-01-05 10:27:21,446] {processor.py:161} INFO - Processing /home/daniel/Documents/Alura/python_apache_airflow_pipeline/venv/lib/python3.9/site-packages/airflow/example_dags/example_branch_labels.py took 0.313 seconds
[2025-01-05 10:28:16,071] {processor.py:153} INFO - Started process (PID=14831) to work on /home/daniel/Documents/Alura/python_apache_airflow_pipeline/venv/lib/python3.9/site-packages/airflow/example_dags/example_branch_labels.py
[2025-01-05 10:28:16,086] {processor.py:641} INFO - Processing file /home/daniel/Documents/Alura/python_apache_airflow_pipeline/venv/lib/python3.9/site-packages/airflow/example_dags/example_branch_labels.py for tasks to queue
[2025-01-05 10:28:16,091] {logging_mixin.py:115} INFO - [2025-01-05 10:28:16,091] {dagbag.py:507} INFO - Filling up the DagBag from /home/daniel/Documents/Alura/python_apache_airflow_pipeline/venv/lib/python3.9/site-packages/airflow/example_dags/example_branch_labels.py
[2025-01-05 10:28:16,126] {processor.py:651} INFO - DAG(s) dict_keys(['example_branch_labels']) retrieved from /home/daniel/Documents/Alura/python_apache_airflow_pipeline/venv/lib/python3.9/site-packages/airflow/example_dags/example_branch_labels.py
[2025-01-05 10:28:16,202] {logging_mixin.py:115} INFO - [2025-01-05 10:28:16,202] {dag.py:2379} INFO - Sync 1 DAGs
[2025-01-05 10:28:16,279] {logging_mixin.py:115} INFO - [2025-01-05 10:28:16,279] {dag.py:2927} INFO - Setting next_dagrun for example_branch_labels to 2025-01-04T00:00:00+00:00, run_after=2025-01-05T00:00:00+00:00
[2025-01-05 10:28:16,342] {processor.py:161} INFO - Processing /home/daniel/Documents/Alura/python_apache_airflow_pipeline/venv/lib/python3.9/site-packages/airflow/example_dags/example_branch_labels.py took 0.284 seconds
[2025-01-05 10:29:39,006] {processor.py:153} INFO - Started process (PID=15444) to work on /home/daniel/Documents/Alura/python_apache_airflow_pipeline/venv/lib/python3.9/site-packages/airflow/example_dags/example_branch_labels.py
[2025-01-05 10:29:39,018] {processor.py:641} INFO - Processing file /home/daniel/Documents/Alura/python_apache_airflow_pipeline/venv/lib/python3.9/site-packages/airflow/example_dags/example_branch_labels.py for tasks to queue
[2025-01-05 10:29:39,030] {logging_mixin.py:115} INFO - [2025-01-05 10:29:39,026] {dagbag.py:507} INFO - Filling up the DagBag from /home/daniel/Documents/Alura/python_apache_airflow_pipeline/venv/lib/python3.9/site-packages/airflow/example_dags/example_branch_labels.py
[2025-01-05 10:29:39,106] {processor.py:651} INFO - DAG(s) dict_keys(['example_branch_labels']) retrieved from /home/daniel/Documents/Alura/python_apache_airflow_pipeline/venv/lib/python3.9/site-packages/airflow/example_dags/example_branch_labels.py
[2025-01-05 10:29:39,282] {logging_mixin.py:115} INFO - [2025-01-05 10:29:39,282] {dag.py:2379} INFO - Sync 1 DAGs
[2025-01-05 10:29:39,503] {logging_mixin.py:115} INFO - [2025-01-05 10:29:39,502] {dag.py:2927} INFO - Setting next_dagrun for example_branch_labels to 2025-01-04T00:00:00+00:00, run_after=2025-01-05T00:00:00+00:00
[2025-01-05 10:29:39,662] {processor.py:161} INFO - Processing /home/daniel/Documents/Alura/python_apache_airflow_pipeline/venv/lib/python3.9/site-packages/airflow/example_dags/example_branch_labels.py took 0.708 seconds
[2025-01-05 10:32:03,010] {processor.py:153} INFO - Started process (PID=15990) to work on /home/daniel/Documents/Alura/python_apache_airflow_pipeline/venv/lib/python3.9/site-packages/airflow/example_dags/example_branch_labels.py
[2025-01-05 10:32:03,013] {processor.py:641} INFO - Processing file /home/daniel/Documents/Alura/python_apache_airflow_pipeline/venv/lib/python3.9/site-packages/airflow/example_dags/example_branch_labels.py for tasks to queue
[2025-01-05 10:32:03,014] {logging_mixin.py:115} INFO - [2025-01-05 10:32:03,014] {dagbag.py:507} INFO - Filling up the DagBag from /home/daniel/Documents/Alura/python_apache_airflow_pipeline/venv/lib/python3.9/site-packages/airflow/example_dags/example_branch_labels.py
[2025-01-05 10:32:03,019] {processor.py:651} INFO - DAG(s) dict_keys(['example_branch_labels']) retrieved from /home/daniel/Documents/Alura/python_apache_airflow_pipeline/venv/lib/python3.9/site-packages/airflow/example_dags/example_branch_labels.py
[2025-01-05 10:32:03,032] {logging_mixin.py:115} INFO - [2025-01-05 10:32:03,032] {dag.py:2379} INFO - Sync 1 DAGs
[2025-01-05 10:32:03,047] {logging_mixin.py:115} INFO - [2025-01-05 10:32:03,047] {dag.py:2927} INFO - Setting next_dagrun for example_branch_labels to 2025-01-04T00:00:00+00:00, run_after=2025-01-05T00:00:00+00:00
[2025-01-05 10:32:03,058] {processor.py:161} INFO - Processing /home/daniel/Documents/Alura/python_apache_airflow_pipeline/venv/lib/python3.9/site-packages/airflow/example_dags/example_branch_labels.py took 0.051 seconds
[2025-01-05 10:32:38,244] {processor.py:153} INFO - Started process (PID=16346) to work on /home/daniel/Documents/Alura/python_apache_airflow_pipeline/venv/lib/python3.9/site-packages/airflow/example_dags/example_branch_labels.py
[2025-01-05 10:32:38,246] {processor.py:641} INFO - Processing file /home/daniel/Documents/Alura/python_apache_airflow_pipeline/venv/lib/python3.9/site-packages/airflow/example_dags/example_branch_labels.py for tasks to queue
[2025-01-05 10:32:38,247] {logging_mixin.py:115} INFO - [2025-01-05 10:32:38,247] {dagbag.py:507} INFO - Filling up the DagBag from /home/daniel/Documents/Alura/python_apache_airflow_pipeline/venv/lib/python3.9/site-packages/airflow/example_dags/example_branch_labels.py
[2025-01-05 10:32:38,253] {processor.py:651} INFO - DAG(s) dict_keys(['example_branch_labels']) retrieved from /home/daniel/Documents/Alura/python_apache_airflow_pipeline/venv/lib/python3.9/site-packages/airflow/example_dags/example_branch_labels.py
[2025-01-05 10:32:38,274] {logging_mixin.py:115} INFO - [2025-01-05 10:32:38,274] {dag.py:2379} INFO - Sync 1 DAGs
[2025-01-05 10:32:38,300] {logging_mixin.py:115} INFO - [2025-01-05 10:32:38,300] {dag.py:2927} INFO - Setting next_dagrun for example_branch_labels to 2025-01-04T00:00:00+00:00, run_after=2025-01-05T00:00:00+00:00
[2025-01-05 10:32:38,317] {processor.py:161} INFO - Processing /home/daniel/Documents/Alura/python_apache_airflow_pipeline/venv/lib/python3.9/site-packages/airflow/example_dags/example_branch_labels.py took 0.076 seconds
[2025-01-05 10:33:22,776] {processor.py:153} INFO - Started process (PID=16749) to work on /home/daniel/Documents/Alura/python_apache_airflow_pipeline/venv/lib/python3.9/site-packages/airflow/example_dags/example_branch_labels.py
[2025-01-05 10:33:22,777] {processor.py:641} INFO - Processing file /home/daniel/Documents/Alura/python_apache_airflow_pipeline/venv/lib/python3.9/site-packages/airflow/example_dags/example_branch_labels.py for tasks to queue
[2025-01-05 10:33:22,778] {logging_mixin.py:115} INFO - [2025-01-05 10:33:22,778] {dagbag.py:507} INFO - Filling up the DagBag from /home/daniel/Documents/Alura/python_apache_airflow_pipeline/venv/lib/python3.9/site-packages/airflow/example_dags/example_branch_labels.py
[2025-01-05 10:33:22,783] {processor.py:651} INFO - DAG(s) dict_keys(['example_branch_labels']) retrieved from /home/daniel/Documents/Alura/python_apache_airflow_pipeline/venv/lib/python3.9/site-packages/airflow/example_dags/example_branch_labels.py
[2025-01-05 10:33:22,796] {logging_mixin.py:115} INFO - [2025-01-05 10:33:22,796] {dag.py:2379} INFO - Sync 1 DAGs
[2025-01-05 10:33:22,809] {logging_mixin.py:115} INFO - [2025-01-05 10:33:22,809] {dag.py:2927} INFO - Setting next_dagrun for example_branch_labels to 2025-01-04T00:00:00+00:00, run_after=2025-01-05T00:00:00+00:00
[2025-01-05 10:33:22,821] {processor.py:161} INFO - Processing /home/daniel/Documents/Alura/python_apache_airflow_pipeline/venv/lib/python3.9/site-packages/airflow/example_dags/example_branch_labels.py took 0.047 seconds
[2025-01-05 10:33:59,059] {processor.py:153} INFO - Started process (PID=16792) to work on /home/daniel/Documents/Alura/python_apache_airflow_pipeline/venv/lib/python3.9/site-packages/airflow/example_dags/example_branch_labels.py
[2025-01-05 10:33:59,060] {processor.py:641} INFO - Processing file /home/daniel/Documents/Alura/python_apache_airflow_pipeline/venv/lib/python3.9/site-packages/airflow/example_dags/example_branch_labels.py for tasks to queue
[2025-01-05 10:33:59,060] {logging_mixin.py:115} INFO - [2025-01-05 10:33:59,060] {dagbag.py:507} INFO - Filling up the DagBag from /home/daniel/Documents/Alura/python_apache_airflow_pipeline/venv/lib/python3.9/site-packages/airflow/example_dags/example_branch_labels.py
[2025-01-05 10:33:59,065] {processor.py:651} INFO - DAG(s) dict_keys(['example_branch_labels']) retrieved from /home/daniel/Documents/Alura/python_apache_airflow_pipeline/venv/lib/python3.9/site-packages/airflow/example_dags/example_branch_labels.py
[2025-01-05 10:33:59,079] {logging_mixin.py:115} INFO - [2025-01-05 10:33:59,079] {dag.py:2379} INFO - Sync 1 DAGs
[2025-01-05 10:33:59,093] {logging_mixin.py:115} INFO - [2025-01-05 10:33:59,093] {dag.py:2927} INFO - Setting next_dagrun for example_branch_labels to 2025-01-04T00:00:00+00:00, run_after=2025-01-05T00:00:00+00:00
[2025-01-05 10:33:59,105] {processor.py:161} INFO - Processing /home/daniel/Documents/Alura/python_apache_airflow_pipeline/venv/lib/python3.9/site-packages/airflow/example_dags/example_branch_labels.py took 0.049 seconds
[2025-01-05 10:34:34,985] {processor.py:153} INFO - Started process (PID=16833) to work on /home/daniel/Documents/Alura/python_apache_airflow_pipeline/venv/lib/python3.9/site-packages/airflow/example_dags/example_branch_labels.py
[2025-01-05 10:34:34,986] {processor.py:641} INFO - Processing file /home/daniel/Documents/Alura/python_apache_airflow_pipeline/venv/lib/python3.9/site-packages/airflow/example_dags/example_branch_labels.py for tasks to queue
[2025-01-05 10:34:34,987] {logging_mixin.py:115} INFO - [2025-01-05 10:34:34,987] {dagbag.py:507} INFO - Filling up the DagBag from /home/daniel/Documents/Alura/python_apache_airflow_pipeline/venv/lib/python3.9/site-packages/airflow/example_dags/example_branch_labels.py
[2025-01-05 10:34:34,992] {processor.py:651} INFO - DAG(s) dict_keys(['example_branch_labels']) retrieved from /home/daniel/Documents/Alura/python_apache_airflow_pipeline/venv/lib/python3.9/site-packages/airflow/example_dags/example_branch_labels.py
[2025-01-05 10:34:35,009] {logging_mixin.py:115} INFO - [2025-01-05 10:34:35,009] {dag.py:2379} INFO - Sync 1 DAGs
[2025-01-05 10:34:35,024] {logging_mixin.py:115} INFO - [2025-01-05 10:34:35,024] {dag.py:2927} INFO - Setting next_dagrun for example_branch_labels to 2025-01-04T00:00:00+00:00, run_after=2025-01-05T00:00:00+00:00
[2025-01-05 10:34:35,035] {processor.py:161} INFO - Processing /home/daniel/Documents/Alura/python_apache_airflow_pipeline/venv/lib/python3.9/site-packages/airflow/example_dags/example_branch_labels.py took 0.053 seconds
[2025-01-05 10:35:11,792] {processor.py:153} INFO - Started process (PID=16872) to work on /home/daniel/Documents/Alura/python_apache_airflow_pipeline/venv/lib/python3.9/site-packages/airflow/example_dags/example_branch_labels.py
[2025-01-05 10:35:11,793] {processor.py:641} INFO - Processing file /home/daniel/Documents/Alura/python_apache_airflow_pipeline/venv/lib/python3.9/site-packages/airflow/example_dags/example_branch_labels.py for tasks to queue
[2025-01-05 10:35:11,794] {logging_mixin.py:115} INFO - [2025-01-05 10:35:11,794] {dagbag.py:507} INFO - Filling up the DagBag from /home/daniel/Documents/Alura/python_apache_airflow_pipeline/venv/lib/python3.9/site-packages/airflow/example_dags/example_branch_labels.py
[2025-01-05 10:35:11,799] {processor.py:651} INFO - DAG(s) dict_keys(['example_branch_labels']) retrieved from /home/daniel/Documents/Alura/python_apache_airflow_pipeline/venv/lib/python3.9/site-packages/airflow/example_dags/example_branch_labels.py
[2025-01-05 10:35:11,816] {logging_mixin.py:115} INFO - [2025-01-05 10:35:11,816] {dag.py:2379} INFO - Sync 1 DAGs
[2025-01-05 10:35:11,839] {logging_mixin.py:115} INFO - [2025-01-05 10:35:11,838] {dag.py:2927} INFO - Setting next_dagrun for example_branch_labels to 2025-01-04T00:00:00+00:00, run_after=2025-01-05T00:00:00+00:00
[2025-01-05 10:35:11,853] {processor.py:161} INFO - Processing /home/daniel/Documents/Alura/python_apache_airflow_pipeline/venv/lib/python3.9/site-packages/airflow/example_dags/example_branch_labels.py took 0.065 seconds
[2025-01-05 10:35:51,138] {processor.py:153} INFO - Started process (PID=17022) to work on /home/daniel/Documents/Alura/python_apache_airflow_pipeline/venv/lib/python3.9/site-packages/airflow/example_dags/example_branch_labels.py
[2025-01-05 10:35:51,140] {processor.py:641} INFO - Processing file /home/daniel/Documents/Alura/python_apache_airflow_pipeline/venv/lib/python3.9/site-packages/airflow/example_dags/example_branch_labels.py for tasks to queue
[2025-01-05 10:35:51,141] {logging_mixin.py:115} INFO - [2025-01-05 10:35:51,140] {dagbag.py:507} INFO - Filling up the DagBag from /home/daniel/Documents/Alura/python_apache_airflow_pipeline/venv/lib/python3.9/site-packages/airflow/example_dags/example_branch_labels.py
[2025-01-05 10:35:51,147] {processor.py:651} INFO - DAG(s) dict_keys(['example_branch_labels']) retrieved from /home/daniel/Documents/Alura/python_apache_airflow_pipeline/venv/lib/python3.9/site-packages/airflow/example_dags/example_branch_labels.py
[2025-01-05 10:35:51,168] {logging_mixin.py:115} INFO - [2025-01-05 10:35:51,168] {dag.py:2379} INFO - Sync 1 DAGs
[2025-01-05 10:35:51,199] {logging_mixin.py:115} INFO - [2025-01-05 10:35:51,199] {dag.py:2927} INFO - Setting next_dagrun for example_branch_labels to 2025-01-04T00:00:00+00:00, run_after=2025-01-05T00:00:00+00:00
[2025-01-05 10:35:51,217] {processor.py:161} INFO - Processing /home/daniel/Documents/Alura/python_apache_airflow_pipeline/venv/lib/python3.9/site-packages/airflow/example_dags/example_branch_labels.py took 0.082 seconds
[2025-01-05 10:36:29,200] {processor.py:153} INFO - Started process (PID=17060) to work on /home/daniel/Documents/Alura/python_apache_airflow_pipeline/venv/lib/python3.9/site-packages/airflow/example_dags/example_branch_labels.py
[2025-01-05 10:36:29,201] {processor.py:641} INFO - Processing file /home/daniel/Documents/Alura/python_apache_airflow_pipeline/venv/lib/python3.9/site-packages/airflow/example_dags/example_branch_labels.py for tasks to queue
[2025-01-05 10:36:29,202] {logging_mixin.py:115} INFO - [2025-01-05 10:36:29,202] {dagbag.py:507} INFO - Filling up the DagBag from /home/daniel/Documents/Alura/python_apache_airflow_pipeline/venv/lib/python3.9/site-packages/airflow/example_dags/example_branch_labels.py
[2025-01-05 10:36:29,212] {processor.py:651} INFO - DAG(s) dict_keys(['example_branch_labels']) retrieved from /home/daniel/Documents/Alura/python_apache_airflow_pipeline/venv/lib/python3.9/site-packages/airflow/example_dags/example_branch_labels.py
[2025-01-05 10:36:29,236] {logging_mixin.py:115} INFO - [2025-01-05 10:36:29,236] {dag.py:2379} INFO - Sync 1 DAGs
[2025-01-05 10:36:29,264] {logging_mixin.py:115} INFO - [2025-01-05 10:36:29,263] {dag.py:2927} INFO - Setting next_dagrun for example_branch_labels to 2025-01-04T00:00:00+00:00, run_after=2025-01-05T00:00:00+00:00
[2025-01-05 10:36:29,285] {processor.py:161} INFO - Processing /home/daniel/Documents/Alura/python_apache_airflow_pipeline/venv/lib/python3.9/site-packages/airflow/example_dags/example_branch_labels.py took 0.089 seconds
[2025-01-05 10:37:06,729] {processor.py:153} INFO - Started process (PID=17110) to work on /home/daniel/Documents/Alura/python_apache_airflow_pipeline/venv/lib/python3.9/site-packages/airflow/example_dags/example_branch_labels.py
[2025-01-05 10:37:06,731] {processor.py:641} INFO - Processing file /home/daniel/Documents/Alura/python_apache_airflow_pipeline/venv/lib/python3.9/site-packages/airflow/example_dags/example_branch_labels.py for tasks to queue
[2025-01-05 10:37:06,732] {logging_mixin.py:115} INFO - [2025-01-05 10:37:06,732] {dagbag.py:507} INFO - Filling up the DagBag from /home/daniel/Documents/Alura/python_apache_airflow_pipeline/venv/lib/python3.9/site-packages/airflow/example_dags/example_branch_labels.py
[2025-01-05 10:37:06,739] {processor.py:651} INFO - DAG(s) dict_keys(['example_branch_labels']) retrieved from /home/daniel/Documents/Alura/python_apache_airflow_pipeline/venv/lib/python3.9/site-packages/airflow/example_dags/example_branch_labels.py
[2025-01-05 10:37:06,764] {logging_mixin.py:115} INFO - [2025-01-05 10:37:06,764] {dag.py:2379} INFO - Sync 1 DAGs
[2025-01-05 10:37:06,788] {logging_mixin.py:115} INFO - [2025-01-05 10:37:06,788] {dag.py:2927} INFO - Setting next_dagrun for example_branch_labels to 2025-01-04T00:00:00+00:00, run_after=2025-01-05T00:00:00+00:00
[2025-01-05 10:37:06,806] {processor.py:161} INFO - Processing /home/daniel/Documents/Alura/python_apache_airflow_pipeline/venv/lib/python3.9/site-packages/airflow/example_dags/example_branch_labels.py took 0.081 seconds
[2025-01-05 10:37:42,440] {processor.py:153} INFO - Started process (PID=17206) to work on /home/daniel/Documents/Alura/python_apache_airflow_pipeline/venv/lib/python3.9/site-packages/airflow/example_dags/example_branch_labels.py
[2025-01-05 10:37:42,442] {processor.py:641} INFO - Processing file /home/daniel/Documents/Alura/python_apache_airflow_pipeline/venv/lib/python3.9/site-packages/airflow/example_dags/example_branch_labels.py for tasks to queue
[2025-01-05 10:37:42,444] {logging_mixin.py:115} INFO - [2025-01-05 10:37:42,444] {dagbag.py:507} INFO - Filling up the DagBag from /home/daniel/Documents/Alura/python_apache_airflow_pipeline/venv/lib/python3.9/site-packages/airflow/example_dags/example_branch_labels.py
[2025-01-05 10:37:42,456] {processor.py:651} INFO - DAG(s) dict_keys(['example_branch_labels']) retrieved from /home/daniel/Documents/Alura/python_apache_airflow_pipeline/venv/lib/python3.9/site-packages/airflow/example_dags/example_branch_labels.py
[2025-01-05 10:37:42,479] {logging_mixin.py:115} INFO - [2025-01-05 10:37:42,479] {dag.py:2379} INFO - Sync 1 DAGs
[2025-01-05 10:37:42,511] {logging_mixin.py:115} INFO - [2025-01-05 10:37:42,511] {dag.py:2927} INFO - Setting next_dagrun for example_branch_labels to 2025-01-04T00:00:00+00:00, run_after=2025-01-05T00:00:00+00:00
[2025-01-05 10:37:42,533] {processor.py:161} INFO - Processing /home/daniel/Documents/Alura/python_apache_airflow_pipeline/venv/lib/python3.9/site-packages/airflow/example_dags/example_branch_labels.py took 0.100 seconds
[2025-01-05 10:38:32,828] {processor.py:153} INFO - Started process (PID=17526) to work on /home/daniel/Documents/Alura/python_apache_airflow_pipeline/venv/lib/python3.9/site-packages/airflow/example_dags/example_branch_labels.py
[2025-01-05 10:38:32,831] {processor.py:641} INFO - Processing file /home/daniel/Documents/Alura/python_apache_airflow_pipeline/venv/lib/python3.9/site-packages/airflow/example_dags/example_branch_labels.py for tasks to queue
[2025-01-05 10:38:32,832] {logging_mixin.py:115} INFO - [2025-01-05 10:38:32,832] {dagbag.py:507} INFO - Filling up the DagBag from /home/daniel/Documents/Alura/python_apache_airflow_pipeline/venv/lib/python3.9/site-packages/airflow/example_dags/example_branch_labels.py
[2025-01-05 10:38:32,843] {processor.py:651} INFO - DAG(s) dict_keys(['example_branch_labels']) retrieved from /home/daniel/Documents/Alura/python_apache_airflow_pipeline/venv/lib/python3.9/site-packages/airflow/example_dags/example_branch_labels.py
[2025-01-05 10:38:32,911] {logging_mixin.py:115} INFO - [2025-01-05 10:38:32,911] {dag.py:2379} INFO - Sync 1 DAGs
[2025-01-05 10:38:32,987] {logging_mixin.py:115} INFO - [2025-01-05 10:38:32,985] {dag.py:2927} INFO - Setting next_dagrun for example_branch_labels to 2025-01-04T00:00:00+00:00, run_after=2025-01-05T00:00:00+00:00
[2025-01-05 10:38:33,036] {processor.py:161} INFO - Processing /home/daniel/Documents/Alura/python_apache_airflow_pipeline/venv/lib/python3.9/site-packages/airflow/example_dags/example_branch_labels.py took 0.216 seconds
[2025-01-05 10:39:25,787] {processor.py:153} INFO - Started process (PID=17630) to work on /home/daniel/Documents/Alura/python_apache_airflow_pipeline/venv/lib/python3.9/site-packages/airflow/example_dags/example_branch_labels.py
[2025-01-05 10:39:25,789] {processor.py:641} INFO - Processing file /home/daniel/Documents/Alura/python_apache_airflow_pipeline/venv/lib/python3.9/site-packages/airflow/example_dags/example_branch_labels.py for tasks to queue
[2025-01-05 10:39:25,791] {logging_mixin.py:115} INFO - [2025-01-05 10:39:25,791] {dagbag.py:507} INFO - Filling up the DagBag from /home/daniel/Documents/Alura/python_apache_airflow_pipeline/venv/lib/python3.9/site-packages/airflow/example_dags/example_branch_labels.py
[2025-01-05 10:39:25,804] {processor.py:651} INFO - DAG(s) dict_keys(['example_branch_labels']) retrieved from /home/daniel/Documents/Alura/python_apache_airflow_pipeline/venv/lib/python3.9/site-packages/airflow/example_dags/example_branch_labels.py
[2025-01-05 10:39:25,848] {logging_mixin.py:115} INFO - [2025-01-05 10:39:25,848] {dag.py:2379} INFO - Sync 1 DAGs
[2025-01-05 10:39:25,892] {logging_mixin.py:115} INFO - [2025-01-05 10:39:25,892] {dag.py:2927} INFO - Setting next_dagrun for example_branch_labels to 2025-01-04T00:00:00+00:00, run_after=2025-01-05T00:00:00+00:00
[2025-01-05 10:39:25,916] {processor.py:161} INFO - Processing /home/daniel/Documents/Alura/python_apache_airflow_pipeline/venv/lib/python3.9/site-packages/airflow/example_dags/example_branch_labels.py took 0.135 seconds
[2025-01-05 10:40:28,400] {processor.py:153} INFO - Started process (PID=18095) to work on /home/daniel/Documents/Alura/python_apache_airflow_pipeline/venv/lib/python3.9/site-packages/airflow/example_dags/example_branch_labels.py
[2025-01-05 10:40:28,404] {processor.py:641} INFO - Processing file /home/daniel/Documents/Alura/python_apache_airflow_pipeline/venv/lib/python3.9/site-packages/airflow/example_dags/example_branch_labels.py for tasks to queue
[2025-01-05 10:40:28,416] {logging_mixin.py:115} INFO - [2025-01-05 10:40:28,416] {dagbag.py:507} INFO - Filling up the DagBag from /home/daniel/Documents/Alura/python_apache_airflow_pipeline/venv/lib/python3.9/site-packages/airflow/example_dags/example_branch_labels.py
[2025-01-05 10:40:28,443] {processor.py:651} INFO - DAG(s) dict_keys(['example_branch_labels']) retrieved from /home/daniel/Documents/Alura/python_apache_airflow_pipeline/venv/lib/python3.9/site-packages/airflow/example_dags/example_branch_labels.py
[2025-01-05 10:40:28,515] {logging_mixin.py:115} INFO - [2025-01-05 10:40:28,515] {dag.py:2379} INFO - Sync 1 DAGs
[2025-01-05 10:40:28,577] {logging_mixin.py:115} INFO - [2025-01-05 10:40:28,576] {dag.py:2927} INFO - Setting next_dagrun for example_branch_labels to 2025-01-04T00:00:00+00:00, run_after=2025-01-05T00:00:00+00:00
[2025-01-05 10:40:28,621] {processor.py:161} INFO - Processing /home/daniel/Documents/Alura/python_apache_airflow_pipeline/venv/lib/python3.9/site-packages/airflow/example_dags/example_branch_labels.py took 0.229 seconds
[2025-01-05 10:45:05,462] {processor.py:153} INFO - Started process (PID=18300) to work on /home/daniel/Documents/Alura/python_apache_airflow_pipeline/venv/lib/python3.9/site-packages/airflow/example_dags/example_branch_labels.py
[2025-01-05 10:45:05,472] {processor.py:641} INFO - Processing file /home/daniel/Documents/Alura/python_apache_airflow_pipeline/venv/lib/python3.9/site-packages/airflow/example_dags/example_branch_labels.py for tasks to queue
[2025-01-05 10:45:05,474] {logging_mixin.py:115} INFO - [2025-01-05 10:45:05,474] {dagbag.py:507} INFO - Filling up the DagBag from /home/daniel/Documents/Alura/python_apache_airflow_pipeline/venv/lib/python3.9/site-packages/airflow/example_dags/example_branch_labels.py
[2025-01-05 10:45:05,531] {processor.py:651} INFO - DAG(s) dict_keys(['example_branch_labels']) retrieved from /home/daniel/Documents/Alura/python_apache_airflow_pipeline/venv/lib/python3.9/site-packages/airflow/example_dags/example_branch_labels.py
[2025-01-05 10:45:05,676] {logging_mixin.py:115} INFO - [2025-01-05 10:45:05,676] {dag.py:2379} INFO - Sync 1 DAGs
[2025-01-05 10:45:05,964] {logging_mixin.py:115} INFO - [2025-01-05 10:45:05,963] {dag.py:2927} INFO - Setting next_dagrun for example_branch_labels to 2025-01-04T00:00:00+00:00, run_after=2025-01-05T00:00:00+00:00
[2025-01-05 10:45:06,161] {processor.py:161} INFO - Processing /home/daniel/Documents/Alura/python_apache_airflow_pipeline/venv/lib/python3.9/site-packages/airflow/example_dags/example_branch_labels.py took 0.724 seconds
[2025-01-05 10:45:55,651] {processor.py:153} INFO - Started process (PID=18696) to work on /home/daniel/Documents/Alura/python_apache_airflow_pipeline/venv/lib/python3.9/site-packages/airflow/example_dags/example_branch_labels.py
[2025-01-05 10:45:55,653] {processor.py:641} INFO - Processing file /home/daniel/Documents/Alura/python_apache_airflow_pipeline/venv/lib/python3.9/site-packages/airflow/example_dags/example_branch_labels.py for tasks to queue
[2025-01-05 10:45:55,654] {logging_mixin.py:115} INFO - [2025-01-05 10:45:55,654] {dagbag.py:507} INFO - Filling up the DagBag from /home/daniel/Documents/Alura/python_apache_airflow_pipeline/venv/lib/python3.9/site-packages/airflow/example_dags/example_branch_labels.py
[2025-01-05 10:45:55,662] {processor.py:651} INFO - DAG(s) dict_keys(['example_branch_labels']) retrieved from /home/daniel/Documents/Alura/python_apache_airflow_pipeline/venv/lib/python3.9/site-packages/airflow/example_dags/example_branch_labels.py
[2025-01-05 10:45:55,680] {logging_mixin.py:115} INFO - [2025-01-05 10:45:55,680] {dag.py:2379} INFO - Sync 1 DAGs
[2025-01-05 10:45:55,703] {logging_mixin.py:115} INFO - [2025-01-05 10:45:55,703] {dag.py:2927} INFO - Setting next_dagrun for example_branch_labels to 2025-01-04T00:00:00+00:00, run_after=2025-01-05T00:00:00+00:00
[2025-01-05 10:45:55,721] {processor.py:161} INFO - Processing /home/daniel/Documents/Alura/python_apache_airflow_pipeline/venv/lib/python3.9/site-packages/airflow/example_dags/example_branch_labels.py took 0.075 seconds
[2025-01-05 10:46:43,613] {processor.py:153} INFO - Started process (PID=19002) to work on /home/daniel/Documents/Alura/python_apache_airflow_pipeline/venv/lib/python3.9/site-packages/airflow/example_dags/example_branch_labels.py
[2025-01-05 10:46:43,614] {processor.py:641} INFO - Processing file /home/daniel/Documents/Alura/python_apache_airflow_pipeline/venv/lib/python3.9/site-packages/airflow/example_dags/example_branch_labels.py for tasks to queue
[2025-01-05 10:46:43,615] {logging_mixin.py:115} INFO - [2025-01-05 10:46:43,615] {dagbag.py:507} INFO - Filling up the DagBag from /home/daniel/Documents/Alura/python_apache_airflow_pipeline/venv/lib/python3.9/site-packages/airflow/example_dags/example_branch_labels.py
[2025-01-05 10:46:43,620] {processor.py:651} INFO - DAG(s) dict_keys(['example_branch_labels']) retrieved from /home/daniel/Documents/Alura/python_apache_airflow_pipeline/venv/lib/python3.9/site-packages/airflow/example_dags/example_branch_labels.py
[2025-01-05 10:46:43,637] {logging_mixin.py:115} INFO - [2025-01-05 10:46:43,636] {dag.py:2379} INFO - Sync 1 DAGs
[2025-01-05 10:46:43,652] {logging_mixin.py:115} INFO - [2025-01-05 10:46:43,652] {dag.py:2927} INFO - Setting next_dagrun for example_branch_labels to 2025-01-04T00:00:00+00:00, run_after=2025-01-05T00:00:00+00:00
[2025-01-05 10:46:43,665] {processor.py:161} INFO - Processing /home/daniel/Documents/Alura/python_apache_airflow_pipeline/venv/lib/python3.9/site-packages/airflow/example_dags/example_branch_labels.py took 0.056 seconds
[2025-01-05 10:47:21,431] {processor.py:153} INFO - Started process (PID=19277) to work on /home/daniel/Documents/Alura/python_apache_airflow_pipeline/venv/lib/python3.9/site-packages/airflow/example_dags/example_branch_labels.py
[2025-01-05 10:47:21,433] {processor.py:641} INFO - Processing file /home/daniel/Documents/Alura/python_apache_airflow_pipeline/venv/lib/python3.9/site-packages/airflow/example_dags/example_branch_labels.py for tasks to queue
[2025-01-05 10:47:21,434] {logging_mixin.py:115} INFO - [2025-01-05 10:47:21,434] {dagbag.py:507} INFO - Filling up the DagBag from /home/daniel/Documents/Alura/python_apache_airflow_pipeline/venv/lib/python3.9/site-packages/airflow/example_dags/example_branch_labels.py
[2025-01-05 10:47:21,442] {processor.py:651} INFO - DAG(s) dict_keys(['example_branch_labels']) retrieved from /home/daniel/Documents/Alura/python_apache_airflow_pipeline/venv/lib/python3.9/site-packages/airflow/example_dags/example_branch_labels.py
[2025-01-05 10:47:21,469] {logging_mixin.py:115} INFO - [2025-01-05 10:47:21,469] {dag.py:2379} INFO - Sync 1 DAGs
[2025-01-05 10:47:21,503] {logging_mixin.py:115} INFO - [2025-01-05 10:47:21,503] {dag.py:2927} INFO - Setting next_dagrun for example_branch_labels to 2025-01-04T00:00:00+00:00, run_after=2025-01-05T00:00:00+00:00
[2025-01-05 10:47:21,525] {processor.py:161} INFO - Processing /home/daniel/Documents/Alura/python_apache_airflow_pipeline/venv/lib/python3.9/site-packages/airflow/example_dags/example_branch_labels.py took 0.097 seconds
[2025-01-05 10:52:44,107] {processor.py:153} INFO - Started process (PID=3888) to work on /home/daniel/Documents/Alura/python_apache_airflow_pipeline/venv/lib/python3.9/site-packages/airflow/example_dags/example_branch_labels.py
[2025-01-05 10:52:44,112] {processor.py:641} INFO - Processing file /home/daniel/Documents/Alura/python_apache_airflow_pipeline/venv/lib/python3.9/site-packages/airflow/example_dags/example_branch_labels.py for tasks to queue
[2025-01-05 10:52:44,113] {logging_mixin.py:115} INFO - [2025-01-05 10:52:44,113] {dagbag.py:507} INFO - Filling up the DagBag from /home/daniel/Documents/Alura/python_apache_airflow_pipeline/venv/lib/python3.9/site-packages/airflow/example_dags/example_branch_labels.py
[2025-01-05 10:52:44,121] {processor.py:651} INFO - DAG(s) dict_keys(['example_branch_labels']) retrieved from /home/daniel/Documents/Alura/python_apache_airflow_pipeline/venv/lib/python3.9/site-packages/airflow/example_dags/example_branch_labels.py
[2025-01-05 10:52:44,137] {logging_mixin.py:115} INFO - [2025-01-05 10:52:44,137] {dag.py:2379} INFO - Sync 1 DAGs
[2025-01-05 10:52:44,155] {logging_mixin.py:115} INFO - [2025-01-05 10:52:44,155] {dag.py:2927} INFO - Setting next_dagrun for example_branch_labels to 2025-01-04T00:00:00+00:00, run_after=2025-01-05T00:00:00+00:00
[2025-01-05 10:52:44,167] {processor.py:161} INFO - Processing /home/daniel/Documents/Alura/python_apache_airflow_pipeline/venv/lib/python3.9/site-packages/airflow/example_dags/example_branch_labels.py took 0.064 seconds
[2025-01-05 10:53:20,075] {processor.py:153} INFO - Started process (PID=3932) to work on /home/daniel/Documents/Alura/python_apache_airflow_pipeline/venv/lib/python3.9/site-packages/airflow/example_dags/example_branch_labels.py
[2025-01-05 10:53:20,076] {processor.py:641} INFO - Processing file /home/daniel/Documents/Alura/python_apache_airflow_pipeline/venv/lib/python3.9/site-packages/airflow/example_dags/example_branch_labels.py for tasks to queue
[2025-01-05 10:53:20,077] {logging_mixin.py:115} INFO - [2025-01-05 10:53:20,077] {dagbag.py:507} INFO - Filling up the DagBag from /home/daniel/Documents/Alura/python_apache_airflow_pipeline/venv/lib/python3.9/site-packages/airflow/example_dags/example_branch_labels.py
[2025-01-05 10:53:20,081] {processor.py:651} INFO - DAG(s) dict_keys(['example_branch_labels']) retrieved from /home/daniel/Documents/Alura/python_apache_airflow_pipeline/venv/lib/python3.9/site-packages/airflow/example_dags/example_branch_labels.py
[2025-01-05 10:53:20,094] {logging_mixin.py:115} INFO - [2025-01-05 10:53:20,094] {dag.py:2379} INFO - Sync 1 DAGs
[2025-01-05 10:53:20,107] {logging_mixin.py:115} INFO - [2025-01-05 10:53:20,107] {dag.py:2927} INFO - Setting next_dagrun for example_branch_labels to 2025-01-04T00:00:00+00:00, run_after=2025-01-05T00:00:00+00:00
[2025-01-05 10:53:20,117] {processor.py:161} INFO - Processing /home/daniel/Documents/Alura/python_apache_airflow_pipeline/venv/lib/python3.9/site-packages/airflow/example_dags/example_branch_labels.py took 0.044 seconds
[2025-01-05 10:53:55,420] {processor.py:153} INFO - Started process (PID=3972) to work on /home/daniel/Documents/Alura/python_apache_airflow_pipeline/venv/lib/python3.9/site-packages/airflow/example_dags/example_branch_labels.py
[2025-01-05 10:53:55,421] {processor.py:641} INFO - Processing file /home/daniel/Documents/Alura/python_apache_airflow_pipeline/venv/lib/python3.9/site-packages/airflow/example_dags/example_branch_labels.py for tasks to queue
[2025-01-05 10:53:55,422] {logging_mixin.py:115} INFO - [2025-01-05 10:53:55,422] {dagbag.py:507} INFO - Filling up the DagBag from /home/daniel/Documents/Alura/python_apache_airflow_pipeline/venv/lib/python3.9/site-packages/airflow/example_dags/example_branch_labels.py
[2025-01-05 10:53:55,427] {processor.py:651} INFO - DAG(s) dict_keys(['example_branch_labels']) retrieved from /home/daniel/Documents/Alura/python_apache_airflow_pipeline/venv/lib/python3.9/site-packages/airflow/example_dags/example_branch_labels.py
[2025-01-05 10:53:55,441] {logging_mixin.py:115} INFO - [2025-01-05 10:53:55,441] {dag.py:2379} INFO - Sync 1 DAGs
[2025-01-05 10:53:55,455] {logging_mixin.py:115} INFO - [2025-01-05 10:53:55,455] {dag.py:2927} INFO - Setting next_dagrun for example_branch_labels to 2025-01-04T00:00:00+00:00, run_after=2025-01-05T00:00:00+00:00
[2025-01-05 10:53:55,464] {processor.py:161} INFO - Processing /home/daniel/Documents/Alura/python_apache_airflow_pipeline/venv/lib/python3.9/site-packages/airflow/example_dags/example_branch_labels.py took 0.047 seconds
[2025-01-05 10:54:32,419] {processor.py:153} INFO - Started process (PID=4016) to work on /home/daniel/Documents/Alura/python_apache_airflow_pipeline/venv/lib/python3.9/site-packages/airflow/example_dags/example_branch_labels.py
[2025-01-05 10:54:32,421] {processor.py:641} INFO - Processing file /home/daniel/Documents/Alura/python_apache_airflow_pipeline/venv/lib/python3.9/site-packages/airflow/example_dags/example_branch_labels.py for tasks to queue
[2025-01-05 10:54:32,422] {logging_mixin.py:115} INFO - [2025-01-05 10:54:32,421] {dagbag.py:507} INFO - Filling up the DagBag from /home/daniel/Documents/Alura/python_apache_airflow_pipeline/venv/lib/python3.9/site-packages/airflow/example_dags/example_branch_labels.py
[2025-01-05 10:54:32,431] {processor.py:651} INFO - DAG(s) dict_keys(['example_branch_labels']) retrieved from /home/daniel/Documents/Alura/python_apache_airflow_pipeline/venv/lib/python3.9/site-packages/airflow/example_dags/example_branch_labels.py
[2025-01-05 10:54:32,462] {logging_mixin.py:115} INFO - [2025-01-05 10:54:32,461] {dag.py:2379} INFO - Sync 1 DAGs
[2025-01-05 10:54:32,496] {logging_mixin.py:115} INFO - [2025-01-05 10:54:32,496] {dag.py:2927} INFO - Setting next_dagrun for example_branch_labels to 2025-01-04T00:00:00+00:00, run_after=2025-01-05T00:00:00+00:00
[2025-01-05 10:54:32,513] {processor.py:161} INFO - Processing /home/daniel/Documents/Alura/python_apache_airflow_pipeline/venv/lib/python3.9/site-packages/airflow/example_dags/example_branch_labels.py took 0.097 seconds
[2025-01-05 10:55:08,593] {processor.py:153} INFO - Started process (PID=4063) to work on /home/daniel/Documents/Alura/python_apache_airflow_pipeline/venv/lib/python3.9/site-packages/airflow/example_dags/example_branch_labels.py
[2025-01-05 10:55:08,595] {processor.py:641} INFO - Processing file /home/daniel/Documents/Alura/python_apache_airflow_pipeline/venv/lib/python3.9/site-packages/airflow/example_dags/example_branch_labels.py for tasks to queue
[2025-01-05 10:55:08,595] {logging_mixin.py:115} INFO - [2025-01-05 10:55:08,595] {dagbag.py:507} INFO - Filling up the DagBag from /home/daniel/Documents/Alura/python_apache_airflow_pipeline/venv/lib/python3.9/site-packages/airflow/example_dags/example_branch_labels.py
[2025-01-05 10:55:08,602] {processor.py:651} INFO - DAG(s) dict_keys(['example_branch_labels']) retrieved from /home/daniel/Documents/Alura/python_apache_airflow_pipeline/venv/lib/python3.9/site-packages/airflow/example_dags/example_branch_labels.py
[2025-01-05 10:55:08,619] {logging_mixin.py:115} INFO - [2025-01-05 10:55:08,619] {dag.py:2379} INFO - Sync 1 DAGs
[2025-01-05 10:55:08,635] {logging_mixin.py:115} INFO - [2025-01-05 10:55:08,634] {dag.py:2927} INFO - Setting next_dagrun for example_branch_labels to 2025-01-04T00:00:00+00:00, run_after=2025-01-05T00:00:00+00:00
[2025-01-05 10:55:08,647] {processor.py:161} INFO - Processing /home/daniel/Documents/Alura/python_apache_airflow_pipeline/venv/lib/python3.9/site-packages/airflow/example_dags/example_branch_labels.py took 0.058 seconds
[2025-01-05 10:55:45,070] {processor.py:153} INFO - Started process (PID=4107) to work on /home/daniel/Documents/Alura/python_apache_airflow_pipeline/venv/lib/python3.9/site-packages/airflow/example_dags/example_branch_labels.py
[2025-01-05 10:55:45,071] {processor.py:641} INFO - Processing file /home/daniel/Documents/Alura/python_apache_airflow_pipeline/venv/lib/python3.9/site-packages/airflow/example_dags/example_branch_labels.py for tasks to queue
[2025-01-05 10:55:45,072] {logging_mixin.py:115} INFO - [2025-01-05 10:55:45,072] {dagbag.py:507} INFO - Filling up the DagBag from /home/daniel/Documents/Alura/python_apache_airflow_pipeline/venv/lib/python3.9/site-packages/airflow/example_dags/example_branch_labels.py
[2025-01-05 10:55:45,077] {processor.py:651} INFO - DAG(s) dict_keys(['example_branch_labels']) retrieved from /home/daniel/Documents/Alura/python_apache_airflow_pipeline/venv/lib/python3.9/site-packages/airflow/example_dags/example_branch_labels.py
[2025-01-05 10:55:45,093] {logging_mixin.py:115} INFO - [2025-01-05 10:55:45,093] {dag.py:2379} INFO - Sync 1 DAGs
[2025-01-05 10:55:45,108] {logging_mixin.py:115} INFO - [2025-01-05 10:55:45,108] {dag.py:2927} INFO - Setting next_dagrun for example_branch_labels to 2025-01-04T00:00:00+00:00, run_after=2025-01-05T00:00:00+00:00
[2025-01-05 10:55:45,119] {processor.py:161} INFO - Processing /home/daniel/Documents/Alura/python_apache_airflow_pipeline/venv/lib/python3.9/site-packages/airflow/example_dags/example_branch_labels.py took 0.052 seconds
[2025-01-05 10:56:19,530] {processor.py:153} INFO - Started process (PID=4166) to work on /home/daniel/Documents/Alura/python_apache_airflow_pipeline/venv/lib/python3.9/site-packages/airflow/example_dags/example_branch_labels.py
[2025-01-05 10:56:19,531] {processor.py:641} INFO - Processing file /home/daniel/Documents/Alura/python_apache_airflow_pipeline/venv/lib/python3.9/site-packages/airflow/example_dags/example_branch_labels.py for tasks to queue
[2025-01-05 10:56:19,532] {logging_mixin.py:115} INFO - [2025-01-05 10:56:19,532] {dagbag.py:507} INFO - Filling up the DagBag from /home/daniel/Documents/Alura/python_apache_airflow_pipeline/venv/lib/python3.9/site-packages/airflow/example_dags/example_branch_labels.py
[2025-01-05 10:56:19,537] {processor.py:651} INFO - DAG(s) dict_keys(['example_branch_labels']) retrieved from /home/daniel/Documents/Alura/python_apache_airflow_pipeline/venv/lib/python3.9/site-packages/airflow/example_dags/example_branch_labels.py
[2025-01-05 10:56:19,551] {logging_mixin.py:115} INFO - [2025-01-05 10:56:19,551] {dag.py:2379} INFO - Sync 1 DAGs
[2025-01-05 10:56:19,564] {logging_mixin.py:115} INFO - [2025-01-05 10:56:19,564] {dag.py:2927} INFO - Setting next_dagrun for example_branch_labels to 2025-01-04T00:00:00+00:00, run_after=2025-01-05T00:00:00+00:00
[2025-01-05 10:56:19,579] {processor.py:161} INFO - Processing /home/daniel/Documents/Alura/python_apache_airflow_pipeline/venv/lib/python3.9/site-packages/airflow/example_dags/example_branch_labels.py took 0.051 seconds
[2025-01-05 10:56:57,164] {processor.py:153} INFO - Started process (PID=4206) to work on /home/daniel/Documents/Alura/python_apache_airflow_pipeline/venv/lib/python3.9/site-packages/airflow/example_dags/example_branch_labels.py
[2025-01-05 10:56:57,167] {processor.py:641} INFO - Processing file /home/daniel/Documents/Alura/python_apache_airflow_pipeline/venv/lib/python3.9/site-packages/airflow/example_dags/example_branch_labels.py for tasks to queue
[2025-01-05 10:56:57,167] {logging_mixin.py:115} INFO - [2025-01-05 10:56:57,167] {dagbag.py:507} INFO - Filling up the DagBag from /home/daniel/Documents/Alura/python_apache_airflow_pipeline/venv/lib/python3.9/site-packages/airflow/example_dags/example_branch_labels.py
[2025-01-05 10:56:57,175] {processor.py:651} INFO - DAG(s) dict_keys(['example_branch_labels']) retrieved from /home/daniel/Documents/Alura/python_apache_airflow_pipeline/venv/lib/python3.9/site-packages/airflow/example_dags/example_branch_labels.py
[2025-01-05 10:56:57,191] {logging_mixin.py:115} INFO - [2025-01-05 10:56:57,191] {dag.py:2379} INFO - Sync 1 DAGs
[2025-01-05 10:56:57,208] {logging_mixin.py:115} INFO - [2025-01-05 10:56:57,208] {dag.py:2927} INFO - Setting next_dagrun for example_branch_labels to 2025-01-04T00:00:00+00:00, run_after=2025-01-05T00:00:00+00:00
[2025-01-05 10:56:57,227] {processor.py:161} INFO - Processing /home/daniel/Documents/Alura/python_apache_airflow_pipeline/venv/lib/python3.9/site-packages/airflow/example_dags/example_branch_labels.py took 0.067 seconds
[2025-01-05 10:57:35,213] {processor.py:153} INFO - Started process (PID=4308) to work on /home/daniel/Documents/Alura/python_apache_airflow_pipeline/venv/lib/python3.9/site-packages/airflow/example_dags/example_branch_labels.py
[2025-01-05 10:57:35,215] {processor.py:641} INFO - Processing file /home/daniel/Documents/Alura/python_apache_airflow_pipeline/venv/lib/python3.9/site-packages/airflow/example_dags/example_branch_labels.py for tasks to queue
[2025-01-05 10:57:35,216] {logging_mixin.py:115} INFO - [2025-01-05 10:57:35,216] {dagbag.py:507} INFO - Filling up the DagBag from /home/daniel/Documents/Alura/python_apache_airflow_pipeline/venv/lib/python3.9/site-packages/airflow/example_dags/example_branch_labels.py
[2025-01-05 10:57:35,229] {processor.py:651} INFO - DAG(s) dict_keys(['example_branch_labels']) retrieved from /home/daniel/Documents/Alura/python_apache_airflow_pipeline/venv/lib/python3.9/site-packages/airflow/example_dags/example_branch_labels.py
[2025-01-05 10:57:35,262] {logging_mixin.py:115} INFO - [2025-01-05 10:57:35,261] {dag.py:2379} INFO - Sync 1 DAGs
[2025-01-05 10:57:35,304] {logging_mixin.py:115} INFO - [2025-01-05 10:57:35,303] {dag.py:2927} INFO - Setting next_dagrun for example_branch_labels to 2025-01-04T00:00:00+00:00, run_after=2025-01-05T00:00:00+00:00
[2025-01-05 10:57:35,344] {processor.py:161} INFO - Processing /home/daniel/Documents/Alura/python_apache_airflow_pipeline/venv/lib/python3.9/site-packages/airflow/example_dags/example_branch_labels.py took 0.137 seconds
[2025-01-05 10:58:30,260] {processor.py:153} INFO - Started process (PID=5006) to work on /home/daniel/Documents/Alura/python_apache_airflow_pipeline/venv/lib/python3.9/site-packages/airflow/example_dags/example_branch_labels.py
[2025-01-05 10:58:30,263] {processor.py:641} INFO - Processing file /home/daniel/Documents/Alura/python_apache_airflow_pipeline/venv/lib/python3.9/site-packages/airflow/example_dags/example_branch_labels.py for tasks to queue
[2025-01-05 10:58:30,264] {logging_mixin.py:115} INFO - [2025-01-05 10:58:30,264] {dagbag.py:507} INFO - Filling up the DagBag from /home/daniel/Documents/Alura/python_apache_airflow_pipeline/venv/lib/python3.9/site-packages/airflow/example_dags/example_branch_labels.py
[2025-01-05 10:58:30,290] {processor.py:651} INFO - DAG(s) dict_keys(['example_branch_labels']) retrieved from /home/daniel/Documents/Alura/python_apache_airflow_pipeline/venv/lib/python3.9/site-packages/airflow/example_dags/example_branch_labels.py
[2025-01-05 10:58:30,359] {logging_mixin.py:115} INFO - [2025-01-05 10:58:30,359] {dag.py:2379} INFO - Sync 1 DAGs
[2025-01-05 10:58:30,411] {logging_mixin.py:115} INFO - [2025-01-05 10:58:30,411] {dag.py:2927} INFO - Setting next_dagrun for example_branch_labels to 2025-01-04T00:00:00+00:00, run_after=2025-01-05T00:00:00+00:00
[2025-01-05 10:58:30,439] {processor.py:161} INFO - Processing /home/daniel/Documents/Alura/python_apache_airflow_pipeline/venv/lib/python3.9/site-packages/airflow/example_dags/example_branch_labels.py took 0.196 seconds
[2025-01-05 10:59:11,787] {processor.py:153} INFO - Started process (PID=5314) to work on /home/daniel/Documents/Alura/python_apache_airflow_pipeline/venv/lib/python3.9/site-packages/airflow/example_dags/example_branch_labels.py
[2025-01-05 10:59:11,788] {processor.py:641} INFO - Processing file /home/daniel/Documents/Alura/python_apache_airflow_pipeline/venv/lib/python3.9/site-packages/airflow/example_dags/example_branch_labels.py for tasks to queue
[2025-01-05 10:59:11,791] {logging_mixin.py:115} INFO - [2025-01-05 10:59:11,790] {dagbag.py:507} INFO - Filling up the DagBag from /home/daniel/Documents/Alura/python_apache_airflow_pipeline/venv/lib/python3.9/site-packages/airflow/example_dags/example_branch_labels.py
[2025-01-05 10:59:11,796] {processor.py:651} INFO - DAG(s) dict_keys(['example_branch_labels']) retrieved from /home/daniel/Documents/Alura/python_apache_airflow_pipeline/venv/lib/python3.9/site-packages/airflow/example_dags/example_branch_labels.py
[2025-01-05 10:59:11,816] {logging_mixin.py:115} INFO - [2025-01-05 10:59:11,816] {dag.py:2379} INFO - Sync 1 DAGs
[2025-01-05 10:59:11,839] {logging_mixin.py:115} INFO - [2025-01-05 10:59:11,839] {dag.py:2927} INFO - Setting next_dagrun for example_branch_labels to 2025-01-04T00:00:00+00:00, run_after=2025-01-05T00:00:00+00:00
[2025-01-05 10:59:11,858] {processor.py:161} INFO - Processing /home/daniel/Documents/Alura/python_apache_airflow_pipeline/venv/lib/python3.9/site-packages/airflow/example_dags/example_branch_labels.py took 0.076 seconds
[2025-01-05 10:59:51,011] {processor.py:153} INFO - Started process (PID=5569) to work on /home/daniel/Documents/Alura/python_apache_airflow_pipeline/venv/lib/python3.9/site-packages/airflow/example_dags/example_branch_labels.py
[2025-01-05 10:59:51,014] {processor.py:641} INFO - Processing file /home/daniel/Documents/Alura/python_apache_airflow_pipeline/venv/lib/python3.9/site-packages/airflow/example_dags/example_branch_labels.py for tasks to queue
[2025-01-05 10:59:51,015] {logging_mixin.py:115} INFO - [2025-01-05 10:59:51,014] {dagbag.py:507} INFO - Filling up the DagBag from /home/daniel/Documents/Alura/python_apache_airflow_pipeline/venv/lib/python3.9/site-packages/airflow/example_dags/example_branch_labels.py
[2025-01-05 10:59:51,022] {processor.py:651} INFO - DAG(s) dict_keys(['example_branch_labels']) retrieved from /home/daniel/Documents/Alura/python_apache_airflow_pipeline/venv/lib/python3.9/site-packages/airflow/example_dags/example_branch_labels.py
[2025-01-05 10:59:51,043] {logging_mixin.py:115} INFO - [2025-01-05 10:59:51,043] {dag.py:2379} INFO - Sync 1 DAGs
[2025-01-05 10:59:51,064] {logging_mixin.py:115} INFO - [2025-01-05 10:59:51,064] {dag.py:2927} INFO - Setting next_dagrun for example_branch_labels to 2025-01-04T00:00:00+00:00, run_after=2025-01-05T00:00:00+00:00
[2025-01-05 10:59:51,088] {processor.py:161} INFO - Processing /home/daniel/Documents/Alura/python_apache_airflow_pipeline/venv/lib/python3.9/site-packages/airflow/example_dags/example_branch_labels.py took 0.081 seconds
[2025-01-05 11:00:33,859] {processor.py:153} INFO - Started process (PID=5927) to work on /home/daniel/Documents/Alura/python_apache_airflow_pipeline/venv/lib/python3.9/site-packages/airflow/example_dags/example_branch_labels.py
[2025-01-05 11:00:33,862] {processor.py:641} INFO - Processing file /home/daniel/Documents/Alura/python_apache_airflow_pipeline/venv/lib/python3.9/site-packages/airflow/example_dags/example_branch_labels.py for tasks to queue
[2025-01-05 11:00:33,863] {logging_mixin.py:115} INFO - [2025-01-05 11:00:33,863] {dagbag.py:507} INFO - Filling up the DagBag from /home/daniel/Documents/Alura/python_apache_airflow_pipeline/venv/lib/python3.9/site-packages/airflow/example_dags/example_branch_labels.py
[2025-01-05 11:00:33,872] {processor.py:651} INFO - DAG(s) dict_keys(['example_branch_labels']) retrieved from /home/daniel/Documents/Alura/python_apache_airflow_pipeline/venv/lib/python3.9/site-packages/airflow/example_dags/example_branch_labels.py
[2025-01-05 11:00:33,896] {logging_mixin.py:115} INFO - [2025-01-05 11:00:33,896] {dag.py:2379} INFO - Sync 1 DAGs
[2025-01-05 11:00:33,919] {logging_mixin.py:115} INFO - [2025-01-05 11:00:33,919] {dag.py:2927} INFO - Setting next_dagrun for example_branch_labels to 2025-01-04T00:00:00+00:00, run_after=2025-01-05T00:00:00+00:00
[2025-01-05 11:00:33,942] {processor.py:161} INFO - Processing /home/daniel/Documents/Alura/python_apache_airflow_pipeline/venv/lib/python3.9/site-packages/airflow/example_dags/example_branch_labels.py took 0.088 seconds
[2025-01-05 11:01:22,048] {processor.py:153} INFO - Started process (PID=6442) to work on /home/daniel/Documents/Alura/python_apache_airflow_pipeline/venv/lib/python3.9/site-packages/airflow/example_dags/example_branch_labels.py
[2025-01-05 11:01:22,051] {processor.py:641} INFO - Processing file /home/daniel/Documents/Alura/python_apache_airflow_pipeline/venv/lib/python3.9/site-packages/airflow/example_dags/example_branch_labels.py for tasks to queue
[2025-01-05 11:01:22,051] {logging_mixin.py:115} INFO - [2025-01-05 11:01:22,051] {dagbag.py:507} INFO - Filling up the DagBag from /home/daniel/Documents/Alura/python_apache_airflow_pipeline/venv/lib/python3.9/site-packages/airflow/example_dags/example_branch_labels.py
[2025-01-05 11:01:22,060] {processor.py:651} INFO - DAG(s) dict_keys(['example_branch_labels']) retrieved from /home/daniel/Documents/Alura/python_apache_airflow_pipeline/venv/lib/python3.9/site-packages/airflow/example_dags/example_branch_labels.py
[2025-01-05 11:01:22,088] {logging_mixin.py:115} INFO - [2025-01-05 11:01:22,088] {dag.py:2379} INFO - Sync 1 DAGs
[2025-01-05 11:01:22,131] {logging_mixin.py:115} INFO - [2025-01-05 11:01:22,131] {dag.py:2927} INFO - Setting next_dagrun for example_branch_labels to 2025-01-04T00:00:00+00:00, run_after=2025-01-05T00:00:00+00:00
[2025-01-05 11:01:22,155] {processor.py:161} INFO - Processing /home/daniel/Documents/Alura/python_apache_airflow_pipeline/venv/lib/python3.9/site-packages/airflow/example_dags/example_branch_labels.py took 0.111 seconds
[2025-01-05 11:02:13,407] {processor.py:153} INFO - Started process (PID=6876) to work on /home/daniel/Documents/Alura/python_apache_airflow_pipeline/venv/lib/python3.9/site-packages/airflow/example_dags/example_branch_labels.py
[2025-01-05 11:02:13,411] {processor.py:641} INFO - Processing file /home/daniel/Documents/Alura/python_apache_airflow_pipeline/venv/lib/python3.9/site-packages/airflow/example_dags/example_branch_labels.py for tasks to queue
[2025-01-05 11:02:13,412] {logging_mixin.py:115} INFO - [2025-01-05 11:02:13,412] {dagbag.py:507} INFO - Filling up the DagBag from /home/daniel/Documents/Alura/python_apache_airflow_pipeline/venv/lib/python3.9/site-packages/airflow/example_dags/example_branch_labels.py
[2025-01-05 11:02:13,423] {processor.py:651} INFO - DAG(s) dict_keys(['example_branch_labels']) retrieved from /home/daniel/Documents/Alura/python_apache_airflow_pipeline/venv/lib/python3.9/site-packages/airflow/example_dags/example_branch_labels.py
[2025-01-05 11:02:13,459] {logging_mixin.py:115} INFO - [2025-01-05 11:02:13,459] {dag.py:2379} INFO - Sync 1 DAGs
[2025-01-05 11:02:13,499] {logging_mixin.py:115} INFO - [2025-01-05 11:02:13,499] {dag.py:2927} INFO - Setting next_dagrun for example_branch_labels to 2025-01-04T00:00:00+00:00, run_after=2025-01-05T00:00:00+00:00
[2025-01-05 11:02:13,531] {processor.py:161} INFO - Processing /home/daniel/Documents/Alura/python_apache_airflow_pipeline/venv/lib/python3.9/site-packages/airflow/example_dags/example_branch_labels.py took 0.131 seconds
[2025-01-05 11:02:58,874] {processor.py:153} INFO - Started process (PID=7165) to work on /home/daniel/Documents/Alura/python_apache_airflow_pipeline/venv/lib/python3.9/site-packages/airflow/example_dags/example_branch_labels.py
[2025-01-05 11:02:58,875] {processor.py:641} INFO - Processing file /home/daniel/Documents/Alura/python_apache_airflow_pipeline/venv/lib/python3.9/site-packages/airflow/example_dags/example_branch_labels.py for tasks to queue
[2025-01-05 11:02:58,878] {logging_mixin.py:115} INFO - [2025-01-05 11:02:58,878] {dagbag.py:507} INFO - Filling up the DagBag from /home/daniel/Documents/Alura/python_apache_airflow_pipeline/venv/lib/python3.9/site-packages/airflow/example_dags/example_branch_labels.py
[2025-01-05 11:02:58,890] {processor.py:651} INFO - DAG(s) dict_keys(['example_branch_labels']) retrieved from /home/daniel/Documents/Alura/python_apache_airflow_pipeline/venv/lib/python3.9/site-packages/airflow/example_dags/example_branch_labels.py
[2025-01-05 11:02:58,943] {logging_mixin.py:115} INFO - [2025-01-05 11:02:58,943] {dag.py:2379} INFO - Sync 1 DAGs
[2025-01-05 11:02:58,991] {logging_mixin.py:115} INFO - [2025-01-05 11:02:58,991] {dag.py:2927} INFO - Setting next_dagrun for example_branch_labels to 2025-01-04T00:00:00+00:00, run_after=2025-01-05T00:00:00+00:00
[2025-01-05 11:02:59,031] {processor.py:161} INFO - Processing /home/daniel/Documents/Alura/python_apache_airflow_pipeline/venv/lib/python3.9/site-packages/airflow/example_dags/example_branch_labels.py took 0.164 seconds
[2025-01-05 11:03:52,863] {processor.py:153} INFO - Started process (PID=7483) to work on /home/daniel/Documents/Alura/python_apache_airflow_pipeline/venv/lib/python3.9/site-packages/airflow/example_dags/example_branch_labels.py
[2025-01-05 11:03:52,867] {processor.py:641} INFO - Processing file /home/daniel/Documents/Alura/python_apache_airflow_pipeline/venv/lib/python3.9/site-packages/airflow/example_dags/example_branch_labels.py for tasks to queue
[2025-01-05 11:03:52,867] {logging_mixin.py:115} INFO - [2025-01-05 11:03:52,867] {dagbag.py:507} INFO - Filling up the DagBag from /home/daniel/Documents/Alura/python_apache_airflow_pipeline/venv/lib/python3.9/site-packages/airflow/example_dags/example_branch_labels.py
[2025-01-05 11:03:52,887] {processor.py:651} INFO - DAG(s) dict_keys(['example_branch_labels']) retrieved from /home/daniel/Documents/Alura/python_apache_airflow_pipeline/venv/lib/python3.9/site-packages/airflow/example_dags/example_branch_labels.py
[2025-01-05 11:03:52,935] {logging_mixin.py:115} INFO - [2025-01-05 11:03:52,935] {dag.py:2379} INFO - Sync 1 DAGs
[2025-01-05 11:03:52,991] {logging_mixin.py:115} INFO - [2025-01-05 11:03:52,991] {dag.py:2927} INFO - Setting next_dagrun for example_branch_labels to 2025-01-04T00:00:00+00:00, run_after=2025-01-05T00:00:00+00:00
[2025-01-05 11:03:53,035] {processor.py:161} INFO - Processing /home/daniel/Documents/Alura/python_apache_airflow_pipeline/venv/lib/python3.9/site-packages/airflow/example_dags/example_branch_labels.py took 0.188 seconds
[2025-01-05 11:04:46,486] {processor.py:153} INFO - Started process (PID=7757) to work on /home/daniel/Documents/Alura/python_apache_airflow_pipeline/venv/lib/python3.9/site-packages/airflow/example_dags/example_branch_labels.py
[2025-01-05 11:04:46,490] {processor.py:641} INFO - Processing file /home/daniel/Documents/Alura/python_apache_airflow_pipeline/venv/lib/python3.9/site-packages/airflow/example_dags/example_branch_labels.py for tasks to queue
[2025-01-05 11:04:46,494] {logging_mixin.py:115} INFO - [2025-01-05 11:04:46,491] {dagbag.py:507} INFO - Filling up the DagBag from /home/daniel/Documents/Alura/python_apache_airflow_pipeline/venv/lib/python3.9/site-packages/airflow/example_dags/example_branch_labels.py
[2025-01-05 11:04:46,519] {processor.py:651} INFO - DAG(s) dict_keys(['example_branch_labels']) retrieved from /home/daniel/Documents/Alura/python_apache_airflow_pipeline/venv/lib/python3.9/site-packages/airflow/example_dags/example_branch_labels.py
[2025-01-05 11:04:46,599] {logging_mixin.py:115} INFO - [2025-01-05 11:04:46,598] {dag.py:2379} INFO - Sync 1 DAGs
[2025-01-05 11:04:46,746] {logging_mixin.py:115} INFO - [2025-01-05 11:04:46,746] {dag.py:2927} INFO - Setting next_dagrun for example_branch_labels to 2025-01-04T00:00:00+00:00, run_after=2025-01-05T00:00:00+00:00
[2025-01-05 11:04:46,802] {processor.py:161} INFO - Processing /home/daniel/Documents/Alura/python_apache_airflow_pipeline/venv/lib/python3.9/site-packages/airflow/example_dags/example_branch_labels.py took 0.331 seconds
[2025-01-05 11:05:42,242] {processor.py:153} INFO - Started process (PID=8018) to work on /home/daniel/Documents/Alura/python_apache_airflow_pipeline/venv/lib/python3.9/site-packages/airflow/example_dags/example_branch_labels.py
[2025-01-05 11:05:42,247] {processor.py:641} INFO - Processing file /home/daniel/Documents/Alura/python_apache_airflow_pipeline/venv/lib/python3.9/site-packages/airflow/example_dags/example_branch_labels.py for tasks to queue
[2025-01-05 11:05:42,251] {logging_mixin.py:115} INFO - [2025-01-05 11:05:42,251] {dagbag.py:507} INFO - Filling up the DagBag from /home/daniel/Documents/Alura/python_apache_airflow_pipeline/venv/lib/python3.9/site-packages/airflow/example_dags/example_branch_labels.py
[2025-01-05 11:05:42,299] {processor.py:651} INFO - DAG(s) dict_keys(['example_branch_labels']) retrieved from /home/daniel/Documents/Alura/python_apache_airflow_pipeline/venv/lib/python3.9/site-packages/airflow/example_dags/example_branch_labels.py
[2025-01-05 11:05:42,422] {logging_mixin.py:115} INFO - [2025-01-05 11:05:42,419] {dag.py:2379} INFO - Sync 1 DAGs
[2025-01-05 11:05:42,555] {logging_mixin.py:115} INFO - [2025-01-05 11:05:42,554] {dag.py:2927} INFO - Setting next_dagrun for example_branch_labels to 2025-01-04T00:00:00+00:00, run_after=2025-01-05T00:00:00+00:00
[2025-01-05 11:05:42,646] {processor.py:161} INFO - Processing /home/daniel/Documents/Alura/python_apache_airflow_pipeline/venv/lib/python3.9/site-packages/airflow/example_dags/example_branch_labels.py took 0.416 seconds
                                                                                                                                                                                                                                                                                                                                                                                                                                                                                                                                                                                                                                                                                                                                                                                                                                                                                                                                                                                                                                                                                                                                                                                                                                                                                                                                                                                                                                                                                                                                                                                       