[2025-01-05 09:09:16,338] {processor.py:153} INFO - Started process (PID=17662) to work on /home/daniel/Documents/Alura/python_apache_airflow_pipeline/venv/lib/python3.9/site-packages/airflow/example_dags/example_xcom.py
[2025-01-05 09:09:16,339] {processor.py:641} INFO - Processing file /home/daniel/Documents/Alura/python_apache_airflow_pipeline/venv/lib/python3.9/site-packages/airflow/example_dags/example_xcom.py for tasks to queue
[2025-01-05 09:09:16,340] {logging_mixin.py:115} INFO - [2025-01-05 09:09:16,339] {dagbag.py:507} INFO - Filling up the DagBag from /home/daniel/Documents/Alura/python_apache_airflow_pipeline/venv/lib/python3.9/site-packages/airflow/example_dags/example_xcom.py
[2025-01-05 09:09:16,389] {processor.py:651} INFO - DAG(s) dict_keys(['example_xcom']) retrieved from /home/daniel/Documents/Alura/python_apache_airflow_pipeline/venv/lib/python3.9/site-packages/airflow/example_dags/example_xcom.py
[2025-01-05 09:09:16,470] {logging_mixin.py:115} INFO - [2025-01-05 09:09:16,470] {dag.py:2379} INFO - Sync 1 DAGs
[2025-01-05 09:09:16,491] {logging_mixin.py:115} INFO - [2025-01-05 09:09:16,491] {dag.py:2927} INFO - Setting next_dagrun for example_xcom to 2021-01-01T00:00:00+00:00, run_after=2021-01-01T00:00:00+00:00
[2025-01-05 09:09:16,508] {processor.py:161} INFO - Processing /home/daniel/Documents/Alura/python_apache_airflow_pipeline/venv/lib/python3.9/site-packages/airflow/example_dags/example_xcom.py took 0.178 seconds
[2025-01-05 09:39:28,457] {processor.py:153} INFO - Started process (PID=4990) to work on /home/daniel/Documents/Alura/python_apache_airflow_pipeline/venv/lib/python3.9/site-packages/airflow/example_dags/example_xcom.py
[2025-01-05 09:39:28,473] {processor.py:641} INFO - Processing file /home/daniel/Documents/Alura/python_apache_airflow_pipeline/venv/lib/python3.9/site-packages/airflow/example_dags/example_xcom.py for tasks to queue
[2025-01-05 09:39:28,477] {logging_mixin.py:115} INFO - [2025-01-05 09:39:28,477] {dagbag.py:507} INFO - Filling up the DagBag from /home/daniel/Documents/Alura/python_apache_airflow_pipeline/venv/lib/python3.9/site-packages/airflow/example_dags/example_xcom.py
[2025-01-05 09:39:28,573] {processor.py:651} INFO - DAG(s) dict_keys(['example_xcom']) retrieved from /home/daniel/Documents/Alura/python_apache_airflow_pipeline/venv/lib/python3.9/site-packages/airflow/example_dags/example_xcom.py
[2025-01-05 09:39:28,789] {logging_mixin.py:115} INFO - [2025-01-05 09:39:28,789] {dag.py:2379} INFO - Sync 1 DAGs
[2025-01-05 09:39:28,856] {logging_mixin.py:115} INFO - [2025-01-05 09:39:28,854] {dag.py:2927} INFO - Setting next_dagrun for example_xcom to 2021-01-01T00:00:00+00:00, run_after=2021-01-01T00:00:00+00:00
[2025-01-05 09:39:28,932] {processor.py:161} INFO - Processing /home/daniel/Documents/Alura/python_apache_airflow_pipeline/venv/lib/python3.9/site-packages/airflow/example_dags/example_xcom.py took 0.487 seconds
[2025-01-05 09:41:07,829] {processor.py:153} INFO - Started process (PID=5650) to work on /home/daniel/Documents/Alura/python_apache_airflow_pipeline/venv/lib/python3.9/site-packages/airflow/example_dags/example_xcom.py
[2025-01-05 09:41:07,837] {processor.py:641} INFO - Processing file /home/daniel/Documents/Alura/python_apache_airflow_pipeline/venv/lib/python3.9/site-packages/airflow/example_dags/example_xcom.py for tasks to queue
[2025-01-05 09:41:07,845] {logging_mixin.py:115} INFO - [2025-01-05 09:41:07,844] {dagbag.py:507} INFO - Filling up the DagBag from /home/daniel/Documents/Alura/python_apache_airflow_pipeline/venv/lib/python3.9/site-packages/airflow/example_dags/example_xcom.py
[2025-01-05 09:41:08,092] {processor.py:651} INFO - DAG(s) dict_keys(['example_xcom']) retrieved from /home/daniel/Documents/Alura/python_apache_airflow_pipeline/venv/lib/python3.9/site-packages/airflow/example_dags/example_xcom.py
[2025-01-05 09:41:08,913] {logging_mixin.py:115} INFO - [2025-01-05 09:41:08,913] {dag.py:2379} INFO - Sync 1 DAGs
[2025-01-05 09:41:09,101] {logging_mixin.py:115} INFO - [2025-01-05 09:41:09,097] {dag.py:2927} INFO - Setting next_dagrun for example_xcom to 2021-01-01T00:00:00+00:00, run_after=2021-01-01T00:00:00+00:00
[2025-01-05 09:41:09,245] {processor.py:161} INFO - Processing /home/daniel/Documents/Alura/python_apache_airflow_pipeline/venv/lib/python3.9/site-packages/airflow/example_dags/example_xcom.py took 1.444 seconds
[2025-01-05 09:54:43,284] {processor.py:153} INFO - Started process (PID=3567) to work on /home/daniel/Documents/Alura/python_apache_airflow_pipeline/venv/lib/python3.9/site-packages/airflow/example_dags/example_xcom.py
[2025-01-05 09:54:43,286] {processor.py:641} INFO - Processing file /home/daniel/Documents/Alura/python_apache_airflow_pipeline/venv/lib/python3.9/site-packages/airflow/example_dags/example_xcom.py for tasks to queue
[2025-01-05 09:54:43,287] {logging_mixin.py:115} INFO - [2025-01-05 09:54:43,287] {dagbag.py:507} INFO - Filling up the DagBag from /home/daniel/Documents/Alura/python_apache_airflow_pipeline/venv/lib/python3.9/site-packages/airflow/example_dags/example_xcom.py
[2025-01-05 09:54:43,314] {processor.py:651} INFO - DAG(s) dict_keys(['example_xcom']) retrieved from /home/daniel/Documents/Alura/python_apache_airflow_pipeline/venv/lib/python3.9/site-packages/airflow/example_dags/example_xcom.py
[2025-01-05 09:54:43,394] {logging_mixin.py:115} INFO - [2025-01-05 09:54:43,394] {dag.py:2379} INFO - Sync 1 DAGs
[2025-01-05 09:54:43,411] {logging_mixin.py:115} INFO - [2025-01-05 09:54:43,410] {dag.py:2927} INFO - Setting next_dagrun for example_xcom to 2021-01-01T00:00:00+00:00, run_after=2021-01-01T00:00:00+00:00
[2025-01-05 09:54:43,429] {processor.py:161} INFO - Processing /home/daniel/Documents/Alura/python_apache_airflow_pipeline/venv/lib/python3.9/site-packages/airflow/example_dags/example_xcom.py took 0.150 seconds
[2025-01-05 09:55:25,484] {processor.py:153} INFO - Started process (PID=3877) to work on /home/daniel/Documents/Alura/python_apache_airflow_pipeline/venv/lib/python3.9/site-packages/airflow/example_dags/example_xcom.py
[2025-01-05 09:55:25,489] {processor.py:641} INFO - Processing file /home/daniel/Documents/Alura/python_apache_airflow_pipeline/venv/lib/python3.9/site-packages/airflow/example_dags/example_xcom.py for tasks to queue
[2025-01-05 09:55:25,490] {logging_mixin.py:115} INFO - [2025-01-05 09:55:25,490] {dagbag.py:507} INFO - Filling up the DagBag from /home/daniel/Documents/Alura/python_apache_airflow_pipeline/venv/lib/python3.9/site-packages/airflow/example_dags/example_xcom.py
[2025-01-05 09:55:25,522] {processor.py:651} INFO - DAG(s) dict_keys(['example_xcom']) retrieved from /home/daniel/Documents/Alura/python_apache_airflow_pipeline/venv/lib/python3.9/site-packages/airflow/example_dags/example_xcom.py
[2025-01-05 09:55:25,578] {logging_mixin.py:115} INFO - [2025-01-05 09:55:25,578] {dag.py:2379} INFO - Sync 1 DAGs
[2025-01-05 09:55:25,616] {logging_mixin.py:115} INFO - [2025-01-05 09:55:25,616] {dag.py:2927} INFO - Setting next_dagrun for example_xcom to 2021-01-01T00:00:00+00:00, run_after=2021-01-01T00:00:00+00:00
[2025-01-05 09:55:25,643] {processor.py:161} INFO - Processing /home/daniel/Documents/Alura/python_apache_airflow_pipeline/venv/lib/python3.9/site-packages/airflow/example_dags/example_xcom.py took 0.164 seconds
[2025-01-05 09:56:06,967] {processor.py:153} INFO - Started process (PID=4257) to work on /home/daniel/Documents/Alura/python_apache_airflow_pipeline/venv/lib/python3.9/site-packages/airflow/example_dags/example_xcom.py
[2025-01-05 09:56:06,974] {processor.py:641} INFO - Processing file /home/daniel/Documents/Alura/python_apache_airflow_pipeline/venv/lib/python3.9/site-packages/airflow/example_dags/example_xcom.py for tasks to queue
[2025-01-05 09:56:06,974] {logging_mixin.py:115} INFO - [2025-01-05 09:56:06,974] {dagbag.py:507} INFO - Filling up the DagBag from /home/daniel/Documents/Alura/python_apache_airflow_pipeline/venv/lib/python3.9/site-packages/airflow/example_dags/example_xcom.py
[2025-01-05 09:56:07,019] {processor.py:651} INFO - DAG(s) dict_keys(['example_xcom']) retrieved from /home/daniel/Documents/Alura/python_apache_airflow_pipeline/venv/lib/python3.9/site-packages/airflow/example_dags/example_xcom.py
[2025-01-05 09:56:07,116] {logging_mixin.py:115} INFO - [2025-01-05 09:56:07,116] {dag.py:2379} INFO - Sync 1 DAGs
[2025-01-05 09:56:07,150] {logging_mixin.py:115} INFO - [2025-01-05 09:56:07,150] {dag.py:2927} INFO - Setting next_dagrun for example_xcom to 2021-01-01T00:00:00+00:00, run_after=2021-01-01T00:00:00+00:00
[2025-01-05 09:56:07,180] {processor.py:161} INFO - Processing /home/daniel/Documents/Alura/python_apache_airflow_pipeline/venv/lib/python3.9/site-packages/airflow/example_dags/example_xcom.py took 0.218 seconds
[2025-01-05 09:56:47,985] {processor.py:153} INFO - Started process (PID=4658) to work on /home/daniel/Documents/Alura/python_apache_airflow_pipeline/venv/lib/python3.9/site-packages/airflow/example_dags/example_xcom.py
[2025-01-05 09:56:47,987] {processor.py:641} INFO - Processing file /home/daniel/Documents/Alura/python_apache_airflow_pipeline/venv/lib/python3.9/site-packages/airflow/example_dags/example_xcom.py for tasks to queue
[2025-01-05 09:56:47,988] {logging_mixin.py:115} INFO - [2025-01-05 09:56:47,988] {dagbag.py:507} INFO - Filling up the DagBag from /home/daniel/Documents/Alura/python_apache_airflow_pipeline/venv/lib/python3.9/site-packages/airflow/example_dags/example_xcom.py
[2025-01-05 09:56:48,022] {processor.py:651} INFO - DAG(s) dict_keys(['example_xcom']) retrieved from /home/daniel/Documents/Alura/python_apache_airflow_pipeline/venv/lib/python3.9/site-packages/airflow/example_dags/example_xcom.py
[2025-01-05 09:56:48,047] {logging_mixin.py:115} INFO - [2025-01-05 09:56:48,047] {dag.py:2379} INFO - Sync 1 DAGs
[2025-01-05 09:56:48,076] {logging_mixin.py:115} INFO - [2025-01-05 09:56:48,076] {dag.py:2927} INFO - Setting next_dagrun for example_xcom to 2021-01-01T00:00:00+00:00, run_after=2021-01-01T00:00:00+00:00
[2025-01-05 09:56:48,093] {processor.py:161} INFO - Processing /home/daniel/Documents/Alura/python_apache_airflow_pipeline/venv/lib/python3.9/site-packages/airflow/example_dags/example_xcom.py took 0.114 seconds
[2025-01-05 09:57:36,796] {processor.py:153} INFO - Started process (PID=5090) to work on /home/daniel/Documents/Alura/python_apache_airflow_pipeline/venv/lib/python3.9/site-packages/airflow/example_dags/example_xcom.py
[2025-01-05 09:57:36,801] {processor.py:641} INFO - Processing file /home/daniel/Documents/Alura/python_apache_airflow_pipeline/venv/lib/python3.9/site-packages/airflow/example_dags/example_xcom.py for tasks to queue
[2025-01-05 09:57:36,803] {logging_mixin.py:115} INFO - [2025-01-05 09:57:36,803] {dagbag.py:507} INFO - Filling up the DagBag from /home/daniel/Documents/Alura/python_apache_airflow_pipeline/venv/lib/python3.9/site-packages/airflow/example_dags/example_xcom.py
[2025-01-05 09:57:36,855] {processor.py:651} INFO - DAG(s) dict_keys(['example_xcom']) retrieved from /home/daniel/Documents/Alura/python_apache_airflow_pipeline/venv/lib/python3.9/site-packages/airflow/example_dags/example_xcom.py
[2025-01-05 09:57:37,002] {logging_mixin.py:115} INFO - [2025-01-05 09:57:37,001] {dag.py:2379} INFO - Sync 1 DAGs
[2025-01-05 09:57:37,030] {logging_mixin.py:115} INFO - [2025-01-05 09:57:37,030] {dag.py:2927} INFO - Setting next_dagrun for example_xcom to 2021-01-01T00:00:00+00:00, run_after=2021-01-01T00:00:00+00:00
[2025-01-05 09:57:37,053] {processor.py:161} INFO - Processing /home/daniel/Documents/Alura/python_apache_airflow_pipeline/venv/lib/python3.9/site-packages/airflow/example_dags/example_xcom.py took 0.268 seconds
[2025-01-05 09:58:16,074] {processor.py:153} INFO - Started process (PID=5553) to work on /home/daniel/Documents/Alura/python_apache_airflow_pipeline/venv/lib/python3.9/site-packages/airflow/example_dags/example_xcom.py
[2025-01-05 09:58:16,079] {processor.py:641} INFO - Processing file /home/daniel/Documents/Alura/python_apache_airflow_pipeline/venv/lib/python3.9/site-packages/airflow/example_dags/example_xcom.py for tasks to queue
[2025-01-05 09:58:16,083] {logging_mixin.py:115} INFO - [2025-01-05 09:58:16,082] {dagbag.py:507} INFO - Filling up the DagBag from /home/daniel/Documents/Alura/python_apache_airflow_pipeline/venv/lib/python3.9/site-packages/airflow/example_dags/example_xcom.py
[2025-01-05 09:58:16,134] {processor.py:651} INFO - DAG(s) dict_keys(['example_xcom']) retrieved from /home/daniel/Documents/Alura/python_apache_airflow_pipeline/venv/lib/python3.9/site-packages/airflow/example_dags/example_xcom.py
[2025-01-05 09:58:16,236] {logging_mixin.py:115} INFO - [2025-01-05 09:58:16,235] {dag.py:2379} INFO - Sync 1 DAGs
[2025-01-05 09:58:16,267] {logging_mixin.py:115} INFO - [2025-01-05 09:58:16,267] {dag.py:2927} INFO - Setting next_dagrun for example_xcom to 2021-01-01T00:00:00+00:00, run_after=2021-01-01T00:00:00+00:00
[2025-01-05 09:58:16,303] {processor.py:161} INFO - Processing /home/daniel/Documents/Alura/python_apache_airflow_pipeline/venv/lib/python3.9/site-packages/airflow/example_dags/example_xcom.py took 0.238 seconds
[2025-01-05 09:58:59,725] {processor.py:153} INFO - Started process (PID=5979) to work on /home/daniel/Documents/Alura/python_apache_airflow_pipeline/venv/lib/python3.9/site-packages/airflow/example_dags/example_xcom.py
[2025-01-05 09:58:59,727] {processor.py:641} INFO - Processing file /home/daniel/Documents/Alura/python_apache_airflow_pipeline/venv/lib/python3.9/site-packages/airflow/example_dags/example_xcom.py for tasks to queue
[2025-01-05 09:58:59,729] {logging_mixin.py:115} INFO - [2025-01-05 09:58:59,729] {dagbag.py:507} INFO - Filling up the DagBag from /home/daniel/Documents/Alura/python_apache_airflow_pipeline/venv/lib/python3.9/site-packages/airflow/example_dags/example_xcom.py
[2025-01-05 09:58:59,797] {processor.py:651} INFO - DAG(s) dict_keys(['example_xcom']) retrieved from /home/daniel/Documents/Alura/python_apache_airflow_pipeline/venv/lib/python3.9/site-packages/airflow/example_dags/example_xcom.py
[2025-01-05 09:58:59,910] {logging_mixin.py:115} INFO - [2025-01-05 09:58:59,910] {dag.py:2379} INFO - Sync 1 DAGs
[2025-01-05 09:58:59,954] {logging_mixin.py:115} INFO - [2025-01-05 09:58:59,953] {dag.py:2927} INFO - Setting next_dagrun for example_xcom to 2021-01-01T00:00:00+00:00, run_after=2021-01-01T00:00:00+00:00
[2025-01-05 09:58:59,999] {processor.py:161} INFO - Processing /home/daniel/Documents/Alura/python_apache_airflow_pipeline/venv/lib/python3.9/site-packages/airflow/example_dags/example_xcom.py took 0.284 seconds
[2025-01-05 09:59:37,982] {processor.py:153} INFO - Started process (PID=6466) to work on /home/daniel/Documents/Alura/python_apache_airflow_pipeline/venv/lib/python3.9/site-packages/airflow/example_dags/example_xcom.py
[2025-01-05 09:59:37,987] {processor.py:641} INFO - Processing file /home/daniel/Documents/Alura/python_apache_airflow_pipeline/venv/lib/python3.9/site-packages/airflow/example_dags/example_xcom.py for tasks to queue
[2025-01-05 09:59:37,989] {logging_mixin.py:115} INFO - [2025-01-05 09:59:37,989] {dagbag.py:507} INFO - Filling up the DagBag from /home/daniel/Documents/Alura/python_apache_airflow_pipeline/venv/lib/python3.9/site-packages/airflow/example_dags/example_xcom.py
[2025-01-05 09:59:38,058] {processor.py:651} INFO - DAG(s) dict_keys(['example_xcom']) retrieved from /home/daniel/Documents/Alura/python_apache_airflow_pipeline/venv/lib/python3.9/site-packages/airflow/example_dags/example_xcom.py
[2025-01-05 09:59:38,173] {logging_mixin.py:115} INFO - [2025-01-05 09:59:38,173] {dag.py:2379} INFO - Sync 1 DAGs
[2025-01-05 09:59:38,197] {logging_mixin.py:115} INFO - [2025-01-05 09:59:38,197] {dag.py:2927} INFO - Setting next_dagrun for example_xcom to 2021-01-01T00:00:00+00:00, run_after=2021-01-01T00:00:00+00:00
[2025-01-05 09:59:38,225] {processor.py:161} INFO - Processing /home/daniel/Documents/Alura/python_apache_airflow_pipeline/venv/lib/python3.9/site-packages/airflow/example_dags/example_xcom.py took 0.255 seconds
[2025-01-05 10:00:23,359] {processor.py:153} INFO - Started process (PID=6702) to work on /home/daniel/Documents/Alura/python_apache_airflow_pipeline/venv/lib/python3.9/site-packages/airflow/example_dags/example_xcom.py
[2025-01-05 10:00:23,366] {processor.py:641} INFO - Processing file /home/daniel/Documents/Alura/python_apache_airflow_pipeline/venv/lib/python3.9/site-packages/airflow/example_dags/example_xcom.py for tasks to queue
[2025-01-05 10:00:23,367] {logging_mixin.py:115} INFO - [2025-01-05 10:00:23,366] {dagbag.py:507} INFO - Filling up the DagBag from /home/daniel/Documents/Alura/python_apache_airflow_pipeline/venv/lib/python3.9/site-packages/airflow/example_dags/example_xcom.py
[2025-01-05 10:00:23,431] {processor.py:651} INFO - DAG(s) dict_keys(['example_xcom']) retrieved from /home/daniel/Documents/Alura/python_apache_airflow_pipeline/venv/lib/python3.9/site-packages/airflow/example_dags/example_xcom.py
[2025-01-05 10:00:23,533] {logging_mixin.py:115} INFO - [2025-01-05 10:00:23,533] {dag.py:2379} INFO - Sync 1 DAGs
[2025-01-05 10:00:23,582] {logging_mixin.py:115} INFO - [2025-01-05 10:00:23,582] {dag.py:2927} INFO - Setting next_dagrun for example_xcom to 2021-01-01T00:00:00+00:00, run_after=2021-01-01T00:00:00+00:00
[2025-01-05 10:00:23,610] {processor.py:161} INFO - Processing /home/daniel/Documents/Alura/python_apache_airflow_pipeline/venv/lib/python3.9/site-packages/airflow/example_dags/example_xcom.py took 0.260 seconds
[2025-01-05 10:01:10,919] {processor.py:153} INFO - Started process (PID=7113) to work on /home/daniel/Documents/Alura/python_apache_airflow_pipeline/venv/lib/python3.9/site-packages/airflow/example_dags/example_xcom.py
[2025-01-05 10:01:10,922] {processor.py:641} INFO - Processing file /home/daniel/Documents/Alura/python_apache_airflow_pipeline/venv/lib/python3.9/site-packages/airflow/example_dags/example_xcom.py for tasks to queue
[2025-01-05 10:01:10,925] {logging_mixin.py:115} INFO - [2025-01-05 10:01:10,925] {dagbag.py:507} INFO - Filling up the DagBag from /home/daniel/Documents/Alura/python_apache_airflow_pipeline/venv/lib/python3.9/site-packages/airflow/example_dags/example_xcom.py
[2025-01-05 10:01:11,223] {processor.py:651} INFO - DAG(s) dict_keys(['example_xcom']) retrieved from /home/daniel/Documents/Alura/python_apache_airflow_pipeline/venv/lib/python3.9/site-packages/airflow/example_dags/example_xcom.py
[2025-01-05 10:01:11,578] {logging_mixin.py:115} INFO - [2025-01-05 10:01:11,578] {dag.py:2379} INFO - Sync 1 DAGs
[2025-01-05 10:01:11,671] {logging_mixin.py:115} INFO - [2025-01-05 10:01:11,670] {dag.py:2927} INFO - Setting next_dagrun for example_xcom to 2021-01-01T00:00:00+00:00, run_after=2021-01-01T00:00:00+00:00
[2025-01-05 10:01:11,762] {processor.py:161} INFO - Processing /home/daniel/Documents/Alura/python_apache_airflow_pipeline/venv/lib/python3.9/site-packages/airflow/example_dags/example_xcom.py took 0.857 seconds
[2025-01-05 10:03:03,789] {processor.py:153} INFO - Started process (PID=7887) to work on /home/daniel/Documents/Alura/python_apache_airflow_pipeline/venv/lib/python3.9/site-packages/airflow/example_dags/example_xcom.py
[2025-01-05 10:03:03,794] {processor.py:641} INFO - Processing file /home/daniel/Documents/Alura/python_apache_airflow_pipeline/venv/lib/python3.9/site-packages/airflow/example_dags/example_xcom.py for tasks to queue
[2025-01-05 10:03:03,794] {logging_mixin.py:115} INFO - [2025-01-05 10:03:03,794] {dagbag.py:507} INFO - Filling up the DagBag from /home/daniel/Documents/Alura/python_apache_airflow_pipeline/venv/lib/python3.9/site-packages/airflow/example_dags/example_xcom.py
[2025-01-05 10:03:03,861] {processor.py:651} INFO - DAG(s) dict_keys(['example_xcom']) retrieved from /home/daniel/Documents/Alura/python_apache_airflow_pipeline/venv/lib/python3.9/site-packages/airflow/example_dags/example_xcom.py
[2025-01-05 10:03:03,961] {logging_mixin.py:115} INFO - [2025-01-05 10:03:03,959] {dag.py:2379} INFO - Sync 1 DAGs
[2025-01-05 10:03:03,993] {logging_mixin.py:115} INFO - [2025-01-05 10:03:03,990] {dag.py:2927} INFO - Setting next_dagrun for example_xcom to 2021-01-01T00:00:00+00:00, run_after=2021-01-01T00:00:00+00:00
[2025-01-05 10:03:04,026] {processor.py:161} INFO - Processing /home/daniel/Documents/Alura/python_apache_airflow_pipeline/venv/lib/python3.9/site-packages/airflow/example_dags/example_xcom.py took 0.245 seconds
[2025-01-05 10:03:56,914] {processor.py:153} INFO - Started process (PID=8111) to work on /home/daniel/Documents/Alura/python_apache_airflow_pipeline/venv/lib/python3.9/site-packages/airflow/example_dags/example_xcom.py
[2025-01-05 10:03:56,917] {processor.py:641} INFO - Processing file /home/daniel/Documents/Alura/python_apache_airflow_pipeline/venv/lib/python3.9/site-packages/airflow/example_dags/example_xcom.py for tasks to queue
[2025-01-05 10:03:56,918] {logging_mixin.py:115} INFO - [2025-01-05 10:03:56,918] {dagbag.py:507} INFO - Filling up the DagBag from /home/daniel/Documents/Alura/python_apache_airflow_pipeline/venv/lib/python3.9/site-packages/airflow/example_dags/example_xcom.py
[2025-01-05 10:03:57,006] {processor.py:651} INFO - DAG(s) dict_keys(['example_xcom']) retrieved from /home/daniel/Documents/Alura/python_apache_airflow_pipeline/venv/lib/python3.9/site-packages/airflow/example_dags/example_xcom.py
[2025-01-05 10:03:57,193] {logging_mixin.py:115} INFO - [2025-01-05 10:03:57,193] {dag.py:2379} INFO - Sync 1 DAGs
[2025-01-05 10:03:57,250] {logging_mixin.py:115} INFO - [2025-01-05 10:03:57,250] {dag.py:2927} INFO - Setting next_dagrun for example_xcom to 2021-01-01T00:00:00+00:00, run_after=2021-01-01T00:00:00+00:00
[2025-01-05 10:03:57,313] {processor.py:161} INFO - Processing /home/daniel/Documents/Alura/python_apache_airflow_pipeline/venv/lib/python3.9/site-packages/airflow/example_dags/example_xcom.py took 0.412 seconds
[2025-01-05 10:04:51,094] {processor.py:153} INFO - Started process (PID=8228) to work on /home/daniel/Documents/Alura/python_apache_airflow_pipeline/venv/lib/python3.9/site-packages/airflow/example_dags/example_xcom.py
[2025-01-05 10:04:51,097] {processor.py:641} INFO - Processing file /home/daniel/Documents/Alura/python_apache_airflow_pipeline/venv/lib/python3.9/site-packages/airflow/example_dags/example_xcom.py for tasks to queue
[2025-01-05 10:04:51,098] {logging_mixin.py:115} INFO - [2025-01-05 10:04:51,098] {dagbag.py:507} INFO - Filling up the DagBag from /home/daniel/Documents/Alura/python_apache_airflow_pipeline/venv/lib/python3.9/site-packages/airflow/example_dags/example_xcom.py
[2025-01-05 10:04:51,185] {processor.py:651} INFO - DAG(s) dict_keys(['example_xcom']) retrieved from /home/daniel/Documents/Alura/python_apache_airflow_pipeline/venv/lib/python3.9/site-packages/airflow/example_dags/example_xcom.py
[2025-01-05 10:04:51,454] {logging_mixin.py:115} INFO - [2025-01-05 10:04:51,454] {dag.py:2379} INFO - Sync 1 DAGs
[2025-01-05 10:04:51,533] {logging_mixin.py:115} INFO - [2025-01-05 10:04:51,533] {dag.py:2927} INFO - Setting next_dagrun for example_xcom to 2021-01-01T00:00:00+00:00, run_after=2021-01-01T00:00:00+00:00
[2025-01-05 10:04:51,641] {processor.py:161} INFO - Processing /home/daniel/Documents/Alura/python_apache_airflow_pipeline/venv/lib/python3.9/site-packages/airflow/example_dags/example_xcom.py took 0.560 seconds
[2025-01-05 10:06:39,389] {processor.py:153} INFO - Started process (PID=8640) to work on /home/daniel/Documents/Alura/python_apache_airflow_pipeline/venv/lib/python3.9/site-packages/airflow/example_dags/example_xcom.py
[2025-01-05 10:06:39,401] {processor.py:641} INFO - Processing file /home/daniel/Documents/Alura/python_apache_airflow_pipeline/venv/lib/python3.9/site-packages/airflow/example_dags/example_xcom.py for tasks to queue
[2025-01-05 10:06:39,409] {logging_mixin.py:115} INFO - [2025-01-05 10:06:39,405] {dagbag.py:507} INFO - Filling up the DagBag from /home/daniel/Documents/Alura/python_apache_airflow_pipeline/venv/lib/python3.9/site-packages/airflow/example_dags/example_xcom.py
[2025-01-05 10:06:39,569] {processor.py:651} INFO - DAG(s) dict_keys(['example_xcom']) retrieved from /home/daniel/Documents/Alura/python_apache_airflow_pipeline/venv/lib/python3.9/site-packages/airflow/example_dags/example_xcom.py
[2025-01-05 10:06:40,125] {logging_mixin.py:115} INFO - [2025-01-05 10:06:40,125] {dag.py:2379} INFO - Sync 1 DAGs
[2025-01-05 10:06:40,277] {logging_mixin.py:115} INFO - [2025-01-05 10:06:40,273] {dag.py:2927} INFO - Setting next_dagrun for example_xcom to 2021-01-01T00:00:00+00:00, run_after=2021-01-01T00:00:00+00:00
[2025-01-05 10:06:40,473] {processor.py:161} INFO - Processing /home/daniel/Documents/Alura/python_apache_airflow_pipeline/venv/lib/python3.9/site-packages/airflow/example_dags/example_xcom.py took 1.136 seconds
[2025-01-05 10:16:32,699] {processor.py:153} INFO - Started process (PID=9240) to work on /home/daniel/Documents/Alura/python_apache_airflow_pipeline/venv/lib/python3.9/site-packages/airflow/example_dags/example_xcom.py
[2025-01-05 10:16:32,701] {processor.py:641} INFO - Processing file /home/daniel/Documents/Alura/python_apache_airflow_pipeline/venv/lib/python3.9/site-packages/airflow/example_dags/example_xcom.py for tasks to queue
[2025-01-05 10:16:32,701] {logging_mixin.py:115} INFO - [2025-01-05 10:16:32,701] {dagbag.py:507} INFO - Filling up the DagBag from /home/daniel/Documents/Alura/python_apache_airflow_pipeline/venv/lib/python3.9/site-packages/airflow/example_dags/example_xcom.py
[2025-01-05 10:16:32,716] {processor.py:651} INFO - DAG(s) dict_keys(['example_xcom']) retrieved from /home/daniel/Documents/Alura/python_apache_airflow_pipeline/venv/lib/python3.9/site-packages/airflow/example_dags/example_xcom.py
[2025-01-05 10:16:32,747] {logging_mixin.py:115} INFO - [2025-01-05 10:16:32,747] {dag.py:2379} INFO - Sync 1 DAGs
[2025-01-05 10:16:32,758] {logging_mixin.py:115} INFO - [2025-01-05 10:16:32,758] {dag.py:2927} INFO - Setting next_dagrun for example_xcom to 2021-01-01T00:00:00+00:00, run_after=2021-01-01T00:00:00+00:00
[2025-01-05 10:16:32,770] {processor.py:161} INFO - Processing /home/daniel/Documents/Alura/python_apache_airflow_pipeline/venv/lib/python3.9/site-packages/airflow/example_dags/example_xcom.py took 0.076 seconds
[2025-01-05 10:17:07,934] {processor.py:153} INFO - Started process (PID=9548) to work on /home/daniel/Documents/Alura/python_apache_airflow_pipeline/venv/lib/python3.9/site-packages/airflow/example_dags/example_xcom.py
[2025-01-05 10:17:07,935] {processor.py:641} INFO - Processing file /home/daniel/Documents/Alura/python_apache_airflow_pipeline/venv/lib/python3.9/site-packages/airflow/example_dags/example_xcom.py for tasks to queue
[2025-01-05 10:17:07,936] {logging_mixin.py:115} INFO - [2025-01-05 10:17:07,936] {dagbag.py:507} INFO - Filling up the DagBag from /home/daniel/Documents/Alura/python_apache_airflow_pipeline/venv/lib/python3.9/site-packages/airflow/example_dags/example_xcom.py
[2025-01-05 10:17:07,954] {processor.py:651} INFO - DAG(s) dict_keys(['example_xcom']) retrieved from /home/daniel/Documents/Alura/python_apache_airflow_pipeline/venv/lib/python3.9/site-packages/airflow/example_dags/example_xcom.py
[2025-01-05 10:17:08,006] {logging_mixin.py:115} INFO - [2025-01-05 10:17:08,006] {dag.py:2379} INFO - Sync 1 DAGs
[2025-01-05 10:17:08,024] {logging_mixin.py:115} INFO - [2025-01-05 10:17:08,024] {dag.py:2927} INFO - Setting next_dagrun for example_xcom to 2021-01-01T00:00:00+00:00, run_after=2021-01-01T00:00:00+00:00
[2025-01-05 10:17:08,045] {processor.py:161} INFO - Processing /home/daniel/Documents/Alura/python_apache_airflow_pipeline/venv/lib/python3.9/site-packages/airflow/example_dags/example_xcom.py took 0.114 seconds
[2025-01-05 10:17:45,275] {processor.py:153} INFO - Started process (PID=9788) to work on /home/daniel/Documents/Alura/python_apache_airflow_pipeline/venv/lib/python3.9/site-packages/airflow/example_dags/example_xcom.py
[2025-01-05 10:17:45,276] {processor.py:641} INFO - Processing file /home/daniel/Documents/Alura/python_apache_airflow_pipeline/venv/lib/python3.9/site-packages/airflow/example_dags/example_xcom.py for tasks to queue
[2025-01-05 10:17:45,276] {logging_mixin.py:115} INFO - [2025-01-05 10:17:45,276] {dagbag.py:507} INFO - Filling up the DagBag from /home/daniel/Documents/Alura/python_apache_airflow_pipeline/venv/lib/python3.9/site-packages/airflow/example_dags/example_xcom.py
[2025-01-05 10:17:45,291] {processor.py:651} INFO - DAG(s) dict_keys(['example_xcom']) retrieved from /home/daniel/Documents/Alura/python_apache_airflow_pipeline/venv/lib/python3.9/site-packages/airflow/example_dags/example_xcom.py
[2025-01-05 10:17:45,323] {logging_mixin.py:115} INFO - [2025-01-05 10:17:45,323] {dag.py:2379} INFO - Sync 1 DAGs
[2025-01-05 10:17:45,334] {logging_mixin.py:115} INFO - [2025-01-05 10:17:45,334] {dag.py:2927} INFO - Setting next_dagrun for example_xcom to 2021-01-01T00:00:00+00:00, run_after=2021-01-01T00:00:00+00:00
[2025-01-05 10:17:45,347] {processor.py:161} INFO - Processing /home/daniel/Documents/Alura/python_apache_airflow_pipeline/venv/lib/python3.9/site-packages/airflow/example_dags/example_xcom.py took 0.075 seconds
[2025-01-05 10:18:22,395] {processor.py:153} INFO - Started process (PID=10005) to work on /home/daniel/Documents/Alura/python_apache_airflow_pipeline/venv/lib/python3.9/site-packages/airflow/example_dags/example_xcom.py
[2025-01-05 10:18:22,396] {processor.py:641} INFO - Processing file /home/daniel/Documents/Alura/python_apache_airflow_pipeline/venv/lib/python3.9/site-packages/airflow/example_dags/example_xcom.py for tasks to queue
[2025-01-05 10:18:22,397] {logging_mixin.py:115} INFO - [2025-01-05 10:18:22,397] {dagbag.py:507} INFO - Filling up the DagBag from /home/daniel/Documents/Alura/python_apache_airflow_pipeline/venv/lib/python3.9/site-packages/airflow/example_dags/example_xcom.py
[2025-01-05 10:18:22,414] {processor.py:651} INFO - DAG(s) dict_keys(['example_xcom']) retrieved from /home/daniel/Documents/Alura/python_apache_airflow_pipeline/venv/lib/python3.9/site-packages/airflow/example_dags/example_xcom.py
[2025-01-05 10:18:22,460] {logging_mixin.py:115} INFO - [2025-01-05 10:18:22,460] {dag.py:2379} INFO - Sync 1 DAGs
[2025-01-05 10:18:22,475] {logging_mixin.py:115} INFO - [2025-01-05 10:18:22,475] {dag.py:2927} INFO - Setting next_dagrun for example_xcom to 2021-01-01T00:00:00+00:00, run_after=2021-01-01T00:00:00+00:00
[2025-01-05 10:18:22,491] {processor.py:161} INFO - Processing /home/daniel/Documents/Alura/python_apache_airflow_pipeline/venv/lib/python3.9/site-packages/airflow/example_dags/example_xcom.py took 0.099 seconds
[2025-01-05 10:19:00,639] {processor.py:153} INFO - Started process (PID=10392) to work on /home/daniel/Documents/Alura/python_apache_airflow_pipeline/venv/lib/python3.9/site-packages/airflow/example_dags/example_xcom.py
[2025-01-05 10:19:00,640] {processor.py:641} INFO - Processing file /home/daniel/Documents/Alura/python_apache_airflow_pipeline/venv/lib/python3.9/site-packages/airflow/example_dags/example_xcom.py for tasks to queue
[2025-01-05 10:19:00,641] {logging_mixin.py:115} INFO - [2025-01-05 10:19:00,641] {dagbag.py:507} INFO - Filling up the DagBag from /home/daniel/Documents/Alura/python_apache_airflow_pipeline/venv/lib/python3.9/site-packages/airflow/example_dags/example_xcom.py
[2025-01-05 10:19:00,660] {processor.py:651} INFO - DAG(s) dict_keys(['example_xcom']) retrieved from /home/daniel/Documents/Alura/python_apache_airflow_pipeline/venv/lib/python3.9/site-packages/airflow/example_dags/example_xcom.py
[2025-01-05 10:19:00,677] {logging_mixin.py:115} INFO - [2025-01-05 10:19:00,677] {dag.py:2379} INFO - Sync 1 DAGs
[2025-01-05 10:19:00,693] {logging_mixin.py:115} INFO - [2025-01-05 10:19:00,693] {dag.py:2927} INFO - Setting next_dagrun for example_xcom to 2021-01-01T00:00:00+00:00, run_after=2021-01-01T00:00:00+00:00
[2025-01-05 10:19:00,708] {processor.py:161} INFO - Processing /home/daniel/Documents/Alura/python_apache_airflow_pipeline/venv/lib/python3.9/site-packages/airflow/example_dags/example_xcom.py took 0.071 seconds
[2025-01-05 10:19:38,219] {processor.py:153} INFO - Started process (PID=10560) to work on /home/daniel/Documents/Alura/python_apache_airflow_pipeline/venv/lib/python3.9/site-packages/airflow/example_dags/example_xcom.py
[2025-01-05 10:19:38,221] {processor.py:641} INFO - Processing file /home/daniel/Documents/Alura/python_apache_airflow_pipeline/venv/lib/python3.9/site-packages/airflow/example_dags/example_xcom.py for tasks to queue
[2025-01-05 10:19:38,221] {logging_mixin.py:115} INFO - [2025-01-05 10:19:38,221] {dagbag.py:507} INFO - Filling up the DagBag from /home/daniel/Documents/Alura/python_apache_airflow_pipeline/venv/lib/python3.9/site-packages/airflow/example_dags/example_xcom.py
[2025-01-05 10:19:38,246] {processor.py:651} INFO - DAG(s) dict_keys(['example_xcom']) retrieved from /home/daniel/Documents/Alura/python_apache_airflow_pipeline/venv/lib/python3.9/site-packages/airflow/example_dags/example_xcom.py
[2025-01-05 10:19:38,303] {logging_mixin.py:115} INFO - [2025-01-05 10:19:38,303] {dag.py:2379} INFO - Sync 1 DAGs
[2025-01-05 10:19:38,329] {logging_mixin.py:115} INFO - [2025-01-05 10:19:38,329] {dag.py:2927} INFO - Setting next_dagrun for example_xcom to 2021-01-01T00:00:00+00:00, run_after=2021-01-01T00:00:00+00:00
[2025-01-05 10:19:38,351] {processor.py:161} INFO - Processing /home/daniel/Documents/Alura/python_apache_airflow_pipeline/venv/lib/python3.9/site-packages/airflow/example_dags/example_xcom.py took 0.135 seconds
[2025-01-05 10:20:14,610] {processor.py:153} INFO - Started process (PID=10774) to work on /home/daniel/Documents/Alura/python_apache_airflow_pipeline/venv/lib/python3.9/site-packages/airflow/example_dags/example_xcom.py
[2025-01-05 10:20:14,612] {processor.py:641} INFO - Processing file /home/daniel/Documents/Alura/python_apache_airflow_pipeline/venv/lib/python3.9/site-packages/airflow/example_dags/example_xcom.py for tasks to queue
[2025-01-05 10:20:14,614] {logging_mixin.py:115} INFO - [2025-01-05 10:20:14,613] {dagbag.py:507} INFO - Filling up the DagBag from /home/daniel/Documents/Alura/python_apache_airflow_pipeline/venv/lib/python3.9/site-packages/airflow/example_dags/example_xcom.py
[2025-01-05 10:20:14,642] {processor.py:651} INFO - DAG(s) dict_keys(['example_xcom']) retrieved from /home/daniel/Documents/Alura/python_apache_airflow_pipeline/venv/lib/python3.9/site-packages/airflow/example_dags/example_xcom.py
[2025-01-05 10:20:14,700] {logging_mixin.py:115} INFO - [2025-01-05 10:20:14,700] {dag.py:2379} INFO - Sync 1 DAGs
[2025-01-05 10:20:14,720] {logging_mixin.py:115} INFO - [2025-01-05 10:20:14,720] {dag.py:2927} INFO - Setting next_dagrun for example_xcom to 2021-01-01T00:00:00+00:00, run_after=2021-01-01T00:00:00+00:00
[2025-01-05 10:20:14,749] {processor.py:161} INFO - Processing /home/daniel/Documents/Alura/python_apache_airflow_pipeline/venv/lib/python3.9/site-packages/airflow/example_dags/example_xcom.py took 0.140 seconds
[2025-01-05 10:20:55,847] {processor.py:153} INFO - Started process (PID=11137) to work on /home/daniel/Documents/Alura/python_apache_airflow_pipeline/venv/lib/python3.9/site-packages/airflow/example_dags/example_xcom.py
[2025-01-05 10:20:55,849] {processor.py:641} INFO - Processing file /home/daniel/Documents/Alura/python_apache_airflow_pipeline/venv/lib/python3.9/site-packages/airflow/example_dags/example_xcom.py for tasks to queue
[2025-01-05 10:20:55,850] {logging_mixin.py:115} INFO - [2025-01-05 10:20:55,850] {dagbag.py:507} INFO - Filling up the DagBag from /home/daniel/Documents/Alura/python_apache_airflow_pipeline/venv/lib/python3.9/site-packages/airflow/example_dags/example_xcom.py
[2025-01-05 10:20:55,884] {processor.py:651} INFO - DAG(s) dict_keys(['example_xcom']) retrieved from /home/daniel/Documents/Alura/python_apache_airflow_pipeline/venv/lib/python3.9/site-packages/airflow/example_dags/example_xcom.py
[2025-01-05 10:20:55,966] {logging_mixin.py:115} INFO - [2025-01-05 10:20:55,966] {dag.py:2379} INFO - Sync 1 DAGs
[2025-01-05 10:20:55,992] {logging_mixin.py:115} INFO - [2025-01-05 10:20:55,991] {dag.py:2927} INFO - Setting next_dagrun for example_xcom to 2021-01-01T00:00:00+00:00, run_after=2021-01-01T00:00:00+00:00
[2025-01-05 10:20:56,022] {processor.py:161} INFO - Processing /home/daniel/Documents/Alura/python_apache_airflow_pipeline/venv/lib/python3.9/site-packages/airflow/example_dags/example_xcom.py took 0.182 seconds
[2025-01-05 10:21:57,544] {processor.py:153} INFO - Started process (PID=11960) to work on /home/daniel/Documents/Alura/python_apache_airflow_pipeline/venv/lib/python3.9/site-packages/airflow/example_dags/example_xcom.py
[2025-01-05 10:21:57,547] {processor.py:641} INFO - Processing file /home/daniel/Documents/Alura/python_apache_airflow_pipeline/venv/lib/python3.9/site-packages/airflow/example_dags/example_xcom.py for tasks to queue
[2025-01-05 10:21:57,548] {logging_mixin.py:115} INFO - [2025-01-05 10:21:57,548] {dagbag.py:507} INFO - Filling up the DagBag from /home/daniel/Documents/Alura/python_apache_airflow_pipeline/venv/lib/python3.9/site-packages/airflow/example_dags/example_xcom.py
[2025-01-05 10:21:57,606] {processor.py:651} INFO - DAG(s) dict_keys(['example_xcom']) retrieved from /home/daniel/Documents/Alura/python_apache_airflow_pipeline/venv/lib/python3.9/site-packages/airflow/example_dags/example_xcom.py
[2025-01-05 10:21:57,700] {logging_mixin.py:115} INFO - [2025-01-05 10:21:57,699] {dag.py:2379} INFO - Sync 1 DAGs
[2025-01-05 10:21:57,731] {logging_mixin.py:115} INFO - [2025-01-05 10:21:57,730] {dag.py:2927} INFO - Setting next_dagrun for example_xcom to 2021-01-01T00:00:00+00:00, run_after=2021-01-01T00:00:00+00:00
[2025-01-05 10:21:57,759] {processor.py:161} INFO - Processing /home/daniel/Documents/Alura/python_apache_airflow_pipeline/venv/lib/python3.9/site-packages/airflow/example_dags/example_xcom.py took 0.227 seconds
[2025-01-05 10:22:44,347] {processor.py:153} INFO - Started process (PID=12582) to work on /home/daniel/Documents/Alura/python_apache_airflow_pipeline/venv/lib/python3.9/site-packages/airflow/example_dags/example_xcom.py
[2025-01-05 10:22:44,348] {processor.py:641} INFO - Processing file /home/daniel/Documents/Alura/python_apache_airflow_pipeline/venv/lib/python3.9/site-packages/airflow/example_dags/example_xcom.py for tasks to queue
[2025-01-05 10:22:44,350] {logging_mixin.py:115} INFO - [2025-01-05 10:22:44,350] {dagbag.py:507} INFO - Filling up the DagBag from /home/daniel/Documents/Alura/python_apache_airflow_pipeline/venv/lib/python3.9/site-packages/airflow/example_dags/example_xcom.py
[2025-01-05 10:22:44,384] {processor.py:651} INFO - DAG(s) dict_keys(['example_xcom']) retrieved from /home/daniel/Documents/Alura/python_apache_airflow_pipeline/venv/lib/python3.9/site-packages/airflow/example_dags/example_xcom.py
[2025-01-05 10:22:44,458] {logging_mixin.py:115} INFO - [2025-01-05 10:22:44,458] {dag.py:2379} INFO - Sync 1 DAGs
[2025-01-05 10:22:44,480] {logging_mixin.py:115} INFO - [2025-01-05 10:22:44,480] {dag.py:2927} INFO - Setting next_dagrun for example_xcom to 2021-01-01T00:00:00+00:00, run_after=2021-01-01T00:00:00+00:00
[2025-01-05 10:22:44,504] {processor.py:161} INFO - Processing /home/daniel/Documents/Alura/python_apache_airflow_pipeline/venv/lib/python3.9/site-packages/airflow/example_dags/example_xcom.py took 0.162 seconds
[2025-01-05 10:23:27,726] {processor.py:153} INFO - Started process (PID=12879) to work on /home/daniel/Documents/Alura/python_apache_airflow_pipeline/venv/lib/python3.9/site-packages/airflow/example_dags/example_xcom.py
[2025-01-05 10:23:27,731] {processor.py:641} INFO - Processing file /home/daniel/Documents/Alura/python_apache_airflow_pipeline/venv/lib/python3.9/site-packages/airflow/example_dags/example_xcom.py for tasks to queue
[2025-01-05 10:23:27,732] {logging_mixin.py:115} INFO - [2025-01-05 10:23:27,732] {dagbag.py:507} INFO - Filling up the DagBag from /home/daniel/Documents/Alura/python_apache_airflow_pipeline/venv/lib/python3.9/site-packages/airflow/example_dags/example_xcom.py
[2025-01-05 10:23:27,790] {processor.py:651} INFO - DAG(s) dict_keys(['example_xcom']) retrieved from /home/daniel/Documents/Alura/python_apache_airflow_pipeline/venv/lib/python3.9/site-packages/airflow/example_dags/example_xcom.py
[2025-01-05 10:23:27,887] {logging_mixin.py:115} INFO - [2025-01-05 10:23:27,887] {dag.py:2379} INFO - Sync 1 DAGs
[2025-01-05 10:23:27,920] {logging_mixin.py:115} INFO - [2025-01-05 10:23:27,920] {dag.py:2927} INFO - Setting next_dagrun for example_xcom to 2021-01-01T00:00:00+00:00, run_after=2021-01-01T00:00:00+00:00
[2025-01-05 10:23:27,947] {processor.py:161} INFO - Processing /home/daniel/Documents/Alura/python_apache_airflow_pipeline/venv/lib/python3.9/site-packages/airflow/example_dags/example_xcom.py took 0.229 seconds
[2025-01-05 10:24:07,235] {processor.py:153} INFO - Started process (PID=13179) to work on /home/daniel/Documents/Alura/python_apache_airflow_pipeline/venv/lib/python3.9/site-packages/airflow/example_dags/example_xcom.py
[2025-01-05 10:24:07,236] {processor.py:641} INFO - Processing file /home/daniel/Documents/Alura/python_apache_airflow_pipeline/venv/lib/python3.9/site-packages/airflow/example_dags/example_xcom.py for tasks to queue
[2025-01-05 10:24:07,236] {logging_mixin.py:115} INFO - [2025-01-05 10:24:07,236] {dagbag.py:507} INFO - Filling up the DagBag from /home/daniel/Documents/Alura/python_apache_airflow_pipeline/venv/lib/python3.9/site-packages/airflow/example_dags/example_xcom.py
[2025-01-05 10:24:07,262] {processor.py:651} INFO - DAG(s) dict_keys(['example_xcom']) retrieved from /home/daniel/Documents/Alura/python_apache_airflow_pipeline/venv/lib/python3.9/site-packages/airflow/example_dags/example_xcom.py
[2025-01-05 10:24:07,287] {logging_mixin.py:115} INFO - [2025-01-05 10:24:07,287] {dag.py:2379} INFO - Sync 1 DAGs
[2025-01-05 10:24:07,311] {logging_mixin.py:115} INFO - [2025-01-05 10:24:07,311] {dag.py:2927} INFO - Setting next_dagrun for example_xcom to 2021-01-01T00:00:00+00:00, run_after=2021-01-01T00:00:00+00:00
[2025-01-05 10:24:07,331] {processor.py:161} INFO - Processing /home/daniel/Documents/Alura/python_apache_airflow_pipeline/venv/lib/python3.9/site-packages/airflow/example_dags/example_xcom.py took 0.101 seconds
[2025-01-05 10:24:58,156] {processor.py:153} INFO - Started process (PID=13848) to work on /home/daniel/Documents/Alura/python_apache_airflow_pipeline/venv/lib/python3.9/site-packages/airflow/example_dags/example_xcom.py
[2025-01-05 10:24:58,163] {processor.py:641} INFO - Processing file /home/daniel/Documents/Alura/python_apache_airflow_pipeline/venv/lib/python3.9/site-packages/airflow/example_dags/example_xcom.py for tasks to queue
[2025-01-05 10:24:58,163] {logging_mixin.py:115} INFO - [2025-01-05 10:24:58,163] {dagbag.py:507} INFO - Filling up the DagBag from /home/daniel/Documents/Alura/python_apache_airflow_pipeline/venv/lib/python3.9/site-packages/airflow/example_dags/example_xcom.py
[2025-01-05 10:24:58,227] {processor.py:651} INFO - DAG(s) dict_keys(['example_xcom']) retrieved from /home/daniel/Documents/Alura/python_apache_airflow_pipeline/venv/lib/python3.9/site-packages/airflow/example_dags/example_xcom.py
[2025-01-05 10:24:58,290] {logging_mixin.py:115} INFO - [2025-01-05 10:24:58,290] {dag.py:2379} INFO - Sync 1 DAGs
[2025-01-05 10:24:58,351] {logging_mixin.py:115} INFO - [2025-01-05 10:24:58,351] {dag.py:2927} INFO - Setting next_dagrun for example_xcom to 2021-01-01T00:00:00+00:00, run_after=2021-01-01T00:00:00+00:00
[2025-01-05 10:24:58,414] {processor.py:161} INFO - Processing /home/daniel/Documents/Alura/python_apache_airflow_pipeline/venv/lib/python3.9/site-packages/airflow/example_dags/example_xcom.py took 0.264 seconds
[2025-01-05 10:25:52,407] {processor.py:153} INFO - Started process (PID=13963) to work on /home/daniel/Documents/Alura/python_apache_airflow_pipeline/venv/lib/python3.9/site-packages/airflow/example_dags/example_xcom.py
[2025-01-05 10:25:52,411] {processor.py:641} INFO - Processing file /home/daniel/Documents/Alura/python_apache_airflow_pipeline/venv/lib/python3.9/site-packages/airflow/example_dags/example_xcom.py for tasks to queue
[2025-01-05 10:25:52,418] {logging_mixin.py:115} INFO - [2025-01-05 10:25:52,415] {dagbag.py:507} INFO - Filling up the DagBag from /home/daniel/Documents/Alura/python_apache_airflow_pipeline/venv/lib/python3.9/site-packages/airflow/example_dags/example_xcom.py
[2025-01-05 10:25:52,482] {processor.py:651} INFO - DAG(s) dict_keys(['example_xcom']) retrieved from /home/daniel/Documents/Alura/python_apache_airflow_pipeline/venv/lib/python3.9/site-packages/airflow/example_dags/example_xcom.py
[2025-01-05 10:25:52,639] {logging_mixin.py:115} INFO - [2025-01-05 10:25:52,639] {dag.py:2379} INFO - Sync 1 DAGs
[2025-01-05 10:25:52,703] {logging_mixin.py:115} INFO - [2025-01-05 10:25:52,703] {dag.py:2927} INFO - Setting next_dagrun for example_xcom to 2021-01-01T00:00:00+00:00, run_after=2021-01-01T00:00:00+00:00
[2025-01-05 10:25:52,755] {processor.py:161} INFO - Processing /home/daniel/Documents/Alura/python_apache_airflow_pipeline/venv/lib/python3.9/site-packages/airflow/example_dags/example_xcom.py took 0.369 seconds
[2025-01-05 10:26:37,183] {processor.py:153} INFO - Started process (PID=14258) to work on /home/daniel/Documents/Alura/python_apache_airflow_pipeline/venv/lib/python3.9/site-packages/airflow/example_dags/example_xcom.py
[2025-01-05 10:26:37,194] {processor.py:641} INFO - Processing file /home/daniel/Documents/Alura/python_apache_airflow_pipeline/venv/lib/python3.9/site-packages/airflow/example_dags/example_xcom.py for tasks to queue
[2025-01-05 10:26:37,195] {logging_mixin.py:115} INFO - [2025-01-05 10:26:37,195] {dagbag.py:507} INFO - Filling up the DagBag from /home/daniel/Documents/Alura/python_apache_airflow_pipeline/venv/lib/python3.9/site-packages/airflow/example_dags/example_xcom.py
[2025-01-05 10:26:37,298] {processor.py:651} INFO - DAG(s) dict_keys(['example_xcom']) retrieved from /home/daniel/Documents/Alura/python_apache_airflow_pipeline/venv/lib/python3.9/site-packages/airflow/example_dags/example_xcom.py
[2025-01-05 10:26:37,462] {logging_mixin.py:115} INFO - [2025-01-05 10:26:37,460] {dag.py:2379} INFO - Sync 1 DAGs
[2025-01-05 10:26:37,519] {logging_mixin.py:115} INFO - [2025-01-05 10:26:37,518] {dag.py:2927} INFO - Setting next_dagrun for example_xcom to 2021-01-01T00:00:00+00:00, run_after=2021-01-01T00:00:00+00:00
[2025-01-05 10:26:37,598] {processor.py:161} INFO - Processing /home/daniel/Documents/Alura/python_apache_airflow_pipeline/venv/lib/python3.9/site-packages/airflow/example_dags/example_xcom.py took 0.433 seconds
[2025-01-05 10:27:36,110] {processor.py:153} INFO - Started process (PID=14789) to work on /home/daniel/Documents/Alura/python_apache_airflow_pipeline/venv/lib/python3.9/site-packages/airflow/example_dags/example_xcom.py
[2025-01-05 10:27:36,111] {processor.py:641} INFO - Processing file /home/daniel/Documents/Alura/python_apache_airflow_pipeline/venv/lib/python3.9/site-packages/airflow/example_dags/example_xcom.py for tasks to queue
[2025-01-05 10:27:36,114] {logging_mixin.py:115} INFO - [2025-01-05 10:27:36,114] {dagbag.py:507} INFO - Filling up the DagBag from /home/daniel/Documents/Alura/python_apache_airflow_pipeline/venv/lib/python3.9/site-packages/airflow/example_dags/example_xcom.py
[2025-01-05 10:27:36,155] {processor.py:651} INFO - DAG(s) dict_keys(['example_xcom']) retrieved from /home/daniel/Documents/Alura/python_apache_airflow_pipeline/venv/lib/python3.9/site-packages/airflow/example_dags/example_xcom.py
[2025-01-05 10:27:36,279] {logging_mixin.py:115} INFO - [2025-01-05 10:27:36,278] {dag.py:2379} INFO - Sync 1 DAGs
[2025-01-05 10:27:36,311] {logging_mixin.py:115} INFO - [2025-01-05 10:27:36,311] {dag.py:2927} INFO - Setting next_dagrun for example_xcom to 2021-01-01T00:00:00+00:00, run_after=2021-01-01T00:00:00+00:00
[2025-01-05 10:27:36,351] {processor.py:161} INFO - Processing /home/daniel/Documents/Alura/python_apache_airflow_pipeline/venv/lib/python3.9/site-packages/airflow/example_dags/example_xcom.py took 0.249 seconds
[2025-01-05 10:28:48,866] {processor.py:153} INFO - Started process (PID=15188) to work on /home/daniel/Documents/Alura/python_apache_airflow_pipeline/venv/lib/python3.9/site-packages/airflow/example_dags/example_xcom.py
[2025-01-05 10:28:48,870] {processor.py:641} INFO - Processing file /home/daniel/Documents/Alura/python_apache_airflow_pipeline/venv/lib/python3.9/site-packages/airflow/example_dags/example_xcom.py for tasks to queue
[2025-01-05 10:28:48,874] {logging_mixin.py:115} INFO - [2025-01-05 10:28:48,874] {dagbag.py:507} INFO - Filling up the DagBag from /home/daniel/Documents/Alura/python_apache_airflow_pipeline/venv/lib/python3.9/site-packages/airflow/example_dags/example_xcom.py
[2025-01-05 10:28:48,930] {processor.py:651} INFO - DAG(s) dict_keys(['example_xcom']) retrieved from /home/daniel/Documents/Alura/python_apache_airflow_pipeline/venv/lib/python3.9/site-packages/airflow/example_dags/example_xcom.py
[2025-01-05 10:28:48,971] {logging_mixin.py:115} INFO - [2025-01-05 10:28:48,971] {dag.py:2379} INFO - Sync 1 DAGs
[2025-01-05 10:28:49,030] {logging_mixin.py:115} INFO - [2025-01-05 10:28:49,030] {dag.py:2927} INFO - Setting next_dagrun for example_xcom to 2021-01-01T00:00:00+00:00, run_after=2021-01-01T00:00:00+00:00
[2025-01-05 10:28:49,075] {processor.py:161} INFO - Processing /home/daniel/Documents/Alura/python_apache_airflow_pipeline/venv/lib/python3.9/site-packages/airflow/example_dags/example_xcom.py took 0.216 seconds
[2025-01-05 10:30:33,418] {processor.py:153} INFO - Started process (PID=15573) to work on /home/daniel/Documents/Alura/python_apache_airflow_pipeline/venv/lib/python3.9/site-packages/airflow/example_dags/example_xcom.py
[2025-01-05 10:30:33,430] {processor.py:641} INFO - Processing file /home/daniel/Documents/Alura/python_apache_airflow_pipeline/venv/lib/python3.9/site-packages/airflow/example_dags/example_xcom.py for tasks to queue
[2025-01-05 10:30:33,434] {logging_mixin.py:115} INFO - [2025-01-05 10:30:33,434] {dagbag.py:507} INFO - Filling up the DagBag from /home/daniel/Documents/Alura/python_apache_airflow_pipeline/venv/lib/python3.9/site-packages/airflow/example_dags/example_xcom.py
[2025-01-05 10:30:33,634] {processor.py:651} INFO - DAG(s) dict_keys(['example_xcom']) retrieved from /home/daniel/Documents/Alura/python_apache_airflow_pipeline/venv/lib/python3.9/site-packages/airflow/example_dags/example_xcom.py
[2025-01-05 10:30:33,778] {logging_mixin.py:115} INFO - [2025-01-05 10:30:33,778] {dag.py:2379} INFO - Sync 1 DAGs
[2025-01-05 10:30:34,030] {logging_mixin.py:115} INFO - [2025-01-05 10:30:34,022] {dag.py:2927} INFO - Setting next_dagrun for example_xcom to 2021-01-01T00:00:00+00:00, run_after=2021-01-01T00:00:00+00:00
[2025-01-05 10:30:34,215] {processor.py:161} INFO - Processing /home/daniel/Documents/Alura/python_apache_airflow_pipeline/venv/lib/python3.9/site-packages/airflow/example_dags/example_xcom.py took 0.824 seconds
[2025-01-05 10:31:53,871] {processor.py:153} INFO - Started process (PID=15925) to work on /home/daniel/Documents/Alura/python_apache_airflow_pipeline/venv/lib/python3.9/site-packages/airflow/example_dags/example_xcom.py
[2025-01-05 10:31:53,872] {processor.py:641} INFO - Processing file /home/daniel/Documents/Alura/python_apache_airflow_pipeline/venv/lib/python3.9/site-packages/airflow/example_dags/example_xcom.py for tasks to queue
[2025-01-05 10:31:53,873] {logging_mixin.py:115} INFO - [2025-01-05 10:31:53,873] {dagbag.py:507} INFO - Filling up the DagBag from /home/daniel/Documents/Alura/python_apache_airflow_pipeline/venv/lib/python3.9/site-packages/airflow/example_dags/example_xcom.py
[2025-01-05 10:31:53,894] {processor.py:651} INFO - DAG(s) dict_keys(['example_xcom']) retrieved from /home/daniel/Documents/Alura/python_apache_airflow_pipeline/venv/lib/python3.9/site-packages/airflow/example_dags/example_xcom.py
[2025-01-05 10:31:53,941] {logging_mixin.py:115} INFO - [2025-01-05 10:31:53,941] {dag.py:2379} INFO - Sync 1 DAGs
[2025-01-05 10:31:53,955] {logging_mixin.py:115} INFO - [2025-01-05 10:31:53,955] {dag.py:2927} INFO - Setting next_dagrun for example_xcom to 2021-01-01T00:00:00+00:00, run_after=2021-01-01T00:00:00+00:00
[2025-01-05 10:31:53,969] {processor.py:161} INFO - Processing /home/daniel/Documents/Alura/python_apache_airflow_pipeline/venv/lib/python3.9/site-packages/airflow/example_dags/example_xcom.py took 0.102 seconds
[2025-01-05 10:32:28,651] {processor.py:153} INFO - Started process (PID=16256) to work on /home/daniel/Documents/Alura/python_apache_airflow_pipeline/venv/lib/python3.9/site-packages/airflow/example_dags/example_xcom.py
[2025-01-05 10:32:28,653] {processor.py:641} INFO - Processing file /home/daniel/Documents/Alura/python_apache_airflow_pipeline/venv/lib/python3.9/site-packages/airflow/example_dags/example_xcom.py for tasks to queue
[2025-01-05 10:32:28,654] {logging_mixin.py:115} INFO - [2025-01-05 10:32:28,654] {dagbag.py:507} INFO - Filling up the DagBag from /home/daniel/Documents/Alura/python_apache_airflow_pipeline/venv/lib/python3.9/site-packages/airflow/example_dags/example_xcom.py
[2025-01-05 10:32:28,685] {processor.py:651} INFO - DAG(s) dict_keys(['example_xcom']) retrieved from /home/daniel/Documents/Alura/python_apache_airflow_pipeline/venv/lib/python3.9/site-packages/airflow/example_dags/example_xcom.py
[2025-01-05 10:32:28,728] {logging_mixin.py:115} INFO - [2025-01-05 10:32:28,728] {dag.py:2379} INFO - Sync 1 DAGs
[2025-01-05 10:32:28,741] {logging_mixin.py:115} INFO - [2025-01-05 10:32:28,741] {dag.py:2927} INFO - Setting next_dagrun for example_xcom to 2021-01-01T00:00:00+00:00, run_after=2021-01-01T00:00:00+00:00
[2025-01-05 10:32:28,756] {processor.py:161} INFO - Processing /home/daniel/Documents/Alura/python_apache_airflow_pipeline/venv/lib/python3.9/site-packages/airflow/example_dags/example_xcom.py took 0.113 seconds
[2025-01-05 10:33:11,372] {processor.py:153} INFO - Started process (PID=16708) to work on /home/daniel/Documents/Alura/python_apache_airflow_pipeline/venv/lib/python3.9/site-packages/airflow/example_dags/example_xcom.py
[2025-01-05 10:33:11,373] {processor.py:641} INFO - Processing file /home/daniel/Documents/Alura/python_apache_airflow_pipeline/venv/lib/python3.9/site-packages/airflow/example_dags/example_xcom.py for tasks to queue
[2025-01-05 10:33:11,374] {logging_mixin.py:115} INFO - [2025-01-05 10:33:11,374] {dagbag.py:507} INFO - Filling up the DagBag from /home/daniel/Documents/Alura/python_apache_airflow_pipeline/venv/lib/python3.9/site-packages/airflow/example_dags/example_xcom.py
[2025-01-05 10:33:11,389] {processor.py:651} INFO - DAG(s) dict_keys(['example_xcom']) retrieved from /home/daniel/Documents/Alura/python_apache_airflow_pipeline/venv/lib/python3.9/site-packages/airflow/example_dags/example_xcom.py
[2025-01-05 10:33:11,403] {logging_mixin.py:115} INFO - [2025-01-05 10:33:11,403] {dag.py:2379} INFO - Sync 1 DAGs
[2025-01-05 10:33:11,419] {logging_mixin.py:115} INFO - [2025-01-05 10:33:11,419] {dag.py:2927} INFO - Setting next_dagrun for example_xcom to 2021-01-01T00:00:00+00:00, run_after=2021-01-01T00:00:00+00:00
[2025-01-05 10:33:11,431] {processor.py:161} INFO - Processing /home/daniel/Documents/Alura/python_apache_airflow_pipeline/venv/lib/python3.9/site-packages/airflow/example_dags/example_xcom.py took 0.061 seconds
[2025-01-05 10:33:46,203] {processor.py:153} INFO - Started process (PID=16780) to work on /home/daniel/Documents/Alura/python_apache_airflow_pipeline/venv/lib/python3.9/site-packages/airflow/example_dags/example_xcom.py
[2025-01-05 10:33:46,204] {processor.py:641} INFO - Processing file /home/daniel/Documents/Alura/python_apache_airflow_pipeline/venv/lib/python3.9/site-packages/airflow/example_dags/example_xcom.py for tasks to queue
[2025-01-05 10:33:46,204] {logging_mixin.py:115} INFO - [2025-01-05 10:33:46,204] {dagbag.py:507} INFO - Filling up the DagBag from /home/daniel/Documents/Alura/python_apache_airflow_pipeline/venv/lib/python3.9/site-packages/airflow/example_dags/example_xcom.py
[2025-01-05 10:33:46,219] {processor.py:651} INFO - DAG(s) dict_keys(['example_xcom']) retrieved from /home/daniel/Documents/Alura/python_apache_airflow_pipeline/venv/lib/python3.9/site-packages/airflow/example_dags/example_xcom.py
[2025-01-05 10:33:46,233] {logging_mixin.py:115} INFO - [2025-01-05 10:33:46,233] {dag.py:2379} INFO - Sync 1 DAGs
[2025-01-05 10:33:46,253] {logging_mixin.py:115} INFO - [2025-01-05 10:33:46,253] {dag.py:2927} INFO - Setting next_dagrun for example_xcom to 2021-01-01T00:00:00+00:00, run_after=2021-01-01T00:00:00+00:00
[2025-01-05 10:33:46,263] {processor.py:161} INFO - Processing /home/daniel/Documents/Alura/python_apache_airflow_pipeline/venv/lib/python3.9/site-packages/airflow/example_dags/example_xcom.py took 0.063 seconds
[2025-01-05 10:34:23,566] {processor.py:153} INFO - Started process (PID=16817) to work on /home/daniel/Documents/Alura/python_apache_airflow_pipeline/venv/lib/python3.9/site-packages/airflow/example_dags/example_xcom.py
[2025-01-05 10:34:23,567] {processor.py:641} INFO - Processing file /home/daniel/Documents/Alura/python_apache_airflow_pipeline/venv/lib/python3.9/site-packages/airflow/example_dags/example_xcom.py for tasks to queue
[2025-01-05 10:34:23,567] {logging_mixin.py:115} INFO - [2025-01-05 10:34:23,567] {dagbag.py:507} INFO - Filling up the DagBag from /home/daniel/Documents/Alura/python_apache_airflow_pipeline/venv/lib/python3.9/site-packages/airflow/example_dags/example_xcom.py
[2025-01-05 10:34:23,583] {processor.py:651} INFO - DAG(s) dict_keys(['example_xcom']) retrieved from /home/daniel/Documents/Alura/python_apache_airflow_pipeline/venv/lib/python3.9/site-packages/airflow/example_dags/example_xcom.py
[2025-01-05 10:34:23,618] {logging_mixin.py:115} INFO - [2025-01-05 10:34:23,618] {dag.py:2379} INFO - Sync 1 DAGs
[2025-01-05 10:34:23,629] {logging_mixin.py:115} INFO - [2025-01-05 10:34:23,629] {dag.py:2927} INFO - Setting next_dagrun for example_xcom to 2021-01-01T00:00:00+00:00, run_after=2021-01-01T00:00:00+00:00
[2025-01-05 10:34:23,641] {processor.py:161} INFO - Processing /home/daniel/Documents/Alura/python_apache_airflow_pipeline/venv/lib/python3.9/site-packages/airflow/example_dags/example_xcom.py took 0.078 seconds
[2025-01-05 10:34:59,575] {processor.py:153} INFO - Started process (PID=16860) to work on /home/daniel/Documents/Alura/python_apache_airflow_pipeline/venv/lib/python3.9/site-packages/airflow/example_dags/example_xcom.py
[2025-01-05 10:34:59,576] {processor.py:641} INFO - Processing file /home/daniel/Documents/Alura/python_apache_airflow_pipeline/venv/lib/python3.9/site-packages/airflow/example_dags/example_xcom.py for tasks to queue
[2025-01-05 10:34:59,576] {logging_mixin.py:115} INFO - [2025-01-05 10:34:59,576] {dagbag.py:507} INFO - Filling up the DagBag from /home/daniel/Documents/Alura/python_apache_airflow_pipeline/venv/lib/python3.9/site-packages/airflow/example_dags/example_xcom.py
[2025-01-05 10:34:59,592] {processor.py:651} INFO - DAG(s) dict_keys(['example_xcom']) retrieved from /home/daniel/Documents/Alura/python_apache_airflow_pipeline/venv/lib/python3.9/site-packages/airflow/example_dags/example_xcom.py
[2025-01-05 10:34:59,608] {logging_mixin.py:115} INFO - [2025-01-05 10:34:59,608] {dag.py:2379} INFO - Sync 1 DAGs
[2025-01-05 10:34:59,625] {logging_mixin.py:115} INFO - [2025-01-05 10:34:59,625] {dag.py:2927} INFO - Setting next_dagrun for example_xcom to 2021-01-01T00:00:00+00:00, run_after=2021-01-01T00:00:00+00:00
[2025-01-05 10:34:59,637] {processor.py:161} INFO - Processing /home/daniel/Documents/Alura/python_apache_airflow_pipeline/venv/lib/python3.9/site-packages/airflow/example_dags/example_xcom.py took 0.066 seconds
[2025-01-05 10:35:39,119] {processor.py:153} INFO - Started process (PID=17008) to work on /home/daniel/Documents/Alura/python_apache_airflow_pipeline/venv/lib/python3.9/site-packages/airflow/example_dags/example_xcom.py
[2025-01-05 10:35:39,120] {processor.py:641} INFO - Processing file /home/daniel/Documents/Alura/python_apache_airflow_pipeline/venv/lib/python3.9/site-packages/airflow/example_dags/example_xcom.py for tasks to queue
[2025-01-05 10:35:39,121] {logging_mixin.py:115} INFO - [2025-01-05 10:35:39,121] {dagbag.py:507} INFO - Filling up the DagBag from /home/daniel/Documents/Alura/python_apache_airflow_pipeline/venv/lib/python3.9/site-packages/airflow/example_dags/example_xcom.py
[2025-01-05 10:35:39,137] {processor.py:651} INFO - DAG(s) dict_keys(['example_xcom']) retrieved from /home/daniel/Documents/Alura/python_apache_airflow_pipeline/venv/lib/python3.9/site-packages/airflow/example_dags/example_xcom.py
[2025-01-05 10:35:39,151] {logging_mixin.py:115} INFO - [2025-01-05 10:35:39,151] {dag.py:2379} INFO - Sync 1 DAGs
[2025-01-05 10:35:39,171] {logging_mixin.py:115} INFO - [2025-01-05 10:35:39,171] {dag.py:2927} INFO - Setting next_dagrun for example_xcom to 2021-01-01T00:00:00+00:00, run_after=2021-01-01T00:00:00+00:00
[2025-01-05 10:35:39,183] {processor.py:161} INFO - Processing /home/daniel/Documents/Alura/python_apache_airflow_pipeline/venv/lib/python3.9/site-packages/airflow/example_dags/example_xcom.py took 0.067 seconds
[2025-01-05 10:36:17,777] {processor.py:153} INFO - Started process (PID=17047) to work on /home/daniel/Documents/Alura/python_apache_airflow_pipeline/venv/lib/python3.9/site-packages/airflow/example_dags/example_xcom.py
[2025-01-05 10:36:17,778] {processor.py:641} INFO - Processing file /home/daniel/Documents/Alura/python_apache_airflow_pipeline/venv/lib/python3.9/site-packages/airflow/example_dags/example_xcom.py for tasks to queue
[2025-01-05 10:36:17,778] {logging_mixin.py:115} INFO - [2025-01-05 10:36:17,778] {dagbag.py:507} INFO - Filling up the DagBag from /home/daniel/Documents/Alura/python_apache_airflow_pipeline/venv/lib/python3.9/site-packages/airflow/example_dags/example_xcom.py
[2025-01-05 10:36:17,805] {processor.py:651} INFO - DAG(s) dict_keys(['example_xcom']) retrieved from /home/daniel/Documents/Alura/python_apache_airflow_pipeline/venv/lib/python3.9/site-packages/airflow/example_dags/example_xcom.py
[2025-01-05 10:36:17,828] {logging_mixin.py:115} INFO - [2025-01-05 10:36:17,827] {dag.py:2379} INFO - Sync 1 DAGs
[2025-01-05 10:36:17,854] {logging_mixin.py:115} INFO - [2025-01-05 10:36:17,854] {dag.py:2927} INFO - Setting next_dagrun for example_xcom to 2021-01-01T00:00:00+00:00, run_after=2021-01-01T00:00:00+00:00
[2025-01-05 10:36:17,871] {processor.py:161} INFO - Processing /home/daniel/Documents/Alura/python_apache_airflow_pipeline/venv/lib/python3.9/site-packages/airflow/example_dags/example_xcom.py took 0.099 seconds
[2025-01-05 10:36:54,423] {processor.py:153} INFO - Started process (PID=17092) to work on /home/daniel/Documents/Alura/python_apache_airflow_pipeline/venv/lib/python3.9/site-packages/airflow/example_dags/example_xcom.py
[2025-01-05 10:36:54,425] {processor.py:641} INFO - Processing file /home/daniel/Documents/Alura/python_apache_airflow_pipeline/venv/lib/python3.9/site-packages/airflow/example_dags/example_xcom.py for tasks to queue
[2025-01-05 10:36:54,427] {logging_mixin.py:115} INFO - [2025-01-05 10:36:54,427] {dagbag.py:507} INFO - Filling up the DagBag from /home/daniel/Documents/Alura/python_apache_airflow_pipeline/venv/lib/python3.9/site-packages/airflow/example_dags/example_xcom.py
[2025-01-05 10:36:54,464] {processor.py:651} INFO - DAG(s) dict_keys(['example_xcom']) retrieved from /home/daniel/Documents/Alura/python_apache_airflow_pipeline/venv/lib/python3.9/site-packages/airflow/example_dags/example_xcom.py
[2025-01-05 10:36:54,549] {logging_mixin.py:115} INFO - [2025-01-05 10:36:54,549] {dag.py:2379} INFO - Sync 1 DAGs
[2025-01-05 10:36:54,580] {logging_mixin.py:115} INFO - [2025-01-05 10:36:54,579] {dag.py:2927} INFO - Setting next_dagrun for example_xcom to 2021-01-01T00:00:00+00:00, run_after=2021-01-01T00:00:00+00:00
[2025-01-05 10:36:54,607] {processor.py:161} INFO - Processing /home/daniel/Documents/Alura/python_apache_airflow_pipeline/venv/lib/python3.9/site-packages/airflow/example_dags/example_xcom.py took 0.190 seconds
[2025-01-05 10:37:31,676] {processor.py:153} INFO - Started process (PID=17189) to work on /home/daniel/Documents/Alura/python_apache_airflow_pipeline/venv/lib/python3.9/site-packages/airflow/example_dags/example_xcom.py
[2025-01-05 10:37:31,677] {processor.py:641} INFO - Processing file /home/daniel/Documents/Alura/python_apache_airflow_pipeline/venv/lib/python3.9/site-packages/airflow/example_dags/example_xcom.py for tasks to queue
[2025-01-05 10:37:31,679] {logging_mixin.py:115} INFO - [2025-01-05 10:37:31,679] {dagbag.py:507} INFO - Filling up the DagBag from /home/daniel/Documents/Alura/python_apache_airflow_pipeline/venv/lib/python3.9/site-packages/airflow/example_dags/example_xcom.py
[2025-01-05 10:37:31,697] {processor.py:651} INFO - DAG(s) dict_keys(['example_xcom']) retrieved from /home/daniel/Documents/Alura/python_apache_airflow_pipeline/venv/lib/python3.9/site-packages/airflow/example_dags/example_xcom.py
[2025-01-05 10:37:31,745] {logging_mixin.py:115} INFO - [2025-01-05 10:37:31,745] {dag.py:2379} INFO - Sync 1 DAGs
[2025-01-05 10:37:31,761] {logging_mixin.py:115} INFO - [2025-01-05 10:37:31,761] {dag.py:2927} INFO - Setting next_dagrun for example_xcom to 2021-01-01T00:00:00+00:00, run_after=2021-01-01T00:00:00+00:00
[2025-01-05 10:37:31,780] {processor.py:161} INFO - Processing /home/daniel/Documents/Alura/python_apache_airflow_pipeline/venv/lib/python3.9/site-packages/airflow/example_dags/example_xcom.py took 0.108 seconds
[2025-01-05 10:38:09,124] {processor.py:153} INFO - Started process (PID=17450) to work on /home/daniel/Documents/Alura/python_apache_airflow_pipeline/venv/lib/python3.9/site-packages/airflow/example_dags/example_xcom.py
[2025-01-05 10:38:09,127] {processor.py:641} INFO - Processing file /home/daniel/Documents/Alura/python_apache_airflow_pipeline/venv/lib/python3.9/site-packages/airflow/example_dags/example_xcom.py for tasks to queue
[2025-01-05 10:38:09,128] {logging_mixin.py:115} INFO - [2025-01-05 10:38:09,127] {dagbag.py:507} INFO - Filling up the DagBag from /home/daniel/Documents/Alura/python_apache_airflow_pipeline/venv/lib/python3.9/site-packages/airflow/example_dags/example_xcom.py
[2025-01-05 10:38:09,164] {processor.py:651} INFO - DAG(s) dict_keys(['example_xcom']) retrieved from /home/daniel/Documents/Alura/python_apache_airflow_pipeline/venv/lib/python3.9/site-packages/airflow/example_dags/example_xcom.py
[2025-01-05 10:38:09,203] {logging_mixin.py:115} INFO - [2025-01-05 10:38:09,202] {dag.py:2379} INFO - Sync 1 DAGs
[2025-01-05 10:38:09,259] {logging_mixin.py:115} INFO - [2025-01-05 10:38:09,259] {dag.py:2927} INFO - Setting next_dagrun for example_xcom to 2021-01-01T00:00:00+00:00, run_after=2021-01-01T00:00:00+00:00
[2025-01-05 10:38:09,289] {processor.py:161} INFO - Processing /home/daniel/Documents/Alura/python_apache_airflow_pipeline/venv/lib/python3.9/site-packages/airflow/example_dags/example_xcom.py took 0.173 seconds
[2025-01-05 10:38:51,555] {processor.py:153} INFO - Started process (PID=17547) to work on /home/daniel/Documents/Alura/python_apache_airflow_pipeline/venv/lib/python3.9/site-packages/airflow/example_dags/example_xcom.py
[2025-01-05 10:38:51,560] {processor.py:641} INFO - Processing file /home/daniel/Documents/Alura/python_apache_airflow_pipeline/venv/lib/python3.9/site-packages/airflow/example_dags/example_xcom.py for tasks to queue
[2025-01-05 10:38:51,563] {logging_mixin.py:115} INFO - [2025-01-05 10:38:51,563] {dagbag.py:507} INFO - Filling up the DagBag from /home/daniel/Documents/Alura/python_apache_airflow_pipeline/venv/lib/python3.9/site-packages/airflow/example_dags/example_xcom.py
[2025-01-05 10:38:51,636] {processor.py:651} INFO - DAG(s) dict_keys(['example_xcom']) retrieved from /home/daniel/Documents/Alura/python_apache_airflow_pipeline/venv/lib/python3.9/site-packages/airflow/example_dags/example_xcom.py
[2025-01-05 10:38:51,693] {logging_mixin.py:115} INFO - [2025-01-05 10:38:51,693] {dag.py:2379} INFO - Sync 1 DAGs
[2025-01-05 10:38:51,772] {logging_mixin.py:115} INFO - [2025-01-05 10:38:51,771] {dag.py:2927} INFO - Setting next_dagrun for example_xcom to 2021-01-01T00:00:00+00:00, run_after=2021-01-01T00:00:00+00:00
[2025-01-05 10:38:51,823] {processor.py:161} INFO - Processing /home/daniel/Documents/Alura/python_apache_airflow_pipeline/venv/lib/python3.9/site-packages/airflow/example_dags/example_xcom.py took 0.283 seconds
[2025-01-05 10:39:34,788] {processor.py:153} INFO - Started process (PID=17686) to work on /home/daniel/Documents/Alura/python_apache_airflow_pipeline/venv/lib/python3.9/site-packages/airflow/example_dags/example_xcom.py
[2025-01-05 10:39:34,792] {processor.py:641} INFO - Processing file /home/daniel/Documents/Alura/python_apache_airflow_pipeline/venv/lib/python3.9/site-packages/airflow/example_dags/example_xcom.py for tasks to queue
[2025-01-05 10:39:34,793] {logging_mixin.py:115} INFO - [2025-01-05 10:39:34,792] {dagbag.py:507} INFO - Filling up the DagBag from /home/daniel/Documents/Alura/python_apache_airflow_pipeline/venv/lib/python3.9/site-packages/airflow/example_dags/example_xcom.py
[2025-01-05 10:39:34,840] {processor.py:651} INFO - DAG(s) dict_keys(['example_xcom']) retrieved from /home/daniel/Documents/Alura/python_apache_airflow_pipeline/venv/lib/python3.9/site-packages/airflow/example_dags/example_xcom.py
[2025-01-05 10:39:34,879] {logging_mixin.py:115} INFO - [2025-01-05 10:39:34,879] {dag.py:2379} INFO - Sync 1 DAGs
[2025-01-05 10:39:34,933] {logging_mixin.py:115} INFO - [2025-01-05 10:39:34,932] {dag.py:2927} INFO - Setting next_dagrun for example_xcom to 2021-01-01T00:00:00+00:00, run_after=2021-01-01T00:00:00+00:00
[2025-01-05 10:39:34,972] {processor.py:161} INFO - Processing /home/daniel/Documents/Alura/python_apache_airflow_pipeline/venv/lib/python3.9/site-packages/airflow/example_dags/example_xcom.py took 0.192 seconds
[2025-01-05 10:40:25,063] {processor.py:153} INFO - Started process (PID=18067) to work on /home/daniel/Documents/Alura/python_apache_airflow_pipeline/venv/lib/python3.9/site-packages/airflow/example_dags/example_xcom.py
[2025-01-05 10:40:25,065] {processor.py:641} INFO - Processing file /home/daniel/Documents/Alura/python_apache_airflow_pipeline/venv/lib/python3.9/site-packages/airflow/example_dags/example_xcom.py for tasks to queue
[2025-01-05 10:40:25,069] {logging_mixin.py:115} INFO - [2025-01-05 10:40:25,068] {dagbag.py:507} INFO - Filling up the DagBag from /home/daniel/Documents/Alura/python_apache_airflow_pipeline/venv/lib/python3.9/site-packages/airflow/example_dags/example_xcom.py
[2025-01-05 10:40:25,135] {processor.py:651} INFO - DAG(s) dict_keys(['example_xcom']) retrieved from /home/daniel/Documents/Alura/python_apache_airflow_pipeline/venv/lib/python3.9/site-packages/airflow/example_dags/example_xcom.py
[2025-01-05 10:40:25,204] {logging_mixin.py:115} INFO - [2025-01-05 10:40:25,204] {dag.py:2379} INFO - Sync 1 DAGs
[2025-01-05 10:40:25,279] {logging_mixin.py:115} INFO - [2025-01-05 10:40:25,279] {dag.py:2927} INFO - Setting next_dagrun for example_xcom to 2021-01-01T00:00:00+00:00, run_after=2021-01-01T00:00:00+00:00
[2025-01-05 10:40:25,328] {processor.py:161} INFO - Processing /home/daniel/Documents/Alura/python_apache_airflow_pipeline/venv/lib/python3.9/site-packages/airflow/example_dags/example_xcom.py took 0.284 seconds
[2025-01-05 10:41:12,176] {processor.py:153} INFO - Started process (PID=18177) to work on /home/daniel/Documents/Alura/python_apache_airflow_pipeline/venv/lib/python3.9/site-packages/airflow/example_dags/example_xcom.py
[2025-01-05 10:41:12,180] {processor.py:641} INFO - Processing file /home/daniel/Documents/Alura/python_apache_airflow_pipeline/venv/lib/python3.9/site-packages/airflow/example_dags/example_xcom.py for tasks to queue
[2025-01-05 10:41:12,184] {logging_mixin.py:115} INFO - [2025-01-05 10:41:12,183] {dagbag.py:507} INFO - Filling up the DagBag from /home/daniel/Documents/Alura/python_apache_airflow_pipeline/venv/lib/python3.9/site-packages/airflow/example_dags/example_xcom.py
[2025-01-05 10:41:12,252] {processor.py:651} INFO - DAG(s) dict_keys(['example_xcom']) retrieved from /home/daniel/Documents/Alura/python_apache_airflow_pipeline/venv/lib/python3.9/site-packages/airflow/example_dags/example_xcom.py
[2025-01-05 10:41:12,323] {logging_mixin.py:115} INFO - [2025-01-05 10:41:12,323] {dag.py:2379} INFO - Sync 1 DAGs
[2025-01-05 10:41:12,392] {logging_mixin.py:115} INFO - [2025-01-05 10:41:12,392] {dag.py:2927} INFO - Setting next_dagrun for example_xcom to 2021-01-01T00:00:00+00:00, run_after=2021-01-01T00:00:00+00:00
[2025-01-05 10:41:12,456] {processor.py:161} INFO - Processing /home/daniel/Documents/Alura/python_apache_airflow_pipeline/venv/lib/python3.9/site-packages/airflow/example_dags/example_xcom.py took 0.292 seconds
[2025-01-05 10:45:26,843] {processor.py:153} INFO - Started process (PID=18554) to work on /home/daniel/Documents/Alura/python_apache_airflow_pipeline/venv/lib/python3.9/site-packages/airflow/example_dags/example_xcom.py
[2025-01-05 10:45:26,850] {processor.py:641} INFO - Processing file /home/daniel/Documents/Alura/python_apache_airflow_pipeline/venv/lib/python3.9/site-packages/airflow/example_dags/example_xcom.py for tasks to queue
[2025-01-05 10:45:26,851] {logging_mixin.py:115} INFO - [2025-01-05 10:45:26,851] {dagbag.py:507} INFO - Filling up the DagBag from /home/daniel/Documents/Alura/python_apache_airflow_pipeline/venv/lib/python3.9/site-packages/airflow/example_dags/example_xcom.py
[2025-01-05 10:45:26,877] {processor.py:651} INFO - DAG(s) dict_keys(['example_xcom']) retrieved from /home/daniel/Documents/Alura/python_apache_airflow_pipeline/venv/lib/python3.9/site-packages/airflow/example_dags/example_xcom.py
[2025-01-05 10:45:26,956] {logging_mixin.py:115} INFO - [2025-01-05 10:45:26,956] {dag.py:2379} INFO - Sync 1 DAGs
[2025-01-05 10:45:26,991] {logging_mixin.py:115} INFO - [2025-01-05 10:45:26,991] {dag.py:2927} INFO - Setting next_dagrun for example_xcom to 2021-01-01T00:00:00+00:00, run_after=2021-01-01T00:00:00+00:00
[2025-01-05 10:45:27,019] {processor.py:161} INFO - Processing /home/daniel/Documents/Alura/python_apache_airflow_pipeline/venv/lib/python3.9/site-packages/airflow/example_dags/example_xcom.py took 0.180 seconds
[2025-01-05 10:46:06,521] {processor.py:153} INFO - Started process (PID=18803) to work on /home/daniel/Documents/Alura/python_apache_airflow_pipeline/venv/lib/python3.9/site-packages/airflow/example_dags/example_xcom.py
[2025-01-05 10:46:06,522] {processor.py:641} INFO - Processing file /home/daniel/Documents/Alura/python_apache_airflow_pipeline/venv/lib/python3.9/site-packages/airflow/example_dags/example_xcom.py for tasks to queue
[2025-01-05 10:46:06,523] {logging_mixin.py:115} INFO - [2025-01-05 10:46:06,523] {dagbag.py:507} INFO - Filling up the DagBag from /home/daniel/Documents/Alura/python_apache_airflow_pipeline/venv/lib/python3.9/site-packages/airflow/example_dags/example_xcom.py
[2025-01-05 10:46:06,544] {processor.py:651} INFO - DAG(s) dict_keys(['example_xcom']) retrieved from /home/daniel/Documents/Alura/python_apache_airflow_pipeline/venv/lib/python3.9/site-packages/airflow/example_dags/example_xcom.py
[2025-01-05 10:46:06,563] {logging_mixin.py:115} INFO - [2025-01-05 10:46:06,563] {dag.py:2379} INFO - Sync 1 DAGs
[2025-01-05 10:46:06,584] {logging_mixin.py:115} INFO - [2025-01-05 10:46:06,584] {dag.py:2927} INFO - Setting next_dagrun for example_xcom to 2021-01-01T00:00:00+00:00, run_after=2021-01-01T00:00:00+00:00
[2025-01-05 10:46:06,602] {processor.py:161} INFO - Processing /home/daniel/Documents/Alura/python_apache_airflow_pipeline/venv/lib/python3.9/site-packages/airflow/example_dags/example_xcom.py took 0.086 seconds
[2025-01-05 10:46:46,406] {processor.py:153} INFO - Started process (PID=19005) to work on /home/daniel/Documents/Alura/python_apache_airflow_pipeline/venv/lib/python3.9/site-packages/airflow/example_dags/example_xcom.py
[2025-01-05 10:46:46,407] {processor.py:641} INFO - Processing file /home/daniel/Documents/Alura/python_apache_airflow_pipeline/venv/lib/python3.9/site-packages/airflow/example_dags/example_xcom.py for tasks to queue
[2025-01-05 10:46:46,408] {logging_mixin.py:115} INFO - [2025-01-05 10:46:46,408] {dagbag.py:507} INFO - Filling up the DagBag from /home/daniel/Documents/Alura/python_apache_airflow_pipeline/venv/lib/python3.9/site-packages/airflow/example_dags/example_xcom.py
[2025-01-05 10:46:46,425] {processor.py:651} INFO - DAG(s) dict_keys(['example_xcom']) retrieved from /home/daniel/Documents/Alura/python_apache_airflow_pipeline/venv/lib/python3.9/site-packages/airflow/example_dags/example_xcom.py
[2025-01-05 10:46:46,442] {logging_mixin.py:115} INFO - [2025-01-05 10:46:46,442] {dag.py:2379} INFO - Sync 1 DAGs
[2025-01-05 10:46:46,468] {logging_mixin.py:115} INFO - [2025-01-05 10:46:46,468] {dag.py:2927} INFO - Setting next_dagrun for example_xcom to 2021-01-01T00:00:00+00:00, run_after=2021-01-01T00:00:00+00:00
[2025-01-05 10:46:46,481] {processor.py:161} INFO - Processing /home/daniel/Documents/Alura/python_apache_airflow_pipeline/venv/lib/python3.9/site-packages/airflow/example_dags/example_xcom.py took 0.079 seconds
[2025-01-05 10:47:25,166] {processor.py:153} INFO - Started process (PID=19284) to work on /home/daniel/Documents/Alura/python_apache_airflow_pipeline/venv/lib/python3.9/site-packages/airflow/example_dags/example_xcom.py
[2025-01-05 10:47:25,168] {processor.py:641} INFO - Processing file /home/daniel/Documents/Alura/python_apache_airflow_pipeline/venv/lib/python3.9/site-packages/airflow/example_dags/example_xcom.py for tasks to queue
[2025-01-05 10:47:25,170] {logging_mixin.py:115} INFO - [2025-01-05 10:47:25,170] {dagbag.py:507} INFO - Filling up the DagBag from /home/daniel/Documents/Alura/python_apache_airflow_pipeline/venv/lib/python3.9/site-packages/airflow/example_dags/example_xcom.py
[2025-01-05 10:47:25,200] {processor.py:651} INFO - DAG(s) dict_keys(['example_xcom']) retrieved from /home/daniel/Documents/Alura/python_apache_airflow_pipeline/venv/lib/python3.9/site-packages/airflow/example_dags/example_xcom.py
[2025-01-05 10:47:25,272] {logging_mixin.py:115} INFO - [2025-01-05 10:47:25,272] {dag.py:2379} INFO - Sync 1 DAGs
[2025-01-05 10:47:25,292] {logging_mixin.py:115} INFO - [2025-01-05 10:47:25,292] {dag.py:2927} INFO - Setting next_dagrun for example_xcom to 2021-01-01T00:00:00+00:00, run_after=2021-01-01T00:00:00+00:00
[2025-01-05 10:47:25,316] {processor.py:161} INFO - Processing /home/daniel/Documents/Alura/python_apache_airflow_pipeline/venv/lib/python3.9/site-packages/airflow/example_dags/example_xcom.py took 0.157 seconds
[2025-01-05 10:48:04,181] {processor.py:153} INFO - Started process (PID=19332) to work on /home/daniel/Documents/Alura/python_apache_airflow_pipeline/venv/lib/python3.9/site-packages/airflow/example_dags/example_xcom.py
[2025-01-05 10:48:04,183] {processor.py:641} INFO - Processing file /home/daniel/Documents/Alura/python_apache_airflow_pipeline/venv/lib/python3.9/site-packages/airflow/example_dags/example_xcom.py for tasks to queue
[2025-01-05 10:48:04,183] {logging_mixin.py:115} INFO - [2025-01-05 10:48:04,183] {dagbag.py:507} INFO - Filling up the DagBag from /home/daniel/Documents/Alura/python_apache_airflow_pipeline/venv/lib/python3.9/site-packages/airflow/example_dags/example_xcom.py
[2025-01-05 10:48:04,202] {processor.py:651} INFO - DAG(s) dict_keys(['example_xcom']) retrieved from /home/daniel/Documents/Alura/python_apache_airflow_pipeline/venv/lib/python3.9/site-packages/airflow/example_dags/example_xcom.py
[2025-01-05 10:48:04,221] {logging_mixin.py:115} INFO - [2025-01-05 10:48:04,221] {dag.py:2379} INFO - Sync 1 DAGs
[2025-01-05 10:48:04,251] {logging_mixin.py:115} INFO - [2025-01-05 10:48:04,251] {dag.py:2927} INFO - Setting next_dagrun for example_xcom to 2021-01-01T00:00:00+00:00, run_after=2021-01-01T00:00:00+00:00
[2025-01-05 10:48:04,274] {processor.py:161} INFO - Processing /home/daniel/Documents/Alura/python_apache_airflow_pipeline/venv/lib/python3.9/site-packages/airflow/example_dags/example_xcom.py took 0.098 seconds
[2025-01-05 10:52:34,016] {processor.py:153} INFO - Started process (PID=3819) to work on /home/daniel/Documents/Alura/python_apache_airflow_pipeline/venv/lib/python3.9/site-packages/airflow/example_dags/example_xcom.py
[2025-01-05 10:52:34,021] {processor.py:641} INFO - Processing file /home/daniel/Documents/Alura/python_apache_airflow_pipeline/venv/lib/python3.9/site-packages/airflow/example_dags/example_xcom.py for tasks to queue
[2025-01-05 10:52:34,021] {logging_mixin.py:115} INFO - [2025-01-05 10:52:34,021] {dagbag.py:507} INFO - Filling up the DagBag from /home/daniel/Documents/Alura/python_apache_airflow_pipeline/venv/lib/python3.9/site-packages/airflow/example_dags/example_xcom.py
[2025-01-05 10:52:34,036] {processor.py:651} INFO - DAG(s) dict_keys(['example_xcom']) retrieved from /home/daniel/Documents/Alura/python_apache_airflow_pipeline/venv/lib/python3.9/site-packages/airflow/example_dags/example_xcom.py
[2025-01-05 10:52:34,070] {logging_mixin.py:115} INFO - [2025-01-05 10:52:34,069] {dag.py:2379} INFO - Sync 1 DAGs
[2025-01-05 10:52:34,080] {logging_mixin.py:115} INFO - [2025-01-05 10:52:34,080] {dag.py:2927} INFO - Setting next_dagrun for example_xcom to 2021-01-01T00:00:00+00:00, run_after=2021-01-01T00:00:00+00:00
[2025-01-05 10:52:34,091] {processor.py:161} INFO - Processing /home/daniel/Documents/Alura/python_apache_airflow_pipeline/venv/lib/python3.9/site-packages/airflow/example_dags/example_xcom.py took 0.077 seconds
[2025-01-05 10:53:10,398] {processor.py:153} INFO - Started process (PID=3921) to work on /home/daniel/Documents/Alura/python_apache_airflow_pipeline/venv/lib/python3.9/site-packages/airflow/example_dags/example_xcom.py
[2025-01-05 10:53:10,399] {processor.py:641} INFO - Processing file /home/daniel/Documents/Alura/python_apache_airflow_pipeline/venv/lib/python3.9/site-packages/airflow/example_dags/example_xcom.py for tasks to queue
[2025-01-05 10:53:10,400] {logging_mixin.py:115} INFO - [2025-01-05 10:53:10,399] {dagbag.py:507} INFO - Filling up the DagBag from /home/daniel/Documents/Alura/python_apache_airflow_pipeline/venv/lib/python3.9/site-packages/airflow/example_dags/example_xcom.py
[2025-01-05 10:53:10,413] {processor.py:651} INFO - DAG(s) dict_keys(['example_xcom']) retrieved from /home/daniel/Documents/Alura/python_apache_airflow_pipeline/venv/lib/python3.9/site-packages/airflow/example_dags/example_xcom.py
[2025-01-05 10:53:10,444] {logging_mixin.py:115} INFO - [2025-01-05 10:53:10,444] {dag.py:2379} INFO - Sync 1 DAGs
[2025-01-05 10:53:10,454] {logging_mixin.py:115} INFO - [2025-01-05 10:53:10,454] {dag.py:2927} INFO - Setting next_dagrun for example_xcom to 2021-01-01T00:00:00+00:00, run_after=2021-01-01T00:00:00+00:00
[2025-01-05 10:53:10,464] {processor.py:161} INFO - Processing /home/daniel/Documents/Alura/python_apache_airflow_pipeline/venv/lib/python3.9/site-packages/airflow/example_dags/example_xcom.py took 0.069 seconds
[2025-01-05 10:53:46,421] {processor.py:153} INFO - Started process (PID=3960) to work on /home/daniel/Documents/Alura/python_apache_airflow_pipeline/venv/lib/python3.9/site-packages/airflow/example_dags/example_xcom.py
[2025-01-05 10:53:46,422] {processor.py:641} INFO - Processing file /home/daniel/Documents/Alura/python_apache_airflow_pipeline/venv/lib/python3.9/site-packages/airflow/example_dags/example_xcom.py for tasks to queue
[2025-01-05 10:53:46,423] {logging_mixin.py:115} INFO - [2025-01-05 10:53:46,423] {dagbag.py:507} INFO - Filling up the DagBag from /home/daniel/Documents/Alura/python_apache_airflow_pipeline/venv/lib/python3.9/site-packages/airflow/example_dags/example_xcom.py
[2025-01-05 10:53:46,437] {processor.py:651} INFO - DAG(s) dict_keys(['example_xcom']) retrieved from /home/daniel/Documents/Alura/python_apache_airflow_pipeline/venv/lib/python3.9/site-packages/airflow/example_dags/example_xcom.py
[2025-01-05 10:53:46,468] {logging_mixin.py:115} INFO - [2025-01-05 10:53:46,468] {dag.py:2379} INFO - Sync 1 DAGs
[2025-01-05 10:53:46,477] {logging_mixin.py:115} INFO - [2025-01-05 10:53:46,477] {dag.py:2927} INFO - Setting next_dagrun for example_xcom to 2021-01-01T00:00:00+00:00, run_after=2021-01-01T00:00:00+00:00
[2025-01-05 10:53:46,489] {processor.py:161} INFO - Processing /home/daniel/Documents/Alura/python_apache_airflow_pipeline/venv/lib/python3.9/site-packages/airflow/example_dags/example_xcom.py took 0.071 seconds
[2025-01-05 10:54:22,132] {processor.py:153} INFO - Started process (PID=4005) to work on /home/daniel/Documents/Alura/python_apache_airflow_pipeline/venv/lib/python3.9/site-packages/airflow/example_dags/example_xcom.py
[2025-01-05 10:54:22,133] {processor.py:641} INFO - Processing file /home/daniel/Documents/Alura/python_apache_airflow_pipeline/venv/lib/python3.9/site-packages/airflow/example_dags/example_xcom.py for tasks to queue
[2025-01-05 10:54:22,134] {logging_mixin.py:115} INFO - [2025-01-05 10:54:22,133] {dagbag.py:507} INFO - Filling up the DagBag from /home/daniel/Documents/Alura/python_apache_airflow_pipeline/venv/lib/python3.9/site-packages/airflow/example_dags/example_xcom.py
[2025-01-05 10:54:22,148] {processor.py:651} INFO - DAG(s) dict_keys(['example_xcom']) retrieved from /home/daniel/Documents/Alura/python_apache_airflow_pipeline/venv/lib/python3.9/site-packages/airflow/example_dags/example_xcom.py
[2025-01-05 10:54:22,181] {logging_mixin.py:115} INFO - [2025-01-05 10:54:22,181] {dag.py:2379} INFO - Sync 1 DAGs
[2025-01-05 10:54:22,190] {logging_mixin.py:115} INFO - [2025-01-05 10:54:22,190] {dag.py:2927} INFO - Setting next_dagrun for example_xcom to 2021-01-01T00:00:00+00:00, run_after=2021-01-01T00:00:00+00:00
[2025-01-05 10:54:22,202] {processor.py:161} INFO - Processing /home/daniel/Documents/Alura/python_apache_airflow_pipeline/venv/lib/python3.9/site-packages/airflow/example_dags/example_xcom.py took 0.073 seconds
[2025-01-05 10:54:58,443] {processor.py:153} INFO - Started process (PID=4049) to work on /home/daniel/Documents/Alura/python_apache_airflow_pipeline/venv/lib/python3.9/site-packages/airflow/example_dags/example_xcom.py
[2025-01-05 10:54:58,444] {processor.py:641} INFO - Processing file /home/daniel/Documents/Alura/python_apache_airflow_pipeline/venv/lib/python3.9/site-packages/airflow/example_dags/example_xcom.py for tasks to queue
[2025-01-05 10:54:58,444] {logging_mixin.py:115} INFO - [2025-01-05 10:54:58,444] {dagbag.py:507} INFO - Filling up the DagBag from /home/daniel/Documents/Alura/python_apache_airflow_pipeline/venv/lib/python3.9/site-packages/airflow/example_dags/example_xcom.py
[2025-01-05 10:54:58,463] {processor.py:651} INFO - DAG(s) dict_keys(['example_xcom']) retrieved from /home/daniel/Documents/Alura/python_apache_airflow_pipeline/venv/lib/python3.9/site-packages/airflow/example_dags/example_xcom.py
[2025-01-05 10:54:58,509] {logging_mixin.py:115} INFO - [2025-01-05 10:54:58,509] {dag.py:2379} INFO - Sync 1 DAGs
[2025-01-05 10:54:58,529] {logging_mixin.py:115} INFO - [2025-01-05 10:54:58,529] {dag.py:2927} INFO - Setting next_dagrun for example_xcom to 2021-01-01T00:00:00+00:00, run_after=2021-01-01T00:00:00+00:00
[2025-01-05 10:54:58,546] {processor.py:161} INFO - Processing /home/daniel/Documents/Alura/python_apache_airflow_pipeline/venv/lib/python3.9/site-packages/airflow/example_dags/example_xcom.py took 0.107 seconds
[2025-01-05 10:55:32,981] {processor.py:153} INFO - Started process (PID=4095) to work on /home/daniel/Documents/Alura/python_apache_airflow_pipeline/venv/lib/python3.9/site-packages/airflow/example_dags/example_xcom.py
[2025-01-05 10:55:32,983] {processor.py:641} INFO - Processing file /home/daniel/Documents/Alura/python_apache_airflow_pipeline/venv/lib/python3.9/site-packages/airflow/example_dags/example_xcom.py for tasks to queue
[2025-01-05 10:55:32,983] {logging_mixin.py:115} INFO - [2025-01-05 10:55:32,983] {dagbag.py:507} INFO - Filling up the DagBag from /home/daniel/Documents/Alura/python_apache_airflow_pipeline/venv/lib/python3.9/site-packages/airflow/example_dags/example_xcom.py
[2025-01-05 10:55:33,000] {processor.py:651} INFO - DAG(s) dict_keys(['example_xcom']) retrieved from /home/daniel/Documents/Alura/python_apache_airflow_pipeline/venv/lib/python3.9/site-packages/airflow/example_dags/example_xcom.py
[2025-01-05 10:55:33,014] {logging_mixin.py:115} INFO - [2025-01-05 10:55:33,014] {dag.py:2379} INFO - Sync 1 DAGs
[2025-01-05 10:55:33,027] {logging_mixin.py:115} INFO - [2025-01-05 10:55:33,027] {dag.py:2927} INFO - Setting next_dagrun for example_xcom to 2021-01-01T00:00:00+00:00, run_after=2021-01-01T00:00:00+00:00
[2025-01-05 10:55:33,041] {processor.py:161} INFO - Processing /home/daniel/Documents/Alura/python_apache_airflow_pipeline/venv/lib/python3.9/site-packages/airflow/example_dags/example_xcom.py took 0.066 seconds
[2025-01-05 10:56:08,269] {processor.py:153} INFO - Started process (PID=4143) to work on /home/daniel/Documents/Alura/python_apache_airflow_pipeline/venv/lib/python3.9/site-packages/airflow/example_dags/example_xcom.py
[2025-01-05 10:56:08,270] {processor.py:641} INFO - Processing file /home/daniel/Documents/Alura/python_apache_airflow_pipeline/venv/lib/python3.9/site-packages/airflow/example_dags/example_xcom.py for tasks to queue
[2025-01-05 10:56:08,271] {logging_mixin.py:115} INFO - [2025-01-05 10:56:08,271] {dagbag.py:507} INFO - Filling up the DagBag from /home/daniel/Documents/Alura/python_apache_airflow_pipeline/venv/lib/python3.9/site-packages/airflow/example_dags/example_xcom.py
[2025-01-05 10:56:08,286] {processor.py:651} INFO - DAG(s) dict_keys(['example_xcom']) retrieved from /home/daniel/Documents/Alura/python_apache_airflow_pipeline/venv/lib/python3.9/site-packages/airflow/example_dags/example_xcom.py
[2025-01-05 10:56:08,325] {logging_mixin.py:115} INFO - [2025-01-05 10:56:08,324] {dag.py:2379} INFO - Sync 1 DAGs
[2025-01-05 10:56:08,336] {logging_mixin.py:115} INFO - [2025-01-05 10:56:08,336] {dag.py:2927} INFO - Setting next_dagrun for example_xcom to 2021-01-01T00:00:00+00:00, run_after=2021-01-01T00:00:00+00:00
[2025-01-05 10:56:08,351] {processor.py:161} INFO - Processing /home/daniel/Documents/Alura/python_apache_airflow_pipeline/venv/lib/python3.9/site-packages/airflow/example_dags/example_xcom.py took 0.084 seconds
[2025-01-05 10:56:44,525] {processor.py:153} INFO - Started process (PID=4192) to work on /home/daniel/Documents/Alura/python_apache_airflow_pipeline/venv/lib/python3.9/site-packages/airflow/example_dags/example_xcom.py
[2025-01-05 10:56:44,526] {processor.py:641} INFO - Processing file /home/daniel/Documents/Alura/python_apache_airflow_pipeline/venv/lib/python3.9/site-packages/airflow/example_dags/example_xcom.py for tasks to queue
[2025-01-05 10:56:44,527] {logging_mixin.py:115} INFO - [2025-01-05 10:56:44,527] {dagbag.py:507} INFO - Filling up the DagBag from /home/daniel/Documents/Alura/python_apache_airflow_pipeline/venv/lib/python3.9/site-packages/airflow/example_dags/example_xcom.py
[2025-01-05 10:56:44,544] {processor.py:651} INFO - DAG(s) dict_keys(['example_xcom']) retrieved from /home/daniel/Documents/Alura/python_apache_airflow_pipeline/venv/lib/python3.9/site-packages/airflow/example_dags/example_xcom.py
[2025-01-05 10:56:44,601] {logging_mixin.py:115} INFO - [2025-01-05 10:56:44,601] {dag.py:2379} INFO - Sync 1 DAGs
[2025-01-05 10:56:44,623] {logging_mixin.py:115} INFO - [2025-01-05 10:56:44,623] {dag.py:2927} INFO - Setting next_dagrun for example_xcom to 2021-01-01T00:00:00+00:00, run_after=2021-01-01T00:00:00+00:00
[2025-01-05 10:56:44,643] {processor.py:161} INFO - Processing /home/daniel/Documents/Alura/python_apache_airflow_pipeline/venv/lib/python3.9/site-packages/airflow/example_dags/example_xcom.py took 0.122 seconds
[2025-01-05 10:57:22,416] {processor.py:153} INFO - Started process (PID=4291) to work on /home/daniel/Documents/Alura/python_apache_airflow_pipeline/venv/lib/python3.9/site-packages/airflow/example_dags/example_xcom.py
[2025-01-05 10:57:22,417] {processor.py:641} INFO - Processing file /home/daniel/Documents/Alura/python_apache_airflow_pipeline/venv/lib/python3.9/site-packages/airflow/example_dags/example_xcom.py for tasks to queue
[2025-01-05 10:57:22,418] {logging_mixin.py:115} INFO - [2025-01-05 10:57:22,418] {dagbag.py:507} INFO - Filling up the DagBag from /home/daniel/Documents/Alura/python_apache_airflow_pipeline/venv/lib/python3.9/site-packages/airflow/example_dags/example_xcom.py
[2025-01-05 10:57:22,435] {processor.py:651} INFO - DAG(s) dict_keys(['example_xcom']) retrieved from /home/daniel/Documents/Alura/python_apache_airflow_pipeline/venv/lib/python3.9/site-packages/airflow/example_dags/example_xcom.py
[2025-01-05 10:57:22,472] {logging_mixin.py:115} INFO - [2025-01-05 10:57:22,472] {dag.py:2379} INFO - Sync 1 DAGs
[2025-01-05 10:57:22,486] {logging_mixin.py:115} INFO - [2025-01-05 10:57:22,486] {dag.py:2927} INFO - Setting next_dagrun for example_xcom to 2021-01-01T00:00:00+00:00, run_after=2021-01-01T00:00:00+00:00
[2025-01-05 10:57:22,503] {processor.py:161} INFO - Processing /home/daniel/Documents/Alura/python_apache_airflow_pipeline/venv/lib/python3.9/site-packages/airflow/example_dags/example_xcom.py took 0.091 seconds
[2025-01-05 10:58:07,963] {processor.py:153} INFO - Started process (PID=4707) to work on /home/daniel/Documents/Alura/python_apache_airflow_pipeline/venv/lib/python3.9/site-packages/airflow/example_dags/example_xcom.py
[2025-01-05 10:58:07,964] {processor.py:641} INFO - Processing file /home/daniel/Documents/Alura/python_apache_airflow_pipeline/venv/lib/python3.9/site-packages/airflow/example_dags/example_xcom.py for tasks to queue
[2025-01-05 10:58:07,967] {logging_mixin.py:115} INFO - [2025-01-05 10:58:07,967] {dagbag.py:507} INFO - Filling up the DagBag from /home/daniel/Documents/Alura/python_apache_airflow_pipeline/venv/lib/python3.9/site-packages/airflow/example_dags/example_xcom.py
[2025-01-05 10:58:07,991] {processor.py:651} INFO - DAG(s) dict_keys(['example_xcom']) retrieved from /home/daniel/Documents/Alura/python_apache_airflow_pipeline/venv/lib/python3.9/site-packages/airflow/example_dags/example_xcom.py
[2025-01-05 10:58:08,075] {logging_mixin.py:115} INFO - [2025-01-05 10:58:08,075] {dag.py:2379} INFO - Sync 1 DAGs
[2025-01-05 10:58:08,099] {logging_mixin.py:115} INFO - [2025-01-05 10:58:08,099] {dag.py:2927} INFO - Setting next_dagrun for example_xcom to 2021-01-01T00:00:00+00:00, run_after=2021-01-01T00:00:00+00:00
[2025-01-05 10:58:08,119] {processor.py:161} INFO - Processing /home/daniel/Documents/Alura/python_apache_airflow_pipeline/venv/lib/python3.9/site-packages/airflow/example_dags/example_xcom.py took 0.160 seconds
