[2025-01-05 09:39:46,645] {processor.py:153} INFO - Started process (PID=5088) to work on /home/daniel/Documents/Alura/python_apache_airflow_pipeline/venv/lib/python3.9/site-packages/airflow/example_dags/example_dag_decorator.py
[2025-01-05 09:39:46,648] {processor.py:641} INFO - Processing file /home/daniel/Documents/Alura/python_apache_airflow_pipeline/venv/lib/python3.9/site-packages/airflow/example_dags/example_dag_decorator.py for tasks to queue
[2025-01-05 09:39:46,649] {logging_mixin.py:115} INFO - [2025-01-05 09:39:46,649] {dagbag.py:507} INFO - Filling up the DagBag from /home/daniel/Documents/Alura/python_apache_airflow_pipeline/venv/lib/python3.9/site-packages/airflow/example_dags/example_dag_decorator.py
[2025-01-05 09:39:46,944] {processor.py:651} INFO - DAG(s) dict_keys(['example_dag_decorator']) retrieved from /home/daniel/Documents/Alura/python_apache_airflow_pipeline/venv/lib/python3.9/site-packages/airflow/example_dags/example_dag_decorator.py
[2025-01-05 09:39:47,609] {logging_mixin.py:115} INFO - [2025-01-05 09:39:47,609] {dag.py:2379} INFO - Sync 1 DAGs
[2025-01-05 09:39:47,781] {logging_mixin.py:115} INFO - [2025-01-05 09:39:47,777] {dag.py:2927} INFO - Setting next_dagrun for example_dag_decorator to None, run_after=None
[2025-01-05 09:39:47,937] {processor.py:161} INFO - Processing /home/daniel/Documents/Alura/python_apache_airflow_pipeline/venv/lib/python3.9/site-packages/airflow/example_dags/example_dag_decorator.py took 1.332 seconds
[2025-01-05 09:54:55,332] {processor.py:153} INFO - Started process (PID=3629) to work on /home/daniel/Documents/Alura/python_apache_airflow_pipeline/venv/lib/python3.9/site-packages/airflow/example_dags/example_dag_decorator.py
[2025-01-05 09:54:55,336] {processor.py:641} INFO - Processing file /home/daniel/Documents/Alura/python_apache_airflow_pipeline/venv/lib/python3.9/site-packages/airflow/example_dags/example_dag_decorator.py for tasks to queue
[2025-01-05 09:54:55,337] {logging_mixin.py:115} INFO - [2025-01-05 09:54:55,337] {dagbag.py:507} INFO - Filling up the DagBag from /home/daniel/Documents/Alura/python_apache_airflow_pipeline/venv/lib/python3.9/site-packages/airflow/example_dags/example_dag_decorator.py
[2025-01-05 09:54:55,380] {processor.py:651} INFO - DAG(s) dict_keys(['example_dag_decorator']) retrieved from /home/daniel/Documents/Alura/python_apache_airflow_pipeline/venv/lib/python3.9/site-packages/airflow/example_dags/example_dag_decorator.py
[2025-01-05 09:54:55,430] {logging_mixin.py:115} INFO - [2025-01-05 09:54:55,430] {dag.py:2379} INFO - Sync 1 DAGs
[2025-01-05 09:54:55,444] {logging_mixin.py:115} INFO - [2025-01-05 09:54:55,444] {dag.py:2927} INFO - Setting next_dagrun for example_dag_decorator to None, run_after=None
[2025-01-05 09:54:55,461] {processor.py:161} INFO - Processing /home/daniel/Documents/Alura/python_apache_airflow_pipeline/venv/lib/python3.9/site-packages/airflow/example_dags/example_dag_decorator.py took 0.136 seconds
[2025-01-05 09:55:38,641] {processor.py:153} INFO - Started process (PID=4043) to work on /home/daniel/Documents/Alura/python_apache_airflow_pipeline/venv/lib/python3.9/site-packages/airflow/example_dags/example_dag_decorator.py
[2025-01-05 09:55:38,647] {processor.py:641} INFO - Processing file /home/daniel/Documents/Alura/python_apache_airflow_pipeline/venv/lib/python3.9/site-packages/airflow/example_dags/example_dag_decorator.py for tasks to queue
[2025-01-05 09:55:38,650] {logging_mixin.py:115} INFO - [2025-01-05 09:55:38,650] {dagbag.py:507} INFO - Filling up the DagBag from /home/daniel/Documents/Alura/python_apache_airflow_pipeline/venv/lib/python3.9/site-packages/airflow/example_dags/example_dag_decorator.py
[2025-01-05 09:55:38,715] {processor.py:651} INFO - DAG(s) dict_keys(['example_dag_decorator']) retrieved from /home/daniel/Documents/Alura/python_apache_airflow_pipeline/venv/lib/python3.9/site-packages/airflow/example_dags/example_dag_decorator.py
[2025-01-05 09:55:38,876] {logging_mixin.py:115} INFO - [2025-01-05 09:55:38,875] {dag.py:2379} INFO - Sync 1 DAGs
[2025-01-05 09:55:38,895] {logging_mixin.py:115} INFO - [2025-01-05 09:55:38,895] {dag.py:2927} INFO - Setting next_dagrun for example_dag_decorator to None, run_after=None
[2025-01-05 09:55:38,921] {processor.py:161} INFO - Processing /home/daniel/Documents/Alura/python_apache_airflow_pipeline/venv/lib/python3.9/site-packages/airflow/example_dags/example_dag_decorator.py took 0.290 seconds
[2025-01-05 09:56:26,355] {processor.py:153} INFO - Started process (PID=4380) to work on /home/daniel/Documents/Alura/python_apache_airflow_pipeline/venv/lib/python3.9/site-packages/airflow/example_dags/example_dag_decorator.py
[2025-01-05 09:56:26,359] {processor.py:641} INFO - Processing file /home/daniel/Documents/Alura/python_apache_airflow_pipeline/venv/lib/python3.9/site-packages/airflow/example_dags/example_dag_decorator.py for tasks to queue
[2025-01-05 09:56:26,362] {logging_mixin.py:115} INFO - [2025-01-05 09:56:26,362] {dagbag.py:507} INFO - Filling up the DagBag from /home/daniel/Documents/Alura/python_apache_airflow_pipeline/venv/lib/python3.9/site-packages/airflow/example_dags/example_dag_decorator.py
[2025-01-05 09:56:26,442] {processor.py:651} INFO - DAG(s) dict_keys(['example_dag_decorator']) retrieved from /home/daniel/Documents/Alura/python_apache_airflow_pipeline/venv/lib/python3.9/site-packages/airflow/example_dags/example_dag_decorator.py
[2025-01-05 09:56:26,547] {logging_mixin.py:115} INFO - [2025-01-05 09:56:26,547] {dag.py:2379} INFO - Sync 1 DAGs
[2025-01-05 09:56:26,582] {logging_mixin.py:115} INFO - [2025-01-05 09:56:26,582] {dag.py:2927} INFO - Setting next_dagrun for example_dag_decorator to None, run_after=None
[2025-01-05 09:56:26,620] {processor.py:161} INFO - Processing /home/daniel/Documents/Alura/python_apache_airflow_pipeline/venv/lib/python3.9/site-packages/airflow/example_dags/example_dag_decorator.py took 0.278 seconds
[2025-01-05 09:57:08,641] {processor.py:153} INFO - Started process (PID=4866) to work on /home/daniel/Documents/Alura/python_apache_airflow_pipeline/venv/lib/python3.9/site-packages/airflow/example_dags/example_dag_decorator.py
[2025-01-05 09:57:08,646] {processor.py:641} INFO - Processing file /home/daniel/Documents/Alura/python_apache_airflow_pipeline/venv/lib/python3.9/site-packages/airflow/example_dags/example_dag_decorator.py for tasks to queue
[2025-01-05 09:57:08,647] {logging_mixin.py:115} INFO - [2025-01-05 09:57:08,646] {dagbag.py:507} INFO - Filling up the DagBag from /home/daniel/Documents/Alura/python_apache_airflow_pipeline/venv/lib/python3.9/site-packages/airflow/example_dags/example_dag_decorator.py
[2025-01-05 09:57:08,701] {processor.py:651} INFO - DAG(s) dict_keys(['example_dag_decorator']) retrieved from /home/daniel/Documents/Alura/python_apache_airflow_pipeline/venv/lib/python3.9/site-packages/airflow/example_dags/example_dag_decorator.py
[2025-01-05 09:57:08,804] {logging_mixin.py:115} INFO - [2025-01-05 09:57:08,804] {dag.py:2379} INFO - Sync 1 DAGs
[2025-01-05 09:57:08,859] {logging_mixin.py:115} INFO - [2025-01-05 09:57:08,858] {dag.py:2927} INFO - Setting next_dagrun for example_dag_decorator to None, run_after=None
[2025-01-05 09:57:08,890] {processor.py:161} INFO - Processing /home/daniel/Documents/Alura/python_apache_airflow_pipeline/venv/lib/python3.9/site-packages/airflow/example_dags/example_dag_decorator.py took 0.256 seconds
[2025-01-05 09:58:29,307] {processor.py:153} INFO - Started process (PID=5675) to work on /home/daniel/Documents/Alura/python_apache_airflow_pipeline/venv/lib/python3.9/site-packages/airflow/example_dags/example_dag_decorator.py
[2025-01-05 09:58:29,313] {processor.py:641} INFO - Processing file /home/daniel/Documents/Alura/python_apache_airflow_pipeline/venv/lib/python3.9/site-packages/airflow/example_dags/example_dag_decorator.py for tasks to queue
[2025-01-05 09:58:29,315] {logging_mixin.py:115} INFO - [2025-01-05 09:58:29,314] {dagbag.py:507} INFO - Filling up the DagBag from /home/daniel/Documents/Alura/python_apache_airflow_pipeline/venv/lib/python3.9/site-packages/airflow/example_dags/example_dag_decorator.py
[2025-01-05 09:58:29,401] {processor.py:651} INFO - DAG(s) dict_keys(['example_dag_decorator']) retrieved from /home/daniel/Documents/Alura/python_apache_airflow_pipeline/venv/lib/python3.9/site-packages/airflow/example_dags/example_dag_decorator.py
[2025-01-05 09:58:29,494] {logging_mixin.py:115} INFO - [2025-01-05 09:58:29,493] {dag.py:2379} INFO - Sync 1 DAGs
[2025-01-05 09:58:29,525] {logging_mixin.py:115} INFO - [2025-01-05 09:58:29,525] {dag.py:2927} INFO - Setting next_dagrun for example_dag_decorator to None, run_after=None
[2025-01-05 09:58:29,550] {processor.py:161} INFO - Processing /home/daniel/Documents/Alura/python_apache_airflow_pipeline/venv/lib/python3.9/site-packages/airflow/example_dags/example_dag_decorator.py took 0.260 seconds
[2025-01-05 09:59:51,278] {processor.py:153} INFO - Started process (PID=6526) to work on /home/daniel/Documents/Alura/python_apache_airflow_pipeline/venv/lib/python3.9/site-packages/airflow/example_dags/example_dag_decorator.py
[2025-01-05 09:59:51,286] {processor.py:641} INFO - Processing file /home/daniel/Documents/Alura/python_apache_airflow_pipeline/venv/lib/python3.9/site-packages/airflow/example_dags/example_dag_decorator.py for tasks to queue
[2025-01-05 09:59:51,287] {logging_mixin.py:115} INFO - [2025-01-05 09:59:51,287] {dagbag.py:507} INFO - Filling up the DagBag from /home/daniel/Documents/Alura/python_apache_airflow_pipeline/venv/lib/python3.9/site-packages/airflow/example_dags/example_dag_decorator.py
[2025-01-05 09:59:51,366] {processor.py:651} INFO - DAG(s) dict_keys(['example_dag_decorator']) retrieved from /home/daniel/Documents/Alura/python_apache_airflow_pipeline/venv/lib/python3.9/site-packages/airflow/example_dags/example_dag_decorator.py
[2025-01-05 09:59:51,469] {logging_mixin.py:115} INFO - [2025-01-05 09:59:51,467] {dag.py:2379} INFO - Sync 1 DAGs
[2025-01-05 09:59:51,494] {logging_mixin.py:115} INFO - [2025-01-05 09:59:51,494] {dag.py:2927} INFO - Setting next_dagrun for example_dag_decorator to None, run_after=None
[2025-01-05 09:59:51,522] {processor.py:161} INFO - Processing /home/daniel/Documents/Alura/python_apache_airflow_pipeline/venv/lib/python3.9/site-packages/airflow/example_dags/example_dag_decorator.py took 0.255 seconds
[2025-01-05 10:00:39,154] {processor.py:153} INFO - Started process (PID=6827) to work on /home/daniel/Documents/Alura/python_apache_airflow_pipeline/venv/lib/python3.9/site-packages/airflow/example_dags/example_dag_decorator.py
[2025-01-05 10:00:39,158] {processor.py:641} INFO - Processing file /home/daniel/Documents/Alura/python_apache_airflow_pipeline/venv/lib/python3.9/site-packages/airflow/example_dags/example_dag_decorator.py for tasks to queue
[2025-01-05 10:00:39,159] {logging_mixin.py:115} INFO - [2025-01-05 10:00:39,158] {dagbag.py:507} INFO - Filling up the DagBag from /home/daniel/Documents/Alura/python_apache_airflow_pipeline/venv/lib/python3.9/site-packages/airflow/example_dags/example_dag_decorator.py
[2025-01-05 10:00:39,249] {processor.py:651} INFO - DAG(s) dict_keys(['example_dag_decorator']) retrieved from /home/daniel/Documents/Alura/python_apache_airflow_pipeline/venv/lib/python3.9/site-packages/airflow/example_dags/example_dag_decorator.py
[2025-01-05 10:00:39,374] {logging_mixin.py:115} INFO - [2025-01-05 10:00:39,374] {dag.py:2379} INFO - Sync 1 DAGs
[2025-01-05 10:00:39,421] {logging_mixin.py:115} INFO - [2025-01-05 10:00:39,421] {dag.py:2927} INFO - Setting next_dagrun for example_dag_decorator to None, run_after=None
[2025-01-05 10:00:39,446] {processor.py:161} INFO - Processing /home/daniel/Documents/Alura/python_apache_airflow_pipeline/venv/lib/python3.9/site-packages/airflow/example_dags/example_dag_decorator.py took 0.307 seconds
[2025-01-05 10:03:16,009] {processor.py:153} INFO - Started process (PID=7947) to work on /home/daniel/Documents/Alura/python_apache_airflow_pipeline/venv/lib/python3.9/site-packages/airflow/example_dags/example_dag_decorator.py
[2025-01-05 10:03:16,010] {processor.py:641} INFO - Processing file /home/daniel/Documents/Alura/python_apache_airflow_pipeline/venv/lib/python3.9/site-packages/airflow/example_dags/example_dag_decorator.py for tasks to queue
[2025-01-05 10:03:16,013] {logging_mixin.py:115} INFO - [2025-01-05 10:03:16,013] {dagbag.py:507} INFO - Filling up the DagBag from /home/daniel/Documents/Alura/python_apache_airflow_pipeline/venv/lib/python3.9/site-packages/airflow/example_dags/example_dag_decorator.py
[2025-01-05 10:03:16,065] {processor.py:651} INFO - DAG(s) dict_keys(['example_dag_decorator']) retrieved from /home/daniel/Documents/Alura/python_apache_airflow_pipeline/venv/lib/python3.9/site-packages/airflow/example_dags/example_dag_decorator.py
[2025-01-05 10:03:16,241] {logging_mixin.py:115} INFO - [2025-01-05 10:03:16,241] {dag.py:2379} INFO - Sync 1 DAGs
[2025-01-05 10:03:16,298] {logging_mixin.py:115} INFO - [2025-01-05 10:03:16,298] {dag.py:2927} INFO - Setting next_dagrun for example_dag_decorator to None, run_after=None
[2025-01-05 10:03:16,370] {processor.py:161} INFO - Processing /home/daniel/Documents/Alura/python_apache_airflow_pipeline/venv/lib/python3.9/site-packages/airflow/example_dags/example_dag_decorator.py took 0.376 seconds
[2025-01-05 10:04:11,741] {processor.py:153} INFO - Started process (PID=8176) to work on /home/daniel/Documents/Alura/python_apache_airflow_pipeline/venv/lib/python3.9/site-packages/airflow/example_dags/example_dag_decorator.py
[2025-01-05 10:04:11,746] {processor.py:641} INFO - Processing file /home/daniel/Documents/Alura/python_apache_airflow_pipeline/venv/lib/python3.9/site-packages/airflow/example_dags/example_dag_decorator.py for tasks to queue
[2025-01-05 10:04:11,749] {logging_mixin.py:115} INFO - [2025-01-05 10:04:11,749] {dagbag.py:507} INFO - Filling up the DagBag from /home/daniel/Documents/Alura/python_apache_airflow_pipeline/venv/lib/python3.9/site-packages/airflow/example_dags/example_dag_decorator.py
[2025-01-05 10:04:11,938] {processor.py:651} INFO - DAG(s) dict_keys(['example_dag_decorator']) retrieved from /home/daniel/Documents/Alura/python_apache_airflow_pipeline/venv/lib/python3.9/site-packages/airflow/example_dags/example_dag_decorator.py
[2025-01-05 10:04:12,158] {logging_mixin.py:115} INFO - [2025-01-05 10:04:12,158] {dag.py:2379} INFO - Sync 1 DAGs
[2025-01-05 10:04:12,237] {logging_mixin.py:115} INFO - [2025-01-05 10:04:12,237] {dag.py:2927} INFO - Setting next_dagrun for example_dag_decorator to None, run_after=None
[2025-01-05 10:04:12,305] {processor.py:161} INFO - Processing /home/daniel/Documents/Alura/python_apache_airflow_pipeline/venv/lib/python3.9/site-packages/airflow/example_dags/example_dag_decorator.py took 0.584 seconds
[2025-01-05 10:05:10,621] {processor.py:153} INFO - Started process (PID=8247) to work on /home/daniel/Documents/Alura/python_apache_airflow_pipeline/venv/lib/python3.9/site-packages/airflow/example_dags/example_dag_decorator.py
[2025-01-05 10:05:10,633] {processor.py:641} INFO - Processing file /home/daniel/Documents/Alura/python_apache_airflow_pipeline/venv/lib/python3.9/site-packages/airflow/example_dags/example_dag_decorator.py for tasks to queue
[2025-01-05 10:05:10,642] {logging_mixin.py:115} INFO - [2025-01-05 10:05:10,641] {dagbag.py:507} INFO - Filling up the DagBag from /home/daniel/Documents/Alura/python_apache_airflow_pipeline/venv/lib/python3.9/site-packages/airflow/example_dags/example_dag_decorator.py
[2025-01-05 10:05:10,889] {processor.py:651} INFO - DAG(s) dict_keys(['example_dag_decorator']) retrieved from /home/daniel/Documents/Alura/python_apache_airflow_pipeline/venv/lib/python3.9/site-packages/airflow/example_dags/example_dag_decorator.py
[2025-01-05 10:05:11,329] {logging_mixin.py:115} INFO - [2025-01-05 10:05:11,329] {dag.py:2379} INFO - Sync 1 DAGs
[2025-01-05 10:05:11,509] {logging_mixin.py:115} INFO - [2025-01-05 10:05:11,509] {dag.py:2927} INFO - Setting next_dagrun for example_dag_decorator to None, run_after=None
[2025-01-05 10:05:11,665] {processor.py:161} INFO - Processing /home/daniel/Documents/Alura/python_apache_airflow_pipeline/venv/lib/python3.9/site-packages/airflow/example_dags/example_dag_decorator.py took 1.064 seconds
[2025-01-05 10:16:42,979] {processor.py:153} INFO - Started process (PID=9280) to work on /home/daniel/Documents/Alura/python_apache_airflow_pipeline/venv/lib/python3.9/site-packages/airflow/example_dags/example_dag_decorator.py
[2025-01-05 10:16:42,981] {processor.py:641} INFO - Processing file /home/daniel/Documents/Alura/python_apache_airflow_pipeline/venv/lib/python3.9/site-packages/airflow/example_dags/example_dag_decorator.py for tasks to queue
[2025-01-05 10:16:42,982] {logging_mixin.py:115} INFO - [2025-01-05 10:16:42,982] {dagbag.py:507} INFO - Filling up the DagBag from /home/daniel/Documents/Alura/python_apache_airflow_pipeline/venv/lib/python3.9/site-packages/airflow/example_dags/example_dag_decorator.py
[2025-01-05 10:16:43,003] {processor.py:651} INFO - DAG(s) dict_keys(['example_dag_decorator']) retrieved from /home/daniel/Documents/Alura/python_apache_airflow_pipeline/venv/lib/python3.9/site-packages/airflow/example_dags/example_dag_decorator.py
[2025-01-05 10:16:43,044] {logging_mixin.py:115} INFO - [2025-01-05 10:16:43,044] {dag.py:2379} INFO - Sync 1 DAGs
[2025-01-05 10:16:43,055] {logging_mixin.py:115} INFO - [2025-01-05 10:16:43,055] {dag.py:2927} INFO - Setting next_dagrun for example_dag_decorator to None, run_after=None
[2025-01-05 10:16:43,067] {processor.py:161} INFO - Processing /home/daniel/Documents/Alura/python_apache_airflow_pipeline/venv/lib/python3.9/site-packages/airflow/example_dags/example_dag_decorator.py took 0.092 seconds
[2025-01-05 10:17:19,337] {processor.py:153} INFO - Started process (PID=9632) to work on /home/daniel/Documents/Alura/python_apache_airflow_pipeline/venv/lib/python3.9/site-packages/airflow/example_dags/example_dag_decorator.py
[2025-01-05 10:17:19,338] {processor.py:641} INFO - Processing file /home/daniel/Documents/Alura/python_apache_airflow_pipeline/venv/lib/python3.9/site-packages/airflow/example_dags/example_dag_decorator.py for tasks to queue
[2025-01-05 10:17:19,339] {logging_mixin.py:115} INFO - [2025-01-05 10:17:19,339] {dagbag.py:507} INFO - Filling up the DagBag from /home/daniel/Documents/Alura/python_apache_airflow_pipeline/venv/lib/python3.9/site-packages/airflow/example_dags/example_dag_decorator.py
[2025-01-05 10:17:19,359] {processor.py:651} INFO - DAG(s) dict_keys(['example_dag_decorator']) retrieved from /home/daniel/Documents/Alura/python_apache_airflow_pipeline/venv/lib/python3.9/site-packages/airflow/example_dags/example_dag_decorator.py
[2025-01-05 10:17:19,401] {logging_mixin.py:115} INFO - [2025-01-05 10:17:19,401] {dag.py:2379} INFO - Sync 1 DAGs
[2025-01-05 10:17:19,411] {logging_mixin.py:115} INFO - [2025-01-05 10:17:19,411] {dag.py:2927} INFO - Setting next_dagrun for example_dag_decorator to None, run_after=None
[2025-01-05 10:17:19,423] {processor.py:161} INFO - Processing /home/daniel/Documents/Alura/python_apache_airflow_pipeline/venv/lib/python3.9/site-packages/airflow/example_dags/example_dag_decorator.py took 0.088 seconds
[2025-01-05 10:17:55,568] {processor.py:153} INFO - Started process (PID=9857) to work on /home/daniel/Documents/Alura/python_apache_airflow_pipeline/venv/lib/python3.9/site-packages/airflow/example_dags/example_dag_decorator.py
[2025-01-05 10:17:55,571] {processor.py:641} INFO - Processing file /home/daniel/Documents/Alura/python_apache_airflow_pipeline/venv/lib/python3.9/site-packages/airflow/example_dags/example_dag_decorator.py for tasks to queue
[2025-01-05 10:17:55,571] {logging_mixin.py:115} INFO - [2025-01-05 10:17:55,571] {dagbag.py:507} INFO - Filling up the DagBag from /home/daniel/Documents/Alura/python_apache_airflow_pipeline/venv/lib/python3.9/site-packages/airflow/example_dags/example_dag_decorator.py
[2025-01-05 10:17:55,592] {processor.py:651} INFO - DAG(s) dict_keys(['example_dag_decorator']) retrieved from /home/daniel/Documents/Alura/python_apache_airflow_pipeline/venv/lib/python3.9/site-packages/airflow/example_dags/example_dag_decorator.py
[2025-01-05 10:17:55,635] {logging_mixin.py:115} INFO - [2025-01-05 10:17:55,634] {dag.py:2379} INFO - Sync 1 DAGs
[2025-01-05 10:17:55,650] {logging_mixin.py:115} INFO - [2025-01-05 10:17:55,650] {dag.py:2927} INFO - Setting next_dagrun for example_dag_decorator to None, run_after=None
[2025-01-05 10:17:55,666] {processor.py:161} INFO - Processing /home/daniel/Documents/Alura/python_apache_airflow_pipeline/venv/lib/python3.9/site-packages/airflow/example_dags/example_dag_decorator.py took 0.101 seconds
[2025-01-05 10:18:32,134] {processor.py:153} INFO - Started process (PID=10064) to work on /home/daniel/Documents/Alura/python_apache_airflow_pipeline/venv/lib/python3.9/site-packages/airflow/example_dags/example_dag_decorator.py
[2025-01-05 10:18:32,135] {processor.py:641} INFO - Processing file /home/daniel/Documents/Alura/python_apache_airflow_pipeline/venv/lib/python3.9/site-packages/airflow/example_dags/example_dag_decorator.py for tasks to queue
[2025-01-05 10:18:32,136] {logging_mixin.py:115} INFO - [2025-01-05 10:18:32,136] {dagbag.py:507} INFO - Filling up the DagBag from /home/daniel/Documents/Alura/python_apache_airflow_pipeline/venv/lib/python3.9/site-packages/airflow/example_dags/example_dag_decorator.py
[2025-01-05 10:18:32,166] {processor.py:651} INFO - DAG(s) dict_keys(['example_dag_decorator']) retrieved from /home/daniel/Documents/Alura/python_apache_airflow_pipeline/venv/lib/python3.9/site-packages/airflow/example_dags/example_dag_decorator.py
[2025-01-05 10:18:32,228] {logging_mixin.py:115} INFO - [2025-01-05 10:18:32,228] {dag.py:2379} INFO - Sync 1 DAGs
[2025-01-05 10:18:32,250] {logging_mixin.py:115} INFO - [2025-01-05 10:18:32,250] {dag.py:2927} INFO - Setting next_dagrun for example_dag_decorator to None, run_after=None
[2025-01-05 10:18:32,275] {processor.py:161} INFO - Processing /home/daniel/Documents/Alura/python_apache_airflow_pipeline/venv/lib/python3.9/site-packages/airflow/example_dags/example_dag_decorator.py took 0.144 seconds
[2025-01-05 10:19:11,964] {processor.py:153} INFO - Started process (PID=10403) to work on /home/daniel/Documents/Alura/python_apache_airflow_pipeline/venv/lib/python3.9/site-packages/airflow/example_dags/example_dag_decorator.py
[2025-01-05 10:19:11,968] {processor.py:641} INFO - Processing file /home/daniel/Documents/Alura/python_apache_airflow_pipeline/venv/lib/python3.9/site-packages/airflow/example_dags/example_dag_decorator.py for tasks to queue
[2025-01-05 10:19:11,971] {logging_mixin.py:115} INFO - [2025-01-05 10:19:11,971] {dagbag.py:507} INFO - Filling up the DagBag from /home/daniel/Documents/Alura/python_apache_airflow_pipeline/venv/lib/python3.9/site-packages/airflow/example_dags/example_dag_decorator.py
[2025-01-05 10:19:12,020] {processor.py:651} INFO - DAG(s) dict_keys(['example_dag_decorator']) retrieved from /home/daniel/Documents/Alura/python_apache_airflow_pipeline/venv/lib/python3.9/site-packages/airflow/example_dags/example_dag_decorator.py
[2025-01-05 10:19:12,131] {logging_mixin.py:115} INFO - [2025-01-05 10:19:12,131] {dag.py:2379} INFO - Sync 1 DAGs
[2025-01-05 10:19:12,162] {logging_mixin.py:115} INFO - [2025-01-05 10:19:12,162] {dag.py:2927} INFO - Setting next_dagrun for example_dag_decorator to None, run_after=None
[2025-01-05 10:19:12,197] {processor.py:161} INFO - Processing /home/daniel/Documents/Alura/python_apache_airflow_pipeline/venv/lib/python3.9/site-packages/airflow/example_dags/example_dag_decorator.py took 0.239 seconds
[2025-01-05 10:19:50,449] {processor.py:153} INFO - Started process (PID=10644) to work on /home/daniel/Documents/Alura/python_apache_airflow_pipeline/venv/lib/python3.9/site-packages/airflow/example_dags/example_dag_decorator.py
[2025-01-05 10:19:50,450] {processor.py:641} INFO - Processing file /home/daniel/Documents/Alura/python_apache_airflow_pipeline/venv/lib/python3.9/site-packages/airflow/example_dags/example_dag_decorator.py for tasks to queue
[2025-01-05 10:19:50,451] {logging_mixin.py:115} INFO - [2025-01-05 10:19:50,450] {dagbag.py:507} INFO - Filling up the DagBag from /home/daniel/Documents/Alura/python_apache_airflow_pipeline/venv/lib/python3.9/site-packages/airflow/example_dags/example_dag_decorator.py
[2025-01-05 10:19:50,476] {processor.py:651} INFO - DAG(s) dict_keys(['example_dag_decorator']) retrieved from /home/daniel/Documents/Alura/python_apache_airflow_pipeline/venv/lib/python3.9/site-packages/airflow/example_dags/example_dag_decorator.py
[2025-01-05 10:19:50,520] {logging_mixin.py:115} INFO - [2025-01-05 10:19:50,520] {dag.py:2379} INFO - Sync 1 DAGs
[2025-01-05 10:19:50,536] {logging_mixin.py:115} INFO - [2025-01-05 10:19:50,535] {dag.py:2927} INFO - Setting next_dagrun for example_dag_decorator to None, run_after=None
[2025-01-05 10:19:50,553] {processor.py:161} INFO - Processing /home/daniel/Documents/Alura/python_apache_airflow_pipeline/venv/lib/python3.9/site-packages/airflow/example_dags/example_dag_decorator.py took 0.107 seconds
[2025-01-05 10:20:36,834] {processor.py:153} INFO - Started process (PID=10956) to work on /home/daniel/Documents/Alura/python_apache_airflow_pipeline/venv/lib/python3.9/site-packages/airflow/example_dags/example_dag_decorator.py
[2025-01-05 10:20:36,835] {processor.py:641} INFO - Processing file /home/daniel/Documents/Alura/python_apache_airflow_pipeline/venv/lib/python3.9/site-packages/airflow/example_dags/example_dag_decorator.py for tasks to queue
[2025-01-05 10:20:36,836] {logging_mixin.py:115} INFO - [2025-01-05 10:20:36,835] {dagbag.py:507} INFO - Filling up the DagBag from /home/daniel/Documents/Alura/python_apache_airflow_pipeline/venv/lib/python3.9/site-packages/airflow/example_dags/example_dag_decorator.py
[2025-01-05 10:20:36,869] {processor.py:651} INFO - DAG(s) dict_keys(['example_dag_decorator']) retrieved from /home/daniel/Documents/Alura/python_apache_airflow_pipeline/venv/lib/python3.9/site-packages/airflow/example_dags/example_dag_decorator.py
[2025-01-05 10:20:36,924] {logging_mixin.py:115} INFO - [2025-01-05 10:20:36,924] {dag.py:2379} INFO - Sync 1 DAGs
[2025-01-05 10:20:36,940] {logging_mixin.py:115} INFO - [2025-01-05 10:20:36,940] {dag.py:2927} INFO - Setting next_dagrun for example_dag_decorator to None, run_after=None
[2025-01-05 10:20:36,958] {processor.py:161} INFO - Processing /home/daniel/Documents/Alura/python_apache_airflow_pipeline/venv/lib/python3.9/site-packages/airflow/example_dags/example_dag_decorator.py took 0.131 seconds
[2025-01-05 10:22:13,159] {processor.py:153} INFO - Started process (PID=12204) to work on /home/daniel/Documents/Alura/python_apache_airflow_pipeline/venv/lib/python3.9/site-packages/airflow/example_dags/example_dag_decorator.py
[2025-01-05 10:22:13,169] {processor.py:641} INFO - Processing file /home/daniel/Documents/Alura/python_apache_airflow_pipeline/venv/lib/python3.9/site-packages/airflow/example_dags/example_dag_decorator.py for tasks to queue
[2025-01-05 10:22:13,171] {logging_mixin.py:115} INFO - [2025-01-05 10:22:13,171] {dagbag.py:507} INFO - Filling up the DagBag from /home/daniel/Documents/Alura/python_apache_airflow_pipeline/venv/lib/python3.9/site-packages/airflow/example_dags/example_dag_decorator.py
[2025-01-05 10:22:13,226] {processor.py:651} INFO - DAG(s) dict_keys(['example_dag_decorator']) retrieved from /home/daniel/Documents/Alura/python_apache_airflow_pipeline/venv/lib/python3.9/site-packages/airflow/example_dags/example_dag_decorator.py
[2025-01-05 10:22:13,362] {logging_mixin.py:115} INFO - [2025-01-05 10:22:13,362] {dag.py:2379} INFO - Sync 1 DAGs
[2025-01-05 10:22:13,390] {logging_mixin.py:115} INFO - [2025-01-05 10:22:13,388] {dag.py:2927} INFO - Setting next_dagrun for example_dag_decorator to None, run_after=None
[2025-01-05 10:22:13,439] {processor.py:161} INFO - Processing /home/daniel/Documents/Alura/python_apache_airflow_pipeline/venv/lib/python3.9/site-packages/airflow/example_dags/example_dag_decorator.py took 0.301 seconds
[2025-01-05 10:22:55,871] {processor.py:153} INFO - Started process (PID=12650) to work on /home/daniel/Documents/Alura/python_apache_airflow_pipeline/venv/lib/python3.9/site-packages/airflow/example_dags/example_dag_decorator.py
[2025-01-05 10:22:55,875] {processor.py:641} INFO - Processing file /home/daniel/Documents/Alura/python_apache_airflow_pipeline/venv/lib/python3.9/site-packages/airflow/example_dags/example_dag_decorator.py for tasks to queue
[2025-01-05 10:22:55,875] {logging_mixin.py:115} INFO - [2025-01-05 10:22:55,875] {dagbag.py:507} INFO - Filling up the DagBag from /home/daniel/Documents/Alura/python_apache_airflow_pipeline/venv/lib/python3.9/site-packages/airflow/example_dags/example_dag_decorator.py
[2025-01-05 10:22:55,918] {processor.py:651} INFO - DAG(s) dict_keys(['example_dag_decorator']) retrieved from /home/daniel/Documents/Alura/python_apache_airflow_pipeline/venv/lib/python3.9/site-packages/airflow/example_dags/example_dag_decorator.py
[2025-01-05 10:22:56,035] {logging_mixin.py:115} INFO - [2025-01-05 10:22:56,035] {dag.py:2379} INFO - Sync 1 DAGs
[2025-01-05 10:22:56,079] {logging_mixin.py:115} INFO - [2025-01-05 10:22:56,079] {dag.py:2927} INFO - Setting next_dagrun for example_dag_decorator to None, run_after=None
[2025-01-05 10:22:56,108] {processor.py:161} INFO - Processing /home/daniel/Documents/Alura/python_apache_airflow_pipeline/venv/lib/python3.9/site-packages/airflow/example_dags/example_dag_decorator.py took 0.242 seconds
[2025-01-05 10:23:39,639] {processor.py:153} INFO - Started process (PID=13022) to work on /home/daniel/Documents/Alura/python_apache_airflow_pipeline/venv/lib/python3.9/site-packages/airflow/example_dags/example_dag_decorator.py
[2025-01-05 10:23:39,642] {processor.py:641} INFO - Processing file /home/daniel/Documents/Alura/python_apache_airflow_pipeline/venv/lib/python3.9/site-packages/airflow/example_dags/example_dag_decorator.py for tasks to queue
[2025-01-05 10:23:39,643] {logging_mixin.py:115} INFO - [2025-01-05 10:23:39,643] {dagbag.py:507} INFO - Filling up the DagBag from /home/daniel/Documents/Alura/python_apache_airflow_pipeline/venv/lib/python3.9/site-packages/airflow/example_dags/example_dag_decorator.py
[2025-01-05 10:23:39,687] {processor.py:651} INFO - DAG(s) dict_keys(['example_dag_decorator']) retrieved from /home/daniel/Documents/Alura/python_apache_airflow_pipeline/venv/lib/python3.9/site-packages/airflow/example_dags/example_dag_decorator.py
[2025-01-05 10:23:39,747] {logging_mixin.py:115} INFO - [2025-01-05 10:23:39,747] {dag.py:2379} INFO - Sync 1 DAGs
[2025-01-05 10:23:39,774] {logging_mixin.py:115} INFO - [2025-01-05 10:23:39,774] {dag.py:2927} INFO - Setting next_dagrun for example_dag_decorator to None, run_after=None
[2025-01-05 10:23:39,792] {processor.py:161} INFO - Processing /home/daniel/Documents/Alura/python_apache_airflow_pipeline/venv/lib/python3.9/site-packages/airflow/example_dags/example_dag_decorator.py took 0.160 seconds
[2025-01-05 10:24:19,420] {processor.py:153} INFO - Started process (PID=13321) to work on /home/daniel/Documents/Alura/python_apache_airflow_pipeline/venv/lib/python3.9/site-packages/airflow/example_dags/example_dag_decorator.py
[2025-01-05 10:24:19,423] {processor.py:641} INFO - Processing file /home/daniel/Documents/Alura/python_apache_airflow_pipeline/venv/lib/python3.9/site-packages/airflow/example_dags/example_dag_decorator.py for tasks to queue
[2025-01-05 10:24:19,424] {logging_mixin.py:115} INFO - [2025-01-05 10:24:19,424] {dagbag.py:507} INFO - Filling up the DagBag from /home/daniel/Documents/Alura/python_apache_airflow_pipeline/venv/lib/python3.9/site-packages/airflow/example_dags/example_dag_decorator.py
[2025-01-05 10:24:19,475] {processor.py:651} INFO - DAG(s) dict_keys(['example_dag_decorator']) retrieved from /home/daniel/Documents/Alura/python_apache_airflow_pipeline/venv/lib/python3.9/site-packages/airflow/example_dags/example_dag_decorator.py
[2025-01-05 10:24:19,574] {logging_mixin.py:115} INFO - [2025-01-05 10:24:19,572] {dag.py:2379} INFO - Sync 1 DAGs
[2025-01-05 10:24:19,599] {logging_mixin.py:115} INFO - [2025-01-05 10:24:19,599] {dag.py:2927} INFO - Setting next_dagrun for example_dag_decorator to None, run_after=None
[2025-01-05 10:24:19,628] {processor.py:161} INFO - Processing /home/daniel/Documents/Alura/python_apache_airflow_pipeline/venv/lib/python3.9/site-packages/airflow/example_dags/example_dag_decorator.py took 0.214 seconds
[2025-01-05 10:25:18,227] {processor.py:153} INFO - Started process (PID=13864) to work on /home/daniel/Documents/Alura/python_apache_airflow_pipeline/venv/lib/python3.9/site-packages/airflow/example_dags/example_dag_decorator.py
[2025-01-05 10:25:18,231] {processor.py:641} INFO - Processing file /home/daniel/Documents/Alura/python_apache_airflow_pipeline/venv/lib/python3.9/site-packages/airflow/example_dags/example_dag_decorator.py for tasks to queue
[2025-01-05 10:25:18,234] {logging_mixin.py:115} INFO - [2025-01-05 10:25:18,234] {dagbag.py:507} INFO - Filling up the DagBag from /home/daniel/Documents/Alura/python_apache_airflow_pipeline/venv/lib/python3.9/site-packages/airflow/example_dags/example_dag_decorator.py
[2025-01-05 10:25:18,299] {processor.py:651} INFO - DAG(s) dict_keys(['example_dag_decorator']) retrieved from /home/daniel/Documents/Alura/python_apache_airflow_pipeline/venv/lib/python3.9/site-packages/airflow/example_dags/example_dag_decorator.py
[2025-01-05 10:25:18,456] {logging_mixin.py:115} INFO - [2025-01-05 10:25:18,455] {dag.py:2379} INFO - Sync 1 DAGs
[2025-01-05 10:25:18,504] {logging_mixin.py:115} INFO - [2025-01-05 10:25:18,504] {dag.py:2927} INFO - Setting next_dagrun for example_dag_decorator to None, run_after=None
[2025-01-05 10:25:18,542] {processor.py:161} INFO - Processing /home/daniel/Documents/Alura/python_apache_airflow_pipeline/venv/lib/python3.9/site-packages/airflow/example_dags/example_dag_decorator.py took 0.332 seconds
[2025-01-05 10:26:17,838] {processor.py:153} INFO - Started process (PID=14115) to work on /home/daniel/Documents/Alura/python_apache_airflow_pipeline/venv/lib/python3.9/site-packages/airflow/example_dags/example_dag_decorator.py
[2025-01-05 10:26:17,842] {processor.py:641} INFO - Processing file /home/daniel/Documents/Alura/python_apache_airflow_pipeline/venv/lib/python3.9/site-packages/airflow/example_dags/example_dag_decorator.py for tasks to queue
[2025-01-05 10:26:17,843] {logging_mixin.py:115} INFO - [2025-01-05 10:26:17,843] {dagbag.py:507} INFO - Filling up the DagBag from /home/daniel/Documents/Alura/python_apache_airflow_pipeline/venv/lib/python3.9/site-packages/airflow/example_dags/example_dag_decorator.py
[2025-01-05 10:26:17,943] {processor.py:651} INFO - DAG(s) dict_keys(['example_dag_decorator']) retrieved from /home/daniel/Documents/Alura/python_apache_airflow_pipeline/venv/lib/python3.9/site-packages/airflow/example_dags/example_dag_decorator.py
[2025-01-05 10:26:18,126] {logging_mixin.py:115} INFO - [2025-01-05 10:26:18,126] {dag.py:2379} INFO - Sync 1 DAGs
[2025-01-05 10:26:18,210] {logging_mixin.py:115} INFO - [2025-01-05 10:26:18,210] {dag.py:2927} INFO - Setting next_dagrun for example_dag_decorator to None, run_after=None
[2025-01-05 10:26:18,294] {processor.py:161} INFO - Processing /home/daniel/Documents/Alura/python_apache_airflow_pipeline/venv/lib/python3.9/site-packages/airflow/example_dags/example_dag_decorator.py took 0.471 seconds
[2025-01-05 10:27:22,631] {processor.py:153} INFO - Started process (PID=14692) to work on /home/daniel/Documents/Alura/python_apache_airflow_pipeline/venv/lib/python3.9/site-packages/airflow/example_dags/example_dag_decorator.py
[2025-01-05 10:27:22,638] {processor.py:641} INFO - Processing file /home/daniel/Documents/Alura/python_apache_airflow_pipeline/venv/lib/python3.9/site-packages/airflow/example_dags/example_dag_decorator.py for tasks to queue
[2025-01-05 10:27:22,639] {logging_mixin.py:115} INFO - [2025-01-05 10:27:22,639] {dagbag.py:507} INFO - Filling up the DagBag from /home/daniel/Documents/Alura/python_apache_airflow_pipeline/venv/lib/python3.9/site-packages/airflow/example_dags/example_dag_decorator.py
[2025-01-05 10:27:22,742] {processor.py:651} INFO - DAG(s) dict_keys(['example_dag_decorator']) retrieved from /home/daniel/Documents/Alura/python_apache_airflow_pipeline/venv/lib/python3.9/site-packages/airflow/example_dags/example_dag_decorator.py
[2025-01-05 10:27:22,907] {logging_mixin.py:115} INFO - [2025-01-05 10:27:22,907] {dag.py:2379} INFO - Sync 1 DAGs
[2025-01-05 10:27:22,959] {logging_mixin.py:115} INFO - [2025-01-05 10:27:22,959] {dag.py:2927} INFO - Setting next_dagrun for example_dag_decorator to None, run_after=None
[2025-01-05 10:27:23,022] {processor.py:161} INFO - Processing /home/daniel/Documents/Alura/python_apache_airflow_pipeline/venv/lib/python3.9/site-packages/airflow/example_dags/example_dag_decorator.py took 0.403 seconds
[2025-01-05 10:28:17,523] {processor.py:153} INFO - Started process (PID=14833) to work on /home/daniel/Documents/Alura/python_apache_airflow_pipeline/venv/lib/python3.9/site-packages/airflow/example_dags/example_dag_decorator.py
[2025-01-05 10:28:17,531] {processor.py:641} INFO - Processing file /home/daniel/Documents/Alura/python_apache_airflow_pipeline/venv/lib/python3.9/site-packages/airflow/example_dags/example_dag_decorator.py for tasks to queue
[2025-01-05 10:28:17,535] {logging_mixin.py:115} INFO - [2025-01-05 10:28:17,535] {dagbag.py:507} INFO - Filling up the DagBag from /home/daniel/Documents/Alura/python_apache_airflow_pipeline/venv/lib/python3.9/site-packages/airflow/example_dags/example_dag_decorator.py
[2025-01-05 10:28:17,643] {processor.py:651} INFO - DAG(s) dict_keys(['example_dag_decorator']) retrieved from /home/daniel/Documents/Alura/python_apache_airflow_pipeline/venv/lib/python3.9/site-packages/airflow/example_dags/example_dag_decorator.py
[2025-01-05 10:28:17,710] {logging_mixin.py:115} INFO - [2025-01-05 10:28:17,707] {dag.py:2379} INFO - Sync 1 DAGs
[2025-01-05 10:28:17,814] {logging_mixin.py:115} INFO - [2025-01-05 10:28:17,814] {dag.py:2927} INFO - Setting next_dagrun for example_dag_decorator to None, run_after=None
[2025-01-05 10:28:17,902] {processor.py:161} INFO - Processing /home/daniel/Documents/Alura/python_apache_airflow_pipeline/venv/lib/python3.9/site-packages/airflow/example_dags/example_dag_decorator.py took 0.388 seconds
[2025-01-05 10:29:41,182] {processor.py:153} INFO - Started process (PID=15445) to work on /home/daniel/Documents/Alura/python_apache_airflow_pipeline/venv/lib/python3.9/site-packages/airflow/example_dags/example_dag_decorator.py
[2025-01-05 10:29:41,198] {processor.py:641} INFO - Processing file /home/daniel/Documents/Alura/python_apache_airflow_pipeline/venv/lib/python3.9/site-packages/airflow/example_dags/example_dag_decorator.py for tasks to queue
[2025-01-05 10:29:41,202] {logging_mixin.py:115} INFO - [2025-01-05 10:29:41,202] {dagbag.py:507} INFO - Filling up the DagBag from /home/daniel/Documents/Alura/python_apache_airflow_pipeline/venv/lib/python3.9/site-packages/airflow/example_dags/example_dag_decorator.py
[2025-01-05 10:29:41,574] {processor.py:651} INFO - DAG(s) dict_keys(['example_dag_decorator']) retrieved from /home/daniel/Documents/Alura/python_apache_airflow_pipeline/venv/lib/python3.9/site-packages/airflow/example_dags/example_dag_decorator.py
[2025-01-05 10:29:41,826] {logging_mixin.py:115} INFO - [2025-01-05 10:29:41,826] {dag.py:2379} INFO - Sync 1 DAGs
[2025-01-05 10:29:42,323] {logging_mixin.py:115} INFO - [2025-01-05 10:29:42,323] {dag.py:2927} INFO - Setting next_dagrun for example_dag_decorator to None, run_after=None
[2025-01-05 10:29:42,466] {processor.py:161} INFO - Processing /home/daniel/Documents/Alura/python_apache_airflow_pipeline/venv/lib/python3.9/site-packages/airflow/example_dags/example_dag_decorator.py took 1.348 seconds
[2025-01-05 10:32:04,142] {processor.py:153} INFO - Started process (PID=15992) to work on /home/daniel/Documents/Alura/python_apache_airflow_pipeline/venv/lib/python3.9/site-packages/airflow/example_dags/example_dag_decorator.py
[2025-01-05 10:32:04,145] {processor.py:641} INFO - Processing file /home/daniel/Documents/Alura/python_apache_airflow_pipeline/venv/lib/python3.9/site-packages/airflow/example_dags/example_dag_decorator.py for tasks to queue
[2025-01-05 10:32:04,145] {logging_mixin.py:115} INFO - [2025-01-05 10:32:04,145] {dagbag.py:507} INFO - Filling up the DagBag from /home/daniel/Documents/Alura/python_apache_airflow_pipeline/venv/lib/python3.9/site-packages/airflow/example_dags/example_dag_decorator.py
[2025-01-05 10:32:04,171] {processor.py:651} INFO - DAG(s) dict_keys(['example_dag_decorator']) retrieved from /home/daniel/Documents/Alura/python_apache_airflow_pipeline/venv/lib/python3.9/site-packages/airflow/example_dags/example_dag_decorator.py
[2025-01-05 10:32:04,211] {logging_mixin.py:115} INFO - [2025-01-05 10:32:04,211] {dag.py:2379} INFO - Sync 1 DAGs
[2025-01-05 10:32:04,226] {logging_mixin.py:115} INFO - [2025-01-05 10:32:04,225] {dag.py:2927} INFO - Setting next_dagrun for example_dag_decorator to None, run_after=None
[2025-01-05 10:32:04,241] {processor.py:161} INFO - Processing /home/daniel/Documents/Alura/python_apache_airflow_pipeline/venv/lib/python3.9/site-packages/airflow/example_dags/example_dag_decorator.py took 0.101 seconds
[2025-01-05 10:32:39,385] {processor.py:153} INFO - Started process (PID=16376) to work on /home/daniel/Documents/Alura/python_apache_airflow_pipeline/venv/lib/python3.9/site-packages/airflow/example_dags/example_dag_decorator.py
[2025-01-05 10:32:39,386] {processor.py:641} INFO - Processing file /home/daniel/Documents/Alura/python_apache_airflow_pipeline/venv/lib/python3.9/site-packages/airflow/example_dags/example_dag_decorator.py for tasks to queue
[2025-01-05 10:32:39,387] {logging_mixin.py:115} INFO - [2025-01-05 10:32:39,387] {dagbag.py:507} INFO - Filling up the DagBag from /home/daniel/Documents/Alura/python_apache_airflow_pipeline/venv/lib/python3.9/site-packages/airflow/example_dags/example_dag_decorator.py
[2025-01-05 10:32:39,405] {processor.py:651} INFO - DAG(s) dict_keys(['example_dag_decorator']) retrieved from /home/daniel/Documents/Alura/python_apache_airflow_pipeline/venv/lib/python3.9/site-packages/airflow/example_dags/example_dag_decorator.py
[2025-01-05 10:32:39,437] {logging_mixin.py:115} INFO - [2025-01-05 10:32:39,436] {dag.py:2379} INFO - Sync 1 DAGs
[2025-01-05 10:32:39,449] {logging_mixin.py:115} INFO - [2025-01-05 10:32:39,449] {dag.py:2927} INFO - Setting next_dagrun for example_dag_decorator to None, run_after=None
[2025-01-05 10:32:39,465] {processor.py:161} INFO - Processing /home/daniel/Documents/Alura/python_apache_airflow_pipeline/venv/lib/python3.9/site-packages/airflow/example_dags/example_dag_decorator.py took 0.082 seconds
[2025-01-05 10:33:23,591] {processor.py:153} INFO - Started process (PID=16750) to work on /home/daniel/Documents/Alura/python_apache_airflow_pipeline/venv/lib/python3.9/site-packages/airflow/example_dags/example_dag_decorator.py
[2025-01-05 10:33:23,592] {processor.py:641} INFO - Processing file /home/daniel/Documents/Alura/python_apache_airflow_pipeline/venv/lib/python3.9/site-packages/airflow/example_dags/example_dag_decorator.py for tasks to queue
[2025-01-05 10:33:23,592] {logging_mixin.py:115} INFO - [2025-01-05 10:33:23,592] {dagbag.py:507} INFO - Filling up the DagBag from /home/daniel/Documents/Alura/python_apache_airflow_pipeline/venv/lib/python3.9/site-packages/airflow/example_dags/example_dag_decorator.py
[2025-01-05 10:33:23,611] {processor.py:651} INFO - DAG(s) dict_keys(['example_dag_decorator']) retrieved from /home/daniel/Documents/Alura/python_apache_airflow_pipeline/venv/lib/python3.9/site-packages/airflow/example_dags/example_dag_decorator.py
[2025-01-05 10:33:23,623] {logging_mixin.py:115} INFO - [2025-01-05 10:33:23,623] {dag.py:2379} INFO - Sync 1 DAGs
[2025-01-05 10:33:23,637] {logging_mixin.py:115} INFO - [2025-01-05 10:33:23,637] {dag.py:2927} INFO - Setting next_dagrun for example_dag_decorator to None, run_after=None
[2025-01-05 10:33:23,648] {processor.py:161} INFO - Processing /home/daniel/Documents/Alura/python_apache_airflow_pipeline/venv/lib/python3.9/site-packages/airflow/example_dags/example_dag_decorator.py took 0.060 seconds
[2025-01-05 10:33:59,752] {processor.py:153} INFO - Started process (PID=16793) to work on /home/daniel/Documents/Alura/python_apache_airflow_pipeline/venv/lib/python3.9/site-packages/airflow/example_dags/example_dag_decorator.py
[2025-01-05 10:33:59,753] {processor.py:641} INFO - Processing file /home/daniel/Documents/Alura/python_apache_airflow_pipeline/venv/lib/python3.9/site-packages/airflow/example_dags/example_dag_decorator.py for tasks to queue
[2025-01-05 10:33:59,753] {logging_mixin.py:115} INFO - [2025-01-05 10:33:59,753] {dagbag.py:507} INFO - Filling up the DagBag from /home/daniel/Documents/Alura/python_apache_airflow_pipeline/venv/lib/python3.9/site-packages/airflow/example_dags/example_dag_decorator.py
[2025-01-05 10:33:59,773] {processor.py:651} INFO - DAG(s) dict_keys(['example_dag_decorator']) retrieved from /home/daniel/Documents/Alura/python_apache_airflow_pipeline/venv/lib/python3.9/site-packages/airflow/example_dags/example_dag_decorator.py
[2025-01-05 10:33:59,806] {logging_mixin.py:115} INFO - [2025-01-05 10:33:59,806] {dag.py:2379} INFO - Sync 1 DAGs
[2025-01-05 10:33:59,816] {logging_mixin.py:115} INFO - [2025-01-05 10:33:59,816] {dag.py:2927} INFO - Setting next_dagrun for example_dag_decorator to None, run_after=None
[2025-01-05 10:33:59,829] {processor.py:161} INFO - Processing /home/daniel/Documents/Alura/python_apache_airflow_pipeline/venv/lib/python3.9/site-packages/airflow/example_dags/example_dag_decorator.py took 0.081 seconds
[2025-01-05 10:34:36,116] {processor.py:153} INFO - Started process (PID=16834) to work on /home/daniel/Documents/Alura/python_apache_airflow_pipeline/venv/lib/python3.9/site-packages/airflow/example_dags/example_dag_decorator.py
[2025-01-05 10:34:36,117] {processor.py:641} INFO - Processing file /home/daniel/Documents/Alura/python_apache_airflow_pipeline/venv/lib/python3.9/site-packages/airflow/example_dags/example_dag_decorator.py for tasks to queue
[2025-01-05 10:34:36,118] {logging_mixin.py:115} INFO - [2025-01-05 10:34:36,118] {dagbag.py:507} INFO - Filling up the DagBag from /home/daniel/Documents/Alura/python_apache_airflow_pipeline/venv/lib/python3.9/site-packages/airflow/example_dags/example_dag_decorator.py
[2025-01-05 10:34:36,140] {processor.py:651} INFO - DAG(s) dict_keys(['example_dag_decorator']) retrieved from /home/daniel/Documents/Alura/python_apache_airflow_pipeline/venv/lib/python3.9/site-packages/airflow/example_dags/example_dag_decorator.py
[2025-01-05 10:34:36,154] {logging_mixin.py:115} INFO - [2025-01-05 10:34:36,153] {dag.py:2379} INFO - Sync 1 DAGs
[2025-01-05 10:34:36,170] {logging_mixin.py:115} INFO - [2025-01-05 10:34:36,170] {dag.py:2927} INFO - Setting next_dagrun for example_dag_decorator to None, run_after=None
[2025-01-05 10:34:36,184] {processor.py:161} INFO - Processing /home/daniel/Documents/Alura/python_apache_airflow_pipeline/venv/lib/python3.9/site-packages/airflow/example_dags/example_dag_decorator.py took 0.071 seconds
[2025-01-05 10:35:12,930] {processor.py:153} INFO - Started process (PID=16873) to work on /home/daniel/Documents/Alura/python_apache_airflow_pipeline/venv/lib/python3.9/site-packages/airflow/example_dags/example_dag_decorator.py
[2025-01-05 10:35:12,931] {processor.py:641} INFO - Processing file /home/daniel/Documents/Alura/python_apache_airflow_pipeline/venv/lib/python3.9/site-packages/airflow/example_dags/example_dag_decorator.py for tasks to queue
[2025-01-05 10:35:12,932] {logging_mixin.py:115} INFO - [2025-01-05 10:35:12,932] {dagbag.py:507} INFO - Filling up the DagBag from /home/daniel/Documents/Alura/python_apache_airflow_pipeline/venv/lib/python3.9/site-packages/airflow/example_dags/example_dag_decorator.py
[2025-01-05 10:35:12,955] {processor.py:651} INFO - DAG(s) dict_keys(['example_dag_decorator']) retrieved from /home/daniel/Documents/Alura/python_apache_airflow_pipeline/venv/lib/python3.9/site-packages/airflow/example_dags/example_dag_decorator.py
[2025-01-05 10:35:12,968] {logging_mixin.py:115} INFO - [2025-01-05 10:35:12,968] {dag.py:2379} INFO - Sync 1 DAGs
[2025-01-05 10:35:12,987] {logging_mixin.py:115} INFO - [2025-01-05 10:35:12,986] {dag.py:2927} INFO - Setting next_dagrun for example_dag_decorator to None, run_after=None
[2025-01-05 10:35:13,001] {processor.py:161} INFO - Processing /home/daniel/Documents/Alura/python_apache_airflow_pipeline/venv/lib/python3.9/site-packages/airflow/example_dags/example_dag_decorator.py took 0.075 seconds
[2025-01-05 10:35:52,283] {processor.py:153} INFO - Started process (PID=17023) to work on /home/daniel/Documents/Alura/python_apache_airflow_pipeline/venv/lib/python3.9/site-packages/airflow/example_dags/example_dag_decorator.py
[2025-01-05 10:35:52,284] {processor.py:641} INFO - Processing file /home/daniel/Documents/Alura/python_apache_airflow_pipeline/venv/lib/python3.9/site-packages/airflow/example_dags/example_dag_decorator.py for tasks to queue
[2025-01-05 10:35:52,284] {logging_mixin.py:115} INFO - [2025-01-05 10:35:52,284] {dagbag.py:507} INFO - Filling up the DagBag from /home/daniel/Documents/Alura/python_apache_airflow_pipeline/venv/lib/python3.9/site-packages/airflow/example_dags/example_dag_decorator.py
[2025-01-05 10:35:52,306] {processor.py:651} INFO - DAG(s) dict_keys(['example_dag_decorator']) retrieved from /home/daniel/Documents/Alura/python_apache_airflow_pipeline/venv/lib/python3.9/site-packages/airflow/example_dags/example_dag_decorator.py
[2025-01-05 10:35:52,324] {logging_mixin.py:115} INFO - [2025-01-05 10:35:52,324] {dag.py:2379} INFO - Sync 1 DAGs
[2025-01-05 10:35:52,342] {logging_mixin.py:115} INFO - [2025-01-05 10:35:52,341] {dag.py:2927} INFO - Setting next_dagrun for example_dag_decorator to None, run_after=None
[2025-01-05 10:35:52,356] {processor.py:161} INFO - Processing /home/daniel/Documents/Alura/python_apache_airflow_pipeline/venv/lib/python3.9/site-packages/airflow/example_dags/example_dag_decorator.py took 0.077 seconds
[2025-01-05 10:36:30,342] {processor.py:153} INFO - Started process (PID=17061) to work on /home/daniel/Documents/Alura/python_apache_airflow_pipeline/venv/lib/python3.9/site-packages/airflow/example_dags/example_dag_decorator.py
[2025-01-05 10:36:30,344] {processor.py:641} INFO - Processing file /home/daniel/Documents/Alura/python_apache_airflow_pipeline/venv/lib/python3.9/site-packages/airflow/example_dags/example_dag_decorator.py for tasks to queue
[2025-01-05 10:36:30,344] {logging_mixin.py:115} INFO - [2025-01-05 10:36:30,344] {dagbag.py:507} INFO - Filling up the DagBag from /home/daniel/Documents/Alura/python_apache_airflow_pipeline/venv/lib/python3.9/site-packages/airflow/example_dags/example_dag_decorator.py
[2025-01-05 10:36:30,371] {processor.py:651} INFO - DAG(s) dict_keys(['example_dag_decorator']) retrieved from /home/daniel/Documents/Alura/python_apache_airflow_pipeline/venv/lib/python3.9/site-packages/airflow/example_dags/example_dag_decorator.py
[2025-01-05 10:36:30,388] {logging_mixin.py:115} INFO - [2025-01-05 10:36:30,388] {dag.py:2379} INFO - Sync 1 DAGs
[2025-01-05 10:36:30,405] {logging_mixin.py:115} INFO - [2025-01-05 10:36:30,405] {dag.py:2927} INFO - Setting next_dagrun for example_dag_decorator to None, run_after=None
[2025-01-05 10:36:30,420] {processor.py:161} INFO - Processing /home/daniel/Documents/Alura/python_apache_airflow_pipeline/venv/lib/python3.9/site-packages/airflow/example_dags/example_dag_decorator.py took 0.083 seconds
[2025-01-05 10:37:11,351] {processor.py:153} INFO - Started process (PID=17116) to work on /home/daniel/Documents/Alura/python_apache_airflow_pipeline/venv/lib/python3.9/site-packages/airflow/example_dags/example_dag_decorator.py
[2025-01-05 10:37:11,352] {processor.py:641} INFO - Processing file /home/daniel/Documents/Alura/python_apache_airflow_pipeline/venv/lib/python3.9/site-packages/airflow/example_dags/example_dag_decorator.py for tasks to queue
[2025-01-05 10:37:11,352] {logging_mixin.py:115} INFO - [2025-01-05 10:37:11,352] {dagbag.py:507} INFO - Filling up the DagBag from /home/daniel/Documents/Alura/python_apache_airflow_pipeline/venv/lib/python3.9/site-packages/airflow/example_dags/example_dag_decorator.py
[2025-01-05 10:37:11,373] {processor.py:651} INFO - DAG(s) dict_keys(['example_dag_decorator']) retrieved from /home/daniel/Documents/Alura/python_apache_airflow_pipeline/venv/lib/python3.9/site-packages/airflow/example_dags/example_dag_decorator.py
[2025-01-05 10:37:11,413] {logging_mixin.py:115} INFO - [2025-01-05 10:37:11,413] {dag.py:2379} INFO - Sync 1 DAGs
[2025-01-05 10:37:11,427] {logging_mixin.py:115} INFO - [2025-01-05 10:37:11,427] {dag.py:2927} INFO - Setting next_dagrun for example_dag_decorator to None, run_after=None
[2025-01-05 10:37:11,443] {processor.py:161} INFO - Processing /home/daniel/Documents/Alura/python_apache_airflow_pipeline/venv/lib/python3.9/site-packages/airflow/example_dags/example_dag_decorator.py took 0.096 seconds
[2025-01-05 10:37:48,499] {processor.py:153} INFO - Started process (PID=17212) to work on /home/daniel/Documents/Alura/python_apache_airflow_pipeline/venv/lib/python3.9/site-packages/airflow/example_dags/example_dag_decorator.py
[2025-01-05 10:37:48,501] {processor.py:641} INFO - Processing file /home/daniel/Documents/Alura/python_apache_airflow_pipeline/venv/lib/python3.9/site-packages/airflow/example_dags/example_dag_decorator.py for tasks to queue
[2025-01-05 10:37:48,507] {logging_mixin.py:115} INFO - [2025-01-05 10:37:48,507] {dagbag.py:507} INFO - Filling up the DagBag from /home/daniel/Documents/Alura/python_apache_airflow_pipeline/venv/lib/python3.9/site-packages/airflow/example_dags/example_dag_decorator.py
[2025-01-05 10:37:48,544] {processor.py:651} INFO - DAG(s) dict_keys(['example_dag_decorator']) retrieved from /home/daniel/Documents/Alura/python_apache_airflow_pipeline/venv/lib/python3.9/site-packages/airflow/example_dags/example_dag_decorator.py
[2025-01-05 10:37:48,621] {logging_mixin.py:115} INFO - [2025-01-05 10:37:48,621] {dag.py:2379} INFO - Sync 1 DAGs
[2025-01-05 10:37:48,648] {logging_mixin.py:115} INFO - [2025-01-05 10:37:48,648] {dag.py:2927} INFO - Setting next_dagrun for example_dag_decorator to None, run_after=None
[2025-01-05 10:37:48,684] {processor.py:161} INFO - Processing /home/daniel/Documents/Alura/python_apache_airflow_pipeline/venv/lib/python3.9/site-packages/airflow/example_dags/example_dag_decorator.py took 0.191 seconds
[2025-01-05 10:38:43,663] {processor.py:153} INFO - Started process (PID=17539) to work on /home/daniel/Documents/Alura/python_apache_airflow_pipeline/venv/lib/python3.9/site-packages/airflow/example_dags/example_dag_decorator.py
[2025-01-05 10:38:43,668] {processor.py:641} INFO - Processing file /home/daniel/Documents/Alura/python_apache_airflow_pipeline/venv/lib/python3.9/site-packages/airflow/example_dags/example_dag_decorator.py for tasks to queue
[2025-01-05 10:38:43,671] {logging_mixin.py:115} INFO - [2025-01-05 10:38:43,669] {dagbag.py:507} INFO - Filling up the DagBag from /home/daniel/Documents/Alura/python_apache_airflow_pipeline/venv/lib/python3.9/site-packages/airflow/example_dags/example_dag_decorator.py
[2025-01-05 10:38:43,741] {processor.py:651} INFO - DAG(s) dict_keys(['example_dag_decorator']) retrieved from /home/daniel/Documents/Alura/python_apache_airflow_pipeline/venv/lib/python3.9/site-packages/airflow/example_dags/example_dag_decorator.py
[2025-01-05 10:38:43,775] {logging_mixin.py:115} INFO - [2025-01-05 10:38:43,775] {dag.py:2379} INFO - Sync 1 DAGs
[2025-01-05 10:38:43,816] {logging_mixin.py:115} INFO - [2025-01-05 10:38:43,816] {dag.py:2927} INFO - Setting next_dagrun for example_dag_decorator to None, run_after=None
[2025-01-05 10:38:43,851] {processor.py:161} INFO - Processing /home/daniel/Documents/Alura/python_apache_airflow_pipeline/venv/lib/python3.9/site-packages/airflow/example_dags/example_dag_decorator.py took 0.195 seconds
[2025-01-05 10:39:27,088] {processor.py:153} INFO - Started process (PID=17631) to work on /home/daniel/Documents/Alura/python_apache_airflow_pipeline/venv/lib/python3.9/site-packages/airflow/example_dags/example_dag_decorator.py
[2025-01-05 10:39:27,095] {processor.py:641} INFO - Processing file /home/daniel/Documents/Alura/python_apache_airflow_pipeline/venv/lib/python3.9/site-packages/airflow/example_dags/example_dag_decorator.py for tasks to queue
[2025-01-05 10:39:27,104] {logging_mixin.py:115} INFO - [2025-01-05 10:39:27,104] {dagbag.py:507} INFO - Filling up the DagBag from /home/daniel/Documents/Alura/python_apache_airflow_pipeline/venv/lib/python3.9/site-packages/airflow/example_dags/example_dag_decorator.py
[2025-01-05 10:39:27,199] {processor.py:651} INFO - DAG(s) dict_keys(['example_dag_decorator']) retrieved from /home/daniel/Documents/Alura/python_apache_airflow_pipeline/venv/lib/python3.9/site-packages/airflow/example_dags/example_dag_decorator.py
[2025-01-05 10:39:27,257] {logging_mixin.py:115} INFO - [2025-01-05 10:39:27,256] {dag.py:2379} INFO - Sync 1 DAGs
[2025-01-05 10:39:27,316] {logging_mixin.py:115} INFO - [2025-01-05 10:39:27,316] {dag.py:2927} INFO - Setting next_dagrun for example_dag_decorator to None, run_after=None
[2025-01-05 10:39:27,356] {processor.py:161} INFO - Processing /home/daniel/Documents/Alura/python_apache_airflow_pipeline/venv/lib/python3.9/site-packages/airflow/example_dags/example_dag_decorator.py took 0.281 seconds
[2025-01-05 10:40:29,056] {processor.py:153} INFO - Started process (PID=18098) to work on /home/daniel/Documents/Alura/python_apache_airflow_pipeline/venv/lib/python3.9/site-packages/airflow/example_dags/example_dag_decorator.py
[2025-01-05 10:40:29,060] {processor.py:641} INFO - Processing file /home/daniel/Documents/Alura/python_apache_airflow_pipeline/venv/lib/python3.9/site-packages/airflow/example_dags/example_dag_decorator.py for tasks to queue
[2025-01-05 10:40:29,061] {logging_mixin.py:115} INFO - [2025-01-05 10:40:29,061] {dagbag.py:507} INFO - Filling up the DagBag from /home/daniel/Documents/Alura/python_apache_airflow_pipeline/venv/lib/python3.9/site-packages/airflow/example_dags/example_dag_decorator.py
[2025-01-05 10:40:29,121] {processor.py:651} INFO - DAG(s) dict_keys(['example_dag_decorator']) retrieved from /home/daniel/Documents/Alura/python_apache_airflow_pipeline/venv/lib/python3.9/site-packages/airflow/example_dags/example_dag_decorator.py
[2025-01-05 10:40:29,176] {logging_mixin.py:115} INFO - [2025-01-05 10:40:29,176] {dag.py:2379} INFO - Sync 1 DAGs
[2025-01-05 10:40:29,237] {logging_mixin.py:115} INFO - [2025-01-05 10:40:29,236] {dag.py:2927} INFO - Setting next_dagrun for example_dag_decorator to None, run_after=None
[2025-01-05 10:40:29,280] {processor.py:161} INFO - Processing /home/daniel/Documents/Alura/python_apache_airflow_pipeline/venv/lib/python3.9/site-packages/airflow/example_dags/example_dag_decorator.py took 0.236 seconds
[2025-01-05 10:45:07,755] {processor.py:153} INFO - Started process (PID=18343) to work on /home/daniel/Documents/Alura/python_apache_airflow_pipeline/venv/lib/python3.9/site-packages/airflow/example_dags/example_dag_decorator.py
[2025-01-05 10:45:07,760] {processor.py:641} INFO - Processing file /home/daniel/Documents/Alura/python_apache_airflow_pipeline/venv/lib/python3.9/site-packages/airflow/example_dags/example_dag_decorator.py for tasks to queue
[2025-01-05 10:45:07,761] {logging_mixin.py:115} INFO - [2025-01-05 10:45:07,760] {dagbag.py:507} INFO - Filling up the DagBag from /home/daniel/Documents/Alura/python_apache_airflow_pipeline/venv/lib/python3.9/site-packages/airflow/example_dags/example_dag_decorator.py
[2025-01-05 10:45:07,847] {processor.py:651} INFO - DAG(s) dict_keys(['example_dag_decorator']) retrieved from /home/daniel/Documents/Alura/python_apache_airflow_pipeline/venv/lib/python3.9/site-packages/airflow/example_dags/example_dag_decorator.py
[2025-01-05 10:45:08,019] {logging_mixin.py:115} INFO - [2025-01-05 10:45:08,019] {dag.py:2379} INFO - Sync 1 DAGs
[2025-01-05 10:45:08,048] {logging_mixin.py:115} INFO - [2025-01-05 10:45:08,048] {dag.py:2927} INFO - Setting next_dagrun for example_dag_decorator to None, run_after=None
[2025-01-05 10:45:08,121] {processor.py:161} INFO - Processing /home/daniel/Documents/Alura/python_apache_airflow_pipeline/venv/lib/python3.9/site-packages/airflow/example_dags/example_dag_decorator.py took 0.370 seconds
[2025-01-05 10:45:56,787] {processor.py:153} INFO - Started process (PID=18697) to work on /home/daniel/Documents/Alura/python_apache_airflow_pipeline/venv/lib/python3.9/site-packages/airflow/example_dags/example_dag_decorator.py
[2025-01-05 10:45:56,789] {processor.py:641} INFO - Processing file /home/daniel/Documents/Alura/python_apache_airflow_pipeline/venv/lib/python3.9/site-packages/airflow/example_dags/example_dag_decorator.py for tasks to queue
[2025-01-05 10:45:56,789] {logging_mixin.py:115} INFO - [2025-01-05 10:45:56,789] {dagbag.py:507} INFO - Filling up the DagBag from /home/daniel/Documents/Alura/python_apache_airflow_pipeline/venv/lib/python3.9/site-packages/airflow/example_dags/example_dag_decorator.py
[2025-01-05 10:45:56,811] {processor.py:651} INFO - DAG(s) dict_keys(['example_dag_decorator']) retrieved from /home/daniel/Documents/Alura/python_apache_airflow_pipeline/venv/lib/python3.9/site-packages/airflow/example_dags/example_dag_decorator.py
[2025-01-05 10:45:56,830] {logging_mixin.py:115} INFO - [2025-01-05 10:45:56,830] {dag.py:2379} INFO - Sync 1 DAGs
[2025-01-05 10:45:56,852] {logging_mixin.py:115} INFO - [2025-01-05 10:45:56,852] {dag.py:2927} INFO - Setting next_dagrun for example_dag_decorator to None, run_after=None
[2025-01-05 10:45:56,867] {processor.py:161} INFO - Processing /home/daniel/Documents/Alura/python_apache_airflow_pipeline/venv/lib/python3.9/site-packages/airflow/example_dags/example_dag_decorator.py took 0.082 seconds
[2025-01-05 10:46:44,022] {processor.py:153} INFO - Started process (PID=19003) to work on /home/daniel/Documents/Alura/python_apache_airflow_pipeline/venv/lib/python3.9/site-packages/airflow/example_dags/example_dag_decorator.py
[2025-01-05 10:46:44,024] {processor.py:641} INFO - Processing file /home/daniel/Documents/Alura/python_apache_airflow_pipeline/venv/lib/python3.9/site-packages/airflow/example_dags/example_dag_decorator.py for tasks to queue
[2025-01-05 10:46:44,025] {logging_mixin.py:115} INFO - [2025-01-05 10:46:44,025] {dagbag.py:507} INFO - Filling up the DagBag from /home/daniel/Documents/Alura/python_apache_airflow_pipeline/venv/lib/python3.9/site-packages/airflow/example_dags/example_dag_decorator.py
[2025-01-05 10:46:44,046] {processor.py:651} INFO - DAG(s) dict_keys(['example_dag_decorator']) retrieved from /home/daniel/Documents/Alura/python_apache_airflow_pipeline/venv/lib/python3.9/site-packages/airflow/example_dags/example_dag_decorator.py
[2025-01-05 10:46:44,087] {logging_mixin.py:115} INFO - [2025-01-05 10:46:44,086] {dag.py:2379} INFO - Sync 1 DAGs
[2025-01-05 10:46:44,098] {logging_mixin.py:115} INFO - [2025-01-05 10:46:44,098] {dag.py:2927} INFO - Setting next_dagrun for example_dag_decorator to None, run_after=None
[2025-01-05 10:46:44,111] {processor.py:161} INFO - Processing /home/daniel/Documents/Alura/python_apache_airflow_pipeline/venv/lib/python3.9/site-packages/airflow/example_dags/example_dag_decorator.py took 0.093 seconds
[2025-01-05 10:47:22,679] {processor.py:153} INFO - Started process (PID=19279) to work on /home/daniel/Documents/Alura/python_apache_airflow_pipeline/venv/lib/python3.9/site-packages/airflow/example_dags/example_dag_decorator.py
[2025-01-05 10:47:22,680] {processor.py:641} INFO - Processing file /home/daniel/Documents/Alura/python_apache_airflow_pipeline/venv/lib/python3.9/site-packages/airflow/example_dags/example_dag_decorator.py for tasks to queue
[2025-01-05 10:47:22,681] {logging_mixin.py:115} INFO - [2025-01-05 10:47:22,681] {dagbag.py:507} INFO - Filling up the DagBag from /home/daniel/Documents/Alura/python_apache_airflow_pipeline/venv/lib/python3.9/site-packages/airflow/example_dags/example_dag_decorator.py
[2025-01-05 10:47:22,713] {processor.py:651} INFO - DAG(s) dict_keys(['example_dag_decorator']) retrieved from /home/daniel/Documents/Alura/python_apache_airflow_pipeline/venv/lib/python3.9/site-packages/airflow/example_dags/example_dag_decorator.py
[2025-01-05 10:47:22,772] {logging_mixin.py:115} INFO - [2025-01-05 10:47:22,772] {dag.py:2379} INFO - Sync 1 DAGs
[2025-01-05 10:47:22,793] {logging_mixin.py:115} INFO - [2025-01-05 10:47:22,792] {dag.py:2927} INFO - Setting next_dagrun for example_dag_decorator to None, run_after=None
[2025-01-05 10:47:22,813] {processor.py:161} INFO - Processing /home/daniel/Documents/Alura/python_apache_airflow_pipeline/venv/lib/python3.9/site-packages/airflow/example_dags/example_dag_decorator.py took 0.139 seconds
[2025-01-05 10:52:44,504] {processor.py:153} INFO - Started process (PID=3889) to work on /home/daniel/Documents/Alura/python_apache_airflow_pipeline/venv/lib/python3.9/site-packages/airflow/example_dags/example_dag_decorator.py
[2025-01-05 10:52:44,507] {processor.py:641} INFO - Processing file /home/daniel/Documents/Alura/python_apache_airflow_pipeline/venv/lib/python3.9/site-packages/airflow/example_dags/example_dag_decorator.py for tasks to queue
[2025-01-05 10:52:44,508] {logging_mixin.py:115} INFO - [2025-01-05 10:52:44,508] {dagbag.py:507} INFO - Filling up the DagBag from /home/daniel/Documents/Alura/python_apache_airflow_pipeline/venv/lib/python3.9/site-packages/airflow/example_dags/example_dag_decorator.py
[2025-01-05 10:52:44,528] {processor.py:651} INFO - DAG(s) dict_keys(['example_dag_decorator']) retrieved from /home/daniel/Documents/Alura/python_apache_airflow_pipeline/venv/lib/python3.9/site-packages/airflow/example_dags/example_dag_decorator.py
[2025-01-05 10:52:44,560] {logging_mixin.py:115} INFO - [2025-01-05 10:52:44,560] {dag.py:2379} INFO - Sync 1 DAGs
[2025-01-05 10:52:44,571] {logging_mixin.py:115} INFO - [2025-01-05 10:52:44,571] {dag.py:2927} INFO - Setting next_dagrun for example_dag_decorator to None, run_after=None
[2025-01-05 10:52:44,584] {processor.py:161} INFO - Processing /home/daniel/Documents/Alura/python_apache_airflow_pipeline/venv/lib/python3.9/site-packages/airflow/example_dags/example_dag_decorator.py took 0.083 seconds
[2025-01-05 10:53:20,677] {processor.py:153} INFO - Started process (PID=3933) to work on /home/daniel/Documents/Alura/python_apache_airflow_pipeline/venv/lib/python3.9/site-packages/airflow/example_dags/example_dag_decorator.py
[2025-01-05 10:53:20,678] {processor.py:641} INFO - Processing file /home/daniel/Documents/Alura/python_apache_airflow_pipeline/venv/lib/python3.9/site-packages/airflow/example_dags/example_dag_decorator.py for tasks to queue
[2025-01-05 10:53:20,678] {logging_mixin.py:115} INFO - [2025-01-05 10:53:20,678] {dagbag.py:507} INFO - Filling up the DagBag from /home/daniel/Documents/Alura/python_apache_airflow_pipeline/venv/lib/python3.9/site-packages/airflow/example_dags/example_dag_decorator.py
[2025-01-05 10:53:20,695] {processor.py:651} INFO - DAG(s) dict_keys(['example_dag_decorator']) retrieved from /home/daniel/Documents/Alura/python_apache_airflow_pipeline/venv/lib/python3.9/site-packages/airflow/example_dags/example_dag_decorator.py
[2025-01-05 10:53:20,728] {logging_mixin.py:115} INFO - [2025-01-05 10:53:20,728] {dag.py:2379} INFO - Sync 1 DAGs
[2025-01-05 10:53:20,739] {logging_mixin.py:115} INFO - [2025-01-05 10:53:20,739] {dag.py:2927} INFO - Setting next_dagrun for example_dag_decorator to None, run_after=None
[2025-01-05 10:53:20,750] {processor.py:161} INFO - Processing /home/daniel/Documents/Alura/python_apache_airflow_pipeline/venv/lib/python3.9/site-packages/airflow/example_dags/example_dag_decorator.py took 0.077 seconds
[2025-01-05 10:53:56,555] {processor.py:153} INFO - Started process (PID=3973) to work on /home/daniel/Documents/Alura/python_apache_airflow_pipeline/venv/lib/python3.9/site-packages/airflow/example_dags/example_dag_decorator.py
[2025-01-05 10:53:56,557] {processor.py:641} INFO - Processing file /home/daniel/Documents/Alura/python_apache_airflow_pipeline/venv/lib/python3.9/site-packages/airflow/example_dags/example_dag_decorator.py for tasks to queue
[2025-01-05 10:53:56,557] {logging_mixin.py:115} INFO - [2025-01-05 10:53:56,557] {dagbag.py:507} INFO - Filling up the DagBag from /home/daniel/Documents/Alura/python_apache_airflow_pipeline/venv/lib/python3.9/site-packages/airflow/example_dags/example_dag_decorator.py
[2025-01-05 10:53:56,575] {processor.py:651} INFO - DAG(s) dict_keys(['example_dag_decorator']) retrieved from /home/daniel/Documents/Alura/python_apache_airflow_pipeline/venv/lib/python3.9/site-packages/airflow/example_dags/example_dag_decorator.py
[2025-01-05 10:53:56,612] {logging_mixin.py:115} INFO - [2025-01-05 10:53:56,612] {dag.py:2379} INFO - Sync 1 DAGs
[2025-01-05 10:53:56,625] {logging_mixin.py:115} INFO - [2025-01-05 10:53:56,625] {dag.py:2927} INFO - Setting next_dagrun for example_dag_decorator to None, run_after=None
[2025-01-05 10:53:56,643] {processor.py:161} INFO - Processing /home/daniel/Documents/Alura/python_apache_airflow_pipeline/venv/lib/python3.9/site-packages/airflow/example_dags/example_dag_decorator.py took 0.091 seconds
[2025-01-05 10:54:35,603] {processor.py:153} INFO - Started process (PID=4019) to work on /home/daniel/Documents/Alura/python_apache_airflow_pipeline/venv/lib/python3.9/site-packages/airflow/example_dags/example_dag_decorator.py
[2025-01-05 10:54:35,605] {processor.py:641} INFO - Processing file /home/daniel/Documents/Alura/python_apache_airflow_pipeline/venv/lib/python3.9/site-packages/airflow/example_dags/example_dag_decorator.py for tasks to queue
[2025-01-05 10:54:35,606] {logging_mixin.py:115} INFO - [2025-01-05 10:54:35,605] {dagbag.py:507} INFO - Filling up the DagBag from /home/daniel/Documents/Alura/python_apache_airflow_pipeline/venv/lib/python3.9/site-packages/airflow/example_dags/example_dag_decorator.py
[2025-01-05 10:54:35,629] {processor.py:651} INFO - DAG(s) dict_keys(['example_dag_decorator']) retrieved from /home/daniel/Documents/Alura/python_apache_airflow_pipeline/venv/lib/python3.9/site-packages/airflow/example_dags/example_dag_decorator.py
[2025-01-05 10:54:35,670] {logging_mixin.py:115} INFO - [2025-01-05 10:54:35,670] {dag.py:2379} INFO - Sync 1 DAGs
[2025-01-05 10:54:35,683] {logging_mixin.py:115} INFO - [2025-01-05 10:54:35,682] {dag.py:2927} INFO - Setting next_dagrun for example_dag_decorator to None, run_after=None
[2025-01-05 10:54:35,696] {processor.py:161} INFO - Processing /home/daniel/Documents/Alura/python_apache_airflow_pipeline/venv/lib/python3.9/site-packages/airflow/example_dags/example_dag_decorator.py took 0.096 seconds
[2025-01-05 10:55:10,863] {processor.py:153} INFO - Started process (PID=4066) to work on /home/daniel/Documents/Alura/python_apache_airflow_pipeline/venv/lib/python3.9/site-packages/airflow/example_dags/example_dag_decorator.py
[2025-01-05 10:55:10,864] {processor.py:641} INFO - Processing file /home/daniel/Documents/Alura/python_apache_airflow_pipeline/venv/lib/python3.9/site-packages/airflow/example_dags/example_dag_decorator.py for tasks to queue
[2025-01-05 10:55:10,864] {logging_mixin.py:115} INFO - [2025-01-05 10:55:10,864] {dagbag.py:507} INFO - Filling up the DagBag from /home/daniel/Documents/Alura/python_apache_airflow_pipeline/venv/lib/python3.9/site-packages/airflow/example_dags/example_dag_decorator.py
[2025-01-05 10:55:10,886] {processor.py:651} INFO - DAG(s) dict_keys(['example_dag_decorator']) retrieved from /home/daniel/Documents/Alura/python_apache_airflow_pipeline/venv/lib/python3.9/site-packages/airflow/example_dags/example_dag_decorator.py
[2025-01-05 10:55:10,923] {logging_mixin.py:115} INFO - [2025-01-05 10:55:10,923] {dag.py:2379} INFO - Sync 1 DAGs
[2025-01-05 10:55:10,934] {logging_mixin.py:115} INFO - [2025-01-05 10:55:10,934] {dag.py:2927} INFO - Setting next_dagrun for example_dag_decorator to None, run_after=None
[2025-01-05 10:55:10,947] {processor.py:161} INFO - Processing /home/daniel/Documents/Alura/python_apache_airflow_pipeline/venv/lib/python3.9/site-packages/airflow/example_dags/example_dag_decorator.py took 0.087 seconds
[2025-01-05 10:55:45,681] {processor.py:153} INFO - Started process (PID=4108) to work on /home/daniel/Documents/Alura/python_apache_airflow_pipeline/venv/lib/python3.9/site-packages/airflow/example_dags/example_dag_decorator.py
[2025-01-05 10:55:45,683] {processor.py:641} INFO - Processing file /home/daniel/Documents/Alura/python_apache_airflow_pipeline/venv/lib/python3.9/site-packages/airflow/example_dags/example_dag_decorator.py for tasks to queue
[2025-01-05 10:55:45,684] {logging_mixin.py:115} INFO - [2025-01-05 10:55:45,684] {dagbag.py:507} INFO - Filling up the DagBag from /home/daniel/Documents/Alura/python_apache_airflow_pipeline/venv/lib/python3.9/site-packages/airflow/example_dags/example_dag_decorator.py
[2025-01-05 10:55:45,705] {processor.py:651} INFO - DAG(s) dict_keys(['example_dag_decorator']) retrieved from /home/daniel/Documents/Alura/python_apache_airflow_pipeline/venv/lib/python3.9/site-packages/airflow/example_dags/example_dag_decorator.py
[2025-01-05 10:55:45,739] {logging_mixin.py:115} INFO - [2025-01-05 10:55:45,739] {dag.py:2379} INFO - Sync 1 DAGs
[2025-01-05 10:55:45,752] {logging_mixin.py:115} INFO - [2025-01-05 10:55:45,752] {dag.py:2927} INFO - Setting next_dagrun for example_dag_decorator to None, run_after=None
[2025-01-05 10:55:45,769] {processor.py:161} INFO - Processing /home/daniel/Documents/Alura/python_apache_airflow_pipeline/venv/lib/python3.9/site-packages/airflow/example_dags/example_dag_decorator.py took 0.090 seconds
[2025-01-05 10:56:20,668] {processor.py:153} INFO - Started process (PID=4167) to work on /home/daniel/Documents/Alura/python_apache_airflow_pipeline/venv/lib/python3.9/site-packages/airflow/example_dags/example_dag_decorator.py
[2025-01-05 10:56:20,669] {processor.py:641} INFO - Processing file /home/daniel/Documents/Alura/python_apache_airflow_pipeline/venv/lib/python3.9/site-packages/airflow/example_dags/example_dag_decorator.py for tasks to queue
[2025-01-05 10:56:20,670] {logging_mixin.py:115} INFO - [2025-01-05 10:56:20,670] {dagbag.py:507} INFO - Filling up the DagBag from /home/daniel/Documents/Alura/python_apache_airflow_pipeline/venv/lib/python3.9/site-packages/airflow/example_dags/example_dag_decorator.py
[2025-01-05 10:56:20,691] {processor.py:651} INFO - DAG(s) dict_keys(['example_dag_decorator']) retrieved from /home/daniel/Documents/Alura/python_apache_airflow_pipeline/venv/lib/python3.9/site-packages/airflow/example_dags/example_dag_decorator.py
[2025-01-05 10:56:20,727] {logging_mixin.py:115} INFO - [2025-01-05 10:56:20,725] {dag.py:2379} INFO - Sync 1 DAGs
[2025-01-05 10:56:20,748] {logging_mixin.py:115} INFO - [2025-01-05 10:56:20,748] {dag.py:2927} INFO - Setting next_dagrun for example_dag_decorator to None, run_after=None
[2025-01-05 10:56:20,765] {processor.py:161} INFO - Processing /home/daniel/Documents/Alura/python_apache_airflow_pipeline/venv/lib/python3.9/site-packages/airflow/example_dags/example_dag_decorator.py took 0.101 seconds
[2025-01-05 10:56:57,649] {processor.py:153} INFO - Started process (PID=4207) to work on /home/daniel/Documents/Alura/python_apache_airflow_pipeline/venv/lib/python3.9/site-packages/airflow/example_dags/example_dag_decorator.py
[2025-01-05 10:56:57,651] {processor.py:641} INFO - Processing file /home/daniel/Documents/Alura/python_apache_airflow_pipeline/venv/lib/python3.9/site-packages/airflow/example_dags/example_dag_decorator.py for tasks to queue
[2025-01-05 10:56:57,651] {logging_mixin.py:115} INFO - [2025-01-05 10:56:57,651] {dagbag.py:507} INFO - Filling up the DagBag from /home/daniel/Documents/Alura/python_apache_airflow_pipeline/venv/lib/python3.9/site-packages/airflow/example_dags/example_dag_decorator.py
[2025-01-05 10:56:57,675] {processor.py:651} INFO - DAG(s) dict_keys(['example_dag_decorator']) retrieved from /home/daniel/Documents/Alura/python_apache_airflow_pipeline/venv/lib/python3.9/site-packages/airflow/example_dags/example_dag_decorator.py
[2025-01-05 10:56:57,721] {logging_mixin.py:115} INFO - [2025-01-05 10:56:57,721] {dag.py:2379} INFO - Sync 1 DAGs
[2025-01-05 10:56:57,736] {logging_mixin.py:115} INFO - [2025-01-05 10:56:57,736] {dag.py:2927} INFO - Setting next_dagrun for example_dag_decorator to None, run_after=None
[2025-01-05 10:56:57,755] {processor.py:161} INFO - Processing /home/daniel/Documents/Alura/python_apache_airflow_pipeline/venv/lib/python3.9/site-packages/airflow/example_dags/example_dag_decorator.py took 0.108 seconds
[2025-01-05 10:57:36,463] {processor.py:153} INFO - Started process (PID=4309) to work on /home/daniel/Documents/Alura/python_apache_airflow_pipeline/venv/lib/python3.9/site-packages/airflow/example_dags/example_dag_decorator.py
[2025-01-05 10:57:36,464] {processor.py:641} INFO - Processing file /home/daniel/Documents/Alura/python_apache_airflow_pipeline/venv/lib/python3.9/site-packages/airflow/example_dags/example_dag_decorator.py for tasks to queue
[2025-01-05 10:57:36,466] {logging_mixin.py:115} INFO - [2025-01-05 10:57:36,465] {dagbag.py:507} INFO - Filling up the DagBag from /home/daniel/Documents/Alura/python_apache_airflow_pipeline/venv/lib/python3.9/site-packages/airflow/example_dags/example_dag_decorator.py
[2025-01-05 10:57:36,504] {processor.py:651} INFO - DAG(s) dict_keys(['example_dag_decorator']) retrieved from /home/daniel/Documents/Alura/python_apache_airflow_pipeline/venv/lib/python3.9/site-packages/airflow/example_dags/example_dag_decorator.py
[2025-01-05 10:57:36,591] {logging_mixin.py:115} INFO - [2025-01-05 10:57:36,591] {dag.py:2379} INFO - Sync 1 DAGs
[2025-01-05 10:57:36,608] {logging_mixin.py:115} INFO - [2025-01-05 10:57:36,607] {dag.py:2927} INFO - Setting next_dagrun for example_dag_decorator to None, run_after=None
[2025-01-05 10:57:36,632] {processor.py:161} INFO - Processing /home/daniel/Documents/Alura/python_apache_airflow_pipeline/venv/lib/python3.9/site-packages/airflow/example_dags/example_dag_decorator.py took 0.178 seconds
[2025-01-05 10:58:31,611] {processor.py:153} INFO - Started process (PID=5031) to work on /home/daniel/Documents/Alura/python_apache_airflow_pipeline/venv/lib/python3.9/site-packages/airflow/example_dags/example_dag_decorator.py
[2025-01-05 10:58:31,615] {processor.py:641} INFO - Processing file /home/daniel/Documents/Alura/python_apache_airflow_pipeline/venv/lib/python3.9/site-packages/airflow/example_dags/example_dag_decorator.py for tasks to queue
[2025-01-05 10:58:31,618] {logging_mixin.py:115} INFO - [2025-01-05 10:58:31,618] {dagbag.py:507} INFO - Filling up the DagBag from /home/daniel/Documents/Alura/python_apache_airflow_pipeline/venv/lib/python3.9/site-packages/airflow/example_dags/example_dag_decorator.py
[2025-01-05 10:58:31,711] {processor.py:651} INFO - DAG(s) dict_keys(['example_dag_decorator']) retrieved from /home/daniel/Documents/Alura/python_apache_airflow_pipeline/venv/lib/python3.9/site-packages/airflow/example_dags/example_dag_decorator.py
[2025-01-05 10:58:31,796] {logging_mixin.py:115} INFO - [2025-01-05 10:58:31,796] {dag.py:2379} INFO - Sync 1 DAGs
[2025-01-05 10:58:31,860] {logging_mixin.py:115} INFO - [2025-01-05 10:58:31,859] {dag.py:2927} INFO - Setting next_dagrun for example_dag_decorator to None, run_after=None
[2025-01-05 10:58:31,903] {processor.py:161} INFO - Processing /home/daniel/Documents/Alura/python_apache_airflow_pipeline/venv/lib/python3.9/site-packages/airflow/example_dags/example_dag_decorator.py took 0.315 seconds
[2025-01-05 10:59:12,931] {processor.py:153} INFO - Started process (PID=5315) to work on /home/daniel/Documents/Alura/python_apache_airflow_pipeline/venv/lib/python3.9/site-packages/airflow/example_dags/example_dag_decorator.py
[2025-01-05 10:59:12,934] {processor.py:641} INFO - Processing file /home/daniel/Documents/Alura/python_apache_airflow_pipeline/venv/lib/python3.9/site-packages/airflow/example_dags/example_dag_decorator.py for tasks to queue
[2025-01-05 10:59:12,935] {logging_mixin.py:115} INFO - [2025-01-05 10:59:12,935] {dagbag.py:507} INFO - Filling up the DagBag from /home/daniel/Documents/Alura/python_apache_airflow_pipeline/venv/lib/python3.9/site-packages/airflow/example_dags/example_dag_decorator.py
[2025-01-05 10:59:12,963] {processor.py:651} INFO - DAG(s) dict_keys(['example_dag_decorator']) retrieved from /home/daniel/Documents/Alura/python_apache_airflow_pipeline/venv/lib/python3.9/site-packages/airflow/example_dags/example_dag_decorator.py
[2025-01-05 10:59:13,019] {logging_mixin.py:115} INFO - [2025-01-05 10:59:13,019] {dag.py:2379} INFO - Sync 1 DAGs
[2025-01-05 10:59:13,035] {logging_mixin.py:115} INFO - [2025-01-05 10:59:13,035] {dag.py:2927} INFO - Setting next_dagrun for example_dag_decorator to None, run_after=None
[2025-01-05 10:59:13,055] {processor.py:161} INFO - Processing /home/daniel/Documents/Alura/python_apache_airflow_pipeline/venv/lib/python3.9/site-packages/airflow/example_dags/example_dag_decorator.py took 0.131 seconds
[2025-01-05 10:59:57,303] {processor.py:153} INFO - Started process (PID=5649) to work on /home/daniel/Documents/Alura/python_apache_airflow_pipeline/venv/lib/python3.9/site-packages/airflow/example_dags/example_dag_decorator.py
[2025-01-05 10:59:57,304] {processor.py:641} INFO - Processing file /home/daniel/Documents/Alura/python_apache_airflow_pipeline/venv/lib/python3.9/site-packages/airflow/example_dags/example_dag_decorator.py for tasks to queue
[2025-01-05 10:59:57,306] {logging_mixin.py:115} INFO - [2025-01-05 10:59:57,306] {dagbag.py:507} INFO - Filling up the DagBag from /home/daniel/Documents/Alura/python_apache_airflow_pipeline/venv/lib/python3.9/site-packages/airflow/example_dags/example_dag_decorator.py
[2025-01-05 10:59:57,347] {processor.py:651} INFO - DAG(s) dict_keys(['example_dag_decorator']) retrieved from /home/daniel/Documents/Alura/python_apache_airflow_pipeline/venv/lib/python3.9/site-packages/airflow/example_dags/example_dag_decorator.py
[2025-01-05 10:59:57,383] {logging_mixin.py:115} INFO - [2025-01-05 10:59:57,383] {dag.py:2379} INFO - Sync 1 DAGs
[2025-01-05 10:59:57,418] {logging_mixin.py:115} INFO - [2025-01-05 10:59:57,418] {dag.py:2927} INFO - Setting next_dagrun for example_dag_decorator to None, run_after=None
[2025-01-05 10:59:57,440] {processor.py:161} INFO - Processing /home/daniel/Documents/Alura/python_apache_airflow_pipeline/venv/lib/python3.9/site-packages/airflow/example_dags/example_dag_decorator.py took 0.144 seconds
[2025-01-05 11:00:42,032] {processor.py:153} INFO - Started process (PID=5974) to work on /home/daniel/Documents/Alura/python_apache_airflow_pipeline/venv/lib/python3.9/site-packages/airflow/example_dags/example_dag_decorator.py
[2025-01-05 11:00:42,036] {processor.py:641} INFO - Processing file /home/daniel/Documents/Alura/python_apache_airflow_pipeline/venv/lib/python3.9/site-packages/airflow/example_dags/example_dag_decorator.py for tasks to queue
[2025-01-05 11:00:42,036] {logging_mixin.py:115} INFO - [2025-01-05 11:00:42,036] {dagbag.py:507} INFO - Filling up the DagBag from /home/daniel/Documents/Alura/python_apache_airflow_pipeline/venv/lib/python3.9/site-packages/airflow/example_dags/example_dag_decorator.py
[2025-01-05 11:00:42,071] {processor.py:651} INFO - DAG(s) dict_keys(['example_dag_decorator']) retrieved from /home/daniel/Documents/Alura/python_apache_airflow_pipeline/venv/lib/python3.9/site-packages/airflow/example_dags/example_dag_decorator.py
[2025-01-05 11:00:42,095] {logging_mixin.py:115} INFO - [2025-01-05 11:00:42,095] {dag.py:2379} INFO - Sync 1 DAGs
[2025-01-05 11:00:42,123] {logging_mixin.py:115} INFO - [2025-01-05 11:00:42,122] {dag.py:2927} INFO - Setting next_dagrun for example_dag_decorator to None, run_after=None
[2025-01-05 11:00:42,150] {processor.py:161} INFO - Processing /home/daniel/Documents/Alura/python_apache_airflow_pipeline/venv/lib/python3.9/site-packages/airflow/example_dags/example_dag_decorator.py took 0.123 seconds
[2025-01-05 11:01:30,903] {processor.py:153} INFO - Started process (PID=6534) to work on /home/daniel/Documents/Alura/python_apache_airflow_pipeline/venv/lib/python3.9/site-packages/airflow/example_dags/example_dag_decorator.py
[2025-01-05 11:01:30,906] {processor.py:641} INFO - Processing file /home/daniel/Documents/Alura/python_apache_airflow_pipeline/venv/lib/python3.9/site-packages/airflow/example_dags/example_dag_decorator.py for tasks to queue
[2025-01-05 11:01:30,907] {logging_mixin.py:115} INFO - [2025-01-05 11:01:30,907] {dagbag.py:507} INFO - Filling up the DagBag from /home/daniel/Documents/Alura/python_apache_airflow_pipeline/venv/lib/python3.9/site-packages/airflow/example_dags/example_dag_decorator.py
[2025-01-05 11:01:30,990] {processor.py:651} INFO - DAG(s) dict_keys(['example_dag_decorator']) retrieved from /home/daniel/Documents/Alura/python_apache_airflow_pipeline/venv/lib/python3.9/site-packages/airflow/example_dags/example_dag_decorator.py
[2025-01-05 11:01:31,047] {logging_mixin.py:115} INFO - [2025-01-05 11:01:31,047] {dag.py:2379} INFO - Sync 1 DAGs
[2025-01-05 11:01:31,100] {logging_mixin.py:115} INFO - [2025-01-05 11:01:31,100] {dag.py:2927} INFO - Setting next_dagrun for example_dag_decorator to None, run_after=None
[2025-01-05 11:01:31,138] {processor.py:161} INFO - Processing /home/daniel/Documents/Alura/python_apache_airflow_pipeline/venv/lib/python3.9/site-packages/airflow/example_dags/example_dag_decorator.py took 0.247 seconds
[2025-01-05 11:02:14,304] {processor.py:153} INFO - Started process (PID=6877) to work on /home/daniel/Documents/Alura/python_apache_airflow_pipeline/venv/lib/python3.9/site-packages/airflow/example_dags/example_dag_decorator.py
[2025-01-05 11:02:14,307] {processor.py:641} INFO - Processing file /home/daniel/Documents/Alura/python_apache_airflow_pipeline/venv/lib/python3.9/site-packages/airflow/example_dags/example_dag_decorator.py for tasks to queue
[2025-01-05 11:02:14,307] {logging_mixin.py:115} INFO - [2025-01-05 11:02:14,307] {dagbag.py:507} INFO - Filling up the DagBag from /home/daniel/Documents/Alura/python_apache_airflow_pipeline/venv/lib/python3.9/site-packages/airflow/example_dags/example_dag_decorator.py
[2025-01-05 11:02:14,355] {processor.py:651} INFO - DAG(s) dict_keys(['example_dag_decorator']) retrieved from /home/daniel/Documents/Alura/python_apache_airflow_pipeline/venv/lib/python3.9/site-packages/airflow/example_dags/example_dag_decorator.py
[2025-01-05 11:02:14,427] {logging_mixin.py:115} INFO - [2025-01-05 11:02:14,427] {dag.py:2379} INFO - Sync 1 DAGs
[2025-01-05 11:02:14,452] {logging_mixin.py:115} INFO - [2025-01-05 11:02:14,452] {dag.py:2927} INFO - Setting next_dagrun for example_dag_decorator to None, run_after=None
[2025-01-05 11:02:14,479] {processor.py:161} INFO - Processing /home/daniel/Documents/Alura/python_apache_airflow_pipeline/venv/lib/python3.9/site-packages/airflow/example_dags/example_dag_decorator.py took 0.177 seconds
[2025-01-05 11:03:00,131] {processor.py:153} INFO - Started process (PID=7191) to work on /home/daniel/Documents/Alura/python_apache_airflow_pipeline/venv/lib/python3.9/site-packages/airflow/example_dags/example_dag_decorator.py
[2025-01-05 11:03:00,139] {processor.py:641} INFO - Processing file /home/daniel/Documents/Alura/python_apache_airflow_pipeline/venv/lib/python3.9/site-packages/airflow/example_dags/example_dag_decorator.py for tasks to queue
[2025-01-05 11:03:00,139] {logging_mixin.py:115} INFO - [2025-01-05 11:03:00,139] {dagbag.py:507} INFO - Filling up the DagBag from /home/daniel/Documents/Alura/python_apache_airflow_pipeline/venv/lib/python3.9/site-packages/airflow/example_dags/example_dag_decorator.py
[2025-01-05 11:03:00,183] {processor.py:651} INFO - DAG(s) dict_keys(['example_dag_decorator']) retrieved from /home/daniel/Documents/Alura/python_apache_airflow_pipeline/venv/lib/python3.9/site-packages/airflow/example_dags/example_dag_decorator.py
[2025-01-05 11:03:00,219] {logging_mixin.py:115} INFO - [2025-01-05 11:03:00,219] {dag.py:2379} INFO - Sync 1 DAGs
[2025-01-05 11:03:00,264] {logging_mixin.py:115} INFO - [2025-01-05 11:03:00,264] {dag.py:2927} INFO - Setting next_dagrun for example_dag_decorator to None, run_after=None
[2025-01-05 11:03:00,302] {processor.py:161} INFO - Processing /home/daniel/Documents/Alura/python_apache_airflow_pipeline/venv/lib/python3.9/site-packages/airflow/example_dags/example_dag_decorator.py took 0.176 seconds
[2025-01-05 11:03:53,687] {processor.py:153} INFO - Started process (PID=7484) to work on /home/daniel/Documents/Alura/python_apache_airflow_pipeline/venv/lib/python3.9/site-packages/airflow/example_dags/example_dag_decorator.py
[2025-01-05 11:03:53,695] {processor.py:641} INFO - Processing file /home/daniel/Documents/Alura/python_apache_airflow_pipeline/venv/lib/python3.9/site-packages/airflow/example_dags/example_dag_decorator.py for tasks to queue
[2025-01-05 11:03:53,695] {logging_mixin.py:115} INFO - [2025-01-05 11:03:53,695] {dagbag.py:507} INFO - Filling up the DagBag from /home/daniel/Documents/Alura/python_apache_airflow_pipeline/venv/lib/python3.9/site-packages/airflow/example_dags/example_dag_decorator.py
[2025-01-05 11:03:53,754] {processor.py:651} INFO - DAG(s) dict_keys(['example_dag_decorator']) retrieved from /home/daniel/Documents/Alura/python_apache_airflow_pipeline/venv/lib/python3.9/site-packages/airflow/example_dags/example_dag_decorator.py
[2025-01-05 11:03:53,798] {logging_mixin.py:115} INFO - [2025-01-05 11:03:53,795] {dag.py:2379} INFO - Sync 1 DAGs
[2025-01-05 11:03:53,847] {logging_mixin.py:115} INFO - [2025-01-05 11:03:53,847] {dag.py:2927} INFO - Setting next_dagrun for example_dag_decorator to None, run_after=None
[2025-01-05 11:03:53,906] {processor.py:161} INFO - Processing /home/daniel/Documents/Alura/python_apache_airflow_pipeline/venv/lib/python3.9/site-packages/airflow/example_dags/example_dag_decorator.py took 0.232 seconds
[2025-01-05 11:04:47,990] {processor.py:153} INFO - Started process (PID=7758) to work on /home/daniel/Documents/Alura/python_apache_airflow_pipeline/venv/lib/python3.9/site-packages/airflow/example_dags/example_dag_decorator.py
[2025-01-05 11:04:47,998] {processor.py:641} INFO - Processing file /home/daniel/Documents/Alura/python_apache_airflow_pipeline/venv/lib/python3.9/site-packages/airflow/example_dags/example_dag_decorator.py for tasks to queue
[2025-01-05 11:04:47,999] {logging_mixin.py:115} INFO - [2025-01-05 11:04:47,999] {dagbag.py:507} INFO - Filling up the DagBag from /home/daniel/Documents/Alura/python_apache_airflow_pipeline/venv/lib/python3.9/site-packages/airflow/example_dags/example_dag_decorator.py
[2025-01-05 11:04:48,099] {processor.py:651} INFO - DAG(s) dict_keys(['example_dag_decorator']) retrieved from /home/daniel/Documents/Alura/python_apache_airflow_pipeline/venv/lib/python3.9/site-packages/airflow/example_dags/example_dag_decorator.py
[2025-01-05 11:04:48,166] {logging_mixin.py:115} INFO - [2025-01-05 11:04:48,166] {dag.py:2379} INFO - Sync 1 DAGs
[2025-01-05 11:04:48,251] {logging_mixin.py:115} INFO - [2025-01-05 11:04:48,250] {dag.py:2927} INFO - Setting next_dagrun for example_dag_decorator to None, run_after=None
[2025-01-05 11:04:48,342] {processor.py:161} INFO - Processing /home/daniel/Documents/Alura/python_apache_airflow_pipeline/venv/lib/python3.9/site-packages/airflow/example_dags/example_dag_decorator.py took 0.372 seconds
[2025-01-05 11:06:12,755] {processor.py:153} INFO - Started process (PID=8166) to work on /home/daniel/Documents/Alura/python_apache_airflow_pipeline/venv/lib/python3.9/site-packages/airflow/example_dags/example_dag_decorator.py
[2025-01-05 11:06:12,758] {processor.py:641} INFO - Processing file /home/daniel/Documents/Alura/python_apache_airflow_pipeline/venv/lib/python3.9/site-packages/airflow/example_dags/example_dag_decorator.py for tasks to queue
[2025-01-05 11:06:12,762] {logging_mixin.py:115} INFO - [2025-01-05 11:06:12,762] {dagbag.py:507} INFO - Filling up the DagBag from /home/daniel/Documents/Alura/python_apache_airflow_pipeline/venv/lib/python3.9/site-packages/airflow/example_dags/example_dag_decorator.py
[2025-01-05 11:06:12,899] {processor.py:651} INFO - DAG(s) dict_keys(['example_dag_decorator']) retrieved from /home/daniel/Documents/Alura/python_apache_airflow_pipeline/venv/lib/python3.9/site-packages/airflow/example_dags/example_dag_decorator.py
[2025-01-05 11:06:13,002] {logging_mixin.py:115} INFO - [2025-01-05 11:06:12,998] {dag.py:2379} INFO - Sync 1 DAGs
[2025-01-05 11:06:13,122] {logging_mixin.py:115} INFO - [2025-01-05 11:06:13,122] {dag.py:2927} INFO - Setting next_dagrun for example_dag_decorator to None, run_after=None
[2025-01-05 11:06:13,195] {processor.py:161} INFO - Processing /home/daniel/Documents/Alura/python_apache_airflow_pipeline/venv/lib/python3.9/site-packages/airflow/example_dags/example_dag_decorator.py took 0.453 seconds
