[2025-01-05 09:39:49,529] {processor.py:153} INFO - Started process (PID=5107) to work on /home/daniel/Documents/Alura/python_apache_airflow_pipeline/venv/lib/python3.9/site-packages/airflow/example_dags/example_nested_branch_dag.py
[2025-01-05 09:39:49,541] {processor.py:641} INFO - Processing file /home/daniel/Documents/Alura/python_apache_airflow_pipeline/venv/lib/python3.9/site-packages/airflow/example_dags/example_nested_branch_dag.py for tasks to queue
[2025-01-05 09:39:49,549] {logging_mixin.py:115} INFO - [2025-01-05 09:39:49,549] {dagbag.py:507} INFO - Filling up the DagBag from /home/daniel/Documents/Alura/python_apache_airflow_pipeline/venv/lib/python3.9/site-packages/airflow/example_dags/example_nested_branch_dag.py
[2025-01-05 09:39:49,753] {processor.py:651} INFO - DAG(s) dict_keys(['example_nested_branch_dag']) retrieved from /home/daniel/Documents/Alura/python_apache_airflow_pipeline/venv/lib/python3.9/site-packages/airflow/example_dags/example_nested_branch_dag.py
[2025-01-05 09:39:50,024] {logging_mixin.py:115} INFO - [2025-01-05 09:39:50,021] {dag.py:2379} INFO - Sync 1 DAGs
[2025-01-05 09:39:50,301] {logging_mixin.py:115} INFO - [2025-01-05 09:39:50,301] {dag.py:2927} INFO - Setting next_dagrun for example_nested_branch_dag to 2025-01-04T00:00:00+00:00, run_after=2025-01-05T00:00:00+00:00
[2025-01-05 09:39:50,416] {processor.py:161} INFO - Processing /home/daniel/Documents/Alura/python_apache_airflow_pipeline/venv/lib/python3.9/site-packages/airflow/example_dags/example_nested_branch_dag.py took 0.984 seconds
[2025-01-05 09:54:56,335] {processor.py:153} INFO - Started process (PID=3630) to work on /home/daniel/Documents/Alura/python_apache_airflow_pipeline/venv/lib/python3.9/site-packages/airflow/example_dags/example_nested_branch_dag.py
[2025-01-05 09:54:56,347] {processor.py:641} INFO - Processing file /home/daniel/Documents/Alura/python_apache_airflow_pipeline/venv/lib/python3.9/site-packages/airflow/example_dags/example_nested_branch_dag.py for tasks to queue
[2025-01-05 09:54:56,348] {logging_mixin.py:115} INFO - [2025-01-05 09:54:56,348] {dagbag.py:507} INFO - Filling up the DagBag from /home/daniel/Documents/Alura/python_apache_airflow_pipeline/venv/lib/python3.9/site-packages/airflow/example_dags/example_nested_branch_dag.py
[2025-01-05 09:54:56,371] {processor.py:651} INFO - DAG(s) dict_keys(['example_nested_branch_dag']) retrieved from /home/daniel/Documents/Alura/python_apache_airflow_pipeline/venv/lib/python3.9/site-packages/airflow/example_dags/example_nested_branch_dag.py
[2025-01-05 09:54:56,415] {logging_mixin.py:115} INFO - [2025-01-05 09:54:56,414] {dag.py:2379} INFO - Sync 1 DAGs
[2025-01-05 09:54:56,465] {logging_mixin.py:115} INFO - [2025-01-05 09:54:56,464] {dag.py:2927} INFO - Setting next_dagrun for example_nested_branch_dag to 2025-01-04T00:00:00+00:00, run_after=2025-01-05T00:00:00+00:00
[2025-01-05 09:54:56,486] {processor.py:161} INFO - Processing /home/daniel/Documents/Alura/python_apache_airflow_pipeline/venv/lib/python3.9/site-packages/airflow/example_dags/example_nested_branch_dag.py took 0.158 seconds
[2025-01-05 09:55:40,132] {processor.py:153} INFO - Started process (PID=4044) to work on /home/daniel/Documents/Alura/python_apache_airflow_pipeline/venv/lib/python3.9/site-packages/airflow/example_dags/example_nested_branch_dag.py
[2025-01-05 09:55:40,135] {processor.py:641} INFO - Processing file /home/daniel/Documents/Alura/python_apache_airflow_pipeline/venv/lib/python3.9/site-packages/airflow/example_dags/example_nested_branch_dag.py for tasks to queue
[2025-01-05 09:55:40,138] {logging_mixin.py:115} INFO - [2025-01-05 09:55:40,137] {dagbag.py:507} INFO - Filling up the DagBag from /home/daniel/Documents/Alura/python_apache_airflow_pipeline/venv/lib/python3.9/site-packages/airflow/example_dags/example_nested_branch_dag.py
[2025-01-05 09:55:40,174] {processor.py:651} INFO - DAG(s) dict_keys(['example_nested_branch_dag']) retrieved from /home/daniel/Documents/Alura/python_apache_airflow_pipeline/venv/lib/python3.9/site-packages/airflow/example_dags/example_nested_branch_dag.py
[2025-01-05 09:55:40,231] {logging_mixin.py:115} INFO - [2025-01-05 09:55:40,231] {dag.py:2379} INFO - Sync 1 DAGs
[2025-01-05 09:55:40,294] {logging_mixin.py:115} INFO - [2025-01-05 09:55:40,294] {dag.py:2927} INFO - Setting next_dagrun for example_nested_branch_dag to 2025-01-04T00:00:00+00:00, run_after=2025-01-05T00:00:00+00:00
[2025-01-05 09:55:40,337] {processor.py:161} INFO - Processing /home/daniel/Documents/Alura/python_apache_airflow_pipeline/venv/lib/python3.9/site-packages/airflow/example_dags/example_nested_branch_dag.py took 0.215 seconds
[2025-01-05 09:56:26,769] {processor.py:153} INFO - Started process (PID=4381) to work on /home/daniel/Documents/Alura/python_apache_airflow_pipeline/venv/lib/python3.9/site-packages/airflow/example_dags/example_nested_branch_dag.py
[2025-01-05 09:56:26,771] {processor.py:641} INFO - Processing file /home/daniel/Documents/Alura/python_apache_airflow_pipeline/venv/lib/python3.9/site-packages/airflow/example_dags/example_nested_branch_dag.py for tasks to queue
[2025-01-05 09:56:26,771] {logging_mixin.py:115} INFO - [2025-01-05 09:56:26,771] {dagbag.py:507} INFO - Filling up the DagBag from /home/daniel/Documents/Alura/python_apache_airflow_pipeline/venv/lib/python3.9/site-packages/airflow/example_dags/example_nested_branch_dag.py
[2025-01-05 09:56:26,789] {processor.py:651} INFO - DAG(s) dict_keys(['example_nested_branch_dag']) retrieved from /home/daniel/Documents/Alura/python_apache_airflow_pipeline/venv/lib/python3.9/site-packages/airflow/example_dags/example_nested_branch_dag.py
[2025-01-05 09:56:26,814] {logging_mixin.py:115} INFO - [2025-01-05 09:56:26,814] {dag.py:2379} INFO - Sync 1 DAGs
[2025-01-05 09:56:26,858] {logging_mixin.py:115} INFO - [2025-01-05 09:56:26,858] {dag.py:2927} INFO - Setting next_dagrun for example_nested_branch_dag to 2025-01-04T00:00:00+00:00, run_after=2025-01-05T00:00:00+00:00
[2025-01-05 09:56:26,893] {processor.py:161} INFO - Processing /home/daniel/Documents/Alura/python_apache_airflow_pipeline/venv/lib/python3.9/site-packages/airflow/example_dags/example_nested_branch_dag.py took 0.130 seconds
[2025-01-05 09:57:10,021] {processor.py:153} INFO - Started process (PID=4867) to work on /home/daniel/Documents/Alura/python_apache_airflow_pipeline/venv/lib/python3.9/site-packages/airflow/example_dags/example_nested_branch_dag.py
[2025-01-05 09:57:10,022] {processor.py:641} INFO - Processing file /home/daniel/Documents/Alura/python_apache_airflow_pipeline/venv/lib/python3.9/site-packages/airflow/example_dags/example_nested_branch_dag.py for tasks to queue
[2025-01-05 09:57:10,022] {logging_mixin.py:115} INFO - [2025-01-05 09:57:10,022] {dagbag.py:507} INFO - Filling up the DagBag from /home/daniel/Documents/Alura/python_apache_airflow_pipeline/venv/lib/python3.9/site-packages/airflow/example_dags/example_nested_branch_dag.py
[2025-01-05 09:57:10,059] {processor.py:651} INFO - DAG(s) dict_keys(['example_nested_branch_dag']) retrieved from /home/daniel/Documents/Alura/python_apache_airflow_pipeline/venv/lib/python3.9/site-packages/airflow/example_dags/example_nested_branch_dag.py
[2025-01-05 09:57:10,091] {logging_mixin.py:115} INFO - [2025-01-05 09:57:10,091] {dag.py:2379} INFO - Sync 1 DAGs
[2025-01-05 09:57:10,146] {logging_mixin.py:115} INFO - [2025-01-05 09:57:10,145] {dag.py:2927} INFO - Setting next_dagrun for example_nested_branch_dag to 2025-01-04T00:00:00+00:00, run_after=2025-01-05T00:00:00+00:00
[2025-01-05 09:57:10,186] {processor.py:161} INFO - Processing /home/daniel/Documents/Alura/python_apache_airflow_pipeline/venv/lib/python3.9/site-packages/airflow/example_dags/example_nested_branch_dag.py took 0.173 seconds
[2025-01-05 09:58:30,683] {processor.py:153} INFO - Started process (PID=5676) to work on /home/daniel/Documents/Alura/python_apache_airflow_pipeline/venv/lib/python3.9/site-packages/airflow/example_dags/example_nested_branch_dag.py
[2025-01-05 09:58:30,689] {processor.py:641} INFO - Processing file /home/daniel/Documents/Alura/python_apache_airflow_pipeline/venv/lib/python3.9/site-packages/airflow/example_dags/example_nested_branch_dag.py for tasks to queue
[2025-01-05 09:58:30,691] {logging_mixin.py:115} INFO - [2025-01-05 09:58:30,691] {dagbag.py:507} INFO - Filling up the DagBag from /home/daniel/Documents/Alura/python_apache_airflow_pipeline/venv/lib/python3.9/site-packages/airflow/example_dags/example_nested_branch_dag.py
[2025-01-05 09:58:30,722] {processor.py:651} INFO - DAG(s) dict_keys(['example_nested_branch_dag']) retrieved from /home/daniel/Documents/Alura/python_apache_airflow_pipeline/venv/lib/python3.9/site-packages/airflow/example_dags/example_nested_branch_dag.py
[2025-01-05 09:58:30,774] {logging_mixin.py:115} INFO - [2025-01-05 09:58:30,774] {dag.py:2379} INFO - Sync 1 DAGs
[2025-01-05 09:58:30,837] {logging_mixin.py:115} INFO - [2025-01-05 09:58:30,835] {dag.py:2927} INFO - Setting next_dagrun for example_nested_branch_dag to 2025-01-04T00:00:00+00:00, run_after=2025-01-05T00:00:00+00:00
[2025-01-05 09:58:30,866] {processor.py:161} INFO - Processing /home/daniel/Documents/Alura/python_apache_airflow_pipeline/venv/lib/python3.9/site-packages/airflow/example_dags/example_nested_branch_dag.py took 0.198 seconds
[2025-01-05 09:59:52,645] {processor.py:153} INFO - Started process (PID=6551) to work on /home/daniel/Documents/Alura/python_apache_airflow_pipeline/venv/lib/python3.9/site-packages/airflow/example_dags/example_nested_branch_dag.py
[2025-01-05 09:59:52,649] {processor.py:641} INFO - Processing file /home/daniel/Documents/Alura/python_apache_airflow_pipeline/venv/lib/python3.9/site-packages/airflow/example_dags/example_nested_branch_dag.py for tasks to queue
[2025-01-05 09:59:52,650] {logging_mixin.py:115} INFO - [2025-01-05 09:59:52,650] {dagbag.py:507} INFO - Filling up the DagBag from /home/daniel/Documents/Alura/python_apache_airflow_pipeline/venv/lib/python3.9/site-packages/airflow/example_dags/example_nested_branch_dag.py
[2025-01-05 09:59:52,677] {processor.py:651} INFO - DAG(s) dict_keys(['example_nested_branch_dag']) retrieved from /home/daniel/Documents/Alura/python_apache_airflow_pipeline/venv/lib/python3.9/site-packages/airflow/example_dags/example_nested_branch_dag.py
[2025-01-05 09:59:52,722] {logging_mixin.py:115} INFO - [2025-01-05 09:59:52,722] {dag.py:2379} INFO - Sync 1 DAGs
[2025-01-05 09:59:52,765] {logging_mixin.py:115} INFO - [2025-01-05 09:59:52,763] {dag.py:2927} INFO - Setting next_dagrun for example_nested_branch_dag to 2025-01-04T00:00:00+00:00, run_after=2025-01-05T00:00:00+00:00
[2025-01-05 09:59:52,799] {processor.py:161} INFO - Processing /home/daniel/Documents/Alura/python_apache_airflow_pipeline/venv/lib/python3.9/site-packages/airflow/example_dags/example_nested_branch_dag.py took 0.165 seconds
[2025-01-05 10:00:40,038] {processor.py:153} INFO - Started process (PID=6828) to work on /home/daniel/Documents/Alura/python_apache_airflow_pipeline/venv/lib/python3.9/site-packages/airflow/example_dags/example_nested_branch_dag.py
[2025-01-05 10:00:40,045] {processor.py:641} INFO - Processing file /home/daniel/Documents/Alura/python_apache_airflow_pipeline/venv/lib/python3.9/site-packages/airflow/example_dags/example_nested_branch_dag.py for tasks to queue
[2025-01-05 10:00:40,046] {logging_mixin.py:115} INFO - [2025-01-05 10:00:40,046] {dagbag.py:507} INFO - Filling up the DagBag from /home/daniel/Documents/Alura/python_apache_airflow_pipeline/venv/lib/python3.9/site-packages/airflow/example_dags/example_nested_branch_dag.py
[2025-01-05 10:00:40,077] {processor.py:651} INFO - DAG(s) dict_keys(['example_nested_branch_dag']) retrieved from /home/daniel/Documents/Alura/python_apache_airflow_pipeline/venv/lib/python3.9/site-packages/airflow/example_dags/example_nested_branch_dag.py
[2025-01-05 10:00:40,126] {logging_mixin.py:115} INFO - [2025-01-05 10:00:40,126] {dag.py:2379} INFO - Sync 1 DAGs
[2025-01-05 10:00:40,170] {logging_mixin.py:115} INFO - [2025-01-05 10:00:40,170] {dag.py:2927} INFO - Setting next_dagrun for example_nested_branch_dag to 2025-01-04T00:00:00+00:00, run_after=2025-01-05T00:00:00+00:00
[2025-01-05 10:00:40,198] {processor.py:161} INFO - Processing /home/daniel/Documents/Alura/python_apache_airflow_pipeline/venv/lib/python3.9/site-packages/airflow/example_dags/example_nested_branch_dag.py took 0.176 seconds
[2025-01-05 10:03:17,529] {processor.py:153} INFO - Started process (PID=7948) to work on /home/daniel/Documents/Alura/python_apache_airflow_pipeline/venv/lib/python3.9/site-packages/airflow/example_dags/example_nested_branch_dag.py
[2025-01-05 10:03:17,530] {processor.py:641} INFO - Processing file /home/daniel/Documents/Alura/python_apache_airflow_pipeline/venv/lib/python3.9/site-packages/airflow/example_dags/example_nested_branch_dag.py for tasks to queue
[2025-01-05 10:03:17,533] {logging_mixin.py:115} INFO - [2025-01-05 10:03:17,533] {dagbag.py:507} INFO - Filling up the DagBag from /home/daniel/Documents/Alura/python_apache_airflow_pipeline/venv/lib/python3.9/site-packages/airflow/example_dags/example_nested_branch_dag.py
[2025-01-05 10:03:17,601] {processor.py:651} INFO - DAG(s) dict_keys(['example_nested_branch_dag']) retrieved from /home/daniel/Documents/Alura/python_apache_airflow_pipeline/venv/lib/python3.9/site-packages/airflow/example_dags/example_nested_branch_dag.py
[2025-01-05 10:03:17,669] {logging_mixin.py:115} INFO - [2025-01-05 10:03:17,669] {dag.py:2379} INFO - Sync 1 DAGs
[2025-01-05 10:03:17,769] {logging_mixin.py:115} INFO - [2025-01-05 10:03:17,769] {dag.py:2927} INFO - Setting next_dagrun for example_nested_branch_dag to 2025-01-04T00:00:00+00:00, run_after=2025-01-05T00:00:00+00:00
[2025-01-05 10:03:17,849] {processor.py:161} INFO - Processing /home/daniel/Documents/Alura/python_apache_airflow_pipeline/venv/lib/python3.9/site-packages/airflow/example_dags/example_nested_branch_dag.py took 0.328 seconds
[2025-01-05 10:04:12,562] {processor.py:153} INFO - Started process (PID=8177) to work on /home/daniel/Documents/Alura/python_apache_airflow_pipeline/venv/lib/python3.9/site-packages/airflow/example_dags/example_nested_branch_dag.py
[2025-01-05 10:04:12,565] {processor.py:641} INFO - Processing file /home/daniel/Documents/Alura/python_apache_airflow_pipeline/venv/lib/python3.9/site-packages/airflow/example_dags/example_nested_branch_dag.py for tasks to queue
[2025-01-05 10:04:12,573] {logging_mixin.py:115} INFO - [2025-01-05 10:04:12,570] {dagbag.py:507} INFO - Filling up the DagBag from /home/daniel/Documents/Alura/python_apache_airflow_pipeline/venv/lib/python3.9/site-packages/airflow/example_dags/example_nested_branch_dag.py
[2025-01-05 10:04:12,626] {processor.py:651} INFO - DAG(s) dict_keys(['example_nested_branch_dag']) retrieved from /home/daniel/Documents/Alura/python_apache_airflow_pipeline/venv/lib/python3.9/site-packages/airflow/example_dags/example_nested_branch_dag.py
[2025-01-05 10:04:12,741] {logging_mixin.py:115} INFO - [2025-01-05 10:04:12,738] {dag.py:2379} INFO - Sync 1 DAGs
[2025-01-05 10:04:12,830] {logging_mixin.py:115} INFO - [2025-01-05 10:04:12,829] {dag.py:2927} INFO - Setting next_dagrun for example_nested_branch_dag to 2025-01-04T00:00:00+00:00, run_after=2025-01-05T00:00:00+00:00
[2025-01-05 10:04:12,901] {processor.py:161} INFO - Processing /home/daniel/Documents/Alura/python_apache_airflow_pipeline/venv/lib/python3.9/site-packages/airflow/example_dags/example_nested_branch_dag.py took 0.360 seconds
[2025-01-05 10:05:12,465] {processor.py:153} INFO - Started process (PID=8248) to work on /home/daniel/Documents/Alura/python_apache_airflow_pipeline/venv/lib/python3.9/site-packages/airflow/example_dags/example_nested_branch_dag.py
[2025-01-05 10:05:12,473] {processor.py:641} INFO - Processing file /home/daniel/Documents/Alura/python_apache_airflow_pipeline/venv/lib/python3.9/site-packages/airflow/example_dags/example_nested_branch_dag.py for tasks to queue
[2025-01-05 10:05:12,485] {logging_mixin.py:115} INFO - [2025-01-05 10:05:12,481] {dagbag.py:507} INFO - Filling up the DagBag from /home/daniel/Documents/Alura/python_apache_airflow_pipeline/venv/lib/python3.9/site-packages/airflow/example_dags/example_nested_branch_dag.py
[2025-01-05 10:05:12,565] {processor.py:651} INFO - DAG(s) dict_keys(['example_nested_branch_dag']) retrieved from /home/daniel/Documents/Alura/python_apache_airflow_pipeline/venv/lib/python3.9/site-packages/airflow/example_dags/example_nested_branch_dag.py
[2025-01-05 10:05:12,677] {logging_mixin.py:115} INFO - [2025-01-05 10:05:12,673] {dag.py:2379} INFO - Sync 1 DAGs
[2025-01-05 10:05:12,841] {logging_mixin.py:115} INFO - [2025-01-05 10:05:12,837] {dag.py:2927} INFO - Setting next_dagrun for example_nested_branch_dag to 2025-01-04T00:00:00+00:00, run_after=2025-01-05T00:00:00+00:00
[2025-01-05 10:05:13,105] {processor.py:161} INFO - Processing /home/daniel/Documents/Alura/python_apache_airflow_pipeline/venv/lib/python3.9/site-packages/airflow/example_dags/example_nested_branch_dag.py took 0.672 seconds
[2025-01-05 10:16:44,113] {processor.py:153} INFO - Started process (PID=9310) to work on /home/daniel/Documents/Alura/python_apache_airflow_pipeline/venv/lib/python3.9/site-packages/airflow/example_dags/example_nested_branch_dag.py
[2025-01-05 10:16:44,117] {processor.py:641} INFO - Processing file /home/daniel/Documents/Alura/python_apache_airflow_pipeline/venv/lib/python3.9/site-packages/airflow/example_dags/example_nested_branch_dag.py for tasks to queue
[2025-01-05 10:16:44,118] {logging_mixin.py:115} INFO - [2025-01-05 10:16:44,118] {dagbag.py:507} INFO - Filling up the DagBag from /home/daniel/Documents/Alura/python_apache_airflow_pipeline/venv/lib/python3.9/site-packages/airflow/example_dags/example_nested_branch_dag.py
[2025-01-05 10:16:44,125] {processor.py:651} INFO - DAG(s) dict_keys(['example_nested_branch_dag']) retrieved from /home/daniel/Documents/Alura/python_apache_airflow_pipeline/venv/lib/python3.9/site-packages/airflow/example_dags/example_nested_branch_dag.py
[2025-01-05 10:16:44,138] {logging_mixin.py:115} INFO - [2025-01-05 10:16:44,138] {dag.py:2379} INFO - Sync 1 DAGs
[2025-01-05 10:16:44,151] {logging_mixin.py:115} INFO - [2025-01-05 10:16:44,151] {dag.py:2927} INFO - Setting next_dagrun for example_nested_branch_dag to 2025-01-04T00:00:00+00:00, run_after=2025-01-05T00:00:00+00:00
[2025-01-05 10:16:44,162] {processor.py:161} INFO - Processing /home/daniel/Documents/Alura/python_apache_airflow_pipeline/venv/lib/python3.9/site-packages/airflow/example_dags/example_nested_branch_dag.py took 0.052 seconds
[2025-01-05 10:17:20,469] {processor.py:153} INFO - Started process (PID=9662) to work on /home/daniel/Documents/Alura/python_apache_airflow_pipeline/venv/lib/python3.9/site-packages/airflow/example_dags/example_nested_branch_dag.py
[2025-01-05 10:17:20,471] {processor.py:641} INFO - Processing file /home/daniel/Documents/Alura/python_apache_airflow_pipeline/venv/lib/python3.9/site-packages/airflow/example_dags/example_nested_branch_dag.py for tasks to queue
[2025-01-05 10:17:20,472] {logging_mixin.py:115} INFO - [2025-01-05 10:17:20,472] {dagbag.py:507} INFO - Filling up the DagBag from /home/daniel/Documents/Alura/python_apache_airflow_pipeline/venv/lib/python3.9/site-packages/airflow/example_dags/example_nested_branch_dag.py
[2025-01-05 10:17:20,485] {processor.py:651} INFO - DAG(s) dict_keys(['example_nested_branch_dag']) retrieved from /home/daniel/Documents/Alura/python_apache_airflow_pipeline/venv/lib/python3.9/site-packages/airflow/example_dags/example_nested_branch_dag.py
[2025-01-05 10:17:20,504] {logging_mixin.py:115} INFO - [2025-01-05 10:17:20,504] {dag.py:2379} INFO - Sync 1 DAGs
[2025-01-05 10:17:20,533] {logging_mixin.py:115} INFO - [2025-01-05 10:17:20,533] {dag.py:2927} INFO - Setting next_dagrun for example_nested_branch_dag to 2025-01-04T00:00:00+00:00, run_after=2025-01-05T00:00:00+00:00
[2025-01-05 10:17:20,556] {processor.py:161} INFO - Processing /home/daniel/Documents/Alura/python_apache_airflow_pipeline/venv/lib/python3.9/site-packages/airflow/example_dags/example_nested_branch_dag.py took 0.091 seconds
[2025-01-05 10:17:56,800] {processor.py:153} INFO - Started process (PID=9858) to work on /home/daniel/Documents/Alura/python_apache_airflow_pipeline/venv/lib/python3.9/site-packages/airflow/example_dags/example_nested_branch_dag.py
[2025-01-05 10:17:56,801] {processor.py:641} INFO - Processing file /home/daniel/Documents/Alura/python_apache_airflow_pipeline/venv/lib/python3.9/site-packages/airflow/example_dags/example_nested_branch_dag.py for tasks to queue
[2025-01-05 10:17:56,802] {logging_mixin.py:115} INFO - [2025-01-05 10:17:56,802] {dagbag.py:507} INFO - Filling up the DagBag from /home/daniel/Documents/Alura/python_apache_airflow_pipeline/venv/lib/python3.9/site-packages/airflow/example_dags/example_nested_branch_dag.py
[2025-01-05 10:17:56,810] {processor.py:651} INFO - DAG(s) dict_keys(['example_nested_branch_dag']) retrieved from /home/daniel/Documents/Alura/python_apache_airflow_pipeline/venv/lib/python3.9/site-packages/airflow/example_dags/example_nested_branch_dag.py
[2025-01-05 10:17:56,823] {logging_mixin.py:115} INFO - [2025-01-05 10:17:56,823] {dag.py:2379} INFO - Sync 1 DAGs
[2025-01-05 10:17:56,837] {logging_mixin.py:115} INFO - [2025-01-05 10:17:56,837] {dag.py:2927} INFO - Setting next_dagrun for example_nested_branch_dag to 2025-01-04T00:00:00+00:00, run_after=2025-01-05T00:00:00+00:00
[2025-01-05 10:17:56,848] {processor.py:161} INFO - Processing /home/daniel/Documents/Alura/python_apache_airflow_pipeline/venv/lib/python3.9/site-packages/airflow/example_dags/example_nested_branch_dag.py took 0.050 seconds
[2025-01-05 10:18:33,379] {processor.py:153} INFO - Started process (PID=10065) to work on /home/daniel/Documents/Alura/python_apache_airflow_pipeline/venv/lib/python3.9/site-packages/airflow/example_dags/example_nested_branch_dag.py
[2025-01-05 10:18:33,380] {processor.py:641} INFO - Processing file /home/daniel/Documents/Alura/python_apache_airflow_pipeline/venv/lib/python3.9/site-packages/airflow/example_dags/example_nested_branch_dag.py for tasks to queue
[2025-01-05 10:18:33,380] {logging_mixin.py:115} INFO - [2025-01-05 10:18:33,380] {dagbag.py:507} INFO - Filling up the DagBag from /home/daniel/Documents/Alura/python_apache_airflow_pipeline/venv/lib/python3.9/site-packages/airflow/example_dags/example_nested_branch_dag.py
[2025-01-05 10:18:33,389] {processor.py:651} INFO - DAG(s) dict_keys(['example_nested_branch_dag']) retrieved from /home/daniel/Documents/Alura/python_apache_airflow_pipeline/venv/lib/python3.9/site-packages/airflow/example_dags/example_nested_branch_dag.py
[2025-01-05 10:18:33,404] {logging_mixin.py:115} INFO - [2025-01-05 10:18:33,404] {dag.py:2379} INFO - Sync 1 DAGs
[2025-01-05 10:18:33,421] {logging_mixin.py:115} INFO - [2025-01-05 10:18:33,421] {dag.py:2927} INFO - Setting next_dagrun for example_nested_branch_dag to 2025-01-04T00:00:00+00:00, run_after=2025-01-05T00:00:00+00:00
[2025-01-05 10:18:33,432] {processor.py:161} INFO - Processing /home/daniel/Documents/Alura/python_apache_airflow_pipeline/venv/lib/python3.9/site-packages/airflow/example_dags/example_nested_branch_dag.py took 0.056 seconds
[2025-01-05 10:19:13,346] {processor.py:153} INFO - Started process (PID=10404) to work on /home/daniel/Documents/Alura/python_apache_airflow_pipeline/venv/lib/python3.9/site-packages/airflow/example_dags/example_nested_branch_dag.py
[2025-01-05 10:19:13,348] {processor.py:641} INFO - Processing file /home/daniel/Documents/Alura/python_apache_airflow_pipeline/venv/lib/python3.9/site-packages/airflow/example_dags/example_nested_branch_dag.py for tasks to queue
[2025-01-05 10:19:13,348] {logging_mixin.py:115} INFO - [2025-01-05 10:19:13,348] {dagbag.py:507} INFO - Filling up the DagBag from /home/daniel/Documents/Alura/python_apache_airflow_pipeline/venv/lib/python3.9/site-packages/airflow/example_dags/example_nested_branch_dag.py
[2025-01-05 10:19:13,364] {processor.py:651} INFO - DAG(s) dict_keys(['example_nested_branch_dag']) retrieved from /home/daniel/Documents/Alura/python_apache_airflow_pipeline/venv/lib/python3.9/site-packages/airflow/example_dags/example_nested_branch_dag.py
[2025-01-05 10:19:13,387] {logging_mixin.py:115} INFO - [2025-01-05 10:19:13,387] {dag.py:2379} INFO - Sync 1 DAGs
[2025-01-05 10:19:13,409] {logging_mixin.py:115} INFO - [2025-01-05 10:19:13,409] {dag.py:2927} INFO - Setting next_dagrun for example_nested_branch_dag to 2025-01-04T00:00:00+00:00, run_after=2025-01-05T00:00:00+00:00
[2025-01-05 10:19:13,424] {processor.py:161} INFO - Processing /home/daniel/Documents/Alura/python_apache_airflow_pipeline/venv/lib/python3.9/site-packages/airflow/example_dags/example_nested_branch_dag.py took 0.081 seconds
[2025-01-05 10:19:57,383] {processor.py:153} INFO - Started process (PID=10679) to work on /home/daniel/Documents/Alura/python_apache_airflow_pipeline/venv/lib/python3.9/site-packages/airflow/example_dags/example_nested_branch_dag.py
[2025-01-05 10:19:57,384] {processor.py:641} INFO - Processing file /home/daniel/Documents/Alura/python_apache_airflow_pipeline/venv/lib/python3.9/site-packages/airflow/example_dags/example_nested_branch_dag.py for tasks to queue
[2025-01-05 10:19:57,386] {logging_mixin.py:115} INFO - [2025-01-05 10:19:57,386] {dagbag.py:507} INFO - Filling up the DagBag from /home/daniel/Documents/Alura/python_apache_airflow_pipeline/venv/lib/python3.9/site-packages/airflow/example_dags/example_nested_branch_dag.py
[2025-01-05 10:19:57,399] {processor.py:651} INFO - DAG(s) dict_keys(['example_nested_branch_dag']) retrieved from /home/daniel/Documents/Alura/python_apache_airflow_pipeline/venv/lib/python3.9/site-packages/airflow/example_dags/example_nested_branch_dag.py
[2025-01-05 10:19:57,419] {logging_mixin.py:115} INFO - [2025-01-05 10:19:57,419] {dag.py:2379} INFO - Sync 1 DAGs
[2025-01-05 10:19:57,442] {logging_mixin.py:115} INFO - [2025-01-05 10:19:57,442] {dag.py:2927} INFO - Setting next_dagrun for example_nested_branch_dag to 2025-01-04T00:00:00+00:00, run_after=2025-01-05T00:00:00+00:00
[2025-01-05 10:19:57,460] {processor.py:161} INFO - Processing /home/daniel/Documents/Alura/python_apache_airflow_pipeline/venv/lib/python3.9/site-packages/airflow/example_dags/example_nested_branch_dag.py took 0.080 seconds
[2025-01-05 10:20:45,491] {processor.py:153} INFO - Started process (PID=11015) to work on /home/daniel/Documents/Alura/python_apache_airflow_pipeline/venv/lib/python3.9/site-packages/airflow/example_dags/example_nested_branch_dag.py
[2025-01-05 10:20:45,493] {processor.py:641} INFO - Processing file /home/daniel/Documents/Alura/python_apache_airflow_pipeline/venv/lib/python3.9/site-packages/airflow/example_dags/example_nested_branch_dag.py for tasks to queue
[2025-01-05 10:20:45,495] {logging_mixin.py:115} INFO - [2025-01-05 10:20:45,494] {dagbag.py:507} INFO - Filling up the DagBag from /home/daniel/Documents/Alura/python_apache_airflow_pipeline/venv/lib/python3.9/site-packages/airflow/example_dags/example_nested_branch_dag.py
[2025-01-05 10:20:45,517] {processor.py:651} INFO - DAG(s) dict_keys(['example_nested_branch_dag']) retrieved from /home/daniel/Documents/Alura/python_apache_airflow_pipeline/venv/lib/python3.9/site-packages/airflow/example_dags/example_nested_branch_dag.py
[2025-01-05 10:20:45,563] {logging_mixin.py:115} INFO - [2025-01-05 10:20:45,562] {dag.py:2379} INFO - Sync 1 DAGs
[2025-01-05 10:20:45,611] {logging_mixin.py:115} INFO - [2025-01-05 10:20:45,611] {dag.py:2927} INFO - Setting next_dagrun for example_nested_branch_dag to 2025-01-04T00:00:00+00:00, run_after=2025-01-05T00:00:00+00:00
[2025-01-05 10:20:45,632] {processor.py:161} INFO - Processing /home/daniel/Documents/Alura/python_apache_airflow_pipeline/venv/lib/python3.9/site-packages/airflow/example_dags/example_nested_branch_dag.py took 0.148 seconds
[2025-01-05 10:22:14,659] {processor.py:153} INFO - Started process (PID=12205) to work on /home/daniel/Documents/Alura/python_apache_airflow_pipeline/venv/lib/python3.9/site-packages/airflow/example_dags/example_nested_branch_dag.py
[2025-01-05 10:22:14,662] {processor.py:641} INFO - Processing file /home/daniel/Documents/Alura/python_apache_airflow_pipeline/venv/lib/python3.9/site-packages/airflow/example_dags/example_nested_branch_dag.py for tasks to queue
[2025-01-05 10:22:14,662] {logging_mixin.py:115} INFO - [2025-01-05 10:22:14,662] {dagbag.py:507} INFO - Filling up the DagBag from /home/daniel/Documents/Alura/python_apache_airflow_pipeline/venv/lib/python3.9/site-packages/airflow/example_dags/example_nested_branch_dag.py
[2025-01-05 10:22:14,680] {processor.py:651} INFO - DAG(s) dict_keys(['example_nested_branch_dag']) retrieved from /home/daniel/Documents/Alura/python_apache_airflow_pipeline/venv/lib/python3.9/site-packages/airflow/example_dags/example_nested_branch_dag.py
[2025-01-05 10:22:14,716] {logging_mixin.py:115} INFO - [2025-01-05 10:22:14,715] {dag.py:2379} INFO - Sync 1 DAGs
[2025-01-05 10:22:14,770] {logging_mixin.py:115} INFO - [2025-01-05 10:22:14,770] {dag.py:2927} INFO - Setting next_dagrun for example_nested_branch_dag to 2025-01-04T00:00:00+00:00, run_after=2025-01-05T00:00:00+00:00
[2025-01-05 10:22:14,811] {processor.py:161} INFO - Processing /home/daniel/Documents/Alura/python_apache_airflow_pipeline/venv/lib/python3.9/site-packages/airflow/example_dags/example_nested_branch_dag.py took 0.159 seconds
[2025-01-05 10:22:56,488] {processor.py:153} INFO - Started process (PID=12676) to work on /home/daniel/Documents/Alura/python_apache_airflow_pipeline/venv/lib/python3.9/site-packages/airflow/example_dags/example_nested_branch_dag.py
[2025-01-05 10:22:56,495] {processor.py:641} INFO - Processing file /home/daniel/Documents/Alura/python_apache_airflow_pipeline/venv/lib/python3.9/site-packages/airflow/example_dags/example_nested_branch_dag.py for tasks to queue
[2025-01-05 10:22:56,499] {logging_mixin.py:115} INFO - [2025-01-05 10:22:56,499] {dagbag.py:507} INFO - Filling up the DagBag from /home/daniel/Documents/Alura/python_apache_airflow_pipeline/venv/lib/python3.9/site-packages/airflow/example_dags/example_nested_branch_dag.py
[2025-01-05 10:22:56,538] {processor.py:651} INFO - DAG(s) dict_keys(['example_nested_branch_dag']) retrieved from /home/daniel/Documents/Alura/python_apache_airflow_pipeline/venv/lib/python3.9/site-packages/airflow/example_dags/example_nested_branch_dag.py
[2025-01-05 10:22:56,582] {logging_mixin.py:115} INFO - [2025-01-05 10:22:56,582] {dag.py:2379} INFO - Sync 1 DAGs
[2025-01-05 10:22:56,619] {logging_mixin.py:115} INFO - [2025-01-05 10:22:56,619] {dag.py:2927} INFO - Setting next_dagrun for example_nested_branch_dag to 2025-01-04T00:00:00+00:00, run_after=2025-01-05T00:00:00+00:00
[2025-01-05 10:22:56,643] {processor.py:161} INFO - Processing /home/daniel/Documents/Alura/python_apache_airflow_pipeline/venv/lib/python3.9/site-packages/airflow/example_dags/example_nested_branch_dag.py took 0.160 seconds
[2025-01-05 10:23:40,904] {processor.py:153} INFO - Started process (PID=13023) to work on /home/daniel/Documents/Alura/python_apache_airflow_pipeline/venv/lib/python3.9/site-packages/airflow/example_dags/example_nested_branch_dag.py
[2025-01-05 10:23:40,907] {processor.py:641} INFO - Processing file /home/daniel/Documents/Alura/python_apache_airflow_pipeline/venv/lib/python3.9/site-packages/airflow/example_dags/example_nested_branch_dag.py for tasks to queue
[2025-01-05 10:23:40,910] {logging_mixin.py:115} INFO - [2025-01-05 10:23:40,910] {dagbag.py:507} INFO - Filling up the DagBag from /home/daniel/Documents/Alura/python_apache_airflow_pipeline/venv/lib/python3.9/site-packages/airflow/example_dags/example_nested_branch_dag.py
[2025-01-05 10:23:40,931] {processor.py:651} INFO - DAG(s) dict_keys(['example_nested_branch_dag']) retrieved from /home/daniel/Documents/Alura/python_apache_airflow_pipeline/venv/lib/python3.9/site-packages/airflow/example_dags/example_nested_branch_dag.py
[2025-01-05 10:23:40,968] {logging_mixin.py:115} INFO - [2025-01-05 10:23:40,967] {dag.py:2379} INFO - Sync 1 DAGs
[2025-01-05 10:23:41,008] {logging_mixin.py:115} INFO - [2025-01-05 10:23:41,007] {dag.py:2927} INFO - Setting next_dagrun for example_nested_branch_dag to 2025-01-04T00:00:00+00:00, run_after=2025-01-05T00:00:00+00:00
[2025-01-05 10:23:41,032] {processor.py:161} INFO - Processing /home/daniel/Documents/Alura/python_apache_airflow_pipeline/venv/lib/python3.9/site-packages/airflow/example_dags/example_nested_branch_dag.py took 0.133 seconds
[2025-01-05 10:24:25,572] {processor.py:153} INFO - Started process (PID=13401) to work on /home/daniel/Documents/Alura/python_apache_airflow_pipeline/venv/lib/python3.9/site-packages/airflow/example_dags/example_nested_branch_dag.py
[2025-01-05 10:24:25,579] {processor.py:641} INFO - Processing file /home/daniel/Documents/Alura/python_apache_airflow_pipeline/venv/lib/python3.9/site-packages/airflow/example_dags/example_nested_branch_dag.py for tasks to queue
[2025-01-05 10:24:25,579] {logging_mixin.py:115} INFO - [2025-01-05 10:24:25,579] {dagbag.py:507} INFO - Filling up the DagBag from /home/daniel/Documents/Alura/python_apache_airflow_pipeline/venv/lib/python3.9/site-packages/airflow/example_dags/example_nested_branch_dag.py
[2025-01-05 10:24:25,616] {processor.py:651} INFO - DAG(s) dict_keys(['example_nested_branch_dag']) retrieved from /home/daniel/Documents/Alura/python_apache_airflow_pipeline/venv/lib/python3.9/site-packages/airflow/example_dags/example_nested_branch_dag.py
[2025-01-05 10:24:25,667] {logging_mixin.py:115} INFO - [2025-01-05 10:24:25,667] {dag.py:2379} INFO - Sync 1 DAGs
[2025-01-05 10:24:25,706] {logging_mixin.py:115} INFO - [2025-01-05 10:24:25,706] {dag.py:2927} INFO - Setting next_dagrun for example_nested_branch_dag to 2025-01-04T00:00:00+00:00, run_after=2025-01-05T00:00:00+00:00
[2025-01-05 10:24:25,742] {processor.py:161} INFO - Processing /home/daniel/Documents/Alura/python_apache_airflow_pipeline/venv/lib/python3.9/site-packages/airflow/example_dags/example_nested_branch_dag.py took 0.175 seconds
[2025-01-05 10:25:19,771] {processor.py:153} INFO - Started process (PID=13865) to work on /home/daniel/Documents/Alura/python_apache_airflow_pipeline/venv/lib/python3.9/site-packages/airflow/example_dags/example_nested_branch_dag.py
[2025-01-05 10:25:19,775] {processor.py:641} INFO - Processing file /home/daniel/Documents/Alura/python_apache_airflow_pipeline/venv/lib/python3.9/site-packages/airflow/example_dags/example_nested_branch_dag.py for tasks to queue
[2025-01-05 10:25:19,778] {logging_mixin.py:115} INFO - [2025-01-05 10:25:19,775] {dagbag.py:507} INFO - Filling up the DagBag from /home/daniel/Documents/Alura/python_apache_airflow_pipeline/venv/lib/python3.9/site-packages/airflow/example_dags/example_nested_branch_dag.py
[2025-01-05 10:25:19,810] {processor.py:651} INFO - DAG(s) dict_keys(['example_nested_branch_dag']) retrieved from /home/daniel/Documents/Alura/python_apache_airflow_pipeline/venv/lib/python3.9/site-packages/airflow/example_dags/example_nested_branch_dag.py
[2025-01-05 10:25:19,880] {logging_mixin.py:115} INFO - [2025-01-05 10:25:19,880] {dag.py:2379} INFO - Sync 1 DAGs
[2025-01-05 10:25:19,946] {logging_mixin.py:115} INFO - [2025-01-05 10:25:19,946] {dag.py:2927} INFO - Setting next_dagrun for example_nested_branch_dag to 2025-01-04T00:00:00+00:00, run_after=2025-01-05T00:00:00+00:00
[2025-01-05 10:25:19,999] {processor.py:161} INFO - Processing /home/daniel/Documents/Alura/python_apache_airflow_pipeline/venv/lib/python3.9/site-packages/airflow/example_dags/example_nested_branch_dag.py took 0.237 seconds
[2025-01-05 10:26:19,515] {processor.py:153} INFO - Started process (PID=14116) to work on /home/daniel/Documents/Alura/python_apache_airflow_pipeline/venv/lib/python3.9/site-packages/airflow/example_dags/example_nested_branch_dag.py
[2025-01-05 10:26:19,526] {processor.py:641} INFO - Processing file /home/daniel/Documents/Alura/python_apache_airflow_pipeline/venv/lib/python3.9/site-packages/airflow/example_dags/example_nested_branch_dag.py for tasks to queue
[2025-01-05 10:26:19,527] {logging_mixin.py:115} INFO - [2025-01-05 10:26:19,527] {dagbag.py:507} INFO - Filling up the DagBag from /home/daniel/Documents/Alura/python_apache_airflow_pipeline/venv/lib/python3.9/site-packages/airflow/example_dags/example_nested_branch_dag.py
[2025-01-05 10:26:19,567] {processor.py:651} INFO - DAG(s) dict_keys(['example_nested_branch_dag']) retrieved from /home/daniel/Documents/Alura/python_apache_airflow_pipeline/venv/lib/python3.9/site-packages/airflow/example_dags/example_nested_branch_dag.py
[2025-01-05 10:26:19,663] {logging_mixin.py:115} INFO - [2025-01-05 10:26:19,662] {dag.py:2379} INFO - Sync 1 DAGs
[2025-01-05 10:26:19,739] {logging_mixin.py:115} INFO - [2025-01-05 10:26:19,739] {dag.py:2927} INFO - Setting next_dagrun for example_nested_branch_dag to 2025-01-04T00:00:00+00:00, run_after=2025-01-05T00:00:00+00:00
[2025-01-05 10:26:19,782] {processor.py:161} INFO - Processing /home/daniel/Documents/Alura/python_apache_airflow_pipeline/venv/lib/python3.9/site-packages/airflow/example_dags/example_nested_branch_dag.py took 0.279 seconds
[2025-01-05 10:27:24,231] {processor.py:153} INFO - Started process (PID=14722) to work on /home/daniel/Documents/Alura/python_apache_airflow_pipeline/venv/lib/python3.9/site-packages/airflow/example_dags/example_nested_branch_dag.py
[2025-01-05 10:27:24,235] {processor.py:641} INFO - Processing file /home/daniel/Documents/Alura/python_apache_airflow_pipeline/venv/lib/python3.9/site-packages/airflow/example_dags/example_nested_branch_dag.py for tasks to queue
[2025-01-05 10:27:24,243] {logging_mixin.py:115} INFO - [2025-01-05 10:27:24,239] {dagbag.py:507} INFO - Filling up the DagBag from /home/daniel/Documents/Alura/python_apache_airflow_pipeline/venv/lib/python3.9/site-packages/airflow/example_dags/example_nested_branch_dag.py
[2025-01-05 10:27:24,291] {processor.py:651} INFO - DAG(s) dict_keys(['example_nested_branch_dag']) retrieved from /home/daniel/Documents/Alura/python_apache_airflow_pipeline/venv/lib/python3.9/site-packages/airflow/example_dags/example_nested_branch_dag.py
[2025-01-05 10:27:24,359] {logging_mixin.py:115} INFO - [2025-01-05 10:27:24,359] {dag.py:2379} INFO - Sync 1 DAGs
[2025-01-05 10:27:24,431] {logging_mixin.py:115} INFO - [2025-01-05 10:27:24,430] {dag.py:2927} INFO - Setting next_dagrun for example_nested_branch_dag to 2025-01-04T00:00:00+00:00, run_after=2025-01-05T00:00:00+00:00
[2025-01-05 10:27:24,479] {processor.py:161} INFO - Processing /home/daniel/Documents/Alura/python_apache_airflow_pipeline/venv/lib/python3.9/site-packages/airflow/example_dags/example_nested_branch_dag.py took 0.268 seconds
[2025-01-05 10:28:19,170] {processor.py:153} INFO - Started process (PID=14856) to work on /home/daniel/Documents/Alura/python_apache_airflow_pipeline/venv/lib/python3.9/site-packages/airflow/example_dags/example_nested_branch_dag.py
[2025-01-05 10:28:19,178] {processor.py:641} INFO - Processing file /home/daniel/Documents/Alura/python_apache_airflow_pipeline/venv/lib/python3.9/site-packages/airflow/example_dags/example_nested_branch_dag.py for tasks to queue
[2025-01-05 10:28:19,179] {logging_mixin.py:115} INFO - [2025-01-05 10:28:19,179] {dagbag.py:507} INFO - Filling up the DagBag from /home/daniel/Documents/Alura/python_apache_airflow_pipeline/venv/lib/python3.9/site-packages/airflow/example_dags/example_nested_branch_dag.py
[2025-01-05 10:28:19,235] {processor.py:651} INFO - DAG(s) dict_keys(['example_nested_branch_dag']) retrieved from /home/daniel/Documents/Alura/python_apache_airflow_pipeline/venv/lib/python3.9/site-packages/airflow/example_dags/example_nested_branch_dag.py
[2025-01-05 10:28:19,302] {logging_mixin.py:115} INFO - [2025-01-05 10:28:19,302] {dag.py:2379} INFO - Sync 1 DAGs
[2025-01-05 10:28:19,402] {logging_mixin.py:115} INFO - [2025-01-05 10:28:19,402] {dag.py:2927} INFO - Setting next_dagrun for example_nested_branch_dag to 2025-01-04T00:00:00+00:00, run_after=2025-01-05T00:00:00+00:00
[2025-01-05 10:28:19,466] {processor.py:161} INFO - Processing /home/daniel/Documents/Alura/python_apache_airflow_pipeline/venv/lib/python3.9/site-packages/airflow/example_dags/example_nested_branch_dag.py took 0.312 seconds
[2025-01-05 10:29:44,026] {processor.py:153} INFO - Started process (PID=15446) to work on /home/daniel/Documents/Alura/python_apache_airflow_pipeline/venv/lib/python3.9/site-packages/airflow/example_dags/example_nested_branch_dag.py
[2025-01-05 10:29:44,034] {processor.py:641} INFO - Processing file /home/daniel/Documents/Alura/python_apache_airflow_pipeline/venv/lib/python3.9/site-packages/airflow/example_dags/example_nested_branch_dag.py for tasks to queue
[2025-01-05 10:29:44,042] {logging_mixin.py:115} INFO - [2025-01-05 10:29:44,038] {dagbag.py:507} INFO - Filling up the DagBag from /home/daniel/Documents/Alura/python_apache_airflow_pipeline/venv/lib/python3.9/site-packages/airflow/example_dags/example_nested_branch_dag.py
[2025-01-05 10:29:44,186] {processor.py:651} INFO - DAG(s) dict_keys(['example_nested_branch_dag']) retrieved from /home/daniel/Documents/Alura/python_apache_airflow_pipeline/venv/lib/python3.9/site-packages/airflow/example_dags/example_nested_branch_dag.py
[2025-01-05 10:29:44,374] {logging_mixin.py:115} INFO - [2025-01-05 10:29:44,374] {dag.py:2379} INFO - Sync 1 DAGs
[2025-01-05 10:29:44,702] {logging_mixin.py:115} INFO - [2025-01-05 10:29:44,698] {dag.py:2927} INFO - Setting next_dagrun for example_nested_branch_dag to 2025-01-04T00:00:00+00:00, run_after=2025-01-05T00:00:00+00:00
[2025-01-05 10:29:44,958] {processor.py:161} INFO - Processing /home/daniel/Documents/Alura/python_apache_airflow_pipeline/venv/lib/python3.9/site-packages/airflow/example_dags/example_nested_branch_dag.py took 0.972 seconds
[2025-01-05 10:32:05,375] {processor.py:153} INFO - Started process (PID=16018) to work on /home/daniel/Documents/Alura/python_apache_airflow_pipeline/venv/lib/python3.9/site-packages/airflow/example_dags/example_nested_branch_dag.py
[2025-01-05 10:32:05,379] {processor.py:641} INFO - Processing file /home/daniel/Documents/Alura/python_apache_airflow_pipeline/venv/lib/python3.9/site-packages/airflow/example_dags/example_nested_branch_dag.py for tasks to queue
[2025-01-05 10:32:05,380] {logging_mixin.py:115} INFO - [2025-01-05 10:32:05,380] {dagbag.py:507} INFO - Filling up the DagBag from /home/daniel/Documents/Alura/python_apache_airflow_pipeline/venv/lib/python3.9/site-packages/airflow/example_dags/example_nested_branch_dag.py
[2025-01-05 10:32:05,391] {processor.py:651} INFO - DAG(s) dict_keys(['example_nested_branch_dag']) retrieved from /home/daniel/Documents/Alura/python_apache_airflow_pipeline/venv/lib/python3.9/site-packages/airflow/example_dags/example_nested_branch_dag.py
[2025-01-05 10:32:05,410] {logging_mixin.py:115} INFO - [2025-01-05 10:32:05,410] {dag.py:2379} INFO - Sync 1 DAGs
[2025-01-05 10:32:05,432] {logging_mixin.py:115} INFO - [2025-01-05 10:32:05,432] {dag.py:2927} INFO - Setting next_dagrun for example_nested_branch_dag to 2025-01-04T00:00:00+00:00, run_after=2025-01-05T00:00:00+00:00
[2025-01-05 10:32:05,455] {processor.py:161} INFO - Processing /home/daniel/Documents/Alura/python_apache_airflow_pipeline/venv/lib/python3.9/site-packages/airflow/example_dags/example_nested_branch_dag.py took 0.084 seconds
[2025-01-05 10:32:40,512] {processor.py:153} INFO - Started process (PID=16377) to work on /home/daniel/Documents/Alura/python_apache_airflow_pipeline/venv/lib/python3.9/site-packages/airflow/example_dags/example_nested_branch_dag.py
[2025-01-05 10:32:40,514] {processor.py:641} INFO - Processing file /home/daniel/Documents/Alura/python_apache_airflow_pipeline/venv/lib/python3.9/site-packages/airflow/example_dags/example_nested_branch_dag.py for tasks to queue
[2025-01-05 10:32:40,514] {logging_mixin.py:115} INFO - [2025-01-05 10:32:40,514] {dagbag.py:507} INFO - Filling up the DagBag from /home/daniel/Documents/Alura/python_apache_airflow_pipeline/venv/lib/python3.9/site-packages/airflow/example_dags/example_nested_branch_dag.py
[2025-01-05 10:32:40,522] {processor.py:651} INFO - DAG(s) dict_keys(['example_nested_branch_dag']) retrieved from /home/daniel/Documents/Alura/python_apache_airflow_pipeline/venv/lib/python3.9/site-packages/airflow/example_dags/example_nested_branch_dag.py
[2025-01-05 10:32:40,535] {logging_mixin.py:115} INFO - [2025-01-05 10:32:40,535] {dag.py:2379} INFO - Sync 1 DAGs
[2025-01-05 10:32:40,548] {logging_mixin.py:115} INFO - [2025-01-05 10:32:40,548] {dag.py:2927} INFO - Setting next_dagrun for example_nested_branch_dag to 2025-01-04T00:00:00+00:00, run_after=2025-01-05T00:00:00+00:00
[2025-01-05 10:32:40,559] {processor.py:161} INFO - Processing /home/daniel/Documents/Alura/python_apache_airflow_pipeline/venv/lib/python3.9/site-packages/airflow/example_dags/example_nested_branch_dag.py took 0.050 seconds
[2025-01-05 10:33:24,726] {processor.py:153} INFO - Started process (PID=16751) to work on /home/daniel/Documents/Alura/python_apache_airflow_pipeline/venv/lib/python3.9/site-packages/airflow/example_dags/example_nested_branch_dag.py
[2025-01-05 10:33:24,728] {processor.py:641} INFO - Processing file /home/daniel/Documents/Alura/python_apache_airflow_pipeline/venv/lib/python3.9/site-packages/airflow/example_dags/example_nested_branch_dag.py for tasks to queue
[2025-01-05 10:33:24,728] {logging_mixin.py:115} INFO - [2025-01-05 10:33:24,728] {dagbag.py:507} INFO - Filling up the DagBag from /home/daniel/Documents/Alura/python_apache_airflow_pipeline/venv/lib/python3.9/site-packages/airflow/example_dags/example_nested_branch_dag.py
[2025-01-05 10:33:24,737] {processor.py:651} INFO - DAG(s) dict_keys(['example_nested_branch_dag']) retrieved from /home/daniel/Documents/Alura/python_apache_airflow_pipeline/venv/lib/python3.9/site-packages/airflow/example_dags/example_nested_branch_dag.py
[2025-01-05 10:33:24,751] {logging_mixin.py:115} INFO - [2025-01-05 10:33:24,751] {dag.py:2379} INFO - Sync 1 DAGs
[2025-01-05 10:33:24,768] {logging_mixin.py:115} INFO - [2025-01-05 10:33:24,768] {dag.py:2927} INFO - Setting next_dagrun for example_nested_branch_dag to 2025-01-04T00:00:00+00:00, run_after=2025-01-05T00:00:00+00:00
[2025-01-05 10:33:24,783] {processor.py:161} INFO - Processing /home/daniel/Documents/Alura/python_apache_airflow_pipeline/venv/lib/python3.9/site-packages/airflow/example_dags/example_nested_branch_dag.py took 0.060 seconds
[2025-01-05 10:34:00,883] {processor.py:153} INFO - Started process (PID=16794) to work on /home/daniel/Documents/Alura/python_apache_airflow_pipeline/venv/lib/python3.9/site-packages/airflow/example_dags/example_nested_branch_dag.py
[2025-01-05 10:34:00,884] {processor.py:641} INFO - Processing file /home/daniel/Documents/Alura/python_apache_airflow_pipeline/venv/lib/python3.9/site-packages/airflow/example_dags/example_nested_branch_dag.py for tasks to queue
[2025-01-05 10:34:00,885] {logging_mixin.py:115} INFO - [2025-01-05 10:34:00,885] {dagbag.py:507} INFO - Filling up the DagBag from /home/daniel/Documents/Alura/python_apache_airflow_pipeline/venv/lib/python3.9/site-packages/airflow/example_dags/example_nested_branch_dag.py
[2025-01-05 10:34:00,893] {processor.py:651} INFO - DAG(s) dict_keys(['example_nested_branch_dag']) retrieved from /home/daniel/Documents/Alura/python_apache_airflow_pipeline/venv/lib/python3.9/site-packages/airflow/example_dags/example_nested_branch_dag.py
[2025-01-05 10:34:00,907] {logging_mixin.py:115} INFO - [2025-01-05 10:34:00,907] {dag.py:2379} INFO - Sync 1 DAGs
[2025-01-05 10:34:00,922] {logging_mixin.py:115} INFO - [2025-01-05 10:34:00,921] {dag.py:2927} INFO - Setting next_dagrun for example_nested_branch_dag to 2025-01-04T00:00:00+00:00, run_after=2025-01-05T00:00:00+00:00
[2025-01-05 10:34:00,934] {processor.py:161} INFO - Processing /home/daniel/Documents/Alura/python_apache_airflow_pipeline/venv/lib/python3.9/site-packages/airflow/example_dags/example_nested_branch_dag.py took 0.053 seconds
[2025-01-05 10:34:37,248] {processor.py:153} INFO - Started process (PID=16836) to work on /home/daniel/Documents/Alura/python_apache_airflow_pipeline/venv/lib/python3.9/site-packages/airflow/example_dags/example_nested_branch_dag.py
[2025-01-05 10:34:37,249] {processor.py:641} INFO - Processing file /home/daniel/Documents/Alura/python_apache_airflow_pipeline/venv/lib/python3.9/site-packages/airflow/example_dags/example_nested_branch_dag.py for tasks to queue
[2025-01-05 10:34:37,249] {logging_mixin.py:115} INFO - [2025-01-05 10:34:37,249] {dagbag.py:507} INFO - Filling up the DagBag from /home/daniel/Documents/Alura/python_apache_airflow_pipeline/venv/lib/python3.9/site-packages/airflow/example_dags/example_nested_branch_dag.py
[2025-01-05 10:34:37,258] {processor.py:651} INFO - DAG(s) dict_keys(['example_nested_branch_dag']) retrieved from /home/daniel/Documents/Alura/python_apache_airflow_pipeline/venv/lib/python3.9/site-packages/airflow/example_dags/example_nested_branch_dag.py
[2025-01-05 10:34:37,272] {logging_mixin.py:115} INFO - [2025-01-05 10:34:37,272] {dag.py:2379} INFO - Sync 1 DAGs
[2025-01-05 10:34:37,288] {logging_mixin.py:115} INFO - [2025-01-05 10:34:37,288] {dag.py:2927} INFO - Setting next_dagrun for example_nested_branch_dag to 2025-01-04T00:00:00+00:00, run_after=2025-01-05T00:00:00+00:00
[2025-01-05 10:34:37,299] {processor.py:161} INFO - Processing /home/daniel/Documents/Alura/python_apache_airflow_pipeline/venv/lib/python3.9/site-packages/airflow/example_dags/example_nested_branch_dag.py took 0.055 seconds
[2025-01-05 10:35:13,858] {processor.py:153} INFO - Started process (PID=16874) to work on /home/daniel/Documents/Alura/python_apache_airflow_pipeline/venv/lib/python3.9/site-packages/airflow/example_dags/example_nested_branch_dag.py
[2025-01-05 10:35:13,859] {processor.py:641} INFO - Processing file /home/daniel/Documents/Alura/python_apache_airflow_pipeline/venv/lib/python3.9/site-packages/airflow/example_dags/example_nested_branch_dag.py for tasks to queue
[2025-01-05 10:35:13,860] {logging_mixin.py:115} INFO - [2025-01-05 10:35:13,860] {dagbag.py:507} INFO - Filling up the DagBag from /home/daniel/Documents/Alura/python_apache_airflow_pipeline/venv/lib/python3.9/site-packages/airflow/example_dags/example_nested_branch_dag.py
[2025-01-05 10:35:13,868] {processor.py:651} INFO - DAG(s) dict_keys(['example_nested_branch_dag']) retrieved from /home/daniel/Documents/Alura/python_apache_airflow_pipeline/venv/lib/python3.9/site-packages/airflow/example_dags/example_nested_branch_dag.py
[2025-01-05 10:35:13,885] {logging_mixin.py:115} INFO - [2025-01-05 10:35:13,884] {dag.py:2379} INFO - Sync 1 DAGs
[2025-01-05 10:35:13,901] {logging_mixin.py:115} INFO - [2025-01-05 10:35:13,901] {dag.py:2927} INFO - Setting next_dagrun for example_nested_branch_dag to 2025-01-04T00:00:00+00:00, run_after=2025-01-05T00:00:00+00:00
[2025-01-05 10:35:13,913] {processor.py:161} INFO - Processing /home/daniel/Documents/Alura/python_apache_airflow_pipeline/venv/lib/python3.9/site-packages/airflow/example_dags/example_nested_branch_dag.py took 0.058 seconds
[2025-01-05 10:35:53,416] {processor.py:153} INFO - Started process (PID=17024) to work on /home/daniel/Documents/Alura/python_apache_airflow_pipeline/venv/lib/python3.9/site-packages/airflow/example_dags/example_nested_branch_dag.py
[2025-01-05 10:35:53,417] {processor.py:641} INFO - Processing file /home/daniel/Documents/Alura/python_apache_airflow_pipeline/venv/lib/python3.9/site-packages/airflow/example_dags/example_nested_branch_dag.py for tasks to queue
[2025-01-05 10:35:53,419] {logging_mixin.py:115} INFO - [2025-01-05 10:35:53,418] {dagbag.py:507} INFO - Filling up the DagBag from /home/daniel/Documents/Alura/python_apache_airflow_pipeline/venv/lib/python3.9/site-packages/airflow/example_dags/example_nested_branch_dag.py
[2025-01-05 10:35:53,428] {processor.py:651} INFO - DAG(s) dict_keys(['example_nested_branch_dag']) retrieved from /home/daniel/Documents/Alura/python_apache_airflow_pipeline/venv/lib/python3.9/site-packages/airflow/example_dags/example_nested_branch_dag.py
[2025-01-05 10:35:53,448] {logging_mixin.py:115} INFO - [2025-01-05 10:35:53,448] {dag.py:2379} INFO - Sync 1 DAGs
[2025-01-05 10:35:53,473] {logging_mixin.py:115} INFO - [2025-01-05 10:35:53,472] {dag.py:2927} INFO - Setting next_dagrun for example_nested_branch_dag to 2025-01-04T00:00:00+00:00, run_after=2025-01-05T00:00:00+00:00
[2025-01-05 10:35:53,503] {processor.py:161} INFO - Processing /home/daniel/Documents/Alura/python_apache_airflow_pipeline/venv/lib/python3.9/site-packages/airflow/example_dags/example_nested_branch_dag.py took 0.091 seconds
[2025-01-05 10:36:36,081] {processor.py:153} INFO - Started process (PID=17072) to work on /home/daniel/Documents/Alura/python_apache_airflow_pipeline/venv/lib/python3.9/site-packages/airflow/example_dags/example_nested_branch_dag.py
[2025-01-05 10:36:36,084] {processor.py:641} INFO - Processing file /home/daniel/Documents/Alura/python_apache_airflow_pipeline/venv/lib/python3.9/site-packages/airflow/example_dags/example_nested_branch_dag.py for tasks to queue
[2025-01-05 10:36:36,084] {logging_mixin.py:115} INFO - [2025-01-05 10:36:36,084] {dagbag.py:507} INFO - Filling up the DagBag from /home/daniel/Documents/Alura/python_apache_airflow_pipeline/venv/lib/python3.9/site-packages/airflow/example_dags/example_nested_branch_dag.py
[2025-01-05 10:36:36,099] {processor.py:651} INFO - DAG(s) dict_keys(['example_nested_branch_dag']) retrieved from /home/daniel/Documents/Alura/python_apache_airflow_pipeline/venv/lib/python3.9/site-packages/airflow/example_dags/example_nested_branch_dag.py
[2025-01-05 10:36:36,125] {logging_mixin.py:115} INFO - [2025-01-05 10:36:36,125] {dag.py:2379} INFO - Sync 1 DAGs
[2025-01-05 10:36:36,155] {logging_mixin.py:115} INFO - [2025-01-05 10:36:36,153] {dag.py:2927} INFO - Setting next_dagrun for example_nested_branch_dag to 2025-01-04T00:00:00+00:00, run_after=2025-01-05T00:00:00+00:00
[2025-01-05 10:36:36,188] {processor.py:161} INFO - Processing /home/daniel/Documents/Alura/python_apache_airflow_pipeline/venv/lib/python3.9/site-packages/airflow/example_dags/example_nested_branch_dag.py took 0.112 seconds
[2025-01-05 10:37:12,323] {processor.py:153} INFO - Started process (PID=17117) to work on /home/daniel/Documents/Alura/python_apache_airflow_pipeline/venv/lib/python3.9/site-packages/airflow/example_dags/example_nested_branch_dag.py
[2025-01-05 10:37:12,324] {processor.py:641} INFO - Processing file /home/daniel/Documents/Alura/python_apache_airflow_pipeline/venv/lib/python3.9/site-packages/airflow/example_dags/example_nested_branch_dag.py for tasks to queue
[2025-01-05 10:37:12,325] {logging_mixin.py:115} INFO - [2025-01-05 10:37:12,325] {dagbag.py:507} INFO - Filling up the DagBag from /home/daniel/Documents/Alura/python_apache_airflow_pipeline/venv/lib/python3.9/site-packages/airflow/example_dags/example_nested_branch_dag.py
[2025-01-05 10:37:12,335] {processor.py:651} INFO - DAG(s) dict_keys(['example_nested_branch_dag']) retrieved from /home/daniel/Documents/Alura/python_apache_airflow_pipeline/venv/lib/python3.9/site-packages/airflow/example_dags/example_nested_branch_dag.py
[2025-01-05 10:37:12,352] {logging_mixin.py:115} INFO - [2025-01-05 10:37:12,352] {dag.py:2379} INFO - Sync 1 DAGs
[2025-01-05 10:37:12,370] {logging_mixin.py:115} INFO - [2025-01-05 10:37:12,369] {dag.py:2927} INFO - Setting next_dagrun for example_nested_branch_dag to 2025-01-04T00:00:00+00:00, run_after=2025-01-05T00:00:00+00:00
[2025-01-05 10:37:12,389] {processor.py:161} INFO - Processing /home/daniel/Documents/Alura/python_apache_airflow_pipeline/venv/lib/python3.9/site-packages/airflow/example_dags/example_nested_branch_dag.py took 0.069 seconds
[2025-01-05 10:37:48,965] {processor.py:153} INFO - Started process (PID=17213) to work on /home/daniel/Documents/Alura/python_apache_airflow_pipeline/venv/lib/python3.9/site-packages/airflow/example_dags/example_nested_branch_dag.py
[2025-01-05 10:37:48,967] {processor.py:641} INFO - Processing file /home/daniel/Documents/Alura/python_apache_airflow_pipeline/venv/lib/python3.9/site-packages/airflow/example_dags/example_nested_branch_dag.py for tasks to queue
[2025-01-05 10:37:48,968] {logging_mixin.py:115} INFO - [2025-01-05 10:37:48,968] {dagbag.py:507} INFO - Filling up the DagBag from /home/daniel/Documents/Alura/python_apache_airflow_pipeline/venv/lib/python3.9/site-packages/airflow/example_dags/example_nested_branch_dag.py
[2025-01-05 10:37:48,983] {processor.py:651} INFO - DAG(s) dict_keys(['example_nested_branch_dag']) retrieved from /home/daniel/Documents/Alura/python_apache_airflow_pipeline/venv/lib/python3.9/site-packages/airflow/example_dags/example_nested_branch_dag.py
[2025-01-05 10:37:49,019] {logging_mixin.py:115} INFO - [2025-01-05 10:37:49,017] {dag.py:2379} INFO - Sync 1 DAGs
[2025-01-05 10:37:49,060] {logging_mixin.py:115} INFO - [2025-01-05 10:37:49,060] {dag.py:2927} INFO - Setting next_dagrun for example_nested_branch_dag to 2025-01-04T00:00:00+00:00, run_after=2025-01-05T00:00:00+00:00
[2025-01-05 10:37:49,088] {processor.py:161} INFO - Processing /home/daniel/Documents/Alura/python_apache_airflow_pipeline/venv/lib/python3.9/site-packages/airflow/example_dags/example_nested_branch_dag.py took 0.129 seconds
[2025-01-05 10:38:44,091] {processor.py:153} INFO - Started process (PID=17540) to work on /home/daniel/Documents/Alura/python_apache_airflow_pipeline/venv/lib/python3.9/site-packages/airflow/example_dags/example_nested_branch_dag.py
[2025-01-05 10:38:44,093] {processor.py:641} INFO - Processing file /home/daniel/Documents/Alura/python_apache_airflow_pipeline/venv/lib/python3.9/site-packages/airflow/example_dags/example_nested_branch_dag.py for tasks to queue
[2025-01-05 10:38:44,095] {logging_mixin.py:115} INFO - [2025-01-05 10:38:44,095] {dagbag.py:507} INFO - Filling up the DagBag from /home/daniel/Documents/Alura/python_apache_airflow_pipeline/venv/lib/python3.9/site-packages/airflow/example_dags/example_nested_branch_dag.py
[2025-01-05 10:38:44,125] {processor.py:651} INFO - DAG(s) dict_keys(['example_nested_branch_dag']) retrieved from /home/daniel/Documents/Alura/python_apache_airflow_pipeline/venv/lib/python3.9/site-packages/airflow/example_dags/example_nested_branch_dag.py
[2025-01-05 10:38:44,165] {logging_mixin.py:115} INFO - [2025-01-05 10:38:44,165] {dag.py:2379} INFO - Sync 1 DAGs
[2025-01-05 10:38:44,213] {logging_mixin.py:115} INFO - [2025-01-05 10:38:44,212] {dag.py:2927} INFO - Setting next_dagrun for example_nested_branch_dag to 2025-01-04T00:00:00+00:00, run_after=2025-01-05T00:00:00+00:00
[2025-01-05 10:38:44,257] {processor.py:161} INFO - Processing /home/daniel/Documents/Alura/python_apache_airflow_pipeline/venv/lib/python3.9/site-packages/airflow/example_dags/example_nested_branch_dag.py took 0.170 seconds
[2025-01-05 10:39:28,467] {processor.py:153} INFO - Started process (PID=17632) to work on /home/daniel/Documents/Alura/python_apache_airflow_pipeline/venv/lib/python3.9/site-packages/airflow/example_dags/example_nested_branch_dag.py
[2025-01-05 10:39:28,471] {processor.py:641} INFO - Processing file /home/daniel/Documents/Alura/python_apache_airflow_pipeline/venv/lib/python3.9/site-packages/airflow/example_dags/example_nested_branch_dag.py for tasks to queue
[2025-01-05 10:39:28,473] {logging_mixin.py:115} INFO - [2025-01-05 10:39:28,472] {dagbag.py:507} INFO - Filling up the DagBag from /home/daniel/Documents/Alura/python_apache_airflow_pipeline/venv/lib/python3.9/site-packages/airflow/example_dags/example_nested_branch_dag.py
[2025-01-05 10:39:28,507] {processor.py:651} INFO - DAG(s) dict_keys(['example_nested_branch_dag']) retrieved from /home/daniel/Documents/Alura/python_apache_airflow_pipeline/venv/lib/python3.9/site-packages/airflow/example_dags/example_nested_branch_dag.py
[2025-01-05 10:39:28,583] {logging_mixin.py:115} INFO - [2025-01-05 10:39:28,583] {dag.py:2379} INFO - Sync 1 DAGs
[2025-01-05 10:39:28,715] {logging_mixin.py:115} INFO - [2025-01-05 10:39:28,715] {dag.py:2927} INFO - Setting next_dagrun for example_nested_branch_dag to 2025-01-04T00:00:00+00:00, run_after=2025-01-05T00:00:00+00:00
[2025-01-05 10:39:28,768] {processor.py:161} INFO - Processing /home/daniel/Documents/Alura/python_apache_airflow_pipeline/venv/lib/python3.9/site-packages/airflow/example_dags/example_nested_branch_dag.py took 0.308 seconds
[2025-01-05 10:40:30,507] {processor.py:153} INFO - Started process (PID=18116) to work on /home/daniel/Documents/Alura/python_apache_airflow_pipeline/venv/lib/python3.9/site-packages/airflow/example_dags/example_nested_branch_dag.py
[2025-01-05 10:40:30,511] {processor.py:641} INFO - Processing file /home/daniel/Documents/Alura/python_apache_airflow_pipeline/venv/lib/python3.9/site-packages/airflow/example_dags/example_nested_branch_dag.py for tasks to queue
[2025-01-05 10:40:30,512] {logging_mixin.py:115} INFO - [2025-01-05 10:40:30,512] {dagbag.py:507} INFO - Filling up the DagBag from /home/daniel/Documents/Alura/python_apache_airflow_pipeline/venv/lib/python3.9/site-packages/airflow/example_dags/example_nested_branch_dag.py
[2025-01-05 10:40:30,553] {processor.py:651} INFO - DAG(s) dict_keys(['example_nested_branch_dag']) retrieved from /home/daniel/Documents/Alura/python_apache_airflow_pipeline/venv/lib/python3.9/site-packages/airflow/example_dags/example_nested_branch_dag.py
[2025-01-05 10:40:30,615] {logging_mixin.py:115} INFO - [2025-01-05 10:40:30,612] {dag.py:2379} INFO - Sync 1 DAGs
[2025-01-05 10:40:30,675] {logging_mixin.py:115} INFO - [2025-01-05 10:40:30,675] {dag.py:2927} INFO - Setting next_dagrun for example_nested_branch_dag to 2025-01-04T00:00:00+00:00, run_after=2025-01-05T00:00:00+00:00
[2025-01-05 10:40:30,723] {processor.py:161} INFO - Processing /home/daniel/Documents/Alura/python_apache_airflow_pipeline/venv/lib/python3.9/site-packages/airflow/example_dags/example_nested_branch_dag.py took 0.223 seconds
[2025-01-05 10:45:38,326] {processor.py:153} INFO - Started process (PID=18661) to work on /home/daniel/Documents/Alura/python_apache_airflow_pipeline/venv/lib/python3.9/site-packages/airflow/example_dags/example_nested_branch_dag.py
[2025-01-05 10:45:38,330] {processor.py:641} INFO - Processing file /home/daniel/Documents/Alura/python_apache_airflow_pipeline/venv/lib/python3.9/site-packages/airflow/example_dags/example_nested_branch_dag.py for tasks to queue
[2025-01-05 10:45:38,331] {logging_mixin.py:115} INFO - [2025-01-05 10:45:38,331] {dagbag.py:507} INFO - Filling up the DagBag from /home/daniel/Documents/Alura/python_apache_airflow_pipeline/venv/lib/python3.9/site-packages/airflow/example_dags/example_nested_branch_dag.py
[2025-01-05 10:45:38,340] {processor.py:651} INFO - DAG(s) dict_keys(['example_nested_branch_dag']) retrieved from /home/daniel/Documents/Alura/python_apache_airflow_pipeline/venv/lib/python3.9/site-packages/airflow/example_dags/example_nested_branch_dag.py
[2025-01-05 10:45:38,359] {logging_mixin.py:115} INFO - [2025-01-05 10:45:38,359] {dag.py:2379} INFO - Sync 1 DAGs
[2025-01-05 10:45:38,378] {logging_mixin.py:115} INFO - [2025-01-05 10:45:38,378] {dag.py:2927} INFO - Setting next_dagrun for example_nested_branch_dag to 2025-01-04T00:00:00+00:00, run_after=2025-01-05T00:00:00+00:00
[2025-01-05 10:45:38,397] {processor.py:161} INFO - Processing /home/daniel/Documents/Alura/python_apache_airflow_pipeline/venv/lib/python3.9/site-packages/airflow/example_dags/example_nested_branch_dag.py took 0.077 seconds
[2025-01-05 10:46:17,495] {processor.py:153} INFO - Started process (PID=18819) to work on /home/daniel/Documents/Alura/python_apache_airflow_pipeline/venv/lib/python3.9/site-packages/airflow/example_dags/example_nested_branch_dag.py
[2025-01-05 10:46:17,497] {processor.py:641} INFO - Processing file /home/daniel/Documents/Alura/python_apache_airflow_pipeline/venv/lib/python3.9/site-packages/airflow/example_dags/example_nested_branch_dag.py for tasks to queue
[2025-01-05 10:46:17,498] {logging_mixin.py:115} INFO - [2025-01-05 10:46:17,498] {dagbag.py:507} INFO - Filling up the DagBag from /home/daniel/Documents/Alura/python_apache_airflow_pipeline/venv/lib/python3.9/site-packages/airflow/example_dags/example_nested_branch_dag.py
[2025-01-05 10:46:17,514] {processor.py:651} INFO - DAG(s) dict_keys(['example_nested_branch_dag']) retrieved from /home/daniel/Documents/Alura/python_apache_airflow_pipeline/venv/lib/python3.9/site-packages/airflow/example_dags/example_nested_branch_dag.py
[2025-01-05 10:46:17,541] {logging_mixin.py:115} INFO - [2025-01-05 10:46:17,541] {dag.py:2379} INFO - Sync 1 DAGs
[2025-01-05 10:46:17,568] {logging_mixin.py:115} INFO - [2025-01-05 10:46:17,568] {dag.py:2927} INFO - Setting next_dagrun for example_nested_branch_dag to 2025-01-04T00:00:00+00:00, run_after=2025-01-05T00:00:00+00:00
[2025-01-05 10:46:17,588] {processor.py:161} INFO - Processing /home/daniel/Documents/Alura/python_apache_airflow_pipeline/venv/lib/python3.9/site-packages/airflow/example_dags/example_nested_branch_dag.py took 0.097 seconds
[2025-01-05 10:46:55,679] {processor.py:153} INFO - Started process (PID=19063) to work on /home/daniel/Documents/Alura/python_apache_airflow_pipeline/venv/lib/python3.9/site-packages/airflow/example_dags/example_nested_branch_dag.py
[2025-01-05 10:46:55,681] {processor.py:641} INFO - Processing file /home/daniel/Documents/Alura/python_apache_airflow_pipeline/venv/lib/python3.9/site-packages/airflow/example_dags/example_nested_branch_dag.py for tasks to queue
[2025-01-05 10:46:55,682] {logging_mixin.py:115} INFO - [2025-01-05 10:46:55,682] {dagbag.py:507} INFO - Filling up the DagBag from /home/daniel/Documents/Alura/python_apache_airflow_pipeline/venv/lib/python3.9/site-packages/airflow/example_dags/example_nested_branch_dag.py
[2025-01-05 10:46:55,698] {processor.py:651} INFO - DAG(s) dict_keys(['example_nested_branch_dag']) retrieved from /home/daniel/Documents/Alura/python_apache_airflow_pipeline/venv/lib/python3.9/site-packages/airflow/example_dags/example_nested_branch_dag.py
[2025-01-05 10:46:55,724] {logging_mixin.py:115} INFO - [2025-01-05 10:46:55,724] {dag.py:2379} INFO - Sync 1 DAGs
[2025-01-05 10:46:55,755] {logging_mixin.py:115} INFO - [2025-01-05 10:46:55,755] {dag.py:2927} INFO - Setting next_dagrun for example_nested_branch_dag to 2025-01-04T00:00:00+00:00, run_after=2025-01-05T00:00:00+00:00
[2025-01-05 10:46:55,782] {processor.py:161} INFO - Processing /home/daniel/Documents/Alura/python_apache_airflow_pipeline/venv/lib/python3.9/site-packages/airflow/example_dags/example_nested_branch_dag.py took 0.107 seconds
[2025-01-05 10:47:34,994] {processor.py:153} INFO - Started process (PID=19303) to work on /home/daniel/Documents/Alura/python_apache_airflow_pipeline/venv/lib/python3.9/site-packages/airflow/example_dags/example_nested_branch_dag.py
[2025-01-05 10:47:34,997] {processor.py:641} INFO - Processing file /home/daniel/Documents/Alura/python_apache_airflow_pipeline/venv/lib/python3.9/site-packages/airflow/example_dags/example_nested_branch_dag.py for tasks to queue
[2025-01-05 10:47:34,997] {logging_mixin.py:115} INFO - [2025-01-05 10:47:34,997] {dagbag.py:507} INFO - Filling up the DagBag from /home/daniel/Documents/Alura/python_apache_airflow_pipeline/venv/lib/python3.9/site-packages/airflow/example_dags/example_nested_branch_dag.py
[2025-01-05 10:47:35,008] {processor.py:651} INFO - DAG(s) dict_keys(['example_nested_branch_dag']) retrieved from /home/daniel/Documents/Alura/python_apache_airflow_pipeline/venv/lib/python3.9/site-packages/airflow/example_dags/example_nested_branch_dag.py
[2025-01-05 10:47:35,031] {logging_mixin.py:115} INFO - [2025-01-05 10:47:35,030] {dag.py:2379} INFO - Sync 1 DAGs
[2025-01-05 10:47:35,052] {logging_mixin.py:115} INFO - [2025-01-05 10:47:35,052] {dag.py:2927} INFO - Setting next_dagrun for example_nested_branch_dag to 2025-01-04T00:00:00+00:00, run_after=2025-01-05T00:00:00+00:00
[2025-01-05 10:47:35,076] {processor.py:161} INFO - Processing /home/daniel/Documents/Alura/python_apache_airflow_pipeline/venv/lib/python3.9/site-packages/airflow/example_dags/example_nested_branch_dag.py took 0.085 seconds
[2025-01-05 10:52:44,707] {processor.py:153} INFO - Started process (PID=3890) to work on /home/daniel/Documents/Alura/python_apache_airflow_pipeline/venv/lib/python3.9/site-packages/airflow/example_dags/example_nested_branch_dag.py
[2025-01-05 10:52:44,710] {processor.py:641} INFO - Processing file /home/daniel/Documents/Alura/python_apache_airflow_pipeline/venv/lib/python3.9/site-packages/airflow/example_dags/example_nested_branch_dag.py for tasks to queue
[2025-01-05 10:52:44,711] {logging_mixin.py:115} INFO - [2025-01-05 10:52:44,711] {dagbag.py:507} INFO - Filling up the DagBag from /home/daniel/Documents/Alura/python_apache_airflow_pipeline/venv/lib/python3.9/site-packages/airflow/example_dags/example_nested_branch_dag.py
[2025-01-05 10:52:44,719] {processor.py:651} INFO - DAG(s) dict_keys(['example_nested_branch_dag']) retrieved from /home/daniel/Documents/Alura/python_apache_airflow_pipeline/venv/lib/python3.9/site-packages/airflow/example_dags/example_nested_branch_dag.py
[2025-01-05 10:52:44,731] {logging_mixin.py:115} INFO - [2025-01-05 10:52:44,731] {dag.py:2379} INFO - Sync 1 DAGs
[2025-01-05 10:52:44,744] {logging_mixin.py:115} INFO - [2025-01-05 10:52:44,744] {dag.py:2927} INFO - Setting next_dagrun for example_nested_branch_dag to 2025-01-04T00:00:00+00:00, run_after=2025-01-05T00:00:00+00:00
[2025-01-05 10:52:44,754] {processor.py:161} INFO - Processing /home/daniel/Documents/Alura/python_apache_airflow_pipeline/venv/lib/python3.9/site-packages/airflow/example_dags/example_nested_branch_dag.py took 0.050 seconds
[2025-01-05 10:53:21,811] {processor.py:153} INFO - Started process (PID=3934) to work on /home/daniel/Documents/Alura/python_apache_airflow_pipeline/venv/lib/python3.9/site-packages/airflow/example_dags/example_nested_branch_dag.py
[2025-01-05 10:53:21,812] {processor.py:641} INFO - Processing file /home/daniel/Documents/Alura/python_apache_airflow_pipeline/venv/lib/python3.9/site-packages/airflow/example_dags/example_nested_branch_dag.py for tasks to queue
[2025-01-05 10:53:21,813] {logging_mixin.py:115} INFO - [2025-01-05 10:53:21,813] {dagbag.py:507} INFO - Filling up the DagBag from /home/daniel/Documents/Alura/python_apache_airflow_pipeline/venv/lib/python3.9/site-packages/airflow/example_dags/example_nested_branch_dag.py
[2025-01-05 10:53:21,821] {processor.py:651} INFO - DAG(s) dict_keys(['example_nested_branch_dag']) retrieved from /home/daniel/Documents/Alura/python_apache_airflow_pipeline/venv/lib/python3.9/site-packages/airflow/example_dags/example_nested_branch_dag.py
[2025-01-05 10:53:21,834] {logging_mixin.py:115} INFO - [2025-01-05 10:53:21,834] {dag.py:2379} INFO - Sync 1 DAGs
[2025-01-05 10:53:21,850] {logging_mixin.py:115} INFO - [2025-01-05 10:53:21,850] {dag.py:2927} INFO - Setting next_dagrun for example_nested_branch_dag to 2025-01-04T00:00:00+00:00, run_after=2025-01-05T00:00:00+00:00
[2025-01-05 10:53:21,861] {processor.py:161} INFO - Processing /home/daniel/Documents/Alura/python_apache_airflow_pipeline/venv/lib/python3.9/site-packages/airflow/example_dags/example_nested_branch_dag.py took 0.052 seconds
[2025-01-05 10:53:58,190] {processor.py:153} INFO - Started process (PID=3975) to work on /home/daniel/Documents/Alura/python_apache_airflow_pipeline/venv/lib/python3.9/site-packages/airflow/example_dags/example_nested_branch_dag.py
[2025-01-05 10:53:58,191] {processor.py:641} INFO - Processing file /home/daniel/Documents/Alura/python_apache_airflow_pipeline/venv/lib/python3.9/site-packages/airflow/example_dags/example_nested_branch_dag.py for tasks to queue
[2025-01-05 10:53:58,192] {logging_mixin.py:115} INFO - [2025-01-05 10:53:58,192] {dagbag.py:507} INFO - Filling up the DagBag from /home/daniel/Documents/Alura/python_apache_airflow_pipeline/venv/lib/python3.9/site-packages/airflow/example_dags/example_nested_branch_dag.py
[2025-01-05 10:53:58,200] {processor.py:651} INFO - DAG(s) dict_keys(['example_nested_branch_dag']) retrieved from /home/daniel/Documents/Alura/python_apache_airflow_pipeline/venv/lib/python3.9/site-packages/airflow/example_dags/example_nested_branch_dag.py
[2025-01-05 10:53:58,215] {logging_mixin.py:115} INFO - [2025-01-05 10:53:58,215] {dag.py:2379} INFO - Sync 1 DAGs
[2025-01-05 10:53:58,229] {logging_mixin.py:115} INFO - [2025-01-05 10:53:58,229] {dag.py:2927} INFO - Setting next_dagrun for example_nested_branch_dag to 2025-01-04T00:00:00+00:00, run_after=2025-01-05T00:00:00+00:00
[2025-01-05 10:53:58,239] {processor.py:161} INFO - Processing /home/daniel/Documents/Alura/python_apache_airflow_pipeline/venv/lib/python3.9/site-packages/airflow/example_dags/example_nested_branch_dag.py took 0.052 seconds
[2025-01-05 10:54:35,945] {processor.py:153} INFO - Started process (PID=4020) to work on /home/daniel/Documents/Alura/python_apache_airflow_pipeline/venv/lib/python3.9/site-packages/airflow/example_dags/example_nested_branch_dag.py
[2025-01-05 10:54:35,947] {processor.py:641} INFO - Processing file /home/daniel/Documents/Alura/python_apache_airflow_pipeline/venv/lib/python3.9/site-packages/airflow/example_dags/example_nested_branch_dag.py for tasks to queue
[2025-01-05 10:54:35,948] {logging_mixin.py:115} INFO - [2025-01-05 10:54:35,948] {dagbag.py:507} INFO - Filling up the DagBag from /home/daniel/Documents/Alura/python_apache_airflow_pipeline/venv/lib/python3.9/site-packages/airflow/example_dags/example_nested_branch_dag.py
[2025-01-05 10:54:35,957] {processor.py:651} INFO - DAG(s) dict_keys(['example_nested_branch_dag']) retrieved from /home/daniel/Documents/Alura/python_apache_airflow_pipeline/venv/lib/python3.9/site-packages/airflow/example_dags/example_nested_branch_dag.py
[2025-01-05 10:54:35,971] {logging_mixin.py:115} INFO - [2025-01-05 10:54:35,971] {dag.py:2379} INFO - Sync 1 DAGs
[2025-01-05 10:54:35,986] {logging_mixin.py:115} INFO - [2025-01-05 10:54:35,985] {dag.py:2927} INFO - Setting next_dagrun for example_nested_branch_dag to 2025-01-04T00:00:00+00:00, run_after=2025-01-05T00:00:00+00:00
[2025-01-05 10:54:35,997] {processor.py:161} INFO - Processing /home/daniel/Documents/Alura/python_apache_airflow_pipeline/venv/lib/python3.9/site-packages/airflow/example_dags/example_nested_branch_dag.py took 0.054 seconds
[2025-01-05 10:55:11,991] {processor.py:153} INFO - Started process (PID=4067) to work on /home/daniel/Documents/Alura/python_apache_airflow_pipeline/venv/lib/python3.9/site-packages/airflow/example_dags/example_nested_branch_dag.py
[2025-01-05 10:55:11,992] {processor.py:641} INFO - Processing file /home/daniel/Documents/Alura/python_apache_airflow_pipeline/venv/lib/python3.9/site-packages/airflow/example_dags/example_nested_branch_dag.py for tasks to queue
[2025-01-05 10:55:11,993] {logging_mixin.py:115} INFO - [2025-01-05 10:55:11,993] {dagbag.py:507} INFO - Filling up the DagBag from /home/daniel/Documents/Alura/python_apache_airflow_pipeline/venv/lib/python3.9/site-packages/airflow/example_dags/example_nested_branch_dag.py
[2025-01-05 10:55:12,003] {processor.py:651} INFO - DAG(s) dict_keys(['example_nested_branch_dag']) retrieved from /home/daniel/Documents/Alura/python_apache_airflow_pipeline/venv/lib/python3.9/site-packages/airflow/example_dags/example_nested_branch_dag.py
[2025-01-05 10:55:12,019] {logging_mixin.py:115} INFO - [2025-01-05 10:55:12,018] {dag.py:2379} INFO - Sync 1 DAGs
[2025-01-05 10:55:12,035] {logging_mixin.py:115} INFO - [2025-01-05 10:55:12,034] {dag.py:2927} INFO - Setting next_dagrun for example_nested_branch_dag to 2025-01-04T00:00:00+00:00, run_after=2025-01-05T00:00:00+00:00
[2025-01-05 10:55:12,045] {processor.py:161} INFO - Processing /home/daniel/Documents/Alura/python_apache_airflow_pipeline/venv/lib/python3.9/site-packages/airflow/example_dags/example_nested_branch_dag.py took 0.057 seconds
[2025-01-05 10:55:45,834] {processor.py:153} INFO - Started process (PID=4109) to work on /home/daniel/Documents/Alura/python_apache_airflow_pipeline/venv/lib/python3.9/site-packages/airflow/example_dags/example_nested_branch_dag.py
[2025-01-05 10:55:45,835] {processor.py:641} INFO - Processing file /home/daniel/Documents/Alura/python_apache_airflow_pipeline/venv/lib/python3.9/site-packages/airflow/example_dags/example_nested_branch_dag.py for tasks to queue
[2025-01-05 10:55:45,836] {logging_mixin.py:115} INFO - [2025-01-05 10:55:45,836] {dagbag.py:507} INFO - Filling up the DagBag from /home/daniel/Documents/Alura/python_apache_airflow_pipeline/venv/lib/python3.9/site-packages/airflow/example_dags/example_nested_branch_dag.py
[2025-01-05 10:55:45,847] {processor.py:651} INFO - DAG(s) dict_keys(['example_nested_branch_dag']) retrieved from /home/daniel/Documents/Alura/python_apache_airflow_pipeline/venv/lib/python3.9/site-packages/airflow/example_dags/example_nested_branch_dag.py
[2025-01-05 10:55:45,863] {logging_mixin.py:115} INFO - [2025-01-05 10:55:45,863] {dag.py:2379} INFO - Sync 1 DAGs
[2025-01-05 10:55:45,876] {logging_mixin.py:115} INFO - [2025-01-05 10:55:45,876] {dag.py:2927} INFO - Setting next_dagrun for example_nested_branch_dag to 2025-01-04T00:00:00+00:00, run_after=2025-01-05T00:00:00+00:00
[2025-01-05 10:55:45,888] {processor.py:161} INFO - Processing /home/daniel/Documents/Alura/python_apache_airflow_pipeline/venv/lib/python3.9/site-packages/airflow/example_dags/example_nested_branch_dag.py took 0.056 seconds
[2025-01-05 10:56:23,952] {processor.py:153} INFO - Started process (PID=4171) to work on /home/daniel/Documents/Alura/python_apache_airflow_pipeline/venv/lib/python3.9/site-packages/airflow/example_dags/example_nested_branch_dag.py
[2025-01-05 10:56:23,953] {processor.py:641} INFO - Processing file /home/daniel/Documents/Alura/python_apache_airflow_pipeline/venv/lib/python3.9/site-packages/airflow/example_dags/example_nested_branch_dag.py for tasks to queue
[2025-01-05 10:56:23,954] {logging_mixin.py:115} INFO - [2025-01-05 10:56:23,954] {dagbag.py:507} INFO - Filling up the DagBag from /home/daniel/Documents/Alura/python_apache_airflow_pipeline/venv/lib/python3.9/site-packages/airflow/example_dags/example_nested_branch_dag.py
[2025-01-05 10:56:23,963] {processor.py:651} INFO - DAG(s) dict_keys(['example_nested_branch_dag']) retrieved from /home/daniel/Documents/Alura/python_apache_airflow_pipeline/venv/lib/python3.9/site-packages/airflow/example_dags/example_nested_branch_dag.py
[2025-01-05 10:56:23,979] {logging_mixin.py:115} INFO - [2025-01-05 10:56:23,978] {dag.py:2379} INFO - Sync 1 DAGs
[2025-01-05 10:56:23,995] {logging_mixin.py:115} INFO - [2025-01-05 10:56:23,995] {dag.py:2927} INFO - Setting next_dagrun for example_nested_branch_dag to 2025-01-04T00:00:00+00:00, run_after=2025-01-05T00:00:00+00:00
[2025-01-05 10:56:24,009] {processor.py:161} INFO - Processing /home/daniel/Documents/Alura/python_apache_airflow_pipeline/venv/lib/python3.9/site-packages/airflow/example_dags/example_nested_branch_dag.py took 0.059 seconds
[2025-01-05 10:57:01,413] {processor.py:153} INFO - Started process (PID=4212) to work on /home/daniel/Documents/Alura/python_apache_airflow_pipeline/venv/lib/python3.9/site-packages/airflow/example_dags/example_nested_branch_dag.py
[2025-01-05 10:57:01,415] {processor.py:641} INFO - Processing file /home/daniel/Documents/Alura/python_apache_airflow_pipeline/venv/lib/python3.9/site-packages/airflow/example_dags/example_nested_branch_dag.py for tasks to queue
[2025-01-05 10:57:01,415] {logging_mixin.py:115} INFO - [2025-01-05 10:57:01,415] {dagbag.py:507} INFO - Filling up the DagBag from /home/daniel/Documents/Alura/python_apache_airflow_pipeline/venv/lib/python3.9/site-packages/airflow/example_dags/example_nested_branch_dag.py
[2025-01-05 10:57:01,423] {processor.py:651} INFO - DAG(s) dict_keys(['example_nested_branch_dag']) retrieved from /home/daniel/Documents/Alura/python_apache_airflow_pipeline/venv/lib/python3.9/site-packages/airflow/example_dags/example_nested_branch_dag.py
[2025-01-05 10:57:01,441] {logging_mixin.py:115} INFO - [2025-01-05 10:57:01,440] {dag.py:2379} INFO - Sync 1 DAGs
[2025-01-05 10:57:01,461] {logging_mixin.py:115} INFO - [2025-01-05 10:57:01,461] {dag.py:2927} INFO - Setting next_dagrun for example_nested_branch_dag to 2025-01-04T00:00:00+00:00, run_after=2025-01-05T00:00:00+00:00
[2025-01-05 10:57:01,475] {processor.py:161} INFO - Processing /home/daniel/Documents/Alura/python_apache_airflow_pipeline/venv/lib/python3.9/site-packages/airflow/example_dags/example_nested_branch_dag.py took 0.065 seconds
[2025-01-05 10:57:41,622] {processor.py:153} INFO - Started process (PID=4371) to work on /home/daniel/Documents/Alura/python_apache_airflow_pipeline/venv/lib/python3.9/site-packages/airflow/example_dags/example_nested_branch_dag.py
[2025-01-05 10:57:41,624] {processor.py:641} INFO - Processing file /home/daniel/Documents/Alura/python_apache_airflow_pipeline/venv/lib/python3.9/site-packages/airflow/example_dags/example_nested_branch_dag.py for tasks to queue
[2025-01-05 10:57:41,625] {logging_mixin.py:115} INFO - [2025-01-05 10:57:41,625] {dagbag.py:507} INFO - Filling up the DagBag from /home/daniel/Documents/Alura/python_apache_airflow_pipeline/venv/lib/python3.9/site-packages/airflow/example_dags/example_nested_branch_dag.py
[2025-01-05 10:57:41,644] {processor.py:651} INFO - DAG(s) dict_keys(['example_nested_branch_dag']) retrieved from /home/daniel/Documents/Alura/python_apache_airflow_pipeline/venv/lib/python3.9/site-packages/airflow/example_dags/example_nested_branch_dag.py
[2025-01-05 10:57:41,675] {logging_mixin.py:115} INFO - [2025-01-05 10:57:41,675] {dag.py:2379} INFO - Sync 1 DAGs
[2025-01-05 10:57:41,712] {logging_mixin.py:115} INFO - [2025-01-05 10:57:41,711] {dag.py:2927} INFO - Setting next_dagrun for example_nested_branch_dag to 2025-01-04T00:00:00+00:00, run_after=2025-01-05T00:00:00+00:00
[2025-01-05 10:57:41,735] {processor.py:161} INFO - Processing /home/daniel/Documents/Alura/python_apache_airflow_pipeline/venv/lib/python3.9/site-packages/airflow/example_dags/example_nested_branch_dag.py took 0.121 seconds
[2025-01-05 10:58:32,535] {processor.py:153} INFO - Started process (PID=5042) to work on /home/daniel/Documents/Alura/python_apache_airflow_pipeline/venv/lib/python3.9/site-packages/airflow/example_dags/example_nested_branch_dag.py
[2025-01-05 10:58:32,536] {processor.py:641} INFO - Processing file /home/daniel/Documents/Alura/python_apache_airflow_pipeline/venv/lib/python3.9/site-packages/airflow/example_dags/example_nested_branch_dag.py for tasks to queue
[2025-01-05 10:58:32,539] {logging_mixin.py:115} INFO - [2025-01-05 10:58:32,539] {dagbag.py:507} INFO - Filling up the DagBag from /home/daniel/Documents/Alura/python_apache_airflow_pipeline/venv/lib/python3.9/site-packages/airflow/example_dags/example_nested_branch_dag.py
[2025-01-05 10:58:32,552] {processor.py:651} INFO - DAG(s) dict_keys(['example_nested_branch_dag']) retrieved from /home/daniel/Documents/Alura/python_apache_airflow_pipeline/venv/lib/python3.9/site-packages/airflow/example_dags/example_nested_branch_dag.py
[2025-01-05 10:58:32,580] {logging_mixin.py:115} INFO - [2025-01-05 10:58:32,580] {dag.py:2379} INFO - Sync 1 DAGs
[2025-01-05 10:58:32,628] {logging_mixin.py:115} INFO - [2025-01-05 10:58:32,628] {dag.py:2927} INFO - Setting next_dagrun for example_nested_branch_dag to 2025-01-04T00:00:00+00:00, run_after=2025-01-05T00:00:00+00:00
[2025-01-05 10:58:32,664] {processor.py:161} INFO - Processing /home/daniel/Documents/Alura/python_apache_airflow_pipeline/venv/lib/python3.9/site-packages/airflow/example_dags/example_nested_branch_dag.py took 0.133 seconds
[2025-01-05 10:59:14,167] {processor.py:153} INFO - Started process (PID=5340) to work on /home/daniel/Documents/Alura/python_apache_airflow_pipeline/venv/lib/python3.9/site-packages/airflow/example_dags/example_nested_branch_dag.py
[2025-01-05 10:59:14,168] {processor.py:641} INFO - Processing file /home/daniel/Documents/Alura/python_apache_airflow_pipeline/venv/lib/python3.9/site-packages/airflow/example_dags/example_nested_branch_dag.py for tasks to queue
[2025-01-05 10:59:14,170] {logging_mixin.py:115} INFO - [2025-01-05 10:59:14,170] {dagbag.py:507} INFO - Filling up the DagBag from /home/daniel/Documents/Alura/python_apache_airflow_pipeline/venv/lib/python3.9/site-packages/airflow/example_dags/example_nested_branch_dag.py
[2025-01-05 10:59:14,183] {processor.py:651} INFO - DAG(s) dict_keys(['example_nested_branch_dag']) retrieved from /home/daniel/Documents/Alura/python_apache_airflow_pipeline/venv/lib/python3.9/site-packages/airflow/example_dags/example_nested_branch_dag.py
[2025-01-05 10:59:14,208] {logging_mixin.py:115} INFO - [2025-01-05 10:59:14,208] {dag.py:2379} INFO - Sync 1 DAGs
[2025-01-05 10:59:14,238] {logging_mixin.py:115} INFO - [2025-01-05 10:59:14,238] {dag.py:2927} INFO - Setting next_dagrun for example_nested_branch_dag to 2025-01-04T00:00:00+00:00, run_after=2025-01-05T00:00:00+00:00
[2025-01-05 10:59:14,263] {processor.py:161} INFO - Processing /home/daniel/Documents/Alura/python_apache_airflow_pipeline/venv/lib/python3.9/site-packages/airflow/example_dags/example_nested_branch_dag.py took 0.103 seconds
[2025-01-05 10:59:58,563] {processor.py:153} INFO - Started process (PID=5650) to work on /home/daniel/Documents/Alura/python_apache_airflow_pipeline/venv/lib/python3.9/site-packages/airflow/example_dags/example_nested_branch_dag.py
[2025-01-05 10:59:58,564] {processor.py:641} INFO - Processing file /home/daniel/Documents/Alura/python_apache_airflow_pipeline/venv/lib/python3.9/site-packages/airflow/example_dags/example_nested_branch_dag.py for tasks to queue
[2025-01-05 10:59:58,564] {logging_mixin.py:115} INFO - [2025-01-05 10:59:58,564] {dagbag.py:507} INFO - Filling up the DagBag from /home/daniel/Documents/Alura/python_apache_airflow_pipeline/venv/lib/python3.9/site-packages/airflow/example_dags/example_nested_branch_dag.py
[2025-01-05 10:59:58,586] {processor.py:651} INFO - DAG(s) dict_keys(['example_nested_branch_dag']) retrieved from /home/daniel/Documents/Alura/python_apache_airflow_pipeline/venv/lib/python3.9/site-packages/airflow/example_dags/example_nested_branch_dag.py
[2025-01-05 10:59:58,620] {logging_mixin.py:115} INFO - [2025-01-05 10:59:58,620] {dag.py:2379} INFO - Sync 1 DAGs
[2025-01-05 10:59:58,644] {logging_mixin.py:115} INFO - [2025-01-05 10:59:58,644] {dag.py:2927} INFO - Setting next_dagrun for example_nested_branch_dag to 2025-01-04T00:00:00+00:00, run_after=2025-01-05T00:00:00+00:00
[2025-01-05 10:59:58,663] {processor.py:161} INFO - Processing /home/daniel/Documents/Alura/python_apache_airflow_pipeline/venv/lib/python3.9/site-packages/airflow/example_dags/example_nested_branch_dag.py took 0.104 seconds
[2025-01-05 11:00:43,288] {processor.py:153} INFO - Started process (PID=5975) to work on /home/daniel/Documents/Alura/python_apache_airflow_pipeline/venv/lib/python3.9/site-packages/airflow/example_dags/example_nested_branch_dag.py
[2025-01-05 11:00:43,290] {processor.py:641} INFO - Processing file /home/daniel/Documents/Alura/python_apache_airflow_pipeline/venv/lib/python3.9/site-packages/airflow/example_dags/example_nested_branch_dag.py for tasks to queue
[2025-01-05 11:00:43,291] {logging_mixin.py:115} INFO - [2025-01-05 11:00:43,291] {dagbag.py:507} INFO - Filling up the DagBag from /home/daniel/Documents/Alura/python_apache_airflow_pipeline/venv/lib/python3.9/site-packages/airflow/example_dags/example_nested_branch_dag.py
[2025-01-05 11:00:43,315] {processor.py:651} INFO - DAG(s) dict_keys(['example_nested_branch_dag']) retrieved from /home/daniel/Documents/Alura/python_apache_airflow_pipeline/venv/lib/python3.9/site-packages/airflow/example_dags/example_nested_branch_dag.py
[2025-01-05 11:00:43,347] {logging_mixin.py:115} INFO - [2025-01-05 11:00:43,347] {dag.py:2379} INFO - Sync 1 DAGs
[2025-01-05 11:00:43,384] {logging_mixin.py:115} INFO - [2025-01-05 11:00:43,384] {dag.py:2927} INFO - Setting next_dagrun for example_nested_branch_dag to 2025-01-04T00:00:00+00:00, run_after=2025-01-05T00:00:00+00:00
[2025-01-05 11:00:43,415] {processor.py:161} INFO - Processing /home/daniel/Documents/Alura/python_apache_airflow_pipeline/venv/lib/python3.9/site-packages/airflow/example_dags/example_nested_branch_dag.py took 0.131 seconds
[2025-01-05 11:01:32,259] {processor.py:153} INFO - Started process (PID=6542) to work on /home/daniel/Documents/Alura/python_apache_airflow_pipeline/venv/lib/python3.9/site-packages/airflow/example_dags/example_nested_branch_dag.py
[2025-01-05 11:01:32,264] {processor.py:641} INFO - Processing file /home/daniel/Documents/Alura/python_apache_airflow_pipeline/venv/lib/python3.9/site-packages/airflow/example_dags/example_nested_branch_dag.py for tasks to queue
[2025-01-05 11:01:32,272] {logging_mixin.py:115} INFO - [2025-01-05 11:01:32,271] {dagbag.py:507} INFO - Filling up the DagBag from /home/daniel/Documents/Alura/python_apache_airflow_pipeline/venv/lib/python3.9/site-packages/airflow/example_dags/example_nested_branch_dag.py
[2025-01-05 11:01:32,335] {processor.py:651} INFO - DAG(s) dict_keys(['example_nested_branch_dag']) retrieved from /home/daniel/Documents/Alura/python_apache_airflow_pipeline/venv/lib/python3.9/site-packages/airflow/example_dags/example_nested_branch_dag.py
[2025-01-05 11:01:32,403] {logging_mixin.py:115} INFO - [2025-01-05 11:01:32,402] {dag.py:2379} INFO - Sync 1 DAGs
[2025-01-05 11:01:32,491] {logging_mixin.py:115} INFO - [2025-01-05 11:01:32,491] {dag.py:2927} INFO - Setting next_dagrun for example_nested_branch_dag to 2025-01-04T00:00:00+00:00, run_after=2025-01-05T00:00:00+00:00
[2025-01-05 11:01:32,560] {processor.py:161} INFO - Processing /home/daniel/Documents/Alura/python_apache_airflow_pipeline/venv/lib/python3.9/site-packages/airflow/example_dags/example_nested_branch_dag.py took 0.309 seconds
[2025-01-05 11:02:15,587] {processor.py:153} INFO - Started process (PID=6878) to work on /home/daniel/Documents/Alura/python_apache_airflow_pipeline/venv/lib/python3.9/site-packages/airflow/example_dags/example_nested_branch_dag.py
[2025-01-05 11:02:15,590] {processor.py:641} INFO - Processing file /home/daniel/Documents/Alura/python_apache_airflow_pipeline/venv/lib/python3.9/site-packages/airflow/example_dags/example_nested_branch_dag.py for tasks to queue
[2025-01-05 11:02:15,591] {logging_mixin.py:115} INFO - [2025-01-05 11:02:15,591] {dagbag.py:507} INFO - Filling up the DagBag from /home/daniel/Documents/Alura/python_apache_airflow_pipeline/venv/lib/python3.9/site-packages/airflow/example_dags/example_nested_branch_dag.py
[2025-01-05 11:02:15,611] {processor.py:651} INFO - DAG(s) dict_keys(['example_nested_branch_dag']) retrieved from /home/daniel/Documents/Alura/python_apache_airflow_pipeline/venv/lib/python3.9/site-packages/airflow/example_dags/example_nested_branch_dag.py
[2025-01-05 11:02:15,647] {logging_mixin.py:115} INFO - [2025-01-05 11:02:15,647] {dag.py:2379} INFO - Sync 1 DAGs
[2025-01-05 11:02:15,695] {logging_mixin.py:115} INFO - [2025-01-05 11:02:15,695] {dag.py:2927} INFO - Setting next_dagrun for example_nested_branch_dag to 2025-01-04T00:00:00+00:00, run_after=2025-01-05T00:00:00+00:00
[2025-01-05 11:02:15,727] {processor.py:161} INFO - Processing /home/daniel/Documents/Alura/python_apache_airflow_pipeline/venv/lib/python3.9/site-packages/airflow/example_dags/example_nested_branch_dag.py took 0.148 seconds
[2025-01-05 11:03:00,586] {processor.py:153} INFO - Started process (PID=7192) to work on /home/daniel/Documents/Alura/python_apache_airflow_pipeline/venv/lib/python3.9/site-packages/airflow/example_dags/example_nested_branch_dag.py
[2025-01-05 11:03:00,588] {processor.py:641} INFO - Processing file /home/daniel/Documents/Alura/python_apache_airflow_pipeline/venv/lib/python3.9/site-packages/airflow/example_dags/example_nested_branch_dag.py for tasks to queue
[2025-01-05 11:03:00,591] {logging_mixin.py:115} INFO - [2025-01-05 11:03:00,590] {dagbag.py:507} INFO - Filling up the DagBag from /home/daniel/Documents/Alura/python_apache_airflow_pipeline/venv/lib/python3.9/site-packages/airflow/example_dags/example_nested_branch_dag.py
[2025-01-05 11:03:00,615] {processor.py:651} INFO - DAG(s) dict_keys(['example_nested_branch_dag']) retrieved from /home/daniel/Documents/Alura/python_apache_airflow_pipeline/venv/lib/python3.9/site-packages/airflow/example_dags/example_nested_branch_dag.py
[2025-01-05 11:03:00,660] {logging_mixin.py:115} INFO - [2025-01-05 11:03:00,660] {dag.py:2379} INFO - Sync 1 DAGs
[2025-01-05 11:03:00,702] {logging_mixin.py:115} INFO - [2025-01-05 11:03:00,700] {dag.py:2927} INFO - Setting next_dagrun for example_nested_branch_dag to 2025-01-04T00:00:00+00:00, run_after=2025-01-05T00:00:00+00:00
[2025-01-05 11:03:00,735] {processor.py:161} INFO - Processing /home/daniel/Documents/Alura/python_apache_airflow_pipeline/venv/lib/python3.9/site-packages/airflow/example_dags/example_nested_branch_dag.py took 0.157 seconds
[2025-01-05 11:03:55,083] {processor.py:153} INFO - Started process (PID=7485) to work on /home/daniel/Documents/Alura/python_apache_airflow_pipeline/venv/lib/python3.9/site-packages/airflow/example_dags/example_nested_branch_dag.py
[2025-01-05 11:03:55,087] {processor.py:641} INFO - Processing file /home/daniel/Documents/Alura/python_apache_airflow_pipeline/venv/lib/python3.9/site-packages/airflow/example_dags/example_nested_branch_dag.py for tasks to queue
[2025-01-05 11:03:55,091] {logging_mixin.py:115} INFO - [2025-01-05 11:03:55,091] {dagbag.py:507} INFO - Filling up the DagBag from /home/daniel/Documents/Alura/python_apache_airflow_pipeline/venv/lib/python3.9/site-packages/airflow/example_dags/example_nested_branch_dag.py
[2025-01-05 11:03:55,115] {processor.py:651} INFO - DAG(s) dict_keys(['example_nested_branch_dag']) retrieved from /home/daniel/Documents/Alura/python_apache_airflow_pipeline/venv/lib/python3.9/site-packages/airflow/example_dags/example_nested_branch_dag.py
[2025-01-05 11:03:55,155] {logging_mixin.py:115} INFO - [2025-01-05 11:03:55,155] {dag.py:2379} INFO - Sync 1 DAGs
[2025-01-05 11:03:55,235] {logging_mixin.py:115} INFO - [2025-01-05 11:03:55,235] {dag.py:2927} INFO - Setting next_dagrun for example_nested_branch_dag to 2025-01-04T00:00:00+00:00, run_after=2025-01-05T00:00:00+00:00
[2025-01-05 11:03:55,278] {processor.py:161} INFO - Processing /home/daniel/Documents/Alura/python_apache_airflow_pipeline/venv/lib/python3.9/site-packages/airflow/example_dags/example_nested_branch_dag.py took 0.204 seconds
[2025-01-05 11:04:49,546] {processor.py:153} INFO - Started process (PID=7759) to work on /home/daniel/Documents/Alura/python_apache_airflow_pipeline/venv/lib/python3.9/site-packages/airflow/example_dags/example_nested_branch_dag.py
[2025-01-05 11:04:49,551] {processor.py:641} INFO - Processing file /home/daniel/Documents/Alura/python_apache_airflow_pipeline/venv/lib/python3.9/site-packages/airflow/example_dags/example_nested_branch_dag.py for tasks to queue
[2025-01-05 11:04:49,554] {logging_mixin.py:115} INFO - [2025-01-05 11:04:49,554] {dagbag.py:507} INFO - Filling up the DagBag from /home/daniel/Documents/Alura/python_apache_airflow_pipeline/venv/lib/python3.9/site-packages/airflow/example_dags/example_nested_branch_dag.py
[2025-01-05 11:04:49,599] {processor.py:651} INFO - DAG(s) dict_keys(['example_nested_branch_dag']) retrieved from /home/daniel/Documents/Alura/python_apache_airflow_pipeline/venv/lib/python3.9/site-packages/airflow/example_dags/example_nested_branch_dag.py
[2025-01-05 11:04:49,686] {logging_mixin.py:115} INFO - [2025-01-05 11:04:49,683] {dag.py:2379} INFO - Sync 1 DAGs
[2025-01-05 11:04:49,775] {logging_mixin.py:115} INFO - [2025-01-05 11:04:49,775] {dag.py:2927} INFO - Setting next_dagrun for example_nested_branch_dag to 2025-01-04T00:00:00+00:00, run_after=2025-01-05T00:00:00+00:00
[2025-01-05 11:04:49,859] {processor.py:161} INFO - Processing /home/daniel/Documents/Alura/python_apache_airflow_pipeline/venv/lib/python3.9/site-packages/airflow/example_dags/example_nested_branch_dag.py took 0.328 seconds
[2025-01-05 11:06:13,570] {processor.py:153} INFO - Started process (PID=8167) to work on /home/daniel/Documents/Alura/python_apache_airflow_pipeline/venv/lib/python3.9/site-packages/airflow/example_dags/example_nested_branch_dag.py
[2025-01-05 11:06:13,574] {processor.py:641} INFO - Processing file /home/daniel/Documents/Alura/python_apache_airflow_pipeline/venv/lib/python3.9/site-packages/airflow/example_dags/example_nested_branch_dag.py for tasks to queue
[2025-01-05 11:06:13,578] {logging_mixin.py:115} INFO - [2025-01-05 11:06:13,578] {dagbag.py:507} INFO - Filling up the DagBag from /home/daniel/Documents/Alura/python_apache_airflow_pipeline/venv/lib/python3.9/site-packages/airflow/example_dags/example_nested_branch_dag.py
[2025-01-05 11:06:13,646] {processor.py:651} INFO - DAG(s) dict_keys(['example_nested_branch_dag']) retrieved from /home/daniel/Documents/Alura/python_apache_airflow_pipeline/venv/lib/python3.9/site-packages/airflow/example_dags/example_nested_branch_dag.py
[2025-01-05 11:06:13,747] {logging_mixin.py:115} INFO - [2025-01-05 11:06:13,747] {dag.py:2379} INFO - Sync 1 DAGs
[2025-01-05 11:06:13,871] {logging_mixin.py:115} INFO - [2025-01-05 11:06:13,871] {dag.py:2927} INFO - Setting next_dagrun for example_nested_branch_dag to 2025-01-04T00:00:00+00:00, run_after=2025-01-05T00:00:00+00:00
[2025-01-05 11:06:13,982] {processor.py:161} INFO - Processing /home/daniel/Documents/Alura/python_apache_airflow_pipeline/venv/lib/python3.9/site-packages/airflow/example_dags/example_nested_branch_dag.py took 0.432 seconds
