[2025-01-05 09:08:49,324] {processor.py:153} INFO - Started process (PID=16657) to work on /home/daniel/Documents/Alura/python_apache_airflow_pipeline/venv/lib/python3.9/site-packages/airflow/example_dags/example_latest_only.py
[2025-01-05 09:08:49,325] {processor.py:641} INFO - Processing file /home/daniel/Documents/Alura/python_apache_airflow_pipeline/venv/lib/python3.9/site-packages/airflow/example_dags/example_latest_only.py for tasks to queue
[2025-01-05 09:08:49,326] {logging_mixin.py:115} INFO - [2025-01-05 09:08:49,326] {dagbag.py:507} INFO - Filling up the DagBag from /home/daniel/Documents/Alura/python_apache_airflow_pipeline/venv/lib/python3.9/site-packages/airflow/example_dags/example_latest_only.py
[2025-01-05 09:08:49,377] {processor.py:651} INFO - DAG(s) dict_keys(['latest_only']) retrieved from /home/daniel/Documents/Alura/python_apache_airflow_pipeline/venv/lib/python3.9/site-packages/airflow/example_dags/example_latest_only.py
[2025-01-05 09:08:49,558] {logging_mixin.py:115} INFO - [2025-01-05 09:08:49,557] {dag.py:2379} INFO - Sync 1 DAGs
[2025-01-05 09:08:49,917] {logging_mixin.py:115} INFO - [2025-01-05 09:08:49,917] {dag.py:2927} INFO - Setting next_dagrun for latest_only to 2025-01-05T08:08:49.915158+00:00, run_after=2025-01-05T12:08:49.915158+00:00
[2025-01-05 09:08:49,958] {processor.py:161} INFO - Processing /home/daniel/Documents/Alura/python_apache_airflow_pipeline/venv/lib/python3.9/site-packages/airflow/example_dags/example_latest_only.py took 0.659 seconds
[2025-01-05 09:39:55,741] {processor.py:153} INFO - Started process (PID=5164) to work on /home/daniel/Documents/Alura/python_apache_airflow_pipeline/venv/lib/python3.9/site-packages/airflow/example_dags/example_latest_only.py
[2025-01-05 09:39:55,753] {processor.py:641} INFO - Processing file /home/daniel/Documents/Alura/python_apache_airflow_pipeline/venv/lib/python3.9/site-packages/airflow/example_dags/example_latest_only.py for tasks to queue
[2025-01-05 09:39:55,760] {logging_mixin.py:115} INFO - [2025-01-05 09:39:55,757] {dagbag.py:507} INFO - Filling up the DagBag from /home/daniel/Documents/Alura/python_apache_airflow_pipeline/venv/lib/python3.9/site-packages/airflow/example_dags/example_latest_only.py
[2025-01-05 09:39:55,816] {processor.py:651} INFO - DAG(s) dict_keys(['latest_only']) retrieved from /home/daniel/Documents/Alura/python_apache_airflow_pipeline/venv/lib/python3.9/site-packages/airflow/example_dags/example_latest_only.py
[2025-01-05 09:39:56,077] {logging_mixin.py:115} INFO - [2025-01-05 09:39:56,076] {dag.py:2379} INFO - Sync 1 DAGs
[2025-01-05 09:39:56,257] {logging_mixin.py:115} INFO - [2025-01-05 09:39:56,257] {dag.py:2927} INFO - Setting next_dagrun for latest_only to 2025-01-05T08:39:56.253217+00:00, run_after=2025-01-05T12:39:56.253217+00:00
[2025-01-05 09:39:56,437] {processor.py:161} INFO - Processing /home/daniel/Documents/Alura/python_apache_airflow_pipeline/venv/lib/python3.9/site-packages/airflow/example_dags/example_latest_only.py took 0.708 seconds
[2025-01-05 09:55:00,133] {processor.py:153} INFO - Started process (PID=3661) to work on /home/daniel/Documents/Alura/python_apache_airflow_pipeline/venv/lib/python3.9/site-packages/airflow/example_dags/example_latest_only.py
[2025-01-05 09:55:00,136] {processor.py:641} INFO - Processing file /home/daniel/Documents/Alura/python_apache_airflow_pipeline/venv/lib/python3.9/site-packages/airflow/example_dags/example_latest_only.py for tasks to queue
[2025-01-05 09:55:00,138] {logging_mixin.py:115} INFO - [2025-01-05 09:55:00,138] {dagbag.py:507} INFO - Filling up the DagBag from /home/daniel/Documents/Alura/python_apache_airflow_pipeline/venv/lib/python3.9/site-packages/airflow/example_dags/example_latest_only.py
[2025-01-05 09:55:00,151] {processor.py:651} INFO - DAG(s) dict_keys(['latest_only']) retrieved from /home/daniel/Documents/Alura/python_apache_airflow_pipeline/venv/lib/python3.9/site-packages/airflow/example_dags/example_latest_only.py
[2025-01-05 09:55:00,183] {logging_mixin.py:115} INFO - [2025-01-05 09:55:00,183] {dag.py:2379} INFO - Sync 1 DAGs
[2025-01-05 09:55:00,225] {logging_mixin.py:115} INFO - [2025-01-05 09:55:00,224] {dag.py:2927} INFO - Setting next_dagrun for latest_only to 2025-01-05T08:55:00.224117+00:00, run_after=2025-01-05T12:55:00.224117+00:00
[2025-01-05 09:55:00,255] {processor.py:161} INFO - Processing /home/daniel/Documents/Alura/python_apache_airflow_pipeline/venv/lib/python3.9/site-packages/airflow/example_dags/example_latest_only.py took 0.132 seconds
[2025-01-05 09:55:49,436] {processor.py:153} INFO - Started process (PID=4161) to work on /home/daniel/Documents/Alura/python_apache_airflow_pipeline/venv/lib/python3.9/site-packages/airflow/example_dags/example_latest_only.py
[2025-01-05 09:55:49,439] {processor.py:641} INFO - Processing file /home/daniel/Documents/Alura/python_apache_airflow_pipeline/venv/lib/python3.9/site-packages/airflow/example_dags/example_latest_only.py for tasks to queue
[2025-01-05 09:55:49,441] {logging_mixin.py:115} INFO - [2025-01-05 09:55:49,441] {dagbag.py:507} INFO - Filling up the DagBag from /home/daniel/Documents/Alura/python_apache_airflow_pipeline/venv/lib/python3.9/site-packages/airflow/example_dags/example_latest_only.py
[2025-01-05 09:55:49,462] {processor.py:651} INFO - DAG(s) dict_keys(['latest_only']) retrieved from /home/daniel/Documents/Alura/python_apache_airflow_pipeline/venv/lib/python3.9/site-packages/airflow/example_dags/example_latest_only.py
[2025-01-05 09:55:49,514] {logging_mixin.py:115} INFO - [2025-01-05 09:55:49,513] {dag.py:2379} INFO - Sync 1 DAGs
[2025-01-05 09:55:49,577] {logging_mixin.py:115} INFO - [2025-01-05 09:55:49,576] {dag.py:2927} INFO - Setting next_dagrun for latest_only to 2025-01-05T08:55:49.575964+00:00, run_after=2025-01-05T12:55:49.575964+00:00
[2025-01-05 09:55:49,615] {processor.py:161} INFO - Processing /home/daniel/Documents/Alura/python_apache_airflow_pipeline/venv/lib/python3.9/site-packages/airflow/example_dags/example_latest_only.py took 0.188 seconds
[2025-01-05 09:56:30,250] {processor.py:153} INFO - Started process (PID=4384) to work on /home/daniel/Documents/Alura/python_apache_airflow_pipeline/venv/lib/python3.9/site-packages/airflow/example_dags/example_latest_only.py
[2025-01-05 09:56:30,254] {processor.py:641} INFO - Processing file /home/daniel/Documents/Alura/python_apache_airflow_pipeline/venv/lib/python3.9/site-packages/airflow/example_dags/example_latest_only.py for tasks to queue
[2025-01-05 09:56:30,255] {logging_mixin.py:115} INFO - [2025-01-05 09:56:30,255] {dagbag.py:507} INFO - Filling up the DagBag from /home/daniel/Documents/Alura/python_apache_airflow_pipeline/venv/lib/python3.9/site-packages/airflow/example_dags/example_latest_only.py
[2025-01-05 09:56:30,270] {processor.py:651} INFO - DAG(s) dict_keys(['latest_only']) retrieved from /home/daniel/Documents/Alura/python_apache_airflow_pipeline/venv/lib/python3.9/site-packages/airflow/example_dags/example_latest_only.py
[2025-01-05 09:56:30,306] {logging_mixin.py:115} INFO - [2025-01-05 09:56:30,306] {dag.py:2379} INFO - Sync 1 DAGs
[2025-01-05 09:56:30,350] {logging_mixin.py:115} INFO - [2025-01-05 09:56:30,350] {dag.py:2927} INFO - Setting next_dagrun for latest_only to 2025-01-05T08:56:30.348053+00:00, run_after=2025-01-05T12:56:30.348053+00:00
[2025-01-05 09:56:30,395] {processor.py:161} INFO - Processing /home/daniel/Documents/Alura/python_apache_airflow_pipeline/venv/lib/python3.9/site-packages/airflow/example_dags/example_latest_only.py took 0.153 seconds
[2025-01-05 09:57:13,578] {processor.py:153} INFO - Started process (PID=4909) to work on /home/daniel/Documents/Alura/python_apache_airflow_pipeline/venv/lib/python3.9/site-packages/airflow/example_dags/example_latest_only.py
[2025-01-05 09:57:13,583] {processor.py:641} INFO - Processing file /home/daniel/Documents/Alura/python_apache_airflow_pipeline/venv/lib/python3.9/site-packages/airflow/example_dags/example_latest_only.py for tasks to queue
[2025-01-05 09:57:13,593] {logging_mixin.py:115} INFO - [2025-01-05 09:57:13,593] {dagbag.py:507} INFO - Filling up the DagBag from /home/daniel/Documents/Alura/python_apache_airflow_pipeline/venv/lib/python3.9/site-packages/airflow/example_dags/example_latest_only.py
[2025-01-05 09:57:13,607] {processor.py:651} INFO - DAG(s) dict_keys(['latest_only']) retrieved from /home/daniel/Documents/Alura/python_apache_airflow_pipeline/venv/lib/python3.9/site-packages/airflow/example_dags/example_latest_only.py
[2025-01-05 09:57:13,657] {logging_mixin.py:115} INFO - [2025-01-05 09:57:13,657] {dag.py:2379} INFO - Sync 1 DAGs
[2025-01-05 09:57:13,743] {logging_mixin.py:115} INFO - [2025-01-05 09:57:13,743] {dag.py:2927} INFO - Setting next_dagrun for latest_only to 2025-01-05T08:57:13.741763+00:00, run_after=2025-01-05T12:57:13.741763+00:00
[2025-01-05 09:57:13,790] {processor.py:161} INFO - Processing /home/daniel/Documents/Alura/python_apache_airflow_pipeline/venv/lib/python3.9/site-packages/airflow/example_dags/example_latest_only.py took 0.217 seconds
[2025-01-05 09:58:34,469] {processor.py:153} INFO - Started process (PID=5738) to work on /home/daniel/Documents/Alura/python_apache_airflow_pipeline/venv/lib/python3.9/site-packages/airflow/example_dags/example_latest_only.py
[2025-01-05 09:58:34,471] {processor.py:641} INFO - Processing file /home/daniel/Documents/Alura/python_apache_airflow_pipeline/venv/lib/python3.9/site-packages/airflow/example_dags/example_latest_only.py for tasks to queue
[2025-01-05 09:58:34,474] {logging_mixin.py:115} INFO - [2025-01-05 09:58:34,474] {dagbag.py:507} INFO - Filling up the DagBag from /home/daniel/Documents/Alura/python_apache_airflow_pipeline/venv/lib/python3.9/site-packages/airflow/example_dags/example_latest_only.py
[2025-01-05 09:58:34,494] {processor.py:651} INFO - DAG(s) dict_keys(['latest_only']) retrieved from /home/daniel/Documents/Alura/python_apache_airflow_pipeline/venv/lib/python3.9/site-packages/airflow/example_dags/example_latest_only.py
[2025-01-05 09:58:34,547] {logging_mixin.py:115} INFO - [2025-01-05 09:58:34,547] {dag.py:2379} INFO - Sync 1 DAGs
[2025-01-05 09:58:34,583] {logging_mixin.py:115} INFO - [2025-01-05 09:58:34,583] {dag.py:2927} INFO - Setting next_dagrun for latest_only to 2025-01-05T08:58:34.583121+00:00, run_after=2025-01-05T12:58:34.583121+00:00
[2025-01-05 09:58:34,619] {processor.py:161} INFO - Processing /home/daniel/Documents/Alura/python_apache_airflow_pipeline/venv/lib/python3.9/site-packages/airflow/example_dags/example_latest_only.py took 0.160 seconds
[2025-01-05 09:59:56,514] {processor.py:153} INFO - Started process (PID=6554) to work on /home/daniel/Documents/Alura/python_apache_airflow_pipeline/venv/lib/python3.9/site-packages/airflow/example_dags/example_latest_only.py
[2025-01-05 09:59:56,518] {processor.py:641} INFO - Processing file /home/daniel/Documents/Alura/python_apache_airflow_pipeline/venv/lib/python3.9/site-packages/airflow/example_dags/example_latest_only.py for tasks to queue
[2025-01-05 09:59:56,521] {logging_mixin.py:115} INFO - [2025-01-05 09:59:56,521] {dagbag.py:507} INFO - Filling up the DagBag from /home/daniel/Documents/Alura/python_apache_airflow_pipeline/venv/lib/python3.9/site-packages/airflow/example_dags/example_latest_only.py
[2025-01-05 09:59:56,537] {processor.py:651} INFO - DAG(s) dict_keys(['latest_only']) retrieved from /home/daniel/Documents/Alura/python_apache_airflow_pipeline/venv/lib/python3.9/site-packages/airflow/example_dags/example_latest_only.py
[2025-01-05 09:59:56,575] {logging_mixin.py:115} INFO - [2025-01-05 09:59:56,575] {dag.py:2379} INFO - Sync 1 DAGs
[2025-01-05 09:59:56,631] {logging_mixin.py:115} INFO - [2025-01-05 09:59:56,631] {dag.py:2927} INFO - Setting next_dagrun for latest_only to 2025-01-05T08:59:56.631101+00:00, run_after=2025-01-05T12:59:56.631101+00:00
[2025-01-05 09:59:56,682] {processor.py:161} INFO - Processing /home/daniel/Documents/Alura/python_apache_airflow_pipeline/venv/lib/python3.9/site-packages/airflow/example_dags/example_latest_only.py took 0.179 seconds
[2025-01-05 10:00:43,154] {processor.py:153} INFO - Started process (PID=6855) to work on /home/daniel/Documents/Alura/python_apache_airflow_pipeline/venv/lib/python3.9/site-packages/airflow/example_dags/example_latest_only.py
[2025-01-05 10:00:43,161] {processor.py:641} INFO - Processing file /home/daniel/Documents/Alura/python_apache_airflow_pipeline/venv/lib/python3.9/site-packages/airflow/example_dags/example_latest_only.py for tasks to queue
[2025-01-05 10:00:43,163] {logging_mixin.py:115} INFO - [2025-01-05 10:00:43,162] {dagbag.py:507} INFO - Filling up the DagBag from /home/daniel/Documents/Alura/python_apache_airflow_pipeline/venv/lib/python3.9/site-packages/airflow/example_dags/example_latest_only.py
[2025-01-05 10:00:43,195] {processor.py:651} INFO - DAG(s) dict_keys(['latest_only']) retrieved from /home/daniel/Documents/Alura/python_apache_airflow_pipeline/venv/lib/python3.9/site-packages/airflow/example_dags/example_latest_only.py
[2025-01-05 10:00:43,254] {logging_mixin.py:115} INFO - [2025-01-05 10:00:43,254] {dag.py:2379} INFO - Sync 1 DAGs
[2025-01-05 10:00:43,293] {logging_mixin.py:115} INFO - [2025-01-05 10:00:43,293] {dag.py:2927} INFO - Setting next_dagrun for latest_only to 2025-01-05T09:00:43.291183+00:00, run_after=2025-01-05T13:00:43.291183+00:00
[2025-01-05 10:00:43,341] {processor.py:161} INFO - Processing /home/daniel/Documents/Alura/python_apache_airflow_pipeline/venv/lib/python3.9/site-packages/airflow/example_dags/example_latest_only.py took 0.207 seconds
[2025-01-05 10:03:23,138] {processor.py:153} INFO - Started process (PID=8003) to work on /home/daniel/Documents/Alura/python_apache_airflow_pipeline/venv/lib/python3.9/site-packages/airflow/example_dags/example_latest_only.py
[2025-01-05 10:03:23,149] {processor.py:641} INFO - Processing file /home/daniel/Documents/Alura/python_apache_airflow_pipeline/venv/lib/python3.9/site-packages/airflow/example_dags/example_latest_only.py for tasks to queue
[2025-01-05 10:03:23,153] {logging_mixin.py:115} INFO - [2025-01-05 10:03:23,153] {dagbag.py:507} INFO - Filling up the DagBag from /home/daniel/Documents/Alura/python_apache_airflow_pipeline/venv/lib/python3.9/site-packages/airflow/example_dags/example_latest_only.py
[2025-01-05 10:03:23,182] {processor.py:651} INFO - DAG(s) dict_keys(['latest_only']) retrieved from /home/daniel/Documents/Alura/python_apache_airflow_pipeline/venv/lib/python3.9/site-packages/airflow/example_dags/example_latest_only.py
[2025-01-05 10:03:23,274] {logging_mixin.py:115} INFO - [2025-01-05 10:03:23,274] {dag.py:2379} INFO - Sync 1 DAGs
[2025-01-05 10:03:23,354] {logging_mixin.py:115} INFO - [2025-01-05 10:03:23,354] {dag.py:2927} INFO - Setting next_dagrun for latest_only to 2025-01-05T09:03:23.350633+00:00, run_after=2025-01-05T13:03:23.350633+00:00
[2025-01-05 10:03:23,429] {processor.py:161} INFO - Processing /home/daniel/Documents/Alura/python_apache_airflow_pipeline/venv/lib/python3.9/site-packages/airflow/example_dags/example_latest_only.py took 0.311 seconds
[2025-01-05 10:04:16,385] {processor.py:153} INFO - Started process (PID=8206) to work on /home/daniel/Documents/Alura/python_apache_airflow_pipeline/venv/lib/python3.9/site-packages/airflow/example_dags/example_latest_only.py
[2025-01-05 10:04:16,397] {processor.py:641} INFO - Processing file /home/daniel/Documents/Alura/python_apache_airflow_pipeline/venv/lib/python3.9/site-packages/airflow/example_dags/example_latest_only.py for tasks to queue
[2025-01-05 10:04:16,409] {logging_mixin.py:115} INFO - [2025-01-05 10:04:16,409] {dagbag.py:507} INFO - Filling up the DagBag from /home/daniel/Documents/Alura/python_apache_airflow_pipeline/venv/lib/python3.9/site-packages/airflow/example_dags/example_latest_only.py
[2025-01-05 10:04:16,445] {processor.py:651} INFO - DAG(s) dict_keys(['latest_only']) retrieved from /home/daniel/Documents/Alura/python_apache_airflow_pipeline/venv/lib/python3.9/site-packages/airflow/example_dags/example_latest_only.py
[2025-01-05 10:04:16,529] {logging_mixin.py:115} INFO - [2025-01-05 10:04:16,529] {dag.py:2379} INFO - Sync 1 DAGs
[2025-01-05 10:04:16,601] {logging_mixin.py:115} INFO - [2025-01-05 10:04:16,601] {dag.py:2927} INFO - Setting next_dagrun for latest_only to 2025-01-05T09:04:16.598106+00:00, run_after=2025-01-05T13:04:16.598106+00:00
[2025-01-05 10:04:16,671] {processor.py:161} INFO - Processing /home/daniel/Documents/Alura/python_apache_airflow_pipeline/venv/lib/python3.9/site-packages/airflow/example_dags/example_latest_only.py took 0.302 seconds
[2025-01-05 10:05:54,053] {processor.py:153} INFO - Started process (PID=8465) to work on /home/daniel/Documents/Alura/python_apache_airflow_pipeline/venv/lib/python3.9/site-packages/airflow/example_dags/example_latest_only.py
[2025-01-05 10:05:54,061] {processor.py:641} INFO - Processing file /home/daniel/Documents/Alura/python_apache_airflow_pipeline/venv/lib/python3.9/site-packages/airflow/example_dags/example_latest_only.py for tasks to queue
[2025-01-05 10:05:54,089] {logging_mixin.py:115} INFO - [2025-01-05 10:05:54,085] {dagbag.py:507} INFO - Filling up the DagBag from /home/daniel/Documents/Alura/python_apache_airflow_pipeline/venv/lib/python3.9/site-packages/airflow/example_dags/example_latest_only.py
[2025-01-05 10:05:54,169] {processor.py:651} INFO - DAG(s) dict_keys(['latest_only']) retrieved from /home/daniel/Documents/Alura/python_apache_airflow_pipeline/venv/lib/python3.9/site-packages/airflow/example_dags/example_latest_only.py
[2025-01-05 10:05:54,529] {logging_mixin.py:115} INFO - [2025-01-05 10:05:54,513] {dag.py:2379} INFO - Sync 1 DAGs
[2025-01-05 10:05:54,765] {logging_mixin.py:115} INFO - [2025-01-05 10:05:54,765] {dag.py:2927} INFO - Setting next_dagrun for latest_only to 2025-01-05T09:05:54.765279+00:00, run_after=2025-01-05T13:05:54.765279+00:00
[2025-01-05 10:05:54,889] {processor.py:161} INFO - Processing /home/daniel/Documents/Alura/python_apache_airflow_pipeline/venv/lib/python3.9/site-packages/airflow/example_dags/example_latest_only.py took 0.892 seconds
[2025-01-05 10:16:46,430] {processor.py:153} INFO - Started process (PID=9313) to work on /home/daniel/Documents/Alura/python_apache_airflow_pipeline/venv/lib/python3.9/site-packages/airflow/example_dags/example_latest_only.py
[2025-01-05 10:16:46,432] {processor.py:641} INFO - Processing file /home/daniel/Documents/Alura/python_apache_airflow_pipeline/venv/lib/python3.9/site-packages/airflow/example_dags/example_latest_only.py for tasks to queue
[2025-01-05 10:16:46,433] {logging_mixin.py:115} INFO - [2025-01-05 10:16:46,433] {dagbag.py:507} INFO - Filling up the DagBag from /home/daniel/Documents/Alura/python_apache_airflow_pipeline/venv/lib/python3.9/site-packages/airflow/example_dags/example_latest_only.py
[2025-01-05 10:16:46,440] {processor.py:651} INFO - DAG(s) dict_keys(['latest_only']) retrieved from /home/daniel/Documents/Alura/python_apache_airflow_pipeline/venv/lib/python3.9/site-packages/airflow/example_dags/example_latest_only.py
[2025-01-05 10:16:46,455] {logging_mixin.py:115} INFO - [2025-01-05 10:16:46,455] {dag.py:2379} INFO - Sync 1 DAGs
[2025-01-05 10:16:46,472] {logging_mixin.py:115} INFO - [2025-01-05 10:16:46,471] {dag.py:2927} INFO - Setting next_dagrun for latest_only to 2025-01-05T09:16:46.471717+00:00, run_after=2025-01-05T13:16:46.471717+00:00
[2025-01-05 10:16:46,483] {processor.py:161} INFO - Processing /home/daniel/Documents/Alura/python_apache_airflow_pipeline/venv/lib/python3.9/site-packages/airflow/example_dags/example_latest_only.py took 0.056 seconds
[2025-01-05 10:17:23,336] {processor.py:153} INFO - Started process (PID=9665) to work on /home/daniel/Documents/Alura/python_apache_airflow_pipeline/venv/lib/python3.9/site-packages/airflow/example_dags/example_latest_only.py
[2025-01-05 10:17:23,337] {processor.py:641} INFO - Processing file /home/daniel/Documents/Alura/python_apache_airflow_pipeline/venv/lib/python3.9/site-packages/airflow/example_dags/example_latest_only.py for tasks to queue
[2025-01-05 10:17:23,337] {logging_mixin.py:115} INFO - [2025-01-05 10:17:23,337] {dagbag.py:507} INFO - Filling up the DagBag from /home/daniel/Documents/Alura/python_apache_airflow_pipeline/venv/lib/python3.9/site-packages/airflow/example_dags/example_latest_only.py
[2025-01-05 10:17:23,342] {processor.py:651} INFO - DAG(s) dict_keys(['latest_only']) retrieved from /home/daniel/Documents/Alura/python_apache_airflow_pipeline/venv/lib/python3.9/site-packages/airflow/example_dags/example_latest_only.py
[2025-01-05 10:17:23,356] {logging_mixin.py:115} INFO - [2025-01-05 10:17:23,356] {dag.py:2379} INFO - Sync 1 DAGs
[2025-01-05 10:17:23,371] {logging_mixin.py:115} INFO - [2025-01-05 10:17:23,371] {dag.py:2927} INFO - Setting next_dagrun for latest_only to 2025-01-05T09:17:23.370845+00:00, run_after=2025-01-05T13:17:23.370845+00:00
[2025-01-05 10:17:23,384] {processor.py:161} INFO - Processing /home/daniel/Documents/Alura/python_apache_airflow_pipeline/venv/lib/python3.9/site-packages/airflow/example_dags/example_latest_only.py took 0.051 seconds
[2025-01-05 10:17:59,570] {processor.py:153} INFO - Started process (PID=9886) to work on /home/daniel/Documents/Alura/python_apache_airflow_pipeline/venv/lib/python3.9/site-packages/airflow/example_dags/example_latest_only.py
[2025-01-05 10:17:59,571] {processor.py:641} INFO - Processing file /home/daniel/Documents/Alura/python_apache_airflow_pipeline/venv/lib/python3.9/site-packages/airflow/example_dags/example_latest_only.py for tasks to queue
[2025-01-05 10:17:59,572] {logging_mixin.py:115} INFO - [2025-01-05 10:17:59,572] {dagbag.py:507} INFO - Filling up the DagBag from /home/daniel/Documents/Alura/python_apache_airflow_pipeline/venv/lib/python3.9/site-packages/airflow/example_dags/example_latest_only.py
[2025-01-05 10:17:59,578] {processor.py:651} INFO - DAG(s) dict_keys(['latest_only']) retrieved from /home/daniel/Documents/Alura/python_apache_airflow_pipeline/venv/lib/python3.9/site-packages/airflow/example_dags/example_latest_only.py
[2025-01-05 10:17:59,600] {logging_mixin.py:115} INFO - [2025-01-05 10:17:59,600] {dag.py:2379} INFO - Sync 1 DAGs
[2025-01-05 10:17:59,622] {logging_mixin.py:115} INFO - [2025-01-05 10:17:59,621] {dag.py:2927} INFO - Setting next_dagrun for latest_only to 2025-01-05T09:17:59.621411+00:00, run_after=2025-01-05T13:17:59.621411+00:00
[2025-01-05 10:17:59,637] {processor.py:161} INFO - Processing /home/daniel/Documents/Alura/python_apache_airflow_pipeline/venv/lib/python3.9/site-packages/airflow/example_dags/example_latest_only.py took 0.071 seconds
[2025-01-05 10:18:36,824] {processor.py:153} INFO - Started process (PID=10092) to work on /home/daniel/Documents/Alura/python_apache_airflow_pipeline/venv/lib/python3.9/site-packages/airflow/example_dags/example_latest_only.py
[2025-01-05 10:18:36,825] {processor.py:641} INFO - Processing file /home/daniel/Documents/Alura/python_apache_airflow_pipeline/venv/lib/python3.9/site-packages/airflow/example_dags/example_latest_only.py for tasks to queue
[2025-01-05 10:18:36,826] {logging_mixin.py:115} INFO - [2025-01-05 10:18:36,826] {dagbag.py:507} INFO - Filling up the DagBag from /home/daniel/Documents/Alura/python_apache_airflow_pipeline/venv/lib/python3.9/site-packages/airflow/example_dags/example_latest_only.py
[2025-01-05 10:18:36,833] {processor.py:651} INFO - DAG(s) dict_keys(['latest_only']) retrieved from /home/daniel/Documents/Alura/python_apache_airflow_pipeline/venv/lib/python3.9/site-packages/airflow/example_dags/example_latest_only.py
[2025-01-05 10:18:36,871] {logging_mixin.py:115} INFO - [2025-01-05 10:18:36,871] {dag.py:2379} INFO - Sync 1 DAGs
[2025-01-05 10:18:36,891] {logging_mixin.py:115} INFO - [2025-01-05 10:18:36,890] {dag.py:2927} INFO - Setting next_dagrun for latest_only to 2025-01-05T09:18:36.890661+00:00, run_after=2025-01-05T13:18:36.890661+00:00
[2025-01-05 10:18:36,910] {processor.py:161} INFO - Processing /home/daniel/Documents/Alura/python_apache_airflow_pipeline/venv/lib/python3.9/site-packages/airflow/example_dags/example_latest_only.py took 0.089 seconds
[2025-01-05 10:19:22,185] {processor.py:153} INFO - Started process (PID=10517) to work on /home/daniel/Documents/Alura/python_apache_airflow_pipeline/venv/lib/python3.9/site-packages/airflow/example_dags/example_latest_only.py
[2025-01-05 10:19:22,187] {processor.py:641} INFO - Processing file /home/daniel/Documents/Alura/python_apache_airflow_pipeline/venv/lib/python3.9/site-packages/airflow/example_dags/example_latest_only.py for tasks to queue
[2025-01-05 10:19:22,188] {logging_mixin.py:115} INFO - [2025-01-05 10:19:22,188] {dagbag.py:507} INFO - Filling up the DagBag from /home/daniel/Documents/Alura/python_apache_airflow_pipeline/venv/lib/python3.9/site-packages/airflow/example_dags/example_latest_only.py
[2025-01-05 10:19:22,196] {processor.py:651} INFO - DAG(s) dict_keys(['latest_only']) retrieved from /home/daniel/Documents/Alura/python_apache_airflow_pipeline/venv/lib/python3.9/site-packages/airflow/example_dags/example_latest_only.py
[2025-01-05 10:19:22,223] {logging_mixin.py:115} INFO - [2025-01-05 10:19:22,223] {dag.py:2379} INFO - Sync 1 DAGs
[2025-01-05 10:19:22,258] {logging_mixin.py:115} INFO - [2025-01-05 10:19:22,258] {dag.py:2927} INFO - Setting next_dagrun for latest_only to 2025-01-05T09:19:22.258249+00:00, run_after=2025-01-05T13:19:22.258249+00:00
[2025-01-05 10:19:22,295] {processor.py:161} INFO - Processing /home/daniel/Documents/Alura/python_apache_airflow_pipeline/venv/lib/python3.9/site-packages/airflow/example_dags/example_latest_only.py took 0.114 seconds
[2025-01-05 10:20:06,455] {processor.py:153} INFO - Started process (PID=10737) to work on /home/daniel/Documents/Alura/python_apache_airflow_pipeline/venv/lib/python3.9/site-packages/airflow/example_dags/example_latest_only.py
[2025-01-05 10:20:06,458] {processor.py:641} INFO - Processing file /home/daniel/Documents/Alura/python_apache_airflow_pipeline/venv/lib/python3.9/site-packages/airflow/example_dags/example_latest_only.py for tasks to queue
[2025-01-05 10:20:06,459] {logging_mixin.py:115} INFO - [2025-01-05 10:20:06,459] {dagbag.py:507} INFO - Filling up the DagBag from /home/daniel/Documents/Alura/python_apache_airflow_pipeline/venv/lib/python3.9/site-packages/airflow/example_dags/example_latest_only.py
[2025-01-05 10:20:06,473] {processor.py:651} INFO - DAG(s) dict_keys(['latest_only']) retrieved from /home/daniel/Documents/Alura/python_apache_airflow_pipeline/venv/lib/python3.9/site-packages/airflow/example_dags/example_latest_only.py
[2025-01-05 10:20:06,499] {logging_mixin.py:115} INFO - [2025-01-05 10:20:06,498] {dag.py:2379} INFO - Sync 1 DAGs
[2025-01-05 10:20:06,527] {logging_mixin.py:115} INFO - [2025-01-05 10:20:06,527] {dag.py:2927} INFO - Setting next_dagrun for latest_only to 2025-01-05T09:20:06.526913+00:00, run_after=2025-01-05T13:20:06.526913+00:00
[2025-01-05 10:20:06,563] {processor.py:161} INFO - Processing /home/daniel/Documents/Alura/python_apache_airflow_pipeline/venv/lib/python3.9/site-packages/airflow/example_dags/example_latest_only.py took 0.111 seconds
[2025-01-05 10:20:49,323] {processor.py:153} INFO - Started process (PID=11072) to work on /home/daniel/Documents/Alura/python_apache_airflow_pipeline/venv/lib/python3.9/site-packages/airflow/example_dags/example_latest_only.py
[2025-01-05 10:20:49,324] {processor.py:641} INFO - Processing file /home/daniel/Documents/Alura/python_apache_airflow_pipeline/venv/lib/python3.9/site-packages/airflow/example_dags/example_latest_only.py for tasks to queue
[2025-01-05 10:20:49,326] {logging_mixin.py:115} INFO - [2025-01-05 10:20:49,326] {dagbag.py:507} INFO - Filling up the DagBag from /home/daniel/Documents/Alura/python_apache_airflow_pipeline/venv/lib/python3.9/site-packages/airflow/example_dags/example_latest_only.py
[2025-01-05 10:20:49,335] {processor.py:651} INFO - DAG(s) dict_keys(['latest_only']) retrieved from /home/daniel/Documents/Alura/python_apache_airflow_pipeline/venv/lib/python3.9/site-packages/airflow/example_dags/example_latest_only.py
[2025-01-05 10:20:49,365] {logging_mixin.py:115} INFO - [2025-01-05 10:20:49,365] {dag.py:2379} INFO - Sync 1 DAGs
[2025-01-05 10:20:49,406] {logging_mixin.py:115} INFO - [2025-01-05 10:20:49,406] {dag.py:2927} INFO - Setting next_dagrun for latest_only to 2025-01-05T09:20:49.405071+00:00, run_after=2025-01-05T13:20:49.405071+00:00
[2025-01-05 10:20:49,432] {processor.py:161} INFO - Processing /home/daniel/Documents/Alura/python_apache_airflow_pipeline/venv/lib/python3.9/site-packages/airflow/example_dags/example_latest_only.py took 0.113 seconds
[2025-01-05 10:22:17,719] {processor.py:153} INFO - Started process (PID=12278) to work on /home/daniel/Documents/Alura/python_apache_airflow_pipeline/venv/lib/python3.9/site-packages/airflow/example_dags/example_latest_only.py
[2025-01-05 10:22:17,726] {processor.py:641} INFO - Processing file /home/daniel/Documents/Alura/python_apache_airflow_pipeline/venv/lib/python3.9/site-packages/airflow/example_dags/example_latest_only.py for tasks to queue
[2025-01-05 10:22:17,727] {logging_mixin.py:115} INFO - [2025-01-05 10:22:17,727] {dagbag.py:507} INFO - Filling up the DagBag from /home/daniel/Documents/Alura/python_apache_airflow_pipeline/venv/lib/python3.9/site-packages/airflow/example_dags/example_latest_only.py
[2025-01-05 10:22:17,744] {processor.py:651} INFO - DAG(s) dict_keys(['latest_only']) retrieved from /home/daniel/Documents/Alura/python_apache_airflow_pipeline/venv/lib/python3.9/site-packages/airflow/example_dags/example_latest_only.py
[2025-01-05 10:22:17,782] {logging_mixin.py:115} INFO - [2025-01-05 10:22:17,782] {dag.py:2379} INFO - Sync 1 DAGs
[2025-01-05 10:22:17,840] {logging_mixin.py:115} INFO - [2025-01-05 10:22:17,839] {dag.py:2927} INFO - Setting next_dagrun for latest_only to 2025-01-05T09:22:17.839209+00:00, run_after=2025-01-05T13:22:17.839209+00:00
[2025-01-05 10:22:17,875] {processor.py:161} INFO - Processing /home/daniel/Documents/Alura/python_apache_airflow_pipeline/venv/lib/python3.9/site-packages/airflow/example_dags/example_latest_only.py took 0.164 seconds
[2025-01-05 10:23:00,471] {processor.py:153} INFO - Started process (PID=12681) to work on /home/daniel/Documents/Alura/python_apache_airflow_pipeline/venv/lib/python3.9/site-packages/airflow/example_dags/example_latest_only.py
[2025-01-05 10:23:00,474] {processor.py:641} INFO - Processing file /home/daniel/Documents/Alura/python_apache_airflow_pipeline/venv/lib/python3.9/site-packages/airflow/example_dags/example_latest_only.py for tasks to queue
[2025-01-05 10:23:00,475] {logging_mixin.py:115} INFO - [2025-01-05 10:23:00,475] {dagbag.py:507} INFO - Filling up the DagBag from /home/daniel/Documents/Alura/python_apache_airflow_pipeline/venv/lib/python3.9/site-packages/airflow/example_dags/example_latest_only.py
[2025-01-05 10:23:00,483] {processor.py:651} INFO - DAG(s) dict_keys(['latest_only']) retrieved from /home/daniel/Documents/Alura/python_apache_airflow_pipeline/venv/lib/python3.9/site-packages/airflow/example_dags/example_latest_only.py
[2025-01-05 10:23:00,520] {logging_mixin.py:115} INFO - [2025-01-05 10:23:00,520] {dag.py:2379} INFO - Sync 1 DAGs
[2025-01-05 10:23:00,552] {logging_mixin.py:115} INFO - [2025-01-05 10:23:00,552] {dag.py:2927} INFO - Setting next_dagrun for latest_only to 2025-01-05T09:23:00.551581+00:00, run_after=2025-01-05T13:23:00.551581+00:00
[2025-01-05 10:23:00,584] {processor.py:161} INFO - Processing /home/daniel/Documents/Alura/python_apache_airflow_pipeline/venv/lib/python3.9/site-packages/airflow/example_dags/example_latest_only.py took 0.120 seconds
[2025-01-05 10:23:44,544] {processor.py:153} INFO - Started process (PID=13077) to work on /home/daniel/Documents/Alura/python_apache_airflow_pipeline/venv/lib/python3.9/site-packages/airflow/example_dags/example_latest_only.py
[2025-01-05 10:23:44,547] {processor.py:641} INFO - Processing file /home/daniel/Documents/Alura/python_apache_airflow_pipeline/venv/lib/python3.9/site-packages/airflow/example_dags/example_latest_only.py for tasks to queue
[2025-01-05 10:23:44,547] {logging_mixin.py:115} INFO - [2025-01-05 10:23:44,547] {dagbag.py:507} INFO - Filling up the DagBag from /home/daniel/Documents/Alura/python_apache_airflow_pipeline/venv/lib/python3.9/site-packages/airflow/example_dags/example_latest_only.py
[2025-01-05 10:23:44,554] {processor.py:651} INFO - DAG(s) dict_keys(['latest_only']) retrieved from /home/daniel/Documents/Alura/python_apache_airflow_pipeline/venv/lib/python3.9/site-packages/airflow/example_dags/example_latest_only.py
[2025-01-05 10:23:44,572] {logging_mixin.py:115} INFO - [2025-01-05 10:23:44,572] {dag.py:2379} INFO - Sync 1 DAGs
[2025-01-05 10:23:44,592] {logging_mixin.py:115} INFO - [2025-01-05 10:23:44,592] {dag.py:2927} INFO - Setting next_dagrun for latest_only to 2025-01-05T09:23:44.592154+00:00, run_after=2025-01-05T13:23:44.592154+00:00
[2025-01-05 10:23:44,611] {processor.py:161} INFO - Processing /home/daniel/Documents/Alura/python_apache_airflow_pipeline/venv/lib/python3.9/site-packages/airflow/example_dags/example_latest_only.py took 0.071 seconds
[2025-01-05 10:24:37,231] {processor.py:153} INFO - Started process (PID=13594) to work on /home/daniel/Documents/Alura/python_apache_airflow_pipeline/venv/lib/python3.9/site-packages/airflow/example_dags/example_latest_only.py
[2025-01-05 10:24:37,236] {processor.py:641} INFO - Processing file /home/daniel/Documents/Alura/python_apache_airflow_pipeline/venv/lib/python3.9/site-packages/airflow/example_dags/example_latest_only.py for tasks to queue
[2025-01-05 10:24:37,239] {logging_mixin.py:115} INFO - [2025-01-05 10:24:37,239] {dagbag.py:507} INFO - Filling up the DagBag from /home/daniel/Documents/Alura/python_apache_airflow_pipeline/venv/lib/python3.9/site-packages/airflow/example_dags/example_latest_only.py
[2025-01-05 10:24:37,259] {processor.py:651} INFO - DAG(s) dict_keys(['latest_only']) retrieved from /home/daniel/Documents/Alura/python_apache_airflow_pipeline/venv/lib/python3.9/site-packages/airflow/example_dags/example_latest_only.py
[2025-01-05 10:24:37,303] {logging_mixin.py:115} INFO - [2025-01-05 10:24:37,302] {dag.py:2379} INFO - Sync 1 DAGs
[2025-01-05 10:24:37,343] {logging_mixin.py:115} INFO - [2025-01-05 10:24:37,343] {dag.py:2927} INFO - Setting next_dagrun for latest_only to 2025-01-05T09:24:37.342851+00:00, run_after=2025-01-05T13:24:37.342851+00:00
[2025-01-05 10:24:37,387] {processor.py:161} INFO - Processing /home/daniel/Documents/Alura/python_apache_airflow_pipeline/venv/lib/python3.9/site-packages/airflow/example_dags/example_latest_only.py took 0.169 seconds
[2025-01-05 10:25:37,559] {processor.py:153} INFO - Started process (PID=13905) to work on /home/daniel/Documents/Alura/python_apache_airflow_pipeline/venv/lib/python3.9/site-packages/airflow/example_dags/example_latest_only.py
[2025-01-05 10:25:37,567] {processor.py:641} INFO - Processing file /home/daniel/Documents/Alura/python_apache_airflow_pipeline/venv/lib/python3.9/site-packages/airflow/example_dags/example_latest_only.py for tasks to queue
[2025-01-05 10:25:37,568] {logging_mixin.py:115} INFO - [2025-01-05 10:25:37,568] {dagbag.py:507} INFO - Filling up the DagBag from /home/daniel/Documents/Alura/python_apache_airflow_pipeline/venv/lib/python3.9/site-packages/airflow/example_dags/example_latest_only.py
[2025-01-05 10:25:37,610] {processor.py:651} INFO - DAG(s) dict_keys(['latest_only']) retrieved from /home/daniel/Documents/Alura/python_apache_airflow_pipeline/venv/lib/python3.9/site-packages/airflow/example_dags/example_latest_only.py
[2025-01-05 10:25:37,667] {logging_mixin.py:115} INFO - [2025-01-05 10:25:37,667] {dag.py:2379} INFO - Sync 1 DAGs
[2025-01-05 10:25:37,758] {logging_mixin.py:115} INFO - [2025-01-05 10:25:37,755] {dag.py:2927} INFO - Setting next_dagrun for latest_only to 2025-01-05T09:25:37.751582+00:00, run_after=2025-01-05T13:25:37.751582+00:00
[2025-01-05 10:25:37,831] {processor.py:161} INFO - Processing /home/daniel/Documents/Alura/python_apache_airflow_pipeline/venv/lib/python3.9/site-packages/airflow/example_dags/example_latest_only.py took 0.296 seconds
[2025-01-05 10:26:40,091] {processor.py:153} INFO - Started process (PID=14306) to work on /home/daniel/Documents/Alura/python_apache_airflow_pipeline/venv/lib/python3.9/site-packages/airflow/example_dags/example_latest_only.py
[2025-01-05 10:26:40,098] {processor.py:641} INFO - Processing file /home/daniel/Documents/Alura/python_apache_airflow_pipeline/venv/lib/python3.9/site-packages/airflow/example_dags/example_latest_only.py for tasks to queue
[2025-01-05 10:26:40,107] {logging_mixin.py:115} INFO - [2025-01-05 10:26:40,106] {dagbag.py:507} INFO - Filling up the DagBag from /home/daniel/Documents/Alura/python_apache_airflow_pipeline/venv/lib/python3.9/site-packages/airflow/example_dags/example_latest_only.py
[2025-01-05 10:26:40,150] {processor.py:651} INFO - DAG(s) dict_keys(['latest_only']) retrieved from /home/daniel/Documents/Alura/python_apache_airflow_pipeline/venv/lib/python3.9/site-packages/airflow/example_dags/example_latest_only.py
[2025-01-05 10:26:40,247] {logging_mixin.py:115} INFO - [2025-01-05 10:26:40,247] {dag.py:2379} INFO - Sync 1 DAGs
[2025-01-05 10:26:40,379] {logging_mixin.py:115} INFO - [2025-01-05 10:26:40,379] {dag.py:2927} INFO - Setting next_dagrun for latest_only to 2025-01-05T09:26:40.378724+00:00, run_after=2025-01-05T13:26:40.378724+00:00
[2025-01-05 10:26:40,463] {processor.py:161} INFO - Processing /home/daniel/Documents/Alura/python_apache_airflow_pipeline/venv/lib/python3.9/site-packages/airflow/example_dags/example_latest_only.py took 0.385 seconds
[2025-01-05 10:27:43,578] {processor.py:153} INFO - Started process (PID=14795) to work on /home/daniel/Documents/Alura/python_apache_airflow_pipeline/venv/lib/python3.9/site-packages/airflow/example_dags/example_latest_only.py
[2025-01-05 10:27:43,583] {processor.py:641} INFO - Processing file /home/daniel/Documents/Alura/python_apache_airflow_pipeline/venv/lib/python3.9/site-packages/airflow/example_dags/example_latest_only.py for tasks to queue
[2025-01-05 10:27:43,583] {logging_mixin.py:115} INFO - [2025-01-05 10:27:43,583] {dagbag.py:507} INFO - Filling up the DagBag from /home/daniel/Documents/Alura/python_apache_airflow_pipeline/venv/lib/python3.9/site-packages/airflow/example_dags/example_latest_only.py
[2025-01-05 10:27:43,619] {processor.py:651} INFO - DAG(s) dict_keys(['latest_only']) retrieved from /home/daniel/Documents/Alura/python_apache_airflow_pipeline/venv/lib/python3.9/site-packages/airflow/example_dags/example_latest_only.py
[2025-01-05 10:27:43,679] {logging_mixin.py:115} INFO - [2025-01-05 10:27:43,679] {dag.py:2379} INFO - Sync 1 DAGs
[2025-01-05 10:27:43,726] {logging_mixin.py:115} INFO - [2025-01-05 10:27:43,726] {dag.py:2927} INFO - Setting next_dagrun for latest_only to 2025-01-05T09:27:43.726135+00:00, run_after=2025-01-05T13:27:43.726135+00:00
[2025-01-05 10:27:43,774] {processor.py:161} INFO - Processing /home/daniel/Documents/Alura/python_apache_airflow_pipeline/venv/lib/python3.9/site-packages/airflow/example_dags/example_latest_only.py took 0.212 seconds
[2025-01-05 10:28:58,018] {processor.py:153} INFO - Started process (PID=15313) to work on /home/daniel/Documents/Alura/python_apache_airflow_pipeline/venv/lib/python3.9/site-packages/airflow/example_dags/example_latest_only.py
[2025-01-05 10:28:58,019] {processor.py:641} INFO - Processing file /home/daniel/Documents/Alura/python_apache_airflow_pipeline/venv/lib/python3.9/site-packages/airflow/example_dags/example_latest_only.py for tasks to queue
[2025-01-05 10:28:58,023] {logging_mixin.py:115} INFO - [2025-01-05 10:28:58,022] {dagbag.py:507} INFO - Filling up the DagBag from /home/daniel/Documents/Alura/python_apache_airflow_pipeline/venv/lib/python3.9/site-packages/airflow/example_dags/example_latest_only.py
[2025-01-05 10:28:58,066] {processor.py:651} INFO - DAG(s) dict_keys(['latest_only']) retrieved from /home/daniel/Documents/Alura/python_apache_airflow_pipeline/venv/lib/python3.9/site-packages/airflow/example_dags/example_latest_only.py
[2025-01-05 10:28:58,238] {logging_mixin.py:115} INFO - [2025-01-05 10:28:58,234] {dag.py:2379} INFO - Sync 1 DAGs
[2025-01-05 10:28:58,342] {logging_mixin.py:115} INFO - [2025-01-05 10:28:58,339] {dag.py:2927} INFO - Setting next_dagrun for latest_only to 2025-01-05T09:28:58.339244+00:00, run_after=2025-01-05T13:28:58.339244+00:00
[2025-01-05 10:28:58,426] {processor.py:161} INFO - Processing /home/daniel/Documents/Alura/python_apache_airflow_pipeline/venv/lib/python3.9/site-packages/airflow/example_dags/example_latest_only.py took 0.448 seconds
[2025-01-05 10:30:48,354] {processor.py:153} INFO - Started process (PID=15606) to work on /home/daniel/Documents/Alura/python_apache_airflow_pipeline/venv/lib/python3.9/site-packages/airflow/example_dags/example_latest_only.py
[2025-01-05 10:30:48,366] {processor.py:641} INFO - Processing file /home/daniel/Documents/Alura/python_apache_airflow_pipeline/venv/lib/python3.9/site-packages/airflow/example_dags/example_latest_only.py for tasks to queue
[2025-01-05 10:30:48,390] {logging_mixin.py:115} INFO - [2025-01-05 10:30:48,390] {dagbag.py:507} INFO - Filling up the DagBag from /home/daniel/Documents/Alura/python_apache_airflow_pipeline/venv/lib/python3.9/site-packages/airflow/example_dags/example_latest_only.py
[2025-01-05 10:30:48,978] {processor.py:651} INFO - DAG(s) dict_keys(['latest_only']) retrieved from /home/daniel/Documents/Alura/python_apache_airflow_pipeline/venv/lib/python3.9/site-packages/airflow/example_dags/example_latest_only.py
[2025-01-05 10:30:49,678] {logging_mixin.py:115} INFO - [2025-01-05 10:30:49,670] {dag.py:2379} INFO - Sync 1 DAGs
[2025-01-05 10:30:50,086] {logging_mixin.py:115} INFO - [2025-01-05 10:30:50,086] {dag.py:2927} INFO - Setting next_dagrun for latest_only to 2025-01-05T09:30:50.078288+00:00, run_after=2025-01-05T13:30:50.078288+00:00
[2025-01-05 10:30:50,406] {processor.py:161} INFO - Processing /home/daniel/Documents/Alura/python_apache_airflow_pipeline/venv/lib/python3.9/site-packages/airflow/example_dags/example_latest_only.py took 2.144 seconds
[2025-01-05 10:32:07,207] {processor.py:153} INFO - Started process (PID=16022) to work on /home/daniel/Documents/Alura/python_apache_airflow_pipeline/venv/lib/python3.9/site-packages/airflow/example_dags/example_latest_only.py
[2025-01-05 10:32:07,208] {processor.py:641} INFO - Processing file /home/daniel/Documents/Alura/python_apache_airflow_pipeline/venv/lib/python3.9/site-packages/airflow/example_dags/example_latest_only.py for tasks to queue
[2025-01-05 10:32:07,209] {logging_mixin.py:115} INFO - [2025-01-05 10:32:07,209] {dagbag.py:507} INFO - Filling up the DagBag from /home/daniel/Documents/Alura/python_apache_airflow_pipeline/venv/lib/python3.9/site-packages/airflow/example_dags/example_latest_only.py
[2025-01-05 10:32:07,217] {processor.py:651} INFO - DAG(s) dict_keys(['latest_only']) retrieved from /home/daniel/Documents/Alura/python_apache_airflow_pipeline/venv/lib/python3.9/site-packages/airflow/example_dags/example_latest_only.py
[2025-01-05 10:32:07,256] {logging_mixin.py:115} INFO - [2025-01-05 10:32:07,255] {dag.py:2379} INFO - Sync 1 DAGs
[2025-01-05 10:32:07,287] {logging_mixin.py:115} INFO - [2025-01-05 10:32:07,286] {dag.py:2927} INFO - Setting next_dagrun for latest_only to 2025-01-05T09:32:07.286185+00:00, run_after=2025-01-05T13:32:07.286185+00:00
[2025-01-05 10:32:07,307] {processor.py:161} INFO - Processing /home/daniel/Documents/Alura/python_apache_airflow_pipeline/venv/lib/python3.9/site-packages/airflow/example_dags/example_latest_only.py took 0.105 seconds
[2025-01-05 10:32:43,027] {processor.py:153} INFO - Started process (PID=16380) to work on /home/daniel/Documents/Alura/python_apache_airflow_pipeline/venv/lib/python3.9/site-packages/airflow/example_dags/example_latest_only.py
[2025-01-05 10:32:43,028] {processor.py:641} INFO - Processing file /home/daniel/Documents/Alura/python_apache_airflow_pipeline/venv/lib/python3.9/site-packages/airflow/example_dags/example_latest_only.py for tasks to queue
[2025-01-05 10:32:43,029] {logging_mixin.py:115} INFO - [2025-01-05 10:32:43,028] {dagbag.py:507} INFO - Filling up the DagBag from /home/daniel/Documents/Alura/python_apache_airflow_pipeline/venv/lib/python3.9/site-packages/airflow/example_dags/example_latest_only.py
[2025-01-05 10:32:43,033] {processor.py:651} INFO - DAG(s) dict_keys(['latest_only']) retrieved from /home/daniel/Documents/Alura/python_apache_airflow_pipeline/venv/lib/python3.9/site-packages/airflow/example_dags/example_latest_only.py
[2025-01-05 10:32:43,046] {logging_mixin.py:115} INFO - [2025-01-05 10:32:43,046] {dag.py:2379} INFO - Sync 1 DAGs
[2025-01-05 10:32:43,058] {logging_mixin.py:115} INFO - [2025-01-05 10:32:43,058] {dag.py:2927} INFO - Setting next_dagrun for latest_only to 2025-01-05T09:32:43.058511+00:00, run_after=2025-01-05T13:32:43.058511+00:00
[2025-01-05 10:32:43,070] {processor.py:161} INFO - Processing /home/daniel/Documents/Alura/python_apache_airflow_pipeline/venv/lib/python3.9/site-packages/airflow/example_dags/example_latest_only.py took 0.046 seconds
[2025-01-05 10:33:27,916] {processor.py:153} INFO - Started process (PID=16754) to work on /home/daniel/Documents/Alura/python_apache_airflow_pipeline/venv/lib/python3.9/site-packages/airflow/example_dags/example_latest_only.py
[2025-01-05 10:33:27,917] {processor.py:641} INFO - Processing file /home/daniel/Documents/Alura/python_apache_airflow_pipeline/venv/lib/python3.9/site-packages/airflow/example_dags/example_latest_only.py for tasks to queue
[2025-01-05 10:33:27,918] {logging_mixin.py:115} INFO - [2025-01-05 10:33:27,918] {dagbag.py:507} INFO - Filling up the DagBag from /home/daniel/Documents/Alura/python_apache_airflow_pipeline/venv/lib/python3.9/site-packages/airflow/example_dags/example_latest_only.py
[2025-01-05 10:33:27,923] {processor.py:651} INFO - DAG(s) dict_keys(['latest_only']) retrieved from /home/daniel/Documents/Alura/python_apache_airflow_pipeline/venv/lib/python3.9/site-packages/airflow/example_dags/example_latest_only.py
[2025-01-05 10:33:27,935] {logging_mixin.py:115} INFO - [2025-01-05 10:33:27,935] {dag.py:2379} INFO - Sync 1 DAGs
[2025-01-05 10:33:27,951] {logging_mixin.py:115} INFO - [2025-01-05 10:33:27,951] {dag.py:2927} INFO - Setting next_dagrun for latest_only to 2025-01-05T09:33:27.951532+00:00, run_after=2025-01-05T13:33:27.951532+00:00
[2025-01-05 10:33:27,964] {processor.py:161} INFO - Processing /home/daniel/Documents/Alura/python_apache_airflow_pipeline/venv/lib/python3.9/site-packages/airflow/example_dags/example_latest_only.py took 0.051 seconds
[2025-01-05 10:34:07,076] {processor.py:153} INFO - Started process (PID=16800) to work on /home/daniel/Documents/Alura/python_apache_airflow_pipeline/venv/lib/python3.9/site-packages/airflow/example_dags/example_latest_only.py
[2025-01-05 10:34:07,077] {processor.py:641} INFO - Processing file /home/daniel/Documents/Alura/python_apache_airflow_pipeline/venv/lib/python3.9/site-packages/airflow/example_dags/example_latest_only.py for tasks to queue
[2025-01-05 10:34:07,078] {logging_mixin.py:115} INFO - [2025-01-05 10:34:07,078] {dagbag.py:507} INFO - Filling up the DagBag from /home/daniel/Documents/Alura/python_apache_airflow_pipeline/venv/lib/python3.9/site-packages/airflow/example_dags/example_latest_only.py
[2025-01-05 10:34:07,084] {processor.py:651} INFO - DAG(s) dict_keys(['latest_only']) retrieved from /home/daniel/Documents/Alura/python_apache_airflow_pipeline/venv/lib/python3.9/site-packages/airflow/example_dags/example_latest_only.py
[2025-01-05 10:34:07,099] {logging_mixin.py:115} INFO - [2025-01-05 10:34:07,098] {dag.py:2379} INFO - Sync 1 DAGs
[2025-01-05 10:34:07,113] {logging_mixin.py:115} INFO - [2025-01-05 10:34:07,113] {dag.py:2927} INFO - Setting next_dagrun for latest_only to 2025-01-05T09:34:07.113449+00:00, run_after=2025-01-05T13:34:07.113449+00:00
[2025-01-05 10:34:07,125] {processor.py:161} INFO - Processing /home/daniel/Documents/Alura/python_apache_airflow_pipeline/venv/lib/python3.9/site-packages/airflow/example_dags/example_latest_only.py took 0.052 seconds
[2025-01-05 10:34:42,547] {processor.py:153} INFO - Started process (PID=16843) to work on /home/daniel/Documents/Alura/python_apache_airflow_pipeline/venv/lib/python3.9/site-packages/airflow/example_dags/example_latest_only.py
[2025-01-05 10:34:42,548] {processor.py:641} INFO - Processing file /home/daniel/Documents/Alura/python_apache_airflow_pipeline/venv/lib/python3.9/site-packages/airflow/example_dags/example_latest_only.py for tasks to queue
[2025-01-05 10:34:42,549] {logging_mixin.py:115} INFO - [2025-01-05 10:34:42,549] {dagbag.py:507} INFO - Filling up the DagBag from /home/daniel/Documents/Alura/python_apache_airflow_pipeline/venv/lib/python3.9/site-packages/airflow/example_dags/example_latest_only.py
[2025-01-05 10:34:42,556] {processor.py:651} INFO - DAG(s) dict_keys(['latest_only']) retrieved from /home/daniel/Documents/Alura/python_apache_airflow_pipeline/venv/lib/python3.9/site-packages/airflow/example_dags/example_latest_only.py
[2025-01-05 10:34:42,571] {logging_mixin.py:115} INFO - [2025-01-05 10:34:42,571] {dag.py:2379} INFO - Sync 1 DAGs
[2025-01-05 10:34:42,593] {logging_mixin.py:115} INFO - [2025-01-05 10:34:42,593] {dag.py:2927} INFO - Setting next_dagrun for latest_only to 2025-01-05T09:34:42.592949+00:00, run_after=2025-01-05T13:34:42.592949+00:00
[2025-01-05 10:34:42,607] {processor.py:161} INFO - Processing /home/daniel/Documents/Alura/python_apache_airflow_pipeline/venv/lib/python3.9/site-packages/airflow/example_dags/example_latest_only.py took 0.063 seconds
[2025-01-05 10:35:21,928] {processor.py:153} INFO - Started process (PID=16882) to work on /home/daniel/Documents/Alura/python_apache_airflow_pipeline/venv/lib/python3.9/site-packages/airflow/example_dags/example_latest_only.py
[2025-01-05 10:35:21,929] {processor.py:641} INFO - Processing file /home/daniel/Documents/Alura/python_apache_airflow_pipeline/venv/lib/python3.9/site-packages/airflow/example_dags/example_latest_only.py for tasks to queue
[2025-01-05 10:35:21,930] {logging_mixin.py:115} INFO - [2025-01-05 10:35:21,930] {dagbag.py:507} INFO - Filling up the DagBag from /home/daniel/Documents/Alura/python_apache_airflow_pipeline/venv/lib/python3.9/site-packages/airflow/example_dags/example_latest_only.py
[2025-01-05 10:35:21,937] {processor.py:651} INFO - DAG(s) dict_keys(['latest_only']) retrieved from /home/daniel/Documents/Alura/python_apache_airflow_pipeline/venv/lib/python3.9/site-packages/airflow/example_dags/example_latest_only.py
[2025-01-05 10:35:21,960] {logging_mixin.py:115} INFO - [2025-01-05 10:35:21,960] {dag.py:2379} INFO - Sync 1 DAGs
[2025-01-05 10:35:21,982] {logging_mixin.py:115} INFO - [2025-01-05 10:35:21,982] {dag.py:2927} INFO - Setting next_dagrun for latest_only to 2025-01-05T09:35:21.981866+00:00, run_after=2025-01-05T13:35:21.981866+00:00
[2025-01-05 10:35:22,005] {processor.py:161} INFO - Processing /home/daniel/Documents/Alura/python_apache_airflow_pipeline/venv/lib/python3.9/site-packages/airflow/example_dags/example_latest_only.py took 0.081 seconds
[2025-01-05 10:36:02,494] {processor.py:153} INFO - Started process (PID=17032) to work on /home/daniel/Documents/Alura/python_apache_airflow_pipeline/venv/lib/python3.9/site-packages/airflow/example_dags/example_latest_only.py
[2025-01-05 10:36:02,496] {processor.py:641} INFO - Processing file /home/daniel/Documents/Alura/python_apache_airflow_pipeline/venv/lib/python3.9/site-packages/airflow/example_dags/example_latest_only.py for tasks to queue
[2025-01-05 10:36:02,496] {logging_mixin.py:115} INFO - [2025-01-05 10:36:02,496] {dagbag.py:507} INFO - Filling up the DagBag from /home/daniel/Documents/Alura/python_apache_airflow_pipeline/venv/lib/python3.9/site-packages/airflow/example_dags/example_latest_only.py
[2025-01-05 10:36:02,503] {processor.py:651} INFO - DAG(s) dict_keys(['latest_only']) retrieved from /home/daniel/Documents/Alura/python_apache_airflow_pipeline/venv/lib/python3.9/site-packages/airflow/example_dags/example_latest_only.py
[2025-01-05 10:36:02,519] {logging_mixin.py:115} INFO - [2025-01-05 10:36:02,519] {dag.py:2379} INFO - Sync 1 DAGs
[2025-01-05 10:36:02,535] {logging_mixin.py:115} INFO - [2025-01-05 10:36:02,534] {dag.py:2927} INFO - Setting next_dagrun for latest_only to 2025-01-05T09:36:02.534283+00:00, run_after=2025-01-05T13:36:02.534283+00:00
[2025-01-05 10:36:02,550] {processor.py:161} INFO - Processing /home/daniel/Documents/Alura/python_apache_airflow_pipeline/venv/lib/python3.9/site-packages/airflow/example_dags/example_latest_only.py took 0.059 seconds
[2025-01-05 10:36:43,065] {processor.py:153} INFO - Started process (PID=17081) to work on /home/daniel/Documents/Alura/python_apache_airflow_pipeline/venv/lib/python3.9/site-packages/airflow/example_dags/example_latest_only.py
[2025-01-05 10:36:43,068] {processor.py:641} INFO - Processing file /home/daniel/Documents/Alura/python_apache_airflow_pipeline/venv/lib/python3.9/site-packages/airflow/example_dags/example_latest_only.py for tasks to queue
[2025-01-05 10:36:43,069] {logging_mixin.py:115} INFO - [2025-01-05 10:36:43,068] {dagbag.py:507} INFO - Filling up the DagBag from /home/daniel/Documents/Alura/python_apache_airflow_pipeline/venv/lib/python3.9/site-packages/airflow/example_dags/example_latest_only.py
[2025-01-05 10:36:43,081] {processor.py:651} INFO - DAG(s) dict_keys(['latest_only']) retrieved from /home/daniel/Documents/Alura/python_apache_airflow_pipeline/venv/lib/python3.9/site-packages/airflow/example_dags/example_latest_only.py
[2025-01-05 10:36:43,109] {logging_mixin.py:115} INFO - [2025-01-05 10:36:43,109] {dag.py:2379} INFO - Sync 1 DAGs
[2025-01-05 10:36:43,147] {logging_mixin.py:115} INFO - [2025-01-05 10:36:43,147] {dag.py:2927} INFO - Setting next_dagrun for latest_only to 2025-01-05T09:36:43.146021+00:00, run_after=2025-01-05T13:36:43.146021+00:00
[2025-01-05 10:36:43,168] {processor.py:161} INFO - Processing /home/daniel/Documents/Alura/python_apache_airflow_pipeline/venv/lib/python3.9/site-packages/airflow/example_dags/example_latest_only.py took 0.113 seconds
[2025-01-05 10:37:22,459] {processor.py:153} INFO - Started process (PID=17180) to work on /home/daniel/Documents/Alura/python_apache_airflow_pipeline/venv/lib/python3.9/site-packages/airflow/example_dags/example_latest_only.py
[2025-01-05 10:37:22,461] {processor.py:641} INFO - Processing file /home/daniel/Documents/Alura/python_apache_airflow_pipeline/venv/lib/python3.9/site-packages/airflow/example_dags/example_latest_only.py for tasks to queue
[2025-01-05 10:37:22,463] {logging_mixin.py:115} INFO - [2025-01-05 10:37:22,463] {dagbag.py:507} INFO - Filling up the DagBag from /home/daniel/Documents/Alura/python_apache_airflow_pipeline/venv/lib/python3.9/site-packages/airflow/example_dags/example_latest_only.py
[2025-01-05 10:37:22,471] {processor.py:651} INFO - DAG(s) dict_keys(['latest_only']) retrieved from /home/daniel/Documents/Alura/python_apache_airflow_pipeline/venv/lib/python3.9/site-packages/airflow/example_dags/example_latest_only.py
[2025-01-05 10:37:22,497] {logging_mixin.py:115} INFO - [2025-01-05 10:37:22,497] {dag.py:2379} INFO - Sync 1 DAGs
[2025-01-05 10:37:22,527] {logging_mixin.py:115} INFO - [2025-01-05 10:37:22,527] {dag.py:2927} INFO - Setting next_dagrun for latest_only to 2025-01-05T09:37:22.527225+00:00, run_after=2025-01-05T13:37:22.527225+00:00
[2025-01-05 10:37:22,548] {processor.py:161} INFO - Processing /home/daniel/Documents/Alura/python_apache_airflow_pipeline/venv/lib/python3.9/site-packages/airflow/example_dags/example_latest_only.py took 0.093 seconds
[2025-01-05 10:38:11,569] {processor.py:153} INFO - Started process (PID=17476) to work on /home/daniel/Documents/Alura/python_apache_airflow_pipeline/venv/lib/python3.9/site-packages/airflow/example_dags/example_latest_only.py
[2025-01-05 10:38:11,572] {processor.py:641} INFO - Processing file /home/daniel/Documents/Alura/python_apache_airflow_pipeline/venv/lib/python3.9/site-packages/airflow/example_dags/example_latest_only.py for tasks to queue
[2025-01-05 10:38:11,572] {logging_mixin.py:115} INFO - [2025-01-05 10:38:11,572] {dagbag.py:507} INFO - Filling up the DagBag from /home/daniel/Documents/Alura/python_apache_airflow_pipeline/venv/lib/python3.9/site-packages/airflow/example_dags/example_latest_only.py
[2025-01-05 10:38:11,588] {processor.py:651} INFO - DAG(s) dict_keys(['latest_only']) retrieved from /home/daniel/Documents/Alura/python_apache_airflow_pipeline/venv/lib/python3.9/site-packages/airflow/example_dags/example_latest_only.py
[2025-01-05 10:38:11,628] {logging_mixin.py:115} INFO - [2025-01-05 10:38:11,627] {dag.py:2379} INFO - Sync 1 DAGs
[2025-01-05 10:38:11,668] {logging_mixin.py:115} INFO - [2025-01-05 10:38:11,668] {dag.py:2927} INFO - Setting next_dagrun for latest_only to 2025-01-05T09:38:11.667646+00:00, run_after=2025-01-05T13:38:11.667646+00:00
[2025-01-05 10:38:11,697] {processor.py:161} INFO - Processing /home/daniel/Documents/Alura/python_apache_airflow_pipeline/venv/lib/python3.9/site-packages/airflow/example_dags/example_latest_only.py took 0.133 seconds
[2025-01-05 10:38:54,107] {processor.py:153} INFO - Started process (PID=17549) to work on /home/daniel/Documents/Alura/python_apache_airflow_pipeline/venv/lib/python3.9/site-packages/airflow/example_dags/example_latest_only.py
[2025-01-05 10:38:54,109] {processor.py:641} INFO - Processing file /home/daniel/Documents/Alura/python_apache_airflow_pipeline/venv/lib/python3.9/site-packages/airflow/example_dags/example_latest_only.py for tasks to queue
[2025-01-05 10:38:54,111] {logging_mixin.py:115} INFO - [2025-01-05 10:38:54,111] {dagbag.py:507} INFO - Filling up the DagBag from /home/daniel/Documents/Alura/python_apache_airflow_pipeline/venv/lib/python3.9/site-packages/airflow/example_dags/example_latest_only.py
[2025-01-05 10:38:54,123] {processor.py:651} INFO - DAG(s) dict_keys(['latest_only']) retrieved from /home/daniel/Documents/Alura/python_apache_airflow_pipeline/venv/lib/python3.9/site-packages/airflow/example_dags/example_latest_only.py
[2025-01-05 10:38:54,156] {logging_mixin.py:115} INFO - [2025-01-05 10:38:54,156] {dag.py:2379} INFO - Sync 1 DAGs
[2025-01-05 10:38:54,201] {logging_mixin.py:115} INFO - [2025-01-05 10:38:54,201] {dag.py:2927} INFO - Setting next_dagrun for latest_only to 2025-01-05T09:38:54.200586+00:00, run_after=2025-01-05T13:38:54.200586+00:00
[2025-01-05 10:38:54,243] {processor.py:161} INFO - Processing /home/daniel/Documents/Alura/python_apache_airflow_pipeline/venv/lib/python3.9/site-packages/airflow/example_dags/example_latest_only.py took 0.144 seconds
[2025-01-05 10:39:39,891] {processor.py:153} INFO - Started process (PID=17697) to work on /home/daniel/Documents/Alura/python_apache_airflow_pipeline/venv/lib/python3.9/site-packages/airflow/example_dags/example_latest_only.py
[2025-01-05 10:39:39,899] {processor.py:641} INFO - Processing file /home/daniel/Documents/Alura/python_apache_airflow_pipeline/venv/lib/python3.9/site-packages/airflow/example_dags/example_latest_only.py for tasks to queue
[2025-01-05 10:39:39,900] {logging_mixin.py:115} INFO - [2025-01-05 10:39:39,900] {dagbag.py:507} INFO - Filling up the DagBag from /home/daniel/Documents/Alura/python_apache_airflow_pipeline/venv/lib/python3.9/site-packages/airflow/example_dags/example_latest_only.py
[2025-01-05 10:39:39,924] {processor.py:651} INFO - DAG(s) dict_keys(['latest_only']) retrieved from /home/daniel/Documents/Alura/python_apache_airflow_pipeline/venv/lib/python3.9/site-packages/airflow/example_dags/example_latest_only.py
[2025-01-05 10:39:40,053] {logging_mixin.py:115} INFO - [2025-01-05 10:39:40,053] {dag.py:2379} INFO - Sync 1 DAGs
[2025-01-05 10:39:40,180] {logging_mixin.py:115} INFO - [2025-01-05 10:39:40,180] {dag.py:2927} INFO - Setting next_dagrun for latest_only to 2025-01-05T09:39:40.179538+00:00, run_after=2025-01-05T13:39:40.179538+00:00
[2025-01-05 10:39:40,235] {processor.py:161} INFO - Processing /home/daniel/Documents/Alura/python_apache_airflow_pipeline/venv/lib/python3.9/site-packages/airflow/example_dags/example_latest_only.py took 0.351 seconds
[2025-01-05 10:40:51,899] {processor.py:153} INFO - Started process (PID=18152) to work on /home/daniel/Documents/Alura/python_apache_airflow_pipeline/venv/lib/python3.9/site-packages/airflow/example_dags/example_latest_only.py
[2025-01-05 10:40:51,900] {processor.py:641} INFO - Processing file /home/daniel/Documents/Alura/python_apache_airflow_pipeline/venv/lib/python3.9/site-packages/airflow/example_dags/example_latest_only.py for tasks to queue
[2025-01-05 10:40:51,900] {logging_mixin.py:115} INFO - [2025-01-05 10:40:51,900] {dagbag.py:507} INFO - Filling up the DagBag from /home/daniel/Documents/Alura/python_apache_airflow_pipeline/venv/lib/python3.9/site-packages/airflow/example_dags/example_latest_only.py
[2025-01-05 10:40:51,916] {processor.py:651} INFO - DAG(s) dict_keys(['latest_only']) retrieved from /home/daniel/Documents/Alura/python_apache_airflow_pipeline/venv/lib/python3.9/site-packages/airflow/example_dags/example_latest_only.py
[2025-01-05 10:40:51,963] {logging_mixin.py:115} INFO - [2025-01-05 10:40:51,960] {dag.py:2379} INFO - Sync 1 DAGs
[2025-01-05 10:40:52,012] {logging_mixin.py:115} INFO - [2025-01-05 10:40:52,011] {dag.py:2927} INFO - Setting next_dagrun for latest_only to 2025-01-05T09:40:52.011448+00:00, run_after=2025-01-05T13:40:52.011448+00:00
[2025-01-05 10:40:52,096] {processor.py:161} INFO - Processing /home/daniel/Documents/Alura/python_apache_airflow_pipeline/venv/lib/python3.9/site-packages/airflow/example_dags/example_latest_only.py took 0.220 seconds
[2025-01-05 10:45:41,686] {processor.py:153} INFO - Started process (PID=18668) to work on /home/daniel/Documents/Alura/python_apache_airflow_pipeline/venv/lib/python3.9/site-packages/airflow/example_dags/example_latest_only.py
[2025-01-05 10:45:41,687] {processor.py:641} INFO - Processing file /home/daniel/Documents/Alura/python_apache_airflow_pipeline/venv/lib/python3.9/site-packages/airflow/example_dags/example_latest_only.py for tasks to queue
[2025-01-05 10:45:41,688] {logging_mixin.py:115} INFO - [2025-01-05 10:45:41,688] {dagbag.py:507} INFO - Filling up the DagBag from /home/daniel/Documents/Alura/python_apache_airflow_pipeline/venv/lib/python3.9/site-packages/airflow/example_dags/example_latest_only.py
[2025-01-05 10:45:41,696] {processor.py:651} INFO - DAG(s) dict_keys(['latest_only']) retrieved from /home/daniel/Documents/Alura/python_apache_airflow_pipeline/venv/lib/python3.9/site-packages/airflow/example_dags/example_latest_only.py
[2025-01-05 10:45:41,720] {logging_mixin.py:115} INFO - [2025-01-05 10:45:41,719] {dag.py:2379} INFO - Sync 1 DAGs
[2025-01-05 10:45:41,740] {logging_mixin.py:115} INFO - [2025-01-05 10:45:41,740] {dag.py:2927} INFO - Setting next_dagrun for latest_only to 2025-01-05T09:45:41.740133+00:00, run_after=2025-01-05T13:45:41.740133+00:00
[2025-01-05 10:45:41,765] {processor.py:161} INFO - Processing /home/daniel/Documents/Alura/python_apache_airflow_pipeline/venv/lib/python3.9/site-packages/airflow/example_dags/example_latest_only.py took 0.083 seconds
[2025-01-05 10:46:19,275] {processor.py:153} INFO - Started process (PID=18823) to work on /home/daniel/Documents/Alura/python_apache_airflow_pipeline/venv/lib/python3.9/site-packages/airflow/example_dags/example_latest_only.py
[2025-01-05 10:46:19,276] {processor.py:641} INFO - Processing file /home/daniel/Documents/Alura/python_apache_airflow_pipeline/venv/lib/python3.9/site-packages/airflow/example_dags/example_latest_only.py for tasks to queue
[2025-01-05 10:46:19,278] {logging_mixin.py:115} INFO - [2025-01-05 10:46:19,277] {dagbag.py:507} INFO - Filling up the DagBag from /home/daniel/Documents/Alura/python_apache_airflow_pipeline/venv/lib/python3.9/site-packages/airflow/example_dags/example_latest_only.py
[2025-01-05 10:46:19,285] {processor.py:651} INFO - DAG(s) dict_keys(['latest_only']) retrieved from /home/daniel/Documents/Alura/python_apache_airflow_pipeline/venv/lib/python3.9/site-packages/airflow/example_dags/example_latest_only.py
[2025-01-05 10:46:19,311] {logging_mixin.py:115} INFO - [2025-01-05 10:46:19,311] {dag.py:2379} INFO - Sync 1 DAGs
[2025-01-05 10:46:19,342] {logging_mixin.py:115} INFO - [2025-01-05 10:46:19,341] {dag.py:2927} INFO - Setting next_dagrun for latest_only to 2025-01-05T09:46:19.341476+00:00, run_after=2025-01-05T13:46:19.341476+00:00
[2025-01-05 10:46:19,370] {processor.py:161} INFO - Processing /home/daniel/Documents/Alura/python_apache_airflow_pipeline/venv/lib/python3.9/site-packages/airflow/example_dags/example_latest_only.py took 0.099 seconds
[2025-01-05 10:46:59,166] {processor.py:153} INFO - Started process (PID=19096) to work on /home/daniel/Documents/Alura/python_apache_airflow_pipeline/venv/lib/python3.9/site-packages/airflow/example_dags/example_latest_only.py
[2025-01-05 10:46:59,167] {processor.py:641} INFO - Processing file /home/daniel/Documents/Alura/python_apache_airflow_pipeline/venv/lib/python3.9/site-packages/airflow/example_dags/example_latest_only.py for tasks to queue
[2025-01-05 10:46:59,168] {logging_mixin.py:115} INFO - [2025-01-05 10:46:59,168] {dagbag.py:507} INFO - Filling up the DagBag from /home/daniel/Documents/Alura/python_apache_airflow_pipeline/venv/lib/python3.9/site-packages/airflow/example_dags/example_latest_only.py
[2025-01-05 10:46:59,180] {processor.py:651} INFO - DAG(s) dict_keys(['latest_only']) retrieved from /home/daniel/Documents/Alura/python_apache_airflow_pipeline/venv/lib/python3.9/site-packages/airflow/example_dags/example_latest_only.py
[2025-01-05 10:46:59,210] {logging_mixin.py:115} INFO - [2025-01-05 10:46:59,209] {dag.py:2379} INFO - Sync 1 DAGs
[2025-01-05 10:46:59,240] {logging_mixin.py:115} INFO - [2025-01-05 10:46:59,240] {dag.py:2927} INFO - Setting next_dagrun for latest_only to 2025-01-05T09:46:59.240094+00:00, run_after=2025-01-05T13:46:59.240094+00:00
[2025-01-05 10:46:59,273] {processor.py:161} INFO - Processing /home/daniel/Documents/Alura/python_apache_airflow_pipeline/venv/lib/python3.9/site-packages/airflow/example_dags/example_latest_only.py took 0.111 seconds
[2025-01-05 10:47:38,286] {processor.py:153} INFO - Started process (PID=19309) to work on /home/daniel/Documents/Alura/python_apache_airflow_pipeline/venv/lib/python3.9/site-packages/airflow/example_dags/example_latest_only.py
[2025-01-05 10:47:38,288] {processor.py:641} INFO - Processing file /home/daniel/Documents/Alura/python_apache_airflow_pipeline/venv/lib/python3.9/site-packages/airflow/example_dags/example_latest_only.py for tasks to queue
[2025-01-05 10:47:38,290] {logging_mixin.py:115} INFO - [2025-01-05 10:47:38,290] {dagbag.py:507} INFO - Filling up the DagBag from /home/daniel/Documents/Alura/python_apache_airflow_pipeline/venv/lib/python3.9/site-packages/airflow/example_dags/example_latest_only.py
[2025-01-05 10:47:38,300] {processor.py:651} INFO - DAG(s) dict_keys(['latest_only']) retrieved from /home/daniel/Documents/Alura/python_apache_airflow_pipeline/venv/lib/python3.9/site-packages/airflow/example_dags/example_latest_only.py
[2025-01-05 10:47:38,341] {logging_mixin.py:115} INFO - [2025-01-05 10:47:38,340] {dag.py:2379} INFO - Sync 1 DAGs
[2025-01-05 10:47:38,370] {logging_mixin.py:115} INFO - [2025-01-05 10:47:38,370] {dag.py:2927} INFO - Setting next_dagrun for latest_only to 2025-01-05T09:47:38.369835+00:00, run_after=2025-01-05T13:47:38.369835+00:00
[2025-01-05 10:47:38,402] {processor.py:161} INFO - Processing /home/daniel/Documents/Alura/python_apache_airflow_pipeline/venv/lib/python3.9/site-packages/airflow/example_dags/example_latest_only.py took 0.122 seconds
[2025-01-05 10:52:48,107] {processor.py:153} INFO - Started process (PID=3893) to work on /home/daniel/Documents/Alura/python_apache_airflow_pipeline/venv/lib/python3.9/site-packages/airflow/example_dags/example_latest_only.py
[2025-01-05 10:52:48,109] {processor.py:641} INFO - Processing file /home/daniel/Documents/Alura/python_apache_airflow_pipeline/venv/lib/python3.9/site-packages/airflow/example_dags/example_latest_only.py for tasks to queue
[2025-01-05 10:52:48,109] {logging_mixin.py:115} INFO - [2025-01-05 10:52:48,109] {dagbag.py:507} INFO - Filling up the DagBag from /home/daniel/Documents/Alura/python_apache_airflow_pipeline/venv/lib/python3.9/site-packages/airflow/example_dags/example_latest_only.py
[2025-01-05 10:52:48,114] {processor.py:651} INFO - DAG(s) dict_keys(['latest_only']) retrieved from /home/daniel/Documents/Alura/python_apache_airflow_pipeline/venv/lib/python3.9/site-packages/airflow/example_dags/example_latest_only.py
[2025-01-05 10:52:48,134] {logging_mixin.py:115} INFO - [2025-01-05 10:52:48,134] {dag.py:2379} INFO - Sync 1 DAGs
[2025-01-05 10:52:48,152] {logging_mixin.py:115} INFO - [2025-01-05 10:52:48,152] {dag.py:2927} INFO - Setting next_dagrun for latest_only to 2025-01-05T09:52:48.151985+00:00, run_after=2025-01-05T13:52:48.151985+00:00
[2025-01-05 10:52:48,164] {processor.py:161} INFO - Processing /home/daniel/Documents/Alura/python_apache_airflow_pipeline/venv/lib/python3.9/site-packages/airflow/example_dags/example_latest_only.py took 0.060 seconds
[2025-01-05 10:53:25,023] {processor.py:153} INFO - Started process (PID=3938) to work on /home/daniel/Documents/Alura/python_apache_airflow_pipeline/venv/lib/python3.9/site-packages/airflow/example_dags/example_latest_only.py
[2025-01-05 10:53:25,024] {processor.py:641} INFO - Processing file /home/daniel/Documents/Alura/python_apache_airflow_pipeline/venv/lib/python3.9/site-packages/airflow/example_dags/example_latest_only.py for tasks to queue
[2025-01-05 10:53:25,025] {logging_mixin.py:115} INFO - [2025-01-05 10:53:25,025] {dagbag.py:507} INFO - Filling up the DagBag from /home/daniel/Documents/Alura/python_apache_airflow_pipeline/venv/lib/python3.9/site-packages/airflow/example_dags/example_latest_only.py
[2025-01-05 10:53:25,029] {processor.py:651} INFO - DAG(s) dict_keys(['latest_only']) retrieved from /home/daniel/Documents/Alura/python_apache_airflow_pipeline/venv/lib/python3.9/site-packages/airflow/example_dags/example_latest_only.py
[2025-01-05 10:53:25,043] {logging_mixin.py:115} INFO - [2025-01-05 10:53:25,043] {dag.py:2379} INFO - Sync 1 DAGs
[2025-01-05 10:53:25,056] {logging_mixin.py:115} INFO - [2025-01-05 10:53:25,055] {dag.py:2927} INFO - Setting next_dagrun for latest_only to 2025-01-05T09:53:25.055744+00:00, run_after=2025-01-05T13:53:25.055744+00:00
[2025-01-05 10:53:25,067] {processor.py:161} INFO - Processing /home/daniel/Documents/Alura/python_apache_airflow_pipeline/venv/lib/python3.9/site-packages/airflow/example_dags/example_latest_only.py took 0.047 seconds
[2025-01-05 10:54:01,094] {processor.py:153} INFO - Started process (PID=3980) to work on /home/daniel/Documents/Alura/python_apache_airflow_pipeline/venv/lib/python3.9/site-packages/airflow/example_dags/example_latest_only.py
[2025-01-05 10:54:01,095] {processor.py:641} INFO - Processing file /home/daniel/Documents/Alura/python_apache_airflow_pipeline/venv/lib/python3.9/site-packages/airflow/example_dags/example_latest_only.py for tasks to queue
[2025-01-05 10:54:01,096] {logging_mixin.py:115} INFO - [2025-01-05 10:54:01,096] {dagbag.py:507} INFO - Filling up the DagBag from /home/daniel/Documents/Alura/python_apache_airflow_pipeline/venv/lib/python3.9/site-packages/airflow/example_dags/example_latest_only.py
[2025-01-05 10:54:01,100] {processor.py:651} INFO - DAG(s) dict_keys(['latest_only']) retrieved from /home/daniel/Documents/Alura/python_apache_airflow_pipeline/venv/lib/python3.9/site-packages/airflow/example_dags/example_latest_only.py
[2025-01-05 10:54:01,113] {logging_mixin.py:115} INFO - [2025-01-05 10:54:01,113] {dag.py:2379} INFO - Sync 1 DAGs
[2025-01-05 10:54:01,125] {logging_mixin.py:115} INFO - [2025-01-05 10:54:01,125] {dag.py:2927} INFO - Setting next_dagrun for latest_only to 2025-01-05T09:54:01.125596+00:00, run_after=2025-01-05T13:54:01.125596+00:00
[2025-01-05 10:54:01,140] {processor.py:161} INFO - Processing /home/daniel/Documents/Alura/python_apache_airflow_pipeline/venv/lib/python3.9/site-packages/airflow/example_dags/example_latest_only.py took 0.049 seconds
[2025-01-05 10:54:38,481] {processor.py:153} INFO - Started process (PID=4023) to work on /home/daniel/Documents/Alura/python_apache_airflow_pipeline/venv/lib/python3.9/site-packages/airflow/example_dags/example_latest_only.py
[2025-01-05 10:54:38,483] {processor.py:641} INFO - Processing file /home/daniel/Documents/Alura/python_apache_airflow_pipeline/venv/lib/python3.9/site-packages/airflow/example_dags/example_latest_only.py for tasks to queue
[2025-01-05 10:54:38,484] {logging_mixin.py:115} INFO - [2025-01-05 10:54:38,484] {dagbag.py:507} INFO - Filling up the DagBag from /home/daniel/Documents/Alura/python_apache_airflow_pipeline/venv/lib/python3.9/site-packages/airflow/example_dags/example_latest_only.py
[2025-01-05 10:54:38,489] {processor.py:651} INFO - DAG(s) dict_keys(['latest_only']) retrieved from /home/daniel/Documents/Alura/python_apache_airflow_pipeline/venv/lib/python3.9/site-packages/airflow/example_dags/example_latest_only.py
[2025-01-05 10:54:38,508] {logging_mixin.py:115} INFO - [2025-01-05 10:54:38,507] {dag.py:2379} INFO - Sync 1 DAGs
[2025-01-05 10:54:38,522] {logging_mixin.py:115} INFO - [2025-01-05 10:54:38,522] {dag.py:2927} INFO - Setting next_dagrun for latest_only to 2025-01-05T09:54:38.522175+00:00, run_after=2025-01-05T13:54:38.522175+00:00
[2025-01-05 10:54:38,534] {processor.py:161} INFO - Processing /home/daniel/Documents/Alura/python_apache_airflow_pipeline/venv/lib/python3.9/site-packages/airflow/example_dags/example_latest_only.py took 0.059 seconds
[2025-01-05 10:55:14,868] {processor.py:153} INFO - Started process (PID=4070) to work on /home/daniel/Documents/Alura/python_apache_airflow_pipeline/venv/lib/python3.9/site-packages/airflow/example_dags/example_latest_only.py
[2025-01-05 10:55:14,870] {processor.py:641} INFO - Processing file /home/daniel/Documents/Alura/python_apache_airflow_pipeline/venv/lib/python3.9/site-packages/airflow/example_dags/example_latest_only.py for tasks to queue
[2025-01-05 10:55:14,870] {logging_mixin.py:115} INFO - [2025-01-05 10:55:14,870] {dagbag.py:507} INFO - Filling up the DagBag from /home/daniel/Documents/Alura/python_apache_airflow_pipeline/venv/lib/python3.9/site-packages/airflow/example_dags/example_latest_only.py
[2025-01-05 10:55:14,876] {processor.py:651} INFO - DAG(s) dict_keys(['latest_only']) retrieved from /home/daniel/Documents/Alura/python_apache_airflow_pipeline/venv/lib/python3.9/site-packages/airflow/example_dags/example_latest_only.py
[2025-01-05 10:55:14,891] {logging_mixin.py:115} INFO - [2025-01-05 10:55:14,891] {dag.py:2379} INFO - Sync 1 DAGs
[2025-01-05 10:55:14,907] {logging_mixin.py:115} INFO - [2025-01-05 10:55:14,907] {dag.py:2927} INFO - Setting next_dagrun for latest_only to 2025-01-05T09:55:14.907583+00:00, run_after=2025-01-05T13:55:14.907583+00:00
[2025-01-05 10:55:14,920] {processor.py:161} INFO - Processing /home/daniel/Documents/Alura/python_apache_airflow_pipeline/venv/lib/python3.9/site-packages/airflow/example_dags/example_latest_only.py took 0.055 seconds
[2025-01-05 10:55:50,832] {processor.py:153} INFO - Started process (PID=4114) to work on /home/daniel/Documents/Alura/python_apache_airflow_pipeline/venv/lib/python3.9/site-packages/airflow/example_dags/example_latest_only.py
[2025-01-05 10:55:50,834] {processor.py:641} INFO - Processing file /home/daniel/Documents/Alura/python_apache_airflow_pipeline/venv/lib/python3.9/site-packages/airflow/example_dags/example_latest_only.py for tasks to queue
[2025-01-05 10:55:50,835] {logging_mixin.py:115} INFO - [2025-01-05 10:55:50,835] {dagbag.py:507} INFO - Filling up the DagBag from /home/daniel/Documents/Alura/python_apache_airflow_pipeline/venv/lib/python3.9/site-packages/airflow/example_dags/example_latest_only.py
[2025-01-05 10:55:50,841] {processor.py:651} INFO - DAG(s) dict_keys(['latest_only']) retrieved from /home/daniel/Documents/Alura/python_apache_airflow_pipeline/venv/lib/python3.9/site-packages/airflow/example_dags/example_latest_only.py
[2025-01-05 10:55:50,863] {logging_mixin.py:115} INFO - [2025-01-05 10:55:50,863] {dag.py:2379} INFO - Sync 1 DAGs
[2025-01-05 10:55:50,880] {logging_mixin.py:115} INFO - [2025-01-05 10:55:50,880] {dag.py:2927} INFO - Setting next_dagrun for latest_only to 2025-01-05T09:55:50.880533+00:00, run_after=2025-01-05T13:55:50.880533+00:00
[2025-01-05 10:55:50,893] {processor.py:161} INFO - Processing /home/daniel/Documents/Alura/python_apache_airflow_pipeline/venv/lib/python3.9/site-packages/airflow/example_dags/example_latest_only.py took 0.065 seconds
[2025-01-05 10:56:26,819] {processor.py:153} INFO - Started process (PID=4174) to work on /home/daniel/Documents/Alura/python_apache_airflow_pipeline/venv/lib/python3.9/site-packages/airflow/example_dags/example_latest_only.py
[2025-01-05 10:56:26,820] {processor.py:641} INFO - Processing file /home/daniel/Documents/Alura/python_apache_airflow_pipeline/venv/lib/python3.9/site-packages/airflow/example_dags/example_latest_only.py for tasks to queue
[2025-01-05 10:56:26,820] {logging_mixin.py:115} INFO - [2025-01-05 10:56:26,820] {dagbag.py:507} INFO - Filling up the DagBag from /home/daniel/Documents/Alura/python_apache_airflow_pipeline/venv/lib/python3.9/site-packages/airflow/example_dags/example_latest_only.py
[2025-01-05 10:56:26,827] {processor.py:651} INFO - DAG(s) dict_keys(['latest_only']) retrieved from /home/daniel/Documents/Alura/python_apache_airflow_pipeline/venv/lib/python3.9/site-packages/airflow/example_dags/example_latest_only.py
[2025-01-05 10:56:26,844] {logging_mixin.py:115} INFO - [2025-01-05 10:56:26,844] {dag.py:2379} INFO - Sync 1 DAGs
[2025-01-05 10:56:26,864] {logging_mixin.py:115} INFO - [2025-01-05 10:56:26,863] {dag.py:2927} INFO - Setting next_dagrun for latest_only to 2025-01-05T09:56:26.863618+00:00, run_after=2025-01-05T13:56:26.863618+00:00
[2025-01-05 10:56:26,879] {processor.py:161} INFO - Processing /home/daniel/Documents/Alura/python_apache_airflow_pipeline/venv/lib/python3.9/site-packages/airflow/example_dags/example_latest_only.py took 0.063 seconds
[2025-01-05 10:57:04,062] {processor.py:153} INFO - Started process (PID=4217) to work on /home/daniel/Documents/Alura/python_apache_airflow_pipeline/venv/lib/python3.9/site-packages/airflow/example_dags/example_latest_only.py
[2025-01-05 10:57:04,063] {processor.py:641} INFO - Processing file /home/daniel/Documents/Alura/python_apache_airflow_pipeline/venv/lib/python3.9/site-packages/airflow/example_dags/example_latest_only.py for tasks to queue
[2025-01-05 10:57:04,064] {logging_mixin.py:115} INFO - [2025-01-05 10:57:04,064] {dagbag.py:507} INFO - Filling up the DagBag from /home/daniel/Documents/Alura/python_apache_airflow_pipeline/venv/lib/python3.9/site-packages/airflow/example_dags/example_latest_only.py
[2025-01-05 10:57:04,070] {processor.py:651} INFO - DAG(s) dict_keys(['latest_only']) retrieved from /home/daniel/Documents/Alura/python_apache_airflow_pipeline/venv/lib/python3.9/site-packages/airflow/example_dags/example_latest_only.py
[2025-01-05 10:57:04,090] {logging_mixin.py:115} INFO - [2025-01-05 10:57:04,090] {dag.py:2379} INFO - Sync 1 DAGs
[2025-01-05 10:57:04,112] {logging_mixin.py:115} INFO - [2025-01-05 10:57:04,112] {dag.py:2927} INFO - Setting next_dagrun for latest_only to 2025-01-05T09:57:04.112192+00:00, run_after=2025-01-05T13:57:04.112192+00:00
[2025-01-05 10:57:04,128] {processor.py:161} INFO - Processing /home/daniel/Documents/Alura/python_apache_airflow_pipeline/venv/lib/python3.9/site-packages/airflow/example_dags/example_latest_only.py took 0.069 seconds
[2025-01-05 10:57:47,276] {processor.py:153} INFO - Started process (PID=4434) to work on /home/daniel/Documents/Alura/python_apache_airflow_pipeline/venv/lib/python3.9/site-packages/airflow/example_dags/example_latest_only.py
[2025-01-05 10:57:47,279] {processor.py:641} INFO - Processing file /home/daniel/Documents/Alura/python_apache_airflow_pipeline/venv/lib/python3.9/site-packages/airflow/example_dags/example_latest_only.py for tasks to queue
[2025-01-05 10:57:47,280] {logging_mixin.py:115} INFO - [2025-01-05 10:57:47,280] {dagbag.py:507} INFO - Filling up the DagBag from /home/daniel/Documents/Alura/python_apache_airflow_pipeline/venv/lib/python3.9/site-packages/airflow/example_dags/example_latest_only.py
[2025-01-05 10:57:47,291] {processor.py:651} INFO - DAG(s) dict_keys(['latest_only']) retrieved from /home/daniel/Documents/Alura/python_apache_airflow_pipeline/venv/lib/python3.9/site-packages/airflow/example_dags/example_latest_only.py
[2025-01-05 10:57:47,320] {logging_mixin.py:115} INFO - [2025-01-05 10:57:47,320] {dag.py:2379} INFO - Sync 1 DAGs
[2025-01-05 10:57:47,340] {logging_mixin.py:115} INFO - [2025-01-05 10:57:47,340] {dag.py:2927} INFO - Setting next_dagrun for latest_only to 2025-01-05T09:57:47.340483+00:00, run_after=2025-01-05T13:57:47.340483+00:00
[2025-01-05 10:57:47,357] {processor.py:161} INFO - Processing /home/daniel/Documents/Alura/python_apache_airflow_pipeline/venv/lib/python3.9/site-packages/airflow/example_dags/example_latest_only.py took 0.086 seconds
[2025-01-05 10:58:44,652] {processor.py:153} INFO - Started process (PID=5160) to work on /home/daniel/Documents/Alura/python_apache_airflow_pipeline/venv/lib/python3.9/site-packages/airflow/example_dags/example_latest_only.py
[2025-01-05 10:58:44,655] {processor.py:641} INFO - Processing file /home/daniel/Documents/Alura/python_apache_airflow_pipeline/venv/lib/python3.9/site-packages/airflow/example_dags/example_latest_only.py for tasks to queue
[2025-01-05 10:58:44,655] {logging_mixin.py:115} INFO - [2025-01-05 10:58:44,655] {dagbag.py:507} INFO - Filling up the DagBag from /home/daniel/Documents/Alura/python_apache_airflow_pipeline/venv/lib/python3.9/site-packages/airflow/example_dags/example_latest_only.py
[2025-01-05 10:58:44,663] {processor.py:651} INFO - DAG(s) dict_keys(['latest_only']) retrieved from /home/daniel/Documents/Alura/python_apache_airflow_pipeline/venv/lib/python3.9/site-packages/airflow/example_dags/example_latest_only.py
[2025-01-05 10:58:44,684] {logging_mixin.py:115} INFO - [2025-01-05 10:58:44,683] {dag.py:2379} INFO - Sync 1 DAGs
[2025-01-05 10:58:44,703] {logging_mixin.py:115} INFO - [2025-01-05 10:58:44,703] {dag.py:2927} INFO - Setting next_dagrun for latest_only to 2025-01-05T09:58:44.702779+00:00, run_after=2025-01-05T13:58:44.702779+00:00
[2025-01-05 10:58:44,725] {processor.py:161} INFO - Processing /home/daniel/Documents/Alura/python_apache_airflow_pipeline/venv/lib/python3.9/site-packages/airflow/example_dags/example_latest_only.py took 0.077 seconds
[2025-01-05 10:59:23,345] {processor.py:153} INFO - Started process (PID=5395) to work on /home/daniel/Documents/Alura/python_apache_airflow_pipeline/venv/lib/python3.9/site-packages/airflow/example_dags/example_latest_only.py
[2025-01-05 10:59:23,346] {processor.py:641} INFO - Processing file /home/daniel/Documents/Alura/python_apache_airflow_pipeline/venv/lib/python3.9/site-packages/airflow/example_dags/example_latest_only.py for tasks to queue
[2025-01-05 10:59:23,347] {logging_mixin.py:115} INFO - [2025-01-05 10:59:23,347] {dagbag.py:507} INFO - Filling up the DagBag from /home/daniel/Documents/Alura/python_apache_airflow_pipeline/venv/lib/python3.9/site-packages/airflow/example_dags/example_latest_only.py
[2025-01-05 10:59:23,355] {processor.py:651} INFO - DAG(s) dict_keys(['latest_only']) retrieved from /home/daniel/Documents/Alura/python_apache_airflow_pipeline/venv/lib/python3.9/site-packages/airflow/example_dags/example_latest_only.py
[2025-01-05 10:59:23,379] {logging_mixin.py:115} INFO - [2025-01-05 10:59:23,379] {dag.py:2379} INFO - Sync 1 DAGs
[2025-01-05 10:59:23,406] {logging_mixin.py:115} INFO - [2025-01-05 10:59:23,406] {dag.py:2927} INFO - Setting next_dagrun for latest_only to 2025-01-05T09:59:23.405177+00:00, run_after=2025-01-05T13:59:23.405177+00:00
[2025-01-05 10:59:23,422] {processor.py:161} INFO - Processing /home/daniel/Documents/Alura/python_apache_airflow_pipeline/venv/lib/python3.9/site-packages/airflow/example_dags/example_latest_only.py took 0.082 seconds
[2025-01-05 11:00:10,274] {processor.py:153} INFO - Started process (PID=5726) to work on /home/daniel/Documents/Alura/python_apache_airflow_pipeline/venv/lib/python3.9/site-packages/airflow/example_dags/example_latest_only.py
[2025-01-05 11:00:10,278] {processor.py:641} INFO - Processing file /home/daniel/Documents/Alura/python_apache_airflow_pipeline/venv/lib/python3.9/site-packages/airflow/example_dags/example_latest_only.py for tasks to queue
[2025-01-05 11:00:10,279] {logging_mixin.py:115} INFO - [2025-01-05 11:00:10,279] {dagbag.py:507} INFO - Filling up the DagBag from /home/daniel/Documents/Alura/python_apache_airflow_pipeline/venv/lib/python3.9/site-packages/airflow/example_dags/example_latest_only.py
[2025-01-05 11:00:10,292] {processor.py:651} INFO - DAG(s) dict_keys(['latest_only']) retrieved from /home/daniel/Documents/Alura/python_apache_airflow_pipeline/venv/lib/python3.9/site-packages/airflow/example_dags/example_latest_only.py
[2025-01-05 11:00:10,327] {logging_mixin.py:115} INFO - [2025-01-05 11:00:10,327] {dag.py:2379} INFO - Sync 1 DAGs
[2025-01-05 11:00:10,360] {logging_mixin.py:115} INFO - [2025-01-05 11:00:10,360] {dag.py:2927} INFO - Setting next_dagrun for latest_only to 2025-01-05T10:00:10.360520+00:00, run_after=2025-01-05T14:00:10.360520+00:00
[2025-01-05 11:00:10,384] {processor.py:161} INFO - Processing /home/daniel/Documents/Alura/python_apache_airflow_pipeline/venv/lib/python3.9/site-packages/airflow/example_dags/example_latest_only.py took 0.117 seconds
[2025-01-05 11:00:57,155] {processor.py:153} INFO - Started process (PID=6098) to work on /home/daniel/Documents/Alura/python_apache_airflow_pipeline/venv/lib/python3.9/site-packages/airflow/example_dags/example_latest_only.py
[2025-01-05 11:00:57,156] {processor.py:641} INFO - Processing file /home/daniel/Documents/Alura/python_apache_airflow_pipeline/venv/lib/python3.9/site-packages/airflow/example_dags/example_latest_only.py for tasks to queue
[2025-01-05 11:00:57,159] {logging_mixin.py:115} INFO - [2025-01-05 11:00:57,158] {dagbag.py:507} INFO - Filling up the DagBag from /home/daniel/Documents/Alura/python_apache_airflow_pipeline/venv/lib/python3.9/site-packages/airflow/example_dags/example_latest_only.py
[2025-01-05 11:00:57,167] {processor.py:651} INFO - DAG(s) dict_keys(['latest_only']) retrieved from /home/daniel/Documents/Alura/python_apache_airflow_pipeline/venv/lib/python3.9/site-packages/airflow/example_dags/example_latest_only.py
[2025-01-05 11:00:57,195] {logging_mixin.py:115} INFO - [2025-01-05 11:00:57,195] {dag.py:2379} INFO - Sync 1 DAGs
[2025-01-05 11:00:57,218] {logging_mixin.py:115} INFO - [2025-01-05 11:00:57,218] {dag.py:2927} INFO - Setting next_dagrun for latest_only to 2025-01-05T10:00:57.218615+00:00, run_after=2025-01-05T14:00:57.218615+00:00
[2025-01-05 11:00:57,240] {processor.py:161} INFO - Processing /home/daniel/Documents/Alura/python_apache_airflow_pipeline/venv/lib/python3.9/site-packages/airflow/example_dags/example_latest_only.py took 0.092 seconds
[2025-01-05 11:01:49,091] {processor.py:153} INFO - Started process (PID=6715) to work on /home/daniel/Documents/Alura/python_apache_airflow_pipeline/venv/lib/python3.9/site-packages/airflow/example_dags/example_latest_only.py
[2025-01-05 11:01:49,094] {processor.py:641} INFO - Processing file /home/daniel/Documents/Alura/python_apache_airflow_pipeline/venv/lib/python3.9/site-packages/airflow/example_dags/example_latest_only.py for tasks to queue
[2025-01-05 11:01:49,095] {logging_mixin.py:115} INFO - [2025-01-05 11:01:49,095] {dagbag.py:507} INFO - Filling up the DagBag from /home/daniel/Documents/Alura/python_apache_airflow_pipeline/venv/lib/python3.9/site-packages/airflow/example_dags/example_latest_only.py
[2025-01-05 11:01:49,104] {processor.py:651} INFO - DAG(s) dict_keys(['latest_only']) retrieved from /home/daniel/Documents/Alura/python_apache_airflow_pipeline/venv/lib/python3.9/site-packages/airflow/example_dags/example_latest_only.py
[2025-01-05 11:01:49,135] {logging_mixin.py:115} INFO - [2025-01-05 11:01:49,135] {dag.py:2379} INFO - Sync 1 DAGs
[2025-01-05 11:01:49,167] {logging_mixin.py:115} INFO - [2025-01-05 11:01:49,166] {dag.py:2927} INFO - Setting next_dagrun for latest_only to 2025-01-05T10:01:49.166764+00:00, run_after=2025-01-05T14:01:49.166764+00:00
[2025-01-05 11:01:49,199] {processor.py:161} INFO - Processing /home/daniel/Documents/Alura/python_apache_airflow_pipeline/venv/lib/python3.9/site-packages/airflow/example_dags/example_latest_only.py took 0.113 seconds
[2025-01-05 11:02:39,790] {processor.py:153} INFO - Started process (PID=7074) to work on /home/daniel/Documents/Alura/python_apache_airflow_pipeline/venv/lib/python3.9/site-packages/airflow/example_dags/example_latest_only.py
[2025-01-05 11:02:39,794] {processor.py:641} INFO - Processing file /home/daniel/Documents/Alura/python_apache_airflow_pipeline/venv/lib/python3.9/site-packages/airflow/example_dags/example_latest_only.py for tasks to queue
[2025-01-05 11:02:39,795] {logging_mixin.py:115} INFO - [2025-01-05 11:02:39,795] {dagbag.py:507} INFO - Filling up the DagBag from /home/daniel/Documents/Alura/python_apache_airflow_pipeline/venv/lib/python3.9/site-packages/airflow/example_dags/example_latest_only.py
[2025-01-05 11:02:39,807] {processor.py:651} INFO - DAG(s) dict_keys(['latest_only']) retrieved from /home/daniel/Documents/Alura/python_apache_airflow_pipeline/venv/lib/python3.9/site-packages/airflow/example_dags/example_latest_only.py
[2025-01-05 11:02:39,843] {logging_mixin.py:115} INFO - [2025-01-05 11:02:39,842] {dag.py:2379} INFO - Sync 1 DAGs
[2025-01-05 11:02:39,879] {logging_mixin.py:115} INFO - [2025-01-05 11:02:39,879] {dag.py:2927} INFO - Setting next_dagrun for latest_only to 2025-01-05T10:02:39.878741+00:00, run_after=2025-01-05T14:02:39.878741+00:00
[2025-01-05 11:02:39,914] {processor.py:161} INFO - Processing /home/daniel/Documents/Alura/python_apache_airflow_pipeline/venv/lib/python3.9/site-packages/airflow/example_dags/example_latest_only.py took 0.131 seconds
[2025-01-05 11:03:26,222] {processor.py:153} INFO - Started process (PID=7340) to work on /home/daniel/Documents/Alura/python_apache_airflow_pipeline/venv/lib/python3.9/site-packages/airflow/example_dags/example_latest_only.py
[2025-01-05 11:03:26,224] {processor.py:641} INFO - Processing file /home/daniel/Documents/Alura/python_apache_airflow_pipeline/venv/lib/python3.9/site-packages/airflow/example_dags/example_latest_only.py for tasks to queue
[2025-01-05 11:03:26,224] {logging_mixin.py:115} INFO - [2025-01-05 11:03:26,224] {dagbag.py:507} INFO - Filling up the DagBag from /home/daniel/Documents/Alura/python_apache_airflow_pipeline/venv/lib/python3.9/site-packages/airflow/example_dags/example_latest_only.py
[2025-01-05 11:03:26,239] {processor.py:651} INFO - DAG(s) dict_keys(['latest_only']) retrieved from /home/daniel/Documents/Alura/python_apache_airflow_pipeline/venv/lib/python3.9/site-packages/airflow/example_dags/example_latest_only.py
[2025-01-05 11:03:26,283] {logging_mixin.py:115} INFO - [2025-01-05 11:03:26,283] {dag.py:2379} INFO - Sync 1 DAGs
[2025-01-05 11:03:26,338] {logging_mixin.py:115} INFO - [2025-01-05 11:03:26,338] {dag.py:2927} INFO - Setting next_dagrun for latest_only to 2025-01-05T10:03:26.338573+00:00, run_after=2025-01-05T14:03:26.338573+00:00
[2025-01-05 11:03:26,375] {processor.py:161} INFO - Processing /home/daniel/Documents/Alura/python_apache_airflow_pipeline/venv/lib/python3.9/site-packages/airflow/example_dags/example_latest_only.py took 0.160 seconds
[2025-01-05 11:04:11,479] {processor.py:153} INFO - Started process (PID=7583) to work on /home/daniel/Documents/Alura/python_apache_airflow_pipeline/venv/lib/python3.9/site-packages/airflow/example_dags/example_latest_only.py
[2025-01-05 11:04:11,483] {processor.py:641} INFO - Processing file /home/daniel/Documents/Alura/python_apache_airflow_pipeline/venv/lib/python3.9/site-packages/airflow/example_dags/example_latest_only.py for tasks to queue
[2025-01-05 11:04:11,483] {logging_mixin.py:115} INFO - [2025-01-05 11:04:11,483] {dagbag.py:507} INFO - Filling up the DagBag from /home/daniel/Documents/Alura/python_apache_airflow_pipeline/venv/lib/python3.9/site-packages/airflow/example_dags/example_latest_only.py
[2025-01-05 11:04:11,499] {processor.py:651} INFO - DAG(s) dict_keys(['latest_only']) retrieved from /home/daniel/Documents/Alura/python_apache_airflow_pipeline/venv/lib/python3.9/site-packages/airflow/example_dags/example_latest_only.py
[2025-01-05 11:04:11,539] {logging_mixin.py:115} INFO - [2025-01-05 11:04:11,539] {dag.py:2379} INFO - Sync 1 DAGs
[2025-01-05 11:04:11,591] {logging_mixin.py:115} INFO - [2025-01-05 11:04:11,591] {dag.py:2927} INFO - Setting next_dagrun for latest_only to 2025-01-05T10:04:11.591306+00:00, run_after=2025-01-05T14:04:11.591306+00:00
[2025-01-05 11:04:11,634] {processor.py:161} INFO - Processing /home/daniel/Documents/Alura/python_apache_airflow_pipeline/venv/lib/python3.9/site-packages/airflow/example_dags/example_latest_only.py took 0.172 seconds
[2025-01-05 11:05:15,650] {processor.py:153} INFO - Started process (PID=7901) to work on /home/daniel/Documents/Alura/python_apache_airflow_pipeline/venv/lib/python3.9/site-packages/airflow/example_dags/example_latest_only.py
[2025-01-05 11:05:15,655] {processor.py:641} INFO - Processing file /home/daniel/Documents/Alura/python_apache_airflow_pipeline/venv/lib/python3.9/site-packages/airflow/example_dags/example_latest_only.py for tasks to queue
[2025-01-05 11:05:15,662] {logging_mixin.py:115} INFO - [2025-01-05 11:05:15,662] {dagbag.py:507} INFO - Filling up the DagBag from /home/daniel/Documents/Alura/python_apache_airflow_pipeline/venv/lib/python3.9/site-packages/airflow/example_dags/example_latest_only.py
[2025-01-05 11:05:15,726] {processor.py:651} INFO - DAG(s) dict_keys(['latest_only']) retrieved from /home/daniel/Documents/Alura/python_apache_airflow_pipeline/venv/lib/python3.9/site-packages/airflow/example_dags/example_latest_only.py
[2025-01-05 11:05:15,883] {logging_mixin.py:115} INFO - [2025-01-05 11:05:15,879] {dag.py:2379} INFO - Sync 1 DAGs
[2025-01-05 11:05:16,079] {logging_mixin.py:115} INFO - [2025-01-05 11:05:16,078] {dag.py:2927} INFO - Setting next_dagrun for latest_only to 2025-01-05T10:05:16.075120+00:00, run_after=2025-01-05T14:05:16.075120+00:00
[2025-01-05 11:05:16,206] {processor.py:161} INFO - Processing /home/daniel/Documents/Alura/python_apache_airflow_pipeline/venv/lib/python3.9/site-packages/airflow/example_dags/example_latest_only.py took 0.588 seconds
[2025-01-05 11:06:18,879] {processor.py:153} INFO - Started process (PID=8195) to work on /home/daniel/Documents/Alura/python_apache_airflow_pipeline/venv/lib/python3.9/site-packages/airflow/example_dags/example_latest_only.py
[2025-01-05 11:06:18,894] {processor.py:641} INFO - Processing file /home/daniel/Documents/Alura/python_apache_airflow_pipeline/venv/lib/python3.9/site-packages/airflow/example_dags/example_latest_only.py for tasks to queue
[2025-01-05 11:06:18,902] {logging_mixin.py:115} INFO - [2025-01-05 11:06:18,902] {dagbag.py:507} INFO - Filling up the DagBag from /home/daniel/Documents/Alura/python_apache_airflow_pipeline/venv/lib/python3.9/site-packages/airflow/example_dags/example_latest_only.py
[2025-01-05 11:06:18,934] {processor.py:651} INFO - DAG(s) dict_keys(['latest_only']) retrieved from /home/daniel/Documents/Alura/python_apache_airflow_pipeline/venv/lib/python3.9/site-packages/airflow/example_dags/example_latest_only.py
[2025-01-05 11:06:19,022] {logging_mixin.py:115} INFO - [2025-01-05 11:06:19,019] {dag.py:2379} INFO - Sync 1 DAGs
[2025-01-05 11:06:19,222] {logging_mixin.py:115} INFO - [2025-01-05 11:06:19,222] {dag.py:2927} INFO - Setting next_dagrun for latest_only to 2025-01-05T10:06:19.218810+00:00, run_after=2025-01-05T14:06:19.218810+00:00
[2025-01-05 11:06:19,342] {processor.py:161} INFO - Processing /home/daniel/Documents/Alura/python_apache_airflow_pipeline/venv/lib/python3.9/site-packages/airflow/example_dags/example_latest_only.py took 0.480 seconds
