[2025-01-05 09:40:03,941] {processor.py:153} INFO - Started process (PID=5204) to work on /home/daniel/Documents/Alura/python_apache_airflow_pipeline/venv/lib/python3.9/site-packages/airflow/example_dags/example_complex.py
[2025-01-05 09:40:03,953] {processor.py:641} INFO - Processing file /home/daniel/Documents/Alura/python_apache_airflow_pipeline/venv/lib/python3.9/site-packages/airflow/example_dags/example_complex.py for tasks to queue
[2025-01-05 09:40:03,961] {logging_mixin.py:115} INFO - [2025-01-05 09:40:03,960] {dagbag.py:507} INFO - Filling up the DagBag from /home/daniel/Documents/Alura/python_apache_airflow_pipeline/venv/lib/python3.9/site-packages/airflow/example_dags/example_complex.py
[2025-01-05 09:40:04,097] {processor.py:651} INFO - DAG(s) dict_keys(['example_complex']) retrieved from /home/daniel/Documents/Alura/python_apache_airflow_pipeline/venv/lib/python3.9/site-packages/airflow/example_dags/example_complex.py
[2025-01-05 09:40:04,524] {logging_mixin.py:115} INFO - [2025-01-05 09:40:04,524] {dag.py:2379} INFO - Sync 1 DAGs
[2025-01-05 09:40:04,968] {logging_mixin.py:115} INFO - [2025-01-05 09:40:04,965] {dag.py:2927} INFO - Setting next_dagrun for example_complex to None, run_after=None
[2025-01-05 09:40:05,141] {processor.py:161} INFO - Processing /home/daniel/Documents/Alura/python_apache_airflow_pipeline/venv/lib/python3.9/site-packages/airflow/example_dags/example_complex.py took 1.228 seconds
[2025-01-05 09:55:04,066] {processor.py:153} INFO - Started process (PID=3690) to work on /home/daniel/Documents/Alura/python_apache_airflow_pipeline/venv/lib/python3.9/site-packages/airflow/example_dags/example_complex.py
[2025-01-05 09:55:04,081] {processor.py:641} INFO - Processing file /home/daniel/Documents/Alura/python_apache_airflow_pipeline/venv/lib/python3.9/site-packages/airflow/example_dags/example_complex.py for tasks to queue
[2025-01-05 09:55:04,083] {logging_mixin.py:115} INFO - [2025-01-05 09:55:04,083] {dagbag.py:507} INFO - Filling up the DagBag from /home/daniel/Documents/Alura/python_apache_airflow_pipeline/venv/lib/python3.9/site-packages/airflow/example_dags/example_complex.py
[2025-01-05 09:55:04,118] {processor.py:651} INFO - DAG(s) dict_keys(['example_complex']) retrieved from /home/daniel/Documents/Alura/python_apache_airflow_pipeline/venv/lib/python3.9/site-packages/airflow/example_dags/example_complex.py
[2025-01-05 09:55:04,186] {logging_mixin.py:115} INFO - [2025-01-05 09:55:04,186] {dag.py:2379} INFO - Sync 1 DAGs
[2025-01-05 09:55:04,243] {logging_mixin.py:115} INFO - [2025-01-05 09:55:04,243] {dag.py:2927} INFO - Setting next_dagrun for example_complex to None, run_after=None
[2025-01-05 09:55:04,294] {processor.py:161} INFO - Processing /home/daniel/Documents/Alura/python_apache_airflow_pipeline/venv/lib/python3.9/site-packages/airflow/example_dags/example_complex.py took 0.239 seconds
[2025-01-05 09:55:54,390] {processor.py:153} INFO - Started process (PID=4192) to work on /home/daniel/Documents/Alura/python_apache_airflow_pipeline/venv/lib/python3.9/site-packages/airflow/example_dags/example_complex.py
[2025-01-05 09:55:54,392] {processor.py:641} INFO - Processing file /home/daniel/Documents/Alura/python_apache_airflow_pipeline/venv/lib/python3.9/site-packages/airflow/example_dags/example_complex.py for tasks to queue
[2025-01-05 09:55:54,394] {logging_mixin.py:115} INFO - [2025-01-05 09:55:54,394] {dagbag.py:507} INFO - Filling up the DagBag from /home/daniel/Documents/Alura/python_apache_airflow_pipeline/venv/lib/python3.9/site-packages/airflow/example_dags/example_complex.py
[2025-01-05 09:55:54,411] {processor.py:651} INFO - DAG(s) dict_keys(['example_complex']) retrieved from /home/daniel/Documents/Alura/python_apache_airflow_pipeline/venv/lib/python3.9/site-packages/airflow/example_dags/example_complex.py
[2025-01-05 09:55:54,442] {logging_mixin.py:115} INFO - [2025-01-05 09:55:54,442] {dag.py:2379} INFO - Sync 1 DAGs
[2025-01-05 09:55:54,475] {logging_mixin.py:115} INFO - [2025-01-05 09:55:54,475] {dag.py:2927} INFO - Setting next_dagrun for example_complex to None, run_after=None
[2025-01-05 09:55:54,492] {processor.py:161} INFO - Processing /home/daniel/Documents/Alura/python_apache_airflow_pipeline/venv/lib/python3.9/site-packages/airflow/example_dags/example_complex.py took 0.109 seconds
[2025-01-05 09:56:41,524] {processor.py:153} INFO - Started process (PID=4551) to work on /home/daniel/Documents/Alura/python_apache_airflow_pipeline/venv/lib/python3.9/site-packages/airflow/example_dags/example_complex.py
[2025-01-05 09:56:41,526] {processor.py:641} INFO - Processing file /home/daniel/Documents/Alura/python_apache_airflow_pipeline/venv/lib/python3.9/site-packages/airflow/example_dags/example_complex.py for tasks to queue
[2025-01-05 09:56:41,526] {logging_mixin.py:115} INFO - [2025-01-05 09:56:41,526] {dagbag.py:507} INFO - Filling up the DagBag from /home/daniel/Documents/Alura/python_apache_airflow_pipeline/venv/lib/python3.9/site-packages/airflow/example_dags/example_complex.py
[2025-01-05 09:56:41,538] {processor.py:651} INFO - DAG(s) dict_keys(['example_complex']) retrieved from /home/daniel/Documents/Alura/python_apache_airflow_pipeline/venv/lib/python3.9/site-packages/airflow/example_dags/example_complex.py
[2025-01-05 09:56:41,573] {logging_mixin.py:115} INFO - [2025-01-05 09:56:41,573] {dag.py:2379} INFO - Sync 1 DAGs
[2025-01-05 09:56:41,599] {logging_mixin.py:115} INFO - [2025-01-05 09:56:41,599] {dag.py:2927} INFO - Setting next_dagrun for example_complex to None, run_after=None
[2025-01-05 09:56:41,623] {processor.py:161} INFO - Processing /home/daniel/Documents/Alura/python_apache_airflow_pipeline/venv/lib/python3.9/site-packages/airflow/example_dags/example_complex.py took 0.104 seconds
[2025-01-05 09:57:26,786] {processor.py:153} INFO - Started process (PID=4972) to work on /home/daniel/Documents/Alura/python_apache_airflow_pipeline/venv/lib/python3.9/site-packages/airflow/example_dags/example_complex.py
[2025-01-05 09:57:26,790] {processor.py:641} INFO - Processing file /home/daniel/Documents/Alura/python_apache_airflow_pipeline/venv/lib/python3.9/site-packages/airflow/example_dags/example_complex.py for tasks to queue
[2025-01-05 09:57:26,791] {logging_mixin.py:115} INFO - [2025-01-05 09:57:26,791] {dagbag.py:507} INFO - Filling up the DagBag from /home/daniel/Documents/Alura/python_apache_airflow_pipeline/venv/lib/python3.9/site-packages/airflow/example_dags/example_complex.py
[2025-01-05 09:57:26,834] {processor.py:651} INFO - DAG(s) dict_keys(['example_complex']) retrieved from /home/daniel/Documents/Alura/python_apache_airflow_pipeline/venv/lib/python3.9/site-packages/airflow/example_dags/example_complex.py
[2025-01-05 09:57:26,887] {logging_mixin.py:115} INFO - [2025-01-05 09:57:26,887] {dag.py:2379} INFO - Sync 1 DAGs
[2025-01-05 09:57:26,918] {logging_mixin.py:115} INFO - [2025-01-05 09:57:26,918] {dag.py:2927} INFO - Setting next_dagrun for example_complex to None, run_after=None
[2025-01-05 09:57:26,937] {processor.py:161} INFO - Processing /home/daniel/Documents/Alura/python_apache_airflow_pipeline/venv/lib/python3.9/site-packages/airflow/example_dags/example_complex.py took 0.161 seconds
[2025-01-05 09:58:38,506] {processor.py:153} INFO - Started process (PID=5772) to work on /home/daniel/Documents/Alura/python_apache_airflow_pipeline/venv/lib/python3.9/site-packages/airflow/example_dags/example_complex.py
[2025-01-05 09:58:38,510] {processor.py:641} INFO - Processing file /home/daniel/Documents/Alura/python_apache_airflow_pipeline/venv/lib/python3.9/site-packages/airflow/example_dags/example_complex.py for tasks to queue
[2025-01-05 09:58:38,511] {logging_mixin.py:115} INFO - [2025-01-05 09:58:38,510] {dagbag.py:507} INFO - Filling up the DagBag from /home/daniel/Documents/Alura/python_apache_airflow_pipeline/venv/lib/python3.9/site-packages/airflow/example_dags/example_complex.py
[2025-01-05 09:58:38,534] {processor.py:651} INFO - DAG(s) dict_keys(['example_complex']) retrieved from /home/daniel/Documents/Alura/python_apache_airflow_pipeline/venv/lib/python3.9/site-packages/airflow/example_dags/example_complex.py
[2025-01-05 09:58:38,604] {logging_mixin.py:115} INFO - [2025-01-05 09:58:38,603] {dag.py:2379} INFO - Sync 1 DAGs
[2025-01-05 09:58:38,663] {logging_mixin.py:115} INFO - [2025-01-05 09:58:38,662] {dag.py:2927} INFO - Setting next_dagrun for example_complex to None, run_after=None
[2025-01-05 09:58:38,719] {processor.py:161} INFO - Processing /home/daniel/Documents/Alura/python_apache_airflow_pipeline/venv/lib/python3.9/site-packages/airflow/example_dags/example_complex.py took 0.220 seconds
[2025-01-05 10:00:00,522] {processor.py:153} INFO - Started process (PID=6586) to work on /home/daniel/Documents/Alura/python_apache_airflow_pipeline/venv/lib/python3.9/site-packages/airflow/example_dags/example_complex.py
[2025-01-05 10:00:00,526] {processor.py:641} INFO - Processing file /home/daniel/Documents/Alura/python_apache_airflow_pipeline/venv/lib/python3.9/site-packages/airflow/example_dags/example_complex.py for tasks to queue
[2025-01-05 10:00:00,530] {logging_mixin.py:115} INFO - [2025-01-05 10:00:00,529] {dagbag.py:507} INFO - Filling up the DagBag from /home/daniel/Documents/Alura/python_apache_airflow_pipeline/venv/lib/python3.9/site-packages/airflow/example_dags/example_complex.py
[2025-01-05 10:00:00,582] {processor.py:651} INFO - DAG(s) dict_keys(['example_complex']) retrieved from /home/daniel/Documents/Alura/python_apache_airflow_pipeline/venv/lib/python3.9/site-packages/airflow/example_dags/example_complex.py
[2025-01-05 10:00:00,658] {logging_mixin.py:115} INFO - [2025-01-05 10:00:00,658] {dag.py:2379} INFO - Sync 1 DAGs
[2025-01-05 10:00:00,707] {logging_mixin.py:115} INFO - [2025-01-05 10:00:00,707] {dag.py:2927} INFO - Setting next_dagrun for example_complex to None, run_after=None
[2025-01-05 10:00:00,745] {processor.py:161} INFO - Processing /home/daniel/Documents/Alura/python_apache_airflow_pipeline/venv/lib/python3.9/site-packages/airflow/example_dags/example_complex.py took 0.236 seconds
[2025-01-05 10:00:48,513] {processor.py:153} INFO - Started process (PID=6906) to work on /home/daniel/Documents/Alura/python_apache_airflow_pipeline/venv/lib/python3.9/site-packages/airflow/example_dags/example_complex.py
[2025-01-05 10:00:48,514] {processor.py:641} INFO - Processing file /home/daniel/Documents/Alura/python_apache_airflow_pipeline/venv/lib/python3.9/site-packages/airflow/example_dags/example_complex.py for tasks to queue
[2025-01-05 10:00:48,515] {logging_mixin.py:115} INFO - [2025-01-05 10:00:48,515] {dagbag.py:507} INFO - Filling up the DagBag from /home/daniel/Documents/Alura/python_apache_airflow_pipeline/venv/lib/python3.9/site-packages/airflow/example_dags/example_complex.py
[2025-01-05 10:00:48,551] {processor.py:651} INFO - DAG(s) dict_keys(['example_complex']) retrieved from /home/daniel/Documents/Alura/python_apache_airflow_pipeline/venv/lib/python3.9/site-packages/airflow/example_dags/example_complex.py
[2025-01-05 10:00:48,590] {logging_mixin.py:115} INFO - [2025-01-05 10:00:48,590] {dag.py:2379} INFO - Sync 1 DAGs
[2025-01-05 10:00:48,630] {logging_mixin.py:115} INFO - [2025-01-05 10:00:48,630] {dag.py:2927} INFO - Setting next_dagrun for example_complex to None, run_after=None
[2025-01-05 10:00:48,658] {processor.py:161} INFO - Processing /home/daniel/Documents/Alura/python_apache_airflow_pipeline/venv/lib/python3.9/site-packages/airflow/example_dags/example_complex.py took 0.152 seconds
[2025-01-05 10:03:28,873] {processor.py:153} INFO - Started process (PID=8059) to work on /home/daniel/Documents/Alura/python_apache_airflow_pipeline/venv/lib/python3.9/site-packages/airflow/example_dags/example_complex.py
[2025-01-05 10:03:28,881] {processor.py:641} INFO - Processing file /home/daniel/Documents/Alura/python_apache_airflow_pipeline/venv/lib/python3.9/site-packages/airflow/example_dags/example_complex.py for tasks to queue
[2025-01-05 10:03:28,885] {logging_mixin.py:115} INFO - [2025-01-05 10:03:28,885] {dagbag.py:507} INFO - Filling up the DagBag from /home/daniel/Documents/Alura/python_apache_airflow_pipeline/venv/lib/python3.9/site-packages/airflow/example_dags/example_complex.py
[2025-01-05 10:03:28,949] {processor.py:651} INFO - DAG(s) dict_keys(['example_complex']) retrieved from /home/daniel/Documents/Alura/python_apache_airflow_pipeline/venv/lib/python3.9/site-packages/airflow/example_dags/example_complex.py
[2025-01-05 10:03:29,069] {logging_mixin.py:115} INFO - [2025-01-05 10:03:29,069] {dag.py:2379} INFO - Sync 1 DAGs
[2025-01-05 10:03:29,222] {logging_mixin.py:115} INFO - [2025-01-05 10:03:29,221] {dag.py:2927} INFO - Setting next_dagrun for example_complex to None, run_after=None
[2025-01-05 10:03:29,285] {processor.py:161} INFO - Processing /home/daniel/Documents/Alura/python_apache_airflow_pipeline/venv/lib/python3.9/site-packages/airflow/example_dags/example_complex.py took 0.428 seconds
[2025-01-05 10:04:39,581] {processor.py:153} INFO - Started process (PID=8221) to work on /home/daniel/Documents/Alura/python_apache_airflow_pipeline/venv/lib/python3.9/site-packages/airflow/example_dags/example_complex.py
[2025-01-05 10:04:39,589] {processor.py:641} INFO - Processing file /home/daniel/Documents/Alura/python_apache_airflow_pipeline/venv/lib/python3.9/site-packages/airflow/example_dags/example_complex.py for tasks to queue
[2025-01-05 10:04:39,590] {logging_mixin.py:115} INFO - [2025-01-05 10:04:39,589] {dagbag.py:507} INFO - Filling up the DagBag from /home/daniel/Documents/Alura/python_apache_airflow_pipeline/venv/lib/python3.9/site-packages/airflow/example_dags/example_complex.py
[2025-01-05 10:04:39,665] {processor.py:651} INFO - DAG(s) dict_keys(['example_complex']) retrieved from /home/daniel/Documents/Alura/python_apache_airflow_pipeline/venv/lib/python3.9/site-packages/airflow/example_dags/example_complex.py
[2025-01-05 10:04:39,837] {logging_mixin.py:115} INFO - [2025-01-05 10:04:39,837] {dag.py:2379} INFO - Sync 1 DAGs
[2025-01-05 10:04:39,949] {logging_mixin.py:115} INFO - [2025-01-05 10:04:39,949] {dag.py:2927} INFO - Setting next_dagrun for example_complex to None, run_after=None
[2025-01-05 10:04:40,082] {processor.py:161} INFO - Processing /home/daniel/Documents/Alura/python_apache_airflow_pipeline/venv/lib/python3.9/site-packages/airflow/example_dags/example_complex.py took 0.516 seconds
[2025-01-05 10:06:02,757] {processor.py:153} INFO - Started process (PID=8540) to work on /home/daniel/Documents/Alura/python_apache_airflow_pipeline/venv/lib/python3.9/site-packages/airflow/example_dags/example_complex.py
[2025-01-05 10:06:02,765] {processor.py:641} INFO - Processing file /home/daniel/Documents/Alura/python_apache_airflow_pipeline/venv/lib/python3.9/site-packages/airflow/example_dags/example_complex.py for tasks to queue
[2025-01-05 10:06:02,773] {logging_mixin.py:115} INFO - [2025-01-05 10:06:02,769] {dagbag.py:507} INFO - Filling up the DagBag from /home/daniel/Documents/Alura/python_apache_airflow_pipeline/venv/lib/python3.9/site-packages/airflow/example_dags/example_complex.py
[2025-01-05 10:06:02,901] {processor.py:651} INFO - DAG(s) dict_keys(['example_complex']) retrieved from /home/daniel/Documents/Alura/python_apache_airflow_pipeline/venv/lib/python3.9/site-packages/airflow/example_dags/example_complex.py
[2025-01-05 10:06:03,253] {logging_mixin.py:115} INFO - [2025-01-05 10:06:03,253] {dag.py:2379} INFO - Sync 1 DAGs
[2025-01-05 10:06:03,461] {logging_mixin.py:115} INFO - [2025-01-05 10:06:03,457] {dag.py:2927} INFO - Setting next_dagrun for example_complex to None, run_after=None
[2025-01-05 10:06:03,697] {processor.py:161} INFO - Processing /home/daniel/Documents/Alura/python_apache_airflow_pipeline/venv/lib/python3.9/site-packages/airflow/example_dags/example_complex.py took 0.980 seconds
[2025-01-05 10:16:50,403] {processor.py:153} INFO - Started process (PID=9368) to work on /home/daniel/Documents/Alura/python_apache_airflow_pipeline/venv/lib/python3.9/site-packages/airflow/example_dags/example_complex.py
[2025-01-05 10:16:50,406] {processor.py:641} INFO - Processing file /home/daniel/Documents/Alura/python_apache_airflow_pipeline/venv/lib/python3.9/site-packages/airflow/example_dags/example_complex.py for tasks to queue
[2025-01-05 10:16:50,407] {logging_mixin.py:115} INFO - [2025-01-05 10:16:50,406] {dagbag.py:507} INFO - Filling up the DagBag from /home/daniel/Documents/Alura/python_apache_airflow_pipeline/venv/lib/python3.9/site-packages/airflow/example_dags/example_complex.py
[2025-01-05 10:16:50,420] {processor.py:651} INFO - DAG(s) dict_keys(['example_complex']) retrieved from /home/daniel/Documents/Alura/python_apache_airflow_pipeline/venv/lib/python3.9/site-packages/airflow/example_dags/example_complex.py
[2025-01-05 10:16:50,445] {logging_mixin.py:115} INFO - [2025-01-05 10:16:50,445] {dag.py:2379} INFO - Sync 1 DAGs
[2025-01-05 10:16:50,464] {logging_mixin.py:115} INFO - [2025-01-05 10:16:50,464] {dag.py:2927} INFO - Setting next_dagrun for example_complex to None, run_after=None
[2025-01-05 10:16:50,482] {processor.py:161} INFO - Processing /home/daniel/Documents/Alura/python_apache_airflow_pipeline/venv/lib/python3.9/site-packages/airflow/example_dags/example_complex.py took 0.082 seconds
[2025-01-05 10:17:27,179] {processor.py:153} INFO - Started process (PID=9670) to work on /home/daniel/Documents/Alura/python_apache_airflow_pipeline/venv/lib/python3.9/site-packages/airflow/example_dags/example_complex.py
[2025-01-05 10:17:27,180] {processor.py:641} INFO - Processing file /home/daniel/Documents/Alura/python_apache_airflow_pipeline/venv/lib/python3.9/site-packages/airflow/example_dags/example_complex.py for tasks to queue
[2025-01-05 10:17:27,180] {logging_mixin.py:115} INFO - [2025-01-05 10:17:27,180] {dagbag.py:507} INFO - Filling up the DagBag from /home/daniel/Documents/Alura/python_apache_airflow_pipeline/venv/lib/python3.9/site-packages/airflow/example_dags/example_complex.py
[2025-01-05 10:17:27,192] {processor.py:651} INFO - DAG(s) dict_keys(['example_complex']) retrieved from /home/daniel/Documents/Alura/python_apache_airflow_pipeline/venv/lib/python3.9/site-packages/airflow/example_dags/example_complex.py
[2025-01-05 10:17:27,211] {logging_mixin.py:115} INFO - [2025-01-05 10:17:27,211] {dag.py:2379} INFO - Sync 1 DAGs
[2025-01-05 10:17:27,228] {logging_mixin.py:115} INFO - [2025-01-05 10:17:27,228] {dag.py:2927} INFO - Setting next_dagrun for example_complex to None, run_after=None
[2025-01-05 10:17:27,240] {processor.py:161} INFO - Processing /home/daniel/Documents/Alura/python_apache_airflow_pipeline/venv/lib/python3.9/site-packages/airflow/example_dags/example_complex.py took 0.065 seconds
[2025-01-05 10:18:08,858] {processor.py:153} INFO - Started process (PID=9920) to work on /home/daniel/Documents/Alura/python_apache_airflow_pipeline/venv/lib/python3.9/site-packages/airflow/example_dags/example_complex.py
[2025-01-05 10:18:08,859] {processor.py:641} INFO - Processing file /home/daniel/Documents/Alura/python_apache_airflow_pipeline/venv/lib/python3.9/site-packages/airflow/example_dags/example_complex.py for tasks to queue
[2025-01-05 10:18:08,860] {logging_mixin.py:115} INFO - [2025-01-05 10:18:08,859] {dagbag.py:507} INFO - Filling up the DagBag from /home/daniel/Documents/Alura/python_apache_airflow_pipeline/venv/lib/python3.9/site-packages/airflow/example_dags/example_complex.py
[2025-01-05 10:18:08,870] {processor.py:651} INFO - DAG(s) dict_keys(['example_complex']) retrieved from /home/daniel/Documents/Alura/python_apache_airflow_pipeline/venv/lib/python3.9/site-packages/airflow/example_dags/example_complex.py
[2025-01-05 10:18:08,889] {logging_mixin.py:115} INFO - [2025-01-05 10:18:08,889] {dag.py:2379} INFO - Sync 1 DAGs
[2025-01-05 10:18:08,906] {logging_mixin.py:115} INFO - [2025-01-05 10:18:08,905] {dag.py:2927} INFO - Setting next_dagrun for example_complex to None, run_after=None
[2025-01-05 10:18:08,919] {processor.py:161} INFO - Processing /home/daniel/Documents/Alura/python_apache_airflow_pipeline/venv/lib/python3.9/site-packages/airflow/example_dags/example_complex.py took 0.066 seconds
[2025-01-05 10:18:45,975] {processor.py:153} INFO - Started process (PID=10204) to work on /home/daniel/Documents/Alura/python_apache_airflow_pipeline/venv/lib/python3.9/site-packages/airflow/example_dags/example_complex.py
[2025-01-05 10:18:45,976] {processor.py:641} INFO - Processing file /home/daniel/Documents/Alura/python_apache_airflow_pipeline/venv/lib/python3.9/site-packages/airflow/example_dags/example_complex.py for tasks to queue
[2025-01-05 10:18:45,976] {logging_mixin.py:115} INFO - [2025-01-05 10:18:45,976] {dagbag.py:507} INFO - Filling up the DagBag from /home/daniel/Documents/Alura/python_apache_airflow_pipeline/venv/lib/python3.9/site-packages/airflow/example_dags/example_complex.py
[2025-01-05 10:18:45,985] {processor.py:651} INFO - DAG(s) dict_keys(['example_complex']) retrieved from /home/daniel/Documents/Alura/python_apache_airflow_pipeline/venv/lib/python3.9/site-packages/airflow/example_dags/example_complex.py
[2025-01-05 10:18:46,002] {logging_mixin.py:115} INFO - [2025-01-05 10:18:46,001] {dag.py:2379} INFO - Sync 1 DAGs
[2025-01-05 10:18:46,015] {logging_mixin.py:115} INFO - [2025-01-05 10:18:46,015] {dag.py:2927} INFO - Setting next_dagrun for example_complex to None, run_after=None
[2025-01-05 10:18:46,026] {processor.py:161} INFO - Processing /home/daniel/Documents/Alura/python_apache_airflow_pipeline/venv/lib/python3.9/site-packages/airflow/example_dags/example_complex.py took 0.054 seconds
[2025-01-05 10:19:32,566] {processor.py:153} INFO - Started process (PID=10527) to work on /home/daniel/Documents/Alura/python_apache_airflow_pipeline/venv/lib/python3.9/site-packages/airflow/example_dags/example_complex.py
[2025-01-05 10:19:32,567] {processor.py:641} INFO - Processing file /home/daniel/Documents/Alura/python_apache_airflow_pipeline/venv/lib/python3.9/site-packages/airflow/example_dags/example_complex.py for tasks to queue
[2025-01-05 10:19:32,568] {logging_mixin.py:115} INFO - [2025-01-05 10:19:32,568] {dagbag.py:507} INFO - Filling up the DagBag from /home/daniel/Documents/Alura/python_apache_airflow_pipeline/venv/lib/python3.9/site-packages/airflow/example_dags/example_complex.py
[2025-01-05 10:19:32,590] {processor.py:651} INFO - DAG(s) dict_keys(['example_complex']) retrieved from /home/daniel/Documents/Alura/python_apache_airflow_pipeline/venv/lib/python3.9/site-packages/airflow/example_dags/example_complex.py
[2025-01-05 10:19:32,618] {logging_mixin.py:115} INFO - [2025-01-05 10:19:32,618] {dag.py:2379} INFO - Sync 1 DAGs
[2025-01-05 10:19:32,668] {logging_mixin.py:115} INFO - [2025-01-05 10:19:32,668] {dag.py:2927} INFO - Setting next_dagrun for example_complex to None, run_after=None
[2025-01-05 10:19:32,696] {processor.py:161} INFO - Processing /home/daniel/Documents/Alura/python_apache_airflow_pipeline/venv/lib/python3.9/site-packages/airflow/example_dags/example_complex.py took 0.135 seconds
[2025-01-05 10:20:17,110] {processor.py:153} INFO - Started process (PID=10800) to work on /home/daniel/Documents/Alura/python_apache_airflow_pipeline/venv/lib/python3.9/site-packages/airflow/example_dags/example_complex.py
[2025-01-05 10:20:17,111] {processor.py:641} INFO - Processing file /home/daniel/Documents/Alura/python_apache_airflow_pipeline/venv/lib/python3.9/site-packages/airflow/example_dags/example_complex.py for tasks to queue
[2025-01-05 10:20:17,111] {logging_mixin.py:115} INFO - [2025-01-05 10:20:17,111] {dagbag.py:507} INFO - Filling up the DagBag from /home/daniel/Documents/Alura/python_apache_airflow_pipeline/venv/lib/python3.9/site-packages/airflow/example_dags/example_complex.py
[2025-01-05 10:20:17,124] {processor.py:651} INFO - DAG(s) dict_keys(['example_complex']) retrieved from /home/daniel/Documents/Alura/python_apache_airflow_pipeline/venv/lib/python3.9/site-packages/airflow/example_dags/example_complex.py
[2025-01-05 10:20:17,143] {logging_mixin.py:115} INFO - [2025-01-05 10:20:17,143] {dag.py:2379} INFO - Sync 1 DAGs
[2025-01-05 10:20:17,160] {logging_mixin.py:115} INFO - [2025-01-05 10:20:17,160] {dag.py:2927} INFO - Setting next_dagrun for example_complex to None, run_after=None
[2025-01-05 10:20:17,176] {processor.py:161} INFO - Processing /home/daniel/Documents/Alura/python_apache_airflow_pipeline/venv/lib/python3.9/site-packages/airflow/example_dags/example_complex.py took 0.069 seconds
[2025-01-05 10:21:04,060] {processor.py:153} INFO - Started process (PID=11247) to work on /home/daniel/Documents/Alura/python_apache_airflow_pipeline/venv/lib/python3.9/site-packages/airflow/example_dags/example_complex.py
[2025-01-05 10:21:04,063] {processor.py:641} INFO - Processing file /home/daniel/Documents/Alura/python_apache_airflow_pipeline/venv/lib/python3.9/site-packages/airflow/example_dags/example_complex.py for tasks to queue
[2025-01-05 10:21:04,064] {logging_mixin.py:115} INFO - [2025-01-05 10:21:04,064] {dagbag.py:507} INFO - Filling up the DagBag from /home/daniel/Documents/Alura/python_apache_airflow_pipeline/venv/lib/python3.9/site-packages/airflow/example_dags/example_complex.py
[2025-01-05 10:21:04,086] {processor.py:651} INFO - DAG(s) dict_keys(['example_complex']) retrieved from /home/daniel/Documents/Alura/python_apache_airflow_pipeline/venv/lib/python3.9/site-packages/airflow/example_dags/example_complex.py
[2025-01-05 10:21:04,124] {logging_mixin.py:115} INFO - [2025-01-05 10:21:04,124] {dag.py:2379} INFO - Sync 1 DAGs
[2025-01-05 10:21:04,166] {logging_mixin.py:115} INFO - [2025-01-05 10:21:04,166] {dag.py:2927} INFO - Setting next_dagrun for example_complex to None, run_after=None
[2025-01-05 10:21:04,194] {processor.py:161} INFO - Processing /home/daniel/Documents/Alura/python_apache_airflow_pipeline/venv/lib/python3.9/site-packages/airflow/example_dags/example_complex.py took 0.140 seconds
[2025-01-05 10:22:22,483] {processor.py:153} INFO - Started process (PID=12337) to work on /home/daniel/Documents/Alura/python_apache_airflow_pipeline/venv/lib/python3.9/site-packages/airflow/example_dags/example_complex.py
[2025-01-05 10:22:22,484] {processor.py:641} INFO - Processing file /home/daniel/Documents/Alura/python_apache_airflow_pipeline/venv/lib/python3.9/site-packages/airflow/example_dags/example_complex.py for tasks to queue
[2025-01-05 10:22:22,486] {logging_mixin.py:115} INFO - [2025-01-05 10:22:22,486] {dagbag.py:507} INFO - Filling up the DagBag from /home/daniel/Documents/Alura/python_apache_airflow_pipeline/venv/lib/python3.9/site-packages/airflow/example_dags/example_complex.py
[2025-01-05 10:22:22,508] {processor.py:651} INFO - DAG(s) dict_keys(['example_complex']) retrieved from /home/daniel/Documents/Alura/python_apache_airflow_pipeline/venv/lib/python3.9/site-packages/airflow/example_dags/example_complex.py
[2025-01-05 10:22:22,542] {logging_mixin.py:115} INFO - [2025-01-05 10:22:22,542] {dag.py:2379} INFO - Sync 1 DAGs
[2025-01-05 10:22:22,571] {logging_mixin.py:115} INFO - [2025-01-05 10:22:22,571] {dag.py:2927} INFO - Setting next_dagrun for example_complex to None, run_after=None
[2025-01-05 10:22:22,596] {processor.py:161} INFO - Processing /home/daniel/Documents/Alura/python_apache_airflow_pipeline/venv/lib/python3.9/site-packages/airflow/example_dags/example_complex.py took 0.118 seconds
[2025-01-05 10:23:04,775] {processor.py:153} INFO - Started process (PID=12709) to work on /home/daniel/Documents/Alura/python_apache_airflow_pipeline/venv/lib/python3.9/site-packages/airflow/example_dags/example_complex.py
[2025-01-05 10:23:04,779] {processor.py:641} INFO - Processing file /home/daniel/Documents/Alura/python_apache_airflow_pipeline/venv/lib/python3.9/site-packages/airflow/example_dags/example_complex.py for tasks to queue
[2025-01-05 10:23:04,780] {logging_mixin.py:115} INFO - [2025-01-05 10:23:04,780] {dagbag.py:507} INFO - Filling up the DagBag from /home/daniel/Documents/Alura/python_apache_airflow_pipeline/venv/lib/python3.9/site-packages/airflow/example_dags/example_complex.py
[2025-01-05 10:23:04,800] {processor.py:651} INFO - DAG(s) dict_keys(['example_complex']) retrieved from /home/daniel/Documents/Alura/python_apache_airflow_pipeline/venv/lib/python3.9/site-packages/airflow/example_dags/example_complex.py
[2025-01-05 10:23:04,839] {logging_mixin.py:115} INFO - [2025-01-05 10:23:04,839] {dag.py:2379} INFO - Sync 1 DAGs
[2025-01-05 10:23:04,874] {logging_mixin.py:115} INFO - [2025-01-05 10:23:04,874] {dag.py:2927} INFO - Setting next_dagrun for example_complex to None, run_after=None
[2025-01-05 10:23:04,896] {processor.py:161} INFO - Processing /home/daniel/Documents/Alura/python_apache_airflow_pipeline/venv/lib/python3.9/site-packages/airflow/example_dags/example_complex.py took 0.125 seconds
[2025-01-05 10:23:58,227] {processor.py:153} INFO - Started process (PID=13146) to work on /home/daniel/Documents/Alura/python_apache_airflow_pipeline/venv/lib/python3.9/site-packages/airflow/example_dags/example_complex.py
[2025-01-05 10:23:58,228] {processor.py:641} INFO - Processing file /home/daniel/Documents/Alura/python_apache_airflow_pipeline/venv/lib/python3.9/site-packages/airflow/example_dags/example_complex.py for tasks to queue
[2025-01-05 10:23:58,230] {logging_mixin.py:115} INFO - [2025-01-05 10:23:58,230] {dagbag.py:507} INFO - Filling up the DagBag from /home/daniel/Documents/Alura/python_apache_airflow_pipeline/venv/lib/python3.9/site-packages/airflow/example_dags/example_complex.py
[2025-01-05 10:23:58,243] {processor.py:651} INFO - DAG(s) dict_keys(['example_complex']) retrieved from /home/daniel/Documents/Alura/python_apache_airflow_pipeline/venv/lib/python3.9/site-packages/airflow/example_dags/example_complex.py
[2025-01-05 10:23:58,266] {logging_mixin.py:115} INFO - [2025-01-05 10:23:58,266] {dag.py:2379} INFO - Sync 1 DAGs
[2025-01-05 10:23:58,291] {logging_mixin.py:115} INFO - [2025-01-05 10:23:58,291] {dag.py:2927} INFO - Setting next_dagrun for example_complex to None, run_after=None
[2025-01-05 10:23:58,314] {processor.py:161} INFO - Processing /home/daniel/Documents/Alura/python_apache_airflow_pipeline/venv/lib/python3.9/site-packages/airflow/example_dags/example_complex.py took 0.092 seconds
[2025-01-05 10:25:03,731] {processor.py:153} INFO - Started process (PID=13853) to work on /home/daniel/Documents/Alura/python_apache_airflow_pipeline/venv/lib/python3.9/site-packages/airflow/example_dags/example_complex.py
[2025-01-05 10:25:03,735] {processor.py:641} INFO - Processing file /home/daniel/Documents/Alura/python_apache_airflow_pipeline/venv/lib/python3.9/site-packages/airflow/example_dags/example_complex.py for tasks to queue
[2025-01-05 10:25:03,739] {logging_mixin.py:115} INFO - [2025-01-05 10:25:03,738] {dagbag.py:507} INFO - Filling up the DagBag from /home/daniel/Documents/Alura/python_apache_airflow_pipeline/venv/lib/python3.9/site-packages/airflow/example_dags/example_complex.py
[2025-01-05 10:25:03,790] {processor.py:651} INFO - DAG(s) dict_keys(['example_complex']) retrieved from /home/daniel/Documents/Alura/python_apache_airflow_pipeline/venv/lib/python3.9/site-packages/airflow/example_dags/example_complex.py
[2025-01-05 10:25:03,847] {logging_mixin.py:115} INFO - [2025-01-05 10:25:03,847] {dag.py:2379} INFO - Sync 1 DAGs
[2025-01-05 10:25:03,910] {logging_mixin.py:115} INFO - [2025-01-05 10:25:03,910] {dag.py:2927} INFO - Setting next_dagrun for example_complex to None, run_after=None
[2025-01-05 10:25:03,963] {processor.py:161} INFO - Processing /home/daniel/Documents/Alura/python_apache_airflow_pipeline/venv/lib/python3.9/site-packages/airflow/example_dags/example_complex.py took 0.242 seconds
[2025-01-05 10:26:00,623] {processor.py:153} INFO - Started process (PID=14026) to work on /home/daniel/Documents/Alura/python_apache_airflow_pipeline/venv/lib/python3.9/site-packages/airflow/example_dags/example_complex.py
[2025-01-05 10:26:00,627] {processor.py:641} INFO - Processing file /home/daniel/Documents/Alura/python_apache_airflow_pipeline/venv/lib/python3.9/site-packages/airflow/example_dags/example_complex.py for tasks to queue
[2025-01-05 10:26:00,634] {logging_mixin.py:115} INFO - [2025-01-05 10:26:00,634] {dagbag.py:507} INFO - Filling up the DagBag from /home/daniel/Documents/Alura/python_apache_airflow_pipeline/venv/lib/python3.9/site-packages/airflow/example_dags/example_complex.py
[2025-01-05 10:26:00,686] {processor.py:651} INFO - DAG(s) dict_keys(['example_complex']) retrieved from /home/daniel/Documents/Alura/python_apache_airflow_pipeline/venv/lib/python3.9/site-packages/airflow/example_dags/example_complex.py
[2025-01-05 10:26:00,763] {logging_mixin.py:115} INFO - [2025-01-05 10:26:00,763] {dag.py:2379} INFO - Sync 1 DAGs
[2025-01-05 10:26:00,855] {logging_mixin.py:115} INFO - [2025-01-05 10:26:00,855] {dag.py:2927} INFO - Setting next_dagrun for example_complex to None, run_after=None
[2025-01-05 10:26:00,922] {processor.py:161} INFO - Processing /home/daniel/Documents/Alura/python_apache_airflow_pipeline/venv/lib/python3.9/site-packages/airflow/example_dags/example_complex.py took 0.315 seconds
[2025-01-05 10:27:04,678] {processor.py:153} INFO - Started process (PID=14503) to work on /home/daniel/Documents/Alura/python_apache_airflow_pipeline/venv/lib/python3.9/site-packages/airflow/example_dags/example_complex.py
[2025-01-05 10:27:04,687] {processor.py:641} INFO - Processing file /home/daniel/Documents/Alura/python_apache_airflow_pipeline/venv/lib/python3.9/site-packages/airflow/example_dags/example_complex.py for tasks to queue
[2025-01-05 10:27:04,690] {logging_mixin.py:115} INFO - [2025-01-05 10:27:04,690] {dagbag.py:507} INFO - Filling up the DagBag from /home/daniel/Documents/Alura/python_apache_airflow_pipeline/venv/lib/python3.9/site-packages/airflow/example_dags/example_complex.py
[2025-01-05 10:27:04,743] {processor.py:651} INFO - DAG(s) dict_keys(['example_complex']) retrieved from /home/daniel/Documents/Alura/python_apache_airflow_pipeline/venv/lib/python3.9/site-packages/airflow/example_dags/example_complex.py
[2025-01-05 10:27:04,815] {logging_mixin.py:115} INFO - [2025-01-05 10:27:04,815] {dag.py:2379} INFO - Sync 1 DAGs
[2025-01-05 10:27:04,871] {logging_mixin.py:115} INFO - [2025-01-05 10:27:04,871] {dag.py:2927} INFO - Setting next_dagrun for example_complex to None, run_after=None
[2025-01-05 10:27:04,918] {processor.py:161} INFO - Processing /home/daniel/Documents/Alura/python_apache_airflow_pipeline/venv/lib/python3.9/site-packages/airflow/example_dags/example_complex.py took 0.263 seconds
[2025-01-05 10:28:02,083] {processor.py:153} INFO - Started process (PID=14816) to work on /home/daniel/Documents/Alura/python_apache_airflow_pipeline/venv/lib/python3.9/site-packages/airflow/example_dags/example_complex.py
[2025-01-05 10:28:02,090] {processor.py:641} INFO - Processing file /home/daniel/Documents/Alura/python_apache_airflow_pipeline/venv/lib/python3.9/site-packages/airflow/example_dags/example_complex.py for tasks to queue
[2025-01-05 10:28:02,090] {logging_mixin.py:115} INFO - [2025-01-05 10:28:02,090] {dagbag.py:507} INFO - Filling up the DagBag from /home/daniel/Documents/Alura/python_apache_airflow_pipeline/venv/lib/python3.9/site-packages/airflow/example_dags/example_complex.py
[2025-01-05 10:28:02,119] {processor.py:651} INFO - DAG(s) dict_keys(['example_complex']) retrieved from /home/daniel/Documents/Alura/python_apache_airflow_pipeline/venv/lib/python3.9/site-packages/airflow/example_dags/example_complex.py
[2025-01-05 10:28:02,166] {logging_mixin.py:115} INFO - [2025-01-05 10:28:02,166] {dag.py:2379} INFO - Sync 1 DAGs
[2025-01-05 10:28:02,210] {logging_mixin.py:115} INFO - [2025-01-05 10:28:02,210] {dag.py:2927} INFO - Setting next_dagrun for example_complex to None, run_after=None
[2025-01-05 10:28:02,250] {processor.py:161} INFO - Processing /home/daniel/Documents/Alura/python_apache_airflow_pipeline/venv/lib/python3.9/site-packages/airflow/example_dags/example_complex.py took 0.176 seconds
[2025-01-05 10:29:51,590] {processor.py:153} INFO - Started process (PID=15480) to work on /home/daniel/Documents/Alura/python_apache_airflow_pipeline/venv/lib/python3.9/site-packages/airflow/example_dags/example_complex.py
[2025-01-05 10:29:51,598] {processor.py:641} INFO - Processing file /home/daniel/Documents/Alura/python_apache_airflow_pipeline/venv/lib/python3.9/site-packages/airflow/example_dags/example_complex.py for tasks to queue
[2025-01-05 10:29:51,602] {logging_mixin.py:115} INFO - [2025-01-05 10:29:51,602] {dagbag.py:507} INFO - Filling up the DagBag from /home/daniel/Documents/Alura/python_apache_airflow_pipeline/venv/lib/python3.9/site-packages/airflow/example_dags/example_complex.py
[2025-01-05 10:29:51,722] {processor.py:651} INFO - DAG(s) dict_keys(['example_complex']) retrieved from /home/daniel/Documents/Alura/python_apache_airflow_pipeline/venv/lib/python3.9/site-packages/airflow/example_dags/example_complex.py
[2025-01-05 10:29:51,950] {logging_mixin.py:115} INFO - [2025-01-05 10:29:51,942] {dag.py:2379} INFO - Sync 1 DAGs
[2025-01-05 10:29:52,262] {logging_mixin.py:115} INFO - [2025-01-05 10:29:52,258] {dag.py:2927} INFO - Setting next_dagrun for example_complex to None, run_after=None
[2025-01-05 10:29:52,446] {processor.py:161} INFO - Processing /home/daniel/Documents/Alura/python_apache_airflow_pipeline/venv/lib/python3.9/site-packages/airflow/example_dags/example_complex.py took 0.888 seconds
[2025-01-05 10:32:07,869] {processor.py:153} INFO - Started process (PID=16023) to work on /home/daniel/Documents/Alura/python_apache_airflow_pipeline/venv/lib/python3.9/site-packages/airflow/example_dags/example_complex.py
[2025-01-05 10:32:07,871] {processor.py:641} INFO - Processing file /home/daniel/Documents/Alura/python_apache_airflow_pipeline/venv/lib/python3.9/site-packages/airflow/example_dags/example_complex.py for tasks to queue
[2025-01-05 10:32:07,872] {logging_mixin.py:115} INFO - [2025-01-05 10:32:07,871] {dagbag.py:507} INFO - Filling up the DagBag from /home/daniel/Documents/Alura/python_apache_airflow_pipeline/venv/lib/python3.9/site-packages/airflow/example_dags/example_complex.py
[2025-01-05 10:32:07,883] {processor.py:651} INFO - DAG(s) dict_keys(['example_complex']) retrieved from /home/daniel/Documents/Alura/python_apache_airflow_pipeline/venv/lib/python3.9/site-packages/airflow/example_dags/example_complex.py
[2025-01-05 10:32:07,900] {logging_mixin.py:115} INFO - [2025-01-05 10:32:07,900] {dag.py:2379} INFO - Sync 1 DAGs
[2025-01-05 10:32:07,915] {logging_mixin.py:115} INFO - [2025-01-05 10:32:07,915] {dag.py:2927} INFO - Setting next_dagrun for example_complex to None, run_after=None
[2025-01-05 10:32:07,927] {processor.py:161} INFO - Processing /home/daniel/Documents/Alura/python_apache_airflow_pipeline/venv/lib/python3.9/site-packages/airflow/example_dags/example_complex.py took 0.061 seconds
[2025-01-05 10:32:49,307] {processor.py:153} INFO - Started process (PID=16439) to work on /home/daniel/Documents/Alura/python_apache_airflow_pipeline/venv/lib/python3.9/site-packages/airflow/example_dags/example_complex.py
[2025-01-05 10:32:49,309] {processor.py:641} INFO - Processing file /home/daniel/Documents/Alura/python_apache_airflow_pipeline/venv/lib/python3.9/site-packages/airflow/example_dags/example_complex.py for tasks to queue
[2025-01-05 10:32:49,310] {logging_mixin.py:115} INFO - [2025-01-05 10:32:49,310] {dagbag.py:507} INFO - Filling up the DagBag from /home/daniel/Documents/Alura/python_apache_airflow_pipeline/venv/lib/python3.9/site-packages/airflow/example_dags/example_complex.py
[2025-01-05 10:32:49,328] {processor.py:651} INFO - DAG(s) dict_keys(['example_complex']) retrieved from /home/daniel/Documents/Alura/python_apache_airflow_pipeline/venv/lib/python3.9/site-packages/airflow/example_dags/example_complex.py
[2025-01-05 10:32:49,353] {logging_mixin.py:115} INFO - [2025-01-05 10:32:49,353] {dag.py:2379} INFO - Sync 1 DAGs
[2025-01-05 10:32:49,380] {logging_mixin.py:115} INFO - [2025-01-05 10:32:49,380] {dag.py:2927} INFO - Setting next_dagrun for example_complex to None, run_after=None
[2025-01-05 10:32:49,399] {processor.py:161} INFO - Processing /home/daniel/Documents/Alura/python_apache_airflow_pipeline/venv/lib/python3.9/site-packages/airflow/example_dags/example_complex.py took 0.099 seconds
[2025-01-05 10:33:38,197] {processor.py:153} INFO - Started process (PID=16770) to work on /home/daniel/Documents/Alura/python_apache_airflow_pipeline/venv/lib/python3.9/site-packages/airflow/example_dags/example_complex.py
[2025-01-05 10:33:38,198] {processor.py:641} INFO - Processing file /home/daniel/Documents/Alura/python_apache_airflow_pipeline/venv/lib/python3.9/site-packages/airflow/example_dags/example_complex.py for tasks to queue
[2025-01-05 10:33:38,198] {logging_mixin.py:115} INFO - [2025-01-05 10:33:38,198] {dagbag.py:507} INFO - Filling up the DagBag from /home/daniel/Documents/Alura/python_apache_airflow_pipeline/venv/lib/python3.9/site-packages/airflow/example_dags/example_complex.py
[2025-01-05 10:33:38,207] {processor.py:651} INFO - DAG(s) dict_keys(['example_complex']) retrieved from /home/daniel/Documents/Alura/python_apache_airflow_pipeline/venv/lib/python3.9/site-packages/airflow/example_dags/example_complex.py
[2025-01-05 10:33:38,222] {logging_mixin.py:115} INFO - [2025-01-05 10:33:38,222] {dag.py:2379} INFO - Sync 1 DAGs
[2025-01-05 10:33:38,234] {logging_mixin.py:115} INFO - [2025-01-05 10:33:38,234] {dag.py:2927} INFO - Setting next_dagrun for example_complex to None, run_after=None
[2025-01-05 10:33:38,245] {processor.py:161} INFO - Processing /home/daniel/Documents/Alura/python_apache_airflow_pipeline/venv/lib/python3.9/site-packages/airflow/example_dags/example_complex.py took 0.051 seconds
[2025-01-05 10:34:17,289] {processor.py:153} INFO - Started process (PID=16810) to work on /home/daniel/Documents/Alura/python_apache_airflow_pipeline/venv/lib/python3.9/site-packages/airflow/example_dags/example_complex.py
[2025-01-05 10:34:17,291] {processor.py:641} INFO - Processing file /home/daniel/Documents/Alura/python_apache_airflow_pipeline/venv/lib/python3.9/site-packages/airflow/example_dags/example_complex.py for tasks to queue
[2025-01-05 10:34:17,291] {logging_mixin.py:115} INFO - [2025-01-05 10:34:17,291] {dagbag.py:507} INFO - Filling up the DagBag from /home/daniel/Documents/Alura/python_apache_airflow_pipeline/venv/lib/python3.9/site-packages/airflow/example_dags/example_complex.py
[2025-01-05 10:34:17,300] {processor.py:651} INFO - DAG(s) dict_keys(['example_complex']) retrieved from /home/daniel/Documents/Alura/python_apache_airflow_pipeline/venv/lib/python3.9/site-packages/airflow/example_dags/example_complex.py
[2025-01-05 10:34:17,317] {logging_mixin.py:115} INFO - [2025-01-05 10:34:17,317] {dag.py:2379} INFO - Sync 1 DAGs
[2025-01-05 10:34:17,330] {logging_mixin.py:115} INFO - [2025-01-05 10:34:17,330] {dag.py:2927} INFO - Setting next_dagrun for example_complex to None, run_after=None
[2025-01-05 10:34:17,341] {processor.py:161} INFO - Processing /home/daniel/Documents/Alura/python_apache_airflow_pipeline/venv/lib/python3.9/site-packages/airflow/example_dags/example_complex.py took 0.054 seconds
[2025-01-05 10:34:52,684] {processor.py:153} INFO - Started process (PID=16853) to work on /home/daniel/Documents/Alura/python_apache_airflow_pipeline/venv/lib/python3.9/site-packages/airflow/example_dags/example_complex.py
[2025-01-05 10:34:52,685] {processor.py:641} INFO - Processing file /home/daniel/Documents/Alura/python_apache_airflow_pipeline/venv/lib/python3.9/site-packages/airflow/example_dags/example_complex.py for tasks to queue
[2025-01-05 10:34:52,685] {logging_mixin.py:115} INFO - [2025-01-05 10:34:52,685] {dagbag.py:507} INFO - Filling up the DagBag from /home/daniel/Documents/Alura/python_apache_airflow_pipeline/venv/lib/python3.9/site-packages/airflow/example_dags/example_complex.py
[2025-01-05 10:34:52,697] {processor.py:651} INFO - DAG(s) dict_keys(['example_complex']) retrieved from /home/daniel/Documents/Alura/python_apache_airflow_pipeline/venv/lib/python3.9/site-packages/airflow/example_dags/example_complex.py
[2025-01-05 10:34:52,715] {logging_mixin.py:115} INFO - [2025-01-05 10:34:52,715] {dag.py:2379} INFO - Sync 1 DAGs
[2025-01-05 10:34:52,729] {logging_mixin.py:115} INFO - [2025-01-05 10:34:52,729] {dag.py:2927} INFO - Setting next_dagrun for example_complex to None, run_after=None
[2025-01-05 10:34:52,741] {processor.py:161} INFO - Processing /home/daniel/Documents/Alura/python_apache_airflow_pipeline/venv/lib/python3.9/site-packages/airflow/example_dags/example_complex.py took 0.060 seconds
[2025-01-05 10:35:30,543] {processor.py:153} INFO - Started process (PID=16995) to work on /home/daniel/Documents/Alura/python_apache_airflow_pipeline/venv/lib/python3.9/site-packages/airflow/example_dags/example_complex.py
[2025-01-05 10:35:30,544] {processor.py:641} INFO - Processing file /home/daniel/Documents/Alura/python_apache_airflow_pipeline/venv/lib/python3.9/site-packages/airflow/example_dags/example_complex.py for tasks to queue
[2025-01-05 10:35:30,545] {logging_mixin.py:115} INFO - [2025-01-05 10:35:30,545] {dagbag.py:507} INFO - Filling up the DagBag from /home/daniel/Documents/Alura/python_apache_airflow_pipeline/venv/lib/python3.9/site-packages/airflow/example_dags/example_complex.py
[2025-01-05 10:35:30,554] {processor.py:651} INFO - DAG(s) dict_keys(['example_complex']) retrieved from /home/daniel/Documents/Alura/python_apache_airflow_pipeline/venv/lib/python3.9/site-packages/airflow/example_dags/example_complex.py
[2025-01-05 10:35:30,573] {logging_mixin.py:115} INFO - [2025-01-05 10:35:30,572] {dag.py:2379} INFO - Sync 1 DAGs
[2025-01-05 10:35:30,590] {logging_mixin.py:115} INFO - [2025-01-05 10:35:30,589] {dag.py:2927} INFO - Setting next_dagrun for example_complex to None, run_after=None
[2025-01-05 10:35:30,603] {processor.py:161} INFO - Processing /home/daniel/Documents/Alura/python_apache_airflow_pipeline/venv/lib/python3.9/site-packages/airflow/example_dags/example_complex.py took 0.063 seconds
[2025-01-05 10:36:11,493] {processor.py:153} INFO - Started process (PID=17041) to work on /home/daniel/Documents/Alura/python_apache_airflow_pipeline/venv/lib/python3.9/site-packages/airflow/example_dags/example_complex.py
[2025-01-05 10:36:11,495] {processor.py:641} INFO - Processing file /home/daniel/Documents/Alura/python_apache_airflow_pipeline/venv/lib/python3.9/site-packages/airflow/example_dags/example_complex.py for tasks to queue
[2025-01-05 10:36:11,495] {logging_mixin.py:115} INFO - [2025-01-05 10:36:11,495] {dagbag.py:507} INFO - Filling up the DagBag from /home/daniel/Documents/Alura/python_apache_airflow_pipeline/venv/lib/python3.9/site-packages/airflow/example_dags/example_complex.py
[2025-01-05 10:36:11,504] {processor.py:651} INFO - DAG(s) dict_keys(['example_complex']) retrieved from /home/daniel/Documents/Alura/python_apache_airflow_pipeline/venv/lib/python3.9/site-packages/airflow/example_dags/example_complex.py
[2025-01-05 10:36:11,524] {logging_mixin.py:115} INFO - [2025-01-05 10:36:11,524] {dag.py:2379} INFO - Sync 1 DAGs
[2025-01-05 10:36:11,547] {logging_mixin.py:115} INFO - [2025-01-05 10:36:11,544] {dag.py:2927} INFO - Setting next_dagrun for example_complex to None, run_after=None
[2025-01-05 10:36:11,569] {processor.py:161} INFO - Processing /home/daniel/Documents/Alura/python_apache_airflow_pipeline/venv/lib/python3.9/site-packages/airflow/example_dags/example_complex.py took 0.079 seconds
[2025-01-05 10:36:51,405] {processor.py:153} INFO - Started process (PID=17088) to work on /home/daniel/Documents/Alura/python_apache_airflow_pipeline/venv/lib/python3.9/site-packages/airflow/example_dags/example_complex.py
[2025-01-05 10:36:51,407] {processor.py:641} INFO - Processing file /home/daniel/Documents/Alura/python_apache_airflow_pipeline/venv/lib/python3.9/site-packages/airflow/example_dags/example_complex.py for tasks to queue
[2025-01-05 10:36:51,408] {logging_mixin.py:115} INFO - [2025-01-05 10:36:51,407] {dagbag.py:507} INFO - Filling up the DagBag from /home/daniel/Documents/Alura/python_apache_airflow_pipeline/venv/lib/python3.9/site-packages/airflow/example_dags/example_complex.py
[2025-01-05 10:36:51,417] {processor.py:651} INFO - DAG(s) dict_keys(['example_complex']) retrieved from /home/daniel/Documents/Alura/python_apache_airflow_pipeline/venv/lib/python3.9/site-packages/airflow/example_dags/example_complex.py
[2025-01-05 10:36:51,436] {logging_mixin.py:115} INFO - [2025-01-05 10:36:51,436] {dag.py:2379} INFO - Sync 1 DAGs
[2025-01-05 10:36:51,453] {logging_mixin.py:115} INFO - [2025-01-05 10:36:51,453] {dag.py:2927} INFO - Setting next_dagrun for example_complex to None, run_after=None
[2025-01-05 10:36:51,471] {processor.py:161} INFO - Processing /home/daniel/Documents/Alura/python_apache_airflow_pipeline/venv/lib/python3.9/site-packages/airflow/example_dags/example_complex.py took 0.071 seconds
[2025-01-05 10:37:28,243] {processor.py:153} INFO - Started process (PID=17186) to work on /home/daniel/Documents/Alura/python_apache_airflow_pipeline/venv/lib/python3.9/site-packages/airflow/example_dags/example_complex.py
[2025-01-05 10:37:28,244] {processor.py:641} INFO - Processing file /home/daniel/Documents/Alura/python_apache_airflow_pipeline/venv/lib/python3.9/site-packages/airflow/example_dags/example_complex.py for tasks to queue
[2025-01-05 10:37:28,244] {logging_mixin.py:115} INFO - [2025-01-05 10:37:28,244] {dagbag.py:507} INFO - Filling up the DagBag from /home/daniel/Documents/Alura/python_apache_airflow_pipeline/venv/lib/python3.9/site-packages/airflow/example_dags/example_complex.py
[2025-01-05 10:37:28,256] {processor.py:651} INFO - DAG(s) dict_keys(['example_complex']) retrieved from /home/daniel/Documents/Alura/python_apache_airflow_pipeline/venv/lib/python3.9/site-packages/airflow/example_dags/example_complex.py
[2025-01-05 10:37:28,279] {logging_mixin.py:115} INFO - [2025-01-05 10:37:28,279] {dag.py:2379} INFO - Sync 1 DAGs
[2025-01-05 10:37:28,299] {logging_mixin.py:115} INFO - [2025-01-05 10:37:28,299] {dag.py:2927} INFO - Setting next_dagrun for example_complex to None, run_after=None
[2025-01-05 10:37:28,321] {processor.py:161} INFO - Processing /home/daniel/Documents/Alura/python_apache_airflow_pipeline/venv/lib/python3.9/site-packages/airflow/example_dags/example_complex.py took 0.084 seconds
[2025-01-05 10:38:14,836] {processor.py:153} INFO - Started process (PID=17509) to work on /home/daniel/Documents/Alura/python_apache_airflow_pipeline/venv/lib/python3.9/site-packages/airflow/example_dags/example_complex.py
[2025-01-05 10:38:14,839] {processor.py:641} INFO - Processing file /home/daniel/Documents/Alura/python_apache_airflow_pipeline/venv/lib/python3.9/site-packages/airflow/example_dags/example_complex.py for tasks to queue
[2025-01-05 10:38:14,840] {logging_mixin.py:115} INFO - [2025-01-05 10:38:14,840] {dagbag.py:507} INFO - Filling up the DagBag from /home/daniel/Documents/Alura/python_apache_airflow_pipeline/venv/lib/python3.9/site-packages/airflow/example_dags/example_complex.py
[2025-01-05 10:38:14,856] {processor.py:651} INFO - DAG(s) dict_keys(['example_complex']) retrieved from /home/daniel/Documents/Alura/python_apache_airflow_pipeline/venv/lib/python3.9/site-packages/airflow/example_dags/example_complex.py
[2025-01-05 10:38:14,895] {logging_mixin.py:115} INFO - [2025-01-05 10:38:14,895] {dag.py:2379} INFO - Sync 1 DAGs
[2025-01-05 10:38:14,953] {logging_mixin.py:115} INFO - [2025-01-05 10:38:14,953] {dag.py:2927} INFO - Setting next_dagrun for example_complex to None, run_after=None
[2025-01-05 10:38:14,984] {processor.py:161} INFO - Processing /home/daniel/Documents/Alura/python_apache_airflow_pipeline/venv/lib/python3.9/site-packages/airflow/example_dags/example_complex.py took 0.156 seconds
[2025-01-05 10:38:58,776] {processor.py:153} INFO - Started process (PID=17553) to work on /home/daniel/Documents/Alura/python_apache_airflow_pipeline/venv/lib/python3.9/site-packages/airflow/example_dags/example_complex.py
[2025-01-05 10:38:58,779] {processor.py:641} INFO - Processing file /home/daniel/Documents/Alura/python_apache_airflow_pipeline/venv/lib/python3.9/site-packages/airflow/example_dags/example_complex.py for tasks to queue
[2025-01-05 10:38:58,780] {logging_mixin.py:115} INFO - [2025-01-05 10:38:58,780] {dagbag.py:507} INFO - Filling up the DagBag from /home/daniel/Documents/Alura/python_apache_airflow_pipeline/venv/lib/python3.9/site-packages/airflow/example_dags/example_complex.py
[2025-01-05 10:38:58,807] {processor.py:651} INFO - DAG(s) dict_keys(['example_complex']) retrieved from /home/daniel/Documents/Alura/python_apache_airflow_pipeline/venv/lib/python3.9/site-packages/airflow/example_dags/example_complex.py
[2025-01-05 10:38:58,872] {logging_mixin.py:115} INFO - [2025-01-05 10:38:58,872] {dag.py:2379} INFO - Sync 1 DAGs
[2025-01-05 10:38:58,911] {logging_mixin.py:115} INFO - [2025-01-05 10:38:58,911] {dag.py:2927} INFO - Setting next_dagrun for example_complex to None, run_after=None
[2025-01-05 10:38:58,949] {processor.py:161} INFO - Processing /home/daniel/Documents/Alura/python_apache_airflow_pipeline/venv/lib/python3.9/site-packages/airflow/example_dags/example_complex.py took 0.181 seconds
[2025-01-05 10:39:45,364] {processor.py:153} INFO - Started process (PID=17726) to work on /home/daniel/Documents/Alura/python_apache_airflow_pipeline/venv/lib/python3.9/site-packages/airflow/example_dags/example_complex.py
[2025-01-05 10:39:45,367] {processor.py:641} INFO - Processing file /home/daniel/Documents/Alura/python_apache_airflow_pipeline/venv/lib/python3.9/site-packages/airflow/example_dags/example_complex.py for tasks to queue
[2025-01-05 10:39:45,368] {logging_mixin.py:115} INFO - [2025-01-05 10:39:45,368] {dagbag.py:507} INFO - Filling up the DagBag from /home/daniel/Documents/Alura/python_apache_airflow_pipeline/venv/lib/python3.9/site-packages/airflow/example_dags/example_complex.py
[2025-01-05 10:39:45,412] {processor.py:651} INFO - DAG(s) dict_keys(['example_complex']) retrieved from /home/daniel/Documents/Alura/python_apache_airflow_pipeline/venv/lib/python3.9/site-packages/airflow/example_dags/example_complex.py
[2025-01-05 10:39:45,536] {logging_mixin.py:115} INFO - [2025-01-05 10:39:45,536] {dag.py:2379} INFO - Sync 1 DAGs
[2025-01-05 10:39:45,576] {logging_mixin.py:115} INFO - [2025-01-05 10:39:45,575] {dag.py:2927} INFO - Setting next_dagrun for example_complex to None, run_after=None
[2025-01-05 10:39:45,636] {processor.py:161} INFO - Processing /home/daniel/Documents/Alura/python_apache_airflow_pipeline/venv/lib/python3.9/site-packages/airflow/example_dags/example_complex.py took 0.281 seconds
[2025-01-05 10:40:57,437] {processor.py:153} INFO - Started process (PID=18156) to work on /home/daniel/Documents/Alura/python_apache_airflow_pipeline/venv/lib/python3.9/site-packages/airflow/example_dags/example_complex.py
[2025-01-05 10:40:57,439] {processor.py:641} INFO - Processing file /home/daniel/Documents/Alura/python_apache_airflow_pipeline/venv/lib/python3.9/site-packages/airflow/example_dags/example_complex.py for tasks to queue
[2025-01-05 10:40:57,440] {logging_mixin.py:115} INFO - [2025-01-05 10:40:57,440] {dagbag.py:507} INFO - Filling up the DagBag from /home/daniel/Documents/Alura/python_apache_airflow_pipeline/venv/lib/python3.9/site-packages/airflow/example_dags/example_complex.py
[2025-01-05 10:40:57,484] {processor.py:651} INFO - DAG(s) dict_keys(['example_complex']) retrieved from /home/daniel/Documents/Alura/python_apache_airflow_pipeline/venv/lib/python3.9/site-packages/airflow/example_dags/example_complex.py
[2025-01-05 10:40:57,540] {logging_mixin.py:115} INFO - [2025-01-05 10:40:57,540] {dag.py:2379} INFO - Sync 1 DAGs
[2025-01-05 10:40:57,588] {logging_mixin.py:115} INFO - [2025-01-05 10:40:57,588] {dag.py:2927} INFO - Setting next_dagrun for example_complex to None, run_after=None
[2025-01-05 10:40:57,644] {processor.py:161} INFO - Processing /home/daniel/Documents/Alura/python_apache_airflow_pipeline/venv/lib/python3.9/site-packages/airflow/example_dags/example_complex.py took 0.213 seconds
[2025-01-05 10:45:46,379] {processor.py:153} INFO - Started process (PID=18675) to work on /home/daniel/Documents/Alura/python_apache_airflow_pipeline/venv/lib/python3.9/site-packages/airflow/example_dags/example_complex.py
[2025-01-05 10:45:46,381] {processor.py:641} INFO - Processing file /home/daniel/Documents/Alura/python_apache_airflow_pipeline/venv/lib/python3.9/site-packages/airflow/example_dags/example_complex.py for tasks to queue
[2025-01-05 10:45:46,381] {logging_mixin.py:115} INFO - [2025-01-05 10:45:46,381] {dagbag.py:507} INFO - Filling up the DagBag from /home/daniel/Documents/Alura/python_apache_airflow_pipeline/venv/lib/python3.9/site-packages/airflow/example_dags/example_complex.py
[2025-01-05 10:45:46,396] {processor.py:651} INFO - DAG(s) dict_keys(['example_complex']) retrieved from /home/daniel/Documents/Alura/python_apache_airflow_pipeline/venv/lib/python3.9/site-packages/airflow/example_dags/example_complex.py
[2025-01-05 10:45:46,424] {logging_mixin.py:115} INFO - [2025-01-05 10:45:46,424] {dag.py:2379} INFO - Sync 1 DAGs
[2025-01-05 10:45:46,452] {logging_mixin.py:115} INFO - [2025-01-05 10:45:46,452] {dag.py:2927} INFO - Setting next_dagrun for example_complex to None, run_after=None
[2025-01-05 10:45:46,471] {processor.py:161} INFO - Processing /home/daniel/Documents/Alura/python_apache_airflow_pipeline/venv/lib/python3.9/site-packages/airflow/example_dags/example_complex.py took 0.097 seconds
[2025-01-05 10:46:23,246] {processor.py:153} INFO - Started process (PID=18827) to work on /home/daniel/Documents/Alura/python_apache_airflow_pipeline/venv/lib/python3.9/site-packages/airflow/example_dags/example_complex.py
[2025-01-05 10:46:23,249] {processor.py:641} INFO - Processing file /home/daniel/Documents/Alura/python_apache_airflow_pipeline/venv/lib/python3.9/site-packages/airflow/example_dags/example_complex.py for tasks to queue
[2025-01-05 10:46:23,250] {logging_mixin.py:115} INFO - [2025-01-05 10:46:23,250] {dagbag.py:507} INFO - Filling up the DagBag from /home/daniel/Documents/Alura/python_apache_airflow_pipeline/venv/lib/python3.9/site-packages/airflow/example_dags/example_complex.py
[2025-01-05 10:46:23,267] {processor.py:651} INFO - DAG(s) dict_keys(['example_complex']) retrieved from /home/daniel/Documents/Alura/python_apache_airflow_pipeline/venv/lib/python3.9/site-packages/airflow/example_dags/example_complex.py
[2025-01-05 10:46:23,299] {logging_mixin.py:115} INFO - [2025-01-05 10:46:23,299] {dag.py:2379} INFO - Sync 1 DAGs
[2025-01-05 10:46:23,322] {logging_mixin.py:115} INFO - [2025-01-05 10:46:23,322] {dag.py:2927} INFO - Setting next_dagrun for example_complex to None, run_after=None
[2025-01-05 10:46:23,343] {processor.py:161} INFO - Processing /home/daniel/Documents/Alura/python_apache_airflow_pipeline/venv/lib/python3.9/site-packages/airflow/example_dags/example_complex.py took 0.101 seconds
[2025-01-05 10:47:12,297] {processor.py:153} INFO - Started process (PID=19262) to work on /home/daniel/Documents/Alura/python_apache_airflow_pipeline/venv/lib/python3.9/site-packages/airflow/example_dags/example_complex.py
[2025-01-05 10:47:12,299] {processor.py:641} INFO - Processing file /home/daniel/Documents/Alura/python_apache_airflow_pipeline/venv/lib/python3.9/site-packages/airflow/example_dags/example_complex.py for tasks to queue
[2025-01-05 10:47:12,300] {logging_mixin.py:115} INFO - [2025-01-05 10:47:12,300] {dagbag.py:507} INFO - Filling up the DagBag from /home/daniel/Documents/Alura/python_apache_airflow_pipeline/venv/lib/python3.9/site-packages/airflow/example_dags/example_complex.py
[2025-01-05 10:47:12,325] {processor.py:651} INFO - DAG(s) dict_keys(['example_complex']) retrieved from /home/daniel/Documents/Alura/python_apache_airflow_pipeline/venv/lib/python3.9/site-packages/airflow/example_dags/example_complex.py
[2025-01-05 10:47:12,366] {logging_mixin.py:115} INFO - [2025-01-05 10:47:12,365] {dag.py:2379} INFO - Sync 1 DAGs
[2025-01-05 10:47:12,396] {logging_mixin.py:115} INFO - [2025-01-05 10:47:12,396] {dag.py:2927} INFO - Setting next_dagrun for example_complex to None, run_after=None
[2025-01-05 10:47:12,416] {processor.py:161} INFO - Processing /home/daniel/Documents/Alura/python_apache_airflow_pipeline/venv/lib/python3.9/site-packages/airflow/example_dags/example_complex.py took 0.126 seconds
[2025-01-05 10:48:00,345] {processor.py:153} INFO - Started process (PID=19328) to work on /home/daniel/Documents/Alura/python_apache_airflow_pipeline/venv/lib/python3.9/site-packages/airflow/example_dags/example_complex.py
[2025-01-05 10:48:00,347] {processor.py:641} INFO - Processing file /home/daniel/Documents/Alura/python_apache_airflow_pipeline/venv/lib/python3.9/site-packages/airflow/example_dags/example_complex.py for tasks to queue
[2025-01-05 10:48:00,349] {logging_mixin.py:115} INFO - [2025-01-05 10:48:00,348] {dagbag.py:507} INFO - Filling up the DagBag from /home/daniel/Documents/Alura/python_apache_airflow_pipeline/venv/lib/python3.9/site-packages/airflow/example_dags/example_complex.py
[2025-01-05 10:48:00,366] {processor.py:651} INFO - DAG(s) dict_keys(['example_complex']) retrieved from /home/daniel/Documents/Alura/python_apache_airflow_pipeline/venv/lib/python3.9/site-packages/airflow/example_dags/example_complex.py
[2025-01-05 10:48:00,403] {logging_mixin.py:115} INFO - [2025-01-05 10:48:00,402] {dag.py:2379} INFO - Sync 1 DAGs
[2025-01-05 10:48:00,449] {logging_mixin.py:115} INFO - [2025-01-05 10:48:00,448] {dag.py:2927} INFO - Setting next_dagrun for example_complex to None, run_after=None
[2025-01-05 10:48:00,481] {processor.py:161} INFO - Processing /home/daniel/Documents/Alura/python_apache_airflow_pipeline/venv/lib/python3.9/site-packages/airflow/example_dags/example_complex.py took 0.142 seconds
[2025-01-05 10:52:52,112] {processor.py:153} INFO - Started process (PID=3897) to work on /home/daniel/Documents/Alura/python_apache_airflow_pipeline/venv/lib/python3.9/site-packages/airflow/example_dags/example_complex.py
[2025-01-05 10:52:52,115] {processor.py:641} INFO - Processing file /home/daniel/Documents/Alura/python_apache_airflow_pipeline/venv/lib/python3.9/site-packages/airflow/example_dags/example_complex.py for tasks to queue
[2025-01-05 10:52:52,115] {logging_mixin.py:115} INFO - [2025-01-05 10:52:52,115] {dagbag.py:507} INFO - Filling up the DagBag from /home/daniel/Documents/Alura/python_apache_airflow_pipeline/venv/lib/python3.9/site-packages/airflow/example_dags/example_complex.py
[2025-01-05 10:52:52,124] {processor.py:651} INFO - DAG(s) dict_keys(['example_complex']) retrieved from /home/daniel/Documents/Alura/python_apache_airflow_pipeline/venv/lib/python3.9/site-packages/airflow/example_dags/example_complex.py
[2025-01-05 10:52:52,147] {logging_mixin.py:115} INFO - [2025-01-05 10:52:52,147] {dag.py:2379} INFO - Sync 1 DAGs
[2025-01-05 10:52:52,165] {logging_mixin.py:115} INFO - [2025-01-05 10:52:52,165] {dag.py:2927} INFO - Setting next_dagrun for example_complex to None, run_after=None
[2025-01-05 10:52:52,175] {processor.py:161} INFO - Processing /home/daniel/Documents/Alura/python_apache_airflow_pipeline/venv/lib/python3.9/site-packages/airflow/example_dags/example_complex.py took 0.066 seconds
[2025-01-05 10:53:30,903] {processor.py:153} INFO - Started process (PID=3944) to work on /home/daniel/Documents/Alura/python_apache_airflow_pipeline/venv/lib/python3.9/site-packages/airflow/example_dags/example_complex.py
[2025-01-05 10:53:30,904] {processor.py:641} INFO - Processing file /home/daniel/Documents/Alura/python_apache_airflow_pipeline/venv/lib/python3.9/site-packages/airflow/example_dags/example_complex.py for tasks to queue
[2025-01-05 10:53:30,904] {logging_mixin.py:115} INFO - [2025-01-05 10:53:30,904] {dagbag.py:507} INFO - Filling up the DagBag from /home/daniel/Documents/Alura/python_apache_airflow_pipeline/venv/lib/python3.9/site-packages/airflow/example_dags/example_complex.py
[2025-01-05 10:53:30,911] {processor.py:651} INFO - DAG(s) dict_keys(['example_complex']) retrieved from /home/daniel/Documents/Alura/python_apache_airflow_pipeline/venv/lib/python3.9/site-packages/airflow/example_dags/example_complex.py
[2025-01-05 10:53:30,927] {logging_mixin.py:115} INFO - [2025-01-05 10:53:30,927] {dag.py:2379} INFO - Sync 1 DAGs
[2025-01-05 10:53:30,940] {logging_mixin.py:115} INFO - [2025-01-05 10:53:30,940] {dag.py:2927} INFO - Setting next_dagrun for example_complex to None, run_after=None
[2025-01-05 10:53:30,953] {processor.py:161} INFO - Processing /home/daniel/Documents/Alura/python_apache_airflow_pipeline/venv/lib/python3.9/site-packages/airflow/example_dags/example_complex.py took 0.053 seconds
[2025-01-05 10:54:06,685] {processor.py:153} INFO - Started process (PID=3986) to work on /home/daniel/Documents/Alura/python_apache_airflow_pipeline/venv/lib/python3.9/site-packages/airflow/example_dags/example_complex.py
[2025-01-05 10:54:06,687] {processor.py:641} INFO - Processing file /home/daniel/Documents/Alura/python_apache_airflow_pipeline/venv/lib/python3.9/site-packages/airflow/example_dags/example_complex.py for tasks to queue
[2025-01-05 10:54:06,687] {logging_mixin.py:115} INFO - [2025-01-05 10:54:06,687] {dagbag.py:507} INFO - Filling up the DagBag from /home/daniel/Documents/Alura/python_apache_airflow_pipeline/venv/lib/python3.9/site-packages/airflow/example_dags/example_complex.py
[2025-01-05 10:54:06,696] {processor.py:651} INFO - DAG(s) dict_keys(['example_complex']) retrieved from /home/daniel/Documents/Alura/python_apache_airflow_pipeline/venv/lib/python3.9/site-packages/airflow/example_dags/example_complex.py
[2025-01-05 10:54:06,711] {logging_mixin.py:115} INFO - [2025-01-05 10:54:06,711] {dag.py:2379} INFO - Sync 1 DAGs
[2025-01-05 10:54:06,723] {logging_mixin.py:115} INFO - [2025-01-05 10:54:06,723] {dag.py:2927} INFO - Setting next_dagrun for example_complex to None, run_after=None
[2025-01-05 10:54:06,734] {processor.py:161} INFO - Processing /home/daniel/Documents/Alura/python_apache_airflow_pipeline/venv/lib/python3.9/site-packages/airflow/example_dags/example_complex.py took 0.052 seconds
[2025-01-05 10:54:43,626] {processor.py:153} INFO - Started process (PID=4031) to work on /home/daniel/Documents/Alura/python_apache_airflow_pipeline/venv/lib/python3.9/site-packages/airflow/example_dags/example_complex.py
[2025-01-05 10:54:43,627] {processor.py:641} INFO - Processing file /home/daniel/Documents/Alura/python_apache_airflow_pipeline/venv/lib/python3.9/site-packages/airflow/example_dags/example_complex.py for tasks to queue
[2025-01-05 10:54:43,628] {logging_mixin.py:115} INFO - [2025-01-05 10:54:43,628] {dagbag.py:507} INFO - Filling up the DagBag from /home/daniel/Documents/Alura/python_apache_airflow_pipeline/venv/lib/python3.9/site-packages/airflow/example_dags/example_complex.py
[2025-01-05 10:54:43,639] {processor.py:651} INFO - DAG(s) dict_keys(['example_complex']) retrieved from /home/daniel/Documents/Alura/python_apache_airflow_pipeline/venv/lib/python3.9/site-packages/airflow/example_dags/example_complex.py
[2025-01-05 10:54:43,657] {logging_mixin.py:115} INFO - [2025-01-05 10:54:43,657] {dag.py:2379} INFO - Sync 1 DAGs
[2025-01-05 10:54:43,673] {logging_mixin.py:115} INFO - [2025-01-05 10:54:43,673] {dag.py:2927} INFO - Setting next_dagrun for example_complex to None, run_after=None
[2025-01-05 10:54:43,685] {processor.py:161} INFO - Processing /home/daniel/Documents/Alura/python_apache_airflow_pipeline/venv/lib/python3.9/site-packages/airflow/example_dags/example_complex.py took 0.062 seconds
[2025-01-05 10:55:20,011] {processor.py:153} INFO - Started process (PID=4077) to work on /home/daniel/Documents/Alura/python_apache_airflow_pipeline/venv/lib/python3.9/site-packages/airflow/example_dags/example_complex.py
[2025-01-05 10:55:20,012] {processor.py:641} INFO - Processing file /home/daniel/Documents/Alura/python_apache_airflow_pipeline/venv/lib/python3.9/site-packages/airflow/example_dags/example_complex.py for tasks to queue
[2025-01-05 10:55:20,013] {logging_mixin.py:115} INFO - [2025-01-05 10:55:20,013] {dagbag.py:507} INFO - Filling up the DagBag from /home/daniel/Documents/Alura/python_apache_airflow_pipeline/venv/lib/python3.9/site-packages/airflow/example_dags/example_complex.py
[2025-01-05 10:55:20,021] {processor.py:651} INFO - DAG(s) dict_keys(['example_complex']) retrieved from /home/daniel/Documents/Alura/python_apache_airflow_pipeline/venv/lib/python3.9/site-packages/airflow/example_dags/example_complex.py
[2025-01-05 10:55:20,036] {logging_mixin.py:115} INFO - [2025-01-05 10:55:20,036] {dag.py:2379} INFO - Sync 1 DAGs
[2025-01-05 10:55:20,049] {logging_mixin.py:115} INFO - [2025-01-05 10:55:20,049] {dag.py:2927} INFO - Setting next_dagrun for example_complex to None, run_after=None
[2025-01-05 10:55:20,063] {processor.py:161} INFO - Processing /home/daniel/Documents/Alura/python_apache_airflow_pipeline/venv/lib/python3.9/site-packages/airflow/example_dags/example_complex.py took 0.054 seconds
[2025-01-05 10:55:55,967] {processor.py:153} INFO - Started process (PID=4121) to work on /home/daniel/Documents/Alura/python_apache_airflow_pipeline/venv/lib/python3.9/site-packages/airflow/example_dags/example_complex.py
[2025-01-05 10:55:55,968] {processor.py:641} INFO - Processing file /home/daniel/Documents/Alura/python_apache_airflow_pipeline/venv/lib/python3.9/site-packages/airflow/example_dags/example_complex.py for tasks to queue
[2025-01-05 10:55:55,969] {logging_mixin.py:115} INFO - [2025-01-05 10:55:55,969] {dagbag.py:507} INFO - Filling up the DagBag from /home/daniel/Documents/Alura/python_apache_airflow_pipeline/venv/lib/python3.9/site-packages/airflow/example_dags/example_complex.py
[2025-01-05 10:55:55,978] {processor.py:651} INFO - DAG(s) dict_keys(['example_complex']) retrieved from /home/daniel/Documents/Alura/python_apache_airflow_pipeline/venv/lib/python3.9/site-packages/airflow/example_dags/example_complex.py
[2025-01-05 10:55:55,997] {logging_mixin.py:115} INFO - [2025-01-05 10:55:55,997] {dag.py:2379} INFO - Sync 1 DAGs
[2025-01-05 10:55:56,012] {logging_mixin.py:115} INFO - [2025-01-05 10:55:56,012] {dag.py:2927} INFO - Setting next_dagrun for example_complex to None, run_after=None
[2025-01-05 10:55:56,024] {processor.py:161} INFO - Processing /home/daniel/Documents/Alura/python_apache_airflow_pipeline/venv/lib/python3.9/site-packages/airflow/example_dags/example_complex.py took 0.060 seconds
[2025-01-05 10:56:31,234] {processor.py:153} INFO - Started process (PID=4179) to work on /home/daniel/Documents/Alura/python_apache_airflow_pipeline/venv/lib/python3.9/site-packages/airflow/example_dags/example_complex.py
[2025-01-05 10:56:31,235] {processor.py:641} INFO - Processing file /home/daniel/Documents/Alura/python_apache_airflow_pipeline/venv/lib/python3.9/site-packages/airflow/example_dags/example_complex.py for tasks to queue
[2025-01-05 10:56:31,236] {logging_mixin.py:115} INFO - [2025-01-05 10:56:31,236] {dagbag.py:507} INFO - Filling up the DagBag from /home/daniel/Documents/Alura/python_apache_airflow_pipeline/venv/lib/python3.9/site-packages/airflow/example_dags/example_complex.py
[2025-01-05 10:56:31,244] {processor.py:651} INFO - DAG(s) dict_keys(['example_complex']) retrieved from /home/daniel/Documents/Alura/python_apache_airflow_pipeline/venv/lib/python3.9/site-packages/airflow/example_dags/example_complex.py
[2025-01-05 10:56:31,262] {logging_mixin.py:115} INFO - [2025-01-05 10:56:31,262] {dag.py:2379} INFO - Sync 1 DAGs
[2025-01-05 10:56:31,282] {logging_mixin.py:115} INFO - [2025-01-05 10:56:31,282] {dag.py:2927} INFO - Setting next_dagrun for example_complex to None, run_after=None
[2025-01-05 10:56:31,296] {processor.py:161} INFO - Processing /home/daniel/Documents/Alura/python_apache_airflow_pipeline/venv/lib/python3.9/site-packages/airflow/example_dags/example_complex.py took 0.064 seconds
[2025-01-05 10:57:10,445] {processor.py:153} INFO - Started process (PID=4225) to work on /home/daniel/Documents/Alura/python_apache_airflow_pipeline/venv/lib/python3.9/site-packages/airflow/example_dags/example_complex.py
[2025-01-05 10:57:10,447] {processor.py:641} INFO - Processing file /home/daniel/Documents/Alura/python_apache_airflow_pipeline/venv/lib/python3.9/site-packages/airflow/example_dags/example_complex.py for tasks to queue
[2025-01-05 10:57:10,448] {logging_mixin.py:115} INFO - [2025-01-05 10:57:10,448] {dagbag.py:507} INFO - Filling up the DagBag from /home/daniel/Documents/Alura/python_apache_airflow_pipeline/venv/lib/python3.9/site-packages/airflow/example_dags/example_complex.py
[2025-01-05 10:57:10,469] {processor.py:651} INFO - DAG(s) dict_keys(['example_complex']) retrieved from /home/daniel/Documents/Alura/python_apache_airflow_pipeline/venv/lib/python3.9/site-packages/airflow/example_dags/example_complex.py
[2025-01-05 10:57:10,501] {logging_mixin.py:115} INFO - [2025-01-05 10:57:10,501] {dag.py:2379} INFO - Sync 1 DAGs
[2025-01-05 10:57:10,529] {logging_mixin.py:115} INFO - [2025-01-05 10:57:10,529] {dag.py:2927} INFO - Setting next_dagrun for example_complex to None, run_after=None
[2025-01-05 10:57:10,548] {processor.py:161} INFO - Processing /home/daniel/Documents/Alura/python_apache_airflow_pipeline/venv/lib/python3.9/site-packages/airflow/example_dags/example_complex.py took 0.108 seconds
[2025-01-05 10:58:13,424] {processor.py:153} INFO - Started process (PID=4743) to work on /home/daniel/Documents/Alura/python_apache_airflow_pipeline/venv/lib/python3.9/site-packages/airflow/example_dags/example_complex.py
[2025-01-05 10:58:13,426] {processor.py:641} INFO - Processing file /home/daniel/Documents/Alura/python_apache_airflow_pipeline/venv/lib/python3.9/site-packages/airflow/example_dags/example_complex.py for tasks to queue
[2025-01-05 10:58:13,427] {logging_mixin.py:115} INFO - [2025-01-05 10:58:13,427] {dagbag.py:507} INFO - Filling up the DagBag from /home/daniel/Documents/Alura/python_apache_airflow_pipeline/venv/lib/python3.9/site-packages/airflow/example_dags/example_complex.py
[2025-01-05 10:58:13,443] {processor.py:651} INFO - DAG(s) dict_keys(['example_complex']) retrieved from /home/daniel/Documents/Alura/python_apache_airflow_pipeline/venv/lib/python3.9/site-packages/airflow/example_dags/example_complex.py
[2025-01-05 10:58:13,472] {logging_mixin.py:115} INFO - [2025-01-05 10:58:13,471] {dag.py:2379} INFO - Sync 1 DAGs
[2025-01-05 10:58:13,498] {logging_mixin.py:115} INFO - [2025-01-05 10:58:13,498] {dag.py:2927} INFO - Setting next_dagrun for example_complex to None, run_after=None
[2025-01-05 10:58:13,525] {processor.py:161} INFO - Processing /home/daniel/Documents/Alura/python_apache_airflow_pipeline/venv/lib/python3.9/site-packages/airflow/example_dags/example_complex.py took 0.105 seconds
[2025-01-05 10:58:56,229] {processor.py:153} INFO - Started process (PID=5221) to work on /home/daniel/Documents/Alura/python_apache_airflow_pipeline/venv/lib/python3.9/site-packages/airflow/example_dags/example_complex.py
[2025-01-05 10:58:56,232] {processor.py:641} INFO - Processing file /home/daniel/Documents/Alura/python_apache_airflow_pipeline/venv/lib/python3.9/site-packages/airflow/example_dags/example_complex.py for tasks to queue
[2025-01-05 10:58:56,235] {logging_mixin.py:115} INFO - [2025-01-05 10:58:56,235] {dagbag.py:507} INFO - Filling up the DagBag from /home/daniel/Documents/Alura/python_apache_airflow_pipeline/venv/lib/python3.9/site-packages/airflow/example_dags/example_complex.py
[2025-01-05 10:58:56,259] {processor.py:651} INFO - DAG(s) dict_keys(['example_complex']) retrieved from /home/daniel/Documents/Alura/python_apache_airflow_pipeline/venv/lib/python3.9/site-packages/airflow/example_dags/example_complex.py
[2025-01-05 10:58:56,291] {logging_mixin.py:115} INFO - [2025-01-05 10:58:56,290] {dag.py:2379} INFO - Sync 1 DAGs
[2025-01-05 10:58:56,328] {logging_mixin.py:115} INFO - [2025-01-05 10:58:56,328] {dag.py:2927} INFO - Setting next_dagrun for example_complex to None, run_after=None
[2025-01-05 10:58:56,359] {processor.py:161} INFO - Processing /home/daniel/Documents/Alura/python_apache_airflow_pipeline/venv/lib/python3.9/site-packages/airflow/example_dags/example_complex.py took 0.135 seconds
[2025-01-05 10:59:41,224] {processor.py:153} INFO - Started process (PID=5536) to work on /home/daniel/Documents/Alura/python_apache_airflow_pipeline/venv/lib/python3.9/site-packages/airflow/example_dags/example_complex.py
[2025-01-05 10:59:41,228] {processor.py:641} INFO - Processing file /home/daniel/Documents/Alura/python_apache_airflow_pipeline/venv/lib/python3.9/site-packages/airflow/example_dags/example_complex.py for tasks to queue
[2025-01-05 10:59:41,230] {logging_mixin.py:115} INFO - [2025-01-05 10:59:41,229] {dagbag.py:507} INFO - Filling up the DagBag from /home/daniel/Documents/Alura/python_apache_airflow_pipeline/venv/lib/python3.9/site-packages/airflow/example_dags/example_complex.py
[2025-01-05 10:59:41,264] {processor.py:651} INFO - DAG(s) dict_keys(['example_complex']) retrieved from /home/daniel/Documents/Alura/python_apache_airflow_pipeline/venv/lib/python3.9/site-packages/airflow/example_dags/example_complex.py
[2025-01-05 10:59:41,306] {logging_mixin.py:115} INFO - [2025-01-05 10:59:41,304] {dag.py:2379} INFO - Sync 1 DAGs
[2025-01-05 10:59:41,339] {logging_mixin.py:115} INFO - [2025-01-05 10:59:41,338] {dag.py:2927} INFO - Setting next_dagrun for example_complex to None, run_after=None
[2025-01-05 10:59:41,368] {processor.py:161} INFO - Processing /home/daniel/Documents/Alura/python_apache_airflow_pipeline/venv/lib/python3.9/site-packages/airflow/example_dags/example_complex.py took 0.149 seconds
[2025-01-05 11:00:20,248] {processor.py:153} INFO - Started process (PID=5809) to work on /home/daniel/Documents/Alura/python_apache_airflow_pipeline/venv/lib/python3.9/site-packages/airflow/example_dags/example_complex.py
[2025-01-05 11:00:20,251] {processor.py:641} INFO - Processing file /home/daniel/Documents/Alura/python_apache_airflow_pipeline/venv/lib/python3.9/site-packages/airflow/example_dags/example_complex.py for tasks to queue
[2025-01-05 11:00:20,251] {logging_mixin.py:115} INFO - [2025-01-05 11:00:20,251] {dagbag.py:507} INFO - Filling up the DagBag from /home/daniel/Documents/Alura/python_apache_airflow_pipeline/venv/lib/python3.9/site-packages/airflow/example_dags/example_complex.py
[2025-01-05 11:00:20,266] {processor.py:651} INFO - DAG(s) dict_keys(['example_complex']) retrieved from /home/daniel/Documents/Alura/python_apache_airflow_pipeline/venv/lib/python3.9/site-packages/airflow/example_dags/example_complex.py
[2025-01-05 11:00:20,288] {logging_mixin.py:115} INFO - [2025-01-05 11:00:20,288] {dag.py:2379} INFO - Sync 1 DAGs
[2025-01-05 11:00:20,316] {logging_mixin.py:115} INFO - [2025-01-05 11:00:20,316] {dag.py:2927} INFO - Setting next_dagrun for example_complex to None, run_after=None
[2025-01-05 11:00:20,344] {processor.py:161} INFO - Processing /home/daniel/Documents/Alura/python_apache_airflow_pipeline/venv/lib/python3.9/site-packages/airflow/example_dags/example_complex.py took 0.101 seconds
[2025-01-05 11:01:08,724] {processor.py:153} INFO - Started process (PID=6301) to work on /home/daniel/Documents/Alura/python_apache_airflow_pipeline/venv/lib/python3.9/site-packages/airflow/example_dags/example_complex.py
[2025-01-05 11:01:08,727] {processor.py:641} INFO - Processing file /home/daniel/Documents/Alura/python_apache_airflow_pipeline/venv/lib/python3.9/site-packages/airflow/example_dags/example_complex.py for tasks to queue
[2025-01-05 11:01:08,727] {logging_mixin.py:115} INFO - [2025-01-05 11:01:08,727] {dagbag.py:507} INFO - Filling up the DagBag from /home/daniel/Documents/Alura/python_apache_airflow_pipeline/venv/lib/python3.9/site-packages/airflow/example_dags/example_complex.py
[2025-01-05 11:01:08,751] {processor.py:651} INFO - DAG(s) dict_keys(['example_complex']) retrieved from /home/daniel/Documents/Alura/python_apache_airflow_pipeline/venv/lib/python3.9/site-packages/airflow/example_dags/example_complex.py
[2025-01-05 11:01:08,786] {logging_mixin.py:115} INFO - [2025-01-05 11:01:08,786] {dag.py:2379} INFO - Sync 1 DAGs
[2025-01-05 11:01:08,819] {logging_mixin.py:115} INFO - [2025-01-05 11:01:08,819] {dag.py:2927} INFO - Setting next_dagrun for example_complex to None, run_after=None
[2025-01-05 11:01:08,859] {processor.py:161} INFO - Processing /home/daniel/Documents/Alura/python_apache_airflow_pipeline/venv/lib/python3.9/site-packages/airflow/example_dags/example_complex.py took 0.139 seconds
[2025-01-05 11:02:02,995] {processor.py:153} INFO - Started process (PID=6815) to work on /home/daniel/Documents/Alura/python_apache_airflow_pipeline/venv/lib/python3.9/site-packages/airflow/example_dags/example_complex.py
[2025-01-05 11:02:02,998] {processor.py:641} INFO - Processing file /home/daniel/Documents/Alura/python_apache_airflow_pipeline/venv/lib/python3.9/site-packages/airflow/example_dags/example_complex.py for tasks to queue
[2025-01-05 11:02:02,999] {logging_mixin.py:115} INFO - [2025-01-05 11:02:02,999] {dagbag.py:507} INFO - Filling up the DagBag from /home/daniel/Documents/Alura/python_apache_airflow_pipeline/venv/lib/python3.9/site-packages/airflow/example_dags/example_complex.py
[2025-01-05 11:02:03,022] {processor.py:651} INFO - DAG(s) dict_keys(['example_complex']) retrieved from /home/daniel/Documents/Alura/python_apache_airflow_pipeline/venv/lib/python3.9/site-packages/airflow/example_dags/example_complex.py
[2025-01-05 11:02:03,051] {logging_mixin.py:115} INFO - [2025-01-05 11:02:03,051] {dag.py:2379} INFO - Sync 1 DAGs
[2025-01-05 11:02:03,084] {logging_mixin.py:115} INFO - [2025-01-05 11:02:03,084] {dag.py:2927} INFO - Setting next_dagrun for example_complex to None, run_after=None
[2025-01-05 11:02:03,108] {processor.py:161} INFO - Processing /home/daniel/Documents/Alura/python_apache_airflow_pipeline/venv/lib/python3.9/site-packages/airflow/example_dags/example_complex.py took 0.120 seconds
[2025-01-05 11:02:50,298] {processor.py:153} INFO - Started process (PID=7132) to work on /home/daniel/Documents/Alura/python_apache_airflow_pipeline/venv/lib/python3.9/site-packages/airflow/example_dags/example_complex.py
[2025-01-05 11:02:50,299] {processor.py:641} INFO - Processing file /home/daniel/Documents/Alura/python_apache_airflow_pipeline/venv/lib/python3.9/site-packages/airflow/example_dags/example_complex.py for tasks to queue
[2025-01-05 11:02:50,302] {logging_mixin.py:115} INFO - [2025-01-05 11:02:50,302] {dagbag.py:507} INFO - Filling up the DagBag from /home/daniel/Documents/Alura/python_apache_airflow_pipeline/venv/lib/python3.9/site-packages/airflow/example_dags/example_complex.py
[2025-01-05 11:02:50,323] {processor.py:651} INFO - DAG(s) dict_keys(['example_complex']) retrieved from /home/daniel/Documents/Alura/python_apache_airflow_pipeline/venv/lib/python3.9/site-packages/airflow/example_dags/example_complex.py
[2025-01-05 11:02:50,371] {logging_mixin.py:115} INFO - [2025-01-05 11:02:50,370] {dag.py:2379} INFO - Sync 1 DAGs
[2025-01-05 11:02:50,407] {logging_mixin.py:115} INFO - [2025-01-05 11:02:50,407] {dag.py:2927} INFO - Setting next_dagrun for example_complex to None, run_after=None
[2025-01-05 11:02:50,434] {processor.py:161} INFO - Processing /home/daniel/Documents/Alura/python_apache_airflow_pipeline/venv/lib/python3.9/site-packages/airflow/example_dags/example_complex.py took 0.140 seconds
[2025-01-05 11:03:40,551] {processor.py:153} INFO - Started process (PID=7400) to work on /home/daniel/Documents/Alura/python_apache_airflow_pipeline/venv/lib/python3.9/site-packages/airflow/example_dags/example_complex.py
[2025-01-05 11:03:40,558] {processor.py:641} INFO - Processing file /home/daniel/Documents/Alura/python_apache_airflow_pipeline/venv/lib/python3.9/site-packages/airflow/example_dags/example_complex.py for tasks to queue
[2025-01-05 11:03:40,559] {logging_mixin.py:115} INFO - [2025-01-05 11:03:40,559] {dagbag.py:507} INFO - Filling up the DagBag from /home/daniel/Documents/Alura/python_apache_airflow_pipeline/venv/lib/python3.9/site-packages/airflow/example_dags/example_complex.py
[2025-01-05 11:03:40,587] {processor.py:651} INFO - DAG(s) dict_keys(['example_complex']) retrieved from /home/daniel/Documents/Alura/python_apache_airflow_pipeline/venv/lib/python3.9/site-packages/airflow/example_dags/example_complex.py
[2025-01-05 11:03:40,630] {logging_mixin.py:115} INFO - [2025-01-05 11:03:40,627] {dag.py:2379} INFO - Sync 1 DAGs
[2025-01-05 11:03:40,679] {logging_mixin.py:115} INFO - [2025-01-05 11:03:40,679] {dag.py:2927} INFO - Setting next_dagrun for example_complex to None, run_after=None
[2025-01-05 11:03:40,723] {processor.py:161} INFO - Processing /home/daniel/Documents/Alura/python_apache_airflow_pipeline/venv/lib/python3.9/site-packages/airflow/example_dags/example_complex.py took 0.180 seconds
[2025-01-05 11:04:30,287] {processor.py:153} INFO - Started process (PID=7672) to work on /home/daniel/Documents/Alura/python_apache_airflow_pipeline/venv/lib/python3.9/site-packages/airflow/example_dags/example_complex.py
[2025-01-05 11:04:30,294] {processor.py:641} INFO - Processing file /home/daniel/Documents/Alura/python_apache_airflow_pipeline/venv/lib/python3.9/site-packages/airflow/example_dags/example_complex.py for tasks to queue
[2025-01-05 11:04:30,295] {logging_mixin.py:115} INFO - [2025-01-05 11:04:30,295] {dagbag.py:507} INFO - Filling up the DagBag from /home/daniel/Documents/Alura/python_apache_airflow_pipeline/venv/lib/python3.9/site-packages/airflow/example_dags/example_complex.py
[2025-01-05 11:04:30,334] {processor.py:651} INFO - DAG(s) dict_keys(['example_complex']) retrieved from /home/daniel/Documents/Alura/python_apache_airflow_pipeline/venv/lib/python3.9/site-packages/airflow/example_dags/example_complex.py
[2025-01-05 11:04:30,423] {logging_mixin.py:115} INFO - [2025-01-05 11:04:30,423] {dag.py:2379} INFO - Sync 1 DAGs
[2025-01-05 11:04:30,475] {logging_mixin.py:115} INFO - [2025-01-05 11:04:30,475] {dag.py:2927} INFO - Setting next_dagrun for example_complex to None, run_after=None
[2025-01-05 11:04:30,531] {processor.py:161} INFO - Processing /home/daniel/Documents/Alura/python_apache_airflow_pipeline/venv/lib/python3.9/site-packages/airflow/example_dags/example_complex.py took 0.259 seconds
[2025-01-05 11:05:46,414] {processor.py:153} INFO - Started process (PID=8045) to work on /home/daniel/Documents/Alura/python_apache_airflow_pipeline/venv/lib/python3.9/site-packages/airflow/example_dags/example_complex.py
[2025-01-05 11:05:46,419] {processor.py:641} INFO - Processing file /home/daniel/Documents/Alura/python_apache_airflow_pipeline/venv/lib/python3.9/site-packages/airflow/example_dags/example_complex.py for tasks to queue
[2025-01-05 11:05:46,423] {logging_mixin.py:115} INFO - [2025-01-05 11:05:46,422] {dagbag.py:507} INFO - Filling up the DagBag from /home/daniel/Documents/Alura/python_apache_airflow_pipeline/venv/lib/python3.9/site-packages/airflow/example_dags/example_complex.py
[2025-01-05 11:05:46,490] {processor.py:651} INFO - DAG(s) dict_keys(['example_complex']) retrieved from /home/daniel/Documents/Alura/python_apache_airflow_pipeline/venv/lib/python3.9/site-packages/airflow/example_dags/example_complex.py
[2025-01-05 11:05:46,598] {logging_mixin.py:115} INFO - [2025-01-05 11:05:46,595] {dag.py:2379} INFO - Sync 1 DAGs
[2025-01-05 11:05:46,698] {logging_mixin.py:115} INFO - [2025-01-05 11:05:46,695] {dag.py:2927} INFO - Setting next_dagrun for example_complex to None, run_after=None
[2025-01-05 11:05:46,811] {processor.py:161} INFO - Processing /home/daniel/Documents/Alura/python_apache_airflow_pipeline/venv/lib/python3.9/site-packages/airflow/example_dags/example_complex.py took 0.420 seconds
                                                                                                                                                                                                                                                                                                                                                                                                                                                                                                                                                                                                                                                                                                                                                                                                                                                                                                                                                                                  