[2025-01-05 09:39:35,805] {processor.py:153} INFO - Started process (PID=5023) to work on /home/daniel/Documents/Alura/python_apache_airflow_pipeline/venv/lib/python3.9/site-packages/airflow/example_dags/example_branch_python_dop_operator_3.py
[2025-01-05 09:39:35,806] {processor.py:641} INFO - Processing file /home/daniel/Documents/Alura/python_apache_airflow_pipeline/venv/lib/python3.9/site-packages/airflow/example_dags/example_branch_python_dop_operator_3.py for tasks to queue
[2025-01-05 09:39:35,809] {logging_mixin.py:115} INFO - [2025-01-05 09:39:35,809] {dagbag.py:507} INFO - Filling up the DagBag from /home/daniel/Documents/Alura/python_apache_airflow_pipeline/venv/lib/python3.9/site-packages/airflow/example_dags/example_branch_python_dop_operator_3.py
[2025-01-05 09:39:35,844] {processor.py:651} INFO - DAG(s) dict_keys(['example_branch_dop_operator_v3']) retrieved from /home/daniel/Documents/Alura/python_apache_airflow_pipeline/venv/lib/python3.9/site-packages/airflow/example_dags/example_branch_python_dop_operator_3.py
[2025-01-05 09:39:35,969] {logging_mixin.py:115} INFO - [2025-01-05 09:39:35,965] {dag.py:2379} INFO - Sync 1 DAGs
[2025-01-05 09:39:36,121] {logging_mixin.py:115} INFO - [2025-01-05 09:39:36,121] {dag.py:2927} INFO - Setting next_dagrun for example_branch_dop_operator_v3 to 2025-01-05T12:38:00+00:00, run_after=2025-01-05T12:39:00+00:00
[2025-01-05 09:39:36,201] {processor.py:161} INFO - Processing /home/daniel/Documents/Alura/python_apache_airflow_pipeline/venv/lib/python3.9/site-packages/airflow/example_dags/example_branch_python_dop_operator_3.py took 0.408 seconds
[2025-01-05 09:41:21,129] {processor.py:153} INFO - Started process (PID=5745) to work on /home/daniel/Documents/Alura/python_apache_airflow_pipeline/venv/lib/python3.9/site-packages/airflow/example_dags/example_branch_python_dop_operator_3.py
[2025-01-05 09:41:21,137] {processor.py:641} INFO - Processing file /home/daniel/Documents/Alura/python_apache_airflow_pipeline/venv/lib/python3.9/site-packages/airflow/example_dags/example_branch_python_dop_operator_3.py for tasks to queue
[2025-01-05 09:41:21,141] {logging_mixin.py:115} INFO - [2025-01-05 09:41:21,141] {dagbag.py:507} INFO - Filling up the DagBag from /home/daniel/Documents/Alura/python_apache_airflow_pipeline/venv/lib/python3.9/site-packages/airflow/example_dags/example_branch_python_dop_operator_3.py
[2025-01-05 09:41:21,228] {processor.py:651} INFO - DAG(s) dict_keys(['example_branch_dop_operator_v3']) retrieved from /home/daniel/Documents/Alura/python_apache_airflow_pipeline/venv/lib/python3.9/site-packages/airflow/example_dags/example_branch_python_dop_operator_3.py
[2025-01-05 09:41:21,721] {logging_mixin.py:115} INFO - [2025-01-05 09:41:21,720] {dag.py:2379} INFO - Sync 1 DAGs
[2025-01-05 09:41:22,393] {logging_mixin.py:115} INFO - [2025-01-05 09:41:22,392] {dag.py:2927} INFO - Setting next_dagrun for example_branch_dop_operator_v3 to 2025-01-05T12:40:00+00:00, run_after=2025-01-05T12:41:00+00:00
[2025-01-05 09:41:22,593] {processor.py:161} INFO - Processing /home/daniel/Documents/Alura/python_apache_airflow_pipeline/venv/lib/python3.9/site-packages/airflow/example_dags/example_branch_python_dop_operator_3.py took 1.504 seconds
[2025-01-05 09:54:48,561] {processor.py:153} INFO - Started process (PID=3596) to work on /home/daniel/Documents/Alura/python_apache_airflow_pipeline/venv/lib/python3.9/site-packages/airflow/example_dags/example_branch_python_dop_operator_3.py
[2025-01-05 09:54:48,564] {processor.py:641} INFO - Processing file /home/daniel/Documents/Alura/python_apache_airflow_pipeline/venv/lib/python3.9/site-packages/airflow/example_dags/example_branch_python_dop_operator_3.py for tasks to queue
[2025-01-05 09:54:48,565] {logging_mixin.py:115} INFO - [2025-01-05 09:54:48,565] {dagbag.py:507} INFO - Filling up the DagBag from /home/daniel/Documents/Alura/python_apache_airflow_pipeline/venv/lib/python3.9/site-packages/airflow/example_dags/example_branch_python_dop_operator_3.py
[2025-01-05 09:54:48,585] {processor.py:651} INFO - DAG(s) dict_keys(['example_branch_dop_operator_v3']) retrieved from /home/daniel/Documents/Alura/python_apache_airflow_pipeline/venv/lib/python3.9/site-packages/airflow/example_dags/example_branch_python_dop_operator_3.py
[2025-01-05 09:54:48,602] {logging_mixin.py:115} INFO - [2025-01-05 09:54:48,602] {dag.py:2379} INFO - Sync 1 DAGs
[2025-01-05 09:54:48,630] {logging_mixin.py:115} INFO - [2025-01-05 09:54:48,629] {dag.py:2927} INFO - Setting next_dagrun for example_branch_dop_operator_v3 to 2025-01-05T12:53:00+00:00, run_after=2025-01-05T12:54:00+00:00
[2025-01-05 09:54:48,649] {processor.py:161} INFO - Processing /home/daniel/Documents/Alura/python_apache_airflow_pipeline/venv/lib/python3.9/site-packages/airflow/example_dags/example_branch_python_dop_operator_3.py took 0.096 seconds
[2025-01-05 09:55:30,723] {processor.py:153} INFO - Started process (PID=3947) to work on /home/daniel/Documents/Alura/python_apache_airflow_pipeline/venv/lib/python3.9/site-packages/airflow/example_dags/example_branch_python_dop_operator_3.py
[2025-01-05 09:55:30,726] {processor.py:641} INFO - Processing file /home/daniel/Documents/Alura/python_apache_airflow_pipeline/venv/lib/python3.9/site-packages/airflow/example_dags/example_branch_python_dop_operator_3.py for tasks to queue
[2025-01-05 09:55:30,727] {logging_mixin.py:115} INFO - [2025-01-05 09:55:30,727] {dagbag.py:507} INFO - Filling up the DagBag from /home/daniel/Documents/Alura/python_apache_airflow_pipeline/venv/lib/python3.9/site-packages/airflow/example_dags/example_branch_python_dop_operator_3.py
[2025-01-05 09:55:30,764] {processor.py:651} INFO - DAG(s) dict_keys(['example_branch_dop_operator_v3']) retrieved from /home/daniel/Documents/Alura/python_apache_airflow_pipeline/venv/lib/python3.9/site-packages/airflow/example_dags/example_branch_python_dop_operator_3.py
[2025-01-05 09:55:30,796] {logging_mixin.py:115} INFO - [2025-01-05 09:55:30,796] {dag.py:2379} INFO - Sync 1 DAGs
[2025-01-05 09:55:30,835] {logging_mixin.py:115} INFO - [2025-01-05 09:55:30,835] {dag.py:2927} INFO - Setting next_dagrun for example_branch_dop_operator_v3 to 2025-01-05T12:54:00+00:00, run_after=2025-01-05T12:55:00+00:00
[2025-01-05 09:55:30,856] {processor.py:161} INFO - Processing /home/daniel/Documents/Alura/python_apache_airflow_pipeline/venv/lib/python3.9/site-packages/airflow/example_dags/example_branch_python_dop_operator_3.py took 0.147 seconds
[2025-01-05 09:56:12,769] {processor.py:153} INFO - Started process (PID=4317) to work on /home/daniel/Documents/Alura/python_apache_airflow_pipeline/venv/lib/python3.9/site-packages/airflow/example_dags/example_branch_python_dop_operator_3.py
[2025-01-05 09:56:12,770] {processor.py:641} INFO - Processing file /home/daniel/Documents/Alura/python_apache_airflow_pipeline/venv/lib/python3.9/site-packages/airflow/example_dags/example_branch_python_dop_operator_3.py for tasks to queue
[2025-01-05 09:56:12,771] {logging_mixin.py:115} INFO - [2025-01-05 09:56:12,771] {dagbag.py:507} INFO - Filling up the DagBag from /home/daniel/Documents/Alura/python_apache_airflow_pipeline/venv/lib/python3.9/site-packages/airflow/example_dags/example_branch_python_dop_operator_3.py
[2025-01-05 09:56:12,807] {processor.py:651} INFO - DAG(s) dict_keys(['example_branch_dop_operator_v3']) retrieved from /home/daniel/Documents/Alura/python_apache_airflow_pipeline/venv/lib/python3.9/site-packages/airflow/example_dags/example_branch_python_dop_operator_3.py
[2025-01-05 09:56:12,922] {logging_mixin.py:115} INFO - [2025-01-05 09:56:12,922] {dag.py:2379} INFO - Sync 1 DAGs
[2025-01-05 09:56:13,070] {logging_mixin.py:115} INFO - [2025-01-05 09:56:13,069] {dag.py:2927} INFO - Setting next_dagrun for example_branch_dop_operator_v3 to 2025-01-05T12:55:00+00:00, run_after=2025-01-05T12:56:00+00:00
[2025-01-05 09:56:13,126] {processor.py:161} INFO - Processing /home/daniel/Documents/Alura/python_apache_airflow_pipeline/venv/lib/python3.9/site-packages/airflow/example_dags/example_branch_python_dop_operator_3.py took 0.363 seconds
[2025-01-05 09:56:57,339] {processor.py:153} INFO - Started process (PID=4770) to work on /home/daniel/Documents/Alura/python_apache_airflow_pipeline/venv/lib/python3.9/site-packages/airflow/example_dags/example_branch_python_dop_operator_3.py
[2025-01-05 09:56:57,341] {processor.py:641} INFO - Processing file /home/daniel/Documents/Alura/python_apache_airflow_pipeline/venv/lib/python3.9/site-packages/airflow/example_dags/example_branch_python_dop_operator_3.py for tasks to queue
[2025-01-05 09:56:57,343] {logging_mixin.py:115} INFO - [2025-01-05 09:56:57,342] {dagbag.py:507} INFO - Filling up the DagBag from /home/daniel/Documents/Alura/python_apache_airflow_pipeline/venv/lib/python3.9/site-packages/airflow/example_dags/example_branch_python_dop_operator_3.py
[2025-01-05 09:56:57,375] {processor.py:651} INFO - DAG(s) dict_keys(['example_branch_dop_operator_v3']) retrieved from /home/daniel/Documents/Alura/python_apache_airflow_pipeline/venv/lib/python3.9/site-packages/airflow/example_dags/example_branch_python_dop_operator_3.py
[2025-01-05 09:56:57,430] {logging_mixin.py:115} INFO - [2025-01-05 09:56:57,430] {dag.py:2379} INFO - Sync 1 DAGs
[2025-01-05 09:56:57,483] {logging_mixin.py:115} INFO - [2025-01-05 09:56:57,483] {dag.py:2927} INFO - Setting next_dagrun for example_branch_dop_operator_v3 to 2025-01-05T12:55:00+00:00, run_after=2025-01-05T12:56:00+00:00
[2025-01-05 09:56:57,531] {processor.py:161} INFO - Processing /home/daniel/Documents/Alura/python_apache_airflow_pipeline/venv/lib/python3.9/site-packages/airflow/example_dags/example_branch_python_dop_operator_3.py took 0.201 seconds
[2025-01-05 09:57:42,162] {processor.py:153} INFO - Started process (PID=5122) to work on /home/daniel/Documents/Alura/python_apache_airflow_pipeline/venv/lib/python3.9/site-packages/airflow/example_dags/example_branch_python_dop_operator_3.py
[2025-01-05 09:57:42,166] {processor.py:641} INFO - Processing file /home/daniel/Documents/Alura/python_apache_airflow_pipeline/venv/lib/python3.9/site-packages/airflow/example_dags/example_branch_python_dop_operator_3.py for tasks to queue
[2025-01-05 09:57:42,167] {logging_mixin.py:115} INFO - [2025-01-05 09:57:42,167] {dagbag.py:507} INFO - Filling up the DagBag from /home/daniel/Documents/Alura/python_apache_airflow_pipeline/venv/lib/python3.9/site-packages/airflow/example_dags/example_branch_python_dop_operator_3.py
[2025-01-05 09:57:42,194] {processor.py:651} INFO - DAG(s) dict_keys(['example_branch_dop_operator_v3']) retrieved from /home/daniel/Documents/Alura/python_apache_airflow_pipeline/venv/lib/python3.9/site-packages/airflow/example_dags/example_branch_python_dop_operator_3.py
[2025-01-05 09:57:42,235] {logging_mixin.py:115} INFO - [2025-01-05 09:57:42,235] {dag.py:2379} INFO - Sync 1 DAGs
[2025-01-05 09:57:42,290] {logging_mixin.py:115} INFO - [2025-01-05 09:57:42,290] {dag.py:2927} INFO - Setting next_dagrun for example_branch_dop_operator_v3 to 2025-01-05T12:56:00+00:00, run_after=2025-01-05T12:57:00+00:00
[2025-01-05 09:57:42,318] {processor.py:161} INFO - Processing /home/daniel/Documents/Alura/python_apache_airflow_pipeline/venv/lib/python3.9/site-packages/airflow/example_dags/example_branch_python_dop_operator_3.py took 0.168 seconds
[2025-01-05 09:58:22,527] {processor.py:153} INFO - Started process (PID=5613) to work on /home/daniel/Documents/Alura/python_apache_airflow_pipeline/venv/lib/python3.9/site-packages/airflow/example_dags/example_branch_python_dop_operator_3.py
[2025-01-05 09:58:22,530] {processor.py:641} INFO - Processing file /home/daniel/Documents/Alura/python_apache_airflow_pipeline/venv/lib/python3.9/site-packages/airflow/example_dags/example_branch_python_dop_operator_3.py for tasks to queue
[2025-01-05 09:58:22,531] {logging_mixin.py:115} INFO - [2025-01-05 09:58:22,531] {dagbag.py:507} INFO - Filling up the DagBag from /home/daniel/Documents/Alura/python_apache_airflow_pipeline/venv/lib/python3.9/site-packages/airflow/example_dags/example_branch_python_dop_operator_3.py
[2025-01-05 09:58:22,563] {processor.py:651} INFO - DAG(s) dict_keys(['example_branch_dop_operator_v3']) retrieved from /home/daniel/Documents/Alura/python_apache_airflow_pipeline/venv/lib/python3.9/site-packages/airflow/example_dags/example_branch_python_dop_operator_3.py
[2025-01-05 09:58:22,627] {logging_mixin.py:115} INFO - [2025-01-05 09:58:22,626] {dag.py:2379} INFO - Sync 1 DAGs
[2025-01-05 09:58:22,698] {logging_mixin.py:115} INFO - [2025-01-05 09:58:22,697] {dag.py:2927} INFO - Setting next_dagrun for example_branch_dop_operator_v3 to 2025-01-05T12:57:00+00:00, run_after=2025-01-05T12:58:00+00:00
[2025-01-05 09:58:22,727] {processor.py:161} INFO - Processing /home/daniel/Documents/Alura/python_apache_airflow_pipeline/venv/lib/python3.9/site-packages/airflow/example_dags/example_branch_python_dop_operator_3.py took 0.210 seconds
[2025-01-05 09:59:43,085] {processor.py:153} INFO - Started process (PID=6495) to work on /home/daniel/Documents/Alura/python_apache_airflow_pipeline/venv/lib/python3.9/site-packages/airflow/example_dags/example_branch_python_dop_operator_3.py
[2025-01-05 09:59:43,089] {processor.py:641} INFO - Processing file /home/daniel/Documents/Alura/python_apache_airflow_pipeline/venv/lib/python3.9/site-packages/airflow/example_dags/example_branch_python_dop_operator_3.py for tasks to queue
[2025-01-05 09:59:43,091] {logging_mixin.py:115} INFO - [2025-01-05 09:59:43,090] {dagbag.py:507} INFO - Filling up the DagBag from /home/daniel/Documents/Alura/python_apache_airflow_pipeline/venv/lib/python3.9/site-packages/airflow/example_dags/example_branch_python_dop_operator_3.py
[2025-01-05 09:59:43,123] {processor.py:651} INFO - DAG(s) dict_keys(['example_branch_dop_operator_v3']) retrieved from /home/daniel/Documents/Alura/python_apache_airflow_pipeline/venv/lib/python3.9/site-packages/airflow/example_dags/example_branch_python_dop_operator_3.py
[2025-01-05 09:59:43,175] {logging_mixin.py:115} INFO - [2025-01-05 09:59:43,175] {dag.py:2379} INFO - Sync 1 DAGs
[2025-01-05 09:59:43,238] {logging_mixin.py:115} INFO - [2025-01-05 09:59:43,238] {dag.py:2927} INFO - Setting next_dagrun for example_branch_dop_operator_v3 to 2025-01-05T12:58:00+00:00, run_after=2025-01-05T12:59:00+00:00
[2025-01-05 09:59:43,281] {processor.py:161} INFO - Processing /home/daniel/Documents/Alura/python_apache_airflow_pipeline/venv/lib/python3.9/site-packages/airflow/example_dags/example_branch_python_dop_operator_3.py took 0.208 seconds
[2025-01-05 10:00:29,626] {processor.py:153} INFO - Started process (PID=6731) to work on /home/daniel/Documents/Alura/python_apache_airflow_pipeline/venv/lib/python3.9/site-packages/airflow/example_dags/example_branch_python_dop_operator_3.py
[2025-01-05 10:00:29,630] {processor.py:641} INFO - Processing file /home/daniel/Documents/Alura/python_apache_airflow_pipeline/venv/lib/python3.9/site-packages/airflow/example_dags/example_branch_python_dop_operator_3.py for tasks to queue
[2025-01-05 10:00:29,634] {logging_mixin.py:115} INFO - [2025-01-05 10:00:29,631] {dagbag.py:507} INFO - Filling up the DagBag from /home/daniel/Documents/Alura/python_apache_airflow_pipeline/venv/lib/python3.9/site-packages/airflow/example_dags/example_branch_python_dop_operator_3.py
[2025-01-05 10:00:29,674] {processor.py:651} INFO - DAG(s) dict_keys(['example_branch_dop_operator_v3']) retrieved from /home/daniel/Documents/Alura/python_apache_airflow_pipeline/venv/lib/python3.9/site-packages/airflow/example_dags/example_branch_python_dop_operator_3.py
[2025-01-05 10:00:29,715] {logging_mixin.py:115} INFO - [2025-01-05 10:00:29,715] {dag.py:2379} INFO - Sync 1 DAGs
[2025-01-05 10:00:29,785] {logging_mixin.py:115} INFO - [2025-01-05 10:00:29,785] {dag.py:2927} INFO - Setting next_dagrun for example_branch_dop_operator_v3 to 2025-01-05T12:59:00+00:00, run_after=2025-01-05T13:00:00+00:00
[2025-01-05 10:00:29,822] {processor.py:161} INFO - Processing /home/daniel/Documents/Alura/python_apache_airflow_pipeline/venv/lib/python3.9/site-packages/airflow/example_dags/example_branch_python_dop_operator_3.py took 0.220 seconds
[2025-01-05 10:03:10,425] {processor.py:153} INFO - Started process (PID=7917) to work on /home/daniel/Documents/Alura/python_apache_airflow_pipeline/venv/lib/python3.9/site-packages/airflow/example_dags/example_branch_python_dop_operator_3.py
[2025-01-05 10:03:10,429] {processor.py:641} INFO - Processing file /home/daniel/Documents/Alura/python_apache_airflow_pipeline/venv/lib/python3.9/site-packages/airflow/example_dags/example_branch_python_dop_operator_3.py for tasks to queue
[2025-01-05 10:03:10,433] {logging_mixin.py:115} INFO - [2025-01-05 10:03:10,433] {dagbag.py:507} INFO - Filling up the DagBag from /home/daniel/Documents/Alura/python_apache_airflow_pipeline/venv/lib/python3.9/site-packages/airflow/example_dags/example_branch_python_dop_operator_3.py
[2025-01-05 10:03:10,462] {processor.py:651} INFO - DAG(s) dict_keys(['example_branch_dop_operator_v3']) retrieved from /home/daniel/Documents/Alura/python_apache_airflow_pipeline/venv/lib/python3.9/site-packages/airflow/example_dags/example_branch_python_dop_operator_3.py
[2025-01-05 10:03:10,510] {logging_mixin.py:115} INFO - [2025-01-05 10:03:10,510] {dag.py:2379} INFO - Sync 1 DAGs
[2025-01-05 10:03:10,614] {logging_mixin.py:115} INFO - [2025-01-05 10:03:10,614] {dag.py:2927} INFO - Setting next_dagrun for example_branch_dop_operator_v3 to 2025-01-05T13:02:00+00:00, run_after=2025-01-05T13:03:00+00:00
[2025-01-05 10:03:10,662] {processor.py:161} INFO - Processing /home/daniel/Documents/Alura/python_apache_airflow_pipeline/venv/lib/python3.9/site-packages/airflow/example_dags/example_branch_python_dop_operator_3.py took 0.247 seconds
[2025-01-05 10:04:03,377] {processor.py:153} INFO - Started process (PID=8144) to work on /home/daniel/Documents/Alura/python_apache_airflow_pipeline/venv/lib/python3.9/site-packages/airflow/example_dags/example_branch_python_dop_operator_3.py
[2025-01-05 10:04:03,385] {processor.py:641} INFO - Processing file /home/daniel/Documents/Alura/python_apache_airflow_pipeline/venv/lib/python3.9/site-packages/airflow/example_dags/example_branch_python_dop_operator_3.py for tasks to queue
[2025-01-05 10:04:03,389] {logging_mixin.py:115} INFO - [2025-01-05 10:04:03,389] {dagbag.py:507} INFO - Filling up the DagBag from /home/daniel/Documents/Alura/python_apache_airflow_pipeline/venv/lib/python3.9/site-packages/airflow/example_dags/example_branch_python_dop_operator_3.py
[2025-01-05 10:04:03,429] {processor.py:651} INFO - DAG(s) dict_keys(['example_branch_dop_operator_v3']) retrieved from /home/daniel/Documents/Alura/python_apache_airflow_pipeline/venv/lib/python3.9/site-packages/airflow/example_dags/example_branch_python_dop_operator_3.py
[2025-01-05 10:04:03,497] {logging_mixin.py:115} INFO - [2025-01-05 10:04:03,497] {dag.py:2379} INFO - Sync 1 DAGs
[2025-01-05 10:04:03,594] {logging_mixin.py:115} INFO - [2025-01-05 10:04:03,593] {dag.py:2927} INFO - Setting next_dagrun for example_branch_dop_operator_v3 to 2025-01-05T13:03:00+00:00, run_after=2025-01-05T13:04:00+00:00
[2025-01-05 10:04:03,669] {processor.py:161} INFO - Processing /home/daniel/Documents/Alura/python_apache_airflow_pipeline/venv/lib/python3.9/site-packages/airflow/example_dags/example_branch_python_dop_operator_3.py took 0.307 seconds
[2025-01-05 10:04:58,462] {processor.py:153} INFO - Started process (PID=8238) to work on /home/daniel/Documents/Alura/python_apache_airflow_pipeline/venv/lib/python3.9/site-packages/airflow/example_dags/example_branch_python_dop_operator_3.py
[2025-01-05 10:04:58,477] {processor.py:641} INFO - Processing file /home/daniel/Documents/Alura/python_apache_airflow_pipeline/venv/lib/python3.9/site-packages/airflow/example_dags/example_branch_python_dop_operator_3.py for tasks to queue
[2025-01-05 10:04:58,493] {logging_mixin.py:115} INFO - [2025-01-05 10:04:58,489] {dagbag.py:507} INFO - Filling up the DagBag from /home/daniel/Documents/Alura/python_apache_airflow_pipeline/venv/lib/python3.9/site-packages/airflow/example_dags/example_branch_python_dop_operator_3.py
[2025-01-05 10:04:58,606] {processor.py:651} INFO - DAG(s) dict_keys(['example_branch_dop_operator_v3']) retrieved from /home/daniel/Documents/Alura/python_apache_airflow_pipeline/venv/lib/python3.9/site-packages/airflow/example_dags/example_branch_python_dop_operator_3.py
[2025-01-05 10:04:58,737] {logging_mixin.py:115} INFO - [2025-01-05 10:04:58,734] {dag.py:2379} INFO - Sync 1 DAGs
[2025-01-05 10:04:59,017] {logging_mixin.py:115} INFO - [2025-01-05 10:04:59,017] {dag.py:2927} INFO - Setting next_dagrun for example_branch_dop_operator_v3 to 2025-01-05T13:03:00+00:00, run_after=2025-01-05T13:04:00+00:00
[2025-01-05 10:04:59,146] {processor.py:161} INFO - Processing /home/daniel/Documents/Alura/python_apache_airflow_pipeline/venv/lib/python3.9/site-packages/airflow/example_dags/example_branch_python_dop_operator_3.py took 0.721 seconds
[2025-01-05 10:16:36,693] {processor.py:153} INFO - Started process (PID=9245) to work on /home/daniel/Documents/Alura/python_apache_airflow_pipeline/venv/lib/python3.9/site-packages/airflow/example_dags/example_branch_python_dop_operator_3.py
[2025-01-05 10:16:36,697] {processor.py:641} INFO - Processing file /home/daniel/Documents/Alura/python_apache_airflow_pipeline/venv/lib/python3.9/site-packages/airflow/example_dags/example_branch_python_dop_operator_3.py for tasks to queue
[2025-01-05 10:16:36,697] {logging_mixin.py:115} INFO - [2025-01-05 10:16:36,697] {dagbag.py:507} INFO - Filling up the DagBag from /home/daniel/Documents/Alura/python_apache_airflow_pipeline/venv/lib/python3.9/site-packages/airflow/example_dags/example_branch_python_dop_operator_3.py
[2025-01-05 10:16:36,706] {processor.py:651} INFO - DAG(s) dict_keys(['example_branch_dop_operator_v3']) retrieved from /home/daniel/Documents/Alura/python_apache_airflow_pipeline/venv/lib/python3.9/site-packages/airflow/example_dags/example_branch_python_dop_operator_3.py
[2025-01-05 10:16:36,719] {logging_mixin.py:115} INFO - [2025-01-05 10:16:36,719] {dag.py:2379} INFO - Sync 1 DAGs
[2025-01-05 10:16:36,733] {logging_mixin.py:115} INFO - [2025-01-05 10:16:36,733] {dag.py:2927} INFO - Setting next_dagrun for example_branch_dop_operator_v3 to 2025-01-05T13:15:00+00:00, run_after=2025-01-05T13:16:00+00:00
[2025-01-05 10:16:36,745] {processor.py:161} INFO - Processing /home/daniel/Documents/Alura/python_apache_airflow_pipeline/venv/lib/python3.9/site-packages/airflow/example_dags/example_branch_python_dop_operator_3.py took 0.054 seconds
[2025-01-05 10:17:13,179] {processor.py:153} INFO - Started process (PID=9604) to work on /home/daniel/Documents/Alura/python_apache_airflow_pipeline/venv/lib/python3.9/site-packages/airflow/example_dags/example_branch_python_dop_operator_3.py
[2025-01-05 10:17:13,180] {processor.py:641} INFO - Processing file /home/daniel/Documents/Alura/python_apache_airflow_pipeline/venv/lib/python3.9/site-packages/airflow/example_dags/example_branch_python_dop_operator_3.py for tasks to queue
[2025-01-05 10:17:13,181] {logging_mixin.py:115} INFO - [2025-01-05 10:17:13,181] {dagbag.py:507} INFO - Filling up the DagBag from /home/daniel/Documents/Alura/python_apache_airflow_pipeline/venv/lib/python3.9/site-packages/airflow/example_dags/example_branch_python_dop_operator_3.py
[2025-01-05 10:17:13,189] {processor.py:651} INFO - DAG(s) dict_keys(['example_branch_dop_operator_v3']) retrieved from /home/daniel/Documents/Alura/python_apache_airflow_pipeline/venv/lib/python3.9/site-packages/airflow/example_dags/example_branch_python_dop_operator_3.py
[2025-01-05 10:17:13,203] {logging_mixin.py:115} INFO - [2025-01-05 10:17:13,202] {dag.py:2379} INFO - Sync 1 DAGs
[2025-01-05 10:17:13,218] {logging_mixin.py:115} INFO - [2025-01-05 10:17:13,218] {dag.py:2927} INFO - Setting next_dagrun for example_branch_dop_operator_v3 to 2025-01-05T13:16:00+00:00, run_after=2025-01-05T13:17:00+00:00
[2025-01-05 10:17:13,229] {processor.py:161} INFO - Processing /home/daniel/Documents/Alura/python_apache_airflow_pipeline/venv/lib/python3.9/site-packages/airflow/example_dags/example_branch_python_dop_operator_3.py took 0.052 seconds
[2025-01-05 10:17:49,275] {processor.py:153} INFO - Started process (PID=9817) to work on /home/daniel/Documents/Alura/python_apache_airflow_pipeline/venv/lib/python3.9/site-packages/airflow/example_dags/example_branch_python_dop_operator_3.py
[2025-01-05 10:17:49,276] {processor.py:641} INFO - Processing file /home/daniel/Documents/Alura/python_apache_airflow_pipeline/venv/lib/python3.9/site-packages/airflow/example_dags/example_branch_python_dop_operator_3.py for tasks to queue
[2025-01-05 10:17:49,277] {logging_mixin.py:115} INFO - [2025-01-05 10:17:49,276] {dagbag.py:507} INFO - Filling up the DagBag from /home/daniel/Documents/Alura/python_apache_airflow_pipeline/venv/lib/python3.9/site-packages/airflow/example_dags/example_branch_python_dop_operator_3.py
[2025-01-05 10:17:49,288] {processor.py:651} INFO - DAG(s) dict_keys(['example_branch_dop_operator_v3']) retrieved from /home/daniel/Documents/Alura/python_apache_airflow_pipeline/venv/lib/python3.9/site-packages/airflow/example_dags/example_branch_python_dop_operator_3.py
[2025-01-05 10:17:49,308] {logging_mixin.py:115} INFO - [2025-01-05 10:17:49,308] {dag.py:2379} INFO - Sync 1 DAGs
[2025-01-05 10:17:49,337] {logging_mixin.py:115} INFO - [2025-01-05 10:17:49,337] {dag.py:2927} INFO - Setting next_dagrun for example_branch_dop_operator_v3 to 2025-01-05T13:16:00+00:00, run_after=2025-01-05T13:17:00+00:00
[2025-01-05 10:17:49,354] {processor.py:161} INFO - Processing /home/daniel/Documents/Alura/python_apache_airflow_pipeline/venv/lib/python3.9/site-packages/airflow/example_dags/example_branch_python_dop_operator_3.py took 0.082 seconds
[2025-01-05 10:18:27,546] {processor.py:153} INFO - Started process (PID=10034) to work on /home/daniel/Documents/Alura/python_apache_airflow_pipeline/venv/lib/python3.9/site-packages/airflow/example_dags/example_branch_python_dop_operator_3.py
[2025-01-05 10:18:27,547] {processor.py:641} INFO - Processing file /home/daniel/Documents/Alura/python_apache_airflow_pipeline/venv/lib/python3.9/site-packages/airflow/example_dags/example_branch_python_dop_operator_3.py for tasks to queue
[2025-01-05 10:18:27,548] {logging_mixin.py:115} INFO - [2025-01-05 10:18:27,548] {dagbag.py:507} INFO - Filling up the DagBag from /home/daniel/Documents/Alura/python_apache_airflow_pipeline/venv/lib/python3.9/site-packages/airflow/example_dags/example_branch_python_dop_operator_3.py
[2025-01-05 10:18:27,556] {processor.py:651} INFO - DAG(s) dict_keys(['example_branch_dop_operator_v3']) retrieved from /home/daniel/Documents/Alura/python_apache_airflow_pipeline/venv/lib/python3.9/site-packages/airflow/example_dags/example_branch_python_dop_operator_3.py
[2025-01-05 10:18:27,570] {logging_mixin.py:115} INFO - [2025-01-05 10:18:27,570] {dag.py:2379} INFO - Sync 1 DAGs
[2025-01-05 10:18:27,587] {logging_mixin.py:115} INFO - [2025-01-05 10:18:27,587] {dag.py:2927} INFO - Setting next_dagrun for example_branch_dop_operator_v3 to 2025-01-05T13:17:00+00:00, run_after=2025-01-05T13:18:00+00:00
[2025-01-05 10:18:27,598] {processor.py:161} INFO - Processing /home/daniel/Documents/Alura/python_apache_airflow_pipeline/venv/lib/python3.9/site-packages/airflow/example_dags/example_branch_python_dop_operator_3.py took 0.054 seconds
[2025-01-05 10:19:05,640] {processor.py:153} INFO - Started process (PID=10397) to work on /home/daniel/Documents/Alura/python_apache_airflow_pipeline/venv/lib/python3.9/site-packages/airflow/example_dags/example_branch_python_dop_operator_3.py
[2025-01-05 10:19:05,641] {processor.py:641} INFO - Processing file /home/daniel/Documents/Alura/python_apache_airflow_pipeline/venv/lib/python3.9/site-packages/airflow/example_dags/example_branch_python_dop_operator_3.py for tasks to queue
[2025-01-05 10:19:05,642] {logging_mixin.py:115} INFO - [2025-01-05 10:19:05,642] {dagbag.py:507} INFO - Filling up the DagBag from /home/daniel/Documents/Alura/python_apache_airflow_pipeline/venv/lib/python3.9/site-packages/airflow/example_dags/example_branch_python_dop_operator_3.py
[2025-01-05 10:19:05,656] {processor.py:651} INFO - DAG(s) dict_keys(['example_branch_dop_operator_v3']) retrieved from /home/daniel/Documents/Alura/python_apache_airflow_pipeline/venv/lib/python3.9/site-packages/airflow/example_dags/example_branch_python_dop_operator_3.py
[2025-01-05 10:19:05,676] {logging_mixin.py:115} INFO - [2025-01-05 10:19:05,676] {dag.py:2379} INFO - Sync 1 DAGs
[2025-01-05 10:19:05,697] {logging_mixin.py:115} INFO - [2025-01-05 10:19:05,696] {dag.py:2927} INFO - Setting next_dagrun for example_branch_dop_operator_v3 to 2025-01-05T13:18:00+00:00, run_after=2025-01-05T13:19:00+00:00
[2025-01-05 10:19:05,712] {processor.py:161} INFO - Processing /home/daniel/Documents/Alura/python_apache_airflow_pipeline/venv/lib/python3.9/site-packages/airflow/example_dags/example_branch_python_dop_operator_3.py took 0.078 seconds
[2025-01-05 10:19:44,804] {processor.py:153} INFO - Started process (PID=10614) to work on /home/daniel/Documents/Alura/python_apache_airflow_pipeline/venv/lib/python3.9/site-packages/airflow/example_dags/example_branch_python_dop_operator_3.py
[2025-01-05 10:19:44,807] {processor.py:641} INFO - Processing file /home/daniel/Documents/Alura/python_apache_airflow_pipeline/venv/lib/python3.9/site-packages/airflow/example_dags/example_branch_python_dop_operator_3.py for tasks to queue
[2025-01-05 10:19:44,808] {logging_mixin.py:115} INFO - [2025-01-05 10:19:44,808] {dagbag.py:507} INFO - Filling up the DagBag from /home/daniel/Documents/Alura/python_apache_airflow_pipeline/venv/lib/python3.9/site-packages/airflow/example_dags/example_branch_python_dop_operator_3.py
[2025-01-05 10:19:44,825] {processor.py:651} INFO - DAG(s) dict_keys(['example_branch_dop_operator_v3']) retrieved from /home/daniel/Documents/Alura/python_apache_airflow_pipeline/venv/lib/python3.9/site-packages/airflow/example_dags/example_branch_python_dop_operator_3.py
[2025-01-05 10:19:44,853] {logging_mixin.py:115} INFO - [2025-01-05 10:19:44,853] {dag.py:2379} INFO - Sync 1 DAGs
[2025-01-05 10:19:44,883] {logging_mixin.py:115} INFO - [2025-01-05 10:19:44,883] {dag.py:2927} INFO - Setting next_dagrun for example_branch_dop_operator_v3 to 2025-01-05T13:18:00+00:00, run_after=2025-01-05T13:19:00+00:00
[2025-01-05 10:19:44,912] {processor.py:161} INFO - Processing /home/daniel/Documents/Alura/python_apache_airflow_pipeline/venv/lib/python3.9/site-packages/airflow/example_dags/example_branch_python_dop_operator_3.py took 0.112 seconds
[2025-01-05 10:20:20,969] {processor.py:153} INFO - Started process (PID=10829) to work on /home/daniel/Documents/Alura/python_apache_airflow_pipeline/venv/lib/python3.9/site-packages/airflow/example_dags/example_branch_python_dop_operator_3.py
[2025-01-05 10:20:20,971] {processor.py:641} INFO - Processing file /home/daniel/Documents/Alura/python_apache_airflow_pipeline/venv/lib/python3.9/site-packages/airflow/example_dags/example_branch_python_dop_operator_3.py for tasks to queue
[2025-01-05 10:20:20,972] {logging_mixin.py:115} INFO - [2025-01-05 10:20:20,972] {dagbag.py:507} INFO - Filling up the DagBag from /home/daniel/Documents/Alura/python_apache_airflow_pipeline/venv/lib/python3.9/site-packages/airflow/example_dags/example_branch_python_dop_operator_3.py
[2025-01-05 10:20:20,992] {processor.py:651} INFO - DAG(s) dict_keys(['example_branch_dop_operator_v3']) retrieved from /home/daniel/Documents/Alura/python_apache_airflow_pipeline/venv/lib/python3.9/site-packages/airflow/example_dags/example_branch_python_dop_operator_3.py
[2025-01-05 10:20:21,028] {logging_mixin.py:115} INFO - [2025-01-05 10:20:21,028] {dag.py:2379} INFO - Sync 1 DAGs
[2025-01-05 10:20:21,080] {logging_mixin.py:115} INFO - [2025-01-05 10:20:21,079] {dag.py:2927} INFO - Setting next_dagrun for example_branch_dop_operator_v3 to 2025-01-05T13:19:00+00:00, run_after=2025-01-05T13:20:00+00:00
[2025-01-05 10:20:21,111] {processor.py:161} INFO - Processing /home/daniel/Documents/Alura/python_apache_airflow_pipeline/venv/lib/python3.9/site-packages/airflow/example_dags/example_branch_python_dop_operator_3.py took 0.154 seconds
[2025-01-05 10:21:12,409] {processor.py:153} INFO - Started process (PID=11310) to work on /home/daniel/Documents/Alura/python_apache_airflow_pipeline/venv/lib/python3.9/site-packages/airflow/example_dags/example_branch_python_dop_operator_3.py
[2025-01-05 10:21:12,411] {processor.py:641} INFO - Processing file /home/daniel/Documents/Alura/python_apache_airflow_pipeline/venv/lib/python3.9/site-packages/airflow/example_dags/example_branch_python_dop_operator_3.py for tasks to queue
[2025-01-05 10:21:12,411] {logging_mixin.py:115} INFO - [2025-01-05 10:21:12,411] {dagbag.py:507} INFO - Filling up the DagBag from /home/daniel/Documents/Alura/python_apache_airflow_pipeline/venv/lib/python3.9/site-packages/airflow/example_dags/example_branch_python_dop_operator_3.py
[2025-01-05 10:21:12,432] {processor.py:651} INFO - DAG(s) dict_keys(['example_branch_dop_operator_v3']) retrieved from /home/daniel/Documents/Alura/python_apache_airflow_pipeline/venv/lib/python3.9/site-packages/airflow/example_dags/example_branch_python_dop_operator_3.py
[2025-01-05 10:21:12,471] {logging_mixin.py:115} INFO - [2025-01-05 10:21:12,471] {dag.py:2379} INFO - Sync 1 DAGs
[2025-01-05 10:21:12,554] {logging_mixin.py:115} INFO - [2025-01-05 10:21:12,553] {dag.py:2927} INFO - Setting next_dagrun for example_branch_dop_operator_v3 to 2025-01-05T13:20:00+00:00, run_after=2025-01-05T13:21:00+00:00
[2025-01-05 10:21:12,616] {processor.py:161} INFO - Processing /home/daniel/Documents/Alura/python_apache_airflow_pipeline/venv/lib/python3.9/site-packages/airflow/example_dags/example_branch_python_dop_operator_3.py took 0.213 seconds
[2025-01-05 10:22:05,830] {processor.py:153} INFO - Started process (PID=12121) to work on /home/daniel/Documents/Alura/python_apache_airflow_pipeline/venv/lib/python3.9/site-packages/airflow/example_dags/example_branch_python_dop_operator_3.py
[2025-01-05 10:22:05,836] {processor.py:641} INFO - Processing file /home/daniel/Documents/Alura/python_apache_airflow_pipeline/venv/lib/python3.9/site-packages/airflow/example_dags/example_branch_python_dop_operator_3.py for tasks to queue
[2025-01-05 10:22:05,846] {logging_mixin.py:115} INFO - [2025-01-05 10:22:05,844] {dagbag.py:507} INFO - Filling up the DagBag from /home/daniel/Documents/Alura/python_apache_airflow_pipeline/venv/lib/python3.9/site-packages/airflow/example_dags/example_branch_python_dop_operator_3.py
[2025-01-05 10:22:05,883] {processor.py:651} INFO - DAG(s) dict_keys(['example_branch_dop_operator_v3']) retrieved from /home/daniel/Documents/Alura/python_apache_airflow_pipeline/venv/lib/python3.9/site-packages/airflow/example_dags/example_branch_python_dop_operator_3.py
[2025-01-05 10:22:05,930] {logging_mixin.py:115} INFO - [2025-01-05 10:22:05,929] {dag.py:2379} INFO - Sync 1 DAGs
[2025-01-05 10:22:05,991] {logging_mixin.py:115} INFO - [2025-01-05 10:22:05,991] {dag.py:2927} INFO - Setting next_dagrun for example_branch_dop_operator_v3 to 2025-01-05T13:21:00+00:00, run_after=2025-01-05T13:22:00+00:00
[2025-01-05 10:22:06,018] {processor.py:161} INFO - Processing /home/daniel/Documents/Alura/python_apache_airflow_pipeline/venv/lib/python3.9/site-packages/airflow/example_dags/example_branch_python_dop_operator_3.py took 0.197 seconds
[2025-01-05 10:22:49,519] {processor.py:153} INFO - Started process (PID=12611) to work on /home/daniel/Documents/Alura/python_apache_airflow_pipeline/venv/lib/python3.9/site-packages/airflow/example_dags/example_branch_python_dop_operator_3.py
[2025-01-05 10:22:49,523] {processor.py:641} INFO - Processing file /home/daniel/Documents/Alura/python_apache_airflow_pipeline/venv/lib/python3.9/site-packages/airflow/example_dags/example_branch_python_dop_operator_3.py for tasks to queue
[2025-01-05 10:22:49,524] {logging_mixin.py:115} INFO - [2025-01-05 10:22:49,523] {dagbag.py:507} INFO - Filling up the DagBag from /home/daniel/Documents/Alura/python_apache_airflow_pipeline/venv/lib/python3.9/site-packages/airflow/example_dags/example_branch_python_dop_operator_3.py
[2025-01-05 10:22:49,539] {processor.py:651} INFO - DAG(s) dict_keys(['example_branch_dop_operator_v3']) retrieved from /home/daniel/Documents/Alura/python_apache_airflow_pipeline/venv/lib/python3.9/site-packages/airflow/example_dags/example_branch_python_dop_operator_3.py
[2025-01-05 10:22:49,579] {logging_mixin.py:115} INFO - [2025-01-05 10:22:49,579] {dag.py:2379} INFO - Sync 1 DAGs
[2025-01-05 10:22:49,615] {logging_mixin.py:115} INFO - [2025-01-05 10:22:49,615] {dag.py:2927} INFO - Setting next_dagrun for example_branch_dop_operator_v3 to 2025-01-05T13:21:00+00:00, run_after=2025-01-05T13:22:00+00:00
[2025-01-05 10:22:49,642] {processor.py:161} INFO - Processing /home/daniel/Documents/Alura/python_apache_airflow_pipeline/venv/lib/python3.9/site-packages/airflow/example_dags/example_branch_python_dop_operator_3.py took 0.127 seconds
[2025-01-05 10:23:33,831] {processor.py:153} INFO - Started process (PID=12964) to work on /home/daniel/Documents/Alura/python_apache_airflow_pipeline/venv/lib/python3.9/site-packages/airflow/example_dags/example_branch_python_dop_operator_3.py
[2025-01-05 10:23:33,832] {processor.py:641} INFO - Processing file /home/daniel/Documents/Alura/python_apache_airflow_pipeline/venv/lib/python3.9/site-packages/airflow/example_dags/example_branch_python_dop_operator_3.py for tasks to queue
[2025-01-05 10:23:33,839] {logging_mixin.py:115} INFO - [2025-01-05 10:23:33,839] {dagbag.py:507} INFO - Filling up the DagBag from /home/daniel/Documents/Alura/python_apache_airflow_pipeline/venv/lib/python3.9/site-packages/airflow/example_dags/example_branch_python_dop_operator_3.py
[2025-01-05 10:23:33,863] {processor.py:651} INFO - DAG(s) dict_keys(['example_branch_dop_operator_v3']) retrieved from /home/daniel/Documents/Alura/python_apache_airflow_pipeline/venv/lib/python3.9/site-packages/airflow/example_dags/example_branch_python_dop_operator_3.py
[2025-01-05 10:23:33,920] {logging_mixin.py:115} INFO - [2025-01-05 10:23:33,920] {dag.py:2379} INFO - Sync 1 DAGs
[2025-01-05 10:23:33,959] {logging_mixin.py:115} INFO - [2025-01-05 10:23:33,958] {dag.py:2927} INFO - Setting next_dagrun for example_branch_dop_operator_v3 to 2025-01-05T13:22:00+00:00, run_after=2025-01-05T13:23:00+00:00
[2025-01-05 10:23:33,987] {processor.py:161} INFO - Processing /home/daniel/Documents/Alura/python_apache_airflow_pipeline/venv/lib/python3.9/site-packages/airflow/example_dags/example_branch_python_dop_operator_3.py took 0.164 seconds
[2025-01-05 10:24:13,294] {processor.py:153} INFO - Started process (PID=13212) to work on /home/daniel/Documents/Alura/python_apache_airflow_pipeline/venv/lib/python3.9/site-packages/airflow/example_dags/example_branch_python_dop_operator_3.py
[2025-01-05 10:24:13,296] {processor.py:641} INFO - Processing file /home/daniel/Documents/Alura/python_apache_airflow_pipeline/venv/lib/python3.9/site-packages/airflow/example_dags/example_branch_python_dop_operator_3.py for tasks to queue
[2025-01-05 10:24:13,300] {logging_mixin.py:115} INFO - [2025-01-05 10:24:13,300] {dagbag.py:507} INFO - Filling up the DagBag from /home/daniel/Documents/Alura/python_apache_airflow_pipeline/venv/lib/python3.9/site-packages/airflow/example_dags/example_branch_python_dop_operator_3.py
[2025-01-05 10:24:13,326] {processor.py:651} INFO - DAG(s) dict_keys(['example_branch_dop_operator_v3']) retrieved from /home/daniel/Documents/Alura/python_apache_airflow_pipeline/venv/lib/python3.9/site-packages/airflow/example_dags/example_branch_python_dop_operator_3.py
[2025-01-05 10:24:13,362] {logging_mixin.py:115} INFO - [2025-01-05 10:24:13,362] {dag.py:2379} INFO - Sync 1 DAGs
[2025-01-05 10:24:13,414] {logging_mixin.py:115} INFO - [2025-01-05 10:24:13,414] {dag.py:2927} INFO - Setting next_dagrun for example_branch_dop_operator_v3 to 2025-01-05T13:23:00+00:00, run_after=2025-01-05T13:24:00+00:00
[2025-01-05 10:24:13,447] {processor.py:161} INFO - Processing /home/daniel/Documents/Alura/python_apache_airflow_pipeline/venv/lib/python3.9/site-packages/airflow/example_dags/example_branch_python_dop_operator_3.py took 0.167 seconds
[2025-01-05 10:25:11,599] {processor.py:153} INFO - Started process (PID=13858) to work on /home/daniel/Documents/Alura/python_apache_airflow_pipeline/venv/lib/python3.9/site-packages/airflow/example_dags/example_branch_python_dop_operator_3.py
[2025-01-05 10:25:11,603] {processor.py:641} INFO - Processing file /home/daniel/Documents/Alura/python_apache_airflow_pipeline/venv/lib/python3.9/site-packages/airflow/example_dags/example_branch_python_dop_operator_3.py for tasks to queue
[2025-01-05 10:25:11,603] {logging_mixin.py:115} INFO - [2025-01-05 10:25:11,603] {dagbag.py:507} INFO - Filling up the DagBag from /home/daniel/Documents/Alura/python_apache_airflow_pipeline/venv/lib/python3.9/site-packages/airflow/example_dags/example_branch_python_dop_operator_3.py
[2025-01-05 10:25:11,642] {processor.py:651} INFO - DAG(s) dict_keys(['example_branch_dop_operator_v3']) retrieved from /home/daniel/Documents/Alura/python_apache_airflow_pipeline/venv/lib/python3.9/site-packages/airflow/example_dags/example_branch_python_dop_operator_3.py
[2025-01-05 10:25:11,694] {logging_mixin.py:115} INFO - [2025-01-05 10:25:11,692] {dag.py:2379} INFO - Sync 1 DAGs
[2025-01-05 10:25:11,770] {logging_mixin.py:115} INFO - [2025-01-05 10:25:11,770] {dag.py:2927} INFO - Setting next_dagrun for example_branch_dop_operator_v3 to 2025-01-05T13:24:00+00:00, run_after=2025-01-05T13:25:00+00:00
[2025-01-05 10:25:11,810] {processor.py:161} INFO - Processing /home/daniel/Documents/Alura/python_apache_airflow_pipeline/venv/lib/python3.9/site-packages/airflow/example_dags/example_branch_python_dop_operator_3.py took 0.219 seconds
[2025-01-05 10:25:57,847] {processor.py:153} INFO - Started process (PID=13999) to work on /home/daniel/Documents/Alura/python_apache_airflow_pipeline/venv/lib/python3.9/site-packages/airflow/example_dags/example_branch_python_dop_operator_3.py
[2025-01-05 10:25:57,850] {processor.py:641} INFO - Processing file /home/daniel/Documents/Alura/python_apache_airflow_pipeline/venv/lib/python3.9/site-packages/airflow/example_dags/example_branch_python_dop_operator_3.py for tasks to queue
[2025-01-05 10:25:57,854] {logging_mixin.py:115} INFO - [2025-01-05 10:25:57,854] {dagbag.py:507} INFO - Filling up the DagBag from /home/daniel/Documents/Alura/python_apache_airflow_pipeline/venv/lib/python3.9/site-packages/airflow/example_dags/example_branch_python_dop_operator_3.py
[2025-01-05 10:25:57,903] {processor.py:651} INFO - DAG(s) dict_keys(['example_branch_dop_operator_v3']) retrieved from /home/daniel/Documents/Alura/python_apache_airflow_pipeline/venv/lib/python3.9/site-packages/airflow/example_dags/example_branch_python_dop_operator_3.py
[2025-01-05 10:25:57,951] {logging_mixin.py:115} INFO - [2025-01-05 10:25:57,951] {dag.py:2379} INFO - Sync 1 DAGs
[2025-01-05 10:25:58,019] {logging_mixin.py:115} INFO - [2025-01-05 10:25:58,019] {dag.py:2927} INFO - Setting next_dagrun for example_branch_dop_operator_v3 to 2025-01-05T13:24:00+00:00, run_after=2025-01-05T13:25:00+00:00
[2025-01-05 10:25:58,063] {processor.py:161} INFO - Processing /home/daniel/Documents/Alura/python_apache_airflow_pipeline/venv/lib/python3.9/site-packages/airflow/example_dags/example_branch_python_dop_operator_3.py took 0.232 seconds
[2025-01-05 10:26:57,498] {processor.py:153} INFO - Started process (PID=14411) to work on /home/daniel/Documents/Alura/python_apache_airflow_pipeline/venv/lib/python3.9/site-packages/airflow/example_dags/example_branch_python_dop_operator_3.py
[2025-01-05 10:26:57,502] {processor.py:641} INFO - Processing file /home/daniel/Documents/Alura/python_apache_airflow_pipeline/venv/lib/python3.9/site-packages/airflow/example_dags/example_branch_python_dop_operator_3.py for tasks to queue
[2025-01-05 10:26:57,506] {logging_mixin.py:115} INFO - [2025-01-05 10:26:57,506] {dagbag.py:507} INFO - Filling up the DagBag from /home/daniel/Documents/Alura/python_apache_airflow_pipeline/venv/lib/python3.9/site-packages/airflow/example_dags/example_branch_python_dop_operator_3.py
[2025-01-05 10:26:57,562] {processor.py:651} INFO - DAG(s) dict_keys(['example_branch_dop_operator_v3']) retrieved from /home/daniel/Documents/Alura/python_apache_airflow_pipeline/venv/lib/python3.9/site-packages/airflow/example_dags/example_branch_python_dop_operator_3.py
[2025-01-05 10:26:57,627] {logging_mixin.py:115} INFO - [2025-01-05 10:26:57,627] {dag.py:2379} INFO - Sync 1 DAGs
[2025-01-05 10:26:57,715] {logging_mixin.py:115} INFO - [2025-01-05 10:26:57,715] {dag.py:2927} INFO - Setting next_dagrun for example_branch_dop_operator_v3 to 2025-01-05T13:25:00+00:00, run_after=2025-01-05T13:26:00+00:00
[2025-01-05 10:26:57,790] {processor.py:161} INFO - Processing /home/daniel/Documents/Alura/python_apache_airflow_pipeline/venv/lib/python3.9/site-packages/airflow/example_dags/example_branch_python_dop_operator_3.py took 0.307 seconds
[2025-01-05 10:27:42,166] {processor.py:153} INFO - Started process (PID=14794) to work on /home/daniel/Documents/Alura/python_apache_airflow_pipeline/venv/lib/python3.9/site-packages/airflow/example_dags/example_branch_python_dop_operator_3.py
[2025-01-05 10:27:42,170] {processor.py:641} INFO - Processing file /home/daniel/Documents/Alura/python_apache_airflow_pipeline/venv/lib/python3.9/site-packages/airflow/example_dags/example_branch_python_dop_operator_3.py for tasks to queue
[2025-01-05 10:27:42,171] {logging_mixin.py:115} INFO - [2025-01-05 10:27:42,171] {dagbag.py:507} INFO - Filling up the DagBag from /home/daniel/Documents/Alura/python_apache_airflow_pipeline/venv/lib/python3.9/site-packages/airflow/example_dags/example_branch_python_dop_operator_3.py
[2025-01-05 10:27:42,219] {processor.py:651} INFO - DAG(s) dict_keys(['example_branch_dop_operator_v3']) retrieved from /home/daniel/Documents/Alura/python_apache_airflow_pipeline/venv/lib/python3.9/site-packages/airflow/example_dags/example_branch_python_dop_operator_3.py
[2025-01-05 10:27:42,278] {logging_mixin.py:115} INFO - [2025-01-05 10:27:42,275] {dag.py:2379} INFO - Sync 1 DAGs
[2025-01-05 10:27:42,359] {logging_mixin.py:115} INFO - [2025-01-05 10:27:42,359] {dag.py:2927} INFO - Setting next_dagrun for example_branch_dop_operator_v3 to 2025-01-05T13:26:00+00:00, run_after=2025-01-05T13:27:00+00:00
[2025-01-05 10:27:42,427] {processor.py:161} INFO - Processing /home/daniel/Documents/Alura/python_apache_airflow_pipeline/venv/lib/python3.9/site-packages/airflow/example_dags/example_branch_python_dop_operator_3.py took 0.273 seconds
[2025-01-05 10:28:56,410] {processor.py:153} INFO - Started process (PID=15306) to work on /home/daniel/Documents/Alura/python_apache_airflow_pipeline/venv/lib/python3.9/site-packages/airflow/example_dags/example_branch_python_dop_operator_3.py
[2025-01-05 10:28:56,414] {processor.py:641} INFO - Processing file /home/daniel/Documents/Alura/python_apache_airflow_pipeline/venv/lib/python3.9/site-packages/airflow/example_dags/example_branch_python_dop_operator_3.py for tasks to queue
[2025-01-05 10:28:56,415] {logging_mixin.py:115} INFO - [2025-01-05 10:28:56,415] {dagbag.py:507} INFO - Filling up the DagBag from /home/daniel/Documents/Alura/python_apache_airflow_pipeline/venv/lib/python3.9/site-packages/airflow/example_dags/example_branch_python_dop_operator_3.py
[2025-01-05 10:28:56,454] {processor.py:651} INFO - DAG(s) dict_keys(['example_branch_dop_operator_v3']) retrieved from /home/daniel/Documents/Alura/python_apache_airflow_pipeline/venv/lib/python3.9/site-packages/airflow/example_dags/example_branch_python_dop_operator_3.py
[2025-01-05 10:28:56,527] {logging_mixin.py:115} INFO - [2025-01-05 10:28:56,527] {dag.py:2379} INFO - Sync 1 DAGs
[2025-01-05 10:28:56,670] {logging_mixin.py:115} INFO - [2025-01-05 10:28:56,667] {dag.py:2927} INFO - Setting next_dagrun for example_branch_dop_operator_v3 to 2025-01-05T13:27:00+00:00, run_after=2025-01-05T13:28:00+00:00
[2025-01-05 10:28:56,754] {processor.py:161} INFO - Processing /home/daniel/Documents/Alura/python_apache_airflow_pipeline/venv/lib/python3.9/site-packages/airflow/example_dags/example_branch_python_dop_operator_3.py took 0.364 seconds
[2025-01-05 10:30:44,810] {processor.py:153} INFO - Started process (PID=15581) to work on /home/daniel/Documents/Alura/python_apache_airflow_pipeline/venv/lib/python3.9/site-packages/airflow/example_dags/example_branch_python_dop_operator_3.py
[2025-01-05 10:30:44,818] {processor.py:641} INFO - Processing file /home/daniel/Documents/Alura/python_apache_airflow_pipeline/venv/lib/python3.9/site-packages/airflow/example_dags/example_branch_python_dop_operator_3.py for tasks to queue
[2025-01-05 10:30:44,834] {logging_mixin.py:115} INFO - [2025-01-05 10:30:44,834] {dagbag.py:507} INFO - Filling up the DagBag from /home/daniel/Documents/Alura/python_apache_airflow_pipeline/venv/lib/python3.9/site-packages/airflow/example_dags/example_branch_python_dop_operator_3.py
[2025-01-05 10:30:44,962] {processor.py:651} INFO - DAG(s) dict_keys(['example_branch_dop_operator_v3']) retrieved from /home/daniel/Documents/Alura/python_apache_airflow_pipeline/venv/lib/python3.9/site-packages/airflow/example_dags/example_branch_python_dop_operator_3.py
[2025-01-05 10:30:45,354] {logging_mixin.py:115} INFO - [2025-01-05 10:30:45,354] {dag.py:2379} INFO - Sync 1 DAGs
[2025-01-05 10:30:45,978] {logging_mixin.py:115} INFO - [2025-01-05 10:30:45,970] {dag.py:2927} INFO - Setting next_dagrun for example_branch_dop_operator_v3 to 2025-01-05T13:29:00+00:00, run_after=2025-01-05T13:30:00+00:00
[2025-01-05 10:30:46,258] {processor.py:161} INFO - Processing /home/daniel/Documents/Alura/python_apache_airflow_pipeline/venv/lib/python3.9/site-packages/airflow/example_dags/example_branch_python_dop_operator_3.py took 1.540 seconds
[2025-01-05 10:31:58,187] {processor.py:153} INFO - Started process (PID=15958) to work on /home/daniel/Documents/Alura/python_apache_airflow_pipeline/venv/lib/python3.9/site-packages/airflow/example_dags/example_branch_python_dop_operator_3.py
[2025-01-05 10:31:58,190] {processor.py:641} INFO - Processing file /home/daniel/Documents/Alura/python_apache_airflow_pipeline/venv/lib/python3.9/site-packages/airflow/example_dags/example_branch_python_dop_operator_3.py for tasks to queue
[2025-01-05 10:31:58,190] {logging_mixin.py:115} INFO - [2025-01-05 10:31:58,190] {dagbag.py:507} INFO - Filling up the DagBag from /home/daniel/Documents/Alura/python_apache_airflow_pipeline/venv/lib/python3.9/site-packages/airflow/example_dags/example_branch_python_dop_operator_3.py
[2025-01-05 10:31:58,200] {processor.py:651} INFO - DAG(s) dict_keys(['example_branch_dop_operator_v3']) retrieved from /home/daniel/Documents/Alura/python_apache_airflow_pipeline/venv/lib/python3.9/site-packages/airflow/example_dags/example_branch_python_dop_operator_3.py
[2025-01-05 10:31:58,214] {logging_mixin.py:115} INFO - [2025-01-05 10:31:58,214] {dag.py:2379} INFO - Sync 1 DAGs
[2025-01-05 10:31:58,231] {logging_mixin.py:115} INFO - [2025-01-05 10:31:58,231] {dag.py:2927} INFO - Setting next_dagrun for example_branch_dop_operator_v3 to 2025-01-05T13:30:00+00:00, run_after=2025-01-05T13:31:00+00:00
[2025-01-05 10:31:58,248] {processor.py:161} INFO - Processing /home/daniel/Documents/Alura/python_apache_airflow_pipeline/venv/lib/python3.9/site-packages/airflow/example_dags/example_branch_python_dop_operator_3.py took 0.063 seconds
[2025-01-05 10:32:33,887] {processor.py:153} INFO - Started process (PID=16318) to work on /home/daniel/Documents/Alura/python_apache_airflow_pipeline/venv/lib/python3.9/site-packages/airflow/example_dags/example_branch_python_dop_operator_3.py
[2025-01-05 10:32:33,889] {processor.py:641} INFO - Processing file /home/daniel/Documents/Alura/python_apache_airflow_pipeline/venv/lib/python3.9/site-packages/airflow/example_dags/example_branch_python_dop_operator_3.py for tasks to queue
[2025-01-05 10:32:33,889] {logging_mixin.py:115} INFO - [2025-01-05 10:32:33,889] {dagbag.py:507} INFO - Filling up the DagBag from /home/daniel/Documents/Alura/python_apache_airflow_pipeline/venv/lib/python3.9/site-packages/airflow/example_dags/example_branch_python_dop_operator_3.py
[2025-01-05 10:32:33,901] {processor.py:651} INFO - DAG(s) dict_keys(['example_branch_dop_operator_v3']) retrieved from /home/daniel/Documents/Alura/python_apache_airflow_pipeline/venv/lib/python3.9/site-packages/airflow/example_dags/example_branch_python_dop_operator_3.py
[2025-01-05 10:32:33,933] {logging_mixin.py:115} INFO - [2025-01-05 10:32:33,933] {dag.py:2379} INFO - Sync 1 DAGs
[2025-01-05 10:32:33,963] {logging_mixin.py:115} INFO - [2025-01-05 10:32:33,963] {dag.py:2927} INFO - Setting next_dagrun for example_branch_dop_operator_v3 to 2025-01-05T13:31:00+00:00, run_after=2025-01-05T13:32:00+00:00
[2025-01-05 10:32:33,980] {processor.py:161} INFO - Processing /home/daniel/Documents/Alura/python_apache_airflow_pipeline/venv/lib/python3.9/site-packages/airflow/example_dags/example_branch_python_dop_operator_3.py took 0.095 seconds
[2025-01-05 10:33:16,512] {processor.py:153} INFO - Started process (PID=16742) to work on /home/daniel/Documents/Alura/python_apache_airflow_pipeline/venv/lib/python3.9/site-packages/airflow/example_dags/example_branch_python_dop_operator_3.py
[2025-01-05 10:33:16,514] {processor.py:641} INFO - Processing file /home/daniel/Documents/Alura/python_apache_airflow_pipeline/venv/lib/python3.9/site-packages/airflow/example_dags/example_branch_python_dop_operator_3.py for tasks to queue
[2025-01-05 10:33:16,515] {logging_mixin.py:115} INFO - [2025-01-05 10:33:16,514] {dagbag.py:507} INFO - Filling up the DagBag from /home/daniel/Documents/Alura/python_apache_airflow_pipeline/venv/lib/python3.9/site-packages/airflow/example_dags/example_branch_python_dop_operator_3.py
[2025-01-05 10:33:16,523] {processor.py:651} INFO - DAG(s) dict_keys(['example_branch_dop_operator_v3']) retrieved from /home/daniel/Documents/Alura/python_apache_airflow_pipeline/venv/lib/python3.9/site-packages/airflow/example_dags/example_branch_python_dop_operator_3.py
[2025-01-05 10:33:16,535] {logging_mixin.py:115} INFO - [2025-01-05 10:33:16,535] {dag.py:2379} INFO - Sync 1 DAGs
[2025-01-05 10:33:16,552] {logging_mixin.py:115} INFO - [2025-01-05 10:33:16,551] {dag.py:2927} INFO - Setting next_dagrun for example_branch_dop_operator_v3 to 2025-01-05T13:32:00+00:00, run_after=2025-01-05T13:33:00+00:00
[2025-01-05 10:33:16,565] {processor.py:161} INFO - Processing /home/daniel/Documents/Alura/python_apache_airflow_pipeline/venv/lib/python3.9/site-packages/airflow/example_dags/example_branch_python_dop_operator_3.py took 0.056 seconds
[2025-01-05 10:33:53,861] {processor.py:153} INFO - Started process (PID=16787) to work on /home/daniel/Documents/Alura/python_apache_airflow_pipeline/venv/lib/python3.9/site-packages/airflow/example_dags/example_branch_python_dop_operator_3.py
[2025-01-05 10:33:53,862] {processor.py:641} INFO - Processing file /home/daniel/Documents/Alura/python_apache_airflow_pipeline/venv/lib/python3.9/site-packages/airflow/example_dags/example_branch_python_dop_operator_3.py for tasks to queue
[2025-01-05 10:33:53,863] {logging_mixin.py:115} INFO - [2025-01-05 10:33:53,863] {dagbag.py:507} INFO - Filling up the DagBag from /home/daniel/Documents/Alura/python_apache_airflow_pipeline/venv/lib/python3.9/site-packages/airflow/example_dags/example_branch_python_dop_operator_3.py
[2025-01-05 10:33:53,872] {processor.py:651} INFO - DAG(s) dict_keys(['example_branch_dop_operator_v3']) retrieved from /home/daniel/Documents/Alura/python_apache_airflow_pipeline/venv/lib/python3.9/site-packages/airflow/example_dags/example_branch_python_dop_operator_3.py
[2025-01-05 10:33:53,884] {logging_mixin.py:115} INFO - [2025-01-05 10:33:53,884] {dag.py:2379} INFO - Sync 1 DAGs
[2025-01-05 10:33:53,900] {logging_mixin.py:115} INFO - [2025-01-05 10:33:53,900] {dag.py:2927} INFO - Setting next_dagrun for example_branch_dop_operator_v3 to 2025-01-05T13:32:00+00:00, run_after=2025-01-05T13:33:00+00:00
[2025-01-05 10:33:53,912] {processor.py:161} INFO - Processing /home/daniel/Documents/Alura/python_apache_airflow_pipeline/venv/lib/python3.9/site-packages/airflow/example_dags/example_branch_python_dop_operator_3.py took 0.054 seconds
[2025-01-05 10:34:30,145] {processor.py:153} INFO - Started process (PID=16824) to work on /home/daniel/Documents/Alura/python_apache_airflow_pipeline/venv/lib/python3.9/site-packages/airflow/example_dags/example_branch_python_dop_operator_3.py
[2025-01-05 10:34:30,147] {processor.py:641} INFO - Processing file /home/daniel/Documents/Alura/python_apache_airflow_pipeline/venv/lib/python3.9/site-packages/airflow/example_dags/example_branch_python_dop_operator_3.py for tasks to queue
[2025-01-05 10:34:30,148] {logging_mixin.py:115} INFO - [2025-01-05 10:34:30,148] {dagbag.py:507} INFO - Filling up the DagBag from /home/daniel/Documents/Alura/python_apache_airflow_pipeline/venv/lib/python3.9/site-packages/airflow/example_dags/example_branch_python_dop_operator_3.py
[2025-01-05 10:34:30,157] {processor.py:651} INFO - DAG(s) dict_keys(['example_branch_dop_operator_v3']) retrieved from /home/daniel/Documents/Alura/python_apache_airflow_pipeline/venv/lib/python3.9/site-packages/airflow/example_dags/example_branch_python_dop_operator_3.py
[2025-01-05 10:34:30,174] {logging_mixin.py:115} INFO - [2025-01-05 10:34:30,174] {dag.py:2379} INFO - Sync 1 DAGs
[2025-01-05 10:34:30,196] {logging_mixin.py:115} INFO - [2025-01-05 10:34:30,196] {dag.py:2927} INFO - Setting next_dagrun for example_branch_dop_operator_v3 to 2025-01-05T13:33:00+00:00, run_after=2025-01-05T13:34:00+00:00
[2025-01-05 10:34:30,209] {processor.py:161} INFO - Processing /home/daniel/Documents/Alura/python_apache_airflow_pipeline/venv/lib/python3.9/site-packages/airflow/example_dags/example_branch_python_dop_operator_3.py took 0.066 seconds
[2025-01-05 10:35:06,979] {processor.py:153} INFO - Started process (PID=16867) to work on /home/daniel/Documents/Alura/python_apache_airflow_pipeline/venv/lib/python3.9/site-packages/airflow/example_dags/example_branch_python_dop_operator_3.py
[2025-01-05 10:35:06,980] {processor.py:641} INFO - Processing file /home/daniel/Documents/Alura/python_apache_airflow_pipeline/venv/lib/python3.9/site-packages/airflow/example_dags/example_branch_python_dop_operator_3.py for tasks to queue
[2025-01-05 10:35:06,981] {logging_mixin.py:115} INFO - [2025-01-05 10:35:06,981] {dagbag.py:507} INFO - Filling up the DagBag from /home/daniel/Documents/Alura/python_apache_airflow_pipeline/venv/lib/python3.9/site-packages/airflow/example_dags/example_branch_python_dop_operator_3.py
[2025-01-05 10:35:06,989] {processor.py:651} INFO - DAG(s) dict_keys(['example_branch_dop_operator_v3']) retrieved from /home/daniel/Documents/Alura/python_apache_airflow_pipeline/venv/lib/python3.9/site-packages/airflow/example_dags/example_branch_python_dop_operator_3.py
[2025-01-05 10:35:07,004] {logging_mixin.py:115} INFO - [2025-01-05 10:35:07,003] {dag.py:2379} INFO - Sync 1 DAGs
[2025-01-05 10:35:07,022] {logging_mixin.py:115} INFO - [2025-01-05 10:35:07,022] {dag.py:2927} INFO - Setting next_dagrun for example_branch_dop_operator_v3 to 2025-01-05T13:34:00+00:00, run_after=2025-01-05T13:35:00+00:00
[2025-01-05 10:35:07,036] {processor.py:161} INFO - Processing /home/daniel/Documents/Alura/python_apache_airflow_pipeline/venv/lib/python3.9/site-packages/airflow/example_dags/example_branch_python_dop_operator_3.py took 0.060 seconds
[2025-01-05 10:35:44,567] {processor.py:153} INFO - Started process (PID=17015) to work on /home/daniel/Documents/Alura/python_apache_airflow_pipeline/venv/lib/python3.9/site-packages/airflow/example_dags/example_branch_python_dop_operator_3.py
[2025-01-05 10:35:44,569] {processor.py:641} INFO - Processing file /home/daniel/Documents/Alura/python_apache_airflow_pipeline/venv/lib/python3.9/site-packages/airflow/example_dags/example_branch_python_dop_operator_3.py for tasks to queue
[2025-01-05 10:35:44,569] {logging_mixin.py:115} INFO - [2025-01-05 10:35:44,569] {dagbag.py:507} INFO - Filling up the DagBag from /home/daniel/Documents/Alura/python_apache_airflow_pipeline/venv/lib/python3.9/site-packages/airflow/example_dags/example_branch_python_dop_operator_3.py
[2025-01-05 10:35:44,583] {processor.py:651} INFO - DAG(s) dict_keys(['example_branch_dop_operator_v3']) retrieved from /home/daniel/Documents/Alura/python_apache_airflow_pipeline/venv/lib/python3.9/site-packages/airflow/example_dags/example_branch_python_dop_operator_3.py
[2025-01-05 10:35:44,600] {logging_mixin.py:115} INFO - [2025-01-05 10:35:44,598] {dag.py:2379} INFO - Sync 1 DAGs
[2025-01-05 10:35:44,623] {logging_mixin.py:115} INFO - [2025-01-05 10:35:44,623] {dag.py:2927} INFO - Setting next_dagrun for example_branch_dop_operator_v3 to 2025-01-05T13:34:00+00:00, run_after=2025-01-05T13:35:00+00:00
[2025-01-05 10:35:44,640] {processor.py:161} INFO - Processing /home/daniel/Documents/Alura/python_apache_airflow_pipeline/venv/lib/python3.9/site-packages/airflow/example_dags/example_branch_python_dop_operator_3.py took 0.076 seconds
[2025-01-05 10:36:25,040] {processor.py:153} INFO - Started process (PID=17055) to work on /home/daniel/Documents/Alura/python_apache_airflow_pipeline/venv/lib/python3.9/site-packages/airflow/example_dags/example_branch_python_dop_operator_3.py
[2025-01-05 10:36:25,042] {processor.py:641} INFO - Processing file /home/daniel/Documents/Alura/python_apache_airflow_pipeline/venv/lib/python3.9/site-packages/airflow/example_dags/example_branch_python_dop_operator_3.py for tasks to queue
[2025-01-05 10:36:25,043] {logging_mixin.py:115} INFO - [2025-01-05 10:36:25,043] {dagbag.py:507} INFO - Filling up the DagBag from /home/daniel/Documents/Alura/python_apache_airflow_pipeline/venv/lib/python3.9/site-packages/airflow/example_dags/example_branch_python_dop_operator_3.py
[2025-01-05 10:36:25,057] {processor.py:651} INFO - DAG(s) dict_keys(['example_branch_dop_operator_v3']) retrieved from /home/daniel/Documents/Alura/python_apache_airflow_pipeline/venv/lib/python3.9/site-packages/airflow/example_dags/example_branch_python_dop_operator_3.py
[2025-01-05 10:36:25,079] {logging_mixin.py:115} INFO - [2025-01-05 10:36:25,079] {dag.py:2379} INFO - Sync 1 DAGs
[2025-01-05 10:36:25,108] {logging_mixin.py:115} INFO - [2025-01-05 10:36:25,107] {dag.py:2927} INFO - Setting next_dagrun for example_branch_dop_operator_v3 to 2025-01-05T13:35:00+00:00, run_after=2025-01-05T13:36:00+00:00
[2025-01-05 10:36:25,127] {processor.py:161} INFO - Processing /home/daniel/Documents/Alura/python_apache_airflow_pipeline/venv/lib/python3.9/site-packages/airflow/example_dags/example_branch_python_dop_operator_3.py took 0.091 seconds
[2025-01-05 10:37:01,696] {processor.py:153} INFO - Started process (PID=17104) to work on /home/daniel/Documents/Alura/python_apache_airflow_pipeline/venv/lib/python3.9/site-packages/airflow/example_dags/example_branch_python_dop_operator_3.py
[2025-01-05 10:37:01,698] {processor.py:641} INFO - Processing file /home/daniel/Documents/Alura/python_apache_airflow_pipeline/venv/lib/python3.9/site-packages/airflow/example_dags/example_branch_python_dop_operator_3.py for tasks to queue
[2025-01-05 10:37:01,699] {logging_mixin.py:115} INFO - [2025-01-05 10:37:01,699] {dagbag.py:507} INFO - Filling up the DagBag from /home/daniel/Documents/Alura/python_apache_airflow_pipeline/venv/lib/python3.9/site-packages/airflow/example_dags/example_branch_python_dop_operator_3.py
[2025-01-05 10:37:01,711] {processor.py:651} INFO - DAG(s) dict_keys(['example_branch_dop_operator_v3']) retrieved from /home/daniel/Documents/Alura/python_apache_airflow_pipeline/venv/lib/python3.9/site-packages/airflow/example_dags/example_branch_python_dop_operator_3.py
[2025-01-05 10:37:01,733] {logging_mixin.py:115} INFO - [2025-01-05 10:37:01,733] {dag.py:2379} INFO - Sync 1 DAGs
[2025-01-05 10:37:01,760] {logging_mixin.py:115} INFO - [2025-01-05 10:37:01,760] {dag.py:2927} INFO - Setting next_dagrun for example_branch_dop_operator_v3 to 2025-01-05T13:36:00+00:00, run_after=2025-01-05T13:37:00+00:00
[2025-01-05 10:37:01,785] {processor.py:161} INFO - Processing /home/daniel/Documents/Alura/python_apache_airflow_pipeline/venv/lib/python3.9/site-packages/airflow/example_dags/example_branch_python_dop_operator_3.py took 0.092 seconds
[2025-01-05 10:37:38,059] {processor.py:153} INFO - Started process (PID=17200) to work on /home/daniel/Documents/Alura/python_apache_airflow_pipeline/venv/lib/python3.9/site-packages/airflow/example_dags/example_branch_python_dop_operator_3.py
[2025-01-05 10:37:38,061] {processor.py:641} INFO - Processing file /home/daniel/Documents/Alura/python_apache_airflow_pipeline/venv/lib/python3.9/site-packages/airflow/example_dags/example_branch_python_dop_operator_3.py for tasks to queue
[2025-01-05 10:37:38,061] {logging_mixin.py:115} INFO - [2025-01-05 10:37:38,061] {dagbag.py:507} INFO - Filling up the DagBag from /home/daniel/Documents/Alura/python_apache_airflow_pipeline/venv/lib/python3.9/site-packages/airflow/example_dags/example_branch_python_dop_operator_3.py
[2025-01-05 10:37:38,072] {processor.py:651} INFO - DAG(s) dict_keys(['example_branch_dop_operator_v3']) retrieved from /home/daniel/Documents/Alura/python_apache_airflow_pipeline/venv/lib/python3.9/site-packages/airflow/example_dags/example_branch_python_dop_operator_3.py
[2025-01-05 10:37:38,096] {logging_mixin.py:115} INFO - [2025-01-05 10:37:38,096] {dag.py:2379} INFO - Sync 1 DAGs
[2025-01-05 10:37:38,119] {logging_mixin.py:115} INFO - [2025-01-05 10:37:38,119] {dag.py:2927} INFO - Setting next_dagrun for example_branch_dop_operator_v3 to 2025-01-05T13:36:00+00:00, run_after=2025-01-05T13:37:00+00:00
[2025-01-05 10:37:38,139] {processor.py:161} INFO - Processing /home/daniel/Documents/Alura/python_apache_airflow_pipeline/venv/lib/python3.9/site-packages/airflow/example_dags/example_branch_python_dop_operator_3.py took 0.083 seconds
[2025-01-05 10:38:27,099] {processor.py:153} INFO - Started process (PID=17521) to work on /home/daniel/Documents/Alura/python_apache_airflow_pipeline/venv/lib/python3.9/site-packages/airflow/example_dags/example_branch_python_dop_operator_3.py
[2025-01-05 10:38:27,101] {processor.py:641} INFO - Processing file /home/daniel/Documents/Alura/python_apache_airflow_pipeline/venv/lib/python3.9/site-packages/airflow/example_dags/example_branch_python_dop_operator_3.py for tasks to queue
[2025-01-05 10:38:27,111] {logging_mixin.py:115} INFO - [2025-01-05 10:38:27,111] {dagbag.py:507} INFO - Filling up the DagBag from /home/daniel/Documents/Alura/python_apache_airflow_pipeline/venv/lib/python3.9/site-packages/airflow/example_dags/example_branch_python_dop_operator_3.py
[2025-01-05 10:38:27,135] {processor.py:651} INFO - DAG(s) dict_keys(['example_branch_dop_operator_v3']) retrieved from /home/daniel/Documents/Alura/python_apache_airflow_pipeline/venv/lib/python3.9/site-packages/airflow/example_dags/example_branch_python_dop_operator_3.py
[2025-01-05 10:38:27,172] {logging_mixin.py:115} INFO - [2025-01-05 10:38:27,172] {dag.py:2379} INFO - Sync 1 DAGs
[2025-01-05 10:38:27,228] {logging_mixin.py:115} INFO - [2025-01-05 10:38:27,228] {dag.py:2927} INFO - Setting next_dagrun for example_branch_dop_operator_v3 to 2025-01-05T13:37:00+00:00, run_after=2025-01-05T13:38:00+00:00
[2025-01-05 10:38:27,273] {processor.py:161} INFO - Processing /home/daniel/Documents/Alura/python_apache_airflow_pipeline/venv/lib/python3.9/site-packages/airflow/example_dags/example_branch_python_dop_operator_3.py took 0.182 seconds
[2025-01-05 10:39:09,985] {processor.py:153} INFO - Started process (PID=17563) to work on /home/daniel/Documents/Alura/python_apache_airflow_pipeline/venv/lib/python3.9/site-packages/airflow/example_dags/example_branch_python_dop_operator_3.py
[2025-01-05 10:39:09,989] {processor.py:641} INFO - Processing file /home/daniel/Documents/Alura/python_apache_airflow_pipeline/venv/lib/python3.9/site-packages/airflow/example_dags/example_branch_python_dop_operator_3.py for tasks to queue
[2025-01-05 10:39:09,991] {logging_mixin.py:115} INFO - [2025-01-05 10:39:09,991] {dagbag.py:507} INFO - Filling up the DagBag from /home/daniel/Documents/Alura/python_apache_airflow_pipeline/venv/lib/python3.9/site-packages/airflow/example_dags/example_branch_python_dop_operator_3.py
[2025-01-05 10:39:10,016] {processor.py:651} INFO - DAG(s) dict_keys(['example_branch_dop_operator_v3']) retrieved from /home/daniel/Documents/Alura/python_apache_airflow_pipeline/venv/lib/python3.9/site-packages/airflow/example_dags/example_branch_python_dop_operator_3.py
[2025-01-05 10:39:10,064] {logging_mixin.py:115} INFO - [2025-01-05 10:39:10,064] {dag.py:2379} INFO - Sync 1 DAGs
[2025-01-05 10:39:10,125] {logging_mixin.py:115} INFO - [2025-01-05 10:39:10,125] {dag.py:2927} INFO - Setting next_dagrun for example_branch_dop_operator_v3 to 2025-01-05T13:38:00+00:00, run_after=2025-01-05T13:39:00+00:00
[2025-01-05 10:39:10,167] {processor.py:161} INFO - Processing /home/daniel/Documents/Alura/python_apache_airflow_pipeline/venv/lib/python3.9/site-packages/airflow/example_dags/example_branch_python_dop_operator_3.py took 0.185 seconds
[2025-01-05 10:39:58,808] {processor.py:153} INFO - Started process (PID=17789) to work on /home/daniel/Documents/Alura/python_apache_airflow_pipeline/venv/lib/python3.9/site-packages/airflow/example_dags/example_branch_python_dop_operator_3.py
[2025-01-05 10:39:58,812] {processor.py:641} INFO - Processing file /home/daniel/Documents/Alura/python_apache_airflow_pipeline/venv/lib/python3.9/site-packages/airflow/example_dags/example_branch_python_dop_operator_3.py for tasks to queue
[2025-01-05 10:39:58,813] {logging_mixin.py:115} INFO - [2025-01-05 10:39:58,813] {dagbag.py:507} INFO - Filling up the DagBag from /home/daniel/Documents/Alura/python_apache_airflow_pipeline/venv/lib/python3.9/site-packages/airflow/example_dags/example_branch_python_dop_operator_3.py
[2025-01-05 10:39:58,841] {processor.py:651} INFO - DAG(s) dict_keys(['example_branch_dop_operator_v3']) retrieved from /home/daniel/Documents/Alura/python_apache_airflow_pipeline/venv/lib/python3.9/site-packages/airflow/example_dags/example_branch_python_dop_operator_3.py
[2025-01-05 10:39:58,897] {logging_mixin.py:115} INFO - [2025-01-05 10:39:58,897] {dag.py:2379} INFO - Sync 1 DAGs
[2025-01-05 10:39:58,965] {logging_mixin.py:115} INFO - [2025-01-05 10:39:58,965] {dag.py:2927} INFO - Setting next_dagrun for example_branch_dop_operator_v3 to 2025-01-05T13:38:00+00:00, run_after=2025-01-05T13:39:00+00:00
[2025-01-05 10:39:59,035] {processor.py:161} INFO - Processing /home/daniel/Documents/Alura/python_apache_airflow_pipeline/venv/lib/python3.9/site-packages/airflow/example_dags/example_branch_python_dop_operator_3.py took 0.236 seconds
[2025-01-05 10:40:46,631] {processor.py:153} INFO - Started process (PID=18147) to work on /home/daniel/Documents/Alura/python_apache_airflow_pipeline/venv/lib/python3.9/site-packages/airflow/example_dags/example_branch_python_dop_operator_3.py
[2025-01-05 10:40:46,635] {processor.py:641} INFO - Processing file /home/daniel/Documents/Alura/python_apache_airflow_pipeline/venv/lib/python3.9/site-packages/airflow/example_dags/example_branch_python_dop_operator_3.py for tasks to queue
[2025-01-05 10:40:46,636] {logging_mixin.py:115} INFO - [2025-01-05 10:40:46,636] {dagbag.py:507} INFO - Filling up the DagBag from /home/daniel/Documents/Alura/python_apache_airflow_pipeline/venv/lib/python3.9/site-packages/airflow/example_dags/example_branch_python_dop_operator_3.py
[2025-01-05 10:40:46,660] {processor.py:651} INFO - DAG(s) dict_keys(['example_branch_dop_operator_v3']) retrieved from /home/daniel/Documents/Alura/python_apache_airflow_pipeline/venv/lib/python3.9/site-packages/airflow/example_dags/example_branch_python_dop_operator_3.py
[2025-01-05 10:40:46,703] {logging_mixin.py:115} INFO - [2025-01-05 10:40:46,703] {dag.py:2379} INFO - Sync 1 DAGs
[2025-01-05 10:40:46,756] {logging_mixin.py:115} INFO - [2025-01-05 10:40:46,755] {dag.py:2927} INFO - Setting next_dagrun for example_branch_dop_operator_v3 to 2025-01-05T13:39:00+00:00, run_after=2025-01-05T13:40:00+00:00
[2025-01-05 10:40:46,804] {processor.py:161} INFO - Processing /home/daniel/Documents/Alura/python_apache_airflow_pipeline/venv/lib/python3.9/site-packages/airflow/example_dags/example_branch_python_dop_operator_3.py took 0.181 seconds
[2025-01-05 10:45:32,651] {processor.py:153} INFO - Started process (PID=18646) to work on /home/daniel/Documents/Alura/python_apache_airflow_pipeline/venv/lib/python3.9/site-packages/airflow/example_dags/example_branch_python_dop_operator_3.py
[2025-01-05 10:45:32,655] {processor.py:641} INFO - Processing file /home/daniel/Documents/Alura/python_apache_airflow_pipeline/venv/lib/python3.9/site-packages/airflow/example_dags/example_branch_python_dop_operator_3.py for tasks to queue
[2025-01-05 10:45:32,659] {logging_mixin.py:115} INFO - [2025-01-05 10:45:32,658] {dagbag.py:507} INFO - Filling up the DagBag from /home/daniel/Documents/Alura/python_apache_airflow_pipeline/venv/lib/python3.9/site-packages/airflow/example_dags/example_branch_python_dop_operator_3.py
[2025-01-05 10:45:32,702] {processor.py:651} INFO - DAG(s) dict_keys(['example_branch_dop_operator_v3']) retrieved from /home/daniel/Documents/Alura/python_apache_airflow_pipeline/venv/lib/python3.9/site-packages/airflow/example_dags/example_branch_python_dop_operator_3.py
[2025-01-05 10:45:32,767] {logging_mixin.py:115} INFO - [2025-01-05 10:45:32,767] {dag.py:2379} INFO - Sync 1 DAGs
[2025-01-05 10:45:32,813] {logging_mixin.py:115} INFO - [2025-01-05 10:45:32,813] {dag.py:2927} INFO - Setting next_dagrun for example_branch_dop_operator_v3 to 2025-01-05T13:44:00+00:00, run_after=2025-01-05T13:45:00+00:00
[2025-01-05 10:45:32,842] {processor.py:161} INFO - Processing /home/daniel/Documents/Alura/python_apache_airflow_pipeline/venv/lib/python3.9/site-packages/airflow/example_dags/example_branch_python_dop_operator_3.py took 0.209 seconds
[2025-01-05 10:46:11,658] {processor.py:153} INFO - Started process (PID=18810) to work on /home/daniel/Documents/Alura/python_apache_airflow_pipeline/venv/lib/python3.9/site-packages/airflow/example_dags/example_branch_python_dop_operator_3.py
[2025-01-05 10:46:11,660] {processor.py:641} INFO - Processing file /home/daniel/Documents/Alura/python_apache_airflow_pipeline/venv/lib/python3.9/site-packages/airflow/example_dags/example_branch_python_dop_operator_3.py for tasks to queue
[2025-01-05 10:46:11,661] {logging_mixin.py:115} INFO - [2025-01-05 10:46:11,661] {dagbag.py:507} INFO - Filling up the DagBag from /home/daniel/Documents/Alura/python_apache_airflow_pipeline/venv/lib/python3.9/site-packages/airflow/example_dags/example_branch_python_dop_operator_3.py
[2025-01-05 10:46:11,675] {processor.py:651} INFO - DAG(s) dict_keys(['example_branch_dop_operator_v3']) retrieved from /home/daniel/Documents/Alura/python_apache_airflow_pipeline/venv/lib/python3.9/site-packages/airflow/example_dags/example_branch_python_dop_operator_3.py
[2025-01-05 10:46:11,696] {logging_mixin.py:115} INFO - [2025-01-05 10:46:11,695] {dag.py:2379} INFO - Sync 1 DAGs
[2025-01-05 10:46:11,728] {logging_mixin.py:115} INFO - [2025-01-05 10:46:11,728] {dag.py:2927} INFO - Setting next_dagrun for example_branch_dop_operator_v3 to 2025-01-05T13:45:00+00:00, run_after=2025-01-05T13:46:00+00:00
[2025-01-05 10:46:11,757] {processor.py:161} INFO - Processing /home/daniel/Documents/Alura/python_apache_airflow_pipeline/venv/lib/python3.9/site-packages/airflow/example_dags/example_branch_python_dop_operator_3.py took 0.103 seconds
[2025-01-05 10:46:49,685] {processor.py:153} INFO - Started process (PID=19020) to work on /home/daniel/Documents/Alura/python_apache_airflow_pipeline/venv/lib/python3.9/site-packages/airflow/example_dags/example_branch_python_dop_operator_3.py
[2025-01-05 10:46:49,687] {processor.py:641} INFO - Processing file /home/daniel/Documents/Alura/python_apache_airflow_pipeline/venv/lib/python3.9/site-packages/airflow/example_dags/example_branch_python_dop_operator_3.py for tasks to queue
[2025-01-05 10:46:49,687] {logging_mixin.py:115} INFO - [2025-01-05 10:46:49,687] {dagbag.py:507} INFO - Filling up the DagBag from /home/daniel/Documents/Alura/python_apache_airflow_pipeline/venv/lib/python3.9/site-packages/airflow/example_dags/example_branch_python_dop_operator_3.py
[2025-01-05 10:46:49,699] {processor.py:651} INFO - DAG(s) dict_keys(['example_branch_dop_operator_v3']) retrieved from /home/daniel/Documents/Alura/python_apache_airflow_pipeline/venv/lib/python3.9/site-packages/airflow/example_dags/example_branch_python_dop_operator_3.py
[2025-01-05 10:46:49,718] {logging_mixin.py:115} INFO - [2025-01-05 10:46:49,718] {dag.py:2379} INFO - Sync 1 DAGs
[2025-01-05 10:46:49,740] {logging_mixin.py:115} INFO - [2025-01-05 10:46:49,740] {dag.py:2927} INFO - Setting next_dagrun for example_branch_dop_operator_v3 to 2025-01-05T13:45:00+00:00, run_after=2025-01-05T13:46:00+00:00
[2025-01-05 10:46:49,759] {processor.py:161} INFO - Processing /home/daniel/Documents/Alura/python_apache_airflow_pipeline/venv/lib/python3.9/site-packages/airflow/example_dags/example_branch_python_dop_operator_3.py took 0.077 seconds
[2025-01-05 10:47:29,807] {processor.py:153} INFO - Started process (PID=19298) to work on /home/daniel/Documents/Alura/python_apache_airflow_pipeline/venv/lib/python3.9/site-packages/airflow/example_dags/example_branch_python_dop_operator_3.py
[2025-01-05 10:47:29,810] {processor.py:641} INFO - Processing file /home/daniel/Documents/Alura/python_apache_airflow_pipeline/venv/lib/python3.9/site-packages/airflow/example_dags/example_branch_python_dop_operator_3.py for tasks to queue
[2025-01-05 10:47:29,811] {logging_mixin.py:115} INFO - [2025-01-05 10:47:29,810] {dagbag.py:507} INFO - Filling up the DagBag from /home/daniel/Documents/Alura/python_apache_airflow_pipeline/venv/lib/python3.9/site-packages/airflow/example_dags/example_branch_python_dop_operator_3.py
[2025-01-05 10:47:29,825] {processor.py:651} INFO - DAG(s) dict_keys(['example_branch_dop_operator_v3']) retrieved from /home/daniel/Documents/Alura/python_apache_airflow_pipeline/venv/lib/python3.9/site-packages/airflow/example_dags/example_branch_python_dop_operator_3.py
[2025-01-05 10:47:29,848] {logging_mixin.py:115} INFO - [2025-01-05 10:47:29,848] {dag.py:2379} INFO - Sync 1 DAGs
[2025-01-05 10:47:29,877] {logging_mixin.py:115} INFO - [2025-01-05 10:47:29,875] {dag.py:2927} INFO - Setting next_dagrun for example_branch_dop_operator_v3 to 2025-01-05T13:46:00+00:00, run_after=2025-01-05T13:47:00+00:00
[2025-01-05 10:47:29,902] {processor.py:161} INFO - Processing /home/daniel/Documents/Alura/python_apache_airflow_pipeline/venv/lib/python3.9/site-packages/airflow/example_dags/example_branch_python_dop_operator_3.py took 0.100 seconds
[2025-01-05 10:48:09,287] {processor.py:153} INFO - Started process (PID=19417) to work on /home/daniel/Documents/Alura/python_apache_airflow_pipeline/venv/lib/python3.9/site-packages/airflow/example_dags/example_branch_python_dop_operator_3.py
[2025-01-05 10:48:09,302] {processor.py:641} INFO - Processing file /home/daniel/Documents/Alura/python_apache_airflow_pipeline/venv/lib/python3.9/site-packages/airflow/example_dags/example_branch_python_dop_operator_3.py for tasks to queue
[2025-01-05 10:48:09,303] {logging_mixin.py:115} INFO - [2025-01-05 10:48:09,303] {dagbag.py:507} INFO - Filling up the DagBag from /home/daniel/Documents/Alura/python_apache_airflow_pipeline/venv/lib/python3.9/site-packages/airflow/example_dags/example_branch_python_dop_operator_3.py
[2025-01-05 10:48:09,327] {processor.py:651} INFO - DAG(s) dict_keys(['example_branch_dop_operator_v3']) retrieved from /home/daniel/Documents/Alura/python_apache_airflow_pipeline/venv/lib/python3.9/site-packages/airflow/example_dags/example_branch_python_dop_operator_3.py
[2025-01-05 10:48:09,396] {logging_mixin.py:115} INFO - [2025-01-05 10:48:09,395] {dag.py:2379} INFO - Sync 1 DAGs
[2025-01-05 10:48:09,487] {logging_mixin.py:115} INFO - [2025-01-05 10:48:09,487] {dag.py:2927} INFO - Setting next_dagrun for example_branch_dop_operator_v3 to 2025-01-05T13:47:00+00:00, run_after=2025-01-05T13:48:00+00:00
[2025-01-05 10:48:09,543] {processor.py:161} INFO - Processing /home/daniel/Documents/Alura/python_apache_airflow_pipeline/venv/lib/python3.9/site-packages/airflow/example_dags/example_branch_python_dop_operator_3.py took 0.289 seconds
[2025-01-05 10:52:38,957] {processor.py:153} INFO - Started process (PID=3875) to work on /home/daniel/Documents/Alura/python_apache_airflow_pipeline/venv/lib/python3.9/site-packages/airflow/example_dags/example_branch_python_dop_operator_3.py
[2025-01-05 10:52:38,960] {processor.py:641} INFO - Processing file /home/daniel/Documents/Alura/python_apache_airflow_pipeline/venv/lib/python3.9/site-packages/airflow/example_dags/example_branch_python_dop_operator_3.py for tasks to queue
[2025-01-05 10:52:38,961] {logging_mixin.py:115} INFO - [2025-01-05 10:52:38,961] {dagbag.py:507} INFO - Filling up the DagBag from /home/daniel/Documents/Alura/python_apache_airflow_pipeline/venv/lib/python3.9/site-packages/airflow/example_dags/example_branch_python_dop_operator_3.py
[2025-01-05 10:52:38,969] {processor.py:651} INFO - DAG(s) dict_keys(['example_branch_dop_operator_v3']) retrieved from /home/daniel/Documents/Alura/python_apache_airflow_pipeline/venv/lib/python3.9/site-packages/airflow/example_dags/example_branch_python_dop_operator_3.py
[2025-01-05 10:52:38,981] {logging_mixin.py:115} INFO - [2025-01-05 10:52:38,981] {dag.py:2379} INFO - Sync 1 DAGs
[2025-01-05 10:52:38,997] {logging_mixin.py:115} INFO - [2025-01-05 10:52:38,997] {dag.py:2927} INFO - Setting next_dagrun for example_branch_dop_operator_v3 to 2025-01-05T13:51:00+00:00, run_after=2025-01-05T13:52:00+00:00
[2025-01-05 10:52:39,007] {processor.py:161} INFO - Processing /home/daniel/Documents/Alura/python_apache_airflow_pipeline/venv/lib/python3.9/site-packages/airflow/example_dags/example_branch_python_dop_operator_3.py took 0.053 seconds
[2025-01-05 10:53:14,885] {processor.py:153} INFO - Started process (PID=3926) to work on /home/daniel/Documents/Alura/python_apache_airflow_pipeline/venv/lib/python3.9/site-packages/airflow/example_dags/example_branch_python_dop_operator_3.py
[2025-01-05 10:53:14,886] {processor.py:641} INFO - Processing file /home/daniel/Documents/Alura/python_apache_airflow_pipeline/venv/lib/python3.9/site-packages/airflow/example_dags/example_branch_python_dop_operator_3.py for tasks to queue
[2025-01-05 10:53:14,886] {logging_mixin.py:115} INFO - [2025-01-05 10:53:14,886] {dagbag.py:507} INFO - Filling up the DagBag from /home/daniel/Documents/Alura/python_apache_airflow_pipeline/venv/lib/python3.9/site-packages/airflow/example_dags/example_branch_python_dop_operator_3.py
[2025-01-05 10:53:14,895] {processor.py:651} INFO - DAG(s) dict_keys(['example_branch_dop_operator_v3']) retrieved from /home/daniel/Documents/Alura/python_apache_airflow_pipeline/venv/lib/python3.9/site-packages/airflow/example_dags/example_branch_python_dop_operator_3.py
[2025-01-05 10:53:14,908] {logging_mixin.py:115} INFO - [2025-01-05 10:53:14,907] {dag.py:2379} INFO - Sync 1 DAGs
[2025-01-05 10:53:14,923] {logging_mixin.py:115} INFO - [2025-01-05 10:53:14,923] {dag.py:2927} INFO - Setting next_dagrun for example_branch_dop_operator_v3 to 2025-01-05T13:52:00+00:00, run_after=2025-01-05T13:53:00+00:00
[2025-01-05 10:53:14,934] {processor.py:161} INFO - Processing /home/daniel/Documents/Alura/python_apache_airflow_pipeline/venv/lib/python3.9/site-packages/airflow/example_dags/example_branch_python_dop_operator_3.py took 0.051 seconds
[2025-01-05 10:53:51,109] {processor.py:153} INFO - Started process (PID=3965) to work on /home/daniel/Documents/Alura/python_apache_airflow_pipeline/venv/lib/python3.9/site-packages/airflow/example_dags/example_branch_python_dop_operator_3.py
[2025-01-05 10:53:51,110] {processor.py:641} INFO - Processing file /home/daniel/Documents/Alura/python_apache_airflow_pipeline/venv/lib/python3.9/site-packages/airflow/example_dags/example_branch_python_dop_operator_3.py for tasks to queue
[2025-01-05 10:53:51,111] {logging_mixin.py:115} INFO - [2025-01-05 10:53:51,111] {dagbag.py:507} INFO - Filling up the DagBag from /home/daniel/Documents/Alura/python_apache_airflow_pipeline/venv/lib/python3.9/site-packages/airflow/example_dags/example_branch_python_dop_operator_3.py
[2025-01-05 10:53:51,118] {processor.py:651} INFO - DAG(s) dict_keys(['example_branch_dop_operator_v3']) retrieved from /home/daniel/Documents/Alura/python_apache_airflow_pipeline/venv/lib/python3.9/site-packages/airflow/example_dags/example_branch_python_dop_operator_3.py
[2025-01-05 10:53:51,130] {logging_mixin.py:115} INFO - [2025-01-05 10:53:51,130] {dag.py:2379} INFO - Sync 1 DAGs
[2025-01-05 10:53:51,146] {logging_mixin.py:115} INFO - [2025-01-05 10:53:51,146] {dag.py:2927} INFO - Setting next_dagrun for example_branch_dop_operator_v3 to 2025-01-05T13:52:00+00:00, run_after=2025-01-05T13:53:00+00:00
[2025-01-05 10:53:51,159] {processor.py:161} INFO - Processing /home/daniel/Documents/Alura/python_apache_airflow_pipeline/venv/lib/python3.9/site-packages/airflow/example_dags/example_branch_python_dop_operator_3.py took 0.053 seconds
[2025-01-05 10:54:26,949] {processor.py:153} INFO - Started process (PID=4011) to work on /home/daniel/Documents/Alura/python_apache_airflow_pipeline/venv/lib/python3.9/site-packages/airflow/example_dags/example_branch_python_dop_operator_3.py
[2025-01-05 10:54:26,951] {processor.py:641} INFO - Processing file /home/daniel/Documents/Alura/python_apache_airflow_pipeline/venv/lib/python3.9/site-packages/airflow/example_dags/example_branch_python_dop_operator_3.py for tasks to queue
[2025-01-05 10:54:26,952] {logging_mixin.py:115} INFO - [2025-01-05 10:54:26,952] {dagbag.py:507} INFO - Filling up the DagBag from /home/daniel/Documents/Alura/python_apache_airflow_pipeline/venv/lib/python3.9/site-packages/airflow/example_dags/example_branch_python_dop_operator_3.py
[2025-01-05 10:54:26,963] {processor.py:651} INFO - DAG(s) dict_keys(['example_branch_dop_operator_v3']) retrieved from /home/daniel/Documents/Alura/python_apache_airflow_pipeline/venv/lib/python3.9/site-packages/airflow/example_dags/example_branch_python_dop_operator_3.py
[2025-01-05 10:54:26,977] {logging_mixin.py:115} INFO - [2025-01-05 10:54:26,977] {dag.py:2379} INFO - Sync 1 DAGs
[2025-01-05 10:54:26,993] {logging_mixin.py:115} INFO - [2025-01-05 10:54:26,992] {dag.py:2927} INFO - Setting next_dagrun for example_branch_dop_operator_v3 to 2025-01-05T13:53:00+00:00, run_after=2025-01-05T13:54:00+00:00
[2025-01-05 10:54:27,007] {processor.py:161} INFO - Processing /home/daniel/Documents/Alura/python_apache_airflow_pipeline/venv/lib/python3.9/site-packages/airflow/example_dags/example_branch_python_dop_operator_3.py took 0.060 seconds
[2025-01-05 10:55:02,699] {processor.py:153} INFO - Started process (PID=4056) to work on /home/daniel/Documents/Alura/python_apache_airflow_pipeline/venv/lib/python3.9/site-packages/airflow/example_dags/example_branch_python_dop_operator_3.py
[2025-01-05 10:55:02,700] {processor.py:641} INFO - Processing file /home/daniel/Documents/Alura/python_apache_airflow_pipeline/venv/lib/python3.9/site-packages/airflow/example_dags/example_branch_python_dop_operator_3.py for tasks to queue
[2025-01-05 10:55:02,700] {logging_mixin.py:115} INFO - [2025-01-05 10:55:02,700] {dagbag.py:507} INFO - Filling up the DagBag from /home/daniel/Documents/Alura/python_apache_airflow_pipeline/venv/lib/python3.9/site-packages/airflow/example_dags/example_branch_python_dop_operator_3.py
[2025-01-05 10:55:02,708] {processor.py:651} INFO - DAG(s) dict_keys(['example_branch_dop_operator_v3']) retrieved from /home/daniel/Documents/Alura/python_apache_airflow_pipeline/venv/lib/python3.9/site-packages/airflow/example_dags/example_branch_python_dop_operator_3.py
[2025-01-05 10:55:02,721] {logging_mixin.py:115} INFO - [2025-01-05 10:55:02,721] {dag.py:2379} INFO - Sync 1 DAGs
[2025-01-05 10:55:02,737] {logging_mixin.py:115} INFO - [2025-01-05 10:55:02,737] {dag.py:2927} INFO - Setting next_dagrun for example_branch_dop_operator_v3 to 2025-01-05T13:54:00+00:00, run_after=2025-01-05T13:55:00+00:00
[2025-01-05 10:55:02,749] {processor.py:161} INFO - Processing /home/daniel/Documents/Alura/python_apache_airflow_pipeline/venv/lib/python3.9/site-packages/airflow/example_dags/example_branch_python_dop_operator_3.py took 0.052 seconds
[2025-01-05 10:55:36,733] {processor.py:153} INFO - Started process (PID=4100) to work on /home/daniel/Documents/Alura/python_apache_airflow_pipeline/venv/lib/python3.9/site-packages/airflow/example_dags/example_branch_python_dop_operator_3.py
[2025-01-05 10:55:36,735] {processor.py:641} INFO - Processing file /home/daniel/Documents/Alura/python_apache_airflow_pipeline/venv/lib/python3.9/site-packages/airflow/example_dags/example_branch_python_dop_operator_3.py for tasks to queue
[2025-01-05 10:55:36,736] {logging_mixin.py:115} INFO - [2025-01-05 10:55:36,735] {dagbag.py:507} INFO - Filling up the DagBag from /home/daniel/Documents/Alura/python_apache_airflow_pipeline/venv/lib/python3.9/site-packages/airflow/example_dags/example_branch_python_dop_operator_3.py
[2025-01-05 10:55:36,745] {processor.py:651} INFO - DAG(s) dict_keys(['example_branch_dop_operator_v3']) retrieved from /home/daniel/Documents/Alura/python_apache_airflow_pipeline/venv/lib/python3.9/site-packages/airflow/example_dags/example_branch_python_dop_operator_3.py
[2025-01-05 10:55:36,766] {logging_mixin.py:115} INFO - [2025-01-05 10:55:36,765] {dag.py:2379} INFO - Sync 1 DAGs
[2025-01-05 10:55:36,788] {logging_mixin.py:115} INFO - [2025-01-05 10:55:36,787] {dag.py:2927} INFO - Setting next_dagrun for example_branch_dop_operator_v3 to 2025-01-05T13:54:00+00:00, run_after=2025-01-05T13:55:00+00:00
[2025-01-05 10:55:36,807] {processor.py:161} INFO - Processing /home/daniel/Documents/Alura/python_apache_airflow_pipeline/venv/lib/python3.9/site-packages/airflow/example_dags/example_branch_python_dop_operator_3.py took 0.077 seconds
[2025-01-05 10:56:14,795] {processor.py:153} INFO - Started process (PID=4159) to work on /home/daniel/Documents/Alura/python_apache_airflow_pipeline/venv/lib/python3.9/site-packages/airflow/example_dags/example_branch_python_dop_operator_3.py
[2025-01-05 10:56:14,796] {processor.py:641} INFO - Processing file /home/daniel/Documents/Alura/python_apache_airflow_pipeline/venv/lib/python3.9/site-packages/airflow/example_dags/example_branch_python_dop_operator_3.py for tasks to queue
[2025-01-05 10:56:14,797] {logging_mixin.py:115} INFO - [2025-01-05 10:56:14,797] {dagbag.py:507} INFO - Filling up the DagBag from /home/daniel/Documents/Alura/python_apache_airflow_pipeline/venv/lib/python3.9/site-packages/airflow/example_dags/example_branch_python_dop_operator_3.py
[2025-01-05 10:56:14,811] {processor.py:651} INFO - DAG(s) dict_keys(['example_branch_dop_operator_v3']) retrieved from /home/daniel/Documents/Alura/python_apache_airflow_pipeline/venv/lib/python3.9/site-packages/airflow/example_dags/example_branch_python_dop_operator_3.py
[2025-01-05 10:56:14,828] {logging_mixin.py:115} INFO - [2025-01-05 10:56:14,828] {dag.py:2379} INFO - Sync 1 DAGs
[2025-01-05 10:56:14,845] {logging_mixin.py:115} INFO - [2025-01-05 10:56:14,845] {dag.py:2927} INFO - Setting next_dagrun for example_branch_dop_operator_v3 to 2025-01-05T13:55:00+00:00, run_after=2025-01-05T13:56:00+00:00
[2025-01-05 10:56:14,861] {processor.py:161} INFO - Processing /home/daniel/Documents/Alura/python_apache_airflow_pipeline/venv/lib/python3.9/site-packages/airflow/example_dags/example_branch_python_dop_operator_3.py took 0.069 seconds
[2025-01-05 10:56:50,144] {processor.py:153} INFO - Started process (PID=4198) to work on /home/daniel/Documents/Alura/python_apache_airflow_pipeline/venv/lib/python3.9/site-packages/airflow/example_dags/example_branch_python_dop_operator_3.py
[2025-01-05 10:56:50,147] {processor.py:641} INFO - Processing file /home/daniel/Documents/Alura/python_apache_airflow_pipeline/venv/lib/python3.9/site-packages/airflow/example_dags/example_branch_python_dop_operator_3.py for tasks to queue
[2025-01-05 10:56:50,147] {logging_mixin.py:115} INFO - [2025-01-05 10:56:50,147] {dagbag.py:507} INFO - Filling up the DagBag from /home/daniel/Documents/Alura/python_apache_airflow_pipeline/venv/lib/python3.9/site-packages/airflow/example_dags/example_branch_python_dop_operator_3.py
[2025-01-05 10:56:50,160] {processor.py:651} INFO - DAG(s) dict_keys(['example_branch_dop_operator_v3']) retrieved from /home/daniel/Documents/Alura/python_apache_airflow_pipeline/venv/lib/python3.9/site-packages/airflow/example_dags/example_branch_python_dop_operator_3.py
[2025-01-05 10:56:50,187] {logging_mixin.py:115} INFO - [2025-01-05 10:56:50,186] {dag.py:2379} INFO - Sync 1 DAGs
[2025-01-05 10:56:50,244] {logging_mixin.py:115} INFO - [2025-01-05 10:56:50,243] {dag.py:2927} INFO - Setting next_dagrun for example_branch_dop_operator_v3 to 2025-01-05T13:55:00+00:00, run_after=2025-01-05T13:56:00+00:00
[2025-01-05 10:56:50,271] {processor.py:161} INFO - Processing /home/daniel/Documents/Alura/python_apache_airflow_pipeline/venv/lib/python3.9/site-packages/airflow/example_dags/example_branch_python_dop_operator_3.py took 0.132 seconds
[2025-01-05 10:57:29,940] {processor.py:153} INFO - Started process (PID=4299) to work on /home/daniel/Documents/Alura/python_apache_airflow_pipeline/venv/lib/python3.9/site-packages/airflow/example_dags/example_branch_python_dop_operator_3.py
[2025-01-05 10:57:29,942] {processor.py:641} INFO - Processing file /home/daniel/Documents/Alura/python_apache_airflow_pipeline/venv/lib/python3.9/site-packages/airflow/example_dags/example_branch_python_dop_operator_3.py for tasks to queue
[2025-01-05 10:57:29,943] {logging_mixin.py:115} INFO - [2025-01-05 10:57:29,943] {dagbag.py:507} INFO - Filling up the DagBag from /home/daniel/Documents/Alura/python_apache_airflow_pipeline/venv/lib/python3.9/site-packages/airflow/example_dags/example_branch_python_dop_operator_3.py
[2025-01-05 10:57:29,955] {processor.py:651} INFO - DAG(s) dict_keys(['example_branch_dop_operator_v3']) retrieved from /home/daniel/Documents/Alura/python_apache_airflow_pipeline/venv/lib/python3.9/site-packages/airflow/example_dags/example_branch_python_dop_operator_3.py
[2025-01-05 10:57:29,980] {logging_mixin.py:115} INFO - [2025-01-05 10:57:29,979] {dag.py:2379} INFO - Sync 1 DAGs
[2025-01-05 10:57:30,020] {logging_mixin.py:115} INFO - [2025-01-05 10:57:30,020] {dag.py:2927} INFO - Setting next_dagrun for example_branch_dop_operator_v3 to 2025-01-05T13:56:00+00:00, run_after=2025-01-05T13:57:00+00:00
[2025-01-05 10:57:30,039] {processor.py:161} INFO - Processing /home/daniel/Documents/Alura/python_apache_airflow_pipeline/venv/lib/python3.9/site-packages/airflow/example_dags/example_branch_python_dop_operator_3.py took 0.103 seconds
[2025-01-05 10:58:23,698] {processor.py:153} INFO - Started process (PID=4961) to work on /home/daniel/Documents/Alura/python_apache_airflow_pipeline/venv/lib/python3.9/site-packages/airflow/example_dags/example_branch_python_dop_operator_3.py
[2025-01-05 10:58:23,700] {processor.py:641} INFO - Processing file /home/daniel/Documents/Alura/python_apache_airflow_pipeline/venv/lib/python3.9/site-packages/airflow/example_dags/example_branch_python_dop_operator_3.py for tasks to queue
[2025-01-05 10:58:23,700] {logging_mixin.py:115} INFO - [2025-01-05 10:58:23,700] {dagbag.py:507} INFO - Filling up the DagBag from /home/daniel/Documents/Alura/python_apache_airflow_pipeline/venv/lib/python3.9/site-packages/airflow/example_dags/example_branch_python_dop_operator_3.py
[2025-01-05 10:58:23,719] {processor.py:651} INFO - DAG(s) dict_keys(['example_branch_dop_operator_v3']) retrieved from /home/daniel/Documents/Alura/python_apache_airflow_pipeline/venv/lib/python3.9/site-packages/airflow/example_dags/example_branch_python_dop_operator_3.py
[2025-01-05 10:58:23,764] {logging_mixin.py:115} INFO - [2025-01-05 10:58:23,764] {dag.py:2379} INFO - Sync 1 DAGs
[2025-01-05 10:58:23,823] {logging_mixin.py:115} INFO - [2025-01-05 10:58:23,823] {dag.py:2927} INFO - Setting next_dagrun for example_branch_dop_operator_v3 to 2025-01-05T13:57:00+00:00, run_after=2025-01-05T13:58:00+00:00
[2025-01-05 10:58:23,870] {processor.py:161} INFO - Processing /home/daniel/Documents/Alura/python_apache_airflow_pipeline/venv/lib/python3.9/site-packages/airflow/example_dags/example_branch_python_dop_operator_3.py took 0.182 seconds
