[2025-01-05 09:39:37,600] {processor.py:153} INFO - Started process (PID=5048) to work on /home/daniel/Documents/Alura/python_apache_airflow_pipeline/venv/lib/python3.9/site-packages/airflow/example_dags/example_branch_operator.py
[2025-01-05 09:39:37,605] {processor.py:641} INFO - Processing file /home/daniel/Documents/Alura/python_apache_airflow_pipeline/venv/lib/python3.9/site-packages/airflow/example_dags/example_branch_operator.py for tasks to queue
[2025-01-05 09:39:37,613] {logging_mixin.py:115} INFO - [2025-01-05 09:39:37,612] {dagbag.py:507} INFO - Filling up the DagBag from /home/daniel/Documents/Alura/python_apache_airflow_pipeline/venv/lib/python3.9/site-packages/airflow/example_dags/example_branch_operator.py
[2025-01-05 09:39:37,712] {processor.py:651} INFO - DAG(s) dict_keys(['example_branch_operator']) retrieved from /home/daniel/Documents/Alura/python_apache_airflow_pipeline/venv/lib/python3.9/site-packages/airflow/example_dags/example_branch_operator.py
[2025-01-05 09:39:37,825] {logging_mixin.py:115} INFO - [2025-01-05 09:39:37,825] {dag.py:2379} INFO - Sync 1 DAGs
[2025-01-05 09:39:38,037] {logging_mixin.py:115} INFO - [2025-01-05 09:39:38,029] {dag.py:2927} INFO - Setting next_dagrun for example_branch_operator to 2025-01-04T00:00:00+00:00, run_after=2025-01-05T00:00:00+00:00
[2025-01-05 09:39:38,125] {processor.py:161} INFO - Processing /home/daniel/Documents/Alura/python_apache_airflow_pipeline/venv/lib/python3.9/site-packages/airflow/example_dags/example_branch_operator.py took 0.584 seconds
[2025-01-05 09:41:24,349] {processor.py:153} INFO - Started process (PID=5750) to work on /home/daniel/Documents/Alura/python_apache_airflow_pipeline/venv/lib/python3.9/site-packages/airflow/example_dags/example_branch_operator.py
[2025-01-05 09:41:24,360] {processor.py:641} INFO - Processing file /home/daniel/Documents/Alura/python_apache_airflow_pipeline/venv/lib/python3.9/site-packages/airflow/example_dags/example_branch_operator.py for tasks to queue
[2025-01-05 09:41:24,365] {logging_mixin.py:115} INFO - [2025-01-05 09:41:24,365] {dagbag.py:507} INFO - Filling up the DagBag from /home/daniel/Documents/Alura/python_apache_airflow_pipeline/venv/lib/python3.9/site-packages/airflow/example_dags/example_branch_operator.py
[2025-01-05 09:41:24,493] {processor.py:651} INFO - DAG(s) dict_keys(['example_branch_operator']) retrieved from /home/daniel/Documents/Alura/python_apache_airflow_pipeline/venv/lib/python3.9/site-packages/airflow/example_dags/example_branch_operator.py
[2025-01-05 09:41:24,813] {logging_mixin.py:115} INFO - [2025-01-05 09:41:24,813] {dag.py:2379} INFO - Sync 1 DAGs
[2025-01-05 09:41:25,105] {logging_mixin.py:115} INFO - [2025-01-05 09:41:25,105] {dag.py:2927} INFO - Setting next_dagrun for example_branch_operator to 2025-01-04T00:00:00+00:00, run_after=2025-01-05T00:00:00+00:00
[2025-01-05 09:41:25,257] {processor.py:161} INFO - Processing /home/daniel/Documents/Alura/python_apache_airflow_pipeline/venv/lib/python3.9/site-packages/airflow/example_dags/example_branch_operator.py took 0.964 seconds
[2025-01-05 09:54:49,815] {processor.py:153} INFO - Started process (PID=3597) to work on /home/daniel/Documents/Alura/python_apache_airflow_pipeline/venv/lib/python3.9/site-packages/airflow/example_dags/example_branch_operator.py
[2025-01-05 09:54:49,818] {processor.py:641} INFO - Processing file /home/daniel/Documents/Alura/python_apache_airflow_pipeline/venv/lib/python3.9/site-packages/airflow/example_dags/example_branch_operator.py for tasks to queue
[2025-01-05 09:54:49,820] {logging_mixin.py:115} INFO - [2025-01-05 09:54:49,819] {dagbag.py:507} INFO - Filling up the DagBag from /home/daniel/Documents/Alura/python_apache_airflow_pipeline/venv/lib/python3.9/site-packages/airflow/example_dags/example_branch_operator.py
[2025-01-05 09:54:49,849] {processor.py:651} INFO - DAG(s) dict_keys(['example_branch_operator']) retrieved from /home/daniel/Documents/Alura/python_apache_airflow_pipeline/venv/lib/python3.9/site-packages/airflow/example_dags/example_branch_operator.py
[2025-01-05 09:54:49,902] {logging_mixin.py:115} INFO - [2025-01-05 09:54:49,901] {dag.py:2379} INFO - Sync 1 DAGs
[2025-01-05 09:54:49,958] {logging_mixin.py:115} INFO - [2025-01-05 09:54:49,957] {dag.py:2927} INFO - Setting next_dagrun for example_branch_operator to 2025-01-04T00:00:00+00:00, run_after=2025-01-05T00:00:00+00:00
[2025-01-05 09:54:49,988] {processor.py:161} INFO - Processing /home/daniel/Documents/Alura/python_apache_airflow_pipeline/venv/lib/python3.9/site-packages/airflow/example_dags/example_branch_operator.py took 0.179 seconds
[2025-01-05 09:55:31,990] {processor.py:153} INFO - Started process (PID=3987) to work on /home/daniel/Documents/Alura/python_apache_airflow_pipeline/venv/lib/python3.9/site-packages/airflow/example_dags/example_branch_operator.py
[2025-01-05 09:55:31,992] {processor.py:641} INFO - Processing file /home/daniel/Documents/Alura/python_apache_airflow_pipeline/venv/lib/python3.9/site-packages/airflow/example_dags/example_branch_operator.py for tasks to queue
[2025-01-05 09:55:31,994] {logging_mixin.py:115} INFO - [2025-01-05 09:55:31,994] {dagbag.py:507} INFO - Filling up the DagBag from /home/daniel/Documents/Alura/python_apache_airflow_pipeline/venv/lib/python3.9/site-packages/airflow/example_dags/example_branch_operator.py
[2025-01-05 09:55:32,014] {processor.py:651} INFO - DAG(s) dict_keys(['example_branch_operator']) retrieved from /home/daniel/Documents/Alura/python_apache_airflow_pipeline/venv/lib/python3.9/site-packages/airflow/example_dags/example_branch_operator.py
[2025-01-05 09:55:32,050] {logging_mixin.py:115} INFO - [2025-01-05 09:55:32,049] {dag.py:2379} INFO - Sync 1 DAGs
[2025-01-05 09:55:32,082] {logging_mixin.py:115} INFO - [2025-01-05 09:55:32,082] {dag.py:2927} INFO - Setting next_dagrun for example_branch_operator to 2025-01-04T00:00:00+00:00, run_after=2025-01-05T00:00:00+00:00
[2025-01-05 09:55:32,116] {processor.py:161} INFO - Processing /home/daniel/Documents/Alura/python_apache_airflow_pipeline/venv/lib/python3.9/site-packages/airflow/example_dags/example_branch_operator.py took 0.134 seconds
[2025-01-05 09:56:14,266] {processor.py:153} INFO - Started process (PID=4318) to work on /home/daniel/Documents/Alura/python_apache_airflow_pipeline/venv/lib/python3.9/site-packages/airflow/example_dags/example_branch_operator.py
[2025-01-05 09:56:14,268] {processor.py:641} INFO - Processing file /home/daniel/Documents/Alura/python_apache_airflow_pipeline/venv/lib/python3.9/site-packages/airflow/example_dags/example_branch_operator.py for tasks to queue
[2025-01-05 09:56:14,270] {logging_mixin.py:115} INFO - [2025-01-05 09:56:14,270] {dagbag.py:507} INFO - Filling up the DagBag from /home/daniel/Documents/Alura/python_apache_airflow_pipeline/venv/lib/python3.9/site-packages/airflow/example_dags/example_branch_operator.py
[2025-01-05 09:56:14,301] {processor.py:651} INFO - DAG(s) dict_keys(['example_branch_operator']) retrieved from /home/daniel/Documents/Alura/python_apache_airflow_pipeline/venv/lib/python3.9/site-packages/airflow/example_dags/example_branch_operator.py
[2025-01-05 09:56:14,331] {logging_mixin.py:115} INFO - [2025-01-05 09:56:14,331] {dag.py:2379} INFO - Sync 1 DAGs
[2025-01-05 09:56:14,369] {logging_mixin.py:115} INFO - [2025-01-05 09:56:14,368] {dag.py:2927} INFO - Setting next_dagrun for example_branch_operator to 2025-01-04T00:00:00+00:00, run_after=2025-01-05T00:00:00+00:00
[2025-01-05 09:56:14,399] {processor.py:161} INFO - Processing /home/daniel/Documents/Alura/python_apache_airflow_pipeline/venv/lib/python3.9/site-packages/airflow/example_dags/example_branch_operator.py took 0.144 seconds
[2025-01-05 09:56:57,806] {processor.py:153} INFO - Started process (PID=4772) to work on /home/daniel/Documents/Alura/python_apache_airflow_pipeline/venv/lib/python3.9/site-packages/airflow/example_dags/example_branch_operator.py
[2025-01-05 09:56:57,811] {processor.py:641} INFO - Processing file /home/daniel/Documents/Alura/python_apache_airflow_pipeline/venv/lib/python3.9/site-packages/airflow/example_dags/example_branch_operator.py for tasks to queue
[2025-01-05 09:56:57,813] {logging_mixin.py:115} INFO - [2025-01-05 09:56:57,812] {dagbag.py:507} INFO - Filling up the DagBag from /home/daniel/Documents/Alura/python_apache_airflow_pipeline/venv/lib/python3.9/site-packages/airflow/example_dags/example_branch_operator.py
[2025-01-05 09:56:57,846] {processor.py:651} INFO - DAG(s) dict_keys(['example_branch_operator']) retrieved from /home/daniel/Documents/Alura/python_apache_airflow_pipeline/venv/lib/python3.9/site-packages/airflow/example_dags/example_branch_operator.py
[2025-01-05 09:56:57,891] {logging_mixin.py:115} INFO - [2025-01-05 09:56:57,891] {dag.py:2379} INFO - Sync 1 DAGs
[2025-01-05 09:56:57,937] {logging_mixin.py:115} INFO - [2025-01-05 09:56:57,937] {dag.py:2927} INFO - Setting next_dagrun for example_branch_operator to 2025-01-04T00:00:00+00:00, run_after=2025-01-05T00:00:00+00:00
[2025-01-05 09:56:57,973] {processor.py:161} INFO - Processing /home/daniel/Documents/Alura/python_apache_airflow_pipeline/venv/lib/python3.9/site-packages/airflow/example_dags/example_branch_operator.py took 0.185 seconds
[2025-01-05 09:58:23,906] {processor.py:153} INFO - Started process (PID=5660) to work on /home/daniel/Documents/Alura/python_apache_airflow_pipeline/venv/lib/python3.9/site-packages/airflow/example_dags/example_branch_operator.py
[2025-01-05 09:58:23,909] {processor.py:641} INFO - Processing file /home/daniel/Documents/Alura/python_apache_airflow_pipeline/venv/lib/python3.9/site-packages/airflow/example_dags/example_branch_operator.py for tasks to queue
[2025-01-05 09:58:23,910] {logging_mixin.py:115} INFO - [2025-01-05 09:58:23,910] {dagbag.py:507} INFO - Filling up the DagBag from /home/daniel/Documents/Alura/python_apache_airflow_pipeline/venv/lib/python3.9/site-packages/airflow/example_dags/example_branch_operator.py
[2025-01-05 09:58:23,939] {processor.py:651} INFO - DAG(s) dict_keys(['example_branch_operator']) retrieved from /home/daniel/Documents/Alura/python_apache_airflow_pipeline/venv/lib/python3.9/site-packages/airflow/example_dags/example_branch_operator.py
[2025-01-05 09:58:23,975] {logging_mixin.py:115} INFO - [2025-01-05 09:58:23,975] {dag.py:2379} INFO - Sync 1 DAGs
[2025-01-05 09:58:24,011] {logging_mixin.py:115} INFO - [2025-01-05 09:58:24,010] {dag.py:2927} INFO - Setting next_dagrun for example_branch_operator to 2025-01-04T00:00:00+00:00, run_after=2025-01-05T00:00:00+00:00
[2025-01-05 09:58:24,041] {processor.py:161} INFO - Processing /home/daniel/Documents/Alura/python_apache_airflow_pipeline/venv/lib/python3.9/site-packages/airflow/example_dags/example_branch_operator.py took 0.143 seconds
[2025-01-05 09:59:44,438] {processor.py:153} INFO - Started process (PID=6496) to work on /home/daniel/Documents/Alura/python_apache_airflow_pipeline/venv/lib/python3.9/site-packages/airflow/example_dags/example_branch_operator.py
[2025-01-05 09:59:44,445] {processor.py:641} INFO - Processing file /home/daniel/Documents/Alura/python_apache_airflow_pipeline/venv/lib/python3.9/site-packages/airflow/example_dags/example_branch_operator.py for tasks to queue
[2025-01-05 09:59:44,447] {logging_mixin.py:115} INFO - [2025-01-05 09:59:44,447] {dagbag.py:507} INFO - Filling up the DagBag from /home/daniel/Documents/Alura/python_apache_airflow_pipeline/venv/lib/python3.9/site-packages/airflow/example_dags/example_branch_operator.py
[2025-01-05 09:59:44,474] {processor.py:651} INFO - DAG(s) dict_keys(['example_branch_operator']) retrieved from /home/daniel/Documents/Alura/python_apache_airflow_pipeline/venv/lib/python3.9/site-packages/airflow/example_dags/example_branch_operator.py
[2025-01-05 09:59:44,507] {logging_mixin.py:115} INFO - [2025-01-05 09:59:44,506] {dag.py:2379} INFO - Sync 1 DAGs
[2025-01-05 09:59:44,554] {logging_mixin.py:115} INFO - [2025-01-05 09:59:44,554] {dag.py:2927} INFO - Setting next_dagrun for example_branch_operator to 2025-01-04T00:00:00+00:00, run_after=2025-01-05T00:00:00+00:00
[2025-01-05 09:59:44,582] {processor.py:161} INFO - Processing /home/daniel/Documents/Alura/python_apache_airflow_pipeline/venv/lib/python3.9/site-packages/airflow/example_dags/example_branch_operator.py took 0.152 seconds
[2025-01-05 10:00:31,002] {processor.py:153} INFO - Started process (PID=6759) to work on /home/daniel/Documents/Alura/python_apache_airflow_pipeline/venv/lib/python3.9/site-packages/airflow/example_dags/example_branch_operator.py
[2025-01-05 10:00:31,006] {processor.py:641} INFO - Processing file /home/daniel/Documents/Alura/python_apache_airflow_pipeline/venv/lib/python3.9/site-packages/airflow/example_dags/example_branch_operator.py for tasks to queue
[2025-01-05 10:00:31,009] {logging_mixin.py:115} INFO - [2025-01-05 10:00:31,006] {dagbag.py:507} INFO - Filling up the DagBag from /home/daniel/Documents/Alura/python_apache_airflow_pipeline/venv/lib/python3.9/site-packages/airflow/example_dags/example_branch_operator.py
[2025-01-05 10:00:31,049] {processor.py:651} INFO - DAG(s) dict_keys(['example_branch_operator']) retrieved from /home/daniel/Documents/Alura/python_apache_airflow_pipeline/venv/lib/python3.9/site-packages/airflow/example_dags/example_branch_operator.py
[2025-01-05 10:00:31,087] {logging_mixin.py:115} INFO - [2025-01-05 10:00:31,086] {dag.py:2379} INFO - Sync 1 DAGs
[2025-01-05 10:00:31,167] {logging_mixin.py:115} INFO - [2025-01-05 10:00:31,167] {dag.py:2927} INFO - Setting next_dagrun for example_branch_operator to 2025-01-04T00:00:00+00:00, run_after=2025-01-05T00:00:00+00:00
[2025-01-05 10:00:31,201] {processor.py:161} INFO - Processing /home/daniel/Documents/Alura/python_apache_airflow_pipeline/venv/lib/python3.9/site-packages/airflow/example_dags/example_branch_operator.py took 0.206 seconds
[2025-01-05 10:03:10,865] {processor.py:153} INFO - Started process (PID=7918) to work on /home/daniel/Documents/Alura/python_apache_airflow_pipeline/venv/lib/python3.9/site-packages/airflow/example_dags/example_branch_operator.py
[2025-01-05 10:03:10,869] {processor.py:641} INFO - Processing file /home/daniel/Documents/Alura/python_apache_airflow_pipeline/venv/lib/python3.9/site-packages/airflow/example_dags/example_branch_operator.py for tasks to queue
[2025-01-05 10:03:10,870] {logging_mixin.py:115} INFO - [2025-01-05 10:03:10,870] {dagbag.py:507} INFO - Filling up the DagBag from /home/daniel/Documents/Alura/python_apache_airflow_pipeline/venv/lib/python3.9/site-packages/airflow/example_dags/example_branch_operator.py
[2025-01-05 10:03:10,901] {processor.py:651} INFO - DAG(s) dict_keys(['example_branch_operator']) retrieved from /home/daniel/Documents/Alura/python_apache_airflow_pipeline/venv/lib/python3.9/site-packages/airflow/example_dags/example_branch_operator.py
[2025-01-05 10:03:10,957] {logging_mixin.py:115} INFO - [2025-01-05 10:03:10,957] {dag.py:2379} INFO - Sync 1 DAGs
[2025-01-05 10:03:11,005] {logging_mixin.py:115} INFO - [2025-01-05 10:03:11,005] {dag.py:2927} INFO - Setting next_dagrun for example_branch_operator to 2025-01-04T00:00:00+00:00, run_after=2025-01-05T00:00:00+00:00
[2025-01-05 10:03:11,046] {processor.py:161} INFO - Processing /home/daniel/Documents/Alura/python_apache_airflow_pipeline/venv/lib/python3.9/site-packages/airflow/example_dags/example_branch_operator.py took 0.192 seconds
[2025-01-05 10:04:04,094] {processor.py:153} INFO - Started process (PID=8145) to work on /home/daniel/Documents/Alura/python_apache_airflow_pipeline/venv/lib/python3.9/site-packages/airflow/example_dags/example_branch_operator.py
[2025-01-05 10:04:04,101] {processor.py:641} INFO - Processing file /home/daniel/Documents/Alura/python_apache_airflow_pipeline/venv/lib/python3.9/site-packages/airflow/example_dags/example_branch_operator.py for tasks to queue
[2025-01-05 10:04:04,102] {logging_mixin.py:115} INFO - [2025-01-05 10:04:04,102] {dagbag.py:507} INFO - Filling up the DagBag from /home/daniel/Documents/Alura/python_apache_airflow_pipeline/venv/lib/python3.9/site-packages/airflow/example_dags/example_branch_operator.py
[2025-01-05 10:04:04,181] {processor.py:651} INFO - DAG(s) dict_keys(['example_branch_operator']) retrieved from /home/daniel/Documents/Alura/python_apache_airflow_pipeline/venv/lib/python3.9/site-packages/airflow/example_dags/example_branch_operator.py
[2025-01-05 10:04:04,278] {logging_mixin.py:115} INFO - [2025-01-05 10:04:04,278] {dag.py:2379} INFO - Sync 1 DAGs
[2025-01-05 10:04:04,366] {logging_mixin.py:115} INFO - [2025-01-05 10:04:04,366] {dag.py:2927} INFO - Setting next_dagrun for example_branch_operator to 2025-01-04T00:00:00+00:00, run_after=2025-01-05T00:00:00+00:00
[2025-01-05 10:04:04,446] {processor.py:161} INFO - Processing /home/daniel/Documents/Alura/python_apache_airflow_pipeline/venv/lib/python3.9/site-packages/airflow/example_dags/example_branch_operator.py took 0.364 seconds
[2025-01-05 10:05:00,513] {processor.py:153} INFO - Started process (PID=8241) to work on /home/daniel/Documents/Alura/python_apache_airflow_pipeline/venv/lib/python3.9/site-packages/airflow/example_dags/example_branch_operator.py
[2025-01-05 10:05:00,517] {processor.py:641} INFO - Processing file /home/daniel/Documents/Alura/python_apache_airflow_pipeline/venv/lib/python3.9/site-packages/airflow/example_dags/example_branch_operator.py for tasks to queue
[2025-01-05 10:05:00,518] {logging_mixin.py:115} INFO - [2025-01-05 10:05:00,518] {dagbag.py:507} INFO - Filling up the DagBag from /home/daniel/Documents/Alura/python_apache_airflow_pipeline/venv/lib/python3.9/site-packages/airflow/example_dags/example_branch_operator.py
[2025-01-05 10:05:00,593] {processor.py:651} INFO - DAG(s) dict_keys(['example_branch_operator']) retrieved from /home/daniel/Documents/Alura/python_apache_airflow_pipeline/venv/lib/python3.9/site-packages/airflow/example_dags/example_branch_operator.py
[2025-01-05 10:05:00,805] {logging_mixin.py:115} INFO - [2025-01-05 10:05:00,805] {dag.py:2379} INFO - Sync 1 DAGs
[2025-01-05 10:05:00,977] {logging_mixin.py:115} INFO - [2025-01-05 10:05:00,977] {dag.py:2927} INFO - Setting next_dagrun for example_branch_operator to 2025-01-04T00:00:00+00:00, run_after=2025-01-05T00:00:00+00:00
[2025-01-05 10:05:01,129] {processor.py:161} INFO - Processing /home/daniel/Documents/Alura/python_apache_airflow_pipeline/venv/lib/python3.9/site-packages/airflow/example_dags/example_branch_operator.py took 0.640 seconds
[2025-01-05 10:16:37,837] {processor.py:153} INFO - Started process (PID=9246) to work on /home/daniel/Documents/Alura/python_apache_airflow_pipeline/venv/lib/python3.9/site-packages/airflow/example_dags/example_branch_operator.py
[2025-01-05 10:16:37,841] {processor.py:641} INFO - Processing file /home/daniel/Documents/Alura/python_apache_airflow_pipeline/venv/lib/python3.9/site-packages/airflow/example_dags/example_branch_operator.py for tasks to queue
[2025-01-05 10:16:37,842] {logging_mixin.py:115} INFO - [2025-01-05 10:16:37,842] {dagbag.py:507} INFO - Filling up the DagBag from /home/daniel/Documents/Alura/python_apache_airflow_pipeline/venv/lib/python3.9/site-packages/airflow/example_dags/example_branch_operator.py
[2025-01-05 10:16:37,852] {processor.py:651} INFO - DAG(s) dict_keys(['example_branch_operator']) retrieved from /home/daniel/Documents/Alura/python_apache_airflow_pipeline/venv/lib/python3.9/site-packages/airflow/example_dags/example_branch_operator.py
[2025-01-05 10:16:37,865] {logging_mixin.py:115} INFO - [2025-01-05 10:16:37,865] {dag.py:2379} INFO - Sync 1 DAGs
[2025-01-05 10:16:37,879] {logging_mixin.py:115} INFO - [2025-01-05 10:16:37,879] {dag.py:2927} INFO - Setting next_dagrun for example_branch_operator to 2025-01-04T00:00:00+00:00, run_after=2025-01-05T00:00:00+00:00
[2025-01-05 10:16:37,891] {processor.py:161} INFO - Processing /home/daniel/Documents/Alura/python_apache_airflow_pipeline/venv/lib/python3.9/site-packages/airflow/example_dags/example_branch_operator.py took 0.057 seconds
[2025-01-05 10:17:14,325] {processor.py:153} INFO - Started process (PID=9605) to work on /home/daniel/Documents/Alura/python_apache_airflow_pipeline/venv/lib/python3.9/site-packages/airflow/example_dags/example_branch_operator.py
[2025-01-05 10:17:14,327] {processor.py:641} INFO - Processing file /home/daniel/Documents/Alura/python_apache_airflow_pipeline/venv/lib/python3.9/site-packages/airflow/example_dags/example_branch_operator.py for tasks to queue
[2025-01-05 10:17:14,328] {logging_mixin.py:115} INFO - [2025-01-05 10:17:14,328] {dagbag.py:507} INFO - Filling up the DagBag from /home/daniel/Documents/Alura/python_apache_airflow_pipeline/venv/lib/python3.9/site-packages/airflow/example_dags/example_branch_operator.py
[2025-01-05 10:17:14,340] {processor.py:651} INFO - DAG(s) dict_keys(['example_branch_operator']) retrieved from /home/daniel/Documents/Alura/python_apache_airflow_pipeline/venv/lib/python3.9/site-packages/airflow/example_dags/example_branch_operator.py
[2025-01-05 10:17:14,361] {logging_mixin.py:115} INFO - [2025-01-05 10:17:14,361] {dag.py:2379} INFO - Sync 1 DAGs
[2025-01-05 10:17:14,384] {logging_mixin.py:115} INFO - [2025-01-05 10:17:14,384] {dag.py:2927} INFO - Setting next_dagrun for example_branch_operator to 2025-01-04T00:00:00+00:00, run_after=2025-01-05T00:00:00+00:00
[2025-01-05 10:17:14,404] {processor.py:161} INFO - Processing /home/daniel/Documents/Alura/python_apache_airflow_pipeline/venv/lib/python3.9/site-packages/airflow/example_dags/example_branch_operator.py took 0.082 seconds
[2025-01-05 10:17:50,415] {processor.py:153} INFO - Started process (PID=9822) to work on /home/daniel/Documents/Alura/python_apache_airflow_pipeline/venv/lib/python3.9/site-packages/airflow/example_dags/example_branch_operator.py
[2025-01-05 10:17:50,416] {processor.py:641} INFO - Processing file /home/daniel/Documents/Alura/python_apache_airflow_pipeline/venv/lib/python3.9/site-packages/airflow/example_dags/example_branch_operator.py for tasks to queue
[2025-01-05 10:17:50,416] {logging_mixin.py:115} INFO - [2025-01-05 10:17:50,416] {dagbag.py:507} INFO - Filling up the DagBag from /home/daniel/Documents/Alura/python_apache_airflow_pipeline/venv/lib/python3.9/site-packages/airflow/example_dags/example_branch_operator.py
[2025-01-05 10:17:50,424] {processor.py:651} INFO - DAG(s) dict_keys(['example_branch_operator']) retrieved from /home/daniel/Documents/Alura/python_apache_airflow_pipeline/venv/lib/python3.9/site-packages/airflow/example_dags/example_branch_operator.py
[2025-01-05 10:17:50,438] {logging_mixin.py:115} INFO - [2025-01-05 10:17:50,438] {dag.py:2379} INFO - Sync 1 DAGs
[2025-01-05 10:17:50,452] {logging_mixin.py:115} INFO - [2025-01-05 10:17:50,452] {dag.py:2927} INFO - Setting next_dagrun for example_branch_operator to 2025-01-04T00:00:00+00:00, run_after=2025-01-05T00:00:00+00:00
[2025-01-05 10:17:50,466] {processor.py:161} INFO - Processing /home/daniel/Documents/Alura/python_apache_airflow_pipeline/venv/lib/python3.9/site-packages/airflow/example_dags/example_branch_operator.py took 0.054 seconds
[2025-01-05 10:18:27,995] {processor.py:153} INFO - Started process (PID=10035) to work on /home/daniel/Documents/Alura/python_apache_airflow_pipeline/venv/lib/python3.9/site-packages/airflow/example_dags/example_branch_operator.py
[2025-01-05 10:18:27,996] {processor.py:641} INFO - Processing file /home/daniel/Documents/Alura/python_apache_airflow_pipeline/venv/lib/python3.9/site-packages/airflow/example_dags/example_branch_operator.py for tasks to queue
[2025-01-05 10:18:27,997] {logging_mixin.py:115} INFO - [2025-01-05 10:18:27,997] {dagbag.py:507} INFO - Filling up the DagBag from /home/daniel/Documents/Alura/python_apache_airflow_pipeline/venv/lib/python3.9/site-packages/airflow/example_dags/example_branch_operator.py
[2025-01-05 10:18:28,007] {processor.py:651} INFO - DAG(s) dict_keys(['example_branch_operator']) retrieved from /home/daniel/Documents/Alura/python_apache_airflow_pipeline/venv/lib/python3.9/site-packages/airflow/example_dags/example_branch_operator.py
[2025-01-05 10:18:28,026] {logging_mixin.py:115} INFO - [2025-01-05 10:18:28,026] {dag.py:2379} INFO - Sync 1 DAGs
[2025-01-05 10:18:28,046] {logging_mixin.py:115} INFO - [2025-01-05 10:18:28,046] {dag.py:2927} INFO - Setting next_dagrun for example_branch_operator to 2025-01-04T00:00:00+00:00, run_after=2025-01-05T00:00:00+00:00
[2025-01-05 10:18:28,066] {processor.py:161} INFO - Processing /home/daniel/Documents/Alura/python_apache_airflow_pipeline/venv/lib/python3.9/site-packages/airflow/example_dags/example_branch_operator.py took 0.076 seconds
[2025-01-05 10:19:06,690] {processor.py:153} INFO - Started process (PID=10398) to work on /home/daniel/Documents/Alura/python_apache_airflow_pipeline/venv/lib/python3.9/site-packages/airflow/example_dags/example_branch_operator.py
[2025-01-05 10:19:06,692] {processor.py:641} INFO - Processing file /home/daniel/Documents/Alura/python_apache_airflow_pipeline/venv/lib/python3.9/site-packages/airflow/example_dags/example_branch_operator.py for tasks to queue
[2025-01-05 10:19:06,693] {logging_mixin.py:115} INFO - [2025-01-05 10:19:06,693] {dagbag.py:507} INFO - Filling up the DagBag from /home/daniel/Documents/Alura/python_apache_airflow_pipeline/venv/lib/python3.9/site-packages/airflow/example_dags/example_branch_operator.py
[2025-01-05 10:19:06,709] {processor.py:651} INFO - DAG(s) dict_keys(['example_branch_operator']) retrieved from /home/daniel/Documents/Alura/python_apache_airflow_pipeline/venv/lib/python3.9/site-packages/airflow/example_dags/example_branch_operator.py
[2025-01-05 10:19:06,738] {logging_mixin.py:115} INFO - [2025-01-05 10:19:06,738] {dag.py:2379} INFO - Sync 1 DAGs
[2025-01-05 10:19:06,768] {logging_mixin.py:115} INFO - [2025-01-05 10:19:06,768] {dag.py:2927} INFO - Setting next_dagrun for example_branch_operator to 2025-01-04T00:00:00+00:00, run_after=2025-01-05T00:00:00+00:00
[2025-01-05 10:19:06,794] {processor.py:161} INFO - Processing /home/daniel/Documents/Alura/python_apache_airflow_pipeline/venv/lib/python3.9/site-packages/airflow/example_dags/example_branch_operator.py took 0.110 seconds
[2025-01-05 10:19:46,046] {processor.py:153} INFO - Started process (PID=10615) to work on /home/daniel/Documents/Alura/python_apache_airflow_pipeline/venv/lib/python3.9/site-packages/airflow/example_dags/example_branch_operator.py
[2025-01-05 10:19:46,048] {processor.py:641} INFO - Processing file /home/daniel/Documents/Alura/python_apache_airflow_pipeline/venv/lib/python3.9/site-packages/airflow/example_dags/example_branch_operator.py for tasks to queue
[2025-01-05 10:19:46,049] {logging_mixin.py:115} INFO - [2025-01-05 10:19:46,049] {dagbag.py:507} INFO - Filling up the DagBag from /home/daniel/Documents/Alura/python_apache_airflow_pipeline/venv/lib/python3.9/site-packages/airflow/example_dags/example_branch_operator.py
[2025-01-05 10:19:46,062] {processor.py:651} INFO - DAG(s) dict_keys(['example_branch_operator']) retrieved from /home/daniel/Documents/Alura/python_apache_airflow_pipeline/venv/lib/python3.9/site-packages/airflow/example_dags/example_branch_operator.py
[2025-01-05 10:19:46,086] {logging_mixin.py:115} INFO - [2025-01-05 10:19:46,086] {dag.py:2379} INFO - Sync 1 DAGs
[2025-01-05 10:19:46,112] {logging_mixin.py:115} INFO - [2025-01-05 10:19:46,112] {dag.py:2927} INFO - Setting next_dagrun for example_branch_operator to 2025-01-04T00:00:00+00:00, run_after=2025-01-05T00:00:00+00:00
[2025-01-05 10:19:46,142] {processor.py:161} INFO - Processing /home/daniel/Documents/Alura/python_apache_airflow_pipeline/venv/lib/python3.9/site-packages/airflow/example_dags/example_branch_operator.py took 0.102 seconds
[2025-01-05 10:20:22,263] {processor.py:153} INFO - Started process (PID=10830) to work on /home/daniel/Documents/Alura/python_apache_airflow_pipeline/venv/lib/python3.9/site-packages/airflow/example_dags/example_branch_operator.py
[2025-01-05 10:20:22,266] {processor.py:641} INFO - Processing file /home/daniel/Documents/Alura/python_apache_airflow_pipeline/venv/lib/python3.9/site-packages/airflow/example_dags/example_branch_operator.py for tasks to queue
[2025-01-05 10:20:22,268] {logging_mixin.py:115} INFO - [2025-01-05 10:20:22,268] {dagbag.py:507} INFO - Filling up the DagBag from /home/daniel/Documents/Alura/python_apache_airflow_pipeline/venv/lib/python3.9/site-packages/airflow/example_dags/example_branch_operator.py
[2025-01-05 10:20:22,297] {processor.py:651} INFO - DAG(s) dict_keys(['example_branch_operator']) retrieved from /home/daniel/Documents/Alura/python_apache_airflow_pipeline/venv/lib/python3.9/site-packages/airflow/example_dags/example_branch_operator.py
[2025-01-05 10:20:22,347] {logging_mixin.py:115} INFO - [2025-01-05 10:20:22,347] {dag.py:2379} INFO - Sync 1 DAGs
[2025-01-05 10:20:22,403] {logging_mixin.py:115} INFO - [2025-01-05 10:20:22,403] {dag.py:2927} INFO - Setting next_dagrun for example_branch_operator to 2025-01-04T00:00:00+00:00, run_after=2025-01-05T00:00:00+00:00
[2025-01-05 10:20:22,440] {processor.py:161} INFO - Processing /home/daniel/Documents/Alura/python_apache_airflow_pipeline/venv/lib/python3.9/site-packages/airflow/example_dags/example_branch_operator.py took 0.185 seconds
[2025-01-05 10:21:13,825] {processor.py:153} INFO - Started process (PID=11365) to work on /home/daniel/Documents/Alura/python_apache_airflow_pipeline/venv/lib/python3.9/site-packages/airflow/example_dags/example_branch_operator.py
[2025-01-05 10:21:13,828] {processor.py:641} INFO - Processing file /home/daniel/Documents/Alura/python_apache_airflow_pipeline/venv/lib/python3.9/site-packages/airflow/example_dags/example_branch_operator.py for tasks to queue
[2025-01-05 10:21:13,828] {logging_mixin.py:115} INFO - [2025-01-05 10:21:13,828] {dagbag.py:507} INFO - Filling up the DagBag from /home/daniel/Documents/Alura/python_apache_airflow_pipeline/venv/lib/python3.9/site-packages/airflow/example_dags/example_branch_operator.py
[2025-01-05 10:21:13,847] {processor.py:651} INFO - DAG(s) dict_keys(['example_branch_operator']) retrieved from /home/daniel/Documents/Alura/python_apache_airflow_pipeline/venv/lib/python3.9/site-packages/airflow/example_dags/example_branch_operator.py
[2025-01-05 10:21:13,888] {logging_mixin.py:115} INFO - [2025-01-05 10:21:13,887] {dag.py:2379} INFO - Sync 1 DAGs
[2025-01-05 10:21:13,931] {logging_mixin.py:115} INFO - [2025-01-05 10:21:13,931] {dag.py:2927} INFO - Setting next_dagrun for example_branch_operator to 2025-01-04T00:00:00+00:00, run_after=2025-01-05T00:00:00+00:00
[2025-01-05 10:21:13,955] {processor.py:161} INFO - Processing /home/daniel/Documents/Alura/python_apache_airflow_pipeline/venv/lib/python3.9/site-packages/airflow/example_dags/example_branch_operator.py took 0.134 seconds
[2025-01-05 10:22:07,226] {processor.py:153} INFO - Started process (PID=12122) to work on /home/daniel/Documents/Alura/python_apache_airflow_pipeline/venv/lib/python3.9/site-packages/airflow/example_dags/example_branch_operator.py
[2025-01-05 10:22:07,228] {processor.py:641} INFO - Processing file /home/daniel/Documents/Alura/python_apache_airflow_pipeline/venv/lib/python3.9/site-packages/airflow/example_dags/example_branch_operator.py for tasks to queue
[2025-01-05 10:22:07,229] {logging_mixin.py:115} INFO - [2025-01-05 10:22:07,229] {dagbag.py:507} INFO - Filling up the DagBag from /home/daniel/Documents/Alura/python_apache_airflow_pipeline/venv/lib/python3.9/site-packages/airflow/example_dags/example_branch_operator.py
[2025-01-05 10:22:07,270] {processor.py:651} INFO - DAG(s) dict_keys(['example_branch_operator']) retrieved from /home/daniel/Documents/Alura/python_apache_airflow_pipeline/venv/lib/python3.9/site-packages/airflow/example_dags/example_branch_operator.py
[2025-01-05 10:22:07,331] {logging_mixin.py:115} INFO - [2025-01-05 10:22:07,330] {dag.py:2379} INFO - Sync 1 DAGs
[2025-01-05 10:22:07,374] {logging_mixin.py:115} INFO - [2025-01-05 10:22:07,374] {dag.py:2927} INFO - Setting next_dagrun for example_branch_operator to 2025-01-04T00:00:00+00:00, run_after=2025-01-05T00:00:00+00:00
[2025-01-05 10:22:07,408] {processor.py:161} INFO - Processing /home/daniel/Documents/Alura/python_apache_airflow_pipeline/venv/lib/python3.9/site-packages/airflow/example_dags/example_branch_operator.py took 0.191 seconds
[2025-01-05 10:22:50,783] {processor.py:153} INFO - Started process (PID=12612) to work on /home/daniel/Documents/Alura/python_apache_airflow_pipeline/venv/lib/python3.9/site-packages/airflow/example_dags/example_branch_operator.py
[2025-01-05 10:22:50,786] {processor.py:641} INFO - Processing file /home/daniel/Documents/Alura/python_apache_airflow_pipeline/venv/lib/python3.9/site-packages/airflow/example_dags/example_branch_operator.py for tasks to queue
[2025-01-05 10:22:50,787] {logging_mixin.py:115} INFO - [2025-01-05 10:22:50,787] {dagbag.py:507} INFO - Filling up the DagBag from /home/daniel/Documents/Alura/python_apache_airflow_pipeline/venv/lib/python3.9/site-packages/airflow/example_dags/example_branch_operator.py
[2025-01-05 10:22:50,803] {processor.py:651} INFO - DAG(s) dict_keys(['example_branch_operator']) retrieved from /home/daniel/Documents/Alura/python_apache_airflow_pipeline/venv/lib/python3.9/site-packages/airflow/example_dags/example_branch_operator.py
[2025-01-05 10:22:50,835] {logging_mixin.py:115} INFO - [2025-01-05 10:22:50,835] {dag.py:2379} INFO - Sync 1 DAGs
[2025-01-05 10:22:50,866] {logging_mixin.py:115} INFO - [2025-01-05 10:22:50,864] {dag.py:2927} INFO - Setting next_dagrun for example_branch_operator to 2025-01-04T00:00:00+00:00, run_after=2025-01-05T00:00:00+00:00
[2025-01-05 10:22:50,895] {processor.py:161} INFO - Processing /home/daniel/Documents/Alura/python_apache_airflow_pipeline/venv/lib/python3.9/site-packages/airflow/example_dags/example_branch_operator.py took 0.119 seconds
[2025-01-05 10:23:34,331] {processor.py:153} INFO - Started process (PID=12965) to work on /home/daniel/Documents/Alura/python_apache_airflow_pipeline/venv/lib/python3.9/site-packages/airflow/example_dags/example_branch_operator.py
[2025-01-05 10:23:34,335] {processor.py:641} INFO - Processing file /home/daniel/Documents/Alura/python_apache_airflow_pipeline/venv/lib/python3.9/site-packages/airflow/example_dags/example_branch_operator.py for tasks to queue
[2025-01-05 10:23:34,339] {logging_mixin.py:115} INFO - [2025-01-05 10:23:34,338] {dagbag.py:507} INFO - Filling up the DagBag from /home/daniel/Documents/Alura/python_apache_airflow_pipeline/venv/lib/python3.9/site-packages/airflow/example_dags/example_branch_operator.py
[2025-01-05 10:23:34,374] {processor.py:651} INFO - DAG(s) dict_keys(['example_branch_operator']) retrieved from /home/daniel/Documents/Alura/python_apache_airflow_pipeline/venv/lib/python3.9/site-packages/airflow/example_dags/example_branch_operator.py
[2025-01-05 10:23:34,414] {logging_mixin.py:115} INFO - [2025-01-05 10:23:34,414] {dag.py:2379} INFO - Sync 1 DAGs
[2025-01-05 10:23:34,466] {logging_mixin.py:115} INFO - [2025-01-05 10:23:34,464] {dag.py:2927} INFO - Setting next_dagrun for example_branch_operator to 2025-01-04T00:00:00+00:00, run_after=2025-01-05T00:00:00+00:00
[2025-01-05 10:23:34,499] {processor.py:161} INFO - Processing /home/daniel/Documents/Alura/python_apache_airflow_pipeline/venv/lib/python3.9/site-packages/airflow/example_dags/example_branch_operator.py took 0.184 seconds
[2025-01-05 10:24:14,563] {processor.py:153} INFO - Started process (PID=13237) to work on /home/daniel/Documents/Alura/python_apache_airflow_pipeline/venv/lib/python3.9/site-packages/airflow/example_dags/example_branch_operator.py
[2025-01-05 10:24:14,571] {processor.py:641} INFO - Processing file /home/daniel/Documents/Alura/python_apache_airflow_pipeline/venv/lib/python3.9/site-packages/airflow/example_dags/example_branch_operator.py for tasks to queue
[2025-01-05 10:24:14,572] {logging_mixin.py:115} INFO - [2025-01-05 10:24:14,572] {dagbag.py:507} INFO - Filling up the DagBag from /home/daniel/Documents/Alura/python_apache_airflow_pipeline/venv/lib/python3.9/site-packages/airflow/example_dags/example_branch_operator.py
[2025-01-05 10:24:14,598] {processor.py:651} INFO - DAG(s) dict_keys(['example_branch_operator']) retrieved from /home/daniel/Documents/Alura/python_apache_airflow_pipeline/venv/lib/python3.9/site-packages/airflow/example_dags/example_branch_operator.py
[2025-01-05 10:24:14,636] {logging_mixin.py:115} INFO - [2025-01-05 10:24:14,635] {dag.py:2379} INFO - Sync 1 DAGs
[2025-01-05 10:24:14,695] {logging_mixin.py:115} INFO - [2025-01-05 10:24:14,695] {dag.py:2927} INFO - Setting next_dagrun for example_branch_operator to 2025-01-04T00:00:00+00:00, run_after=2025-01-05T00:00:00+00:00
[2025-01-05 10:24:14,739] {processor.py:161} INFO - Processing /home/daniel/Documents/Alura/python_apache_airflow_pipeline/venv/lib/python3.9/site-packages/airflow/example_dags/example_branch_operator.py took 0.187 seconds
[2025-01-05 10:25:12,090] {processor.py:153} INFO - Started process (PID=13859) to work on /home/daniel/Documents/Alura/python_apache_airflow_pipeline/venv/lib/python3.9/site-packages/airflow/example_dags/example_branch_operator.py
[2025-01-05 10:25:12,095] {processor.py:641} INFO - Processing file /home/daniel/Documents/Alura/python_apache_airflow_pipeline/venv/lib/python3.9/site-packages/airflow/example_dags/example_branch_operator.py for tasks to queue
[2025-01-05 10:25:12,099] {logging_mixin.py:115} INFO - [2025-01-05 10:25:12,099] {dagbag.py:507} INFO - Filling up the DagBag from /home/daniel/Documents/Alura/python_apache_airflow_pipeline/venv/lib/python3.9/site-packages/airflow/example_dags/example_branch_operator.py
[2025-01-05 10:25:12,130] {processor.py:651} INFO - DAG(s) dict_keys(['example_branch_operator']) retrieved from /home/daniel/Documents/Alura/python_apache_airflow_pipeline/venv/lib/python3.9/site-packages/airflow/example_dags/example_branch_operator.py
[2025-01-05 10:25:12,183] {logging_mixin.py:115} INFO - [2025-01-05 10:25:12,182] {dag.py:2379} INFO - Sync 1 DAGs
[2025-01-05 10:25:12,243] {logging_mixin.py:115} INFO - [2025-01-05 10:25:12,243] {dag.py:2927} INFO - Setting next_dagrun for example_branch_operator to 2025-01-04T00:00:00+00:00, run_after=2025-01-05T00:00:00+00:00
[2025-01-05 10:25:12,279] {processor.py:161} INFO - Processing /home/daniel/Documents/Alura/python_apache_airflow_pipeline/venv/lib/python3.9/site-packages/airflow/example_dags/example_branch_operator.py took 0.200 seconds
[2025-01-05 10:25:59,231] {processor.py:153} INFO - Started process (PID=14003) to work on /home/daniel/Documents/Alura/python_apache_airflow_pipeline/venv/lib/python3.9/site-packages/airflow/example_dags/example_branch_operator.py
[2025-01-05 10:25:59,234] {processor.py:641} INFO - Processing file /home/daniel/Documents/Alura/python_apache_airflow_pipeline/venv/lib/python3.9/site-packages/airflow/example_dags/example_branch_operator.py for tasks to queue
[2025-01-05 10:25:59,238] {logging_mixin.py:115} INFO - [2025-01-05 10:25:59,238] {dagbag.py:507} INFO - Filling up the DagBag from /home/daniel/Documents/Alura/python_apache_airflow_pipeline/venv/lib/python3.9/site-packages/airflow/example_dags/example_branch_operator.py
[2025-01-05 10:25:59,270] {processor.py:651} INFO - DAG(s) dict_keys(['example_branch_operator']) retrieved from /home/daniel/Documents/Alura/python_apache_airflow_pipeline/venv/lib/python3.9/site-packages/airflow/example_dags/example_branch_operator.py
[2025-01-05 10:25:59,347] {logging_mixin.py:115} INFO - [2025-01-05 10:25:59,346] {dag.py:2379} INFO - Sync 1 DAGs
[2025-01-05 10:25:59,406] {logging_mixin.py:115} INFO - [2025-01-05 10:25:59,404] {dag.py:2927} INFO - Setting next_dagrun for example_branch_operator to 2025-01-04T00:00:00+00:00, run_after=2025-01-05T00:00:00+00:00
[2025-01-05 10:25:59,451] {processor.py:161} INFO - Processing /home/daniel/Documents/Alura/python_apache_airflow_pipeline/venv/lib/python3.9/site-packages/airflow/example_dags/example_branch_operator.py took 0.237 seconds
[2025-01-05 10:26:59,191] {processor.py:153} INFO - Started process (PID=14443) to work on /home/daniel/Documents/Alura/python_apache_airflow_pipeline/venv/lib/python3.9/site-packages/airflow/example_dags/example_branch_operator.py
[2025-01-05 10:26:59,202] {processor.py:641} INFO - Processing file /home/daniel/Documents/Alura/python_apache_airflow_pipeline/venv/lib/python3.9/site-packages/airflow/example_dags/example_branch_operator.py for tasks to queue
[2025-01-05 10:26:59,206] {logging_mixin.py:115} INFO - [2025-01-05 10:26:59,206] {dagbag.py:507} INFO - Filling up the DagBag from /home/daniel/Documents/Alura/python_apache_airflow_pipeline/venv/lib/python3.9/site-packages/airflow/example_dags/example_branch_operator.py
[2025-01-05 10:26:59,247] {processor.py:651} INFO - DAG(s) dict_keys(['example_branch_operator']) retrieved from /home/daniel/Documents/Alura/python_apache_airflow_pipeline/venv/lib/python3.9/site-packages/airflow/example_dags/example_branch_operator.py
[2025-01-05 10:26:59,322] {logging_mixin.py:115} INFO - [2025-01-05 10:26:59,322] {dag.py:2379} INFO - Sync 1 DAGs
[2025-01-05 10:26:59,410] {logging_mixin.py:115} INFO - [2025-01-05 10:26:59,410] {dag.py:2927} INFO - Setting next_dagrun for example_branch_operator to 2025-01-04T00:00:00+00:00, run_after=2025-01-05T00:00:00+00:00
[2025-01-05 10:26:59,466] {processor.py:161} INFO - Processing /home/daniel/Documents/Alura/python_apache_airflow_pipeline/venv/lib/python3.9/site-packages/airflow/example_dags/example_branch_operator.py took 0.300 seconds
[2025-01-05 10:27:57,566] {processor.py:153} INFO - Started process (PID=14811) to work on /home/daniel/Documents/Alura/python_apache_airflow_pipeline/venv/lib/python3.9/site-packages/airflow/example_dags/example_branch_operator.py
[2025-01-05 10:27:57,567] {processor.py:641} INFO - Processing file /home/daniel/Documents/Alura/python_apache_airflow_pipeline/venv/lib/python3.9/site-packages/airflow/example_dags/example_branch_operator.py for tasks to queue
[2025-01-05 10:27:57,570] {logging_mixin.py:115} INFO - [2025-01-05 10:27:57,570] {dagbag.py:507} INFO - Filling up the DagBag from /home/daniel/Documents/Alura/python_apache_airflow_pipeline/venv/lib/python3.9/site-packages/airflow/example_dags/example_branch_operator.py
[2025-01-05 10:27:57,595] {processor.py:651} INFO - DAG(s) dict_keys(['example_branch_operator']) retrieved from /home/daniel/Documents/Alura/python_apache_airflow_pipeline/venv/lib/python3.9/site-packages/airflow/example_dags/example_branch_operator.py
[2025-01-05 10:27:57,639] {logging_mixin.py:115} INFO - [2025-01-05 10:27:57,639] {dag.py:2379} INFO - Sync 1 DAGs
[2025-01-05 10:27:57,686] {logging_mixin.py:115} INFO - [2025-01-05 10:27:57,686] {dag.py:2927} INFO - Setting next_dagrun for example_branch_operator to 2025-01-04T00:00:00+00:00, run_after=2025-01-05T00:00:00+00:00
[2025-01-05 10:27:57,730] {processor.py:161} INFO - Processing /home/daniel/Documents/Alura/python_apache_airflow_pipeline/venv/lib/python3.9/site-packages/airflow/example_dags/example_branch_operator.py took 0.180 seconds
[2025-01-05 10:29:28,058] {processor.py:153} INFO - Started process (PID=15436) to work on /home/daniel/Documents/Alura/python_apache_airflow_pipeline/venv/lib/python3.9/site-packages/airflow/example_dags/example_branch_operator.py
[2025-01-05 10:29:28,086] {processor.py:641} INFO - Processing file /home/daniel/Documents/Alura/python_apache_airflow_pipeline/venv/lib/python3.9/site-packages/airflow/example_dags/example_branch_operator.py for tasks to queue
[2025-01-05 10:29:28,106] {logging_mixin.py:115} INFO - [2025-01-05 10:29:28,090] {dagbag.py:507} INFO - Filling up the DagBag from /home/daniel/Documents/Alura/python_apache_airflow_pipeline/venv/lib/python3.9/site-packages/airflow/example_dags/example_branch_operator.py
[2025-01-05 10:29:28,282] {processor.py:651} INFO - DAG(s) dict_keys(['example_branch_operator']) retrieved from /home/daniel/Documents/Alura/python_apache_airflow_pipeline/venv/lib/python3.9/site-packages/airflow/example_dags/example_branch_operator.py
[2025-01-05 10:29:28,518] {logging_mixin.py:115} INFO - [2025-01-05 10:29:28,518] {dag.py:2379} INFO - Sync 1 DAGs
[2025-01-05 10:29:28,722] {logging_mixin.py:115} INFO - [2025-01-05 10:29:28,722] {dag.py:2927} INFO - Setting next_dagrun for example_branch_operator to 2025-01-04T00:00:00+00:00, run_after=2025-01-05T00:00:00+00:00
[2025-01-05 10:29:28,874] {processor.py:161} INFO - Processing /home/daniel/Documents/Alura/python_apache_airflow_pipeline/venv/lib/python3.9/site-packages/airflow/example_dags/example_branch_operator.py took 0.884 seconds
[2025-01-05 10:31:59,318] {processor.py:153} INFO - Started process (PID=15959) to work on /home/daniel/Documents/Alura/python_apache_airflow_pipeline/venv/lib/python3.9/site-packages/airflow/example_dags/example_branch_operator.py
[2025-01-05 10:31:59,320] {processor.py:641} INFO - Processing file /home/daniel/Documents/Alura/python_apache_airflow_pipeline/venv/lib/python3.9/site-packages/airflow/example_dags/example_branch_operator.py for tasks to queue
[2025-01-05 10:31:59,321] {logging_mixin.py:115} INFO - [2025-01-05 10:31:59,320] {dagbag.py:507} INFO - Filling up the DagBag from /home/daniel/Documents/Alura/python_apache_airflow_pipeline/venv/lib/python3.9/site-packages/airflow/example_dags/example_branch_operator.py
[2025-01-05 10:31:59,329] {processor.py:651} INFO - DAG(s) dict_keys(['example_branch_operator']) retrieved from /home/daniel/Documents/Alura/python_apache_airflow_pipeline/venv/lib/python3.9/site-packages/airflow/example_dags/example_branch_operator.py
[2025-01-05 10:31:59,351] {logging_mixin.py:115} INFO - [2025-01-05 10:31:59,351] {dag.py:2379} INFO - Sync 1 DAGs
[2025-01-05 10:31:59,370] {logging_mixin.py:115} INFO - [2025-01-05 10:31:59,370] {dag.py:2927} INFO - Setting next_dagrun for example_branch_operator to 2025-01-04T00:00:00+00:00, run_after=2025-01-05T00:00:00+00:00
[2025-01-05 10:31:59,382] {processor.py:161} INFO - Processing /home/daniel/Documents/Alura/python_apache_airflow_pipeline/venv/lib/python3.9/site-packages/airflow/example_dags/example_branch_operator.py took 0.066 seconds
[2025-01-05 10:32:35,027] {processor.py:153} INFO - Started process (PID=16319) to work on /home/daniel/Documents/Alura/python_apache_airflow_pipeline/venv/lib/python3.9/site-packages/airflow/example_dags/example_branch_operator.py
[2025-01-05 10:32:35,029] {processor.py:641} INFO - Processing file /home/daniel/Documents/Alura/python_apache_airflow_pipeline/venv/lib/python3.9/site-packages/airflow/example_dags/example_branch_operator.py for tasks to queue
[2025-01-05 10:32:35,030] {logging_mixin.py:115} INFO - [2025-01-05 10:32:35,030] {dagbag.py:507} INFO - Filling up the DagBag from /home/daniel/Documents/Alura/python_apache_airflow_pipeline/venv/lib/python3.9/site-packages/airflow/example_dags/example_branch_operator.py
[2025-01-05 10:32:35,050] {processor.py:651} INFO - DAG(s) dict_keys(['example_branch_operator']) retrieved from /home/daniel/Documents/Alura/python_apache_airflow_pipeline/venv/lib/python3.9/site-packages/airflow/example_dags/example_branch_operator.py
[2025-01-05 10:32:35,081] {logging_mixin.py:115} INFO - [2025-01-05 10:32:35,081] {dag.py:2379} INFO - Sync 1 DAGs
[2025-01-05 10:32:35,103] {logging_mixin.py:115} INFO - [2025-01-05 10:32:35,102] {dag.py:2927} INFO - Setting next_dagrun for example_branch_operator to 2025-01-04T00:00:00+00:00, run_after=2025-01-05T00:00:00+00:00
[2025-01-05 10:32:35,121] {processor.py:161} INFO - Processing /home/daniel/Documents/Alura/python_apache_airflow_pipeline/venv/lib/python3.9/site-packages/airflow/example_dags/example_branch_operator.py took 0.100 seconds
[2025-01-05 10:33:17,639] {processor.py:153} INFO - Started process (PID=16743) to work on /home/daniel/Documents/Alura/python_apache_airflow_pipeline/venv/lib/python3.9/site-packages/airflow/example_dags/example_branch_operator.py
[2025-01-05 10:33:17,640] {processor.py:641} INFO - Processing file /home/daniel/Documents/Alura/python_apache_airflow_pipeline/venv/lib/python3.9/site-packages/airflow/example_dags/example_branch_operator.py for tasks to queue
[2025-01-05 10:33:17,640] {logging_mixin.py:115} INFO - [2025-01-05 10:33:17,640] {dagbag.py:507} INFO - Filling up the DagBag from /home/daniel/Documents/Alura/python_apache_airflow_pipeline/venv/lib/python3.9/site-packages/airflow/example_dags/example_branch_operator.py
[2025-01-05 10:33:17,649] {processor.py:651} INFO - DAG(s) dict_keys(['example_branch_operator']) retrieved from /home/daniel/Documents/Alura/python_apache_airflow_pipeline/venv/lib/python3.9/site-packages/airflow/example_dags/example_branch_operator.py
[2025-01-05 10:33:17,662] {logging_mixin.py:115} INFO - [2025-01-05 10:33:17,662] {dag.py:2379} INFO - Sync 1 DAGs
[2025-01-05 10:33:17,676] {logging_mixin.py:115} INFO - [2025-01-05 10:33:17,676] {dag.py:2927} INFO - Setting next_dagrun for example_branch_operator to 2025-01-04T00:00:00+00:00, run_after=2025-01-05T00:00:00+00:00
[2025-01-05 10:33:17,687] {processor.py:161} INFO - Processing /home/daniel/Documents/Alura/python_apache_airflow_pipeline/venv/lib/python3.9/site-packages/airflow/example_dags/example_branch_operator.py took 0.051 seconds
[2025-01-05 10:33:54,994] {processor.py:153} INFO - Started process (PID=16788) to work on /home/daniel/Documents/Alura/python_apache_airflow_pipeline/venv/lib/python3.9/site-packages/airflow/example_dags/example_branch_operator.py
[2025-01-05 10:33:54,995] {processor.py:641} INFO - Processing file /home/daniel/Documents/Alura/python_apache_airflow_pipeline/venv/lib/python3.9/site-packages/airflow/example_dags/example_branch_operator.py for tasks to queue
[2025-01-05 10:33:54,995] {logging_mixin.py:115} INFO - [2025-01-05 10:33:54,995] {dagbag.py:507} INFO - Filling up the DagBag from /home/daniel/Documents/Alura/python_apache_airflow_pipeline/venv/lib/python3.9/site-packages/airflow/example_dags/example_branch_operator.py
[2025-01-05 10:33:55,004] {processor.py:651} INFO - DAG(s) dict_keys(['example_branch_operator']) retrieved from /home/daniel/Documents/Alura/python_apache_airflow_pipeline/venv/lib/python3.9/site-packages/airflow/example_dags/example_branch_operator.py
[2025-01-05 10:33:55,018] {logging_mixin.py:115} INFO - [2025-01-05 10:33:55,018] {dag.py:2379} INFO - Sync 1 DAGs
[2025-01-05 10:33:55,034] {logging_mixin.py:115} INFO - [2025-01-05 10:33:55,034] {dag.py:2927} INFO - Setting next_dagrun for example_branch_operator to 2025-01-04T00:00:00+00:00, run_after=2025-01-05T00:00:00+00:00
[2025-01-05 10:33:55,045] {processor.py:161} INFO - Processing /home/daniel/Documents/Alura/python_apache_airflow_pipeline/venv/lib/python3.9/site-packages/airflow/example_dags/example_branch_operator.py took 0.054 seconds
[2025-01-05 10:34:31,279] {processor.py:153} INFO - Started process (PID=16825) to work on /home/daniel/Documents/Alura/python_apache_airflow_pipeline/venv/lib/python3.9/site-packages/airflow/example_dags/example_branch_operator.py
[2025-01-05 10:34:31,281] {processor.py:641} INFO - Processing file /home/daniel/Documents/Alura/python_apache_airflow_pipeline/venv/lib/python3.9/site-packages/airflow/example_dags/example_branch_operator.py for tasks to queue
[2025-01-05 10:34:31,281] {logging_mixin.py:115} INFO - [2025-01-05 10:34:31,281] {dagbag.py:507} INFO - Filling up the DagBag from /home/daniel/Documents/Alura/python_apache_airflow_pipeline/venv/lib/python3.9/site-packages/airflow/example_dags/example_branch_operator.py
[2025-01-05 10:34:31,290] {processor.py:651} INFO - DAG(s) dict_keys(['example_branch_operator']) retrieved from /home/daniel/Documents/Alura/python_apache_airflow_pipeline/venv/lib/python3.9/site-packages/airflow/example_dags/example_branch_operator.py
[2025-01-05 10:34:31,305] {logging_mixin.py:115} INFO - [2025-01-05 10:34:31,304] {dag.py:2379} INFO - Sync 1 DAGs
[2025-01-05 10:34:31,324] {logging_mixin.py:115} INFO - [2025-01-05 10:34:31,324] {dag.py:2927} INFO - Setting next_dagrun for example_branch_operator to 2025-01-04T00:00:00+00:00, run_after=2025-01-05T00:00:00+00:00
[2025-01-05 10:34:31,340] {processor.py:161} INFO - Processing /home/daniel/Documents/Alura/python_apache_airflow_pipeline/venv/lib/python3.9/site-packages/airflow/example_dags/example_branch_operator.py took 0.064 seconds
[2025-01-05 10:35:08,112] {processor.py:153} INFO - Started process (PID=16868) to work on /home/daniel/Documents/Alura/python_apache_airflow_pipeline/venv/lib/python3.9/site-packages/airflow/example_dags/example_branch_operator.py
[2025-01-05 10:35:08,113] {processor.py:641} INFO - Processing file /home/daniel/Documents/Alura/python_apache_airflow_pipeline/venv/lib/python3.9/site-packages/airflow/example_dags/example_branch_operator.py for tasks to queue
[2025-01-05 10:35:08,115] {logging_mixin.py:115} INFO - [2025-01-05 10:35:08,115] {dagbag.py:507} INFO - Filling up the DagBag from /home/daniel/Documents/Alura/python_apache_airflow_pipeline/venv/lib/python3.9/site-packages/airflow/example_dags/example_branch_operator.py
[2025-01-05 10:35:08,124] {processor.py:651} INFO - DAG(s) dict_keys(['example_branch_operator']) retrieved from /home/daniel/Documents/Alura/python_apache_airflow_pipeline/venv/lib/python3.9/site-packages/airflow/example_dags/example_branch_operator.py
[2025-01-05 10:35:08,139] {logging_mixin.py:115} INFO - [2025-01-05 10:35:08,139] {dag.py:2379} INFO - Sync 1 DAGs
[2025-01-05 10:35:08,153] {logging_mixin.py:115} INFO - [2025-01-05 10:35:08,153] {dag.py:2927} INFO - Setting next_dagrun for example_branch_operator to 2025-01-04T00:00:00+00:00, run_after=2025-01-05T00:00:00+00:00
[2025-01-05 10:35:08,166] {processor.py:161} INFO - Processing /home/daniel/Documents/Alura/python_apache_airflow_pipeline/venv/lib/python3.9/site-packages/airflow/example_dags/example_branch_operator.py took 0.057 seconds
[2025-01-05 10:35:44,851] {processor.py:153} INFO - Started process (PID=17016) to work on /home/daniel/Documents/Alura/python_apache_airflow_pipeline/venv/lib/python3.9/site-packages/airflow/example_dags/example_branch_operator.py
[2025-01-05 10:35:44,852] {processor.py:641} INFO - Processing file /home/daniel/Documents/Alura/python_apache_airflow_pipeline/venv/lib/python3.9/site-packages/airflow/example_dags/example_branch_operator.py for tasks to queue
[2025-01-05 10:35:44,852] {logging_mixin.py:115} INFO - [2025-01-05 10:35:44,852] {dagbag.py:507} INFO - Filling up the DagBag from /home/daniel/Documents/Alura/python_apache_airflow_pipeline/venv/lib/python3.9/site-packages/airflow/example_dags/example_branch_operator.py
[2025-01-05 10:35:44,863] {processor.py:651} INFO - DAG(s) dict_keys(['example_branch_operator']) retrieved from /home/daniel/Documents/Alura/python_apache_airflow_pipeline/venv/lib/python3.9/site-packages/airflow/example_dags/example_branch_operator.py
[2025-01-05 10:35:44,878] {logging_mixin.py:115} INFO - [2025-01-05 10:35:44,878] {dag.py:2379} INFO - Sync 1 DAGs
[2025-01-05 10:35:44,896] {logging_mixin.py:115} INFO - [2025-01-05 10:35:44,896] {dag.py:2927} INFO - Setting next_dagrun for example_branch_operator to 2025-01-04T00:00:00+00:00, run_after=2025-01-05T00:00:00+00:00
[2025-01-05 10:35:44,909] {processor.py:161} INFO - Processing /home/daniel/Documents/Alura/python_apache_airflow_pipeline/venv/lib/python3.9/site-packages/airflow/example_dags/example_branch_operator.py took 0.062 seconds
[2025-01-05 10:36:25,492] {processor.py:153} INFO - Started process (PID=17056) to work on /home/daniel/Documents/Alura/python_apache_airflow_pipeline/venv/lib/python3.9/site-packages/airflow/example_dags/example_branch_operator.py
[2025-01-05 10:36:25,493] {processor.py:641} INFO - Processing file /home/daniel/Documents/Alura/python_apache_airflow_pipeline/venv/lib/python3.9/site-packages/airflow/example_dags/example_branch_operator.py for tasks to queue
[2025-01-05 10:36:25,493] {logging_mixin.py:115} INFO - [2025-01-05 10:36:25,493] {dagbag.py:507} INFO - Filling up the DagBag from /home/daniel/Documents/Alura/python_apache_airflow_pipeline/venv/lib/python3.9/site-packages/airflow/example_dags/example_branch_operator.py
[2025-01-05 10:36:25,504] {processor.py:651} INFO - DAG(s) dict_keys(['example_branch_operator']) retrieved from /home/daniel/Documents/Alura/python_apache_airflow_pipeline/venv/lib/python3.9/site-packages/airflow/example_dags/example_branch_operator.py
[2025-01-05 10:36:25,524] {logging_mixin.py:115} INFO - [2025-01-05 10:36:25,524] {dag.py:2379} INFO - Sync 1 DAGs
[2025-01-05 10:36:25,548] {logging_mixin.py:115} INFO - [2025-01-05 10:36:25,548] {dag.py:2927} INFO - Setting next_dagrun for example_branch_operator to 2025-01-04T00:00:00+00:00, run_after=2025-01-05T00:00:00+00:00
[2025-01-05 10:36:25,567] {processor.py:161} INFO - Processing /home/daniel/Documents/Alura/python_apache_airflow_pipeline/venv/lib/python3.9/site-packages/airflow/example_dags/example_branch_operator.py took 0.079 seconds
[2025-01-05 10:37:02,175] {processor.py:153} INFO - Started process (PID=17105) to work on /home/daniel/Documents/Alura/python_apache_airflow_pipeline/venv/lib/python3.9/site-packages/airflow/example_dags/example_branch_operator.py
[2025-01-05 10:37:02,176] {processor.py:641} INFO - Processing file /home/daniel/Documents/Alura/python_apache_airflow_pipeline/venv/lib/python3.9/site-packages/airflow/example_dags/example_branch_operator.py for tasks to queue
[2025-01-05 10:37:02,176] {logging_mixin.py:115} INFO - [2025-01-05 10:37:02,176] {dagbag.py:507} INFO - Filling up the DagBag from /home/daniel/Documents/Alura/python_apache_airflow_pipeline/venv/lib/python3.9/site-packages/airflow/example_dags/example_branch_operator.py
[2025-01-05 10:37:02,188] {processor.py:651} INFO - DAG(s) dict_keys(['example_branch_operator']) retrieved from /home/daniel/Documents/Alura/python_apache_airflow_pipeline/venv/lib/python3.9/site-packages/airflow/example_dags/example_branch_operator.py
[2025-01-05 10:37:02,205] {logging_mixin.py:115} INFO - [2025-01-05 10:37:02,205] {dag.py:2379} INFO - Sync 1 DAGs
[2025-01-05 10:37:02,221] {logging_mixin.py:115} INFO - [2025-01-05 10:37:02,221] {dag.py:2927} INFO - Setting next_dagrun for example_branch_operator to 2025-01-04T00:00:00+00:00, run_after=2025-01-05T00:00:00+00:00
[2025-01-05 10:37:02,236] {processor.py:161} INFO - Processing /home/daniel/Documents/Alura/python_apache_airflow_pipeline/venv/lib/python3.9/site-packages/airflow/example_dags/example_branch_operator.py took 0.065 seconds
[2025-01-05 10:37:38,547] {processor.py:153} INFO - Started process (PID=17201) to work on /home/daniel/Documents/Alura/python_apache_airflow_pipeline/venv/lib/python3.9/site-packages/airflow/example_dags/example_branch_operator.py
[2025-01-05 10:37:38,548] {processor.py:641} INFO - Processing file /home/daniel/Documents/Alura/python_apache_airflow_pipeline/venv/lib/python3.9/site-packages/airflow/example_dags/example_branch_operator.py for tasks to queue
[2025-01-05 10:37:38,548] {logging_mixin.py:115} INFO - [2025-01-05 10:37:38,548] {dagbag.py:507} INFO - Filling up the DagBag from /home/daniel/Documents/Alura/python_apache_airflow_pipeline/venv/lib/python3.9/site-packages/airflow/example_dags/example_branch_operator.py
[2025-01-05 10:37:38,560] {processor.py:651} INFO - DAG(s) dict_keys(['example_branch_operator']) retrieved from /home/daniel/Documents/Alura/python_apache_airflow_pipeline/venv/lib/python3.9/site-packages/airflow/example_dags/example_branch_operator.py
[2025-01-05 10:37:38,579] {logging_mixin.py:115} INFO - [2025-01-05 10:37:38,579] {dag.py:2379} INFO - Sync 1 DAGs
[2025-01-05 10:37:38,598] {logging_mixin.py:115} INFO - [2025-01-05 10:37:38,597] {dag.py:2927} INFO - Setting next_dagrun for example_branch_operator to 2025-01-04T00:00:00+00:00, run_after=2025-01-05T00:00:00+00:00
[2025-01-05 10:37:38,616] {processor.py:161} INFO - Processing /home/daniel/Documents/Alura/python_apache_airflow_pipeline/venv/lib/python3.9/site-packages/airflow/example_dags/example_branch_operator.py took 0.073 seconds
[2025-01-05 10:38:27,544] {processor.py:153} INFO - Started process (PID=17522) to work on /home/daniel/Documents/Alura/python_apache_airflow_pipeline/venv/lib/python3.9/site-packages/airflow/example_dags/example_branch_operator.py
[2025-01-05 10:38:27,547] {processor.py:641} INFO - Processing file /home/daniel/Documents/Alura/python_apache_airflow_pipeline/venv/lib/python3.9/site-packages/airflow/example_dags/example_branch_operator.py for tasks to queue
[2025-01-05 10:38:27,547] {logging_mixin.py:115} INFO - [2025-01-05 10:38:27,547] {dagbag.py:507} INFO - Filling up the DagBag from /home/daniel/Documents/Alura/python_apache_airflow_pipeline/venv/lib/python3.9/site-packages/airflow/example_dags/example_branch_operator.py
[2025-01-05 10:38:27,571] {processor.py:651} INFO - DAG(s) dict_keys(['example_branch_operator']) retrieved from /home/daniel/Documents/Alura/python_apache_airflow_pipeline/venv/lib/python3.9/site-packages/airflow/example_dags/example_branch_operator.py
[2025-01-05 10:38:27,611] {logging_mixin.py:115} INFO - [2025-01-05 10:38:27,609] {dag.py:2379} INFO - Sync 1 DAGs
[2025-01-05 10:38:27,663] {logging_mixin.py:115} INFO - [2025-01-05 10:38:27,663] {dag.py:2927} INFO - Setting next_dagrun for example_branch_operator to 2025-01-04T00:00:00+00:00, run_after=2025-01-05T00:00:00+00:00
[2025-01-05 10:38:27,704] {processor.py:161} INFO - Processing /home/daniel/Documents/Alura/python_apache_airflow_pipeline/venv/lib/python3.9/site-packages/airflow/example_dags/example_branch_operator.py took 0.172 seconds
[2025-01-05 10:39:11,325] {processor.py:153} INFO - Started process (PID=17564) to work on /home/daniel/Documents/Alura/python_apache_airflow_pipeline/venv/lib/python3.9/site-packages/airflow/example_dags/example_branch_operator.py
[2025-01-05 10:39:11,328] {processor.py:641} INFO - Processing file /home/daniel/Documents/Alura/python_apache_airflow_pipeline/venv/lib/python3.9/site-packages/airflow/example_dags/example_branch_operator.py for tasks to queue
[2025-01-05 10:39:11,331] {logging_mixin.py:115} INFO - [2025-01-05 10:39:11,331] {dagbag.py:507} INFO - Filling up the DagBag from /home/daniel/Documents/Alura/python_apache_airflow_pipeline/venv/lib/python3.9/site-packages/airflow/example_dags/example_branch_operator.py
[2025-01-05 10:39:11,356] {processor.py:651} INFO - DAG(s) dict_keys(['example_branch_operator']) retrieved from /home/daniel/Documents/Alura/python_apache_airflow_pipeline/venv/lib/python3.9/site-packages/airflow/example_dags/example_branch_operator.py
[2025-01-05 10:39:11,427] {logging_mixin.py:115} INFO - [2025-01-05 10:39:11,425] {dag.py:2379} INFO - Sync 1 DAGs
[2025-01-05 10:39:11,500] {logging_mixin.py:115} INFO - [2025-01-05 10:39:11,499] {dag.py:2927} INFO - Setting next_dagrun for example_branch_operator to 2025-01-04T00:00:00+00:00, run_after=2025-01-05T00:00:00+00:00
[2025-01-05 10:39:11,537] {processor.py:161} INFO - Processing /home/daniel/Documents/Alura/python_apache_airflow_pipeline/venv/lib/python3.9/site-packages/airflow/example_dags/example_branch_operator.py took 0.225 seconds
[2025-01-05 10:40:00,277] {processor.py:153} INFO - Started process (PID=17790) to work on /home/daniel/Documents/Alura/python_apache_airflow_pipeline/venv/lib/python3.9/site-packages/airflow/example_dags/example_branch_operator.py
[2025-01-05 10:40:00,284] {processor.py:641} INFO - Processing file /home/daniel/Documents/Alura/python_apache_airflow_pipeline/venv/lib/python3.9/site-packages/airflow/example_dags/example_branch_operator.py for tasks to queue
[2025-01-05 10:40:00,287] {logging_mixin.py:115} INFO - [2025-01-05 10:40:00,287] {dagbag.py:507} INFO - Filling up the DagBag from /home/daniel/Documents/Alura/python_apache_airflow_pipeline/venv/lib/python3.9/site-packages/airflow/example_dags/example_branch_operator.py
[2025-01-05 10:40:00,315] {processor.py:651} INFO - DAG(s) dict_keys(['example_branch_operator']) retrieved from /home/daniel/Documents/Alura/python_apache_airflow_pipeline/venv/lib/python3.9/site-packages/airflow/example_dags/example_branch_operator.py
[2025-01-05 10:40:00,375] {logging_mixin.py:115} INFO - [2025-01-05 10:40:00,375] {dag.py:2379} INFO - Sync 1 DAGs
[2025-01-05 10:40:00,429] {logging_mixin.py:115} INFO - [2025-01-05 10:40:00,429] {dag.py:2927} INFO - Setting next_dagrun for example_branch_operator to 2025-01-04T00:00:00+00:00, run_after=2025-01-05T00:00:00+00:00
[2025-01-05 10:40:00,475] {processor.py:161} INFO - Processing /home/daniel/Documents/Alura/python_apache_airflow_pipeline/venv/lib/python3.9/site-packages/airflow/example_dags/example_branch_operator.py took 0.207 seconds
[2025-01-05 10:40:47,299] {processor.py:153} INFO - Started process (PID=18148) to work on /home/daniel/Documents/Alura/python_apache_airflow_pipeline/venv/lib/python3.9/site-packages/airflow/example_dags/example_branch_operator.py
[2025-01-05 10:40:47,307] {processor.py:641} INFO - Processing file /home/daniel/Documents/Alura/python_apache_airflow_pipeline/venv/lib/python3.9/site-packages/airflow/example_dags/example_branch_operator.py for tasks to queue
[2025-01-05 10:40:47,311] {logging_mixin.py:115} INFO - [2025-01-05 10:40:47,308] {dagbag.py:507} INFO - Filling up the DagBag from /home/daniel/Documents/Alura/python_apache_airflow_pipeline/venv/lib/python3.9/site-packages/airflow/example_dags/example_branch_operator.py
[2025-01-05 10:40:47,340] {processor.py:651} INFO - DAG(s) dict_keys(['example_branch_operator']) retrieved from /home/daniel/Documents/Alura/python_apache_airflow_pipeline/venv/lib/python3.9/site-packages/airflow/example_dags/example_branch_operator.py
[2025-01-05 10:40:47,376] {logging_mixin.py:115} INFO - [2025-01-05 10:40:47,376] {dag.py:2379} INFO - Sync 1 DAGs
[2025-01-05 10:40:47,423] {logging_mixin.py:115} INFO - [2025-01-05 10:40:47,423] {dag.py:2927} INFO - Setting next_dagrun for example_branch_operator to 2025-01-04T00:00:00+00:00, run_after=2025-01-05T00:00:00+00:00
[2025-01-05 10:40:47,471] {processor.py:161} INFO - Processing /home/daniel/Documents/Alura/python_apache_airflow_pipeline/venv/lib/python3.9/site-packages/airflow/example_dags/example_branch_operator.py took 0.180 seconds
[2025-01-05 10:45:33,840] {processor.py:153} INFO - Started process (PID=18647) to work on /home/daniel/Documents/Alura/python_apache_airflow_pipeline/venv/lib/python3.9/site-packages/airflow/example_dags/example_branch_operator.py
[2025-01-05 10:45:33,841] {processor.py:641} INFO - Processing file /home/daniel/Documents/Alura/python_apache_airflow_pipeline/venv/lib/python3.9/site-packages/airflow/example_dags/example_branch_operator.py for tasks to queue
[2025-01-05 10:45:33,842] {logging_mixin.py:115} INFO - [2025-01-05 10:45:33,842] {dagbag.py:507} INFO - Filling up the DagBag from /home/daniel/Documents/Alura/python_apache_airflow_pipeline/venv/lib/python3.9/site-packages/airflow/example_dags/example_branch_operator.py
[2025-01-05 10:45:33,851] {processor.py:651} INFO - DAG(s) dict_keys(['example_branch_operator']) retrieved from /home/daniel/Documents/Alura/python_apache_airflow_pipeline/venv/lib/python3.9/site-packages/airflow/example_dags/example_branch_operator.py
[2025-01-05 10:45:33,887] {logging_mixin.py:115} INFO - [2025-01-05 10:45:33,887] {dag.py:2379} INFO - Sync 1 DAGs
[2025-01-05 10:45:33,948] {logging_mixin.py:115} INFO - [2025-01-05 10:45:33,948] {dag.py:2927} INFO - Setting next_dagrun for example_branch_operator to 2025-01-04T00:00:00+00:00, run_after=2025-01-05T00:00:00+00:00
[2025-01-05 10:45:33,976] {processor.py:161} INFO - Processing /home/daniel/Documents/Alura/python_apache_airflow_pipeline/venv/lib/python3.9/site-packages/airflow/example_dags/example_branch_operator.py took 0.140 seconds
[2025-01-05 10:46:12,814] {processor.py:153} INFO - Started process (PID=18812) to work on /home/daniel/Documents/Alura/python_apache_airflow_pipeline/venv/lib/python3.9/site-packages/airflow/example_dags/example_branch_operator.py
[2025-01-05 10:46:12,816] {processor.py:641} INFO - Processing file /home/daniel/Documents/Alura/python_apache_airflow_pipeline/venv/lib/python3.9/site-packages/airflow/example_dags/example_branch_operator.py for tasks to queue
[2025-01-05 10:46:12,817] {logging_mixin.py:115} INFO - [2025-01-05 10:46:12,817] {dagbag.py:507} INFO - Filling up the DagBag from /home/daniel/Documents/Alura/python_apache_airflow_pipeline/venv/lib/python3.9/site-packages/airflow/example_dags/example_branch_operator.py
[2025-01-05 10:46:12,829] {processor.py:651} INFO - DAG(s) dict_keys(['example_branch_operator']) retrieved from /home/daniel/Documents/Alura/python_apache_airflow_pipeline/venv/lib/python3.9/site-packages/airflow/example_dags/example_branch_operator.py
[2025-01-05 10:46:12,848] {logging_mixin.py:115} INFO - [2025-01-05 10:46:12,848] {dag.py:2379} INFO - Sync 1 DAGs
[2025-01-05 10:46:12,869] {logging_mixin.py:115} INFO - [2025-01-05 10:46:12,869] {dag.py:2927} INFO - Setting next_dagrun for example_branch_operator to 2025-01-04T00:00:00+00:00, run_after=2025-01-05T00:00:00+00:00
[2025-01-05 10:46:12,887] {processor.py:161} INFO - Processing /home/daniel/Documents/Alura/python_apache_airflow_pipeline/venv/lib/python3.9/site-packages/airflow/example_dags/example_branch_operator.py took 0.076 seconds
[2025-01-05 10:46:50,828] {processor.py:153} INFO - Started process (PID=19025) to work on /home/daniel/Documents/Alura/python_apache_airflow_pipeline/venv/lib/python3.9/site-packages/airflow/example_dags/example_branch_operator.py
[2025-01-05 10:46:50,833] {processor.py:641} INFO - Processing file /home/daniel/Documents/Alura/python_apache_airflow_pipeline/venv/lib/python3.9/site-packages/airflow/example_dags/example_branch_operator.py for tasks to queue
[2025-01-05 10:46:50,834] {logging_mixin.py:115} INFO - [2025-01-05 10:46:50,834] {dagbag.py:507} INFO - Filling up the DagBag from /home/daniel/Documents/Alura/python_apache_airflow_pipeline/venv/lib/python3.9/site-packages/airflow/example_dags/example_branch_operator.py
[2025-01-05 10:46:50,860] {processor.py:651} INFO - DAG(s) dict_keys(['example_branch_operator']) retrieved from /home/daniel/Documents/Alura/python_apache_airflow_pipeline/venv/lib/python3.9/site-packages/airflow/example_dags/example_branch_operator.py
[2025-01-05 10:46:50,894] {logging_mixin.py:115} INFO - [2025-01-05 10:46:50,894] {dag.py:2379} INFO - Sync 1 DAGs
[2025-01-05 10:46:50,967] {logging_mixin.py:115} INFO - [2025-01-05 10:46:50,967] {dag.py:2927} INFO - Setting next_dagrun for example_branch_operator to 2025-01-04T00:00:00+00:00, run_after=2025-01-05T00:00:00+00:00
[2025-01-05 10:46:51,010] {processor.py:161} INFO - Processing /home/daniel/Documents/Alura/python_apache_airflow_pipeline/venv/lib/python3.9/site-packages/airflow/example_dags/example_branch_operator.py took 0.186 seconds
[2025-01-05 10:47:30,601] {processor.py:153} INFO - Started process (PID=19299) to work on /home/daniel/Documents/Alura/python_apache_airflow_pipeline/venv/lib/python3.9/site-packages/airflow/example_dags/example_branch_operator.py
[2025-01-05 10:47:30,603] {processor.py:641} INFO - Processing file /home/daniel/Documents/Alura/python_apache_airflow_pipeline/venv/lib/python3.9/site-packages/airflow/example_dags/example_branch_operator.py for tasks to queue
[2025-01-05 10:47:30,604] {logging_mixin.py:115} INFO - [2025-01-05 10:47:30,604] {dagbag.py:507} INFO - Filling up the DagBag from /home/daniel/Documents/Alura/python_apache_airflow_pipeline/venv/lib/python3.9/site-packages/airflow/example_dags/example_branch_operator.py
[2025-01-05 10:47:30,617] {processor.py:651} INFO - DAG(s) dict_keys(['example_branch_operator']) retrieved from /home/daniel/Documents/Alura/python_apache_airflow_pipeline/venv/lib/python3.9/site-packages/airflow/example_dags/example_branch_operator.py
[2025-01-05 10:47:30,644] {logging_mixin.py:115} INFO - [2025-01-05 10:47:30,644] {dag.py:2379} INFO - Sync 1 DAGs
[2025-01-05 10:47:30,675] {logging_mixin.py:115} INFO - [2025-01-05 10:47:30,674] {dag.py:2927} INFO - Setting next_dagrun for example_branch_operator to 2025-01-04T00:00:00+00:00, run_after=2025-01-05T00:00:00+00:00
[2025-01-05 10:47:30,702] {processor.py:161} INFO - Processing /home/daniel/Documents/Alura/python_apache_airflow_pipeline/venv/lib/python3.9/site-packages/airflow/example_dags/example_branch_operator.py took 0.107 seconds
[2025-01-05 10:52:39,572] {processor.py:153} INFO - Started process (PID=3876) to work on /home/daniel/Documents/Alura/python_apache_airflow_pipeline/venv/lib/python3.9/site-packages/airflow/example_dags/example_branch_operator.py
[2025-01-05 10:52:39,578] {processor.py:641} INFO - Processing file /home/daniel/Documents/Alura/python_apache_airflow_pipeline/venv/lib/python3.9/site-packages/airflow/example_dags/example_branch_operator.py for tasks to queue
[2025-01-05 10:52:39,578] {logging_mixin.py:115} INFO - [2025-01-05 10:52:39,578] {dagbag.py:507} INFO - Filling up the DagBag from /home/daniel/Documents/Alura/python_apache_airflow_pipeline/venv/lib/python3.9/site-packages/airflow/example_dags/example_branch_operator.py
[2025-01-05 10:52:39,586] {processor.py:651} INFO - DAG(s) dict_keys(['example_branch_operator']) retrieved from /home/daniel/Documents/Alura/python_apache_airflow_pipeline/venv/lib/python3.9/site-packages/airflow/example_dags/example_branch_operator.py
[2025-01-05 10:52:39,599] {logging_mixin.py:115} INFO - [2025-01-05 10:52:39,599] {dag.py:2379} INFO - Sync 1 DAGs
[2025-01-05 10:52:39,612] {logging_mixin.py:115} INFO - [2025-01-05 10:52:39,612] {dag.py:2927} INFO - Setting next_dagrun for example_branch_operator to 2025-01-04T00:00:00+00:00, run_after=2025-01-05T00:00:00+00:00
[2025-01-05 10:52:39,623] {processor.py:161} INFO - Processing /home/daniel/Documents/Alura/python_apache_airflow_pipeline/venv/lib/python3.9/site-packages/airflow/example_dags/example_branch_operator.py took 0.053 seconds
[2025-01-05 10:53:15,539] {processor.py:153} INFO - Started process (PID=3927) to work on /home/daniel/Documents/Alura/python_apache_airflow_pipeline/venv/lib/python3.9/site-packages/airflow/example_dags/example_branch_operator.py
[2025-01-05 10:53:15,540] {processor.py:641} INFO - Processing file /home/daniel/Documents/Alura/python_apache_airflow_pipeline/venv/lib/python3.9/site-packages/airflow/example_dags/example_branch_operator.py for tasks to queue
[2025-01-05 10:53:15,540] {logging_mixin.py:115} INFO - [2025-01-05 10:53:15,540] {dagbag.py:507} INFO - Filling up the DagBag from /home/daniel/Documents/Alura/python_apache_airflow_pipeline/venv/lib/python3.9/site-packages/airflow/example_dags/example_branch_operator.py
[2025-01-05 10:53:15,548] {processor.py:651} INFO - DAG(s) dict_keys(['example_branch_operator']) retrieved from /home/daniel/Documents/Alura/python_apache_airflow_pipeline/venv/lib/python3.9/site-packages/airflow/example_dags/example_branch_operator.py
[2025-01-05 10:53:15,560] {logging_mixin.py:115} INFO - [2025-01-05 10:53:15,560] {dag.py:2379} INFO - Sync 1 DAGs
[2025-01-05 10:53:15,575] {logging_mixin.py:115} INFO - [2025-01-05 10:53:15,574] {dag.py:2927} INFO - Setting next_dagrun for example_branch_operator to 2025-01-04T00:00:00+00:00, run_after=2025-01-05T00:00:00+00:00
[2025-01-05 10:53:15,588] {processor.py:161} INFO - Processing /home/daniel/Documents/Alura/python_apache_airflow_pipeline/venv/lib/python3.9/site-packages/airflow/example_dags/example_branch_operator.py took 0.052 seconds
[2025-01-05 10:53:51,709] {processor.py:153} INFO - Started process (PID=3966) to work on /home/daniel/Documents/Alura/python_apache_airflow_pipeline/venv/lib/python3.9/site-packages/airflow/example_dags/example_branch_operator.py
[2025-01-05 10:53:51,711] {processor.py:641} INFO - Processing file /home/daniel/Documents/Alura/python_apache_airflow_pipeline/venv/lib/python3.9/site-packages/airflow/example_dags/example_branch_operator.py for tasks to queue
[2025-01-05 10:53:51,711] {logging_mixin.py:115} INFO - [2025-01-05 10:53:51,711] {dagbag.py:507} INFO - Filling up the DagBag from /home/daniel/Documents/Alura/python_apache_airflow_pipeline/venv/lib/python3.9/site-packages/airflow/example_dags/example_branch_operator.py
[2025-01-05 10:53:51,721] {processor.py:651} INFO - DAG(s) dict_keys(['example_branch_operator']) retrieved from /home/daniel/Documents/Alura/python_apache_airflow_pipeline/venv/lib/python3.9/site-packages/airflow/example_dags/example_branch_operator.py
[2025-01-05 10:53:51,735] {logging_mixin.py:115} INFO - [2025-01-05 10:53:51,735] {dag.py:2379} INFO - Sync 1 DAGs
[2025-01-05 10:53:51,748] {logging_mixin.py:115} INFO - [2025-01-05 10:53:51,748] {dag.py:2927} INFO - Setting next_dagrun for example_branch_operator to 2025-01-04T00:00:00+00:00, run_after=2025-01-05T00:00:00+00:00
[2025-01-05 10:53:51,759] {processor.py:161} INFO - Processing /home/daniel/Documents/Alura/python_apache_airflow_pipeline/venv/lib/python3.9/site-packages/airflow/example_dags/example_branch_operator.py took 0.053 seconds
[2025-01-05 10:54:27,886] {processor.py:153} INFO - Started process (PID=4012) to work on /home/daniel/Documents/Alura/python_apache_airflow_pipeline/venv/lib/python3.9/site-packages/airflow/example_dags/example_branch_operator.py
[2025-01-05 10:54:27,888] {processor.py:641} INFO - Processing file /home/daniel/Documents/Alura/python_apache_airflow_pipeline/venv/lib/python3.9/site-packages/airflow/example_dags/example_branch_operator.py for tasks to queue
[2025-01-05 10:54:27,888] {logging_mixin.py:115} INFO - [2025-01-05 10:54:27,888] {dagbag.py:507} INFO - Filling up the DagBag from /home/daniel/Documents/Alura/python_apache_airflow_pipeline/venv/lib/python3.9/site-packages/airflow/example_dags/example_branch_operator.py
[2025-01-05 10:54:27,897] {processor.py:651} INFO - DAG(s) dict_keys(['example_branch_operator']) retrieved from /home/daniel/Documents/Alura/python_apache_airflow_pipeline/venv/lib/python3.9/site-packages/airflow/example_dags/example_branch_operator.py
[2025-01-05 10:54:27,911] {logging_mixin.py:115} INFO - [2025-01-05 10:54:27,911] {dag.py:2379} INFO - Sync 1 DAGs
[2025-01-05 10:54:27,927] {logging_mixin.py:115} INFO - [2025-01-05 10:54:27,927] {dag.py:2927} INFO - Setting next_dagrun for example_branch_operator to 2025-01-04T00:00:00+00:00, run_after=2025-01-05T00:00:00+00:00
[2025-01-05 10:54:27,939] {processor.py:161} INFO - Processing /home/daniel/Documents/Alura/python_apache_airflow_pipeline/venv/lib/python3.9/site-packages/airflow/example_dags/example_branch_operator.py took 0.056 seconds
[2025-01-05 10:55:03,827] {processor.py:153} INFO - Started process (PID=4057) to work on /home/daniel/Documents/Alura/python_apache_airflow_pipeline/venv/lib/python3.9/site-packages/airflow/example_dags/example_branch_operator.py
[2025-01-05 10:55:03,828] {processor.py:641} INFO - Processing file /home/daniel/Documents/Alura/python_apache_airflow_pipeline/venv/lib/python3.9/site-packages/airflow/example_dags/example_branch_operator.py for tasks to queue
[2025-01-05 10:55:03,829] {logging_mixin.py:115} INFO - [2025-01-05 10:55:03,829] {dagbag.py:507} INFO - Filling up the DagBag from /home/daniel/Documents/Alura/python_apache_airflow_pipeline/venv/lib/python3.9/site-packages/airflow/example_dags/example_branch_operator.py
[2025-01-05 10:55:03,840] {processor.py:651} INFO - DAG(s) dict_keys(['example_branch_operator']) retrieved from /home/daniel/Documents/Alura/python_apache_airflow_pipeline/venv/lib/python3.9/site-packages/airflow/example_dags/example_branch_operator.py
[2025-01-05 10:55:03,856] {logging_mixin.py:115} INFO - [2025-01-05 10:55:03,856] {dag.py:2379} INFO - Sync 1 DAGs
[2025-01-05 10:55:03,879] {logging_mixin.py:115} INFO - [2025-01-05 10:55:03,878] {dag.py:2927} INFO - Setting next_dagrun for example_branch_operator to 2025-01-04T00:00:00+00:00, run_after=2025-01-05T00:00:00+00:00
[2025-01-05 10:55:03,896] {processor.py:161} INFO - Processing /home/daniel/Documents/Alura/python_apache_airflow_pipeline/venv/lib/python3.9/site-packages/airflow/example_dags/example_branch_operator.py took 0.072 seconds
[2025-01-05 10:55:39,301] {processor.py:153} INFO - Started process (PID=4102) to work on /home/daniel/Documents/Alura/python_apache_airflow_pipeline/venv/lib/python3.9/site-packages/airflow/example_dags/example_branch_operator.py
[2025-01-05 10:55:39,303] {processor.py:641} INFO - Processing file /home/daniel/Documents/Alura/python_apache_airflow_pipeline/venv/lib/python3.9/site-packages/airflow/example_dags/example_branch_operator.py for tasks to queue
[2025-01-05 10:55:39,304] {logging_mixin.py:115} INFO - [2025-01-05 10:55:39,303] {dagbag.py:507} INFO - Filling up the DagBag from /home/daniel/Documents/Alura/python_apache_airflow_pipeline/venv/lib/python3.9/site-packages/airflow/example_dags/example_branch_operator.py
[2025-01-05 10:55:39,316] {processor.py:651} INFO - DAG(s) dict_keys(['example_branch_operator']) retrieved from /home/daniel/Documents/Alura/python_apache_airflow_pipeline/venv/lib/python3.9/site-packages/airflow/example_dags/example_branch_operator.py
[2025-01-05 10:55:39,351] {logging_mixin.py:115} INFO - [2025-01-05 10:55:39,351] {dag.py:2379} INFO - Sync 1 DAGs
[2025-01-05 10:55:39,390] {logging_mixin.py:115} INFO - [2025-01-05 10:55:39,389] {dag.py:2927} INFO - Setting next_dagrun for example_branch_operator to 2025-01-04T00:00:00+00:00, run_after=2025-01-05T00:00:00+00:00
[2025-01-05 10:55:39,417] {processor.py:161} INFO - Processing /home/daniel/Documents/Alura/python_apache_airflow_pipeline/venv/lib/python3.9/site-packages/airflow/example_dags/example_branch_operator.py took 0.120 seconds
[2025-01-05 10:56:16,100] {processor.py:153} INFO - Started process (PID=4162) to work on /home/daniel/Documents/Alura/python_apache_airflow_pipeline/venv/lib/python3.9/site-packages/airflow/example_dags/example_branch_operator.py
[2025-01-05 10:56:16,101] {processor.py:641} INFO - Processing file /home/daniel/Documents/Alura/python_apache_airflow_pipeline/venv/lib/python3.9/site-packages/airflow/example_dags/example_branch_operator.py for tasks to queue
[2025-01-05 10:56:16,102] {logging_mixin.py:115} INFO - [2025-01-05 10:56:16,102] {dagbag.py:507} INFO - Filling up the DagBag from /home/daniel/Documents/Alura/python_apache_airflow_pipeline/venv/lib/python3.9/site-packages/airflow/example_dags/example_branch_operator.py
[2025-01-05 10:56:16,114] {processor.py:651} INFO - DAG(s) dict_keys(['example_branch_operator']) retrieved from /home/daniel/Documents/Alura/python_apache_airflow_pipeline/venv/lib/python3.9/site-packages/airflow/example_dags/example_branch_operator.py
[2025-01-05 10:56:16,132] {logging_mixin.py:115} INFO - [2025-01-05 10:56:16,132] {dag.py:2379} INFO - Sync 1 DAGs
[2025-01-05 10:56:16,149] {logging_mixin.py:115} INFO - [2025-01-05 10:56:16,149] {dag.py:2927} INFO - Setting next_dagrun for example_branch_operator to 2025-01-04T00:00:00+00:00, run_after=2025-01-05T00:00:00+00:00
[2025-01-05 10:56:16,180] {processor.py:161} INFO - Processing /home/daniel/Documents/Alura/python_apache_airflow_pipeline/venv/lib/python3.9/site-packages/airflow/example_dags/example_branch_operator.py took 0.083 seconds
[2025-01-05 10:56:52,511] {processor.py:153} INFO - Started process (PID=4200) to work on /home/daniel/Documents/Alura/python_apache_airflow_pipeline/venv/lib/python3.9/site-packages/airflow/example_dags/example_branch_operator.py
[2025-01-05 10:56:52,513] {processor.py:641} INFO - Processing file /home/daniel/Documents/Alura/python_apache_airflow_pipeline/venv/lib/python3.9/site-packages/airflow/example_dags/example_branch_operator.py for tasks to queue
[2025-01-05 10:56:52,514] {logging_mixin.py:115} INFO - [2025-01-05 10:56:52,514] {dagbag.py:507} INFO - Filling up the DagBag from /home/daniel/Documents/Alura/python_apache_airflow_pipeline/venv/lib/python3.9/site-packages/airflow/example_dags/example_branch_operator.py
[2025-01-05 10:56:52,527] {processor.py:651} INFO - DAG(s) dict_keys(['example_branch_operator']) retrieved from /home/daniel/Documents/Alura/python_apache_airflow_pipeline/venv/lib/python3.9/site-packages/airflow/example_dags/example_branch_operator.py
[2025-01-05 10:56:52,545] {logging_mixin.py:115} INFO - [2025-01-05 10:56:52,545] {dag.py:2379} INFO - Sync 1 DAGs
[2025-01-05 10:56:52,563] {logging_mixin.py:115} INFO - [2025-01-05 10:56:52,563] {dag.py:2927} INFO - Setting next_dagrun for example_branch_operator to 2025-01-04T00:00:00+00:00, run_after=2025-01-05T00:00:00+00:00
[2025-01-05 10:56:52,579] {processor.py:161} INFO - Processing /home/daniel/Documents/Alura/python_apache_airflow_pipeline/venv/lib/python3.9/site-packages/airflow/example_dags/example_branch_operator.py took 0.072 seconds
[2025-01-05 10:57:31,183] {processor.py:153} INFO - Started process (PID=4300) to work on /home/daniel/Documents/Alura/python_apache_airflow_pipeline/venv/lib/python3.9/site-packages/airflow/example_dags/example_branch_operator.py
[2025-01-05 10:57:31,183] {processor.py:641} INFO - Processing file /home/daniel/Documents/Alura/python_apache_airflow_pipeline/venv/lib/python3.9/site-packages/airflow/example_dags/example_branch_operator.py for tasks to queue
[2025-01-05 10:57:31,184] {logging_mixin.py:115} INFO - [2025-01-05 10:57:31,184] {dagbag.py:507} INFO - Filling up the DagBag from /home/daniel/Documents/Alura/python_apache_airflow_pipeline/venv/lib/python3.9/site-packages/airflow/example_dags/example_branch_operator.py
[2025-01-05 10:57:31,195] {processor.py:651} INFO - DAG(s) dict_keys(['example_branch_operator']) retrieved from /home/daniel/Documents/Alura/python_apache_airflow_pipeline/venv/lib/python3.9/site-packages/airflow/example_dags/example_branch_operator.py
[2025-01-05 10:57:31,220] {logging_mixin.py:115} INFO - [2025-01-05 10:57:31,220] {dag.py:2379} INFO - Sync 1 DAGs
[2025-01-05 10:57:31,255] {logging_mixin.py:115} INFO - [2025-01-05 10:57:31,255] {dag.py:2927} INFO - Setting next_dagrun for example_branch_operator to 2025-01-04T00:00:00+00:00, run_after=2025-01-05T00:00:00+00:00
[2025-01-05 10:57:31,277] {processor.py:161} INFO - Processing /home/daniel/Documents/Alura/python_apache_airflow_pipeline/venv/lib/python3.9/site-packages/airflow/example_dags/example_branch_operator.py took 0.098 seconds
