[2025-01-05 09:08:55,963] {processor.py:153} INFO - Started process (PID=17300) to work on /home/daniel/Documents/Alura/python_apache_airflow_pipeline/venv/lib/python3.9/site-packages/airflow/example_dags/example_kubernetes_executor.py
[2025-01-05 09:08:55,964] {processor.py:641} INFO - Processing file /home/daniel/Documents/Alura/python_apache_airflow_pipeline/venv/lib/python3.9/site-packages/airflow/example_dags/example_kubernetes_executor.py for tasks to queue
[2025-01-05 09:08:55,965] {logging_mixin.py:115} INFO - [2025-01-05 09:08:55,965] {dagbag.py:507} INFO - Filling up the DagBag from /home/daniel/Documents/Alura/python_apache_airflow_pipeline/venv/lib/python3.9/site-packages/airflow/example_dags/example_kubernetes_executor.py
[2025-01-05 09:08:56,043] {logging_mixin.py:115} INFO - [2025-01-05 09:08:56,035] {example_kubernetes_executor.py:39} WARNING - The example_kubernetes_executor example DAG requires the kubernetes provider. Please install it with: pip install apache-airflow[cncf.kubernetes]
[2025-01-05 09:08:56,043] {processor.py:653} WARNING - No viable dags retrieved from /home/daniel/Documents/Alura/python_apache_airflow_pipeline/venv/lib/python3.9/site-packages/airflow/example_dags/example_kubernetes_executor.py
[2025-01-05 09:08:56,083] {processor.py:161} INFO - Processing /home/daniel/Documents/Alura/python_apache_airflow_pipeline/venv/lib/python3.9/site-packages/airflow/example_dags/example_kubernetes_executor.py took 0.132 seconds
[2025-01-05 09:39:57,885] {processor.py:153} INFO - Started process (PID=5192) to work on /home/daniel/Documents/Alura/python_apache_airflow_pipeline/venv/lib/python3.9/site-packages/airflow/example_dags/example_kubernetes_executor.py
[2025-01-05 09:39:57,905] {processor.py:641} INFO - Processing file /home/daniel/Documents/Alura/python_apache_airflow_pipeline/venv/lib/python3.9/site-packages/airflow/example_dags/example_kubernetes_executor.py for tasks to queue
[2025-01-05 09:39:57,917] {logging_mixin.py:115} INFO - [2025-01-05 09:39:57,917] {dagbag.py:507} INFO - Filling up the DagBag from /home/daniel/Documents/Alura/python_apache_airflow_pipeline/venv/lib/python3.9/site-packages/airflow/example_dags/example_kubernetes_executor.py
[2025-01-05 09:39:58,180] {logging_mixin.py:115} INFO - [2025-01-05 09:39:58,180] {example_kubernetes_executor.py:39} WARNING - The example_kubernetes_executor example DAG requires the kubernetes provider. Please install it with: pip install apache-airflow[cncf.kubernetes]
[2025-01-05 09:39:58,181] {processor.py:653} WARNING - No viable dags retrieved from /home/daniel/Documents/Alura/python_apache_airflow_pipeline/venv/lib/python3.9/site-packages/airflow/example_dags/example_kubernetes_executor.py
[2025-01-05 09:39:58,440] {processor.py:161} INFO - Processing /home/daniel/Documents/Alura/python_apache_airflow_pipeline/venv/lib/python3.9/site-packages/airflow/example_dags/example_kubernetes_executor.py took 0.648 seconds
[2025-01-05 09:55:01,394] {processor.py:153} INFO - Started process (PID=3662) to work on /home/daniel/Documents/Alura/python_apache_airflow_pipeline/venv/lib/python3.9/site-packages/airflow/example_dags/example_kubernetes_executor.py
[2025-01-05 09:55:01,405] {processor.py:641} INFO - Processing file /home/daniel/Documents/Alura/python_apache_airflow_pipeline/venv/lib/python3.9/site-packages/airflow/example_dags/example_kubernetes_executor.py for tasks to queue
[2025-01-05 09:55:01,406] {logging_mixin.py:115} INFO - [2025-01-05 09:55:01,406] {dagbag.py:507} INFO - Filling up the DagBag from /home/daniel/Documents/Alura/python_apache_airflow_pipeline/venv/lib/python3.9/site-packages/airflow/example_dags/example_kubernetes_executor.py
[2025-01-05 09:55:01,423] {logging_mixin.py:115} INFO - [2025-01-05 09:55:01,423] {example_kubernetes_executor.py:39} WARNING - The example_kubernetes_executor example DAG requires the kubernetes provider. Please install it with: pip install apache-airflow[cncf.kubernetes]
[2025-01-05 09:55:01,423] {processor.py:653} WARNING - No viable dags retrieved from /home/daniel/Documents/Alura/python_apache_airflow_pipeline/venv/lib/python3.9/site-packages/airflow/example_dags/example_kubernetes_executor.py
[2025-01-05 09:55:01,436] {processor.py:161} INFO - Processing /home/daniel/Documents/Alura/python_apache_airflow_pipeline/venv/lib/python3.9/site-packages/airflow/example_dags/example_kubernetes_executor.py took 0.050 seconds
[2025-01-05 09:55:50,723] {processor.py:153} INFO - Started process (PID=4162) to work on /home/daniel/Documents/Alura/python_apache_airflow_pipeline/venv/lib/python3.9/site-packages/airflow/example_dags/example_kubernetes_executor.py
[2025-01-05 09:55:50,727] {processor.py:641} INFO - Processing file /home/daniel/Documents/Alura/python_apache_airflow_pipeline/venv/lib/python3.9/site-packages/airflow/example_dags/example_kubernetes_executor.py for tasks to queue
[2025-01-05 09:55:50,728] {logging_mixin.py:115} INFO - [2025-01-05 09:55:50,728] {dagbag.py:507} INFO - Filling up the DagBag from /home/daniel/Documents/Alura/python_apache_airflow_pipeline/venv/lib/python3.9/site-packages/airflow/example_dags/example_kubernetes_executor.py
[2025-01-05 09:55:50,768] {logging_mixin.py:115} INFO - [2025-01-05 09:55:50,767] {example_kubernetes_executor.py:39} WARNING - The example_kubernetes_executor example DAG requires the kubernetes provider. Please install it with: pip install apache-airflow[cncf.kubernetes]
[2025-01-05 09:55:50,768] {processor.py:653} WARNING - No viable dags retrieved from /home/daniel/Documents/Alura/python_apache_airflow_pipeline/venv/lib/python3.9/site-packages/airflow/example_dags/example_kubernetes_executor.py
[2025-01-05 09:55:50,785] {processor.py:161} INFO - Processing /home/daniel/Documents/Alura/python_apache_airflow_pipeline/venv/lib/python3.9/site-packages/airflow/example_dags/example_kubernetes_executor.py took 0.072 seconds
[2025-01-05 09:56:37,854] {processor.py:153} INFO - Started process (PID=4486) to work on /home/daniel/Documents/Alura/python_apache_airflow_pipeline/venv/lib/python3.9/site-packages/airflow/example_dags/example_kubernetes_executor.py
[2025-01-05 09:56:37,858] {processor.py:641} INFO - Processing file /home/daniel/Documents/Alura/python_apache_airflow_pipeline/venv/lib/python3.9/site-packages/airflow/example_dags/example_kubernetes_executor.py for tasks to queue
[2025-01-05 09:56:37,859] {logging_mixin.py:115} INFO - [2025-01-05 09:56:37,859] {dagbag.py:507} INFO - Filling up the DagBag from /home/daniel/Documents/Alura/python_apache_airflow_pipeline/venv/lib/python3.9/site-packages/airflow/example_dags/example_kubernetes_executor.py
[2025-01-05 09:56:37,889] {logging_mixin.py:115} INFO - [2025-01-05 09:56:37,889] {example_kubernetes_executor.py:39} WARNING - The example_kubernetes_executor example DAG requires the kubernetes provider. Please install it with: pip install apache-airflow[cncf.kubernetes]
[2025-01-05 09:56:37,889] {processor.py:653} WARNING - No viable dags retrieved from /home/daniel/Documents/Alura/python_apache_airflow_pipeline/venv/lib/python3.9/site-packages/airflow/example_dags/example_kubernetes_executor.py
[2025-01-05 09:56:37,905] {processor.py:161} INFO - Processing /home/daniel/Documents/Alura/python_apache_airflow_pipeline/venv/lib/python3.9/site-packages/airflow/example_dags/example_kubernetes_executor.py took 0.062 seconds
[2025-01-05 09:57:23,026] {processor.py:153} INFO - Started process (PID=4934) to work on /home/daniel/Documents/Alura/python_apache_airflow_pipeline/venv/lib/python3.9/site-packages/airflow/example_dags/example_kubernetes_executor.py
[2025-01-05 09:57:23,027] {processor.py:641} INFO - Processing file /home/daniel/Documents/Alura/python_apache_airflow_pipeline/venv/lib/python3.9/site-packages/airflow/example_dags/example_kubernetes_executor.py for tasks to queue
[2025-01-05 09:57:23,029] {logging_mixin.py:115} INFO - [2025-01-05 09:57:23,029] {dagbag.py:507} INFO - Filling up the DagBag from /home/daniel/Documents/Alura/python_apache_airflow_pipeline/venv/lib/python3.9/site-packages/airflow/example_dags/example_kubernetes_executor.py
[2025-01-05 09:57:23,067] {logging_mixin.py:115} INFO - [2025-01-05 09:57:23,067] {example_kubernetes_executor.py:39} WARNING - The example_kubernetes_executor example DAG requires the kubernetes provider. Please install it with: pip install apache-airflow[cncf.kubernetes]
[2025-01-05 09:57:23,067] {processor.py:653} WARNING - No viable dags retrieved from /home/daniel/Documents/Alura/python_apache_airflow_pipeline/venv/lib/python3.9/site-packages/airflow/example_dags/example_kubernetes_executor.py
[2025-01-05 09:57:23,095] {processor.py:161} INFO - Processing /home/daniel/Documents/Alura/python_apache_airflow_pipeline/venv/lib/python3.9/site-packages/airflow/example_dags/example_kubernetes_executor.py took 0.074 seconds
[2025-01-05 09:58:35,745] {processor.py:153} INFO - Started process (PID=5745) to work on /home/daniel/Documents/Alura/python_apache_airflow_pipeline/venv/lib/python3.9/site-packages/airflow/example_dags/example_kubernetes_executor.py
[2025-01-05 09:58:35,746] {processor.py:641} INFO - Processing file /home/daniel/Documents/Alura/python_apache_airflow_pipeline/venv/lib/python3.9/site-packages/airflow/example_dags/example_kubernetes_executor.py for tasks to queue
[2025-01-05 09:58:35,747] {logging_mixin.py:115} INFO - [2025-01-05 09:58:35,747] {dagbag.py:507} INFO - Filling up the DagBag from /home/daniel/Documents/Alura/python_apache_airflow_pipeline/venv/lib/python3.9/site-packages/airflow/example_dags/example_kubernetes_executor.py
[2025-01-05 09:58:35,778] {logging_mixin.py:115} INFO - [2025-01-05 09:58:35,777] {example_kubernetes_executor.py:39} WARNING - The example_kubernetes_executor example DAG requires the kubernetes provider. Please install it with: pip install apache-airflow[cncf.kubernetes]
[2025-01-05 09:58:35,778] {processor.py:653} WARNING - No viable dags retrieved from /home/daniel/Documents/Alura/python_apache_airflow_pipeline/venv/lib/python3.9/site-packages/airflow/example_dags/example_kubernetes_executor.py
[2025-01-05 09:58:35,799] {processor.py:161} INFO - Processing /home/daniel/Documents/Alura/python_apache_airflow_pipeline/venv/lib/python3.9/site-packages/airflow/example_dags/example_kubernetes_executor.py took 0.062 seconds
[2025-01-05 09:59:57,787] {processor.py:153} INFO - Started process (PID=6582) to work on /home/daniel/Documents/Alura/python_apache_airflow_pipeline/venv/lib/python3.9/site-packages/airflow/example_dags/example_kubernetes_executor.py
[2025-01-05 09:59:57,790] {processor.py:641} INFO - Processing file /home/daniel/Documents/Alura/python_apache_airflow_pipeline/venv/lib/python3.9/site-packages/airflow/example_dags/example_kubernetes_executor.py for tasks to queue
[2025-01-05 09:59:57,793] {logging_mixin.py:115} INFO - [2025-01-05 09:59:57,793] {dagbag.py:507} INFO - Filling up the DagBag from /home/daniel/Documents/Alura/python_apache_airflow_pipeline/venv/lib/python3.9/site-packages/airflow/example_dags/example_kubernetes_executor.py
[2025-01-05 09:59:57,822] {logging_mixin.py:115} INFO - [2025-01-05 09:59:57,822] {example_kubernetes_executor.py:39} WARNING - The example_kubernetes_executor example DAG requires the kubernetes provider. Please install it with: pip install apache-airflow[cncf.kubernetes]
[2025-01-05 09:59:57,823] {processor.py:653} WARNING - No viable dags retrieved from /home/daniel/Documents/Alura/python_apache_airflow_pipeline/venv/lib/python3.9/site-packages/airflow/example_dags/example_kubernetes_executor.py
[2025-01-05 09:59:57,842] {processor.py:161} INFO - Processing /home/daniel/Documents/Alura/python_apache_airflow_pipeline/venv/lib/python3.9/site-packages/airflow/example_dags/example_kubernetes_executor.py took 0.059 seconds
[2025-01-05 10:00:44,571] {processor.py:153} INFO - Started process (PID=6856) to work on /home/daniel/Documents/Alura/python_apache_airflow_pipeline/venv/lib/python3.9/site-packages/airflow/example_dags/example_kubernetes_executor.py
[2025-01-05 10:00:44,574] {processor.py:641} INFO - Processing file /home/daniel/Documents/Alura/python_apache_airflow_pipeline/venv/lib/python3.9/site-packages/airflow/example_dags/example_kubernetes_executor.py for tasks to queue
[2025-01-05 10:00:44,577] {logging_mixin.py:115} INFO - [2025-01-05 10:00:44,577] {dagbag.py:507} INFO - Filling up the DagBag from /home/daniel/Documents/Alura/python_apache_airflow_pipeline/venv/lib/python3.9/site-packages/airflow/example_dags/example_kubernetes_executor.py
[2025-01-05 10:00:44,650] {logging_mixin.py:115} INFO - [2025-01-05 10:00:44,650] {example_kubernetes_executor.py:39} WARNING - The example_kubernetes_executor example DAG requires the kubernetes provider. Please install it with: pip install apache-airflow[cncf.kubernetes]
[2025-01-05 10:00:44,653] {processor.py:653} WARNING - No viable dags retrieved from /home/daniel/Documents/Alura/python_apache_airflow_pipeline/venv/lib/python3.9/site-packages/airflow/example_dags/example_kubernetes_executor.py
[2025-01-05 10:00:44,693] {processor.py:161} INFO - Processing /home/daniel/Documents/Alura/python_apache_airflow_pipeline/venv/lib/python3.9/site-packages/airflow/example_dags/example_kubernetes_executor.py took 0.138 seconds
[2025-01-05 10:03:24,638] {processor.py:153} INFO - Started process (PID=8026) to work on /home/daniel/Documents/Alura/python_apache_airflow_pipeline/venv/lib/python3.9/site-packages/airflow/example_dags/example_kubernetes_executor.py
[2025-01-05 10:03:24,641] {processor.py:641} INFO - Processing file /home/daniel/Documents/Alura/python_apache_airflow_pipeline/venv/lib/python3.9/site-packages/airflow/example_dags/example_kubernetes_executor.py for tasks to queue
[2025-01-05 10:03:24,642] {logging_mixin.py:115} INFO - [2025-01-05 10:03:24,642] {dagbag.py:507} INFO - Filling up the DagBag from /home/daniel/Documents/Alura/python_apache_airflow_pipeline/venv/lib/python3.9/site-packages/airflow/example_dags/example_kubernetes_executor.py
[2025-01-05 10:03:24,749] {logging_mixin.py:115} INFO - [2025-01-05 10:03:24,749] {example_kubernetes_executor.py:39} WARNING - The example_kubernetes_executor example DAG requires the kubernetes provider. Please install it with: pip install apache-airflow[cncf.kubernetes]
[2025-01-05 10:03:24,750] {processor.py:653} WARNING - No viable dags retrieved from /home/daniel/Documents/Alura/python_apache_airflow_pipeline/venv/lib/python3.9/site-packages/airflow/example_dags/example_kubernetes_executor.py
[2025-01-05 10:03:24,790] {processor.py:161} INFO - Processing /home/daniel/Documents/Alura/python_apache_airflow_pipeline/venv/lib/python3.9/site-packages/airflow/example_dags/example_kubernetes_executor.py took 0.168 seconds
[2025-01-05 10:04:17,833] {processor.py:153} INFO - Started process (PID=8207) to work on /home/daniel/Documents/Alura/python_apache_airflow_pipeline/venv/lib/python3.9/site-packages/airflow/example_dags/example_kubernetes_executor.py
[2025-01-05 10:04:17,837] {processor.py:641} INFO - Processing file /home/daniel/Documents/Alura/python_apache_airflow_pipeline/venv/lib/python3.9/site-packages/airflow/example_dags/example_kubernetes_executor.py for tasks to queue
[2025-01-05 10:04:17,841] {logging_mixin.py:115} INFO - [2025-01-05 10:04:17,841] {dagbag.py:507} INFO - Filling up the DagBag from /home/daniel/Documents/Alura/python_apache_airflow_pipeline/venv/lib/python3.9/site-packages/airflow/example_dags/example_kubernetes_executor.py
[2025-01-05 10:04:17,958] {logging_mixin.py:115} INFO - [2025-01-05 10:04:17,958] {example_kubernetes_executor.py:39} WARNING - The example_kubernetes_executor example DAG requires the kubernetes provider. Please install it with: pip install apache-airflow[cncf.kubernetes]
[2025-01-05 10:04:17,961] {processor.py:653} WARNING - No viable dags retrieved from /home/daniel/Documents/Alura/python_apache_airflow_pipeline/venv/lib/python3.9/site-packages/airflow/example_dags/example_kubernetes_executor.py
[2025-01-05 10:04:18,014] {processor.py:161} INFO - Processing /home/daniel/Documents/Alura/python_apache_airflow_pipeline/venv/lib/python3.9/site-packages/airflow/example_dags/example_kubernetes_executor.py took 0.204 seconds
[2025-01-05 10:05:56,165] {processor.py:153} INFO - Started process (PID=8480) to work on /home/daniel/Documents/Alura/python_apache_airflow_pipeline/venv/lib/python3.9/site-packages/airflow/example_dags/example_kubernetes_executor.py
[2025-01-05 10:05:56,185] {processor.py:641} INFO - Processing file /home/daniel/Documents/Alura/python_apache_airflow_pipeline/venv/lib/python3.9/site-packages/airflow/example_dags/example_kubernetes_executor.py for tasks to queue
[2025-01-05 10:05:56,205] {logging_mixin.py:115} INFO - [2025-01-05 10:05:56,197] {dagbag.py:507} INFO - Filling up the DagBag from /home/daniel/Documents/Alura/python_apache_airflow_pipeline/venv/lib/python3.9/site-packages/airflow/example_dags/example_kubernetes_executor.py
[2025-01-05 10:05:56,841] {logging_mixin.py:115} INFO - [2025-01-05 10:05:56,837] {example_kubernetes_executor.py:39} WARNING - The example_kubernetes_executor example DAG requires the kubernetes provider. Please install it with: pip install apache-airflow[cncf.kubernetes]
[2025-01-05 10:05:56,841] {processor.py:653} WARNING - No viable dags retrieved from /home/daniel/Documents/Alura/python_apache_airflow_pipeline/venv/lib/python3.9/site-packages/airflow/example_dags/example_kubernetes_executor.py
[2025-01-05 10:05:57,121] {processor.py:161} INFO - Processing /home/daniel/Documents/Alura/python_apache_airflow_pipeline/venv/lib/python3.9/site-packages/airflow/example_dags/example_kubernetes_executor.py took 1.132 seconds
[2025-01-05 10:16:46,981] {processor.py:153} INFO - Started process (PID=9314) to work on /home/daniel/Documents/Alura/python_apache_airflow_pipeline/venv/lib/python3.9/site-packages/airflow/example_dags/example_kubernetes_executor.py
[2025-01-05 10:16:46,984] {processor.py:641} INFO - Processing file /home/daniel/Documents/Alura/python_apache_airflow_pipeline/venv/lib/python3.9/site-packages/airflow/example_dags/example_kubernetes_executor.py for tasks to queue
[2025-01-05 10:16:46,986] {logging_mixin.py:115} INFO - [2025-01-05 10:16:46,985] {dagbag.py:507} INFO - Filling up the DagBag from /home/daniel/Documents/Alura/python_apache_airflow_pipeline/venv/lib/python3.9/site-packages/airflow/example_dags/example_kubernetes_executor.py
[2025-01-05 10:16:47,003] {logging_mixin.py:115} INFO - [2025-01-05 10:16:47,003] {example_kubernetes_executor.py:39} WARNING - The example_kubernetes_executor example DAG requires the kubernetes provider. Please install it with: pip install apache-airflow[cncf.kubernetes]
[2025-01-05 10:16:47,004] {processor.py:653} WARNING - No viable dags retrieved from /home/daniel/Documents/Alura/python_apache_airflow_pipeline/venv/lib/python3.9/site-packages/airflow/example_dags/example_kubernetes_executor.py
[2025-01-05 10:16:47,035] {processor.py:161} INFO - Processing /home/daniel/Documents/Alura/python_apache_airflow_pipeline/venv/lib/python3.9/site-packages/airflow/example_dags/example_kubernetes_executor.py took 0.058 seconds
[2025-01-05 10:17:24,473] {processor.py:153} INFO - Started process (PID=9666) to work on /home/daniel/Documents/Alura/python_apache_airflow_pipeline/venv/lib/python3.9/site-packages/airflow/example_dags/example_kubernetes_executor.py
[2025-01-05 10:17:24,474] {processor.py:641} INFO - Processing file /home/daniel/Documents/Alura/python_apache_airflow_pipeline/venv/lib/python3.9/site-packages/airflow/example_dags/example_kubernetes_executor.py for tasks to queue
[2025-01-05 10:17:24,474] {logging_mixin.py:115} INFO - [2025-01-05 10:17:24,474] {dagbag.py:507} INFO - Filling up the DagBag from /home/daniel/Documents/Alura/python_apache_airflow_pipeline/venv/lib/python3.9/site-packages/airflow/example_dags/example_kubernetes_executor.py
[2025-01-05 10:17:24,489] {logging_mixin.py:115} INFO - [2025-01-05 10:17:24,489] {example_kubernetes_executor.py:39} WARNING - The example_kubernetes_executor example DAG requires the kubernetes provider. Please install it with: pip install apache-airflow[cncf.kubernetes]
[2025-01-05 10:17:24,489] {processor.py:653} WARNING - No viable dags retrieved from /home/daniel/Documents/Alura/python_apache_airflow_pipeline/venv/lib/python3.9/site-packages/airflow/example_dags/example_kubernetes_executor.py
[2025-01-05 10:17:24,501] {processor.py:161} INFO - Processing /home/daniel/Documents/Alura/python_apache_airflow_pipeline/venv/lib/python3.9/site-packages/airflow/example_dags/example_kubernetes_executor.py took 0.031 seconds
[2025-01-05 10:18:00,714] {processor.py:153} INFO - Started process (PID=9888) to work on /home/daniel/Documents/Alura/python_apache_airflow_pipeline/venv/lib/python3.9/site-packages/airflow/example_dags/example_kubernetes_executor.py
[2025-01-05 10:18:00,715] {processor.py:641} INFO - Processing file /home/daniel/Documents/Alura/python_apache_airflow_pipeline/venv/lib/python3.9/site-packages/airflow/example_dags/example_kubernetes_executor.py for tasks to queue
[2025-01-05 10:18:00,715] {logging_mixin.py:115} INFO - [2025-01-05 10:18:00,715] {dagbag.py:507} INFO - Filling up the DagBag from /home/daniel/Documents/Alura/python_apache_airflow_pipeline/venv/lib/python3.9/site-packages/airflow/example_dags/example_kubernetes_executor.py
[2025-01-05 10:18:00,731] {logging_mixin.py:115} INFO - [2025-01-05 10:18:00,731] {example_kubernetes_executor.py:39} WARNING - The example_kubernetes_executor example DAG requires the kubernetes provider. Please install it with: pip install apache-airflow[cncf.kubernetes]
[2025-01-05 10:18:00,731] {processor.py:653} WARNING - No viable dags retrieved from /home/daniel/Documents/Alura/python_apache_airflow_pipeline/venv/lib/python3.9/site-packages/airflow/example_dags/example_kubernetes_executor.py
[2025-01-05 10:18:00,744] {processor.py:161} INFO - Processing /home/daniel/Documents/Alura/python_apache_airflow_pipeline/venv/lib/python3.9/site-packages/airflow/example_dags/example_kubernetes_executor.py took 0.033 seconds
[2025-01-05 10:18:37,959] {processor.py:153} INFO - Started process (PID=10116) to work on /home/daniel/Documents/Alura/python_apache_airflow_pipeline/venv/lib/python3.9/site-packages/airflow/example_dags/example_kubernetes_executor.py
[2025-01-05 10:18:37,960] {processor.py:641} INFO - Processing file /home/daniel/Documents/Alura/python_apache_airflow_pipeline/venv/lib/python3.9/site-packages/airflow/example_dags/example_kubernetes_executor.py for tasks to queue
[2025-01-05 10:18:37,962] {logging_mixin.py:115} INFO - [2025-01-05 10:18:37,961] {dagbag.py:507} INFO - Filling up the DagBag from /home/daniel/Documents/Alura/python_apache_airflow_pipeline/venv/lib/python3.9/site-packages/airflow/example_dags/example_kubernetes_executor.py
[2025-01-05 10:18:37,978] {logging_mixin.py:115} INFO - [2025-01-05 10:18:37,977] {example_kubernetes_executor.py:39} WARNING - The example_kubernetes_executor example DAG requires the kubernetes provider. Please install it with: pip install apache-airflow[cncf.kubernetes]
[2025-01-05 10:18:37,978] {processor.py:653} WARNING - No viable dags retrieved from /home/daniel/Documents/Alura/python_apache_airflow_pipeline/venv/lib/python3.9/site-packages/airflow/example_dags/example_kubernetes_executor.py
[2025-01-05 10:18:37,991] {processor.py:161} INFO - Processing /home/daniel/Documents/Alura/python_apache_airflow_pipeline/venv/lib/python3.9/site-packages/airflow/example_dags/example_kubernetes_executor.py took 0.034 seconds
[2025-01-05 10:19:22,513] {processor.py:153} INFO - Started process (PID=10518) to work on /home/daniel/Documents/Alura/python_apache_airflow_pipeline/venv/lib/python3.9/site-packages/airflow/example_dags/example_kubernetes_executor.py
[2025-01-05 10:19:22,516] {processor.py:641} INFO - Processing file /home/daniel/Documents/Alura/python_apache_airflow_pipeline/venv/lib/python3.9/site-packages/airflow/example_dags/example_kubernetes_executor.py for tasks to queue
[2025-01-05 10:19:22,518] {logging_mixin.py:115} INFO - [2025-01-05 10:19:22,517] {dagbag.py:507} INFO - Filling up the DagBag from /home/daniel/Documents/Alura/python_apache_airflow_pipeline/venv/lib/python3.9/site-packages/airflow/example_dags/example_kubernetes_executor.py
[2025-01-05 10:19:22,543] {logging_mixin.py:115} INFO - [2025-01-05 10:19:22,542] {example_kubernetes_executor.py:39} WARNING - The example_kubernetes_executor example DAG requires the kubernetes provider. Please install it with: pip install apache-airflow[cncf.kubernetes]
[2025-01-05 10:19:22,543] {processor.py:653} WARNING - No viable dags retrieved from /home/daniel/Documents/Alura/python_apache_airflow_pipeline/venv/lib/python3.9/site-packages/airflow/example_dags/example_kubernetes_executor.py
[2025-01-05 10:19:22,559] {processor.py:161} INFO - Processing /home/daniel/Documents/Alura/python_apache_airflow_pipeline/venv/lib/python3.9/site-packages/airflow/example_dags/example_kubernetes_executor.py took 0.050 seconds
[2025-01-05 10:20:07,699] {processor.py:153} INFO - Started process (PID=10738) to work on /home/daniel/Documents/Alura/python_apache_airflow_pipeline/venv/lib/python3.9/site-packages/airflow/example_dags/example_kubernetes_executor.py
[2025-01-05 10:20:07,700] {processor.py:641} INFO - Processing file /home/daniel/Documents/Alura/python_apache_airflow_pipeline/venv/lib/python3.9/site-packages/airflow/example_dags/example_kubernetes_executor.py for tasks to queue
[2025-01-05 10:20:07,701] {logging_mixin.py:115} INFO - [2025-01-05 10:20:07,701] {dagbag.py:507} INFO - Filling up the DagBag from /home/daniel/Documents/Alura/python_apache_airflow_pipeline/venv/lib/python3.9/site-packages/airflow/example_dags/example_kubernetes_executor.py
[2025-01-05 10:20:07,719] {logging_mixin.py:115} INFO - [2025-01-05 10:20:07,719] {example_kubernetes_executor.py:39} WARNING - The example_kubernetes_executor example DAG requires the kubernetes provider. Please install it with: pip install apache-airflow[cncf.kubernetes]
[2025-01-05 10:20:07,720] {processor.py:653} WARNING - No viable dags retrieved from /home/daniel/Documents/Alura/python_apache_airflow_pipeline/venv/lib/python3.9/site-packages/airflow/example_dags/example_kubernetes_executor.py
[2025-01-05 10:20:07,735] {processor.py:161} INFO - Processing /home/daniel/Documents/Alura/python_apache_airflow_pipeline/venv/lib/python3.9/site-packages/airflow/example_dags/example_kubernetes_executor.py took 0.041 seconds
[2025-01-05 10:20:50,594] {processor.py:153} INFO - Started process (PID=11073) to work on /home/daniel/Documents/Alura/python_apache_airflow_pipeline/venv/lib/python3.9/site-packages/airflow/example_dags/example_kubernetes_executor.py
[2025-01-05 10:20:50,596] {processor.py:641} INFO - Processing file /home/daniel/Documents/Alura/python_apache_airflow_pipeline/venv/lib/python3.9/site-packages/airflow/example_dags/example_kubernetes_executor.py for tasks to queue
[2025-01-05 10:20:50,596] {logging_mixin.py:115} INFO - [2025-01-05 10:20:50,596] {dagbag.py:507} INFO - Filling up the DagBag from /home/daniel/Documents/Alura/python_apache_airflow_pipeline/venv/lib/python3.9/site-packages/airflow/example_dags/example_kubernetes_executor.py
[2025-01-05 10:20:50,623] {logging_mixin.py:115} INFO - [2025-01-05 10:20:50,622] {example_kubernetes_executor.py:39} WARNING - The example_kubernetes_executor example DAG requires the kubernetes provider. Please install it with: pip install apache-airflow[cncf.kubernetes]
[2025-01-05 10:20:50,623] {processor.py:653} WARNING - No viable dags retrieved from /home/daniel/Documents/Alura/python_apache_airflow_pipeline/venv/lib/python3.9/site-packages/airflow/example_dags/example_kubernetes_executor.py
[2025-01-05 10:20:50,645] {processor.py:161} INFO - Processing /home/daniel/Documents/Alura/python_apache_airflow_pipeline/venv/lib/python3.9/site-packages/airflow/example_dags/example_kubernetes_executor.py took 0.059 seconds
[2025-01-05 10:22:18,656] {processor.py:153} INFO - Started process (PID=12286) to work on /home/daniel/Documents/Alura/python_apache_airflow_pipeline/venv/lib/python3.9/site-packages/airflow/example_dags/example_kubernetes_executor.py
[2025-01-05 10:22:18,667] {processor.py:641} INFO - Processing file /home/daniel/Documents/Alura/python_apache_airflow_pipeline/venv/lib/python3.9/site-packages/airflow/example_dags/example_kubernetes_executor.py for tasks to queue
[2025-01-05 10:22:18,668] {logging_mixin.py:115} INFO - [2025-01-05 10:22:18,667] {dagbag.py:507} INFO - Filling up the DagBag from /home/daniel/Documents/Alura/python_apache_airflow_pipeline/venv/lib/python3.9/site-packages/airflow/example_dags/example_kubernetes_executor.py
[2025-01-05 10:22:18,715] {logging_mixin.py:115} INFO - [2025-01-05 10:22:18,715] {example_kubernetes_executor.py:39} WARNING - The example_kubernetes_executor example DAG requires the kubernetes provider. Please install it with: pip install apache-airflow[cncf.kubernetes]
[2025-01-05 10:22:18,716] {processor.py:653} WARNING - No viable dags retrieved from /home/daniel/Documents/Alura/python_apache_airflow_pipeline/venv/lib/python3.9/site-packages/airflow/example_dags/example_kubernetes_executor.py
[2025-01-05 10:22:18,744] {processor.py:161} INFO - Processing /home/daniel/Documents/Alura/python_apache_airflow_pipeline/venv/lib/python3.9/site-packages/airflow/example_dags/example_kubernetes_executor.py took 0.101 seconds
[2025-01-05 10:23:01,720] {processor.py:153} INFO - Started process (PID=12706) to work on /home/daniel/Documents/Alura/python_apache_airflow_pipeline/venv/lib/python3.9/site-packages/airflow/example_dags/example_kubernetes_executor.py
[2025-01-05 10:23:01,730] {processor.py:641} INFO - Processing file /home/daniel/Documents/Alura/python_apache_airflow_pipeline/venv/lib/python3.9/site-packages/airflow/example_dags/example_kubernetes_executor.py for tasks to queue
[2025-01-05 10:23:01,732] {logging_mixin.py:115} INFO - [2025-01-05 10:23:01,731] {dagbag.py:507} INFO - Filling up the DagBag from /home/daniel/Documents/Alura/python_apache_airflow_pipeline/venv/lib/python3.9/site-packages/airflow/example_dags/example_kubernetes_executor.py
[2025-01-05 10:23:01,770] {logging_mixin.py:115} INFO - [2025-01-05 10:23:01,770] {example_kubernetes_executor.py:39} WARNING - The example_kubernetes_executor example DAG requires the kubernetes provider. Please install it with: pip install apache-airflow[cncf.kubernetes]
[2025-01-05 10:23:01,771] {processor.py:653} WARNING - No viable dags retrieved from /home/daniel/Documents/Alura/python_apache_airflow_pipeline/venv/lib/python3.9/site-packages/airflow/example_dags/example_kubernetes_executor.py
[2025-01-05 10:23:01,798] {processor.py:161} INFO - Processing /home/daniel/Documents/Alura/python_apache_airflow_pipeline/venv/lib/python3.9/site-packages/airflow/example_dags/example_kubernetes_executor.py took 0.082 seconds
[2025-01-05 10:23:44,903] {processor.py:153} INFO - Started process (PID=13078) to work on /home/daniel/Documents/Alura/python_apache_airflow_pipeline/venv/lib/python3.9/site-packages/airflow/example_dags/example_kubernetes_executor.py
[2025-01-05 10:23:44,904] {processor.py:641} INFO - Processing file /home/daniel/Documents/Alura/python_apache_airflow_pipeline/venv/lib/python3.9/site-packages/airflow/example_dags/example_kubernetes_executor.py for tasks to queue
[2025-01-05 10:23:44,906] {logging_mixin.py:115} INFO - [2025-01-05 10:23:44,906] {dagbag.py:507} INFO - Filling up the DagBag from /home/daniel/Documents/Alura/python_apache_airflow_pipeline/venv/lib/python3.9/site-packages/airflow/example_dags/example_kubernetes_executor.py
[2025-01-05 10:23:44,926] {logging_mixin.py:115} INFO - [2025-01-05 10:23:44,926] {example_kubernetes_executor.py:39} WARNING - The example_kubernetes_executor example DAG requires the kubernetes provider. Please install it with: pip install apache-airflow[cncf.kubernetes]
[2025-01-05 10:23:44,926] {processor.py:653} WARNING - No viable dags retrieved from /home/daniel/Documents/Alura/python_apache_airflow_pipeline/venv/lib/python3.9/site-packages/airflow/example_dags/example_kubernetes_executor.py
[2025-01-05 10:23:44,939] {processor.py:161} INFO - Processing /home/daniel/Documents/Alura/python_apache_airflow_pipeline/venv/lib/python3.9/site-packages/airflow/example_dags/example_kubernetes_executor.py took 0.041 seconds
[2025-01-05 10:24:38,518] {processor.py:153} INFO - Started process (PID=13624) to work on /home/daniel/Documents/Alura/python_apache_airflow_pipeline/venv/lib/python3.9/site-packages/airflow/example_dags/example_kubernetes_executor.py
[2025-01-05 10:24:38,519] {processor.py:641} INFO - Processing file /home/daniel/Documents/Alura/python_apache_airflow_pipeline/venv/lib/python3.9/site-packages/airflow/example_dags/example_kubernetes_executor.py for tasks to queue
[2025-01-05 10:24:38,522] {logging_mixin.py:115} INFO - [2025-01-05 10:24:38,522] {dagbag.py:507} INFO - Filling up the DagBag from /home/daniel/Documents/Alura/python_apache_airflow_pipeline/venv/lib/python3.9/site-packages/airflow/example_dags/example_kubernetes_executor.py
[2025-01-05 10:24:38,558] {logging_mixin.py:115} INFO - [2025-01-05 10:24:38,555] {example_kubernetes_executor.py:39} WARNING - The example_kubernetes_executor example DAG requires the kubernetes provider. Please install it with: pip install apache-airflow[cncf.kubernetes]
[2025-01-05 10:24:38,559] {processor.py:653} WARNING - No viable dags retrieved from /home/daniel/Documents/Alura/python_apache_airflow_pipeline/venv/lib/python3.9/site-packages/airflow/example_dags/example_kubernetes_executor.py
[2025-01-05 10:24:38,587] {processor.py:161} INFO - Processing /home/daniel/Documents/Alura/python_apache_airflow_pipeline/venv/lib/python3.9/site-packages/airflow/example_dags/example_kubernetes_executor.py took 0.080 seconds
[2025-01-05 10:25:39,042] {processor.py:153} INFO - Started process (PID=13906) to work on /home/daniel/Documents/Alura/python_apache_airflow_pipeline/venv/lib/python3.9/site-packages/airflow/example_dags/example_kubernetes_executor.py
[2025-01-05 10:25:39,046] {processor.py:641} INFO - Processing file /home/daniel/Documents/Alura/python_apache_airflow_pipeline/venv/lib/python3.9/site-packages/airflow/example_dags/example_kubernetes_executor.py for tasks to queue
[2025-01-05 10:25:39,047] {logging_mixin.py:115} INFO - [2025-01-05 10:25:39,047] {dagbag.py:507} INFO - Filling up the DagBag from /home/daniel/Documents/Alura/python_apache_airflow_pipeline/venv/lib/python3.9/site-packages/airflow/example_dags/example_kubernetes_executor.py
[2025-01-05 10:25:39,111] {logging_mixin.py:115} INFO - [2025-01-05 10:25:39,111] {example_kubernetes_executor.py:39} WARNING - The example_kubernetes_executor example DAG requires the kubernetes provider. Please install it with: pip install apache-airflow[cncf.kubernetes]
[2025-01-05 10:25:39,114] {processor.py:653} WARNING - No viable dags retrieved from /home/daniel/Documents/Alura/python_apache_airflow_pipeline/venv/lib/python3.9/site-packages/airflow/example_dags/example_kubernetes_executor.py
[2025-01-05 10:25:39,147] {processor.py:161} INFO - Processing /home/daniel/Documents/Alura/python_apache_airflow_pipeline/venv/lib/python3.9/site-packages/airflow/example_dags/example_kubernetes_executor.py took 0.116 seconds
[2025-01-05 10:26:41,150] {processor.py:153} INFO - Started process (PID=14336) to work on /home/daniel/Documents/Alura/python_apache_airflow_pipeline/venv/lib/python3.9/site-packages/airflow/example_dags/example_kubernetes_executor.py
[2025-01-05 10:26:41,154] {processor.py:641} INFO - Processing file /home/daniel/Documents/Alura/python_apache_airflow_pipeline/venv/lib/python3.9/site-packages/airflow/example_dags/example_kubernetes_executor.py for tasks to queue
[2025-01-05 10:26:41,155] {logging_mixin.py:115} INFO - [2025-01-05 10:26:41,155] {dagbag.py:507} INFO - Filling up the DagBag from /home/daniel/Documents/Alura/python_apache_airflow_pipeline/venv/lib/python3.9/site-packages/airflow/example_dags/example_kubernetes_executor.py
[2025-01-05 10:26:41,210] {logging_mixin.py:115} INFO - [2025-01-05 10:26:41,210] {example_kubernetes_executor.py:39} WARNING - The example_kubernetes_executor example DAG requires the kubernetes provider. Please install it with: pip install apache-airflow[cncf.kubernetes]
[2025-01-05 10:26:41,210] {processor.py:653} WARNING - No viable dags retrieved from /home/daniel/Documents/Alura/python_apache_airflow_pipeline/venv/lib/python3.9/site-packages/airflow/example_dags/example_kubernetes_executor.py
[2025-01-05 10:26:41,247] {processor.py:161} INFO - Processing /home/daniel/Documents/Alura/python_apache_airflow_pipeline/venv/lib/python3.9/site-packages/airflow/example_dags/example_kubernetes_executor.py took 0.120 seconds
[2025-01-05 10:27:44,978] {processor.py:153} INFO - Started process (PID=14796) to work on /home/daniel/Documents/Alura/python_apache_airflow_pipeline/venv/lib/python3.9/site-packages/airflow/example_dags/example_kubernetes_executor.py
[2025-01-05 10:27:44,982] {processor.py:641} INFO - Processing file /home/daniel/Documents/Alura/python_apache_airflow_pipeline/venv/lib/python3.9/site-packages/airflow/example_dags/example_kubernetes_executor.py for tasks to queue
[2025-01-05 10:27:44,982] {logging_mixin.py:115} INFO - [2025-01-05 10:27:44,982] {dagbag.py:507} INFO - Filling up the DagBag from /home/daniel/Documents/Alura/python_apache_airflow_pipeline/venv/lib/python3.9/site-packages/airflow/example_dags/example_kubernetes_executor.py
[2025-01-05 10:27:45,054] {logging_mixin.py:115} INFO - [2025-01-05 10:27:45,054] {example_kubernetes_executor.py:39} WARNING - The example_kubernetes_executor example DAG requires the kubernetes provider. Please install it with: pip install apache-airflow[cncf.kubernetes]
[2025-01-05 10:27:45,054] {processor.py:653} WARNING - No viable dags retrieved from /home/daniel/Documents/Alura/python_apache_airflow_pipeline/venv/lib/python3.9/site-packages/airflow/example_dags/example_kubernetes_executor.py
[2025-01-05 10:27:45,094] {processor.py:161} INFO - Processing /home/daniel/Documents/Alura/python_apache_airflow_pipeline/venv/lib/python3.9/site-packages/airflow/example_dags/example_kubernetes_executor.py took 0.127 seconds
[2025-01-05 10:28:59,698] {processor.py:153} INFO - Started process (PID=15336) to work on /home/daniel/Documents/Alura/python_apache_airflow_pipeline/venv/lib/python3.9/site-packages/airflow/example_dags/example_kubernetes_executor.py
[2025-01-05 10:28:59,702] {processor.py:641} INFO - Processing file /home/daniel/Documents/Alura/python_apache_airflow_pipeline/venv/lib/python3.9/site-packages/airflow/example_dags/example_kubernetes_executor.py for tasks to queue
[2025-01-05 10:28:59,710] {logging_mixin.py:115} INFO - [2025-01-05 10:28:59,710] {dagbag.py:507} INFO - Filling up the DagBag from /home/daniel/Documents/Alura/python_apache_airflow_pipeline/venv/lib/python3.9/site-packages/airflow/example_dags/example_kubernetes_executor.py
[2025-01-05 10:28:59,807] {logging_mixin.py:115} INFO - [2025-01-05 10:28:59,807] {example_kubernetes_executor.py:39} WARNING - The example_kubernetes_executor example DAG requires the kubernetes provider. Please install it with: pip install apache-airflow[cncf.kubernetes]
[2025-01-05 10:28:59,810] {processor.py:653} WARNING - No viable dags retrieved from /home/daniel/Documents/Alura/python_apache_airflow_pipeline/venv/lib/python3.9/site-packages/airflow/example_dags/example_kubernetes_executor.py
[2025-01-05 10:28:59,862] {processor.py:161} INFO - Processing /home/daniel/Documents/Alura/python_apache_airflow_pipeline/venv/lib/python3.9/site-packages/airflow/example_dags/example_kubernetes_executor.py took 0.180 seconds
[2025-01-05 10:30:52,878] {processor.py:153} INFO - Started process (PID=15617) to work on /home/daniel/Documents/Alura/python_apache_airflow_pipeline/venv/lib/python3.9/site-packages/airflow/example_dags/example_kubernetes_executor.py
[2025-01-05 10:30:52,882] {processor.py:641} INFO - Processing file /home/daniel/Documents/Alura/python_apache_airflow_pipeline/venv/lib/python3.9/site-packages/airflow/example_dags/example_kubernetes_executor.py for tasks to queue
[2025-01-05 10:30:52,926] {logging_mixin.py:115} INFO - [2025-01-05 10:30:52,922] {dagbag.py:507} INFO - Filling up the DagBag from /home/daniel/Documents/Alura/python_apache_airflow_pipeline/venv/lib/python3.9/site-packages/airflow/example_dags/example_kubernetes_executor.py
[2025-01-05 10:30:53,598] {logging_mixin.py:115} INFO - [2025-01-05 10:30:53,598] {example_kubernetes_executor.py:39} WARNING - The example_kubernetes_executor example DAG requires the kubernetes provider. Please install it with: pip install apache-airflow[cncf.kubernetes]
[2025-01-05 10:30:53,618] {processor.py:653} WARNING - No viable dags retrieved from /home/daniel/Documents/Alura/python_apache_airflow_pipeline/venv/lib/python3.9/site-packages/airflow/example_dags/example_kubernetes_executor.py
[2025-01-05 10:31:33,242] {processor.py:161} INFO - Processing /home/daniel/Documents/Alura/python_apache_airflow_pipeline/venv/lib/python3.9/site-packages/airflow/example_dags/example_kubernetes_executor.py took 1.862 seconds
[2025-01-05 10:32:11,195] {processor.py:153} INFO - Started process (PID=16027) to work on /home/daniel/Documents/Alura/python_apache_airflow_pipeline/venv/lib/python3.9/site-packages/airflow/example_dags/example_kubernetes_executor.py
[2025-01-05 10:32:11,197] {processor.py:641} INFO - Processing file /home/daniel/Documents/Alura/python_apache_airflow_pipeline/venv/lib/python3.9/site-packages/airflow/example_dags/example_kubernetes_executor.py for tasks to queue
[2025-01-05 10:32:11,198] {logging_mixin.py:115} INFO - [2025-01-05 10:32:11,198] {dagbag.py:507} INFO - Filling up the DagBag from /home/daniel/Documents/Alura/python_apache_airflow_pipeline/venv/lib/python3.9/site-packages/airflow/example_dags/example_kubernetes_executor.py
[2025-01-05 10:32:11,218] {logging_mixin.py:115} INFO - [2025-01-05 10:32:11,218] {example_kubernetes_executor.py:39} WARNING - The example_kubernetes_executor example DAG requires the kubernetes provider. Please install it with: pip install apache-airflow[cncf.kubernetes]
[2025-01-05 10:32:11,218] {processor.py:653} WARNING - No viable dags retrieved from /home/daniel/Documents/Alura/python_apache_airflow_pipeline/venv/lib/python3.9/site-packages/airflow/example_dags/example_kubernetes_executor.py
[2025-01-05 10:32:11,233] {processor.py:161} INFO - Processing /home/daniel/Documents/Alura/python_apache_airflow_pipeline/venv/lib/python3.9/site-packages/airflow/example_dags/example_kubernetes_executor.py took 0.045 seconds
[2025-01-05 10:32:46,516] {processor.py:153} INFO - Started process (PID=16436) to work on /home/daniel/Documents/Alura/python_apache_airflow_pipeline/venv/lib/python3.9/site-packages/airflow/example_dags/example_kubernetes_executor.py
[2025-01-05 10:32:46,518] {processor.py:641} INFO - Processing file /home/daniel/Documents/Alura/python_apache_airflow_pipeline/venv/lib/python3.9/site-packages/airflow/example_dags/example_kubernetes_executor.py for tasks to queue
[2025-01-05 10:32:46,518] {logging_mixin.py:115} INFO - [2025-01-05 10:32:46,518] {dagbag.py:507} INFO - Filling up the DagBag from /home/daniel/Documents/Alura/python_apache_airflow_pipeline/venv/lib/python3.9/site-packages/airflow/example_dags/example_kubernetes_executor.py
[2025-01-05 10:32:46,533] {logging_mixin.py:115} INFO - [2025-01-05 10:32:46,533] {example_kubernetes_executor.py:39} WARNING - The example_kubernetes_executor example DAG requires the kubernetes provider. Please install it with: pip install apache-airflow[cncf.kubernetes]
[2025-01-05 10:32:46,533] {processor.py:653} WARNING - No viable dags retrieved from /home/daniel/Documents/Alura/python_apache_airflow_pipeline/venv/lib/python3.9/site-packages/airflow/example_dags/example_kubernetes_executor.py
[2025-01-05 10:32:46,544] {processor.py:161} INFO - Processing /home/daniel/Documents/Alura/python_apache_airflow_pipeline/venv/lib/python3.9/site-packages/airflow/example_dags/example_kubernetes_executor.py took 0.031 seconds
[2025-01-05 10:33:29,048] {processor.py:153} INFO - Started process (PID=16755) to work on /home/daniel/Documents/Alura/python_apache_airflow_pipeline/venv/lib/python3.9/site-packages/airflow/example_dags/example_kubernetes_executor.py
[2025-01-05 10:33:29,050] {processor.py:641} INFO - Processing file /home/daniel/Documents/Alura/python_apache_airflow_pipeline/venv/lib/python3.9/site-packages/airflow/example_dags/example_kubernetes_executor.py for tasks to queue
[2025-01-05 10:33:29,050] {logging_mixin.py:115} INFO - [2025-01-05 10:33:29,050] {dagbag.py:507} INFO - Filling up the DagBag from /home/daniel/Documents/Alura/python_apache_airflow_pipeline/venv/lib/python3.9/site-packages/airflow/example_dags/example_kubernetes_executor.py
[2025-01-05 10:33:29,068] {logging_mixin.py:115} INFO - [2025-01-05 10:33:29,068] {example_kubernetes_executor.py:39} WARNING - The example_kubernetes_executor example DAG requires the kubernetes provider. Please install it with: pip install apache-airflow[cncf.kubernetes]
[2025-01-05 10:33:29,068] {processor.py:653} WARNING - No viable dags retrieved from /home/daniel/Documents/Alura/python_apache_airflow_pipeline/venv/lib/python3.9/site-packages/airflow/example_dags/example_kubernetes_executor.py
[2025-01-05 10:33:29,076] {processor.py:161} INFO - Processing /home/daniel/Documents/Alura/python_apache_airflow_pipeline/venv/lib/python3.9/site-packages/airflow/example_dags/example_kubernetes_executor.py took 0.031 seconds
[2025-01-05 10:34:08,213] {processor.py:153} INFO - Started process (PID=16801) to work on /home/daniel/Documents/Alura/python_apache_airflow_pipeline/venv/lib/python3.9/site-packages/airflow/example_dags/example_kubernetes_executor.py
[2025-01-05 10:34:08,214] {processor.py:641} INFO - Processing file /home/daniel/Documents/Alura/python_apache_airflow_pipeline/venv/lib/python3.9/site-packages/airflow/example_dags/example_kubernetes_executor.py for tasks to queue
[2025-01-05 10:34:08,215] {logging_mixin.py:115} INFO - [2025-01-05 10:34:08,215] {dagbag.py:507} INFO - Filling up the DagBag from /home/daniel/Documents/Alura/python_apache_airflow_pipeline/venv/lib/python3.9/site-packages/airflow/example_dags/example_kubernetes_executor.py
[2025-01-05 10:34:08,228] {logging_mixin.py:115} INFO - [2025-01-05 10:34:08,228] {example_kubernetes_executor.py:39} WARNING - The example_kubernetes_executor example DAG requires the kubernetes provider. Please install it with: pip install apache-airflow[cncf.kubernetes]
[2025-01-05 10:34:08,228] {processor.py:653} WARNING - No viable dags retrieved from /home/daniel/Documents/Alura/python_apache_airflow_pipeline/venv/lib/python3.9/site-packages/airflow/example_dags/example_kubernetes_executor.py
[2025-01-05 10:34:08,238] {processor.py:161} INFO - Processing /home/daniel/Documents/Alura/python_apache_airflow_pipeline/venv/lib/python3.9/site-packages/airflow/example_dags/example_kubernetes_executor.py took 0.028 seconds
[2025-01-05 10:34:42,996] {processor.py:153} INFO - Started process (PID=16844) to work on /home/daniel/Documents/Alura/python_apache_airflow_pipeline/venv/lib/python3.9/site-packages/airflow/example_dags/example_kubernetes_executor.py
[2025-01-05 10:34:42,998] {processor.py:641} INFO - Processing file /home/daniel/Documents/Alura/python_apache_airflow_pipeline/venv/lib/python3.9/site-packages/airflow/example_dags/example_kubernetes_executor.py for tasks to queue
[2025-01-05 10:34:42,999] {logging_mixin.py:115} INFO - [2025-01-05 10:34:42,999] {dagbag.py:507} INFO - Filling up the DagBag from /home/daniel/Documents/Alura/python_apache_airflow_pipeline/venv/lib/python3.9/site-packages/airflow/example_dags/example_kubernetes_executor.py
[2025-01-05 10:34:43,012] {logging_mixin.py:115} INFO - [2025-01-05 10:34:43,012] {example_kubernetes_executor.py:39} WARNING - The example_kubernetes_executor example DAG requires the kubernetes provider. Please install it with: pip install apache-airflow[cncf.kubernetes]
[2025-01-05 10:34:43,012] {processor.py:653} WARNING - No viable dags retrieved from /home/daniel/Documents/Alura/python_apache_airflow_pipeline/venv/lib/python3.9/site-packages/airflow/example_dags/example_kubernetes_executor.py
[2025-01-05 10:34:43,021] {processor.py:161} INFO - Processing /home/daniel/Documents/Alura/python_apache_airflow_pipeline/venv/lib/python3.9/site-packages/airflow/example_dags/example_kubernetes_executor.py took 0.028 seconds
[2025-01-05 10:35:23,064] {processor.py:153} INFO - Started process (PID=16884) to work on /home/daniel/Documents/Alura/python_apache_airflow_pipeline/venv/lib/python3.9/site-packages/airflow/example_dags/example_kubernetes_executor.py
[2025-01-05 10:35:23,065] {processor.py:641} INFO - Processing file /home/daniel/Documents/Alura/python_apache_airflow_pipeline/venv/lib/python3.9/site-packages/airflow/example_dags/example_kubernetes_executor.py for tasks to queue
[2025-01-05 10:35:23,067] {logging_mixin.py:115} INFO - [2025-01-05 10:35:23,066] {dagbag.py:507} INFO - Filling up the DagBag from /home/daniel/Documents/Alura/python_apache_airflow_pipeline/venv/lib/python3.9/site-packages/airflow/example_dags/example_kubernetes_executor.py
[2025-01-05 10:35:23,084] {logging_mixin.py:115} INFO - [2025-01-05 10:35:23,084] {example_kubernetes_executor.py:39} WARNING - The example_kubernetes_executor example DAG requires the kubernetes provider. Please install it with: pip install apache-airflow[cncf.kubernetes]
[2025-01-05 10:35:23,084] {processor.py:653} WARNING - No viable dags retrieved from /home/daniel/Documents/Alura/python_apache_airflow_pipeline/venv/lib/python3.9/site-packages/airflow/example_dags/example_kubernetes_executor.py
[2025-01-05 10:35:23,099] {processor.py:161} INFO - Processing /home/daniel/Documents/Alura/python_apache_airflow_pipeline/venv/lib/python3.9/site-packages/airflow/example_dags/example_kubernetes_executor.py took 0.039 seconds
[2025-01-05 10:36:03,627] {processor.py:153} INFO - Started process (PID=17033) to work on /home/daniel/Documents/Alura/python_apache_airflow_pipeline/venv/lib/python3.9/site-packages/airflow/example_dags/example_kubernetes_executor.py
[2025-01-05 10:36:03,628] {processor.py:641} INFO - Processing file /home/daniel/Documents/Alura/python_apache_airflow_pipeline/venv/lib/python3.9/site-packages/airflow/example_dags/example_kubernetes_executor.py for tasks to queue
[2025-01-05 10:36:03,629] {logging_mixin.py:115} INFO - [2025-01-05 10:36:03,628] {dagbag.py:507} INFO - Filling up the DagBag from /home/daniel/Documents/Alura/python_apache_airflow_pipeline/venv/lib/python3.9/site-packages/airflow/example_dags/example_kubernetes_executor.py
[2025-01-05 10:36:03,643] {logging_mixin.py:115} INFO - [2025-01-05 10:36:03,643] {example_kubernetes_executor.py:39} WARNING - The example_kubernetes_executor example DAG requires the kubernetes provider. Please install it with: pip install apache-airflow[cncf.kubernetes]
[2025-01-05 10:36:03,643] {processor.py:653} WARNING - No viable dags retrieved from /home/daniel/Documents/Alura/python_apache_airflow_pipeline/venv/lib/python3.9/site-packages/airflow/example_dags/example_kubernetes_executor.py
[2025-01-05 10:36:03,652] {processor.py:161} INFO - Processing /home/daniel/Documents/Alura/python_apache_airflow_pipeline/venv/lib/python3.9/site-packages/airflow/example_dags/example_kubernetes_executor.py took 0.028 seconds
[2025-01-05 10:36:44,301] {processor.py:153} INFO - Started process (PID=17082) to work on /home/daniel/Documents/Alura/python_apache_airflow_pipeline/venv/lib/python3.9/site-packages/airflow/example_dags/example_kubernetes_executor.py
[2025-01-05 10:36:44,304] {processor.py:641} INFO - Processing file /home/daniel/Documents/Alura/python_apache_airflow_pipeline/venv/lib/python3.9/site-packages/airflow/example_dags/example_kubernetes_executor.py for tasks to queue
[2025-01-05 10:36:44,304] {logging_mixin.py:115} INFO - [2025-01-05 10:36:44,304] {dagbag.py:507} INFO - Filling up the DagBag from /home/daniel/Documents/Alura/python_apache_airflow_pipeline/venv/lib/python3.9/site-packages/airflow/example_dags/example_kubernetes_executor.py
[2025-01-05 10:36:44,329] {logging_mixin.py:115} INFO - [2025-01-05 10:36:44,329] {example_kubernetes_executor.py:39} WARNING - The example_kubernetes_executor example DAG requires the kubernetes provider. Please install it with: pip install apache-airflow[cncf.kubernetes]
[2025-01-05 10:36:44,329] {processor.py:653} WARNING - No viable dags retrieved from /home/daniel/Documents/Alura/python_apache_airflow_pipeline/venv/lib/python3.9/site-packages/airflow/example_dags/example_kubernetes_executor.py
[2025-01-05 10:36:44,347] {processor.py:161} INFO - Processing /home/daniel/Documents/Alura/python_apache_airflow_pipeline/venv/lib/python3.9/site-packages/airflow/example_dags/example_kubernetes_executor.py took 0.054 seconds
[2025-01-05 10:37:23,073] {processor.py:153} INFO - Started process (PID=17181) to work on /home/daniel/Documents/Alura/python_apache_airflow_pipeline/venv/lib/python3.9/site-packages/airflow/example_dags/example_kubernetes_executor.py
[2025-01-05 10:37:23,076] {processor.py:641} INFO - Processing file /home/daniel/Documents/Alura/python_apache_airflow_pipeline/venv/lib/python3.9/site-packages/airflow/example_dags/example_kubernetes_executor.py for tasks to queue
[2025-01-05 10:37:23,076] {logging_mixin.py:115} INFO - [2025-01-05 10:37:23,076] {dagbag.py:507} INFO - Filling up the DagBag from /home/daniel/Documents/Alura/python_apache_airflow_pipeline/venv/lib/python3.9/site-packages/airflow/example_dags/example_kubernetes_executor.py
[2025-01-05 10:37:23,093] {logging_mixin.py:115} INFO - [2025-01-05 10:37:23,093] {example_kubernetes_executor.py:39} WARNING - The example_kubernetes_executor example DAG requires the kubernetes provider. Please install it with: pip install apache-airflow[cncf.kubernetes]
[2025-01-05 10:37:23,095] {processor.py:653} WARNING - No viable dags retrieved from /home/daniel/Documents/Alura/python_apache_airflow_pipeline/venv/lib/python3.9/site-packages/airflow/example_dags/example_kubernetes_executor.py
[2025-01-05 10:37:23,107] {processor.py:161} INFO - Processing /home/daniel/Documents/Alura/python_apache_airflow_pipeline/venv/lib/python3.9/site-packages/airflow/example_dags/example_kubernetes_executor.py took 0.037 seconds
[2025-01-05 10:38:11,860] {processor.py:153} INFO - Started process (PID=17477) to work on /home/daniel/Documents/Alura/python_apache_airflow_pipeline/venv/lib/python3.9/site-packages/airflow/example_dags/example_kubernetes_executor.py
[2025-01-05 10:38:11,863] {processor.py:641} INFO - Processing file /home/daniel/Documents/Alura/python_apache_airflow_pipeline/venv/lib/python3.9/site-packages/airflow/example_dags/example_kubernetes_executor.py for tasks to queue
[2025-01-05 10:38:11,864] {logging_mixin.py:115} INFO - [2025-01-05 10:38:11,864] {dagbag.py:507} INFO - Filling up the DagBag from /home/daniel/Documents/Alura/python_apache_airflow_pipeline/venv/lib/python3.9/site-packages/airflow/example_dags/example_kubernetes_executor.py
[2025-01-05 10:38:11,893] {logging_mixin.py:115} INFO - [2025-01-05 10:38:11,893] {example_kubernetes_executor.py:39} WARNING - The example_kubernetes_executor example DAG requires the kubernetes provider. Please install it with: pip install apache-airflow[cncf.kubernetes]
[2025-01-05 10:38:11,894] {processor.py:653} WARNING - No viable dags retrieved from /home/daniel/Documents/Alura/python_apache_airflow_pipeline/venv/lib/python3.9/site-packages/airflow/example_dags/example_kubernetes_executor.py
[2025-01-05 10:38:11,920] {processor.py:161} INFO - Processing /home/daniel/Documents/Alura/python_apache_airflow_pipeline/venv/lib/python3.9/site-packages/airflow/example_dags/example_kubernetes_executor.py took 0.065 seconds
[2025-01-05 10:38:55,007] {processor.py:153} INFO - Started process (PID=17550) to work on /home/daniel/Documents/Alura/python_apache_airflow_pipeline/venv/lib/python3.9/site-packages/airflow/example_dags/example_kubernetes_executor.py
[2025-01-05 10:38:55,012] {processor.py:641} INFO - Processing file /home/daniel/Documents/Alura/python_apache_airflow_pipeline/venv/lib/python3.9/site-packages/airflow/example_dags/example_kubernetes_executor.py for tasks to queue
[2025-01-05 10:38:55,015] {logging_mixin.py:115} INFO - [2025-01-05 10:38:55,013] {dagbag.py:507} INFO - Filling up the DagBag from /home/daniel/Documents/Alura/python_apache_airflow_pipeline/venv/lib/python3.9/site-packages/airflow/example_dags/example_kubernetes_executor.py
[2025-01-05 10:38:55,056] {logging_mixin.py:115} INFO - [2025-01-05 10:38:55,056] {example_kubernetes_executor.py:39} WARNING - The example_kubernetes_executor example DAG requires the kubernetes provider. Please install it with: pip install apache-airflow[cncf.kubernetes]
[2025-01-05 10:38:55,059] {processor.py:653} WARNING - No viable dags retrieved from /home/daniel/Documents/Alura/python_apache_airflow_pipeline/venv/lib/python3.9/site-packages/airflow/example_dags/example_kubernetes_executor.py
[2025-01-05 10:38:55,089] {processor.py:161} INFO - Processing /home/daniel/Documents/Alura/python_apache_airflow_pipeline/venv/lib/python3.9/site-packages/airflow/example_dags/example_kubernetes_executor.py took 0.092 seconds
[2025-01-05 10:39:41,367] {processor.py:153} INFO - Started process (PID=17722) to work on /home/daniel/Documents/Alura/python_apache_airflow_pipeline/venv/lib/python3.9/site-packages/airflow/example_dags/example_kubernetes_executor.py
[2025-01-05 10:39:41,371] {processor.py:641} INFO - Processing file /home/daniel/Documents/Alura/python_apache_airflow_pipeline/venv/lib/python3.9/site-packages/airflow/example_dags/example_kubernetes_executor.py for tasks to queue
[2025-01-05 10:39:41,372] {logging_mixin.py:115} INFO - [2025-01-05 10:39:41,372] {dagbag.py:507} INFO - Filling up the DagBag from /home/daniel/Documents/Alura/python_apache_airflow_pipeline/venv/lib/python3.9/site-packages/airflow/example_dags/example_kubernetes_executor.py
[2025-01-05 10:39:41,440] {logging_mixin.py:115} INFO - [2025-01-05 10:39:41,440] {example_kubernetes_executor.py:39} WARNING - The example_kubernetes_executor example DAG requires the kubernetes provider. Please install it with: pip install apache-airflow[cncf.kubernetes]
[2025-01-05 10:39:41,440] {processor.py:653} WARNING - No viable dags retrieved from /home/daniel/Documents/Alura/python_apache_airflow_pipeline/venv/lib/python3.9/site-packages/airflow/example_dags/example_kubernetes_executor.py
[2025-01-05 10:39:41,480] {processor.py:161} INFO - Processing /home/daniel/Documents/Alura/python_apache_airflow_pipeline/venv/lib/python3.9/site-packages/airflow/example_dags/example_kubernetes_executor.py took 0.125 seconds
[2025-01-05 10:40:53,256] {processor.py:153} INFO - Started process (PID=18153) to work on /home/daniel/Documents/Alura/python_apache_airflow_pipeline/venv/lib/python3.9/site-packages/airflow/example_dags/example_kubernetes_executor.py
[2025-01-05 10:40:53,263] {processor.py:641} INFO - Processing file /home/daniel/Documents/Alura/python_apache_airflow_pipeline/venv/lib/python3.9/site-packages/airflow/example_dags/example_kubernetes_executor.py for tasks to queue
[2025-01-05 10:40:53,264] {logging_mixin.py:115} INFO - [2025-01-05 10:40:53,264] {dagbag.py:507} INFO - Filling up the DagBag from /home/daniel/Documents/Alura/python_apache_airflow_pipeline/venv/lib/python3.9/site-packages/airflow/example_dags/example_kubernetes_executor.py
[2025-01-05 10:40:53,307] {logging_mixin.py:115} INFO - [2025-01-05 10:40:53,307] {example_kubernetes_executor.py:39} WARNING - The example_kubernetes_executor example DAG requires the kubernetes provider. Please install it with: pip install apache-airflow[cncf.kubernetes]
[2025-01-05 10:40:53,308] {processor.py:653} WARNING - No viable dags retrieved from /home/daniel/Documents/Alura/python_apache_airflow_pipeline/venv/lib/python3.9/site-packages/airflow/example_dags/example_kubernetes_executor.py
[2025-01-05 10:40:53,339] {processor.py:161} INFO - Processing /home/daniel/Documents/Alura/python_apache_airflow_pipeline/venv/lib/python3.9/site-packages/airflow/example_dags/example_kubernetes_executor.py took 0.088 seconds
[2025-01-05 10:45:42,848] {processor.py:153} INFO - Started process (PID=18670) to work on /home/daniel/Documents/Alura/python_apache_airflow_pipeline/venv/lib/python3.9/site-packages/airflow/example_dags/example_kubernetes_executor.py
[2025-01-05 10:45:42,851] {processor.py:641} INFO - Processing file /home/daniel/Documents/Alura/python_apache_airflow_pipeline/venv/lib/python3.9/site-packages/airflow/example_dags/example_kubernetes_executor.py for tasks to queue
[2025-01-05 10:45:42,851] {logging_mixin.py:115} INFO - [2025-01-05 10:45:42,851] {dagbag.py:507} INFO - Filling up the DagBag from /home/daniel/Documents/Alura/python_apache_airflow_pipeline/venv/lib/python3.9/site-packages/airflow/example_dags/example_kubernetes_executor.py
[2025-01-05 10:45:42,874] {logging_mixin.py:115} INFO - [2025-01-05 10:45:42,873] {example_kubernetes_executor.py:39} WARNING - The example_kubernetes_executor example DAG requires the kubernetes provider. Please install it with: pip install apache-airflow[cncf.kubernetes]
[2025-01-05 10:45:42,874] {processor.py:653} WARNING - No viable dags retrieved from /home/daniel/Documents/Alura/python_apache_airflow_pipeline/venv/lib/python3.9/site-packages/airflow/example_dags/example_kubernetes_executor.py
[2025-01-05 10:45:42,893] {processor.py:161} INFO - Processing /home/daniel/Documents/Alura/python_apache_airflow_pipeline/venv/lib/python3.9/site-packages/airflow/example_dags/example_kubernetes_executor.py took 0.050 seconds
[2025-01-05 10:46:20,548] {processor.py:153} INFO - Started process (PID=18824) to work on /home/daniel/Documents/Alura/python_apache_airflow_pipeline/venv/lib/python3.9/site-packages/airflow/example_dags/example_kubernetes_executor.py
[2025-01-05 10:46:20,550] {processor.py:641} INFO - Processing file /home/daniel/Documents/Alura/python_apache_airflow_pipeline/venv/lib/python3.9/site-packages/airflow/example_dags/example_kubernetes_executor.py for tasks to queue
[2025-01-05 10:46:20,552] {logging_mixin.py:115} INFO - [2025-01-05 10:46:20,552] {dagbag.py:507} INFO - Filling up the DagBag from /home/daniel/Documents/Alura/python_apache_airflow_pipeline/venv/lib/python3.9/site-packages/airflow/example_dags/example_kubernetes_executor.py
[2025-01-05 10:46:20,581] {logging_mixin.py:115} INFO - [2025-01-05 10:46:20,581] {example_kubernetes_executor.py:39} WARNING - The example_kubernetes_executor example DAG requires the kubernetes provider. Please install it with: pip install apache-airflow[cncf.kubernetes]
[2025-01-05 10:46:20,581] {processor.py:653} WARNING - No viable dags retrieved from /home/daniel/Documents/Alura/python_apache_airflow_pipeline/venv/lib/python3.9/site-packages/airflow/example_dags/example_kubernetes_executor.py
[2025-01-05 10:46:20,598] {processor.py:161} INFO - Processing /home/daniel/Documents/Alura/python_apache_airflow_pipeline/venv/lib/python3.9/site-packages/airflow/example_dags/example_kubernetes_executor.py took 0.056 seconds
[2025-01-05 10:46:59,680] {processor.py:153} INFO - Started process (PID=19111) to work on /home/daniel/Documents/Alura/python_apache_airflow_pipeline/venv/lib/python3.9/site-packages/airflow/example_dags/example_kubernetes_executor.py
[2025-01-05 10:46:59,681] {processor.py:641} INFO - Processing file /home/daniel/Documents/Alura/python_apache_airflow_pipeline/venv/lib/python3.9/site-packages/airflow/example_dags/example_kubernetes_executor.py for tasks to queue
[2025-01-05 10:46:59,682] {logging_mixin.py:115} INFO - [2025-01-05 10:46:59,681] {dagbag.py:507} INFO - Filling up the DagBag from /home/daniel/Documents/Alura/python_apache_airflow_pipeline/venv/lib/python3.9/site-packages/airflow/example_dags/example_kubernetes_executor.py
[2025-01-05 10:46:59,698] {logging_mixin.py:115} INFO - [2025-01-05 10:46:59,698] {example_kubernetes_executor.py:39} WARNING - The example_kubernetes_executor example DAG requires the kubernetes provider. Please install it with: pip install apache-airflow[cncf.kubernetes]
[2025-01-05 10:46:59,698] {processor.py:653} WARNING - No viable dags retrieved from /home/daniel/Documents/Alura/python_apache_airflow_pipeline/venv/lib/python3.9/site-packages/airflow/example_dags/example_kubernetes_executor.py
[2025-01-05 10:46:59,712] {processor.py:161} INFO - Processing /home/daniel/Documents/Alura/python_apache_airflow_pipeline/venv/lib/python3.9/site-packages/airflow/example_dags/example_kubernetes_executor.py took 0.036 seconds
[2025-01-05 10:47:39,522] {processor.py:153} INFO - Started process (PID=19310) to work on /home/daniel/Documents/Alura/python_apache_airflow_pipeline/venv/lib/python3.9/site-packages/airflow/example_dags/example_kubernetes_executor.py
[2025-01-05 10:47:39,523] {processor.py:641} INFO - Processing file /home/daniel/Documents/Alura/python_apache_airflow_pipeline/venv/lib/python3.9/site-packages/airflow/example_dags/example_kubernetes_executor.py for tasks to queue
[2025-01-05 10:47:39,524] {logging_mixin.py:115} INFO - [2025-01-05 10:47:39,524] {dagbag.py:507} INFO - Filling up the DagBag from /home/daniel/Documents/Alura/python_apache_airflow_pipeline/venv/lib/python3.9/site-packages/airflow/example_dags/example_kubernetes_executor.py
[2025-01-05 10:47:39,549] {logging_mixin.py:115} INFO - [2025-01-05 10:47:39,549] {example_kubernetes_executor.py:39} WARNING - The example_kubernetes_executor example DAG requires the kubernetes provider. Please install it with: pip install apache-airflow[cncf.kubernetes]
[2025-01-05 10:47:39,549] {processor.py:653} WARNING - No viable dags retrieved from /home/daniel/Documents/Alura/python_apache_airflow_pipeline/venv/lib/python3.9/site-packages/airflow/example_dags/example_kubernetes_executor.py
[2025-01-05 10:47:39,564] {processor.py:161} INFO - Processing /home/daniel/Documents/Alura/python_apache_airflow_pipeline/venv/lib/python3.9/site-packages/airflow/example_dags/example_kubernetes_executor.py took 0.046 seconds
[2025-01-05 10:52:49,232] {processor.py:153} INFO - Started process (PID=3894) to work on /home/daniel/Documents/Alura/python_apache_airflow_pipeline/venv/lib/python3.9/site-packages/airflow/example_dags/example_kubernetes_executor.py
[2025-01-05 10:52:49,235] {processor.py:641} INFO - Processing file /home/daniel/Documents/Alura/python_apache_airflow_pipeline/venv/lib/python3.9/site-packages/airflow/example_dags/example_kubernetes_executor.py for tasks to queue
[2025-01-05 10:52:49,235] {logging_mixin.py:115} INFO - [2025-01-05 10:52:49,235] {dagbag.py:507} INFO - Filling up the DagBag from /home/daniel/Documents/Alura/python_apache_airflow_pipeline/venv/lib/python3.9/site-packages/airflow/example_dags/example_kubernetes_executor.py
[2025-01-05 10:52:49,246] {logging_mixin.py:115} INFO - [2025-01-05 10:52:49,246] {example_kubernetes_executor.py:39} WARNING - The example_kubernetes_executor example DAG requires the kubernetes provider. Please install it with: pip install apache-airflow[cncf.kubernetes]
[2025-01-05 10:52:49,247] {processor.py:653} WARNING - No viable dags retrieved from /home/daniel/Documents/Alura/python_apache_airflow_pipeline/venv/lib/python3.9/site-packages/airflow/example_dags/example_kubernetes_executor.py
[2025-01-05 10:52:49,255] {processor.py:161} INFO - Processing /home/daniel/Documents/Alura/python_apache_airflow_pipeline/venv/lib/python3.9/site-packages/airflow/example_dags/example_kubernetes_executor.py took 0.026 seconds
[2025-01-05 10:53:28,385] {processor.py:153} INFO - Started process (PID=3941) to work on /home/daniel/Documents/Alura/python_apache_airflow_pipeline/venv/lib/python3.9/site-packages/airflow/example_dags/example_kubernetes_executor.py
[2025-01-05 10:53:28,387] {processor.py:641} INFO - Processing file /home/daniel/Documents/Alura/python_apache_airflow_pipeline/venv/lib/python3.9/site-packages/airflow/example_dags/example_kubernetes_executor.py for tasks to queue
[2025-01-05 10:53:28,387] {logging_mixin.py:115} INFO - [2025-01-05 10:53:28,387] {dagbag.py:507} INFO - Filling up the DagBag from /home/daniel/Documents/Alura/python_apache_airflow_pipeline/venv/lib/python3.9/site-packages/airflow/example_dags/example_kubernetes_executor.py
[2025-01-05 10:53:28,401] {logging_mixin.py:115} INFO - [2025-01-05 10:53:28,401] {example_kubernetes_executor.py:39} WARNING - The example_kubernetes_executor example DAG requires the kubernetes provider. Please install it with: pip install apache-airflow[cncf.kubernetes]
[2025-01-05 10:53:28,402] {processor.py:653} WARNING - No viable dags retrieved from /home/daniel/Documents/Alura/python_apache_airflow_pipeline/venv/lib/python3.9/site-packages/airflow/example_dags/example_kubernetes_executor.py
[2025-01-05 10:53:28,410] {processor.py:161} INFO - Processing /home/daniel/Documents/Alura/python_apache_airflow_pipeline/venv/lib/python3.9/site-packages/airflow/example_dags/example_kubernetes_executor.py took 0.027 seconds
[2025-01-05 10:54:03,326] {processor.py:153} INFO - Started process (PID=3983) to work on /home/daniel/Documents/Alura/python_apache_airflow_pipeline/venv/lib/python3.9/site-packages/airflow/example_dags/example_kubernetes_executor.py
[2025-01-05 10:54:03,327] {processor.py:641} INFO - Processing file /home/daniel/Documents/Alura/python_apache_airflow_pipeline/venv/lib/python3.9/site-packages/airflow/example_dags/example_kubernetes_executor.py for tasks to queue
[2025-01-05 10:54:03,327] {logging_mixin.py:115} INFO - [2025-01-05 10:54:03,327] {dagbag.py:507} INFO - Filling up the DagBag from /home/daniel/Documents/Alura/python_apache_airflow_pipeline/venv/lib/python3.9/site-packages/airflow/example_dags/example_kubernetes_executor.py
[2025-01-05 10:54:03,338] {logging_mixin.py:115} INFO - [2025-01-05 10:54:03,338] {example_kubernetes_executor.py:39} WARNING - The example_kubernetes_executor example DAG requires the kubernetes provider. Please install it with: pip install apache-airflow[cncf.kubernetes]
[2025-01-05 10:54:03,338] {processor.py:653} WARNING - No viable dags retrieved from /home/daniel/Documents/Alura/python_apache_airflow_pipeline/venv/lib/python3.9/site-packages/airflow/example_dags/example_kubernetes_executor.py
[2025-01-05 10:54:03,346] {processor.py:161} INFO - Processing /home/daniel/Documents/Alura/python_apache_airflow_pipeline/venv/lib/python3.9/site-packages/airflow/example_dags/example_kubernetes_executor.py took 0.023 seconds
[2025-01-05 10:54:40,754] {processor.py:153} INFO - Started process (PID=4025) to work on /home/daniel/Documents/Alura/python_apache_airflow_pipeline/venv/lib/python3.9/site-packages/airflow/example_dags/example_kubernetes_executor.py
[2025-01-05 10:54:40,757] {processor.py:641} INFO - Processing file /home/daniel/Documents/Alura/python_apache_airflow_pipeline/venv/lib/python3.9/site-packages/airflow/example_dags/example_kubernetes_executor.py for tasks to queue
[2025-01-05 10:54:40,757] {logging_mixin.py:115} INFO - [2025-01-05 10:54:40,757] {dagbag.py:507} INFO - Filling up the DagBag from /home/daniel/Documents/Alura/python_apache_airflow_pipeline/venv/lib/python3.9/site-packages/airflow/example_dags/example_kubernetes_executor.py
[2025-01-05 10:54:40,770] {logging_mixin.py:115} INFO - [2025-01-05 10:54:40,769] {example_kubernetes_executor.py:39} WARNING - The example_kubernetes_executor example DAG requires the kubernetes provider. Please install it with: pip install apache-airflow[cncf.kubernetes]
[2025-01-05 10:54:40,770] {processor.py:653} WARNING - No viable dags retrieved from /home/daniel/Documents/Alura/python_apache_airflow_pipeline/venv/lib/python3.9/site-packages/airflow/example_dags/example_kubernetes_executor.py
[2025-01-05 10:54:40,780] {processor.py:161} INFO - Processing /home/daniel/Documents/Alura/python_apache_airflow_pipeline/venv/lib/python3.9/site-packages/airflow/example_dags/example_kubernetes_executor.py took 0.029 seconds
[2025-01-05 10:55:17,592] {processor.py:153} INFO - Started process (PID=4074) to work on /home/daniel/Documents/Alura/python_apache_airflow_pipeline/venv/lib/python3.9/site-packages/airflow/example_dags/example_kubernetes_executor.py
[2025-01-05 10:55:17,593] {processor.py:641} INFO - Processing file /home/daniel/Documents/Alura/python_apache_airflow_pipeline/venv/lib/python3.9/site-packages/airflow/example_dags/example_kubernetes_executor.py for tasks to queue
[2025-01-05 10:55:17,595] {logging_mixin.py:115} INFO - [2025-01-05 10:55:17,594] {dagbag.py:507} INFO - Filling up the DagBag from /home/daniel/Documents/Alura/python_apache_airflow_pipeline/venv/lib/python3.9/site-packages/airflow/example_dags/example_kubernetes_executor.py
[2025-01-05 10:55:17,610] {logging_mixin.py:115} INFO - [2025-01-05 10:55:17,609] {example_kubernetes_executor.py:39} WARNING - The example_kubernetes_executor example DAG requires the kubernetes provider. Please install it with: pip install apache-airflow[cncf.kubernetes]
[2025-01-05 10:55:17,611] {processor.py:653} WARNING - No viable dags retrieved from /home/daniel/Documents/Alura/python_apache_airflow_pipeline/venv/lib/python3.9/site-packages/airflow/example_dags/example_kubernetes_executor.py
[2025-01-05 10:55:17,621] {processor.py:161} INFO - Processing /home/daniel/Documents/Alura/python_apache_airflow_pipeline/venv/lib/python3.9/site-packages/airflow/example_dags/example_kubernetes_executor.py took 0.033 seconds
[2025-01-05 10:55:51,968] {processor.py:153} INFO - Started process (PID=4115) to work on /home/daniel/Documents/Alura/python_apache_airflow_pipeline/venv/lib/python3.9/site-packages/airflow/example_dags/example_kubernetes_executor.py
[2025-01-05 10:55:51,970] {processor.py:641} INFO - Processing file /home/daniel/Documents/Alura/python_apache_airflow_pipeline/venv/lib/python3.9/site-packages/airflow/example_dags/example_kubernetes_executor.py for tasks to queue
[2025-01-05 10:55:51,971] {logging_mixin.py:115} INFO - [2025-01-05 10:55:51,971] {dagbag.py:507} INFO - Filling up the DagBag from /home/daniel/Documents/Alura/python_apache_airflow_pipeline/venv/lib/python3.9/site-packages/airflow/example_dags/example_kubernetes_executor.py
[2025-01-05 10:55:51,987] {logging_mixin.py:115} INFO - [2025-01-05 10:55:51,987] {example_kubernetes_executor.py:39} WARNING - The example_kubernetes_executor example DAG requires the kubernetes provider. Please install it with: pip install apache-airflow[cncf.kubernetes]
[2025-01-05 10:55:51,988] {processor.py:653} WARNING - No viable dags retrieved from /home/daniel/Documents/Alura/python_apache_airflow_pipeline/venv/lib/python3.9/site-packages/airflow/example_dags/example_kubernetes_executor.py
[2025-01-05 10:55:52,002] {processor.py:161} INFO - Processing /home/daniel/Documents/Alura/python_apache_airflow_pipeline/venv/lib/python3.9/site-packages/airflow/example_dags/example_kubernetes_executor.py took 0.036 seconds
[2025-01-05 10:56:28,542] {processor.py:153} INFO - Started process (PID=4176) to work on /home/daniel/Documents/Alura/python_apache_airflow_pipeline/venv/lib/python3.9/site-packages/airflow/example_dags/example_kubernetes_executor.py
[2025-01-05 10:56:28,544] {processor.py:641} INFO - Processing file /home/daniel/Documents/Alura/python_apache_airflow_pipeline/venv/lib/python3.9/site-packages/airflow/example_dags/example_kubernetes_executor.py for tasks to queue
[2025-01-05 10:56:28,544] {logging_mixin.py:115} INFO - [2025-01-05 10:56:28,544] {dagbag.py:507} INFO - Filling up the DagBag from /home/daniel/Documents/Alura/python_apache_airflow_pipeline/venv/lib/python3.9/site-packages/airflow/example_dags/example_kubernetes_executor.py
[2025-01-05 10:56:28,561] {logging_mixin.py:115} INFO - [2025-01-05 10:56:28,561] {example_kubernetes_executor.py:39} WARNING - The example_kubernetes_executor example DAG requires the kubernetes provider. Please install it with: pip install apache-airflow[cncf.kubernetes]
[2025-01-05 10:56:28,562] {processor.py:653} WARNING - No viable dags retrieved from /home/daniel/Documents/Alura/python_apache_airflow_pipeline/venv/lib/python3.9/site-packages/airflow/example_dags/example_kubernetes_executor.py
[2025-01-05 10:56:28,572] {processor.py:161} INFO - Processing /home/daniel/Documents/Alura/python_apache_airflow_pipeline/venv/lib/python3.9/site-packages/airflow/example_dags/example_kubernetes_executor.py took 0.033 seconds
[2025-01-05 10:57:07,460] {processor.py:153} INFO - Started process (PID=4220) to work on /home/daniel/Documents/Alura/python_apache_airflow_pipeline/venv/lib/python3.9/site-packages/airflow/example_dags/example_kubernetes_executor.py
[2025-01-05 10:57:07,463] {processor.py:641} INFO - Processing file /home/daniel/Documents/Alura/python_apache_airflow_pipeline/venv/lib/python3.9/site-packages/airflow/example_dags/example_kubernetes_executor.py for tasks to queue
[2025-01-05 10:57:07,463] {logging_mixin.py:115} INFO - [2025-01-05 10:57:07,463] {dagbag.py:507} INFO - Filling up the DagBag from /home/daniel/Documents/Alura/python_apache_airflow_pipeline/venv/lib/python3.9/site-packages/airflow/example_dags/example_kubernetes_executor.py
[2025-01-05 10:57:07,484] {logging_mixin.py:115} INFO - [2025-01-05 10:57:07,484] {example_kubernetes_executor.py:39} WARNING - The example_kubernetes_executor example DAG requires the kubernetes provider. Please install it with: pip install apache-airflow[cncf.kubernetes]
[2025-01-05 10:57:07,484] {processor.py:653} WARNING - No viable dags retrieved from /home/daniel/Documents/Alura/python_apache_airflow_pipeline/venv/lib/python3.9/site-packages/airflow/example_dags/example_kubernetes_executor.py
[2025-01-05 10:57:07,500] {processor.py:161} INFO - Processing /home/daniel/Documents/Alura/python_apache_airflow_pipeline/venv/lib/python3.9/site-packages/airflow/example_dags/example_kubernetes_executor.py took 0.045 seconds
[2025-01-05 10:57:53,171] {processor.py:153} INFO - Started process (PID=4500) to work on /home/daniel/Documents/Alura/python_apache_airflow_pipeline/venv/lib/python3.9/site-packages/airflow/example_dags/example_kubernetes_executor.py
[2025-01-05 10:57:53,172] {processor.py:641} INFO - Processing file /home/daniel/Documents/Alura/python_apache_airflow_pipeline/venv/lib/python3.9/site-packages/airflow/example_dags/example_kubernetes_executor.py for tasks to queue
[2025-01-05 10:57:53,175] {logging_mixin.py:115} INFO - [2025-01-05 10:57:53,174] {dagbag.py:507} INFO - Filling up the DagBag from /home/daniel/Documents/Alura/python_apache_airflow_pipeline/venv/lib/python3.9/site-packages/airflow/example_dags/example_kubernetes_executor.py
[2025-01-05 10:57:53,200] {logging_mixin.py:115} INFO - [2025-01-05 10:57:53,200] {example_kubernetes_executor.py:39} WARNING - The example_kubernetes_executor example DAG requires the kubernetes provider. Please install it with: pip install apache-airflow[cncf.kubernetes]
[2025-01-05 10:57:53,201] {processor.py:653} WARNING - No viable dags retrieved from /home/daniel/Documents/Alura/python_apache_airflow_pipeline/venv/lib/python3.9/site-packages/airflow/example_dags/example_kubernetes_executor.py
[2025-01-05 10:57:53,214] {processor.py:161} INFO - Processing /home/daniel/Documents/Alura/python_apache_airflow_pipeline/venv/lib/python3.9/site-packages/airflow/example_dags/example_kubernetes_executor.py took 0.050 seconds
[2025-01-05 10:58:45,815] {processor.py:153} INFO - Started process (PID=5161) to work on /home/daniel/Documents/Alura/python_apache_airflow_pipeline/venv/lib/python3.9/site-packages/airflow/example_dags/example_kubernetes_executor.py
[2025-01-05 10:58:45,817] {processor.py:641} INFO - Processing file /home/daniel/Documents/Alura/python_apache_airflow_pipeline/venv/lib/python3.9/site-packages/airflow/example_dags/example_kubernetes_executor.py for tasks to queue
[2025-01-05 10:58:45,818] {logging_mixin.py:115} INFO - [2025-01-05 10:58:45,818] {dagbag.py:507} INFO - Filling up the DagBag from /home/daniel/Documents/Alura/python_apache_airflow_pipeline/venv/lib/python3.9/site-packages/airflow/example_dags/example_kubernetes_executor.py
[2025-01-05 10:58:45,836] {logging_mixin.py:115} INFO - [2025-01-05 10:58:45,835] {example_kubernetes_executor.py:39} WARNING - The example_kubernetes_executor example DAG requires the kubernetes provider. Please install it with: pip install apache-airflow[cncf.kubernetes]
[2025-01-05 10:58:45,836] {processor.py:653} WARNING - No viable dags retrieved from /home/daniel/Documents/Alura/python_apache_airflow_pipeline/venv/lib/python3.9/site-packages/airflow/example_dags/example_kubernetes_executor.py
[2025-01-05 10:58:45,851] {processor.py:161} INFO - Processing /home/daniel/Documents/Alura/python_apache_airflow_pipeline/venv/lib/python3.9/site-packages/airflow/example_dags/example_kubernetes_executor.py took 0.040 seconds
[2025-01-05 10:59:24,480] {processor.py:153} INFO - Started process (PID=5400) to work on /home/daniel/Documents/Alura/python_apache_airflow_pipeline/venv/lib/python3.9/site-packages/airflow/example_dags/example_kubernetes_executor.py
[2025-01-05 10:59:24,483] {processor.py:641} INFO - Processing file /home/daniel/Documents/Alura/python_apache_airflow_pipeline/venv/lib/python3.9/site-packages/airflow/example_dags/example_kubernetes_executor.py for tasks to queue
[2025-01-05 10:59:24,483] {logging_mixin.py:115} INFO - [2025-01-05 10:59:24,483] {dagbag.py:507} INFO - Filling up the DagBag from /home/daniel/Documents/Alura/python_apache_airflow_pipeline/venv/lib/python3.9/site-packages/airflow/example_dags/example_kubernetes_executor.py
[2025-01-05 10:59:24,504] {logging_mixin.py:115} INFO - [2025-01-05 10:59:24,504] {example_kubernetes_executor.py:39} WARNING - The example_kubernetes_executor example DAG requires the kubernetes provider. Please install it with: pip install apache-airflow[cncf.kubernetes]
[2025-01-05 10:59:24,504] {processor.py:653} WARNING - No viable dags retrieved from /home/daniel/Documents/Alura/python_apache_airflow_pipeline/venv/lib/python3.9/site-packages/airflow/example_dags/example_kubernetes_executor.py
[2025-01-05 10:59:24,519] {processor.py:161} INFO - Processing /home/daniel/Documents/Alura/python_apache_airflow_pipeline/venv/lib/python3.9/site-packages/airflow/example_dags/example_kubernetes_executor.py took 0.043 seconds
[2025-01-05 11:00:11,555] {processor.py:153} INFO - Started process (PID=5727) to work on /home/daniel/Documents/Alura/python_apache_airflow_pipeline/venv/lib/python3.9/site-packages/airflow/example_dags/example_kubernetes_executor.py
[2025-01-05 11:00:11,558] {processor.py:641} INFO - Processing file /home/daniel/Documents/Alura/python_apache_airflow_pipeline/venv/lib/python3.9/site-packages/airflow/example_dags/example_kubernetes_executor.py for tasks to queue
[2025-01-05 11:00:11,559] {logging_mixin.py:115} INFO - [2025-01-05 11:00:11,559] {dagbag.py:507} INFO - Filling up the DagBag from /home/daniel/Documents/Alura/python_apache_airflow_pipeline/venv/lib/python3.9/site-packages/airflow/example_dags/example_kubernetes_executor.py
[2025-01-05 11:00:11,583] {logging_mixin.py:115} INFO - [2025-01-05 11:00:11,583] {example_kubernetes_executor.py:39} WARNING - The example_kubernetes_executor example DAG requires the kubernetes provider. Please install it with: pip install apache-airflow[cncf.kubernetes]
[2025-01-05 11:00:11,584] {processor.py:653} WARNING - No viable dags retrieved from /home/daniel/Documents/Alura/python_apache_airflow_pipeline/venv/lib/python3.9/site-packages/airflow/example_dags/example_kubernetes_executor.py
[2025-01-05 11:00:11,599] {processor.py:161} INFO - Processing /home/daniel/Documents/Alura/python_apache_airflow_pipeline/venv/lib/python3.9/site-packages/airflow/example_dags/example_kubernetes_executor.py took 0.055 seconds
[2025-01-05 11:00:58,320] {processor.py:153} INFO - Started process (PID=6102) to work on /home/daniel/Documents/Alura/python_apache_airflow_pipeline/venv/lib/python3.9/site-packages/airflow/example_dags/example_kubernetes_executor.py
[2025-01-05 11:00:58,322] {processor.py:641} INFO - Processing file /home/daniel/Documents/Alura/python_apache_airflow_pipeline/venv/lib/python3.9/site-packages/airflow/example_dags/example_kubernetes_executor.py for tasks to queue
[2025-01-05 11:00:58,323] {logging_mixin.py:115} INFO - [2025-01-05 11:00:58,323] {dagbag.py:507} INFO - Filling up the DagBag from /home/daniel/Documents/Alura/python_apache_airflow_pipeline/venv/lib/python3.9/site-packages/airflow/example_dags/example_kubernetes_executor.py
[2025-01-05 11:00:58,348] {logging_mixin.py:115} INFO - [2025-01-05 11:00:58,348] {example_kubernetes_executor.py:39} WARNING - The example_kubernetes_executor example DAG requires the kubernetes provider. Please install it with: pip install apache-airflow[cncf.kubernetes]
[2025-01-05 11:00:58,350] {processor.py:653} WARNING - No viable dags retrieved from /home/daniel/Documents/Alura/python_apache_airflow_pipeline/venv/lib/python3.9/site-packages/airflow/example_dags/example_kubernetes_executor.py
[2025-01-05 11:00:58,371] {processor.py:161} INFO - Processing /home/daniel/Documents/Alura/python_apache_airflow_pipeline/venv/lib/python3.9/site-packages/airflow/example_dags/example_kubernetes_executor.py took 0.061 seconds
[2025-01-05 11:01:50,347] {processor.py:153} INFO - Started process (PID=6725) to work on /home/daniel/Documents/Alura/python_apache_airflow_pipeline/venv/lib/python3.9/site-packages/airflow/example_dags/example_kubernetes_executor.py
[2025-01-05 11:01:50,350] {processor.py:641} INFO - Processing file /home/daniel/Documents/Alura/python_apache_airflow_pipeline/venv/lib/python3.9/site-packages/airflow/example_dags/example_kubernetes_executor.py for tasks to queue
[2025-01-05 11:01:50,351] {logging_mixin.py:115} INFO - [2025-01-05 11:01:50,351] {dagbag.py:507} INFO - Filling up the DagBag from /home/daniel/Documents/Alura/python_apache_airflow_pipeline/venv/lib/python3.9/site-packages/airflow/example_dags/example_kubernetes_executor.py
[2025-01-05 11:01:50,378] {logging_mixin.py:115} INFO - [2025-01-05 11:01:50,378] {example_kubernetes_executor.py:39} WARNING - The example_kubernetes_executor example DAG requires the kubernetes provider. Please install it with: pip install apache-airflow[cncf.kubernetes]
[2025-01-05 11:01:50,378] {processor.py:653} WARNING - No viable dags retrieved from /home/daniel/Documents/Alura/python_apache_airflow_pipeline/venv/lib/python3.9/site-packages/airflow/example_dags/example_kubernetes_executor.py
[2025-01-05 11:01:50,399] {processor.py:161} INFO - Processing /home/daniel/Documents/Alura/python_apache_airflow_pipeline/venv/lib/python3.9/site-packages/airflow/example_dags/example_kubernetes_executor.py took 0.056 seconds
[2025-01-05 11:02:40,143] {processor.py:153} INFO - Started process (PID=7075) to work on /home/daniel/Documents/Alura/python_apache_airflow_pipeline/venv/lib/python3.9/site-packages/airflow/example_dags/example_kubernetes_executor.py
[2025-01-05 11:02:40,146] {processor.py:641} INFO - Processing file /home/daniel/Documents/Alura/python_apache_airflow_pipeline/venv/lib/python3.9/site-packages/airflow/example_dags/example_kubernetes_executor.py for tasks to queue
[2025-01-05 11:02:40,147] {logging_mixin.py:115} INFO - [2025-01-05 11:02:40,147] {dagbag.py:507} INFO - Filling up the DagBag from /home/daniel/Documents/Alura/python_apache_airflow_pipeline/venv/lib/python3.9/site-packages/airflow/example_dags/example_kubernetes_executor.py
[2025-01-05 11:02:40,179] {logging_mixin.py:115} INFO - [2025-01-05 11:02:40,179] {example_kubernetes_executor.py:39} WARNING - The example_kubernetes_executor example DAG requires the kubernetes provider. Please install it with: pip install apache-airflow[cncf.kubernetes]
[2025-01-05 11:02:40,179] {processor.py:653} WARNING - No viable dags retrieved from /home/daniel/Documents/Alura/python_apache_airflow_pipeline/venv/lib/python3.9/site-packages/airflow/example_dags/example_kubernetes_executor.py
[2025-01-05 11:02:40,200] {processor.py:161} INFO - Processing /home/daniel/Documents/Alura/python_apache_airflow_pipeline/venv/lib/python3.9/site-packages/airflow/example_dags/example_kubernetes_executor.py took 0.061 seconds
[2025-01-05 11:03:27,503] {processor.py:153} INFO - Started process (PID=7341) to work on /home/daniel/Documents/Alura/python_apache_airflow_pipeline/venv/lib/python3.9/site-packages/airflow/example_dags/example_kubernetes_executor.py
[2025-01-05 11:03:27,511] {processor.py:641} INFO - Processing file /home/daniel/Documents/Alura/python_apache_airflow_pipeline/venv/lib/python3.9/site-packages/airflow/example_dags/example_kubernetes_executor.py for tasks to queue
[2025-01-05 11:03:27,515] {logging_mixin.py:115} INFO - [2025-01-05 11:03:27,515] {dagbag.py:507} INFO - Filling up the DagBag from /home/daniel/Documents/Alura/python_apache_airflow_pipeline/venv/lib/python3.9/site-packages/airflow/example_dags/example_kubernetes_executor.py
[2025-01-05 11:03:27,555] {logging_mixin.py:115} INFO - [2025-01-05 11:03:27,555] {example_kubernetes_executor.py:39} WARNING - The example_kubernetes_executor example DAG requires the kubernetes provider. Please install it with: pip install apache-airflow[cncf.kubernetes]
[2025-01-05 11:03:27,559] {processor.py:653} WARNING - No viable dags retrieved from /home/daniel/Documents/Alura/python_apache_airflow_pipeline/venv/lib/python3.9/site-packages/airflow/example_dags/example_kubernetes_executor.py
[2025-01-05 11:03:27,582] {processor.py:161} INFO - Processing /home/daniel/Documents/Alura/python_apache_airflow_pipeline/venv/lib/python3.9/site-packages/airflow/example_dags/example_kubernetes_executor.py took 0.087 seconds
[2025-01-05 11:04:12,743] {processor.py:153} INFO - Started process (PID=7584) to work on /home/daniel/Documents/Alura/python_apache_airflow_pipeline/venv/lib/python3.9/site-packages/airflow/example_dags/example_kubernetes_executor.py
[2025-01-05 11:04:12,746] {processor.py:641} INFO - Processing file /home/daniel/Documents/Alura/python_apache_airflow_pipeline/venv/lib/python3.9/site-packages/airflow/example_dags/example_kubernetes_executor.py for tasks to queue
[2025-01-05 11:04:12,747] {logging_mixin.py:115} INFO - [2025-01-05 11:04:12,747] {dagbag.py:507} INFO - Filling up the DagBag from /home/daniel/Documents/Alura/python_apache_airflow_pipeline/venv/lib/python3.9/site-packages/airflow/example_dags/example_kubernetes_executor.py
[2025-01-05 11:04:12,790] {logging_mixin.py:115} INFO - [2025-01-05 11:04:12,790] {example_kubernetes_executor.py:39} WARNING - The example_kubernetes_executor example DAG requires the kubernetes provider. Please install it with: pip install apache-airflow[cncf.kubernetes]
[2025-01-05 11:04:12,791] {processor.py:653} WARNING - No viable dags retrieved from /home/daniel/Documents/Alura/python_apache_airflow_pipeline/venv/lib/python3.9/site-packages/airflow/example_dags/example_kubernetes_executor.py
[2025-01-05 11:04:12,831] {processor.py:161} INFO - Processing /home/daniel/Documents/Alura/python_apache_airflow_pipeline/venv/lib/python3.9/site-packages/airflow/example_dags/example_kubernetes_executor.py took 0.096 seconds
[2025-01-05 11:05:16,767] {processor.py:153} INFO - Started process (PID=7903) to work on /home/daniel/Documents/Alura/python_apache_airflow_pipeline/venv/lib/python3.9/site-packages/airflow/example_dags/example_kubernetes_executor.py
[2025-01-05 11:05:16,774] {processor.py:641} INFO - Processing file /home/daniel/Documents/Alura/python_apache_airflow_pipeline/venv/lib/python3.9/site-packages/airflow/example_dags/example_kubernetes_executor.py for tasks to queue
[2025-01-05 11:05:16,778] {logging_mixin.py:115} INFO - [2025-01-05 11:05:16,778] {dagbag.py:507} INFO - Filling up the DagBag from /home/daniel/Documents/Alura/python_apache_airflow_pipeline/venv/lib/python3.9/site-packages/airflow/example_dags/example_kubernetes_executor.py
[2025-01-05 11:05:16,886] {logging_mixin.py:115} INFO - [2025-01-05 11:05:16,886] {example_kubernetes_executor.py:39} WARNING - The example_kubernetes_executor example DAG requires the kubernetes provider. Please install it with: pip install apache-airflow[cncf.kubernetes]
[2025-01-05 11:05:16,890] {processor.py:653} WARNING - No viable dags retrieved from /home/daniel/Documents/Alura/python_apache_airflow_pipeline/venv/lib/python3.9/site-packages/airflow/example_dags/example_kubernetes_executor.py
[2025-01-05 11:05:16,967] {processor.py:161} INFO - Processing /home/daniel/Documents/Alura/python_apache_airflow_pipeline/venv/lib/python3.9/site-packages/airflow/example_dags/example_kubernetes_executor.py took 0.220 seconds
[2025-01-05 11:06:19,727] {processor.py:153} INFO - Started process (PID=8196) to work on /home/daniel/Documents/Alura/python_apache_airflow_pipeline/venv/lib/python3.9/site-packages/airflow/example_dags/example_kubernetes_executor.py
[2025-01-05 11:06:19,738] {processor.py:641} INFO - Processing file /home/daniel/Documents/Alura/python_apache_airflow_pipeline/venv/lib/python3.9/site-packages/airflow/example_dags/example_kubernetes_executor.py for tasks to queue
[2025-01-05 11:06:19,739] {logging_mixin.py:115} INFO - [2025-01-05 11:06:19,739] {dagbag.py:507} INFO - Filling up the DagBag from /home/daniel/Documents/Alura/python_apache_airflow_pipeline/venv/lib/python3.9/site-packages/airflow/example_dags/example_kubernetes_executor.py
[2025-01-05 11:06:19,887] {logging_mixin.py:115} INFO - [2025-01-05 11:06:19,887] {example_kubernetes_executor.py:39} WARNING - The example_kubernetes_executor example DAG requires the kubernetes provider. Please install it with: pip install apache-airflow[cncf.kubernetes]
[2025-01-05 11:06:19,898] {processor.py:653} WARNING - No viable dags retrieved from /home/daniel/Documents/Alura/python_apache_airflow_pipeline/venv/lib/python3.9/site-packages/airflow/example_dags/example_kubernetes_executor.py
[2025-01-05 11:06:19,983] {processor.py:161} INFO - Processing /home/daniel/Documents/Alura/python_apache_airflow_pipeline/venv/lib/python3.9/site-packages/airflow/example_dags/example_kubernetes_executor.py took 0.276 seconds
