[2025-01-05 09:40:06,541] {processor.py:153} INFO - Started process (PID=5208) to work on /home/daniel/Documents/Alura/python_apache_airflow_pipeline/venv/lib/python3.9/site-packages/airflow/example_dags/example_bash_operator.py
[2025-01-05 09:40:06,544] {processor.py:641} INFO - Processing file /home/daniel/Documents/Alura/python_apache_airflow_pipeline/venv/lib/python3.9/site-packages/airflow/example_dags/example_bash_operator.py for tasks to queue
[2025-01-05 09:40:06,549] {logging_mixin.py:115} INFO - [2025-01-05 09:40:06,548] {dagbag.py:507} INFO - Filling up the DagBag from /home/daniel/Documents/Alura/python_apache_airflow_pipeline/venv/lib/python3.9/site-packages/airflow/example_dags/example_bash_operator.py
[2025-01-05 09:40:06,756] {processor.py:651} INFO - DAG(s) dict_keys(['example_bash_operator']) retrieved from /home/daniel/Documents/Alura/python_apache_airflow_pipeline/venv/lib/python3.9/site-packages/airflow/example_dags/example_bash_operator.py
[2025-01-05 09:40:07,045] {logging_mixin.py:115} INFO - [2025-01-05 09:40:07,045] {dag.py:2379} INFO - Sync 1 DAGs
[2025-01-05 09:40:07,685] {logging_mixin.py:115} INFO - [2025-01-05 09:40:07,684] {dag.py:2927} INFO - Setting next_dagrun for example_bash_operator to 2025-01-04T00:00:00+00:00, run_after=2025-01-05T00:00:00+00:00
[2025-01-05 09:40:07,961] {processor.py:161} INFO - Processing /home/daniel/Documents/Alura/python_apache_airflow_pipeline/venv/lib/python3.9/site-packages/airflow/example_dags/example_bash_operator.py took 1.448 seconds
[2025-01-05 09:55:05,440] {processor.py:153} INFO - Started process (PID=3702) to work on /home/daniel/Documents/Alura/python_apache_airflow_pipeline/venv/lib/python3.9/site-packages/airflow/example_dags/example_bash_operator.py
[2025-01-05 09:55:05,442] {processor.py:641} INFO - Processing file /home/daniel/Documents/Alura/python_apache_airflow_pipeline/venv/lib/python3.9/site-packages/airflow/example_dags/example_bash_operator.py for tasks to queue
[2025-01-05 09:55:05,445] {logging_mixin.py:115} INFO - [2025-01-05 09:55:05,444] {dagbag.py:507} INFO - Filling up the DagBag from /home/daniel/Documents/Alura/python_apache_airflow_pipeline/venv/lib/python3.9/site-packages/airflow/example_dags/example_bash_operator.py
[2025-01-05 09:55:05,473] {processor.py:651} INFO - DAG(s) dict_keys(['example_bash_operator']) retrieved from /home/daniel/Documents/Alura/python_apache_airflow_pipeline/venv/lib/python3.9/site-packages/airflow/example_dags/example_bash_operator.py
[2025-01-05 09:55:05,520] {logging_mixin.py:115} INFO - [2025-01-05 09:55:05,519] {dag.py:2379} INFO - Sync 1 DAGs
[2025-01-05 09:55:05,588] {logging_mixin.py:115} INFO - [2025-01-05 09:55:05,588] {dag.py:2927} INFO - Setting next_dagrun for example_bash_operator to 2025-01-04T00:00:00+00:00, run_after=2025-01-05T00:00:00+00:00
[2025-01-05 09:55:05,667] {processor.py:161} INFO - Processing /home/daniel/Documents/Alura/python_apache_airflow_pipeline/venv/lib/python3.9/site-packages/airflow/example_dags/example_bash_operator.py took 0.236 seconds
[2025-01-05 09:55:54,714] {processor.py:153} INFO - Started process (PID=4193) to work on /home/daniel/Documents/Alura/python_apache_airflow_pipeline/venv/lib/python3.9/site-packages/airflow/example_dags/example_bash_operator.py
[2025-01-05 09:55:54,716] {processor.py:641} INFO - Processing file /home/daniel/Documents/Alura/python_apache_airflow_pipeline/venv/lib/python3.9/site-packages/airflow/example_dags/example_bash_operator.py for tasks to queue
[2025-01-05 09:55:54,718] {logging_mixin.py:115} INFO - [2025-01-05 09:55:54,717] {dagbag.py:507} INFO - Filling up the DagBag from /home/daniel/Documents/Alura/python_apache_airflow_pipeline/venv/lib/python3.9/site-packages/airflow/example_dags/example_bash_operator.py
[2025-01-05 09:55:54,748] {processor.py:651} INFO - DAG(s) dict_keys(['example_bash_operator']) retrieved from /home/daniel/Documents/Alura/python_apache_airflow_pipeline/venv/lib/python3.9/site-packages/airflow/example_dags/example_bash_operator.py
[2025-01-05 09:55:54,799] {logging_mixin.py:115} INFO - [2025-01-05 09:55:54,798] {dag.py:2379} INFO - Sync 1 DAGs
[2025-01-05 09:55:54,864] {logging_mixin.py:115} INFO - [2025-01-05 09:55:54,863] {dag.py:2927} INFO - Setting next_dagrun for example_bash_operator to 2025-01-04T00:00:00+00:00, run_after=2025-01-05T00:00:00+00:00
[2025-01-05 09:55:54,902] {processor.py:161} INFO - Processing /home/daniel/Documents/Alura/python_apache_airflow_pipeline/venv/lib/python3.9/site-packages/airflow/example_dags/example_bash_operator.py took 0.194 seconds
[2025-01-05 09:56:41,840] {processor.py:153} INFO - Started process (PID=4557) to work on /home/daniel/Documents/Alura/python_apache_airflow_pipeline/venv/lib/python3.9/site-packages/airflow/example_dags/example_bash_operator.py
[2025-01-05 09:56:41,842] {processor.py:641} INFO - Processing file /home/daniel/Documents/Alura/python_apache_airflow_pipeline/venv/lib/python3.9/site-packages/airflow/example_dags/example_bash_operator.py for tasks to queue
[2025-01-05 09:56:41,843] {logging_mixin.py:115} INFO - [2025-01-05 09:56:41,842] {dagbag.py:507} INFO - Filling up the DagBag from /home/daniel/Documents/Alura/python_apache_airflow_pipeline/venv/lib/python3.9/site-packages/airflow/example_dags/example_bash_operator.py
[2025-01-05 09:56:41,862] {processor.py:651} INFO - DAG(s) dict_keys(['example_bash_operator']) retrieved from /home/daniel/Documents/Alura/python_apache_airflow_pipeline/venv/lib/python3.9/site-packages/airflow/example_dags/example_bash_operator.py
[2025-01-05 09:56:41,885] {logging_mixin.py:115} INFO - [2025-01-05 09:56:41,885] {dag.py:2379} INFO - Sync 1 DAGs
[2025-01-05 09:56:41,905] {logging_mixin.py:115} INFO - [2025-01-05 09:56:41,905] {dag.py:2927} INFO - Setting next_dagrun for example_bash_operator to 2025-01-04T00:00:00+00:00, run_after=2025-01-05T00:00:00+00:00
[2025-01-05 09:56:41,922] {processor.py:161} INFO - Processing /home/daniel/Documents/Alura/python_apache_airflow_pipeline/venv/lib/python3.9/site-packages/airflow/example_dags/example_bash_operator.py took 0.086 seconds
[2025-01-05 09:57:28,002] {processor.py:153} INFO - Started process (PID=4973) to work on /home/daniel/Documents/Alura/python_apache_airflow_pipeline/venv/lib/python3.9/site-packages/airflow/example_dags/example_bash_operator.py
[2025-01-05 09:57:28,006] {processor.py:641} INFO - Processing file /home/daniel/Documents/Alura/python_apache_airflow_pipeline/venv/lib/python3.9/site-packages/airflow/example_dags/example_bash_operator.py for tasks to queue
[2025-01-05 09:57:28,009] {logging_mixin.py:115} INFO - [2025-01-05 09:57:28,007] {dagbag.py:507} INFO - Filling up the DagBag from /home/daniel/Documents/Alura/python_apache_airflow_pipeline/venv/lib/python3.9/site-packages/airflow/example_dags/example_bash_operator.py
[2025-01-05 09:57:28,046] {processor.py:651} INFO - DAG(s) dict_keys(['example_bash_operator']) retrieved from /home/daniel/Documents/Alura/python_apache_airflow_pipeline/venv/lib/python3.9/site-packages/airflow/example_dags/example_bash_operator.py
[2025-01-05 09:57:28,093] {logging_mixin.py:115} INFO - [2025-01-05 09:57:28,093] {dag.py:2379} INFO - Sync 1 DAGs
[2025-01-05 09:57:28,153] {logging_mixin.py:115} INFO - [2025-01-05 09:57:28,153] {dag.py:2927} INFO - Setting next_dagrun for example_bash_operator to 2025-01-04T00:00:00+00:00, run_after=2025-01-05T00:00:00+00:00
[2025-01-05 09:57:28,203] {processor.py:161} INFO - Processing /home/daniel/Documents/Alura/python_apache_airflow_pipeline/venv/lib/python3.9/site-packages/airflow/example_dags/example_bash_operator.py took 0.214 seconds
[2025-01-05 09:58:39,886] {processor.py:153} INFO - Started process (PID=5773) to work on /home/daniel/Documents/Alura/python_apache_airflow_pipeline/venv/lib/python3.9/site-packages/airflow/example_dags/example_bash_operator.py
[2025-01-05 09:58:39,890] {processor.py:641} INFO - Processing file /home/daniel/Documents/Alura/python_apache_airflow_pipeline/venv/lib/python3.9/site-packages/airflow/example_dags/example_bash_operator.py for tasks to queue
[2025-01-05 09:58:39,893] {logging_mixin.py:115} INFO - [2025-01-05 09:58:39,891] {dagbag.py:507} INFO - Filling up the DagBag from /home/daniel/Documents/Alura/python_apache_airflow_pipeline/venv/lib/python3.9/site-packages/airflow/example_dags/example_bash_operator.py
[2025-01-05 09:58:39,925] {processor.py:651} INFO - DAG(s) dict_keys(['example_bash_operator']) retrieved from /home/daniel/Documents/Alura/python_apache_airflow_pipeline/venv/lib/python3.9/site-packages/airflow/example_dags/example_bash_operator.py
[2025-01-05 09:58:39,969] {logging_mixin.py:115} INFO - [2025-01-05 09:58:39,968] {dag.py:2379} INFO - Sync 1 DAGs
[2025-01-05 09:58:40,023] {logging_mixin.py:115} INFO - [2025-01-05 09:58:40,023] {dag.py:2927} INFO - Setting next_dagrun for example_bash_operator to 2025-01-04T00:00:00+00:00, run_after=2025-01-05T00:00:00+00:00
[2025-01-05 09:58:40,066] {processor.py:161} INFO - Processing /home/daniel/Documents/Alura/python_apache_airflow_pipeline/venv/lib/python3.9/site-packages/airflow/example_dags/example_bash_operator.py took 0.189 seconds
[2025-01-05 10:00:01,898] {processor.py:153} INFO - Started process (PID=6587) to work on /home/daniel/Documents/Alura/python_apache_airflow_pipeline/venv/lib/python3.9/site-packages/airflow/example_dags/example_bash_operator.py
[2025-01-05 10:00:01,902] {processor.py:641} INFO - Processing file /home/daniel/Documents/Alura/python_apache_airflow_pipeline/venv/lib/python3.9/site-packages/airflow/example_dags/example_bash_operator.py for tasks to queue
[2025-01-05 10:00:01,905] {logging_mixin.py:115} INFO - [2025-01-05 10:00:01,903] {dagbag.py:507} INFO - Filling up the DagBag from /home/daniel/Documents/Alura/python_apache_airflow_pipeline/venv/lib/python3.9/site-packages/airflow/example_dags/example_bash_operator.py
[2025-01-05 10:00:01,926] {processor.py:651} INFO - DAG(s) dict_keys(['example_bash_operator']) retrieved from /home/daniel/Documents/Alura/python_apache_airflow_pipeline/venv/lib/python3.9/site-packages/airflow/example_dags/example_bash_operator.py
[2025-01-05 10:00:01,966] {logging_mixin.py:115} INFO - [2025-01-05 10:00:01,966] {dag.py:2379} INFO - Sync 1 DAGs
[2025-01-05 10:00:02,009] {logging_mixin.py:115} INFO - [2025-01-05 10:00:02,007] {dag.py:2927} INFO - Setting next_dagrun for example_bash_operator to 2025-01-04T00:00:00+00:00, run_after=2025-01-05T00:00:00+00:00
[2025-01-05 10:00:02,041] {processor.py:161} INFO - Processing /home/daniel/Documents/Alura/python_apache_airflow_pipeline/venv/lib/python3.9/site-packages/airflow/example_dags/example_bash_operator.py took 0.148 seconds
[2025-01-05 10:00:49,822] {processor.py:153} INFO - Started process (PID=6917) to work on /home/daniel/Documents/Alura/python_apache_airflow_pipeline/venv/lib/python3.9/site-packages/airflow/example_dags/example_bash_operator.py
[2025-01-05 10:00:49,825] {processor.py:641} INFO - Processing file /home/daniel/Documents/Alura/python_apache_airflow_pipeline/venv/lib/python3.9/site-packages/airflow/example_dags/example_bash_operator.py for tasks to queue
[2025-01-05 10:00:49,826] {logging_mixin.py:115} INFO - [2025-01-05 10:00:49,826] {dagbag.py:507} INFO - Filling up the DagBag from /home/daniel/Documents/Alura/python_apache_airflow_pipeline/venv/lib/python3.9/site-packages/airflow/example_dags/example_bash_operator.py
[2025-01-05 10:00:49,858] {processor.py:651} INFO - DAG(s) dict_keys(['example_bash_operator']) retrieved from /home/daniel/Documents/Alura/python_apache_airflow_pipeline/venv/lib/python3.9/site-packages/airflow/example_dags/example_bash_operator.py
[2025-01-05 10:00:49,903] {logging_mixin.py:115} INFO - [2025-01-05 10:00:49,902] {dag.py:2379} INFO - Sync 1 DAGs
[2025-01-05 10:00:49,947] {logging_mixin.py:115} INFO - [2025-01-05 10:00:49,947] {dag.py:2927} INFO - Setting next_dagrun for example_bash_operator to 2025-01-04T00:00:00+00:00, run_after=2025-01-05T00:00:00+00:00
[2025-01-05 10:00:49,994] {processor.py:161} INFO - Processing /home/daniel/Documents/Alura/python_apache_airflow_pipeline/venv/lib/python3.9/site-packages/airflow/example_dags/example_bash_operator.py took 0.177 seconds
[2025-01-05 10:03:30,037] {processor.py:153} INFO - Started process (PID=8060) to work on /home/daniel/Documents/Alura/python_apache_airflow_pipeline/venv/lib/python3.9/site-packages/airflow/example_dags/example_bash_operator.py
[2025-01-05 10:03:30,042] {processor.py:641} INFO - Processing file /home/daniel/Documents/Alura/python_apache_airflow_pipeline/venv/lib/python3.9/site-packages/airflow/example_dags/example_bash_operator.py for tasks to queue
[2025-01-05 10:03:30,045] {logging_mixin.py:115} INFO - [2025-01-05 10:03:30,045] {dagbag.py:507} INFO - Filling up the DagBag from /home/daniel/Documents/Alura/python_apache_airflow_pipeline/venv/lib/python3.9/site-packages/airflow/example_dags/example_bash_operator.py
[2025-01-05 10:03:30,125] {processor.py:651} INFO - DAG(s) dict_keys(['example_bash_operator']) retrieved from /home/daniel/Documents/Alura/python_apache_airflow_pipeline/venv/lib/python3.9/site-packages/airflow/example_dags/example_bash_operator.py
[2025-01-05 10:03:30,233] {logging_mixin.py:115} INFO - [2025-01-05 10:03:30,233] {dag.py:2379} INFO - Sync 1 DAGs
[2025-01-05 10:03:30,345] {logging_mixin.py:115} INFO - [2025-01-05 10:03:30,345] {dag.py:2927} INFO - Setting next_dagrun for example_bash_operator to 2025-01-04T00:00:00+00:00, run_after=2025-01-05T00:00:00+00:00
[2025-01-05 10:03:30,418] {processor.py:161} INFO - Processing /home/daniel/Documents/Alura/python_apache_airflow_pipeline/venv/lib/python3.9/site-packages/airflow/example_dags/example_bash_operator.py took 0.400 seconds
[2025-01-05 10:04:41,494] {processor.py:153} INFO - Started process (PID=8222) to work on /home/daniel/Documents/Alura/python_apache_airflow_pipeline/venv/lib/python3.9/site-packages/airflow/example_dags/example_bash_operator.py
[2025-01-05 10:04:41,505] {processor.py:641} INFO - Processing file /home/daniel/Documents/Alura/python_apache_airflow_pipeline/venv/lib/python3.9/site-packages/airflow/example_dags/example_bash_operator.py for tasks to queue
[2025-01-05 10:04:41,506] {logging_mixin.py:115} INFO - [2025-01-05 10:04:41,506] {dagbag.py:507} INFO - Filling up the DagBag from /home/daniel/Documents/Alura/python_apache_airflow_pipeline/venv/lib/python3.9/site-packages/airflow/example_dags/example_bash_operator.py
[2025-01-05 10:04:41,605] {processor.py:651} INFO - DAG(s) dict_keys(['example_bash_operator']) retrieved from /home/daniel/Documents/Alura/python_apache_airflow_pipeline/venv/lib/python3.9/site-packages/airflow/example_dags/example_bash_operator.py
[2025-01-05 10:04:41,701] {logging_mixin.py:115} INFO - [2025-01-05 10:04:41,701] {dag.py:2379} INFO - Sync 1 DAGs
[2025-01-05 10:04:41,801] {logging_mixin.py:115} INFO - [2025-01-05 10:04:41,801] {dag.py:2927} INFO - Setting next_dagrun for example_bash_operator to 2025-01-04T00:00:00+00:00, run_after=2025-01-05T00:00:00+00:00
[2025-01-05 10:04:41,901] {processor.py:161} INFO - Processing /home/daniel/Documents/Alura/python_apache_airflow_pipeline/venv/lib/python3.9/site-packages/airflow/example_dags/example_bash_operator.py took 0.428 seconds
[2025-01-05 10:06:05,313] {processor.py:153} INFO - Started process (PID=8562) to work on /home/daniel/Documents/Alura/python_apache_airflow_pipeline/venv/lib/python3.9/site-packages/airflow/example_dags/example_bash_operator.py
[2025-01-05 10:06:05,321] {processor.py:641} INFO - Processing file /home/daniel/Documents/Alura/python_apache_airflow_pipeline/venv/lib/python3.9/site-packages/airflow/example_dags/example_bash_operator.py for tasks to queue
[2025-01-05 10:06:05,329] {logging_mixin.py:115} INFO - [2025-01-05 10:06:05,325] {dagbag.py:507} INFO - Filling up the DagBag from /home/daniel/Documents/Alura/python_apache_airflow_pipeline/venv/lib/python3.9/site-packages/airflow/example_dags/example_bash_operator.py
[2025-01-05 10:06:05,477] {processor.py:651} INFO - DAG(s) dict_keys(['example_bash_operator']) retrieved from /home/daniel/Documents/Alura/python_apache_airflow_pipeline/venv/lib/python3.9/site-packages/airflow/example_dags/example_bash_operator.py
[2025-01-05 10:06:05,705] {logging_mixin.py:115} INFO - [2025-01-05 10:06:05,705] {dag.py:2379} INFO - Sync 1 DAGs
[2025-01-05 10:06:05,973] {logging_mixin.py:115} INFO - [2025-01-05 10:06:05,966] {dag.py:2927} INFO - Setting next_dagrun for example_bash_operator to 2025-01-04T00:00:00+00:00, run_after=2025-01-05T00:00:00+00:00
[2025-01-05 10:06:06,201] {processor.py:161} INFO - Processing /home/daniel/Documents/Alura/python_apache_airflow_pipeline/venv/lib/python3.9/site-packages/airflow/example_dags/example_bash_operator.py took 0.924 seconds
[2025-01-05 10:16:51,540] {processor.py:153} INFO - Started process (PID=9369) to work on /home/daniel/Documents/Alura/python_apache_airflow_pipeline/venv/lib/python3.9/site-packages/airflow/example_dags/example_bash_operator.py
[2025-01-05 10:16:51,542] {processor.py:641} INFO - Processing file /home/daniel/Documents/Alura/python_apache_airflow_pipeline/venv/lib/python3.9/site-packages/airflow/example_dags/example_bash_operator.py for tasks to queue
[2025-01-05 10:16:51,543] {logging_mixin.py:115} INFO - [2025-01-05 10:16:51,543] {dagbag.py:507} INFO - Filling up the DagBag from /home/daniel/Documents/Alura/python_apache_airflow_pipeline/venv/lib/python3.9/site-packages/airflow/example_dags/example_bash_operator.py
[2025-01-05 10:16:51,557] {processor.py:651} INFO - DAG(s) dict_keys(['example_bash_operator']) retrieved from /home/daniel/Documents/Alura/python_apache_airflow_pipeline/venv/lib/python3.9/site-packages/airflow/example_dags/example_bash_operator.py
[2025-01-05 10:16:51,573] {logging_mixin.py:115} INFO - [2025-01-05 10:16:51,573] {dag.py:2379} INFO - Sync 1 DAGs
[2025-01-05 10:16:51,596] {logging_mixin.py:115} INFO - [2025-01-05 10:16:51,596] {dag.py:2927} INFO - Setting next_dagrun for example_bash_operator to 2025-01-04T00:00:00+00:00, run_after=2025-01-05T00:00:00+00:00
[2025-01-05 10:16:51,612] {processor.py:161} INFO - Processing /home/daniel/Documents/Alura/python_apache_airflow_pipeline/venv/lib/python3.9/site-packages/airflow/example_dags/example_bash_operator.py took 0.075 seconds
[2025-01-05 10:17:34,895] {processor.py:153} INFO - Started process (PID=9728) to work on /home/daniel/Documents/Alura/python_apache_airflow_pipeline/venv/lib/python3.9/site-packages/airflow/example_dags/example_bash_operator.py
[2025-01-05 10:17:34,897] {processor.py:641} INFO - Processing file /home/daniel/Documents/Alura/python_apache_airflow_pipeline/venv/lib/python3.9/site-packages/airflow/example_dags/example_bash_operator.py for tasks to queue
[2025-01-05 10:17:34,897] {logging_mixin.py:115} INFO - [2025-01-05 10:17:34,897] {dagbag.py:507} INFO - Filling up the DagBag from /home/daniel/Documents/Alura/python_apache_airflow_pipeline/venv/lib/python3.9/site-packages/airflow/example_dags/example_bash_operator.py
[2025-01-05 10:17:34,907] {processor.py:651} INFO - DAG(s) dict_keys(['example_bash_operator']) retrieved from /home/daniel/Documents/Alura/python_apache_airflow_pipeline/venv/lib/python3.9/site-packages/airflow/example_dags/example_bash_operator.py
[2025-01-05 10:17:34,921] {logging_mixin.py:115} INFO - [2025-01-05 10:17:34,921] {dag.py:2379} INFO - Sync 1 DAGs
[2025-01-05 10:17:34,934] {logging_mixin.py:115} INFO - [2025-01-05 10:17:34,934] {dag.py:2927} INFO - Setting next_dagrun for example_bash_operator to 2025-01-04T00:00:00+00:00, run_after=2025-01-05T00:00:00+00:00
[2025-01-05 10:17:34,945] {processor.py:161} INFO - Processing /home/daniel/Documents/Alura/python_apache_airflow_pipeline/venv/lib/python3.9/site-packages/airflow/example_dags/example_bash_operator.py took 0.052 seconds
[2025-01-05 10:18:16,242] {processor.py:153} INFO - Started process (PID=9975) to work on /home/daniel/Documents/Alura/python_apache_airflow_pipeline/venv/lib/python3.9/site-packages/airflow/example_dags/example_bash_operator.py
[2025-01-05 10:18:16,243] {processor.py:641} INFO - Processing file /home/daniel/Documents/Alura/python_apache_airflow_pipeline/venv/lib/python3.9/site-packages/airflow/example_dags/example_bash_operator.py for tasks to queue
[2025-01-05 10:18:16,244] {logging_mixin.py:115} INFO - [2025-01-05 10:18:16,244] {dagbag.py:507} INFO - Filling up the DagBag from /home/daniel/Documents/Alura/python_apache_airflow_pipeline/venv/lib/python3.9/site-packages/airflow/example_dags/example_bash_operator.py
[2025-01-05 10:18:16,256] {processor.py:651} INFO - DAG(s) dict_keys(['example_bash_operator']) retrieved from /home/daniel/Documents/Alura/python_apache_airflow_pipeline/venv/lib/python3.9/site-packages/airflow/example_dags/example_bash_operator.py
[2025-01-05 10:18:16,273] {logging_mixin.py:115} INFO - [2025-01-05 10:18:16,272] {dag.py:2379} INFO - Sync 1 DAGs
[2025-01-05 10:18:16,291] {logging_mixin.py:115} INFO - [2025-01-05 10:18:16,290] {dag.py:2927} INFO - Setting next_dagrun for example_bash_operator to 2025-01-04T00:00:00+00:00, run_after=2025-01-05T00:00:00+00:00
[2025-01-05 10:18:16,308] {processor.py:161} INFO - Processing /home/daniel/Documents/Alura/python_apache_airflow_pipeline/venv/lib/python3.9/site-packages/airflow/example_dags/example_bash_operator.py took 0.069 seconds
[2025-01-05 10:18:56,018] {processor.py:153} INFO - Started process (PID=10336) to work on /home/daniel/Documents/Alura/python_apache_airflow_pipeline/venv/lib/python3.9/site-packages/airflow/example_dags/example_bash_operator.py
[2025-01-05 10:18:56,021] {processor.py:641} INFO - Processing file /home/daniel/Documents/Alura/python_apache_airflow_pipeline/venv/lib/python3.9/site-packages/airflow/example_dags/example_bash_operator.py for tasks to queue
[2025-01-05 10:18:56,022] {logging_mixin.py:115} INFO - [2025-01-05 10:18:56,022] {dagbag.py:507} INFO - Filling up the DagBag from /home/daniel/Documents/Alura/python_apache_airflow_pipeline/venv/lib/python3.9/site-packages/airflow/example_dags/example_bash_operator.py
[2025-01-05 10:18:56,041] {processor.py:651} INFO - DAG(s) dict_keys(['example_bash_operator']) retrieved from /home/daniel/Documents/Alura/python_apache_airflow_pipeline/venv/lib/python3.9/site-packages/airflow/example_dags/example_bash_operator.py
[2025-01-05 10:18:56,062] {logging_mixin.py:115} INFO - [2025-01-05 10:18:56,061] {dag.py:2379} INFO - Sync 1 DAGs
[2025-01-05 10:18:56,077] {logging_mixin.py:115} INFO - [2025-01-05 10:18:56,077] {dag.py:2927} INFO - Setting next_dagrun for example_bash_operator to 2025-01-04T00:00:00+00:00, run_after=2025-01-05T00:00:00+00:00
[2025-01-05 10:18:56,090] {processor.py:161} INFO - Processing /home/daniel/Documents/Alura/python_apache_airflow_pipeline/venv/lib/python3.9/site-packages/airflow/example_dags/example_bash_operator.py took 0.077 seconds
[2025-01-05 10:19:41,454] {processor.py:153} INFO - Started process (PID=10587) to work on /home/daniel/Documents/Alura/python_apache_airflow_pipeline/venv/lib/python3.9/site-packages/airflow/example_dags/example_bash_operator.py
[2025-01-05 10:19:41,457] {processor.py:641} INFO - Processing file /home/daniel/Documents/Alura/python_apache_airflow_pipeline/venv/lib/python3.9/site-packages/airflow/example_dags/example_bash_operator.py for tasks to queue
[2025-01-05 10:19:41,459] {logging_mixin.py:115} INFO - [2025-01-05 10:19:41,458] {dagbag.py:507} INFO - Filling up the DagBag from /home/daniel/Documents/Alura/python_apache_airflow_pipeline/venv/lib/python3.9/site-packages/airflow/example_dags/example_bash_operator.py
[2025-01-05 10:19:41,477] {processor.py:651} INFO - DAG(s) dict_keys(['example_bash_operator']) retrieved from /home/daniel/Documents/Alura/python_apache_airflow_pipeline/venv/lib/python3.9/site-packages/airflow/example_dags/example_bash_operator.py
[2025-01-05 10:19:41,503] {logging_mixin.py:115} INFO - [2025-01-05 10:19:41,503] {dag.py:2379} INFO - Sync 1 DAGs
[2025-01-05 10:19:41,554] {logging_mixin.py:115} INFO - [2025-01-05 10:19:41,553] {dag.py:2927} INFO - Setting next_dagrun for example_bash_operator to 2025-01-04T00:00:00+00:00, run_after=2025-01-05T00:00:00+00:00
[2025-01-05 10:19:41,590] {processor.py:161} INFO - Processing /home/daniel/Documents/Alura/python_apache_airflow_pipeline/venv/lib/python3.9/site-packages/airflow/example_dags/example_bash_operator.py took 0.142 seconds
[2025-01-05 10:20:24,802] {processor.py:153} INFO - Started process (PID=10832) to work on /home/daniel/Documents/Alura/python_apache_airflow_pipeline/venv/lib/python3.9/site-packages/airflow/example_dags/example_bash_operator.py
[2025-01-05 10:20:24,804] {processor.py:641} INFO - Processing file /home/daniel/Documents/Alura/python_apache_airflow_pipeline/venv/lib/python3.9/site-packages/airflow/example_dags/example_bash_operator.py for tasks to queue
[2025-01-05 10:20:24,806] {logging_mixin.py:115} INFO - [2025-01-05 10:20:24,806] {dagbag.py:507} INFO - Filling up the DagBag from /home/daniel/Documents/Alura/python_apache_airflow_pipeline/venv/lib/python3.9/site-packages/airflow/example_dags/example_bash_operator.py
[2025-01-05 10:20:24,836] {processor.py:651} INFO - DAG(s) dict_keys(['example_bash_operator']) retrieved from /home/daniel/Documents/Alura/python_apache_airflow_pipeline/venv/lib/python3.9/site-packages/airflow/example_dags/example_bash_operator.py
[2025-01-05 10:20:24,878] {logging_mixin.py:115} INFO - [2025-01-05 10:20:24,877] {dag.py:2379} INFO - Sync 1 DAGs
[2025-01-05 10:20:24,920] {logging_mixin.py:115} INFO - [2025-01-05 10:20:24,920] {dag.py:2927} INFO - Setting next_dagrun for example_bash_operator to 2025-01-04T00:00:00+00:00, run_after=2025-01-05T00:00:00+00:00
[2025-01-05 10:20:24,944] {processor.py:161} INFO - Processing /home/daniel/Documents/Alura/python_apache_airflow_pipeline/venv/lib/python3.9/site-packages/airflow/example_dags/example_bash_operator.py took 0.149 seconds
[2025-01-05 10:22:23,671] {processor.py:153} INFO - Started process (PID=12367) to work on /home/daniel/Documents/Alura/python_apache_airflow_pipeline/venv/lib/python3.9/site-packages/airflow/example_dags/example_bash_operator.py
[2025-01-05 10:22:23,675] {processor.py:641} INFO - Processing file /home/daniel/Documents/Alura/python_apache_airflow_pipeline/venv/lib/python3.9/site-packages/airflow/example_dags/example_bash_operator.py for tasks to queue
[2025-01-05 10:22:23,678] {logging_mixin.py:115} INFO - [2025-01-05 10:22:23,676] {dagbag.py:507} INFO - Filling up the DagBag from /home/daniel/Documents/Alura/python_apache_airflow_pipeline/venv/lib/python3.9/site-packages/airflow/example_dags/example_bash_operator.py
[2025-01-05 10:22:23,714] {processor.py:651} INFO - DAG(s) dict_keys(['example_bash_operator']) retrieved from /home/daniel/Documents/Alura/python_apache_airflow_pipeline/venv/lib/python3.9/site-packages/airflow/example_dags/example_bash_operator.py
[2025-01-05 10:22:23,751] {logging_mixin.py:115} INFO - [2025-01-05 10:22:23,751] {dag.py:2379} INFO - Sync 1 DAGs
[2025-01-05 10:22:23,794] {logging_mixin.py:115} INFO - [2025-01-05 10:22:23,794] {dag.py:2927} INFO - Setting next_dagrun for example_bash_operator to 2025-01-04T00:00:00+00:00, run_after=2025-01-05T00:00:00+00:00
[2025-01-05 10:22:23,824] {processor.py:161} INFO - Processing /home/daniel/Documents/Alura/python_apache_airflow_pipeline/venv/lib/python3.9/site-packages/airflow/example_dags/example_bash_operator.py took 0.166 seconds
[2025-01-05 10:23:06,074] {processor.py:153} INFO - Started process (PID=12710) to work on /home/daniel/Documents/Alura/python_apache_airflow_pipeline/venv/lib/python3.9/site-packages/airflow/example_dags/example_bash_operator.py
[2025-01-05 10:23:06,087] {processor.py:641} INFO - Processing file /home/daniel/Documents/Alura/python_apache_airflow_pipeline/venv/lib/python3.9/site-packages/airflow/example_dags/example_bash_operator.py for tasks to queue
[2025-01-05 10:23:06,088] {logging_mixin.py:115} INFO - [2025-01-05 10:23:06,088] {dagbag.py:507} INFO - Filling up the DagBag from /home/daniel/Documents/Alura/python_apache_airflow_pipeline/venv/lib/python3.9/site-packages/airflow/example_dags/example_bash_operator.py
[2025-01-05 10:23:06,120] {processor.py:651} INFO - DAG(s) dict_keys(['example_bash_operator']) retrieved from /home/daniel/Documents/Alura/python_apache_airflow_pipeline/venv/lib/python3.9/site-packages/airflow/example_dags/example_bash_operator.py
[2025-01-05 10:23:06,168] {logging_mixin.py:115} INFO - [2025-01-05 10:23:06,167] {dag.py:2379} INFO - Sync 1 DAGs
[2025-01-05 10:23:06,223] {logging_mixin.py:115} INFO - [2025-01-05 10:23:06,223] {dag.py:2927} INFO - Setting next_dagrun for example_bash_operator to 2025-01-04T00:00:00+00:00, run_after=2025-01-05T00:00:00+00:00
[2025-01-05 10:23:06,271] {processor.py:161} INFO - Processing /home/daniel/Documents/Alura/python_apache_airflow_pipeline/venv/lib/python3.9/site-packages/airflow/example_dags/example_bash_operator.py took 0.205 seconds
[2025-01-05 10:23:59,382] {processor.py:153} INFO - Started process (PID=13147) to work on /home/daniel/Documents/Alura/python_apache_airflow_pipeline/venv/lib/python3.9/site-packages/airflow/example_dags/example_bash_operator.py
[2025-01-05 10:23:59,383] {processor.py:641} INFO - Processing file /home/daniel/Documents/Alura/python_apache_airflow_pipeline/venv/lib/python3.9/site-packages/airflow/example_dags/example_bash_operator.py for tasks to queue
[2025-01-05 10:23:59,384] {logging_mixin.py:115} INFO - [2025-01-05 10:23:59,384] {dagbag.py:507} INFO - Filling up the DagBag from /home/daniel/Documents/Alura/python_apache_airflow_pipeline/venv/lib/python3.9/site-packages/airflow/example_dags/example_bash_operator.py
[2025-01-05 10:23:59,399] {processor.py:651} INFO - DAG(s) dict_keys(['example_bash_operator']) retrieved from /home/daniel/Documents/Alura/python_apache_airflow_pipeline/venv/lib/python3.9/site-packages/airflow/example_dags/example_bash_operator.py
[2025-01-05 10:23:59,419] {logging_mixin.py:115} INFO - [2025-01-05 10:23:59,418] {dag.py:2379} INFO - Sync 1 DAGs
[2025-01-05 10:23:59,444] {logging_mixin.py:115} INFO - [2025-01-05 10:23:59,444] {dag.py:2927} INFO - Setting next_dagrun for example_bash_operator to 2025-01-04T00:00:00+00:00, run_after=2025-01-05T00:00:00+00:00
[2025-01-05 10:23:59,468] {processor.py:161} INFO - Processing /home/daniel/Documents/Alura/python_apache_airflow_pipeline/venv/lib/python3.9/site-packages/airflow/example_dags/example_bash_operator.py took 0.090 seconds
[2025-01-05 10:25:05,123] {processor.py:153} INFO - Started process (PID=13854) to work on /home/daniel/Documents/Alura/python_apache_airflow_pipeline/venv/lib/python3.9/site-packages/airflow/example_dags/example_bash_operator.py
[2025-01-05 10:25:05,127] {processor.py:641} INFO - Processing file /home/daniel/Documents/Alura/python_apache_airflow_pipeline/venv/lib/python3.9/site-packages/airflow/example_dags/example_bash_operator.py for tasks to queue
[2025-01-05 10:25:05,131] {logging_mixin.py:115} INFO - [2025-01-05 10:25:05,130] {dagbag.py:507} INFO - Filling up the DagBag from /home/daniel/Documents/Alura/python_apache_airflow_pipeline/venv/lib/python3.9/site-packages/airflow/example_dags/example_bash_operator.py
[2025-01-05 10:25:05,174] {processor.py:651} INFO - DAG(s) dict_keys(['example_bash_operator']) retrieved from /home/daniel/Documents/Alura/python_apache_airflow_pipeline/venv/lib/python3.9/site-packages/airflow/example_dags/example_bash_operator.py
[2025-01-05 10:25:05,227] {logging_mixin.py:115} INFO - [2025-01-05 10:25:05,227] {dag.py:2379} INFO - Sync 1 DAGs
[2025-01-05 10:25:05,291] {logging_mixin.py:115} INFO - [2025-01-05 10:25:05,291] {dag.py:2927} INFO - Setting next_dagrun for example_bash_operator to 2025-01-04T00:00:00+00:00, run_after=2025-01-05T00:00:00+00:00
[2025-01-05 10:25:05,342] {processor.py:161} INFO - Processing /home/daniel/Documents/Alura/python_apache_airflow_pipeline/venv/lib/python3.9/site-packages/airflow/example_dags/example_bash_operator.py took 0.228 seconds
[2025-01-05 10:26:01,828] {processor.py:153} INFO - Started process (PID=14027) to work on /home/daniel/Documents/Alura/python_apache_airflow_pipeline/venv/lib/python3.9/site-packages/airflow/example_dags/example_bash_operator.py
[2025-01-05 10:26:01,831] {processor.py:641} INFO - Processing file /home/daniel/Documents/Alura/python_apache_airflow_pipeline/venv/lib/python3.9/site-packages/airflow/example_dags/example_bash_operator.py for tasks to queue
[2025-01-05 10:26:01,834] {logging_mixin.py:115} INFO - [2025-01-05 10:26:01,834] {dagbag.py:507} INFO - Filling up the DagBag from /home/daniel/Documents/Alura/python_apache_airflow_pipeline/venv/lib/python3.9/site-packages/airflow/example_dags/example_bash_operator.py
[2025-01-05 10:26:01,874] {processor.py:651} INFO - DAG(s) dict_keys(['example_bash_operator']) retrieved from /home/daniel/Documents/Alura/python_apache_airflow_pipeline/venv/lib/python3.9/site-packages/airflow/example_dags/example_bash_operator.py
[2025-01-05 10:26:01,911] {logging_mixin.py:115} INFO - [2025-01-05 10:26:01,911] {dag.py:2379} INFO - Sync 1 DAGs
[2025-01-05 10:26:01,978] {logging_mixin.py:115} INFO - [2025-01-05 10:26:01,975] {dag.py:2927} INFO - Setting next_dagrun for example_bash_operator to 2025-01-04T00:00:00+00:00, run_after=2025-01-05T00:00:00+00:00
[2025-01-05 10:26:02,038] {processor.py:161} INFO - Processing /home/daniel/Documents/Alura/python_apache_airflow_pipeline/venv/lib/python3.9/site-packages/airflow/example_dags/example_bash_operator.py took 0.216 seconds
[2025-01-05 10:27:06,142] {processor.py:153} INFO - Started process (PID=14504) to work on /home/daniel/Documents/Alura/python_apache_airflow_pipeline/venv/lib/python3.9/site-packages/airflow/example_dags/example_bash_operator.py
[2025-01-05 10:27:06,146] {processor.py:641} INFO - Processing file /home/daniel/Documents/Alura/python_apache_airflow_pipeline/venv/lib/python3.9/site-packages/airflow/example_dags/example_bash_operator.py for tasks to queue
[2025-01-05 10:27:06,147] {logging_mixin.py:115} INFO - [2025-01-05 10:27:06,147] {dagbag.py:507} INFO - Filling up the DagBag from /home/daniel/Documents/Alura/python_apache_airflow_pipeline/venv/lib/python3.9/site-packages/airflow/example_dags/example_bash_operator.py
[2025-01-05 10:27:06,190] {processor.py:651} INFO - DAG(s) dict_keys(['example_bash_operator']) retrieved from /home/daniel/Documents/Alura/python_apache_airflow_pipeline/venv/lib/python3.9/site-packages/airflow/example_dags/example_bash_operator.py
[2025-01-05 10:27:06,250] {logging_mixin.py:115} INFO - [2025-01-05 10:27:06,250] {dag.py:2379} INFO - Sync 1 DAGs
[2025-01-05 10:27:06,323] {logging_mixin.py:115} INFO - [2025-01-05 10:27:06,323] {dag.py:2927} INFO - Setting next_dagrun for example_bash_operator to 2025-01-04T00:00:00+00:00, run_after=2025-01-05T00:00:00+00:00
[2025-01-05 10:27:06,371] {processor.py:161} INFO - Processing /home/daniel/Documents/Alura/python_apache_airflow_pipeline/venv/lib/python3.9/site-packages/airflow/example_dags/example_bash_operator.py took 0.245 seconds
[2025-01-05 10:28:03,403] {processor.py:153} INFO - Started process (PID=14817) to work on /home/daniel/Documents/Alura/python_apache_airflow_pipeline/venv/lib/python3.9/site-packages/airflow/example_dags/example_bash_operator.py
[2025-01-05 10:28:03,406] {processor.py:641} INFO - Processing file /home/daniel/Documents/Alura/python_apache_airflow_pipeline/venv/lib/python3.9/site-packages/airflow/example_dags/example_bash_operator.py for tasks to queue
[2025-01-05 10:28:03,410] {logging_mixin.py:115} INFO - [2025-01-05 10:28:03,410] {dagbag.py:507} INFO - Filling up the DagBag from /home/daniel/Documents/Alura/python_apache_airflow_pipeline/venv/lib/python3.9/site-packages/airflow/example_dags/example_bash_operator.py
[2025-01-05 10:28:03,439] {processor.py:651} INFO - DAG(s) dict_keys(['example_bash_operator']) retrieved from /home/daniel/Documents/Alura/python_apache_airflow_pipeline/venv/lib/python3.9/site-packages/airflow/example_dags/example_bash_operator.py
[2025-01-05 10:28:03,478] {logging_mixin.py:115} INFO - [2025-01-05 10:28:03,478] {dag.py:2379} INFO - Sync 1 DAGs
[2025-01-05 10:28:03,550] {logging_mixin.py:115} INFO - [2025-01-05 10:28:03,547] {dag.py:2927} INFO - Setting next_dagrun for example_bash_operator to 2025-01-04T00:00:00+00:00, run_after=2025-01-05T00:00:00+00:00
[2025-01-05 10:28:03,618] {processor.py:161} INFO - Processing /home/daniel/Documents/Alura/python_apache_airflow_pipeline/venv/lib/python3.9/site-packages/airflow/example_dags/example_bash_operator.py took 0.220 seconds
[2025-01-05 10:29:53,026] {processor.py:153} INFO - Started process (PID=15483) to work on /home/daniel/Documents/Alura/python_apache_airflow_pipeline/venv/lib/python3.9/site-packages/airflow/example_dags/example_bash_operator.py
[2025-01-05 10:29:53,038] {processor.py:641} INFO - Processing file /home/daniel/Documents/Alura/python_apache_airflow_pipeline/venv/lib/python3.9/site-packages/airflow/example_dags/example_bash_operator.py for tasks to queue
[2025-01-05 10:29:53,046] {logging_mixin.py:115} INFO - [2025-01-05 10:29:53,046] {dagbag.py:507} INFO - Filling up the DagBag from /home/daniel/Documents/Alura/python_apache_airflow_pipeline/venv/lib/python3.9/site-packages/airflow/example_dags/example_bash_operator.py
[2025-01-05 10:29:53,294] {processor.py:651} INFO - DAG(s) dict_keys(['example_bash_operator']) retrieved from /home/daniel/Documents/Alura/python_apache_airflow_pipeline/venv/lib/python3.9/site-packages/airflow/example_dags/example_bash_operator.py
[2025-01-05 10:29:53,566] {logging_mixin.py:115} INFO - [2025-01-05 10:29:53,558] {dag.py:2379} INFO - Sync 1 DAGs
[2025-01-05 10:29:53,862] {logging_mixin.py:115} INFO - [2025-01-05 10:29:53,862] {dag.py:2927} INFO - Setting next_dagrun for example_bash_operator to 2025-01-04T00:00:00+00:00, run_after=2025-01-05T00:00:00+00:00
[2025-01-05 10:29:54,022] {processor.py:161} INFO - Processing /home/daniel/Documents/Alura/python_apache_airflow_pipeline/venv/lib/python3.9/site-packages/airflow/example_dags/example_bash_operator.py took 1.040 seconds
[2025-01-05 10:32:09,003] {processor.py:153} INFO - Started process (PID=16024) to work on /home/daniel/Documents/Alura/python_apache_airflow_pipeline/venv/lib/python3.9/site-packages/airflow/example_dags/example_bash_operator.py
[2025-01-05 10:32:09,005] {processor.py:641} INFO - Processing file /home/daniel/Documents/Alura/python_apache_airflow_pipeline/venv/lib/python3.9/site-packages/airflow/example_dags/example_bash_operator.py for tasks to queue
[2025-01-05 10:32:09,006] {logging_mixin.py:115} INFO - [2025-01-05 10:32:09,006] {dagbag.py:507} INFO - Filling up the DagBag from /home/daniel/Documents/Alura/python_apache_airflow_pipeline/venv/lib/python3.9/site-packages/airflow/example_dags/example_bash_operator.py
[2025-01-05 10:32:09,020] {processor.py:651} INFO - DAG(s) dict_keys(['example_bash_operator']) retrieved from /home/daniel/Documents/Alura/python_apache_airflow_pipeline/venv/lib/python3.9/site-packages/airflow/example_dags/example_bash_operator.py
[2025-01-05 10:32:09,038] {logging_mixin.py:115} INFO - [2025-01-05 10:32:09,038] {dag.py:2379} INFO - Sync 1 DAGs
[2025-01-05 10:32:09,053] {logging_mixin.py:115} INFO - [2025-01-05 10:32:09,053] {dag.py:2927} INFO - Setting next_dagrun for example_bash_operator to 2025-01-04T00:00:00+00:00, run_after=2025-01-05T00:00:00+00:00
[2025-01-05 10:32:09,065] {processor.py:161} INFO - Processing /home/daniel/Documents/Alura/python_apache_airflow_pipeline/venv/lib/python3.9/site-packages/airflow/example_dags/example_bash_operator.py took 0.064 seconds
[2025-01-05 10:32:50,659] {processor.py:153} INFO - Started process (PID=16462) to work on /home/daniel/Documents/Alura/python_apache_airflow_pipeline/venv/lib/python3.9/site-packages/airflow/example_dags/example_bash_operator.py
[2025-01-05 10:32:50,661] {processor.py:641} INFO - Processing file /home/daniel/Documents/Alura/python_apache_airflow_pipeline/venv/lib/python3.9/site-packages/airflow/example_dags/example_bash_operator.py for tasks to queue
[2025-01-05 10:32:50,661] {logging_mixin.py:115} INFO - [2025-01-05 10:32:50,661] {dagbag.py:507} INFO - Filling up the DagBag from /home/daniel/Documents/Alura/python_apache_airflow_pipeline/venv/lib/python3.9/site-packages/airflow/example_dags/example_bash_operator.py
[2025-01-05 10:32:50,674] {processor.py:651} INFO - DAG(s) dict_keys(['example_bash_operator']) retrieved from /home/daniel/Documents/Alura/python_apache_airflow_pipeline/venv/lib/python3.9/site-packages/airflow/example_dags/example_bash_operator.py
[2025-01-05 10:32:50,688] {logging_mixin.py:115} INFO - [2025-01-05 10:32:50,688] {dag.py:2379} INFO - Sync 1 DAGs
[2025-01-05 10:32:50,711] {logging_mixin.py:115} INFO - [2025-01-05 10:32:50,711] {dag.py:2927} INFO - Setting next_dagrun for example_bash_operator to 2025-01-04T00:00:00+00:00, run_after=2025-01-05T00:00:00+00:00
[2025-01-05 10:32:50,732] {processor.py:161} INFO - Processing /home/daniel/Documents/Alura/python_apache_airflow_pipeline/venv/lib/python3.9/site-packages/airflow/example_dags/example_bash_operator.py took 0.085 seconds
[2025-01-05 10:33:38,725] {processor.py:153} INFO - Started process (PID=16772) to work on /home/daniel/Documents/Alura/python_apache_airflow_pipeline/venv/lib/python3.9/site-packages/airflow/example_dags/example_bash_operator.py
[2025-01-05 10:33:38,727] {processor.py:641} INFO - Processing file /home/daniel/Documents/Alura/python_apache_airflow_pipeline/venv/lib/python3.9/site-packages/airflow/example_dags/example_bash_operator.py for tasks to queue
[2025-01-05 10:33:38,727] {logging_mixin.py:115} INFO - [2025-01-05 10:33:38,727] {dagbag.py:507} INFO - Filling up the DagBag from /home/daniel/Documents/Alura/python_apache_airflow_pipeline/venv/lib/python3.9/site-packages/airflow/example_dags/example_bash_operator.py
[2025-01-05 10:33:38,737] {processor.py:651} INFO - DAG(s) dict_keys(['example_bash_operator']) retrieved from /home/daniel/Documents/Alura/python_apache_airflow_pipeline/venv/lib/python3.9/site-packages/airflow/example_dags/example_bash_operator.py
[2025-01-05 10:33:38,751] {logging_mixin.py:115} INFO - [2025-01-05 10:33:38,751] {dag.py:2379} INFO - Sync 1 DAGs
[2025-01-05 10:33:38,764] {logging_mixin.py:115} INFO - [2025-01-05 10:33:38,764] {dag.py:2927} INFO - Setting next_dagrun for example_bash_operator to 2025-01-04T00:00:00+00:00, run_after=2025-01-05T00:00:00+00:00
[2025-01-05 10:33:38,775] {processor.py:161} INFO - Processing /home/daniel/Documents/Alura/python_apache_airflow_pipeline/venv/lib/python3.9/site-packages/airflow/example_dags/example_bash_operator.py took 0.053 seconds
[2025-01-05 10:34:18,433] {processor.py:153} INFO - Started process (PID=16811) to work on /home/daniel/Documents/Alura/python_apache_airflow_pipeline/venv/lib/python3.9/site-packages/airflow/example_dags/example_bash_operator.py
[2025-01-05 10:34:18,434] {processor.py:641} INFO - Processing file /home/daniel/Documents/Alura/python_apache_airflow_pipeline/venv/lib/python3.9/site-packages/airflow/example_dags/example_bash_operator.py for tasks to queue
[2025-01-05 10:34:18,435] {logging_mixin.py:115} INFO - [2025-01-05 10:34:18,435] {dagbag.py:507} INFO - Filling up the DagBag from /home/daniel/Documents/Alura/python_apache_airflow_pipeline/venv/lib/python3.9/site-packages/airflow/example_dags/example_bash_operator.py
[2025-01-05 10:34:18,444] {processor.py:651} INFO - DAG(s) dict_keys(['example_bash_operator']) retrieved from /home/daniel/Documents/Alura/python_apache_airflow_pipeline/venv/lib/python3.9/site-packages/airflow/example_dags/example_bash_operator.py
[2025-01-05 10:34:18,459] {logging_mixin.py:115} INFO - [2025-01-05 10:34:18,458] {dag.py:2379} INFO - Sync 1 DAGs
[2025-01-05 10:34:18,480] {logging_mixin.py:115} INFO - [2025-01-05 10:34:18,480] {dag.py:2927} INFO - Setting next_dagrun for example_bash_operator to 2025-01-04T00:00:00+00:00, run_after=2025-01-05T00:00:00+00:00
[2025-01-05 10:34:18,494] {processor.py:161} INFO - Processing /home/daniel/Documents/Alura/python_apache_airflow_pipeline/venv/lib/python3.9/site-packages/airflow/example_dags/example_bash_operator.py took 0.064 seconds
[2025-01-05 10:34:53,293] {processor.py:153} INFO - Started process (PID=16854) to work on /home/daniel/Documents/Alura/python_apache_airflow_pipeline/venv/lib/python3.9/site-packages/airflow/example_dags/example_bash_operator.py
[2025-01-05 10:34:53,295] {processor.py:641} INFO - Processing file /home/daniel/Documents/Alura/python_apache_airflow_pipeline/venv/lib/python3.9/site-packages/airflow/example_dags/example_bash_operator.py for tasks to queue
[2025-01-05 10:34:53,295] {logging_mixin.py:115} INFO - [2025-01-05 10:34:53,295] {dagbag.py:507} INFO - Filling up the DagBag from /home/daniel/Documents/Alura/python_apache_airflow_pipeline/venv/lib/python3.9/site-packages/airflow/example_dags/example_bash_operator.py
[2025-01-05 10:34:53,308] {processor.py:651} INFO - DAG(s) dict_keys(['example_bash_operator']) retrieved from /home/daniel/Documents/Alura/python_apache_airflow_pipeline/venv/lib/python3.9/site-packages/airflow/example_dags/example_bash_operator.py
[2025-01-05 10:34:53,323] {logging_mixin.py:115} INFO - [2025-01-05 10:34:53,323] {dag.py:2379} INFO - Sync 1 DAGs
[2025-01-05 10:34:53,339] {logging_mixin.py:115} INFO - [2025-01-05 10:34:53,339] {dag.py:2927} INFO - Setting next_dagrun for example_bash_operator to 2025-01-04T00:00:00+00:00, run_after=2025-01-05T00:00:00+00:00
[2025-01-05 10:34:53,351] {processor.py:161} INFO - Processing /home/daniel/Documents/Alura/python_apache_airflow_pipeline/venv/lib/python3.9/site-packages/airflow/example_dags/example_bash_operator.py took 0.060 seconds
[2025-01-05 10:35:30,934] {processor.py:153} INFO - Started process (PID=16996) to work on /home/daniel/Documents/Alura/python_apache_airflow_pipeline/venv/lib/python3.9/site-packages/airflow/example_dags/example_bash_operator.py
[2025-01-05 10:35:30,935] {processor.py:641} INFO - Processing file /home/daniel/Documents/Alura/python_apache_airflow_pipeline/venv/lib/python3.9/site-packages/airflow/example_dags/example_bash_operator.py for tasks to queue
[2025-01-05 10:35:30,936] {logging_mixin.py:115} INFO - [2025-01-05 10:35:30,936] {dagbag.py:507} INFO - Filling up the DagBag from /home/daniel/Documents/Alura/python_apache_airflow_pipeline/venv/lib/python3.9/site-packages/airflow/example_dags/example_bash_operator.py
[2025-01-05 10:35:30,963] {processor.py:651} INFO - DAG(s) dict_keys(['example_bash_operator']) retrieved from /home/daniel/Documents/Alura/python_apache_airflow_pipeline/venv/lib/python3.9/site-packages/airflow/example_dags/example_bash_operator.py
[2025-01-05 10:35:30,989] {logging_mixin.py:115} INFO - [2025-01-05 10:35:30,989] {dag.py:2379} INFO - Sync 1 DAGs
[2025-01-05 10:35:31,010] {logging_mixin.py:115} INFO - [2025-01-05 10:35:31,010] {dag.py:2927} INFO - Setting next_dagrun for example_bash_operator to 2025-01-04T00:00:00+00:00, run_after=2025-01-05T00:00:00+00:00
[2025-01-05 10:35:31,027] {processor.py:161} INFO - Processing /home/daniel/Documents/Alura/python_apache_airflow_pipeline/venv/lib/python3.9/site-packages/airflow/example_dags/example_bash_operator.py took 0.097 seconds
[2025-01-05 10:36:12,643] {processor.py:153} INFO - Started process (PID=17042) to work on /home/daniel/Documents/Alura/python_apache_airflow_pipeline/venv/lib/python3.9/site-packages/airflow/example_dags/example_bash_operator.py
[2025-01-05 10:36:12,644] {processor.py:641} INFO - Processing file /home/daniel/Documents/Alura/python_apache_airflow_pipeline/venv/lib/python3.9/site-packages/airflow/example_dags/example_bash_operator.py for tasks to queue
[2025-01-05 10:36:12,644] {logging_mixin.py:115} INFO - [2025-01-05 10:36:12,644] {dagbag.py:507} INFO - Filling up the DagBag from /home/daniel/Documents/Alura/python_apache_airflow_pipeline/venv/lib/python3.9/site-packages/airflow/example_dags/example_bash_operator.py
[2025-01-05 10:36:12,655] {processor.py:651} INFO - DAG(s) dict_keys(['example_bash_operator']) retrieved from /home/daniel/Documents/Alura/python_apache_airflow_pipeline/venv/lib/python3.9/site-packages/airflow/example_dags/example_bash_operator.py
[2025-01-05 10:36:12,671] {logging_mixin.py:115} INFO - [2025-01-05 10:36:12,671] {dag.py:2379} INFO - Sync 1 DAGs
[2025-01-05 10:36:12,691] {logging_mixin.py:115} INFO - [2025-01-05 10:36:12,691] {dag.py:2927} INFO - Setting next_dagrun for example_bash_operator to 2025-01-04T00:00:00+00:00, run_after=2025-01-05T00:00:00+00:00
[2025-01-05 10:36:12,708] {processor.py:161} INFO - Processing /home/daniel/Documents/Alura/python_apache_airflow_pipeline/venv/lib/python3.9/site-packages/airflow/example_dags/example_bash_operator.py took 0.068 seconds
[2025-01-05 10:36:51,751] {processor.py:153} INFO - Started process (PID=17089) to work on /home/daniel/Documents/Alura/python_apache_airflow_pipeline/venv/lib/python3.9/site-packages/airflow/example_dags/example_bash_operator.py
[2025-01-05 10:36:51,752] {processor.py:641} INFO - Processing file /home/daniel/Documents/Alura/python_apache_airflow_pipeline/venv/lib/python3.9/site-packages/airflow/example_dags/example_bash_operator.py for tasks to queue
[2025-01-05 10:36:51,752] {logging_mixin.py:115} INFO - [2025-01-05 10:36:51,752] {dagbag.py:507} INFO - Filling up the DagBag from /home/daniel/Documents/Alura/python_apache_airflow_pipeline/venv/lib/python3.9/site-packages/airflow/example_dags/example_bash_operator.py
[2025-01-05 10:36:51,766] {processor.py:651} INFO - DAG(s) dict_keys(['example_bash_operator']) retrieved from /home/daniel/Documents/Alura/python_apache_airflow_pipeline/venv/lib/python3.9/site-packages/airflow/example_dags/example_bash_operator.py
[2025-01-05 10:36:51,784] {logging_mixin.py:115} INFO - [2025-01-05 10:36:51,784] {dag.py:2379} INFO - Sync 1 DAGs
[2025-01-05 10:36:51,803] {logging_mixin.py:115} INFO - [2025-01-05 10:36:51,803] {dag.py:2927} INFO - Setting next_dagrun for example_bash_operator to 2025-01-04T00:00:00+00:00, run_after=2025-01-05T00:00:00+00:00
[2025-01-05 10:36:51,823] {processor.py:161} INFO - Processing /home/daniel/Documents/Alura/python_apache_airflow_pipeline/venv/lib/python3.9/site-packages/airflow/example_dags/example_bash_operator.py took 0.075 seconds
[2025-01-05 10:37:29,403] {processor.py:153} INFO - Started process (PID=17187) to work on /home/daniel/Documents/Alura/python_apache_airflow_pipeline/venv/lib/python3.9/site-packages/airflow/example_dags/example_bash_operator.py
[2025-01-05 10:37:29,404] {processor.py:641} INFO - Processing file /home/daniel/Documents/Alura/python_apache_airflow_pipeline/venv/lib/python3.9/site-packages/airflow/example_dags/example_bash_operator.py for tasks to queue
[2025-01-05 10:37:29,405] {logging_mixin.py:115} INFO - [2025-01-05 10:37:29,405] {dagbag.py:507} INFO - Filling up the DagBag from /home/daniel/Documents/Alura/python_apache_airflow_pipeline/venv/lib/python3.9/site-packages/airflow/example_dags/example_bash_operator.py
[2025-01-05 10:37:29,417] {processor.py:651} INFO - DAG(s) dict_keys(['example_bash_operator']) retrieved from /home/daniel/Documents/Alura/python_apache_airflow_pipeline/venv/lib/python3.9/site-packages/airflow/example_dags/example_bash_operator.py
[2025-01-05 10:37:29,436] {logging_mixin.py:115} INFO - [2025-01-05 10:37:29,436] {dag.py:2379} INFO - Sync 1 DAGs
[2025-01-05 10:37:29,453] {logging_mixin.py:115} INFO - [2025-01-05 10:37:29,453] {dag.py:2927} INFO - Setting next_dagrun for example_bash_operator to 2025-01-04T00:00:00+00:00, run_after=2025-01-05T00:00:00+00:00
[2025-01-05 10:37:29,472] {processor.py:161} INFO - Processing /home/daniel/Documents/Alura/python_apache_airflow_pipeline/venv/lib/python3.9/site-packages/airflow/example_dags/example_bash_operator.py took 0.072 seconds
[2025-01-05 10:38:16,085] {processor.py:153} INFO - Started process (PID=17510) to work on /home/daniel/Documents/Alura/python_apache_airflow_pipeline/venv/lib/python3.9/site-packages/airflow/example_dags/example_bash_operator.py
[2025-01-05 10:38:16,088] {processor.py:641} INFO - Processing file /home/daniel/Documents/Alura/python_apache_airflow_pipeline/venv/lib/python3.9/site-packages/airflow/example_dags/example_bash_operator.py for tasks to queue
[2025-01-05 10:38:16,088] {logging_mixin.py:115} INFO - [2025-01-05 10:38:16,088] {dagbag.py:507} INFO - Filling up the DagBag from /home/daniel/Documents/Alura/python_apache_airflow_pipeline/venv/lib/python3.9/site-packages/airflow/example_dags/example_bash_operator.py
[2025-01-05 10:38:16,116] {processor.py:651} INFO - DAG(s) dict_keys(['example_bash_operator']) retrieved from /home/daniel/Documents/Alura/python_apache_airflow_pipeline/venv/lib/python3.9/site-packages/airflow/example_dags/example_bash_operator.py
[2025-01-05 10:38:16,149] {logging_mixin.py:115} INFO - [2025-01-05 10:38:16,148] {dag.py:2379} INFO - Sync 1 DAGs
[2025-01-05 10:38:16,187] {logging_mixin.py:115} INFO - [2025-01-05 10:38:16,185] {dag.py:2927} INFO - Setting next_dagrun for example_bash_operator to 2025-01-04T00:00:00+00:00, run_after=2025-01-05T00:00:00+00:00
[2025-01-05 10:38:16,232] {processor.py:161} INFO - Processing /home/daniel/Documents/Alura/python_apache_airflow_pipeline/venv/lib/python3.9/site-packages/airflow/example_dags/example_bash_operator.py took 0.151 seconds
[2025-01-05 10:38:59,376] {processor.py:153} INFO - Started process (PID=17554) to work on /home/daniel/Documents/Alura/python_apache_airflow_pipeline/venv/lib/python3.9/site-packages/airflow/example_dags/example_bash_operator.py
[2025-01-05 10:38:59,377] {processor.py:641} INFO - Processing file /home/daniel/Documents/Alura/python_apache_airflow_pipeline/venv/lib/python3.9/site-packages/airflow/example_dags/example_bash_operator.py for tasks to queue
[2025-01-05 10:38:59,379] {logging_mixin.py:115} INFO - [2025-01-05 10:38:59,379] {dagbag.py:507} INFO - Filling up the DagBag from /home/daniel/Documents/Alura/python_apache_airflow_pipeline/venv/lib/python3.9/site-packages/airflow/example_dags/example_bash_operator.py
[2025-01-05 10:38:59,400] {processor.py:651} INFO - DAG(s) dict_keys(['example_bash_operator']) retrieved from /home/daniel/Documents/Alura/python_apache_airflow_pipeline/venv/lib/python3.9/site-packages/airflow/example_dags/example_bash_operator.py
[2025-01-05 10:38:59,433] {logging_mixin.py:115} INFO - [2025-01-05 10:38:59,433] {dag.py:2379} INFO - Sync 1 DAGs
[2025-01-05 10:38:59,476] {logging_mixin.py:115} INFO - [2025-01-05 10:38:59,476] {dag.py:2927} INFO - Setting next_dagrun for example_bash_operator to 2025-01-04T00:00:00+00:00, run_after=2025-01-05T00:00:00+00:00
[2025-01-05 10:38:59,512] {processor.py:161} INFO - Processing /home/daniel/Documents/Alura/python_apache_airflow_pipeline/venv/lib/python3.9/site-packages/airflow/example_dags/example_bash_operator.py took 0.143 seconds
[2025-01-05 10:39:46,124] {processor.py:153} INFO - Started process (PID=17727) to work on /home/daniel/Documents/Alura/python_apache_airflow_pipeline/venv/lib/python3.9/site-packages/airflow/example_dags/example_bash_operator.py
[2025-01-05 10:39:46,125] {processor.py:641} INFO - Processing file /home/daniel/Documents/Alura/python_apache_airflow_pipeline/venv/lib/python3.9/site-packages/airflow/example_dags/example_bash_operator.py for tasks to queue
[2025-01-05 10:39:46,135] {logging_mixin.py:115} INFO - [2025-01-05 10:39:46,135] {dagbag.py:507} INFO - Filling up the DagBag from /home/daniel/Documents/Alura/python_apache_airflow_pipeline/venv/lib/python3.9/site-packages/airflow/example_dags/example_bash_operator.py
[2025-01-05 10:39:46,168] {processor.py:651} INFO - DAG(s) dict_keys(['example_bash_operator']) retrieved from /home/daniel/Documents/Alura/python_apache_airflow_pipeline/venv/lib/python3.9/site-packages/airflow/example_dags/example_bash_operator.py
[2025-01-05 10:39:46,215] {logging_mixin.py:115} INFO - [2025-01-05 10:39:46,215] {dag.py:2379} INFO - Sync 1 DAGs
[2025-01-05 10:39:46,264] {logging_mixin.py:115} INFO - [2025-01-05 10:39:46,264] {dag.py:2927} INFO - Setting next_dagrun for example_bash_operator to 2025-01-04T00:00:00+00:00, run_after=2025-01-05T00:00:00+00:00
[2025-01-05 10:39:46,319] {processor.py:161} INFO - Processing /home/daniel/Documents/Alura/python_apache_airflow_pipeline/venv/lib/python3.9/site-packages/airflow/example_dags/example_bash_operator.py took 0.220 seconds
[2025-01-05 10:40:58,823] {processor.py:153} INFO - Started process (PID=18157) to work on /home/daniel/Documents/Alura/python_apache_airflow_pipeline/venv/lib/python3.9/site-packages/airflow/example_dags/example_bash_operator.py
[2025-01-05 10:40:58,827] {processor.py:641} INFO - Processing file /home/daniel/Documents/Alura/python_apache_airflow_pipeline/venv/lib/python3.9/site-packages/airflow/example_dags/example_bash_operator.py for tasks to queue
[2025-01-05 10:40:58,831] {logging_mixin.py:115} INFO - [2025-01-05 10:40:58,828] {dagbag.py:507} INFO - Filling up the DagBag from /home/daniel/Documents/Alura/python_apache_airflow_pipeline/venv/lib/python3.9/site-packages/airflow/example_dags/example_bash_operator.py
[2025-01-05 10:40:58,860] {processor.py:651} INFO - DAG(s) dict_keys(['example_bash_operator']) retrieved from /home/daniel/Documents/Alura/python_apache_airflow_pipeline/venv/lib/python3.9/site-packages/airflow/example_dags/example_bash_operator.py
[2025-01-05 10:40:58,899] {logging_mixin.py:115} INFO - [2025-01-05 10:40:58,899] {dag.py:2379} INFO - Sync 1 DAGs
[2025-01-05 10:40:58,964] {logging_mixin.py:115} INFO - [2025-01-05 10:40:58,964] {dag.py:2927} INFO - Setting next_dagrun for example_bash_operator to 2025-01-04T00:00:00+00:00, run_after=2025-01-05T00:00:00+00:00
[2025-01-05 10:40:59,007] {processor.py:161} INFO - Processing /home/daniel/Documents/Alura/python_apache_airflow_pipeline/venv/lib/python3.9/site-packages/airflow/example_dags/example_bash_operator.py took 0.196 seconds
[2025-01-05 10:45:46,850] {processor.py:153} INFO - Started process (PID=18676) to work on /home/daniel/Documents/Alura/python_apache_airflow_pipeline/venv/lib/python3.9/site-packages/airflow/example_dags/example_bash_operator.py
[2025-01-05 10:45:46,852] {processor.py:641} INFO - Processing file /home/daniel/Documents/Alura/python_apache_airflow_pipeline/venv/lib/python3.9/site-packages/airflow/example_dags/example_bash_operator.py for tasks to queue
[2025-01-05 10:45:46,853] {logging_mixin.py:115} INFO - [2025-01-05 10:45:46,853] {dagbag.py:507} INFO - Filling up the DagBag from /home/daniel/Documents/Alura/python_apache_airflow_pipeline/venv/lib/python3.9/site-packages/airflow/example_dags/example_bash_operator.py
[2025-01-05 10:45:46,874] {processor.py:651} INFO - DAG(s) dict_keys(['example_bash_operator']) retrieved from /home/daniel/Documents/Alura/python_apache_airflow_pipeline/venv/lib/python3.9/site-packages/airflow/example_dags/example_bash_operator.py
[2025-01-05 10:45:46,905] {logging_mixin.py:115} INFO - [2025-01-05 10:45:46,905] {dag.py:2379} INFO - Sync 1 DAGs
[2025-01-05 10:45:46,941] {logging_mixin.py:115} INFO - [2025-01-05 10:45:46,941] {dag.py:2927} INFO - Setting next_dagrun for example_bash_operator to 2025-01-04T00:00:00+00:00, run_after=2025-01-05T00:00:00+00:00
[2025-01-05 10:45:46,964] {processor.py:161} INFO - Processing /home/daniel/Documents/Alura/python_apache_airflow_pipeline/venv/lib/python3.9/site-packages/airflow/example_dags/example_bash_operator.py took 0.119 seconds
[2025-01-05 10:46:24,494] {processor.py:153} INFO - Started process (PID=18832) to work on /home/daniel/Documents/Alura/python_apache_airflow_pipeline/venv/lib/python3.9/site-packages/airflow/example_dags/example_bash_operator.py
[2025-01-05 10:46:24,497] {processor.py:641} INFO - Processing file /home/daniel/Documents/Alura/python_apache_airflow_pipeline/venv/lib/python3.9/site-packages/airflow/example_dags/example_bash_operator.py for tasks to queue
[2025-01-05 10:46:24,498] {logging_mixin.py:115} INFO - [2025-01-05 10:46:24,498] {dagbag.py:507} INFO - Filling up the DagBag from /home/daniel/Documents/Alura/python_apache_airflow_pipeline/venv/lib/python3.9/site-packages/airflow/example_dags/example_bash_operator.py
[2025-01-05 10:46:24,518] {processor.py:651} INFO - DAG(s) dict_keys(['example_bash_operator']) retrieved from /home/daniel/Documents/Alura/python_apache_airflow_pipeline/venv/lib/python3.9/site-packages/airflow/example_dags/example_bash_operator.py
[2025-01-05 10:46:24,544] {logging_mixin.py:115} INFO - [2025-01-05 10:46:24,544] {dag.py:2379} INFO - Sync 1 DAGs
[2025-01-05 10:46:24,581] {logging_mixin.py:115} INFO - [2025-01-05 10:46:24,581] {dag.py:2927} INFO - Setting next_dagrun for example_bash_operator to 2025-01-04T00:00:00+00:00, run_after=2025-01-05T00:00:00+00:00
[2025-01-05 10:46:24,608] {processor.py:161} INFO - Processing /home/daniel/Documents/Alura/python_apache_airflow_pipeline/venv/lib/python3.9/site-packages/airflow/example_dags/example_bash_operator.py took 0.118 seconds
[2025-01-05 10:47:13,531] {processor.py:153} INFO - Started process (PID=19263) to work on /home/daniel/Documents/Alura/python_apache_airflow_pipeline/venv/lib/python3.9/site-packages/airflow/example_dags/example_bash_operator.py
[2025-01-05 10:47:13,536] {processor.py:641} INFO - Processing file /home/daniel/Documents/Alura/python_apache_airflow_pipeline/venv/lib/python3.9/site-packages/airflow/example_dags/example_bash_operator.py for tasks to queue
[2025-01-05 10:47:13,537] {logging_mixin.py:115} INFO - [2025-01-05 10:47:13,537] {dagbag.py:507} INFO - Filling up the DagBag from /home/daniel/Documents/Alura/python_apache_airflow_pipeline/venv/lib/python3.9/site-packages/airflow/example_dags/example_bash_operator.py
[2025-01-05 10:47:13,551] {processor.py:651} INFO - DAG(s) dict_keys(['example_bash_operator']) retrieved from /home/daniel/Documents/Alura/python_apache_airflow_pipeline/venv/lib/python3.9/site-packages/airflow/example_dags/example_bash_operator.py
[2025-01-05 10:47:13,571] {logging_mixin.py:115} INFO - [2025-01-05 10:47:13,571] {dag.py:2379} INFO - Sync 1 DAGs
[2025-01-05 10:47:13,594] {logging_mixin.py:115} INFO - [2025-01-05 10:47:13,594] {dag.py:2927} INFO - Setting next_dagrun for example_bash_operator to 2025-01-04T00:00:00+00:00, run_after=2025-01-05T00:00:00+00:00
[2025-01-05 10:47:13,615] {processor.py:161} INFO - Processing /home/daniel/Documents/Alura/python_apache_airflow_pipeline/venv/lib/python3.9/site-packages/airflow/example_dags/example_bash_operator.py took 0.089 seconds
[2025-01-05 10:48:01,667] {processor.py:153} INFO - Started process (PID=19329) to work on /home/daniel/Documents/Alura/python_apache_airflow_pipeline/venv/lib/python3.9/site-packages/airflow/example_dags/example_bash_operator.py
[2025-01-05 10:48:01,668] {processor.py:641} INFO - Processing file /home/daniel/Documents/Alura/python_apache_airflow_pipeline/venv/lib/python3.9/site-packages/airflow/example_dags/example_bash_operator.py for tasks to queue
[2025-01-05 10:48:01,669] {logging_mixin.py:115} INFO - [2025-01-05 10:48:01,669] {dagbag.py:507} INFO - Filling up the DagBag from /home/daniel/Documents/Alura/python_apache_airflow_pipeline/venv/lib/python3.9/site-packages/airflow/example_dags/example_bash_operator.py
[2025-01-05 10:48:01,686] {processor.py:651} INFO - DAG(s) dict_keys(['example_bash_operator']) retrieved from /home/daniel/Documents/Alura/python_apache_airflow_pipeline/venv/lib/python3.9/site-packages/airflow/example_dags/example_bash_operator.py
[2025-01-05 10:48:01,708] {logging_mixin.py:115} INFO - [2025-01-05 10:48:01,707] {dag.py:2379} INFO - Sync 1 DAGs
[2025-01-05 10:48:01,741] {logging_mixin.py:115} INFO - [2025-01-05 10:48:01,741] {dag.py:2927} INFO - Setting next_dagrun for example_bash_operator to 2025-01-04T00:00:00+00:00, run_after=2025-01-05T00:00:00+00:00
[2025-01-05 10:48:01,765] {processor.py:161} INFO - Processing /home/daniel/Documents/Alura/python_apache_airflow_pipeline/venv/lib/python3.9/site-packages/airflow/example_dags/example_bash_operator.py took 0.102 seconds
[2025-01-05 10:52:53,238] {processor.py:153} INFO - Started process (PID=3898) to work on /home/daniel/Documents/Alura/python_apache_airflow_pipeline/venv/lib/python3.9/site-packages/airflow/example_dags/example_bash_operator.py
[2025-01-05 10:52:53,243] {processor.py:641} INFO - Processing file /home/daniel/Documents/Alura/python_apache_airflow_pipeline/venv/lib/python3.9/site-packages/airflow/example_dags/example_bash_operator.py for tasks to queue
[2025-01-05 10:52:53,244] {logging_mixin.py:115} INFO - [2025-01-05 10:52:53,244] {dagbag.py:507} INFO - Filling up the DagBag from /home/daniel/Documents/Alura/python_apache_airflow_pipeline/venv/lib/python3.9/site-packages/airflow/example_dags/example_bash_operator.py
[2025-01-05 10:52:53,252] {processor.py:651} INFO - DAG(s) dict_keys(['example_bash_operator']) retrieved from /home/daniel/Documents/Alura/python_apache_airflow_pipeline/venv/lib/python3.9/site-packages/airflow/example_dags/example_bash_operator.py
[2025-01-05 10:52:53,265] {logging_mixin.py:115} INFO - [2025-01-05 10:52:53,265] {dag.py:2379} INFO - Sync 1 DAGs
[2025-01-05 10:52:53,278] {logging_mixin.py:115} INFO - [2025-01-05 10:52:53,278] {dag.py:2927} INFO - Setting next_dagrun for example_bash_operator to 2025-01-04T00:00:00+00:00, run_after=2025-01-05T00:00:00+00:00
[2025-01-05 10:52:53,288] {processor.py:161} INFO - Processing /home/daniel/Documents/Alura/python_apache_airflow_pipeline/venv/lib/python3.9/site-packages/airflow/example_dags/example_bash_operator.py took 0.052 seconds
[2025-01-05 10:53:31,257] {processor.py:153} INFO - Started process (PID=3945) to work on /home/daniel/Documents/Alura/python_apache_airflow_pipeline/venv/lib/python3.9/site-packages/airflow/example_dags/example_bash_operator.py
[2025-01-05 10:53:31,259] {processor.py:641} INFO - Processing file /home/daniel/Documents/Alura/python_apache_airflow_pipeline/venv/lib/python3.9/site-packages/airflow/example_dags/example_bash_operator.py for tasks to queue
[2025-01-05 10:53:31,259] {logging_mixin.py:115} INFO - [2025-01-05 10:53:31,259] {dagbag.py:507} INFO - Filling up the DagBag from /home/daniel/Documents/Alura/python_apache_airflow_pipeline/venv/lib/python3.9/site-packages/airflow/example_dags/example_bash_operator.py
[2025-01-05 10:53:31,269] {processor.py:651} INFO - DAG(s) dict_keys(['example_bash_operator']) retrieved from /home/daniel/Documents/Alura/python_apache_airflow_pipeline/venv/lib/python3.9/site-packages/airflow/example_dags/example_bash_operator.py
[2025-01-05 10:53:31,281] {logging_mixin.py:115} INFO - [2025-01-05 10:53:31,281] {dag.py:2379} INFO - Sync 1 DAGs
[2025-01-05 10:53:31,294] {logging_mixin.py:115} INFO - [2025-01-05 10:53:31,294] {dag.py:2927} INFO - Setting next_dagrun for example_bash_operator to 2025-01-04T00:00:00+00:00, run_after=2025-01-05T00:00:00+00:00
[2025-01-05 10:53:31,304] {processor.py:161} INFO - Processing /home/daniel/Documents/Alura/python_apache_airflow_pipeline/venv/lib/python3.9/site-packages/airflow/example_dags/example_bash_operator.py took 0.049 seconds
[2025-01-05 10:54:07,325] {processor.py:153} INFO - Started process (PID=3987) to work on /home/daniel/Documents/Alura/python_apache_airflow_pipeline/venv/lib/python3.9/site-packages/airflow/example_dags/example_bash_operator.py
[2025-01-05 10:54:07,326] {processor.py:641} INFO - Processing file /home/daniel/Documents/Alura/python_apache_airflow_pipeline/venv/lib/python3.9/site-packages/airflow/example_dags/example_bash_operator.py for tasks to queue
[2025-01-05 10:54:07,327] {logging_mixin.py:115} INFO - [2025-01-05 10:54:07,327] {dagbag.py:507} INFO - Filling up the DagBag from /home/daniel/Documents/Alura/python_apache_airflow_pipeline/venv/lib/python3.9/site-packages/airflow/example_dags/example_bash_operator.py
[2025-01-05 10:54:07,336] {processor.py:651} INFO - DAG(s) dict_keys(['example_bash_operator']) retrieved from /home/daniel/Documents/Alura/python_apache_airflow_pipeline/venv/lib/python3.9/site-packages/airflow/example_dags/example_bash_operator.py
[2025-01-05 10:54:07,351] {logging_mixin.py:115} INFO - [2025-01-05 10:54:07,351] {dag.py:2379} INFO - Sync 1 DAGs
[2025-01-05 10:54:07,365] {logging_mixin.py:115} INFO - [2025-01-05 10:54:07,364] {dag.py:2927} INFO - Setting next_dagrun for example_bash_operator to 2025-01-04T00:00:00+00:00, run_after=2025-01-05T00:00:00+00:00
[2025-01-05 10:54:07,376] {processor.py:161} INFO - Processing /home/daniel/Documents/Alura/python_apache_airflow_pipeline/venv/lib/python3.9/site-packages/airflow/example_dags/example_bash_operator.py took 0.054 seconds
[2025-01-05 10:54:44,772] {processor.py:153} INFO - Started process (PID=4032) to work on /home/daniel/Documents/Alura/python_apache_airflow_pipeline/venv/lib/python3.9/site-packages/airflow/example_dags/example_bash_operator.py
[2025-01-05 10:54:44,775] {processor.py:641} INFO - Processing file /home/daniel/Documents/Alura/python_apache_airflow_pipeline/venv/lib/python3.9/site-packages/airflow/example_dags/example_bash_operator.py for tasks to queue
[2025-01-05 10:54:44,775] {logging_mixin.py:115} INFO - [2025-01-05 10:54:44,775] {dagbag.py:507} INFO - Filling up the DagBag from /home/daniel/Documents/Alura/python_apache_airflow_pipeline/venv/lib/python3.9/site-packages/airflow/example_dags/example_bash_operator.py
[2025-01-05 10:54:44,786] {processor.py:651} INFO - DAG(s) dict_keys(['example_bash_operator']) retrieved from /home/daniel/Documents/Alura/python_apache_airflow_pipeline/venv/lib/python3.9/site-packages/airflow/example_dags/example_bash_operator.py
[2025-01-05 10:54:44,801] {logging_mixin.py:115} INFO - [2025-01-05 10:54:44,800] {dag.py:2379} INFO - Sync 1 DAGs
[2025-01-05 10:54:44,814] {logging_mixin.py:115} INFO - [2025-01-05 10:54:44,814] {dag.py:2927} INFO - Setting next_dagrun for example_bash_operator to 2025-01-04T00:00:00+00:00, run_after=2025-01-05T00:00:00+00:00
[2025-01-05 10:54:44,824] {processor.py:161} INFO - Processing /home/daniel/Documents/Alura/python_apache_airflow_pipeline/venv/lib/python3.9/site-packages/airflow/example_dags/example_bash_operator.py took 0.056 seconds
[2025-01-05 10:55:21,148] {processor.py:153} INFO - Started process (PID=4078) to work on /home/daniel/Documents/Alura/python_apache_airflow_pipeline/venv/lib/python3.9/site-packages/airflow/example_dags/example_bash_operator.py
[2025-01-05 10:55:21,149] {processor.py:641} INFO - Processing file /home/daniel/Documents/Alura/python_apache_airflow_pipeline/venv/lib/python3.9/site-packages/airflow/example_dags/example_bash_operator.py for tasks to queue
[2025-01-05 10:55:21,150] {logging_mixin.py:115} INFO - [2025-01-05 10:55:21,150] {dagbag.py:507} INFO - Filling up the DagBag from /home/daniel/Documents/Alura/python_apache_airflow_pipeline/venv/lib/python3.9/site-packages/airflow/example_dags/example_bash_operator.py
[2025-01-05 10:55:21,159] {processor.py:651} INFO - DAG(s) dict_keys(['example_bash_operator']) retrieved from /home/daniel/Documents/Alura/python_apache_airflow_pipeline/venv/lib/python3.9/site-packages/airflow/example_dags/example_bash_operator.py
[2025-01-05 10:55:21,175] {logging_mixin.py:115} INFO - [2025-01-05 10:55:21,175] {dag.py:2379} INFO - Sync 1 DAGs
[2025-01-05 10:55:21,189] {logging_mixin.py:115} INFO - [2025-01-05 10:55:21,189] {dag.py:2927} INFO - Setting next_dagrun for example_bash_operator to 2025-01-04T00:00:00+00:00, run_after=2025-01-05T00:00:00+00:00
[2025-01-05 10:55:21,203] {processor.py:161} INFO - Processing /home/daniel/Documents/Alura/python_apache_airflow_pipeline/venv/lib/python3.9/site-packages/airflow/example_dags/example_bash_operator.py took 0.057 seconds
[2025-01-05 10:55:57,008] {processor.py:153} INFO - Started process (PID=4122) to work on /home/daniel/Documents/Alura/python_apache_airflow_pipeline/venv/lib/python3.9/site-packages/airflow/example_dags/example_bash_operator.py
[2025-01-05 10:55:57,009] {processor.py:641} INFO - Processing file /home/daniel/Documents/Alura/python_apache_airflow_pipeline/venv/lib/python3.9/site-packages/airflow/example_dags/example_bash_operator.py for tasks to queue
[2025-01-05 10:55:57,011] {logging_mixin.py:115} INFO - [2025-01-05 10:55:57,010] {dagbag.py:507} INFO - Filling up the DagBag from /home/daniel/Documents/Alura/python_apache_airflow_pipeline/venv/lib/python3.9/site-packages/airflow/example_dags/example_bash_operator.py
[2025-01-05 10:55:57,021] {processor.py:651} INFO - DAG(s) dict_keys(['example_bash_operator']) retrieved from /home/daniel/Documents/Alura/python_apache_airflow_pipeline/venv/lib/python3.9/site-packages/airflow/example_dags/example_bash_operator.py
[2025-01-05 10:55:57,037] {logging_mixin.py:115} INFO - [2025-01-05 10:55:57,037] {dag.py:2379} INFO - Sync 1 DAGs
[2025-01-05 10:55:57,052] {logging_mixin.py:115} INFO - [2025-01-05 10:55:57,052] {dag.py:2927} INFO - Setting next_dagrun for example_bash_operator to 2025-01-04T00:00:00+00:00, run_after=2025-01-05T00:00:00+00:00
[2025-01-05 10:55:57,067] {processor.py:161} INFO - Processing /home/daniel/Documents/Alura/python_apache_airflow_pipeline/venv/lib/python3.9/site-packages/airflow/example_dags/example_bash_operator.py took 0.062 seconds
[2025-01-05 10:56:31,969] {processor.py:153} INFO - Started process (PID=4180) to work on /home/daniel/Documents/Alura/python_apache_airflow_pipeline/venv/lib/python3.9/site-packages/airflow/example_dags/example_bash_operator.py
[2025-01-05 10:56:31,971] {processor.py:641} INFO - Processing file /home/daniel/Documents/Alura/python_apache_airflow_pipeline/venv/lib/python3.9/site-packages/airflow/example_dags/example_bash_operator.py for tasks to queue
[2025-01-05 10:56:31,971] {logging_mixin.py:115} INFO - [2025-01-05 10:56:31,971] {dagbag.py:507} INFO - Filling up the DagBag from /home/daniel/Documents/Alura/python_apache_airflow_pipeline/venv/lib/python3.9/site-packages/airflow/example_dags/example_bash_operator.py
[2025-01-05 10:56:31,987] {processor.py:651} INFO - DAG(s) dict_keys(['example_bash_operator']) retrieved from /home/daniel/Documents/Alura/python_apache_airflow_pipeline/venv/lib/python3.9/site-packages/airflow/example_dags/example_bash_operator.py
[2025-01-05 10:56:32,012] {logging_mixin.py:115} INFO - [2025-01-05 10:56:32,012] {dag.py:2379} INFO - Sync 1 DAGs
[2025-01-05 10:56:32,037] {logging_mixin.py:115} INFO - [2025-01-05 10:56:32,037] {dag.py:2927} INFO - Setting next_dagrun for example_bash_operator to 2025-01-04T00:00:00+00:00, run_after=2025-01-05T00:00:00+00:00
[2025-01-05 10:56:32,056] {processor.py:161} INFO - Processing /home/daniel/Documents/Alura/python_apache_airflow_pipeline/venv/lib/python3.9/site-packages/airflow/example_dags/example_bash_operator.py took 0.092 seconds
[2025-01-05 10:57:11,687] {processor.py:153} INFO - Started process (PID=4226) to work on /home/daniel/Documents/Alura/python_apache_airflow_pipeline/venv/lib/python3.9/site-packages/airflow/example_dags/example_bash_operator.py
[2025-01-05 10:57:11,688] {processor.py:641} INFO - Processing file /home/daniel/Documents/Alura/python_apache_airflow_pipeline/venv/lib/python3.9/site-packages/airflow/example_dags/example_bash_operator.py for tasks to queue
[2025-01-05 10:57:11,690] {logging_mixin.py:115} INFO - [2025-01-05 10:57:11,689] {dagbag.py:507} INFO - Filling up the DagBag from /home/daniel/Documents/Alura/python_apache_airflow_pipeline/venv/lib/python3.9/site-packages/airflow/example_dags/example_bash_operator.py
[2025-01-05 10:57:11,705] {processor.py:651} INFO - DAG(s) dict_keys(['example_bash_operator']) retrieved from /home/daniel/Documents/Alura/python_apache_airflow_pipeline/venv/lib/python3.9/site-packages/airflow/example_dags/example_bash_operator.py
[2025-01-05 10:57:11,736] {logging_mixin.py:115} INFO - [2025-01-05 10:57:11,736] {dag.py:2379} INFO - Sync 1 DAGs
[2025-01-05 10:57:11,760] {logging_mixin.py:115} INFO - [2025-01-05 10:57:11,760] {dag.py:2927} INFO - Setting next_dagrun for example_bash_operator to 2025-01-04T00:00:00+00:00, run_after=2025-01-05T00:00:00+00:00
[2025-01-05 10:57:11,780] {processor.py:161} INFO - Processing /home/daniel/Documents/Alura/python_apache_airflow_pipeline/venv/lib/python3.9/site-packages/airflow/example_dags/example_bash_operator.py took 0.097 seconds
[2025-01-05 10:58:14,695] {processor.py:153} INFO - Started process (PID=4744) to work on /home/daniel/Documents/Alura/python_apache_airflow_pipeline/venv/lib/python3.9/site-packages/airflow/example_dags/example_bash_operator.py
[2025-01-05 10:58:14,696] {processor.py:641} INFO - Processing file /home/daniel/Documents/Alura/python_apache_airflow_pipeline/venv/lib/python3.9/site-packages/airflow/example_dags/example_bash_operator.py for tasks to queue
[2025-01-05 10:58:14,696] {logging_mixin.py:115} INFO - [2025-01-05 10:58:14,696] {dagbag.py:507} INFO - Filling up the DagBag from /home/daniel/Documents/Alura/python_apache_airflow_pipeline/venv/lib/python3.9/site-packages/airflow/example_dags/example_bash_operator.py
[2025-01-05 10:58:14,710] {processor.py:651} INFO - DAG(s) dict_keys(['example_bash_operator']) retrieved from /home/daniel/Documents/Alura/python_apache_airflow_pipeline/venv/lib/python3.9/site-packages/airflow/example_dags/example_bash_operator.py
[2025-01-05 10:58:14,735] {logging_mixin.py:115} INFO - [2025-01-05 10:58:14,734] {dag.py:2379} INFO - Sync 1 DAGs
[2025-01-05 10:58:14,757] {logging_mixin.py:115} INFO - [2025-01-05 10:58:14,756] {dag.py:2927} INFO - Setting next_dagrun for example_bash_operator to 2025-01-04T00:00:00+00:00, run_after=2025-01-05T00:00:00+00:00
[2025-01-05 10:58:14,787] {processor.py:161} INFO - Processing /home/daniel/Documents/Alura/python_apache_airflow_pipeline/venv/lib/python3.9/site-packages/airflow/example_dags/example_bash_operator.py took 0.096 seconds
