[2025-01-03 19:58:56,118] {manager.py:480} INFO - Processing files using up to 1 processes at a time 
[2025-01-03 19:58:56,119] {manager.py:481} INFO - Process each file at most once every 30 seconds
[2025-01-03 19:58:56,119] {manager.py:482} INFO - Checking for new files in /home/daniel/Documents/Alura/python_apache_airflow_pipeline/dags every 300 seconds
[2025-01-03 19:58:56,120] {manager.py:690} INFO - Searching for files in /home/daniel/Documents/Alura/python_apache_airflow_pipeline/dags
[2025-01-03 19:58:56,131] {manager.py:693} INFO - There are 34 files in /home/daniel/Documents/Alura/python_apache_airflow_pipeline/dags
[2025-01-03 19:58:56,647] {manager.py:809} INFO - 
================================================================================
DAG File Processing Stats

File Path                                                                                                                                                     PID    Runtime      # DAGs    # Errors  Last Runtime    Last Run
------------------------------------------------------------------------------------------------------------------------------------------------------------  -----  ---------  --------  ----------  --------------  -------------------
/home/daniel/Documents/Alura/python_apache_airflow_pipeline/venv/lib/python3.9/site-packages/airflow/example_dags/example_short_circuit_operator.py                                    0           0
/home/daniel/Documents/Alura/python_apache_airflow_pipeline/venv/lib/python3.9/site-packages/airflow/example_dags/example_skip_dag.py                                                  0           0
/home/daniel/Documents/Alura/python_apache_airflow_pipeline/venv/lib/python3.9/site-packages/airflow/example_dags/example_passing_params_via_test_command.py                           0           0
/home/daniel/Documents/Alura/python_apache_airflow_pipeline/venv/lib/python3.9/site-packages/airflow/example_dags/example_branch_python_dop_operator_3.py                              0           0
/home/daniel/Documents/Alura/python_apache_airflow_pipeline/venv/lib/python3.9/site-packages/airflow/example_dags/example_branch_operator.py                                           0           0
/home/daniel/Documents/Alura/python_apache_airflow_pipeline/venv/lib/python3.9/site-packages/airflow/example_dags/example_trigger_target_dag.py                                        0           0
/home/daniel/Documents/Alura/python_apache_airflow_pipeline/venv/lib/python3.9/site-packages/airflow/example_dags/tutorial_etl_dag.py                                                  0           0
/home/daniel/Documents/Alura/python_apache_airflow_pipeline/venv/lib/python3.9/site-packages/airflow/example_dags/example_branch_datetime_operator.py                                  0           0
/home/daniel/Documents/Alura/python_apache_airflow_pipeline/venv/lib/python3.9/site-packages/airflow/example_dags/example_time_delta_sensor_async.py                                   0           0
/home/daniel/Documents/Alura/python_apache_airflow_pipeline/venv/lib/python3.9/site-packages/airflow/example_dags/example_python_operator.py                                           0           0
/home/daniel/Documents/Alura/python_apache_airflow_pipeline/venv/lib/python3.9/site-packages/airflow/example_dags/example_subdag_operator.py                                           0           0
/home/daniel/Documents/Alura/python_apache_airflow_pipeline/venv/lib/python3.9/site-packages/airflow/example_dags/tutorial_taskflow_api_etl_virtualenv.py                              0           0
/home/daniel/Documents/Alura/python_apache_airflow_pipeline/venv/lib/python3.9/site-packages/airflow/example_dags/example_external_task_marker_dag.py                                  0           0
/home/daniel/Documents/Alura/python_apache_airflow_pipeline/venv/lib/python3.9/site-packages/airflow/example_dags/example_task_group_decorator.py                                      0           0
/home/daniel/Documents/Alura/python_apache_airflow_pipeline/venv/lib/python3.9/site-packages/airflow/example_dags/example_branch_labels.py                                             0           0
/home/daniel/Documents/Alura/python_apache_airflow_pipeline/venv/lib/python3.9/site-packages/airflow/example_dags/example_sla_dag.py                                                   0           0
/home/daniel/Documents/Alura/python_apache_airflow_pipeline/venv/lib/python3.9/site-packages/airflow/example_dags/tutorial_taskflow_api_etl.py                                         0           0
/home/daniel/Documents/Alura/python_apache_airflow_pipeline/venv/lib/python3.9/site-packages/airflow/example_dags/example_trigger_controller_dag.py                                    0           0
/home/daniel/Documents/Alura/python_apache_airflow_pipeline/venv/lib/python3.9/site-packages/airflow/example_dags/example_dag_decorator.py                                             0           0
/home/daniel/Documents/Alura/python_apache_airflow_pipeline/venv/lib/python3.9/site-packages/airflow/example_dags/example_nested_branch_dag.py                                         0           0
/home/daniel/Documents/Alura/python_apache_airflow_pipeline/venv/lib/python3.9/site-packages/airflow/example_dags/tutorial.py                                                          0           0
/home/daniel/Documents/Alura/python_apache_airflow_pipeline/venv/lib/python3.9/site-packages/airflow/example_dags/example_latest_only_with_trigger.py                                  0           0
/home/daniel/Documents/Alura/python_apache_airflow_pipeline/venv/lib/python3.9/site-packages/airflow/example_dags/example_branch_day_of_week_operator.py                               0           0
/home/daniel/Documents/Alura/python_apache_airflow_pipeline/venv/lib/python3.9/site-packages/airflow/example_dags/example_latest_only.py                                               0           0
/home/daniel/Documents/Alura/python_apache_airflow_pipeline/venv/lib/python3.9/site-packages/airflow/example_dags/example_kubernetes_executor.py                                       0           0
/home/daniel/Documents/Alura/python_apache_airflow_pipeline/venv/lib/python3.9/site-packages/airflow/example_dags/example_local_kubernetes_executor.py                                 0           0
/home/daniel/Documents/Alura/python_apache_airflow_pipeline/venv/lib/python3.9/site-packages/airflow/example_dags/example_branch_operator_decorator.py                                 0           0
/home/daniel/Documents/Alura/python_apache_airflow_pipeline/venv/lib/python3.9/site-packages/airflow/example_dags/example_xcomargs.py                                                  0           0
/home/daniel/Documents/Alura/python_apache_airflow_pipeline/venv/lib/python3.9/site-packages/airflow/example_dags/example_complex.py                                                   0           0
/home/daniel/Documents/Alura/python_apache_airflow_pipeline/venv/lib/python3.9/site-packages/airflow/example_dags/example_bash_operator.py                                             0           0
/home/daniel/Documents/Alura/python_apache_airflow_pipeline/venv/lib/python3.9/site-packages/airflow/example_dags/example_xcom.py                                                      0           0
/home/daniel/Documents/Alura/python_apache_airflow_pipeline/venv/lib/python3.9/site-packages/airflow/example_dags/plugins/workday.py                                                   0           0
/home/daniel/Documents/Alura/python_apache_airflow_pipeline/venv/lib/python3.9/site-packages/airflow/example_dags/subdags/subdag.py                                                    0           0
/home/daniel/Documents/Alura/python_apache_airflow_pipeline/venv/lib/python3.9/site-packages/airflow/example_dags/example_task_group.py                                                1           0  0.41s           2025-01-03T22:58:56
================================================================================
[2025-01-03 19:59:27,668] {manager.py:809} INFO - 
================================================================================
DAG File Processing Stats

File Path                                                                                                                                                     PID    Runtime      # DAGs    # Errors  Last Runtime    Last Run
------------------------------------------------------------------------------------------------------------------------------------------------------------  -----  ---------  --------  ----------  --------------  -------------------
/home/daniel/Documents/Alura/python_apache_airflow_pipeline/venv/lib/python3.9/site-packages/airflow/example_dags/tutorial_taskflow_api_etl_virtualenv.py                              0           0  0.10s           2025-01-03T22:59:05
/home/daniel/Documents/Alura/python_apache_airflow_pipeline/venv/lib/python3.9/site-packages/airflow/example_dags/example_kubernetes_executor.py                                       0           0
/home/daniel/Documents/Alura/python_apache_airflow_pipeline/venv/lib/python3.9/site-packages/airflow/example_dags/example_local_kubernetes_executor.py                                 0           0
/home/daniel/Documents/Alura/python_apache_airflow_pipeline/venv/lib/python3.9/site-packages/airflow/example_dags/example_branch_operator_decorator.py                                 0           0
/home/daniel/Documents/Alura/python_apache_airflow_pipeline/venv/lib/python3.9/site-packages/airflow/example_dags/example_complex.py                                                   0           0
/home/daniel/Documents/Alura/python_apache_airflow_pipeline/venv/lib/python3.9/site-packages/airflow/example_dags/example_bash_operator.py                                             0           0
/home/daniel/Documents/Alura/python_apache_airflow_pipeline/venv/lib/python3.9/site-packages/airflow/example_dags/plugins/workday.py                                                   0           0  0.10s           2025-01-03T22:59:13
/home/daniel/Documents/Alura/python_apache_airflow_pipeline/venv/lib/python3.9/site-packages/airflow/example_dags/subdags/subdag.py                                                    0           0  0.10s           2025-01-03T22:59:14
/home/daniel/Documents/Alura/python_apache_airflow_pipeline/venv/lib/python3.9/site-packages/airflow/example_dags/example_short_circuit_operator.py                                    1           0  0.20s           2025-01-03T22:59:15
/home/daniel/Documents/Alura/python_apache_airflow_pipeline/venv/lib/python3.9/site-packages/airflow/example_dags/example_task_group.py                                                1           0  0.41s           2025-01-03T22:58:56
/home/daniel/Documents/Alura/python_apache_airflow_pipeline/venv/lib/python3.9/site-packages/airflow/example_dags/example_skip_dag.py                                                  1           0  0.82s           2025-01-03T22:58:58
/home/daniel/Documents/Alura/python_apache_airflow_pipeline/venv/lib/python3.9/site-packages/airflow/example_dags/example_passing_params_via_test_command.py                           1           0  0.20s           2025-01-03T22:59:16
/home/daniel/Documents/Alura/python_apache_airflow_pipeline/venv/lib/python3.9/site-packages/airflow/example_dags/example_branch_python_dop_operator_3.py                              1           0  0.20s           2025-01-03T22:59:17
/home/daniel/Documents/Alura/python_apache_airflow_pipeline/venv/lib/python3.9/site-packages/airflow/example_dags/example_branch_operator.py                                           1           0  0.20s           2025-01-03T22:59:18
/home/daniel/Documents/Alura/python_apache_airflow_pipeline/venv/lib/python3.9/site-packages/airflow/example_dags/example_trigger_target_dag.py                                        1           0  0.71s           2025-01-03T22:59:00
/home/daniel/Documents/Alura/python_apache_airflow_pipeline/venv/lib/python3.9/site-packages/airflow/example_dags/tutorial_etl_dag.py                                                  1           0  0.31s           2025-01-03T22:59:01
/home/daniel/Documents/Alura/python_apache_airflow_pipeline/venv/lib/python3.9/site-packages/airflow/example_dags/example_branch_datetime_operator.py                                  1           0  0.20s           2025-01-03T22:59:19
/home/daniel/Documents/Alura/python_apache_airflow_pipeline/venv/lib/python3.9/site-packages/airflow/example_dags/example_time_delta_sensor_async.py                                   1           0  0.20s           2025-01-03T22:59:02
/home/daniel/Documents/Alura/python_apache_airflow_pipeline/venv/lib/python3.9/site-packages/airflow/example_dags/example_python_operator.py                                           1           0  0.20s           2025-01-03T22:59:20
/home/daniel/Documents/Alura/python_apache_airflow_pipeline/venv/lib/python3.9/site-packages/airflow/example_dags/example_task_group_decorator.py                                      1           0  0.20s           2025-01-03T22:59:06
/home/daniel/Documents/Alura/python_apache_airflow_pipeline/venv/lib/python3.9/site-packages/airflow/example_dags/example_branch_labels.py                                             1           0  0.20s           2025-01-03T22:59:22
/home/daniel/Documents/Alura/python_apache_airflow_pipeline/venv/lib/python3.9/site-packages/airflow/example_dags/example_sla_dag.py                                                   1           0  0.20s           2025-01-03T22:59:06
/home/daniel/Documents/Alura/python_apache_airflow_pipeline/venv/lib/python3.9/site-packages/airflow/example_dags/tutorial_taskflow_api_etl.py                                         1           0  0.20s           2025-01-03T22:59:07
/home/daniel/Documents/Alura/python_apache_airflow_pipeline/venv/lib/python3.9/site-packages/airflow/example_dags/example_trigger_controller_dag.py                                    1           0  0.20s           2025-01-03T22:59:09
/home/daniel/Documents/Alura/python_apache_airflow_pipeline/venv/lib/python3.9/site-packages/airflow/example_dags/example_dag_decorator.py                                             1           0  0.20s           2025-01-03T22:59:23
/home/daniel/Documents/Alura/python_apache_airflow_pipeline/venv/lib/python3.9/site-packages/airflow/example_dags/example_nested_branch_dag.py                                         1           0  0.20s           2025-01-03T22:59:24
/home/daniel/Documents/Alura/python_apache_airflow_pipeline/venv/lib/python3.9/site-packages/airflow/example_dags/tutorial.py                                                          1           0  0.20s           2025-01-03T22:59:10
/home/daniel/Documents/Alura/python_apache_airflow_pipeline/venv/lib/python3.9/site-packages/airflow/example_dags/example_latest_only_with_trigger.py                                  1           0  0.20s           2025-01-03T22:59:26
/home/daniel/Documents/Alura/python_apache_airflow_pipeline/venv/lib/python3.9/site-packages/airflow/example_dags/example_branch_day_of_week_operator.py                               1           0  0.20s           2025-01-03T22:59:26
/home/daniel/Documents/Alura/python_apache_airflow_pipeline/venv/lib/python3.9/site-packages/airflow/example_dags/example_latest_only.py                                               1           0  0.20s           2025-01-03T22:59:27
/home/daniel/Documents/Alura/python_apache_airflow_pipeline/venv/lib/python3.9/site-packages/airflow/example_dags/example_xcom.py                                                      1           0  0.20s           2025-01-03T22:59:11
/home/daniel/Documents/Alura/python_apache_airflow_pipeline/venv/lib/python3.9/site-packages/airflow/example_dags/example_external_task_marker_dag.py                                  2           0  0.20s           2025-01-03T22:59:22
/home/daniel/Documents/Alura/python_apache_airflow_pipeline/venv/lib/python3.9/site-packages/airflow/example_dags/example_xcomargs.py                                                  2           0  0.20s           2025-01-03T22:59:11
/home/daniel/Documents/Alura/python_apache_airflow_pipeline/venv/lib/python3.9/site-packages/airflow/example_dags/example_subdag_operator.py                                           3           0  0.20s           2025-01-03T22:59:03
================================================================================
[2025-01-03 19:59:33,946] {manager.py:462} INFO - Exiting gracefully upon receiving signal 15
[2025-01-03 19:59:45,776] {manager.py:480} INFO - Processing files using up to 1 processes at a time 
[2025-01-03 19:59:45,776] {manager.py:481} INFO - Process each file at most once every 30 seconds
[2025-01-03 19:59:45,776] {manager.py:482} INFO - Checking for new files in /home/daniel/Documents/Alura/python_apache_airflow_pipeline/dags every 300 seconds
[2025-01-03 19:59:45,776] {manager.py:690} INFO - Searching for files in /home/daniel/Documents/Alura/python_apache_airflow_pipeline/dags
[2025-01-03 19:59:45,784] {manager.py:693} INFO - There are 34 files in /home/daniel/Documents/Alura/python_apache_airflow_pipeline/dags
[2025-01-03 19:59:45,927] {manager.py:809} INFO - 
================================================================================
DAG File Processing Stats

File Path                                                                                                                                                     PID    Runtime      # DAGs    # Errors  Last Runtime    Last Run
------------------------------------------------------------------------------------------------------------------------------------------------------------  -----  ---------  --------  ----------  --------------  -------------------
/home/daniel/Documents/Alura/python_apache_airflow_pipeline/venv/lib/python3.9/site-packages/airflow/example_dags/example_short_circuit_operator.py                                    0           0
/home/daniel/Documents/Alura/python_apache_airflow_pipeline/venv/lib/python3.9/site-packages/airflow/example_dags/example_skip_dag.py                                                  0           0
/home/daniel/Documents/Alura/python_apache_airflow_pipeline/venv/lib/python3.9/site-packages/airflow/example_dags/example_passing_params_via_test_command.py                           0           0
/home/daniel/Documents/Alura/python_apache_airflow_pipeline/venv/lib/python3.9/site-packages/airflow/example_dags/example_branch_python_dop_operator_3.py                              0           0
/home/daniel/Documents/Alura/python_apache_airflow_pipeline/venv/lib/python3.9/site-packages/airflow/example_dags/example_branch_operator.py                                           0           0
/home/daniel/Documents/Alura/python_apache_airflow_pipeline/venv/lib/python3.9/site-packages/airflow/example_dags/example_trigger_target_dag.py                                        0           0
/home/daniel/Documents/Alura/python_apache_airflow_pipeline/venv/lib/python3.9/site-packages/airflow/example_dags/tutorial_etl_dag.py                                                  0           0
/home/daniel/Documents/Alura/python_apache_airflow_pipeline/venv/lib/python3.9/site-packages/airflow/example_dags/example_branch_datetime_operator.py                                  0           0
/home/daniel/Documents/Alura/python_apache_airflow_pipeline/venv/lib/python3.9/site-packages/airflow/example_dags/example_time_delta_sensor_async.py                                   0           0
/home/daniel/Documents/Alura/python_apache_airflow_pipeline/venv/lib/python3.9/site-packages/airflow/example_dags/example_python_operator.py                                           0           0
/home/daniel/Documents/Alura/python_apache_airflow_pipeline/venv/lib/python3.9/site-packages/airflow/example_dags/example_subdag_operator.py                                           0           0
/home/daniel/Documents/Alura/python_apache_airflow_pipeline/venv/lib/python3.9/site-packages/airflow/example_dags/tutorial_taskflow_api_etl_virtualenv.py                              0           0
/home/daniel/Documents/Alura/python_apache_airflow_pipeline/venv/lib/python3.9/site-packages/airflow/example_dags/example_external_task_marker_dag.py                                  0           0
/home/daniel/Documents/Alura/python_apache_airflow_pipeline/venv/lib/python3.9/site-packages/airflow/example_dags/example_task_group_decorator.py                                      0           0
/home/daniel/Documents/Alura/python_apache_airflow_pipeline/venv/lib/python3.9/site-packages/airflow/example_dags/example_branch_labels.py                                             0           0
/home/daniel/Documents/Alura/python_apache_airflow_pipeline/venv/lib/python3.9/site-packages/airflow/example_dags/example_sla_dag.py                                                   0           0
/home/daniel/Documents/Alura/python_apache_airflow_pipeline/venv/lib/python3.9/site-packages/airflow/example_dags/tutorial_taskflow_api_etl.py                                         0           0
/home/daniel/Documents/Alura/python_apache_airflow_pipeline/venv/lib/python3.9/site-packages/airflow/example_dags/example_trigger_controller_dag.py                                    0           0
/home/daniel/Documents/Alura/python_apache_airflow_pipeline/venv/lib/python3.9/site-packages/airflow/example_dags/example_dag_decorator.py                                             0           0
/home/daniel/Documents/Alura/python_apache_airflow_pipeline/venv/lib/python3.9/site-packages/airflow/example_dags/example_nested_branch_dag.py                                         0           0
/home/daniel/Documents/Alura/python_apache_airflow_pipeline/venv/lib/python3.9/site-packages/airflow/example_dags/tutorial.py                                                          0           0
/home/daniel/Documents/Alura/python_apache_airflow_pipeline/venv/lib/python3.9/site-packages/airflow/example_dags/example_latest_only_with_trigger.py                                  0           0
/home/daniel/Documents/Alura/python_apache_airflow_pipeline/venv/lib/python3.9/site-packages/airflow/example_dags/example_branch_day_of_week_operator.py                               0           0
/home/daniel/Documents/Alura/python_apache_airflow_pipeline/venv/lib/python3.9/site-packages/airflow/example_dags/example_latest_only.py                                               0           0
/home/daniel/Documents/Alura/python_apache_airflow_pipeline/venv/lib/python3.9/site-packages/airflow/example_dags/example_kubernetes_executor.py                                       0           0
/home/daniel/Documents/Alura/python_apache_airflow_pipeline/venv/lib/python3.9/site-packages/airflow/example_dags/example_local_kubernetes_executor.py                                 0           0
/home/daniel/Documents/Alura/python_apache_airflow_pipeline/venv/lib/python3.9/site-packages/airflow/example_dags/example_branch_operator_decorator.py                                 0           0
/home/daniel/Documents/Alura/python_apache_airflow_pipeline/venv/lib/python3.9/site-packages/airflow/example_dags/example_xcomargs.py                                                  0           0
/home/daniel/Documents/Alura/python_apache_airflow_pipeline/venv/lib/python3.9/site-packages/airflow/example_dags/example_complex.py                                                   0           0
/home/daniel/Documents/Alura/python_apache_airflow_pipeline/venv/lib/python3.9/site-packages/airflow/example_dags/example_bash_operator.py                                             0           0
/home/daniel/Documents/Alura/python_apache_airflow_pipeline/venv/lib/python3.9/site-packages/airflow/example_dags/example_xcom.py                                                      0           0
/home/daniel/Documents/Alura/python_apache_airflow_pipeline/venv/lib/python3.9/site-packages/airflow/example_dags/plugins/workday.py                                                   0           0
/home/daniel/Documents/Alura/python_apache_airflow_pipeline/venv/lib/python3.9/site-packages/airflow/example_dags/subdags/subdag.py                                                    0           0
/home/daniel/Documents/Alura/python_apache_airflow_pipeline/venv/lib/python3.9/site-packages/airflow/example_dags/example_task_group.py                                                1           0  0.10s           2025-01-03T22:59:45
================================================================================
[2025-01-03 20:00:16,010] {manager.py:809} INFO - 
================================================================================
DAG File Processing Stats

File Path                                                                                                                                                     PID    Runtime      # DAGs    # Errors  Last Runtime    Last Run
------------------------------------------------------------------------------------------------------------------------------------------------------------  -----  ---------  --------  ----------  --------------  -------------------
/home/daniel/Documents/Alura/python_apache_airflow_pipeline/venv/lib/python3.9/site-packages/airflow/example_dags/tutorial_taskflow_api_etl_virtualenv.py                              0           0  0.10s           2025-01-03T22:59:53
/home/daniel/Documents/Alura/python_apache_airflow_pipeline/venv/lib/python3.9/site-packages/airflow/example_dags/example_kubernetes_executor.py                                       0           0  0.10s           2025-01-03T23:00:15
/home/daniel/Documents/Alura/python_apache_airflow_pipeline/venv/lib/python3.9/site-packages/airflow/example_dags/example_local_kubernetes_executor.py                                 0           0  0.10s           2025-01-03T23:00:16
/home/daniel/Documents/Alura/python_apache_airflow_pipeline/venv/lib/python3.9/site-packages/airflow/example_dags/example_branch_operator_decorator.py                                 0           0
/home/daniel/Documents/Alura/python_apache_airflow_pipeline/venv/lib/python3.9/site-packages/airflow/example_dags/example_complex.py                                                   0           0
/home/daniel/Documents/Alura/python_apache_airflow_pipeline/venv/lib/python3.9/site-packages/airflow/example_dags/example_bash_operator.py                                             0           0
/home/daniel/Documents/Alura/python_apache_airflow_pipeline/venv/lib/python3.9/site-packages/airflow/example_dags/plugins/workday.py                                                   0           0  0.10s           2025-01-03T23:00:00
/home/daniel/Documents/Alura/python_apache_airflow_pipeline/venv/lib/python3.9/site-packages/airflow/example_dags/subdags/subdag.py                                                    0           0  0.11s           2025-01-03T23:00:01
/home/daniel/Documents/Alura/python_apache_airflow_pipeline/venv/lib/python3.9/site-packages/airflow/example_dags/example_short_circuit_operator.py                                    1           0  0.10s           2025-01-03T23:00:02
/home/daniel/Documents/Alura/python_apache_airflow_pipeline/venv/lib/python3.9/site-packages/airflow/example_dags/example_task_group.py                                                1           0  0.10s           2025-01-03T22:59:45
/home/daniel/Documents/Alura/python_apache_airflow_pipeline/venv/lib/python3.9/site-packages/airflow/example_dags/example_skip_dag.py                                                  1           0  0.20s           2025-01-03T22:59:47
/home/daniel/Documents/Alura/python_apache_airflow_pipeline/venv/lib/python3.9/site-packages/airflow/example_dags/example_passing_params_via_test_command.py                           1           0  0.11s           2025-01-03T23:00:03
/home/daniel/Documents/Alura/python_apache_airflow_pipeline/venv/lib/python3.9/site-packages/airflow/example_dags/example_branch_python_dop_operator_3.py                              1           0  0.10s           2025-01-03T23:00:04
/home/daniel/Documents/Alura/python_apache_airflow_pipeline/venv/lib/python3.9/site-packages/airflow/example_dags/example_branch_operator.py                                           1           0  0.10s           2025-01-03T23:00:05
/home/daniel/Documents/Alura/python_apache_airflow_pipeline/venv/lib/python3.9/site-packages/airflow/example_dags/example_trigger_target_dag.py                                        1           0  0.20s           2025-01-03T22:59:48
/home/daniel/Documents/Alura/python_apache_airflow_pipeline/venv/lib/python3.9/site-packages/airflow/example_dags/tutorial_etl_dag.py                                                  1           0  0.10s           2025-01-03T22:59:49
/home/daniel/Documents/Alura/python_apache_airflow_pipeline/venv/lib/python3.9/site-packages/airflow/example_dags/example_branch_datetime_operator.py                                  1           0  0.10s           2025-01-03T23:00:06
/home/daniel/Documents/Alura/python_apache_airflow_pipeline/venv/lib/python3.9/site-packages/airflow/example_dags/example_time_delta_sensor_async.py                                   1           0  0.10s           2025-01-03T22:59:50
/home/daniel/Documents/Alura/python_apache_airflow_pipeline/venv/lib/python3.9/site-packages/airflow/example_dags/example_python_operator.py                                           1           0  0.10s           2025-01-03T23:00:06
/home/daniel/Documents/Alura/python_apache_airflow_pipeline/venv/lib/python3.9/site-packages/airflow/example_dags/example_task_group_decorator.py                                      1           0  0.10s           2025-01-03T22:59:54
/home/daniel/Documents/Alura/python_apache_airflow_pipeline/venv/lib/python3.9/site-packages/airflow/example_dags/example_branch_labels.py                                             1           0  0.20s           2025-01-03T23:00:08
/home/daniel/Documents/Alura/python_apache_airflow_pipeline/venv/lib/python3.9/site-packages/airflow/example_dags/example_sla_dag.py                                                   1           0  0.10s           2025-01-03T22:59:55
/home/daniel/Documents/Alura/python_apache_airflow_pipeline/venv/lib/python3.9/site-packages/airflow/example_dags/tutorial_taskflow_api_etl.py                                         1           0  0.10s           2025-01-03T22:59:55
/home/daniel/Documents/Alura/python_apache_airflow_pipeline/venv/lib/python3.9/site-packages/airflow/example_dags/example_trigger_controller_dag.py                                    1           0  0.10s           2025-01-03T22:59:57
/home/daniel/Documents/Alura/python_apache_airflow_pipeline/venv/lib/python3.9/site-packages/airflow/example_dags/example_dag_decorator.py                                             1           0  0.20s           2025-01-03T23:00:09
/home/daniel/Documents/Alura/python_apache_airflow_pipeline/venv/lib/python3.9/site-packages/airflow/example_dags/example_nested_branch_dag.py                                         1           0  0.20s           2025-01-03T23:00:11
/home/daniel/Documents/Alura/python_apache_airflow_pipeline/venv/lib/python3.9/site-packages/airflow/example_dags/tutorial.py                                                          1           0  0.10s           2025-01-03T22:59:58
/home/daniel/Documents/Alura/python_apache_airflow_pipeline/venv/lib/python3.9/site-packages/airflow/example_dags/example_latest_only_with_trigger.py                                  1           0  0.10s           2025-01-03T23:00:11
/home/daniel/Documents/Alura/python_apache_airflow_pipeline/venv/lib/python3.9/site-packages/airflow/example_dags/example_branch_day_of_week_operator.py                               1           0  0.32s           2025-01-03T23:00:12
/home/daniel/Documents/Alura/python_apache_airflow_pipeline/venv/lib/python3.9/site-packages/airflow/example_dags/example_latest_only.py                                               1           0  0.20s           2025-01-03T23:00:13
/home/daniel/Documents/Alura/python_apache_airflow_pipeline/venv/lib/python3.9/site-packages/airflow/example_dags/example_xcom.py                                                      1           0  0.10s           2025-01-03T23:00:00
/home/daniel/Documents/Alura/python_apache_airflow_pipeline/venv/lib/python3.9/site-packages/airflow/example_dags/example_external_task_marker_dag.py                                  2           0  0.10s           2025-01-03T23:00:07
/home/daniel/Documents/Alura/python_apache_airflow_pipeline/venv/lib/python3.9/site-packages/airflow/example_dags/example_xcomargs.py                                                  2           0  0.20s           2025-01-03T22:59:59
/home/daniel/Documents/Alura/python_apache_airflow_pipeline/venv/lib/python3.9/site-packages/airflow/example_dags/example_subdag_operator.py                                           3           0  0.10s           2025-01-03T22:59:51
================================================================================
[2025-01-03 20:00:46,341] {manager.py:809} INFO - 
================================================================================
DAG File Processing Stats

File Path                                                                                                                                                     PID    Runtime      # DAGs    # Errors  Last Runtime    Last Run
------------------------------------------------------------------------------------------------------------------------------------------------------------  -----  ---------  --------  ----------  --------------  -------------------
/home/daniel/Documents/Alura/python_apache_airflow_pipeline/venv/lib/python3.9/site-packages/airflow/example_dags/tutorial_taskflow_api_etl_virtualenv.py                              0           0  0.21s           2025-01-03T23:00:25
/home/daniel/Documents/Alura/python_apache_airflow_pipeline/venv/lib/python3.9/site-packages/airflow/example_dags/example_kubernetes_executor.py                                       0           0  0.10s           2025-01-03T23:00:15
/home/daniel/Documents/Alura/python_apache_airflow_pipeline/venv/lib/python3.9/site-packages/airflow/example_dags/example_local_kubernetes_executor.py                                 0           0  0.10s           2025-01-03T23:00:16
/home/daniel/Documents/Alura/python_apache_airflow_pipeline/venv/lib/python3.9/site-packages/airflow/example_dags/plugins/workday.py                                                   0           0  0.11s           2025-01-03T23:00:35
/home/daniel/Documents/Alura/python_apache_airflow_pipeline/venv/lib/python3.9/site-packages/airflow/example_dags/subdags/subdag.py                                                    0           0  0.10s           2025-01-03T23:00:36
/home/daniel/Documents/Alura/python_apache_airflow_pipeline/venv/lib/python3.9/site-packages/airflow/example_dags/example_short_circuit_operator.py                                    1           0  0.10s           2025-01-03T23:00:36
/home/daniel/Documents/Alura/python_apache_airflow_pipeline/venv/lib/python3.9/site-packages/airflow/example_dags/example_task_group.py                                                1           0  0.10s           2025-01-03T23:00:18
/home/daniel/Documents/Alura/python_apache_airflow_pipeline/venv/lib/python3.9/site-packages/airflow/example_dags/example_skip_dag.py                                                  1           0  0.10s           2025-01-03T23:00:19
/home/daniel/Documents/Alura/python_apache_airflow_pipeline/venv/lib/python3.9/site-packages/airflow/example_dags/example_passing_params_via_test_command.py                           1           0  0.10s           2025-01-03T23:00:37
/home/daniel/Documents/Alura/python_apache_airflow_pipeline/venv/lib/python3.9/site-packages/airflow/example_dags/example_branch_python_dop_operator_3.py                              1           0  0.10s           2025-01-03T23:00:38
/home/daniel/Documents/Alura/python_apache_airflow_pipeline/venv/lib/python3.9/site-packages/airflow/example_dags/example_branch_operator.py                                           1           0  0.31s           2025-01-03T23:00:40
/home/daniel/Documents/Alura/python_apache_airflow_pipeline/venv/lib/python3.9/site-packages/airflow/example_dags/example_trigger_target_dag.py                                        1           0  0.10s           2025-01-03T23:00:21
/home/daniel/Documents/Alura/python_apache_airflow_pipeline/venv/lib/python3.9/site-packages/airflow/example_dags/tutorial_etl_dag.py                                                  1           0  0.30s           2025-01-03T23:00:21
/home/daniel/Documents/Alura/python_apache_airflow_pipeline/venv/lib/python3.9/site-packages/airflow/example_dags/example_branch_datetime_operator.py                                  1           0  0.10s           2025-01-03T23:00:41
/home/daniel/Documents/Alura/python_apache_airflow_pipeline/venv/lib/python3.9/site-packages/airflow/example_dags/example_time_delta_sensor_async.py                                   1           0  0.31s           2025-01-03T23:00:23
/home/daniel/Documents/Alura/python_apache_airflow_pipeline/venv/lib/python3.9/site-packages/airflow/example_dags/example_python_operator.py                                           1           0  0.10s           2025-01-03T23:00:42
/home/daniel/Documents/Alura/python_apache_airflow_pipeline/venv/lib/python3.9/site-packages/airflow/example_dags/example_task_group_decorator.py                                      1           0  0.51s           2025-01-03T23:00:26
/home/daniel/Documents/Alura/python_apache_airflow_pipeline/venv/lib/python3.9/site-packages/airflow/example_dags/example_branch_labels.py                                             1           0  0.10s           2025-01-03T23:00:43
/home/daniel/Documents/Alura/python_apache_airflow_pipeline/venv/lib/python3.9/site-packages/airflow/example_dags/example_sla_dag.py                                                   1           0  0.41s           2025-01-03T23:00:27
/home/daniel/Documents/Alura/python_apache_airflow_pipeline/venv/lib/python3.9/site-packages/airflow/example_dags/tutorial_taskflow_api_etl.py                                         1           0  0.52s           2025-01-03T23:00:28
/home/daniel/Documents/Alura/python_apache_airflow_pipeline/venv/lib/python3.9/site-packages/airflow/example_dags/example_trigger_controller_dag.py                                    1           0  0.32s           2025-01-03T23:00:30
/home/daniel/Documents/Alura/python_apache_airflow_pipeline/venv/lib/python3.9/site-packages/airflow/example_dags/example_dag_decorator.py                                             1           0  0.21s           2025-01-03T23:00:45
/home/daniel/Documents/Alura/python_apache_airflow_pipeline/venv/lib/python3.9/site-packages/airflow/example_dags/example_nested_branch_dag.py                                         1           0  0.10s           2025-01-03T23:00:46
/home/daniel/Documents/Alura/python_apache_airflow_pipeline/venv/lib/python3.9/site-packages/airflow/example_dags/tutorial.py                                                          1           0  0.31s           2025-01-03T23:00:31
/home/daniel/Documents/Alura/python_apache_airflow_pipeline/venv/lib/python3.9/site-packages/airflow/example_dags/example_latest_only_with_trigger.py                                  1           0  0.10s           2025-01-03T23:00:11
/home/daniel/Documents/Alura/python_apache_airflow_pipeline/venv/lib/python3.9/site-packages/airflow/example_dags/example_branch_day_of_week_operator.py                               1           0  0.32s           2025-01-03T23:00:12
/home/daniel/Documents/Alura/python_apache_airflow_pipeline/venv/lib/python3.9/site-packages/airflow/example_dags/example_latest_only.py                                               1           0  0.20s           2025-01-03T23:00:13
/home/daniel/Documents/Alura/python_apache_airflow_pipeline/venv/lib/python3.9/site-packages/airflow/example_dags/example_branch_operator_decorator.py                                 1           0  0.10s           2025-01-03T23:00:16
/home/daniel/Documents/Alura/python_apache_airflow_pipeline/venv/lib/python3.9/site-packages/airflow/example_dags/example_complex.py                                                   1           0  0.10s           2025-01-03T23:00:16
/home/daniel/Documents/Alura/python_apache_airflow_pipeline/venv/lib/python3.9/site-packages/airflow/example_dags/example_bash_operator.py                                             1           0  0.10s           2025-01-03T23:00:17
/home/daniel/Documents/Alura/python_apache_airflow_pipeline/venv/lib/python3.9/site-packages/airflow/example_dags/example_xcom.py                                                      1           0  0.41s           2025-01-03T23:00:33
/home/daniel/Documents/Alura/python_apache_airflow_pipeline/venv/lib/python3.9/site-packages/airflow/example_dags/example_external_task_marker_dag.py                                  2           0  0.11s           2025-01-03T23:00:42
/home/daniel/Documents/Alura/python_apache_airflow_pipeline/venv/lib/python3.9/site-packages/airflow/example_dags/example_xcomargs.py                                                  2           0  0.20s           2025-01-03T23:00:32
/home/daniel/Documents/Alura/python_apache_airflow_pipeline/venv/lib/python3.9/site-packages/airflow/example_dags/example_subdag_operator.py                                           3           0  0.41s           2025-01-03T23:00:24
================================================================================
[2025-01-03 20:01:16,776] {manager.py:809} INFO - 
================================================================================
DAG File Processing Stats

File Path                                                                                                                                                     PID    Runtime      # DAGs    # Errors  Last Runtime    Last Run
------------------------------------------------------------------------------------------------------------------------------------------------------------  -----  ---------  --------  ----------  --------------  -------------------
/home/daniel/Documents/Alura/python_apache_airflow_pipeline/venv/lib/python3.9/site-packages/airflow/example_dags/tutorial_taskflow_api_etl_virtualenv.py                              0           0  0.10s           2025-01-03T23:01:00
/home/daniel/Documents/Alura/python_apache_airflow_pipeline/venv/lib/python3.9/site-packages/airflow/example_dags/example_kubernetes_executor.py                                       0           0  0.11s           2025-01-03T23:00:50
/home/daniel/Documents/Alura/python_apache_airflow_pipeline/venv/lib/python3.9/site-packages/airflow/example_dags/example_local_kubernetes_executor.py                                 0           0  0.10s           2025-01-03T23:00:51
/home/daniel/Documents/Alura/python_apache_airflow_pipeline/venv/lib/python3.9/site-packages/airflow/example_dags/plugins/workday.py                                                   0           0  0.10s           2025-01-03T23:01:08
/home/daniel/Documents/Alura/python_apache_airflow_pipeline/venv/lib/python3.9/site-packages/airflow/example_dags/subdags/subdag.py                                                    0           0  0.10s           2025-01-03T23:01:09
/home/daniel/Documents/Alura/python_apache_airflow_pipeline/venv/lib/python3.9/site-packages/airflow/example_dags/example_short_circuit_operator.py                                    1           0  0.10s           2025-01-03T23:01:10
/home/daniel/Documents/Alura/python_apache_airflow_pipeline/venv/lib/python3.9/site-packages/airflow/example_dags/example_task_group.py                                                1           0  0.10s           2025-01-03T23:00:49
/home/daniel/Documents/Alura/python_apache_airflow_pipeline/venv/lib/python3.9/site-packages/airflow/example_dags/example_skip_dag.py                                                  1           0  0.10s           2025-01-03T23:00:55
/home/daniel/Documents/Alura/python_apache_airflow_pipeline/venv/lib/python3.9/site-packages/airflow/example_dags/example_passing_params_via_test_command.py                           1           0  0.21s           2025-01-03T23:01:12
/home/daniel/Documents/Alura/python_apache_airflow_pipeline/venv/lib/python3.9/site-packages/airflow/example_dags/example_branch_python_dop_operator_3.py                              1           0  0.10s           2025-01-03T23:01:13
/home/daniel/Documents/Alura/python_apache_airflow_pipeline/venv/lib/python3.9/site-packages/airflow/example_dags/example_branch_operator.py                                           1           0  0.10s           2025-01-03T23:01:13
/home/daniel/Documents/Alura/python_apache_airflow_pipeline/venv/lib/python3.9/site-packages/airflow/example_dags/example_trigger_target_dag.py                                        1           0  0.10s           2025-01-03T23:00:56
/home/daniel/Documents/Alura/python_apache_airflow_pipeline/venv/lib/python3.9/site-packages/airflow/example_dags/tutorial_etl_dag.py                                                  1           0  0.10s           2025-01-03T23:00:57
/home/daniel/Documents/Alura/python_apache_airflow_pipeline/venv/lib/python3.9/site-packages/airflow/example_dags/example_branch_datetime_operator.py                                  1           0  0.10s           2025-01-03T23:01:14
/home/daniel/Documents/Alura/python_apache_airflow_pipeline/venv/lib/python3.9/site-packages/airflow/example_dags/example_time_delta_sensor_async.py                                   1           0  0.21s           2025-01-03T23:00:58
/home/daniel/Documents/Alura/python_apache_airflow_pipeline/venv/lib/python3.9/site-packages/airflow/example_dags/example_python_operator.py                                           1           0  0.10s           2025-01-03T23:01:15
/home/daniel/Documents/Alura/python_apache_airflow_pipeline/venv/lib/python3.9/site-packages/airflow/example_dags/example_task_group_decorator.py                                      1           0  0.10s           2025-01-03T23:01:01
/home/daniel/Documents/Alura/python_apache_airflow_pipeline/venv/lib/python3.9/site-packages/airflow/example_dags/example_branch_labels.py                                             1           0  0.10s           2025-01-03T23:00:43
/home/daniel/Documents/Alura/python_apache_airflow_pipeline/venv/lib/python3.9/site-packages/airflow/example_dags/example_sla_dag.py                                                   1           0  0.10s           2025-01-03T23:01:02
/home/daniel/Documents/Alura/python_apache_airflow_pipeline/venv/lib/python3.9/site-packages/airflow/example_dags/tutorial_taskflow_api_etl.py                                         1           0  0.10s           2025-01-03T23:01:03
/home/daniel/Documents/Alura/python_apache_airflow_pipeline/venv/lib/python3.9/site-packages/airflow/example_dags/example_trigger_controller_dag.py                                    1           0  0.10s           2025-01-03T23:01:04
/home/daniel/Documents/Alura/python_apache_airflow_pipeline/venv/lib/python3.9/site-packages/airflow/example_dags/example_dag_decorator.py                                             1           0  0.21s           2025-01-03T23:00:45
/home/daniel/Documents/Alura/python_apache_airflow_pipeline/venv/lib/python3.9/site-packages/airflow/example_dags/example_nested_branch_dag.py                                         1           0  0.10s           2025-01-03T23:00:46
/home/daniel/Documents/Alura/python_apache_airflow_pipeline/venv/lib/python3.9/site-packages/airflow/example_dags/tutorial.py                                                          1           0  0.10s           2025-01-03T23:01:05
/home/daniel/Documents/Alura/python_apache_airflow_pipeline/venv/lib/python3.9/site-packages/airflow/example_dags/example_latest_only_with_trigger.py                                  1           0  0.10s           2025-01-03T23:00:46
/home/daniel/Documents/Alura/python_apache_airflow_pipeline/venv/lib/python3.9/site-packages/airflow/example_dags/example_branch_day_of_week_operator.py                               1           0  0.10s           2025-01-03T23:00:46
/home/daniel/Documents/Alura/python_apache_airflow_pipeline/venv/lib/python3.9/site-packages/airflow/example_dags/example_latest_only.py                                               1           0  0.10s           2025-01-03T23:00:47
/home/daniel/Documents/Alura/python_apache_airflow_pipeline/venv/lib/python3.9/site-packages/airflow/example_dags/example_branch_operator_decorator.py                                 1           0  0.10s           2025-01-03T23:00:52
/home/daniel/Documents/Alura/python_apache_airflow_pipeline/venv/lib/python3.9/site-packages/airflow/example_dags/example_complex.py                                                   1           0  0.10s           2025-01-03T23:00:53
/home/daniel/Documents/Alura/python_apache_airflow_pipeline/venv/lib/python3.9/site-packages/airflow/example_dags/example_bash_operator.py                                             1           0  0.10s           2025-01-03T23:00:54
/home/daniel/Documents/Alura/python_apache_airflow_pipeline/venv/lib/python3.9/site-packages/airflow/example_dags/example_xcom.py                                                      1           0  0.20s           2025-01-03T23:01:07
/home/daniel/Documents/Alura/python_apache_airflow_pipeline/venv/lib/python3.9/site-packages/airflow/example_dags/example_external_task_marker_dag.py                                  2           0  0.10s           2025-01-03T23:01:16
/home/daniel/Documents/Alura/python_apache_airflow_pipeline/venv/lib/python3.9/site-packages/airflow/example_dags/example_xcomargs.py                                                  2           0  0.10s           2025-01-03T23:01:06
/home/daniel/Documents/Alura/python_apache_airflow_pipeline/venv/lib/python3.9/site-packages/airflow/example_dags/example_subdag_operator.py                                           3           0  0.10s           2025-01-03T23:00:59
================================================================================
[2025-01-03 20:01:47,223] {manager.py:809} INFO - 
================================================================================
DAG File Processing Stats

File Path                                                                                                                                                     PID    Runtime      # DAGs    # Errors  Last Runtime    Last Run
------------------------------------------------------------------------------------------------------------------------------------------------------------  -----  ---------  --------  ----------  --------------  -------------------
/home/daniel/Documents/Alura/python_apache_airflow_pipeline/venv/lib/python3.9/site-packages/airflow/example_dags/tutorial_taskflow_api_etl_virtualenv.py                              0           0  0.11s           2025-01-03T23:01:34
/home/daniel/Documents/Alura/python_apache_airflow_pipeline/venv/lib/python3.9/site-packages/airflow/example_dags/example_kubernetes_executor.py                                       0           0  0.10s           2025-01-03T23:01:23
/home/daniel/Documents/Alura/python_apache_airflow_pipeline/venv/lib/python3.9/site-packages/airflow/example_dags/example_local_kubernetes_executor.py                                 0           0  0.10s           2025-01-03T23:01:25
/home/daniel/Documents/Alura/python_apache_airflow_pipeline/venv/lib/python3.9/site-packages/airflow/example_dags/plugins/workday.py                                                   0           0  0.11s           2025-01-03T23:01:43
/home/daniel/Documents/Alura/python_apache_airflow_pipeline/venv/lib/python3.9/site-packages/airflow/example_dags/subdags/subdag.py                                                    0           0  0.11s           2025-01-03T23:01:44
/home/daniel/Documents/Alura/python_apache_airflow_pipeline/venv/lib/python3.9/site-packages/airflow/example_dags/example_short_circuit_operator.py                                    1           0  0.20s           2025-01-03T23:01:45
/home/daniel/Documents/Alura/python_apache_airflow_pipeline/venv/lib/python3.9/site-packages/airflow/example_dags/example_task_group.py                                                1           0  0.10s           2025-01-03T23:01:22
/home/daniel/Documents/Alura/python_apache_airflow_pipeline/venv/lib/python3.9/site-packages/airflow/example_dags/example_skip_dag.py                                                  1           0  0.31s           2025-01-03T23:01:26
/home/daniel/Documents/Alura/python_apache_airflow_pipeline/venv/lib/python3.9/site-packages/airflow/example_dags/example_passing_params_via_test_command.py                           1           0  0.31s           2025-01-03T23:01:46
/home/daniel/Documents/Alura/python_apache_airflow_pipeline/venv/lib/python3.9/site-packages/airflow/example_dags/example_branch_python_dop_operator_3.py                              1           0  0.21s           2025-01-03T23:01:47
/home/daniel/Documents/Alura/python_apache_airflow_pipeline/venv/lib/python3.9/site-packages/airflow/example_dags/example_branch_operator.py                                           1           0  0.10s           2025-01-03T23:01:13
/home/daniel/Documents/Alura/python_apache_airflow_pipeline/venv/lib/python3.9/site-packages/airflow/example_dags/example_trigger_target_dag.py                                        1           0  0.32s           2025-01-03T23:01:30
/home/daniel/Documents/Alura/python_apache_airflow_pipeline/venv/lib/python3.9/site-packages/airflow/example_dags/tutorial_etl_dag.py                                                  1           0  0.23s           2025-01-03T23:01:31
/home/daniel/Documents/Alura/python_apache_airflow_pipeline/venv/lib/python3.9/site-packages/airflow/example_dags/example_branch_datetime_operator.py                                  1           0  0.10s           2025-01-03T23:01:14
/home/daniel/Documents/Alura/python_apache_airflow_pipeline/venv/lib/python3.9/site-packages/airflow/example_dags/example_time_delta_sensor_async.py                                   1           0  0.10s           2025-01-03T23:01:33
/home/daniel/Documents/Alura/python_apache_airflow_pipeline/venv/lib/python3.9/site-packages/airflow/example_dags/example_python_operator.py                                           1           0  0.10s           2025-01-03T23:01:15
/home/daniel/Documents/Alura/python_apache_airflow_pipeline/venv/lib/python3.9/site-packages/airflow/example_dags/example_task_group_decorator.py                                      1           0  0.11s           2025-01-03T23:01:35
/home/daniel/Documents/Alura/python_apache_airflow_pipeline/venv/lib/python3.9/site-packages/airflow/example_dags/example_branch_labels.py                                             1           0  0.10s           2025-01-03T23:01:17
/home/daniel/Documents/Alura/python_apache_airflow_pipeline/venv/lib/python3.9/site-packages/airflow/example_dags/example_sla_dag.py                                                   1           0  0.10s           2025-01-03T23:01:36
/home/daniel/Documents/Alura/python_apache_airflow_pipeline/venv/lib/python3.9/site-packages/airflow/example_dags/tutorial_taskflow_api_etl.py                                         1           0  0.11s           2025-01-03T23:01:37
/home/daniel/Documents/Alura/python_apache_airflow_pipeline/venv/lib/python3.9/site-packages/airflow/example_dags/example_trigger_controller_dag.py                                    1           0  0.11s           2025-01-03T23:01:38
/home/daniel/Documents/Alura/python_apache_airflow_pipeline/venv/lib/python3.9/site-packages/airflow/example_dags/example_dag_decorator.py                                             1           0  0.10s           2025-01-03T23:01:18
/home/daniel/Documents/Alura/python_apache_airflow_pipeline/venv/lib/python3.9/site-packages/airflow/example_dags/example_nested_branch_dag.py                                         1           0  0.10s           2025-01-03T23:01:18
/home/daniel/Documents/Alura/python_apache_airflow_pipeline/venv/lib/python3.9/site-packages/airflow/example_dags/tutorial.py                                                          1           0  0.31s           2025-01-03T23:01:39
/home/daniel/Documents/Alura/python_apache_airflow_pipeline/venv/lib/python3.9/site-packages/airflow/example_dags/example_latest_only_with_trigger.py                                  1           0  0.10s           2025-01-03T23:01:19
/home/daniel/Documents/Alura/python_apache_airflow_pipeline/venv/lib/python3.9/site-packages/airflow/example_dags/example_branch_day_of_week_operator.py                               1           0  0.10s           2025-01-03T23:01:21
/home/daniel/Documents/Alura/python_apache_airflow_pipeline/venv/lib/python3.9/site-packages/airflow/example_dags/example_latest_only.py                                               1           0  0.10s           2025-01-03T23:01:23
/home/daniel/Documents/Alura/python_apache_airflow_pipeline/venv/lib/python3.9/site-packages/airflow/example_dags/example_branch_operator_decorator.py                                 1           0  0.21s           2025-01-03T23:01:27
/home/daniel/Documents/Alura/python_apache_airflow_pipeline/venv/lib/python3.9/site-packages/airflow/example_dags/example_complex.py                                                   1           0  0.20s           2025-01-03T23:01:28
/home/daniel/Documents/Alura/python_apache_airflow_pipeline/venv/lib/python3.9/site-packages/airflow/example_dags/example_bash_operator.py                                             1           0  0.41s           2025-01-03T23:01:29
/home/daniel/Documents/Alura/python_apache_airflow_pipeline/venv/lib/python3.9/site-packages/airflow/example_dags/example_xcom.py                                                      1           0  0.21s           2025-01-03T23:01:42
/home/daniel/Documents/Alura/python_apache_airflow_pipeline/venv/lib/python3.9/site-packages/airflow/example_dags/example_external_task_marker_dag.py                                  2           0  0.10s           2025-01-03T23:01:16
/home/daniel/Documents/Alura/python_apache_airflow_pipeline/venv/lib/python3.9/site-packages/airflow/example_dags/example_xcomargs.py                                                  2           0  0.41s           2025-01-03T23:01:41
/home/daniel/Documents/Alura/python_apache_airflow_pipeline/venv/lib/python3.9/site-packages/airflow/example_dags/example_subdag_operator.py                                           3           0  0.10s           2025-01-03T23:01:34
================================================================================
