[2025-01-05 10:32:58,552] {taskinstance.py:1159} INFO - Dependencies all met for <TaskInstance: weather_data.cria_pasta scheduled__2024-12-16T00:00:00+00:00 [queued]>
[2025-01-05 10:32:58,557] {taskinstance.py:1159} INFO - Dependencies all met for <TaskInstance: weather_data.cria_pasta scheduled__2024-12-16T00:00:00+00:00 [queued]>
[2025-01-05 10:32:58,557] {taskinstance.py:1356} INFO - 
--------------------------------------------------------------------------------
[2025-01-05 10:32:58,557] {taskinstance.py:1357} INFO - Starting attempt 1 of 1
[2025-01-05 10:32:58,557] {taskinstance.py:1358} INFO - 
--------------------------------------------------------------------------------
[2025-01-05 10:32:58,568] {taskinstance.py:1377} INFO - Executing <Task(BashOperator): cria_pasta> on 2024-12-16 00:00:00+00:00
[2025-01-05 10:32:58,573] {standard_task_runner.py:52} INFO - Started process 16554 to run task
[2025-01-05 10:32:58,577] {standard_task_runner.py:79} INFO - Running: ['airflow', 'tasks', 'run', 'weather_data', 'cria_pasta', 'scheduled__2024-12-16T00:00:00+00:00', '--job-id', '48', '--raw', '--subdir', 'DAGS_FOLDER/weather_data.py', '--cfg-path', '/tmp/tmp_hmkjbie', '--error-file', '/tmp/tmp9mk4obng']
[2025-01-05 10:32:58,579] {standard_task_runner.py:80} INFO - Job 48: Subtask cria_pasta
[2025-01-05 10:32:58,635] {task_command.py:370} INFO - Running <TaskInstance: weather_data.cria_pasta scheduled__2024-12-16T00:00:00+00:00 [running]> on host daniel-virtual-machine
[2025-01-05 10:32:58,683] {taskinstance.py:1569} INFO - Exporting the following env vars:
AIRFLOW_CTX_DAG_OWNER=airflow
AIRFLOW_CTX_DAG_ID=weather_data
AIRFLOW_CTX_TASK_ID=cria_pasta
AIRFLOW_CTX_EXECUTION_DATE=2024-12-16T00:00:00+00:00
AIRFLOW_CTX_TRY_NUMBER=1
AIRFLOW_CTX_DAG_RUN_ID=scheduled__2024-12-16T00:00:00+00:00
[2025-01-05 10:32:58,684] {subprocess.py:62} INFO - Tmp dir root location: 
 /tmp
[2025-01-05 10:32:58,684] {subprocess.py:74} INFO - Running command: ['bash', '-c', 'mkdir -p "/home/daniel/Documents/Alura/python_apache_airflow_pipeline/week=2024-12-23"']
[2025-01-05 10:32:58,690] {subprocess.py:85} INFO - Output:
[2025-01-05 10:32:58,696] {subprocess.py:96} INFO - Command exited with return code 0
[2025-01-05 10:32:58,717] {taskinstance.py:1395} INFO - Marking task as SUCCESS. dag_id=weather_data, task_id=cria_pasta, execution_date=20241216T000000, start_date=20250105T133258, end_date=20250105T133258
[2025-01-05 10:32:58,749] {local_task_job.py:156} INFO - Task exited with return code 0
[2025-01-05 10:32:58,772] {local_task_job.py:273} INFO - 1 downstream tasks scheduled from follow-on schedule check
[2025-01-05 10:57:46,362] {taskinstance.py:1159} INFO - Dependencies all met for <TaskInstance: weather_data.cria_pasta scheduled__2024-12-16T00:00:00+00:00 [queued]>
[2025-01-05 10:57:46,375] {taskinstance.py:1159} INFO - Dependencies all met for <TaskInstance: weather_data.cria_pasta scheduled__2024-12-16T00:00:00+00:00 [queued]>
[2025-01-05 10:57:46,375] {taskinstance.py:1356} INFO - 
--------------------------------------------------------------------------------
[2025-01-05 10:57:46,375] {taskinstance.py:1357} INFO - Starting attempt 1 of 1
[2025-01-05 10:57:46,375] {taskinstance.py:1358} INFO - 
--------------------------------------------------------------------------------
[2025-01-05 10:57:46,390] {taskinstance.py:1377} INFO - Executing <Task(BashOperator): cria_pasta> on 2024-12-16 00:00:00+00:00
[2025-01-05 10:57:46,395] {standard_task_runner.py:52} INFO - Started process 4432 to run task
[2025-01-05 10:57:46,403] {standard_task_runner.py:79} INFO - Running: ['airflow', 'tasks', 'run', 'weather_data', 'cria_pasta', 'scheduled__2024-12-16T00:00:00+00:00', '--job-id', '58', '--raw', '--subdir', 'DAGS_FOLDER/weather_data.py', '--cfg-path', '/tmp/tmpo_f1pgmr', '--error-file', '/tmp/tmpy3kwfeks']
[2025-01-05 10:57:46,404] {standard_task_runner.py:80} INFO - Job 58: Subtask cria_pasta
[2025-01-05 10:57:46,511] {task_command.py:370} INFO - Running <TaskInstance: weather_data.cria_pasta scheduled__2024-12-16T00:00:00+00:00 [running]> on host daniel-virtual-machine
[2025-01-05 10:57:46,601] {taskinstance.py:1569} INFO - Exporting the following env vars:
AIRFLOW_CTX_DAG_OWNER=airflow
AIRFLOW_CTX_DAG_ID=weather_data
AIRFLOW_CTX_TASK_ID=cria_pasta
AIRFLOW_CTX_EXECUTION_DATE=2024-12-16T00:00:00+00:00
AIRFLOW_CTX_TRY_NUMBER=1
AIRFLOW_CTX_DAG_RUN_ID=scheduled__2024-12-16T00:00:00+00:00
[2025-01-05 10:57:46,604] {subprocess.py:62} INFO - Tmp dir root location: 
 /tmp
[2025-01-05 10:57:46,607] {subprocess.py:74} INFO - Running command: ['bash', '-c', 'mkdir -p "/home/daniel/Documents/Alura/python_apache_airflow_pipeline/week=2024-12-23"']
[2025-01-05 10:57:46,619] {subprocess.py:85} INFO - Output:
[2025-01-05 10:57:46,627] {subprocess.py:96} INFO - Command exited with return code 0
[2025-01-05 10:57:46,656] {taskinstance.py:1395} INFO - Marking task as SUCCESS. dag_id=weather_data, task_id=cria_pasta, execution_date=20241216T000000, start_date=20250105T135746, end_date=20250105T135746
[2025-01-05 10:57:46,706] {local_task_job.py:156} INFO - Task exited with return code 0
[2025-01-05 10:57:46,738] {local_task_job.py:273} INFO - 1 downstream tasks scheduled from follow-on schedule check
