[2025-01-04 14:05:32,749] {taskinstance.py:1159} INFO - Dependencies all met for <TaskInstance: my_first_dag.cria_pasta scheduled__2025-01-03T00:00:00+00:00 [queued]>
[2025-01-04 14:05:32,760] {taskinstance.py:1159} INFO - Dependencies all met for <TaskInstance: my_first_dag.cria_pasta scheduled__2025-01-03T00:00:00+00:00 [queued]>
[2025-01-04 14:05:32,761] {taskinstance.py:1356} INFO - 
--------------------------------------------------------------------------------
[2025-01-04 14:05:32,761] {taskinstance.py:1357} INFO - Starting attempt 1 of 1
[2025-01-04 14:05:32,761] {taskinstance.py:1358} INFO - 
--------------------------------------------------------------------------------
[2025-01-04 14:05:32,780] {taskinstance.py:1377} INFO - Executing <Task(BashOperator): cria_pasta> on 2025-01-03 00:00:00+00:00
[2025-01-04 14:05:32,783] {standard_task_runner.py:52} INFO - Started process 14183 to run task
[2025-01-04 14:05:32,789] {standard_task_runner.py:79} INFO - Running: ['airflow', 'tasks', 'run', 'my_first_dag', 'cria_pasta', 'scheduled__2025-01-03T00:00:00+00:00', '--job-id', '28', '--raw', '--subdir', 'DAGS_FOLDER/my_first_dag.py', '--cfg-path', '/tmp/tmpiijn55i7', '--error-file', '/tmp/tmpeqj245cn']
[2025-01-04 14:05:32,791] {standard_task_runner.py:80} INFO - Job 28: Subtask cria_pasta
[2025-01-04 14:05:32,843] {task_command.py:370} INFO - Running <TaskInstance: my_first_dag.cria_pasta scheduled__2025-01-03T00:00:00+00:00 [running]> on host daniel-virtual-machine
[2025-01-04 14:05:32,907] {taskinstance.py:1569} INFO - Exporting the following env vars:
AIRFLOW_CTX_DAG_OWNER=airflow
AIRFLOW_CTX_DAG_ID=my_first_dag
AIRFLOW_CTX_TASK_ID=cria_pasta
AIRFLOW_CTX_EXECUTION_DATE=2025-01-03T00:00:00+00:00
AIRFLOW_CTX_TRY_NUMBER=1
AIRFLOW_CTX_DAG_RUN_ID=scheduled__2025-01-03T00:00:00+00:00
[2025-01-04 14:05:32,908] {subprocess.py:62} INFO - Tmp dir root location: 
 /tmp
[2025-01-04 14:05:32,909] {subprocess.py:74} INFO - Running command: ['bash', '-c', 'mkdir -p "/home/daniel/Documents/Alura/python_apache_airflow_pipeline/pasta=2025-01-04T00:00:00+00:00"']
[2025-01-04 14:05:32,917] {subprocess.py:85} INFO - Output:
[2025-01-04 14:05:32,924] {subprocess.py:96} INFO - Command exited with return code 0
[2025-01-04 14:05:32,960] {taskinstance.py:1395} INFO - Marking task as SUCCESS. dag_id=my_first_dag, task_id=cria_pasta, execution_date=20250103T000000, start_date=20250104T170532, end_date=20250104T170532
[2025-01-04 14:05:33,005] {local_task_job.py:156} INFO - Task exited with return code 0
[2025-01-04 14:05:33,032] {local_task_job.py:273} INFO - 0 downstream tasks scheduled from follow-on schedule check
