[2025-01-05 09:08:58,102] {taskinstance.py:1159} INFO - Dependencies all met for <TaskInstance: my_first_dag.cria_pasta scheduled__2025-01-04T00:00:00+00:00 [queued]>
[2025-01-05 09:08:58,109] {taskinstance.py:1159} INFO - Dependencies all met for <TaskInstance: my_first_dag.cria_pasta scheduled__2025-01-04T00:00:00+00:00 [queued]>
[2025-01-05 09:08:58,109] {taskinstance.py:1356} INFO - 
--------------------------------------------------------------------------------
[2025-01-05 09:08:58,109] {taskinstance.py:1357} INFO - Starting attempt 1 of 1
[2025-01-05 09:08:58,110] {taskinstance.py:1358} INFO - 
--------------------------------------------------------------------------------
[2025-01-05 09:08:58,129] {taskinstance.py:1377} INFO - Executing <Task(BashOperator): cria_pasta> on 2025-01-04 00:00:00+00:00
[2025-01-05 09:08:58,133] {standard_task_runner.py:52} INFO - Started process 17326 to run task
[2025-01-05 09:08:58,139] {standard_task_runner.py:79} INFO - Running: ['airflow', 'tasks', 'run', 'my_first_dag', 'cria_pasta', 'scheduled__2025-01-04T00:00:00+00:00', '--job-id', '30', '--raw', '--subdir', 'DAGS_FOLDER/my_first_dag.py', '--cfg-path', '/tmp/tmp7qhmu1sg', '--error-file', '/tmp/tmpw9j6f9he']
[2025-01-05 09:08:58,140] {standard_task_runner.py:80} INFO - Job 30: Subtask cria_pasta
[2025-01-05 09:08:58,249] {task_command.py:370} INFO - Running <TaskInstance: my_first_dag.cria_pasta scheduled__2025-01-04T00:00:00+00:00 [running]> on host daniel-virtual-machine
[2025-01-05 09:08:58,371] {taskinstance.py:1569} INFO - Exporting the following env vars:
AIRFLOW_CTX_DAG_OWNER=airflow
AIRFLOW_CTX_DAG_ID=my_first_dag
AIRFLOW_CTX_TASK_ID=cria_pasta
AIRFLOW_CTX_EXECUTION_DATE=2025-01-04T00:00:00+00:00
AIRFLOW_CTX_TRY_NUMBER=1
AIRFLOW_CTX_DAG_RUN_ID=scheduled__2025-01-04T00:00:00+00:00
[2025-01-05 09:08:58,379] {subprocess.py:62} INFO - Tmp dir root location: 
 /tmp
[2025-01-05 09:08:58,381] {subprocess.py:74} INFO - Running command: ['bash', '-c', 'mkdir -p "/home/daniel/Documents/Alura/python_apache_airflow_pipeline/pasta=2025-01-05T00:00:00+00:00"']
[2025-01-05 09:08:58,408] {subprocess.py:85} INFO - Output:
[2025-01-05 09:08:58,431] {subprocess.py:96} INFO - Command exited with return code 0
[2025-01-05 09:08:58,482] {taskinstance.py:1395} INFO - Marking task as SUCCESS. dag_id=my_first_dag, task_id=cria_pasta, execution_date=20250104T000000, start_date=20250105T120858, end_date=20250105T120858
[2025-01-05 09:08:58,517] {local_task_job.py:156} INFO - Task exited with return code 0
[2025-01-05 09:08:58,569] {local_task_job.py:273} INFO - 0 downstream tasks scheduled from follow-on schedule check
